commit faca79fc332f62b339aee5bd994b00e52d9ac051
Merge: af0a433 7461e45
Author: bors <bors@rust-lang.org>
Date:   Mon May 9 10:57:35 2016 -0700

    Auto merge of #33457 - oli-obk:const_err/cast_u8_ptr, r=eddyb
    
    casting `&[u8]` to `* const u8` doesn't work in const_eval
    
    fixes #33452
    
    r? @eddyb
    
    cc @Ms2ger
rustc: ./helloworld
/root/rust/x86_64-unknown-linux-gnu/stage2/bin/rustc hello.rs -Ztime-passes -Zinput-stats
time: 0.000; rss: 44MB	parsing
Lines of code:             3
Pre-expansion node count:  8
time: 0.000; rss: 44MB	configuration 1
time: 0.000; rss: 44MB	recursion limit
time: 0.000; rss: 44MB	crate injection
time: 0.003; rss: 50MB	macro loading
time: 0.000; rss: 50MB	plugin loading
time: 0.000; rss: 50MB	plugin registration
time: 0.001; rss: 50MB	expansion
time: 0.000; rss: 50MB	configuration 2
time: 0.000; rss: 50MB	gated configuration checking
time: 0.000; rss: 50MB	maybe building test harness
time: 0.000; rss: 50MB	prelude injection
time: 0.000; rss: 50MB	checking that all macro invocations are gone
time: 0.000; rss: 50MB	checking for inline asm in case the target doesn't support it
time: 0.000; rss: 50MB	complete gated feature checking
Post-expansion node count: 68
time: 0.000; rss: 50MB	assigning node ids
time: 0.000; rss: 50MB	collecting defs
time: 0.001; rss: 50MB	external crate/lib resolution
time: 0.000; rss: 50MB	lowering ast -> hir
time: 0.000; rss: 50MB	indexing hir
time: 0.000; rss: 50MB	attribute checking
time: 0.000; rss: 50MB	early lint checks
time: 0.000; rss: 54MB	language item collection
time: 0.001; rss: 59MB	name resolution
time: 0.000; rss: 59MB	lifetime resolution
time: 0.000; rss: 59MB	looking for entry point
time: 0.000; rss: 59MB	looking for plugin registrar
time: 0.000; rss: 59MB	region resolution
time: 0.000; rss: 59MB	loop checking
time: 0.000; rss: 59MB	static item recursion checking
time: 0.000; rss: 59MB	load_dep_graph
time: 0.000; rss: 59MB	type collecting
time: 0.000; rss: 59MB	variance inference
time: 0.005; rss: 67MB	coherence checking
time: 0.000; rss: 67MB	wf checking
time: 0.000; rss: 67MB	item-types checking
time: 0.000; rss: 67MB	item-bodies checking
time: 0.000; rss: 67MB	drop-impl checking
time: 0.000; rss: 67MB	const checking
time: 0.000; rss: 67MB	privacy checking
time: 0.000; rss: 67MB	stability index
time: 0.000; rss: 67MB	intrinsic checking
time: 0.000; rss: 67MB	effect checking
time: 0.000; rss: 67MB	match checking
time: 0.000; rss: 67MB	liveness checking
time: 0.000; rss: 67MB	rvalue checking
time: 0.000; rss: 67MB	MIR dump
time: 0.000; rss: 67MB	MIR passes
time: 0.000; rss: 67MB	borrow checking
time: 0.000; rss: 67MB	reachability checking
time: 0.000; rss: 67MB	death checking
time: 0.000; rss: 67MB	stability checking
time: 0.000; rss: 67MB	unused lib feature checking
time: 0.000; rss: 67MB	lint checking
time: 0.001; rss: 67MB	resolving dependency formats
time: 0.000; rss: 67MB	Prepare MIR codegen passes
  time: 0.000; rss: 73MB	translation item collection
  time: 0.000; rss: 73MB	codegen unit partitioning
  time: 0.000; rss: 82MB	write metadata
time: 0.006; rss: 82MB	translation
time: 0.000; rss: 82MB	assert dep graph
time: 0.000; rss: 82MB	serialize dep graph
  time: 0.000; rss: 82MB	llvm function passes [0]
  time: 0.000; rss: 82MB	llvm module passes [0]
  time: 0.001; rss: 86MB	codegen passes [0]
  time: 0.000; rss: 86MB	codegen passes [0]
time: 0.002; rss: 86MB	LLVM passes
  time: 0.105; rss: 86MB	running linker
time: 0.105; rss: 86MB	linking
done
