commit 7a187c39c79e21cd61d1688d449bdd52d7510281
Merge: 824000a 0cb5073
Author: bors <bors@rust-lang.org>
Date:   Wed Aug 31 09:38:36 2016 -0700

    Auto merge of #36166 - jonathandturner:rollup, r=jonathandturner
    
    Rollup of 16 pull requests
    
    - Successful merges: #35758, #35926, #36050, #36079, #36085, #36089, #36101, #36130, #36134, #36135, #36136, #36140, #36141, #36147, #36148, #36165
    - Failed merges:
rustc: ./helloworld
/root/rust/x86_64-unknown-linux-gnu/stage2/bin/rustc hello.rs -Ztime-passes -Zinput-stats
time: 0.000; rss: 42MB	parsing
Lines of code:             3
Pre-expansion node count:  8
time: 0.000; rss: 42MB	configuration
time: 0.000; rss: 42MB	recursion limit
time: 0.000; rss: 42MB	crate injection
time: 0.000; rss: 42MB	plugin loading
time: 0.000; rss: 42MB	plugin registration
time: 0.016; rss: 61MB	expansion
time: 0.000; rss: 61MB	maybe building test harness
time: 0.000; rss: 66MB	assigning node ids
Post-expansion node count: 68
time: 0.000; rss: 66MB	checking for inline asm in case the target doesn't support it
time: 0.000; rss: 66MB	complete gated feature checking
time: 0.000; rss: 66MB	collecting defs
time: 0.002; rss: 66MB	external crate/lib resolution
time: 0.000; rss: 66MB	early lint checks
time: 0.000; rss: 66MB	AST validation
time: 0.000; rss: 66MB	name resolution
time: 0.000; rss: 66MB	lowering ast -> hir
time: 0.000; rss: 66MB	indexing hir
time: 0.000; rss: 66MB	attribute checking
time: 0.000; rss: 66MB	language item collection
time: 0.000; rss: 66MB	lifetime resolution
time: 0.000; rss: 66MB	looking for entry point
time: 0.000; rss: 66MB	looking for plugin registrar
time: 0.000; rss: 66MB	region resolution
time: 0.000; rss: 66MB	loop checking
time: 0.000; rss: 66MB	static item recursion checking
time: 0.000; rss: 66MB	compute_incremental_hashes_map
time: 0.000; rss: 66MB	load_dep_graph
time: 0.000; rss: 66MB	type collecting
time: 0.000; rss: 66MB	variance inference
time: 0.004; rss: 66MB	coherence checking
time: 0.000; rss: 66MB	wf checking
time: 0.000; rss: 66MB	item-types checking
time: 0.000; rss: 66MB	item-bodies checking
time: 0.000; rss: 66MB	drop-impl checking
time: 0.000; rss: 66MB	const checking
time: 0.000; rss: 66MB	privacy checking
time: 0.000; rss: 66MB	stability index
time: 0.000; rss: 66MB	intrinsic checking
time: 0.000; rss: 66MB	effect checking
time: 0.000; rss: 70MB	match checking
time: 0.000; rss: 70MB	liveness checking
time: 0.000; rss: 70MB	rvalue checking
time: 0.000; rss: 70MB	MIR dump
time: 0.000; rss: 70MB	MIR passes
time: 0.000; rss: 70MB	borrow checking
time: 0.000; rss: 70MB	reachability checking
time: 0.000; rss: 70MB	death checking
time: 0.000; rss: 70MB	stability checking
time: 0.000; rss: 70MB	unused lib feature checking
time: 0.000; rss: 70MB	lint checking
time: 0.001; rss: 70MB	resolving dependency formats
time: 0.000; rss: 70MB	Prepare MIR codegen passes
  time: 0.000; rss: 73MB	write metadata
  time: 0.001; rss: 73MB	translation item collection
  time: 0.000; rss: 73MB	codegen unit partitioning
  time: 0.000; rss: 73MB	internalize symbols
time: 0.007; rss: 73MB	translation
time: 0.000; rss: 73MB	assert dep graph
time: 0.000; rss: 73MB	serialize dep graph
  time: 0.000; rss: 73MB	llvm function passes [0]
  time: 0.000; rss: 73MB	llvm module passes [0]
  time: 0.001; rss: 73MB	codegen passes [0]
  time: 0.000; rss: 73MB	codegen passes [0]
time: 0.002; rss: 73MB	LLVM passes
time: 0.000; rss: 73MB	serialize work products
  time: 0.106; rss: 77MB	running linker
time: 0.106; rss: 77MB	linking
done
