commit 3fc8304fd92720c688f3d6ac30b3a728d15f7a33
Merge: cae6ab1 bdacb63
Author: bors <bors@rust-lang.org>
Date:   Sat Nov 5 22:34:25 2016 -0700

    Auto merge of #37597 - alexcrichton:rollup, r=alexcrichton
    
    Rollup of 24 pull requests
    
    - Successful merges: #37255, #37317, #37408, #37410, #37422, #37427, #37470, #37501, #37537, #37556, #37557, #37564, #37565, #37566, #37569, #37574, #37577, #37579, #37583, #37585, #37586, #37587, #37589, #37596
    - Failed merges: #37521, #37547
rustc: ./helloworld
cargo rustc -- -Ztime-passes -Zinput-stats
   Compiling helloworld v0.1.0 (file:///root/benchmarks/helloworld)
time: 0.000; rss: 41MB	parsing
Lines of code:             3
Pre-expansion node count:  8
time: 0.000; rss: 41MB	recursion limit
time: 0.000; rss: 41MB	crate injection
time: 0.000; rss: 41MB	plugin loading
time: 0.000; rss: 41MB	plugin registration
time: 0.013; rss: 62MB	expansion
time: 0.000; rss: 62MB	maybe building test harness
time: 0.000; rss: 62MB	maybe creating a macro crate
Post-expansion node count: 68
time: 0.000; rss: 62MB	checking for inline asm in case the target doesn't support it
time: 0.000; rss: 62MB	complete gated feature checking
time: 0.000; rss: 62MB	early lint checks
time: 0.000; rss: 62MB	AST validation
time: 0.002; rss: 62MB	name resolution
time: 0.000; rss: 62MB	lowering ast -> hir
time: 0.000; rss: 67MB	indexing hir
time: 0.000; rss: 67MB	attribute checking
time: 0.000; rss: 67MB	language item collection
time: 0.000; rss: 67MB	lifetime resolution
time: 0.000; rss: 67MB	looking for entry point
time: 0.000; rss: 67MB	looking for plugin registrar
time: 0.000; rss: 67MB	region resolution
time: 0.000; rss: 67MB	loop checking
time: 0.000; rss: 67MB	static item recursion checking
time: 0.000; rss: 67MB	compute_incremental_hashes_map
time: 0.000; rss: 67MB	load_dep_graph
time: 0.000; rss: 67MB	type collecting
time: 0.000; rss: 67MB	variance inference
time: 0.004; rss: 71MB	coherence checking
time: 0.000; rss: 71MB	wf checking
time: 0.000; rss: 71MB	item-types checking
time: 0.000; rss: 71MB	item-bodies checking
time: 0.000; rss: 71MB	drop-impl checking
time: 0.000; rss: 71MB	const checking
time: 0.000; rss: 71MB	privacy checking
time: 0.000; rss: 71MB	stability index
time: 0.000; rss: 71MB	intrinsic checking
time: 0.000; rss: 71MB	effect checking
time: 0.000; rss: 71MB	match checking
time: 0.000; rss: 71MB	liveness checking
time: 0.000; rss: 71MB	rvalue checking
time: 0.000; rss: 71MB	MIR dump
  time: 0.000; rss: 71MB	SimplifyCfg
  time: 0.000; rss: 71MB	QualifyAndPromoteConstants
  time: 0.000; rss: 71MB	TypeckMir
  time: 0.000; rss: 71MB	SimplifyBranches
  time: 0.000; rss: 71MB	SimplifyCfg
time: 0.000; rss: 71MB	MIR cleanup and validation
time: 0.000; rss: 71MB	borrow checking
time: 0.000; rss: 71MB	reachability checking
time: 0.000; rss: 71MB	death checking
time: 0.000; rss: 71MB	stability checking
time: 0.000; rss: 71MB	unused lib feature checking
time: 0.000; rss: 71MB	lint checking
time: 0.001; rss: 71MB	resolving dependency formats
  time: 0.000; rss: 71MB	NoLandingPads
  time: 0.000; rss: 71MB	SimplifyCfg
  time: 0.000; rss: 71MB	EraseRegions
  time: 0.000; rss: 71MB	AddCallGuards
  time: 0.000; rss: 71MB	ElaborateDrops
  time: 0.000; rss: 71MB	NoLandingPads
  time: 0.000; rss: 71MB	SimplifyCfg
  time: 0.000; rss: 71MB	InstCombine
  time: 0.000; rss: 71MB	Deaggregator
  time: 0.000; rss: 71MB	CopyPropagation
  time: 0.000; rss: 71MB	SimplifyLocals
  time: 0.000; rss: 71MB	AddCallGuards
  time: 0.000; rss: 71MB	PreTrans
time: 0.000; rss: 71MB	MIR optimisations
  time: 0.000; rss: 71MB	write metadata
  time: 0.000; rss: 71MB	translation item collection
  time: 0.000; rss: 71MB	codegen unit partitioning
  time: 0.000; rss: 71MB	internalize symbols
time: 0.005; rss: 71MB	translation
time: 0.000; rss: 71MB	assert dep graph
time: 0.000; rss: 71MB	serialize dep graph
  time: 0.000; rss: 71MB	llvm function passes [0]
  time: 0.000; rss: 71MB	llvm module passes [0]
  time: 0.002; rss: 75MB	codegen passes [0]
  time: 0.000; rss: 75MB	codegen passes [0]
time: 0.003; rss: 75MB	LLVM passes
time: 0.000; rss: 75MB	serialize work products
  time: 0.070; rss: 75MB	running linker
time: 0.071; rss: 75MB	linking
done
