commit fa9a4213945d63d5505039429329694ddfe1875d
Merge: 99dc124 6f3e84d
Author: bors <bors@rust-lang.org>
Date:   Thu Oct 15 07:11:33 2015 +0000

    Auto merge of #28921 - petrochenkov:intconv, r=alexcrichton
    
    Part of https://github.com/rust-lang/rfcs/pull/1218#issuecomment-146615171
    
    r? @aturon
rustc: ./helloworld
/root/rust/x86_64-unknown-linux-gnu/stage2/bin/rustc -Ztime-passes hello.rs
time: 0.000; rss: 29MB	parsing
time: 0.000; rss: 29MB	configuration 1
time: 0.000; rss: 33MB	recursion limit
time: 0.000; rss: 33MB	gated macro checking
time: 0.000; rss: 33MB	crate injection
time: 0.002; rss: 35MB	macro loading
time: 0.000; rss: 35MB	plugin loading
time: 0.000; rss: 35MB	plugin registration
time: 0.001; rss: 35MB	expansion
time: 0.000; rss: 35MB	complete gated feature checking 1
time: 0.000; rss: 35MB	configuration 2
time: 0.000; rss: 35MB	gated configuration checking
time: 0.000; rss: 35MB	maybe building test harness
time: 0.000; rss: 35MB	prelude injection
time: 0.000; rss: 35MB	checking that all macro invocations are gone
time: 0.000; rss: 35MB	checking for inline asm in case the target doesn't support it
time: 0.000; rss: 35MB	complete gated feature checking 2
time: 0.000; rss: 35MB	assigning node ids
time: 0.000; rss: 35MB	lowering ast -> hir
time: 0.000; rss: 35MB	indexing hir
time: 0.000; rss: 35MB	attribute checking
time: 0.000; rss: 35MB	early lint checks
time: 0.001; rss: 38MB	external crate/lib resolution
time: 0.000; rss: 38MB	language item collection
time: 0.001; rss: 42MB	resolution
time: 0.000; rss: 42MB	lifetime resolution
time: 0.000; rss: 42MB	looking for entry point
time: 0.000; rss: 42MB	looking for plugin registrar
time: 0.000; rss: 42MB	region resolution
time: 0.000; rss: 42MB	loop checking
time: 0.000; rss: 42MB	static item recursion checking
time: 0.000; rss: 42MB	type collecting
time: 0.000; rss: 42MB	variance inference
time: 0.004; rss: 51MB	coherence checking
time: 0.000; rss: 51MB	wf checking (old)
time: 0.000; rss: 51MB	item-types checking
time: 0.000; rss: 51MB	item-bodies checking
time: 0.000; rss: 51MB	drop-impl checking
time: 0.000; rss: 51MB	wf checking (new)
time: 0.000; rss: 51MB	const checking
time: 0.000; rss: 51MB	privacy checking
time: 0.000; rss: 51MB	stability index
time: 0.000; rss: 51MB	intrinsic checking
time: 0.000; rss: 51MB	effect checking
time: 0.000; rss: 51MB	match checking
time: 0.000; rss: 51MB	MIR dump
time: 0.000; rss: 51MB	liveness checking
time: 0.000; rss: 51MB	borrow checking
time: 0.000; rss: 51MB	rvalue checking
time: 0.000; rss: 51MB	reachability checking
time: 0.000; rss: 51MB	death checking
time: 0.000; rss: 51MB	stability checking
time: 0.000; rss: 51MB	unused lib feature checking
time: 0.000; rss: 51MB	lint checking
time: 0.001; rss: 51MB	resolving dependency formats
time: 0.004; rss: 61MB	translation
  time: 0.000; rss: 63MB	llvm function passes
  time: 0.000; rss: 63MB	llvm module passes
  time: 0.001; rss: 65MB	codegen passes
  time: 0.000; rss: 65MB	codegen passes
time: 0.002; rss: 65MB	LLVM passes
  time: 0.084; rss: 72MB	running linker
time: 0.084; rss: 72MB	linking
done
