commit d5a777c17587aa5e0bfe4ae257cc9cb91a66280d
Merge: 6cdf31b 48c90a3
Author: bors <bors@rust-lang.org>
Date:   Fri Oct 16 03:10:30 2015 +0000

    Auto merge of #29080 - Havvy:remove_doc_style_changing, r=alexcrichton
    
    Fixes issue #29077.
    
    There **are** API changing guidelines in the RFCs, so it might be prudent to put those there. But I'm leaving that up to another person. This PR just removes bad documentation.
rustc: ./helloworld
/root/rust/x86_64-unknown-linux-gnu/stage2/bin/rustc -Ztime-passes hello.rs
time: 0.000; rss: 29MB	parsing
time: 0.000; rss: 29MB	configuration 1
time: 0.000; rss: 29MB	recursion limit
time: 0.000; rss: 33MB	gated macro checking
time: 0.000; rss: 33MB	crate injection
time: 0.002; rss: 35MB	macro loading
time: 0.000; rss: 35MB	plugin loading
time: 0.000; rss: 35MB	plugin registration
time: 0.001; rss: 35MB	expansion
time: 0.000; rss: 35MB	complete gated feature checking 1
time: 0.000; rss: 35MB	configuration 2
time: 0.000; rss: 35MB	gated configuration checking
time: 0.000; rss: 35MB	maybe building test harness
time: 0.000; rss: 35MB	prelude injection
time: 0.000; rss: 35MB	checking that all macro invocations are gone
time: 0.000; rss: 35MB	checking for inline asm in case the target doesn't support it
time: 0.000; rss: 35MB	complete gated feature checking 2
time: 0.000; rss: 35MB	assigning node ids
time: 0.000; rss: 35MB	lowering ast -> hir
time: 0.000; rss: 35MB	indexing hir
time: 0.000; rss: 35MB	attribute checking
time: 0.000; rss: 35MB	early lint checks
time: 0.001; rss: 38MB	external crate/lib resolution
time: 0.000; rss: 38MB	language item collection
time: 0.001; rss: 42MB	resolution
time: 0.000; rss: 42MB	lifetime resolution
time: 0.000; rss: 42MB	looking for entry point
time: 0.000; rss: 42MB	looking for plugin registrar
time: 0.000; rss: 42MB	region resolution
time: 0.000; rss: 42MB	loop checking
time: 0.000; rss: 42MB	static item recursion checking
time: 0.000; rss: 42MB	type collecting
time: 0.000; rss: 42MB	variance inference
time: 0.004; rss: 50MB	coherence checking
time: 0.000; rss: 50MB	wf checking (old)
time: 0.000; rss: 50MB	item-types checking
time: 0.000; rss: 50MB	item-bodies checking
time: 0.000; rss: 50MB	drop-impl checking
time: 0.000; rss: 50MB	wf checking (new)
time: 0.000; rss: 50MB	const checking
time: 0.000; rss: 50MB	privacy checking
time: 0.000; rss: 50MB	stability index
time: 0.000; rss: 50MB	intrinsic checking
time: 0.000; rss: 50MB	effect checking
time: 0.000; rss: 50MB	match checking
time: 0.000; rss: 50MB	MIR dump
time: 0.000; rss: 50MB	liveness checking
time: 0.000; rss: 50MB	borrow checking
time: 0.000; rss: 50MB	rvalue checking
time: 0.000; rss: 50MB	reachability checking
time: 0.000; rss: 50MB	death checking
time: 0.000; rss: 50MB	stability checking
time: 0.000; rss: 50MB	unused lib feature checking
time: 0.000; rss: 50MB	lint checking
time: 0.001; rss: 50MB	resolving dependency formats
time: 0.004; rss: 61MB	translation
  time: 0.000; rss: 63MB	llvm function passes
  time: 0.000; rss: 63MB	llvm module passes
  time: 0.001; rss: 65MB	codegen passes
  time: 0.000; rss: 65MB	codegen passes
time: 0.002; rss: 65MB	LLVM passes
  time: 0.083; rss: 72MB	running linker
time: 0.084; rss: 72MB	linking
done
