commit a7c3a294bf33880d27fc7c3f662a981b1625c0bb
Merge: 6fa61b8 1e7ec39
Author: bors <bors@rust-lang.org>
Date:   Sat Apr 16 11:51:13 2016 -0700

    Auto merge of #33019 - kamalmarhubi:binary_search_by_key, r=alexcrichton
    
    slice: Add tracking issue for slice_binary_search_by_key
rustc: ./html5ever-2015-05-15
cargo rustc -- -Ztime-passes -Zinput-stats
    Updating registry `https://github.com/rust-lang/crates.io-index`
    Updating git repository `https://github.com/reem/rust-mac`
    Updating git repository `https://github.com/servo/string-cache`
   Compiling void v1.0.1
   Compiling rustc-serialize v0.3.19
   Compiling winapi v0.2.6
   Compiling winapi-build v0.1.1
   Compiling mac v0.0.2 (https://github.com/reem/rust-mac#6316d3f4)
   Compiling lazy_static v0.1.16
   Compiling phf_shared v0.7.14
   Compiling num-traits v0.1.32
   Compiling libc v0.2.10
   Compiling log v0.3.6
   Compiling unreachable v0.1.1
   Compiling debug_unreachable v0.0.6
   Compiling kernel32-sys v0.2.2
   Compiling phf v0.7.14
   Compiling time v0.1.35
   Compiling rand v0.3.14
   Compiling num-integer v0.1.32
   Compiling num-iter v0.1.32
   Compiling num v0.1.32
   Compiling serde v0.6.15
   Compiling phf_generator v0.7.14
   Compiling string_cache_shared v0.1.12
   Compiling phf_macros v0.7.14
   Compiling string_cache v0.1.17
   Compiling html5ever_macros v0.0.0 (file:///root/benchmarks/html5ever-2015-05-15)
Build failed, waiting for other jobs to finish...
makefile:2: recipe for target 'all' failed
done
