commit 22ac88f1a47a82195a49fbff3cf24a2c395d7a81
Merge: 700279f 10f9f30
Author: bors <bors@rust-lang.org>
Date:   Wed May 11 16:34:54 2016 -0700

    Auto merge of #33562 - GuillaumeGomez:rollup, r=steveklabnik
    
    Rollup of 3 pull requests
    
    - Successful merges: #33401, #33489, #33558
    - Failed merges: #33342, #33475, #33517
rustc: ./html5ever-2015-05-15
cargo rustc -- -Ztime-passes -Zinput-stats
    Updating git repository `https://github.com/reem/rust-mac`
    Updating registry `https://github.com/rust-lang/crates.io-index`
    Updating git repository `https://github.com/servo/string-cache`
   Compiling lazy_static v0.1.16
   Compiling void v1.0.2
   Compiling num-traits v0.1.32
   Compiling phf_shared v0.7.14
   Compiling winapi-build v0.1.1
   Compiling log v0.3.6
   Compiling rustc-serialize v0.3.19
   Compiling mac v0.0.2 (https://github.com/reem/rust-mac#6316d3f4)
   Compiling winapi v0.2.7
   Compiling unreachable v0.1.1
   Compiling libc v0.2.11
   Compiling debug_unreachable v0.0.6
   Compiling kernel32-sys v0.2.2
   Compiling phf v0.7.14
   Compiling time v0.1.35
   Compiling rand v0.3.14
   Compiling num-integer v0.1.32
   Compiling num-iter v0.1.32
   Compiling num v0.1.32
   Compiling serde v0.6.15
   Compiling phf_generator v0.7.14
   Compiling string_cache_shared v0.1.12
   Compiling phf_macros v0.7.14
   Compiling string_cache v0.1.17
   Compiling html5ever_macros v0.0.0 (file:///root/benchmarks/html5ever-2015-05-15)
Build failed, waiting for other jobs to finish...
makefile:2: recipe for target 'all' failed
done
