commit 7caf54bc0f72c7a3b47c03ea501fc1808017f743
Merge: 9c2489b 21a0c40
Author: bors <bors@rust-lang.org>
Date:   Mon Nov 2 08:01:56 2015 +0000

    Auto merge of #29505 - rjbs:docs-where-type, r=steveklabnik
    
    I read this section a few times before even having a guess what
    was meant, then consulted IRC for confirmation.  It may be that I
    was thick-headed, but I think this is a useful addition.
rustc: ./html5ever-2015-05-15
cargo rustc -- -Ztime-passes
    Updating git repository `https://github.com/servo/string-cache`
    Updating registry `https://github.com/rust-lang/crates.io-index`
    Updating git repository `https://github.com/reem/rust-mac`
   Compiling mac v0.0.2
   Compiling phf_shared v0.7.6
   Compiling winapi-build v0.1.1
   Compiling mac v0.0.2 (https://github.com/reem/rust-mac#6316d3f4)
   Compiling void v0.0.5
   Compiling libc v0.1.12
   Compiling lazy_static v0.1.15
   Compiling rustc-serialize v0.3.16
   Compiling winapi v0.2.4
   Compiling unreachable v0.0.2
   Compiling debug_unreachable v0.0.6
   Compiling phf v0.7.6
   Compiling advapi32-sys v0.1.2
   Compiling kernel32-sys v0.1.4
   Compiling log v0.3.3
   Compiling rand v0.3.11
   Compiling time v0.1.33
   Compiling phf_generator v0.7.6
   Compiling phf_macros v0.7.6
   Compiling string_cache_shared v0.1.9 (https://github.com/servo/string-cache#e9f4c63e)
   Compiling string_cache v0.1.15 (https://github.com/servo/string-cache#e9f4c63e)
   Compiling string_cache_plugin v0.1.9 (https://github.com/servo/string-cache#e9f4c63e)
   Compiling num v0.1.27
   Compiling html5ever_macros v0.0.0 (file:///root/benchmarks/html5ever-2015-05-15)
Build failed, waiting for other jobs to finish...
makefile:2: recipe for target 'all' failed
done
