commit abb3a107e45b93ca5332ab11bfa6cc8d5a882fb4
Merge: a18e124 a3fdf32
Author: bors <bors@rust-lang.org>
Date:   Sun Mar 27 02:36:26 2016 -0700

    Auto merge of #32521 - Manishearth:paramitem, r=eddyb
    
    Doc fixes for ParameterEnvironment
    
    r? @eddyb
rustc: ./html5ever-2015-05-15
cargo rustc -- -Ztime-passes -Zinput-stats
    Updating registry `https://github.com/rust-lang/crates.io-index`
    Updating git repository `https://github.com/reem/rust-mac`
    Updating git repository `https://github.com/servo/string-cache`
   Compiling mac v0.0.2 (https://github.com/reem/rust-mac#6316d3f4)
   Compiling phf_shared v0.7.13
   Compiling lazy_static v0.1.15
   Compiling winapi-build v0.1.1
   Compiling winapi v0.2.6
   Compiling void v1.0.1
   Compiling libc v0.2.8
   Compiling num v0.1.31
   Compiling rustc-serialize v0.3.18
   Compiling unreachable v0.1.1
   Compiling debug_unreachable v0.0.6
   Compiling kernel32-sys v0.2.1
   Compiling phf v0.7.13
   Compiling time v0.1.34
   Compiling log v0.3.5
   Compiling rand v0.3.14
   Compiling phf_generator v0.7.13
   Compiling phf_macros v0.7.13
   Compiling string_cache_shared v0.1.12
   Compiling serde v0.6.15
   Compiling string_cache v0.1.17
   Compiling html5ever_macros v0.0.0 (file:///root/benchmarks/html5ever-2015-05-15)
Build failed, waiting for other jobs to finish...
makefile:2: recipe for target 'all' failed
done
