commit 5807fbbfde3ad04820f6fa0269711c81538057ec
Merge: aeb85a9 1a6092e
Author: bors <bors@rust-lang.org>
Date:   Fri Mar 11 09:26:47 2016 -0800

    Auto merge of #32134 - jseyfried:forbid_type_alias_as_module, r=nikomatsakis
    
    Forbid glob-importing from a type alias
    
    This PR forbids glob-importing from a type alias or trait (fixes #30560):
    ```rust
    type Alias = ();
    use Alias::*; // This is currently allowed but shouldn't be
    ```
    
    This is a [breaking-change]. Since the disallowed glob imports don't actually import anything, any breakage can be fixed by removing the offending glob import.
    
    r? @alexcrichton
rustc: ./html5ever-2015-05-15
cargo rustc -- -Ztime-passes -Zinput-stats
    Updating registry `https://github.com/rust-lang/crates.io-index`
    Updating git repository `https://github.com/reem/rust-mac`
    Updating git repository `https://github.com/servo/string-cache`
   Compiling lazy_static v0.1.15
   Compiling phf_shared v0.7.13
   Compiling libc v0.2.8
   Compiling mac v0.0.2 (https://github.com/reem/rust-mac#6316d3f4)
   Compiling winapi-build v0.1.1
   Compiling num v0.1.31
   Compiling rustc-serialize v0.3.18
   Compiling winapi v0.2.5
   Compiling void v1.0.1
   Compiling unreachable v0.1.1
   Compiling debug_unreachable v0.0.6
   Compiling phf v0.7.13
   Compiling kernel32-sys v0.2.1
   Compiling log v0.3.5
   Compiling time v0.1.34
   Compiling rand v0.3.14
   Compiling serde v0.6.15
   Compiling phf_generator v0.7.13
   Compiling phf_macros v0.7.13
   Compiling string_cache_shared v0.1.12
   Compiling string_cache v0.1.17
   Compiling html5ever_macros v0.0.0 (file:///root/benchmarks/html5ever-2015-05-15)
Build failed, waiting for other jobs to finish...
makefile:2: recipe for target 'all' failed
done
