commit d56677a1878e9542f05e6468e0883574963c234d
Merge: d300e4f edd5f33
Author: bors <bors@rust-lang.org>
Date:   Sat Feb 27 20:26:59 2016 +0000

    Auto merge of #31931 - Luke-Nukem:master, r=steveklabnik
    
     Refinement of paragraph referenced by [this issue](https://github.com/rust-lang/rust/issues/31927).
    
    The paragraph in question had been adjusted already, but I've made some further clarifications which should help with readability and not leave the reader any `dangling pointers`.
rustc: ./html5ever-2015-05-15
cargo rustc -- -Ztime-passes -Zinput-stats
    Updating registry `https://github.com/rust-lang/crates.io-index`
    Updating git repository `https://github.com/reem/rust-mac`
    Updating git repository `https://github.com/servo/string-cache`
   Compiling phf_shared v0.7.13
   Compiling winapi-build v0.1.1
   Compiling mac v0.0.2 (https://github.com/reem/rust-mac#6316d3f4)
   Compiling winapi v0.2.5
   Compiling lazy_static v0.1.15
   Compiling num v0.1.31
   Compiling rustc-serialize v0.3.18
   Compiling void v1.0.1
   Compiling libc v0.2.7
   Compiling unreachable v0.1.1
   Compiling debug_unreachable v0.0.6
   Compiling phf v0.7.13
   Compiling kernel32-sys v0.2.1
   Compiling time v0.1.34
   Compiling log v0.3.5
   Compiling rand v0.3.14
   Compiling phf_generator v0.7.13
   Compiling phf_macros v0.7.13
   Compiling string_cache_shared v0.1.12
   Compiling serde v0.6.15
   Compiling string_cache v0.1.17
   Compiling html5ever_macros v0.0.0 (file:///root/benchmarks/html5ever-2015-05-15)
Build failed, waiting for other jobs to finish...
makefile:2: recipe for target 'all' failed
done
