commit 277416edcd9932c68d05bc9a76c52b1297d6044d
Merge: 841e36e 5c99fb7
Author: bors <bors@rust-lang.org>
Date:   Tue Nov 17 23:55:53 2015 +0000

    Auto merge of #29900 - steveklabnik:rollup, r=steveklabnik
    
    - Successful merges: #29612, #29888, #29889, #29890, #29891, #29892
    - Failed merges:
rustc: ./html5ever-2015-05-15
cargo rustc -- -Ztime-passes
    Updating registry `https://github.com/rust-lang/crates.io-index`
    Updating git repository `https://github.com/reem/rust-mac`
    Updating git repository `https://github.com/servo/string-cache`
   Compiling libc v0.1.12
   Compiling mac v0.0.2 (https://github.com/reem/rust-mac#6316d3f4)
   Compiling winapi-build v0.1.1
   Compiling void v0.0.5
   Compiling phf_shared v0.7.7
   Compiling lazy_static v0.1.15
   Compiling libc v0.2.2
   Compiling winapi v0.2.5
   Compiling rustc-serialize v0.3.16
   Compiling unreachable v0.0.2
   Compiling debug_unreachable v0.0.6
   Compiling phf v0.7.7
   Compiling advapi32-sys v0.1.2
   Compiling kernel32-sys v0.2.1
   Compiling log v0.3.3
   Compiling time v0.1.34
   Compiling rand v0.3.12
   Compiling phf_generator v0.7.7
   Compiling phf_macros v0.7.7
   Compiling string_cache_shared v0.1.12
Build failed, waiting for other jobs to finish...
makefile:2: recipe for target 'all' failed
done
