commit 3e48b0e380319dc586a329baac640b9457feb87a
Merge: 9303055 51c35db
Author: bors <bors@rust-lang.org>
Date:   Thu Nov 19 02:51:15 2015 +0000

    Auto merge of #29917 - shssoichiro:doc-sidebar-order, r=alexcrichton
    
    A race condition in Javascript was causing unpredictable ordering
    of the sidebar boxes when loading documentation generated by
    rustdoc, due to the script that adds the Crates box being executed
    asynchronously. Disabling the asynchronous execution and deferring
    this script should ensure that the Crates box always appears last
    in the sidebox (this seemed to be the more common ordering prior
    to this change).
    
    Fixes #29698
rustc: ./html5ever-2015-05-15
cargo rustc -- -Ztime-passes
    Updating registry `https://github.com/rust-lang/crates.io-index`
    Updating git repository `https://github.com/reem/rust-mac`
    Updating git repository `https://github.com/servo/string-cache`
   Compiling winapi-build v0.1.1
   Compiling libc v0.1.12
   Compiling void v0.0.5
   Compiling rustc-serialize v0.3.16
   Compiling phf_shared v0.7.7
   Compiling mac v0.0.2 (https://github.com/reem/rust-mac#6316d3f4)
   Compiling winapi v0.2.5
   Compiling libc v0.2.2
   Compiling lazy_static v0.1.15
   Compiling unreachable v0.0.2
   Compiling phf v0.7.7
   Compiling debug_unreachable v0.0.6
   Compiling kernel32-sys v0.2.1
   Compiling advapi32-sys v0.1.2
   Compiling log v0.3.3
   Compiling rand v0.3.12
   Compiling time v0.1.34
   Compiling phf_generator v0.7.7
   Compiling string_cache_shared v0.1.12
   Compiling phf_macros v0.7.7
Build failed, waiting for other jobs to finish...
makefile:2: recipe for target 'all' failed
done
