commit bf79ffada63fd0ad4cb0f5a0366680d27cf78ad4
Merge: aad4e56 91cd93d
Author: bors <bors@rust-lang.org>
Date:   Sun Dec 6 01:40:20 2015 +0000

    Auto merge of #30212 - GuillaumeGomez:css_split, r=brson
    
    r? @brson
rustc: ./html5ever-2015-05-15
cargo rustc -- -Ztime-passes
    Updating git repository `https://github.com/reem/rust-mac`
    Updating registry `https://github.com/rust-lang/crates.io-index`
    Updating git repository `https://github.com/servo/string-cache`
   Compiling lazy_static v0.1.15
   Compiling winapi v0.2.5
   Compiling void v0.0.5
   Compiling libc v0.2.2
   Compiling mac v0.0.2 (https://github.com/reem/rust-mac#6316d3f4)
   Compiling phf_shared v0.7.9
   Compiling winapi-build v0.1.1
   Compiling rustc-serialize v0.3.16
   Compiling unreachable v0.0.2
   Compiling debug_unreachable v0.0.6
   Compiling phf v0.7.9
   Compiling kernel32-sys v0.2.1
   Compiling advapi32-sys v0.1.2
   Compiling rand v0.3.12
   Compiling time v0.1.34
   Compiling log v0.3.4
   Compiling phf_generator v0.7.9
   Compiling string_cache_shared v0.1.12
   Compiling phf_macros v0.7.9
   Compiling string_cache v0.1.17
   Compiling num v0.1.28
   Compiling html5ever_macros v0.0.0 (file:///root/benchmarks/html5ever-2015-05-15)
Build failed, waiting for other jobs to finish...
makefile:2: recipe for target 'all' failed
done
