commit 7a737d56e93b27fbeabae554168f454cdbb94842
Merge: 7ce4afb e03cea4
Author: bors <bors@rust-lang.org>
Date:   Mon Feb 15 17:33:09 2016 +0000

    Auto merge of #31663 - nodakai:cleanup-uint_module, r=alexcrichton
rustc: ./html5ever-2015-05-15
cargo rustc -- -Ztime-passes -Zinput-stats
    Updating registry `https://github.com/rust-lang/crates.io-index`
    Updating git repository `https://github.com/reem/rust-mac`
    Updating git repository `https://github.com/servo/string-cache`
   Compiling lazy_static v0.1.15
   Compiling winapi v0.2.5
   Compiling phf_shared v0.7.12
   Compiling void v0.0.5
   Compiling rustc-serialize v0.3.18
   Compiling winapi-build v0.1.1
   Compiling libc v0.2.7
   Compiling mac v0.0.2 (https://github.com/reem/rust-mac#6316d3f4)
   Compiling num v0.1.30
   Compiling unreachable v0.0.2
   Compiling phf v0.7.12
   Compiling debug_unreachable v0.0.6
   Compiling kernel32-sys v0.2.1
   Compiling rand v0.3.14
   Compiling time v0.1.34
   Compiling log v0.3.5
   Compiling serde v0.6.13
   Compiling phf_generator v0.7.12
   Compiling phf_macros v0.7.12
   Compiling string_cache_shared v0.1.12
Build failed, waiting for other jobs to finish...
makefile:2: recipe for target 'all' failed
done
