commit 561d0884e5563569e6e5c6b9a72b7b7d0bd44302
Merge: 92f96b2 7fbcb51
Author: bors <bors@rust-lang.org>
Date:   Tue Nov 24 06:58:25 2015 +0000

    Auto merge of #30000 - Manishearth:unreachable-call, r=nrc
    
    Fixes #1889
rustc: ./html5ever-2015-05-15
cargo rustc -- -Ztime-passes
    Updating registry `https://github.com/rust-lang/crates.io-index`
    Updating git repository `https://github.com/reem/rust-mac`
    Updating git repository `https://github.com/servo/string-cache`
   Compiling libc v0.1.12
   Compiling mac v0.0.2 (https://github.com/reem/rust-mac#6316d3f4)
   Compiling lazy_static v0.1.15
   Compiling winapi-build v0.1.1
   Compiling void v0.0.5
   Compiling winapi v0.2.5
   Compiling phf_shared v0.7.8
   Compiling libc v0.2.2
   Compiling rustc-serialize v0.3.16
   Compiling unreachable v0.0.2
   Compiling debug_unreachable v0.0.6
   Compiling phf v0.7.8
   Compiling advapi32-sys v0.1.2
   Compiling kernel32-sys v0.2.1
   Compiling log v0.3.3
   Compiling rand v0.3.12
   Compiling time v0.1.34
   Compiling phf_generator v0.7.8
   Compiling string_cache_shared v0.1.12
   Compiling phf_macros v0.7.8
   Compiling string_cache v0.1.17
   Compiling num v0.1.28
   Compiling html5ever_macros v0.0.0 (file:///root/benchmarks/html5ever-2015-05-15)
Build failed, waiting for other jobs to finish...
makefile:2: recipe for target 'all' failed
done
