commit 79b7a9efa9ab8601a2609d621de45bf0e4b30ce1
Merge: 731c0ce c23cbae
Author: bors <bors@rust-lang.org>
Date:   Sat Nov 21 00:54:16 2015 +0000

    Auto merge of #29916 - Manishearth:diag-401, r=steveklabnik
    
    None
rustc: ./html5ever-2015-05-15
cargo rustc -- -Ztime-passes
    Updating registry `https://github.com/rust-lang/crates.io-index`
    Updating git repository `https://github.com/reem/rust-mac`
    Updating git repository `https://github.com/servo/string-cache`
   Compiling rustc-serialize v0.3.16
   Compiling libc v0.1.12
   Compiling phf_shared v0.7.7
   Compiling winapi v0.2.5
   Compiling void v0.0.5
   Compiling lazy_static v0.1.15
   Compiling winapi-build v0.1.1
   Compiling mac v0.0.2 (https://github.com/reem/rust-mac#6316d3f4)
   Compiling libc v0.2.2
   Compiling unreachable v0.0.2
   Compiling debug_unreachable v0.0.6
   Compiling phf v0.7.7
   Compiling kernel32-sys v0.2.1
   Compiling advapi32-sys v0.1.2
   Compiling log v0.3.3
   Compiling rand v0.3.12
   Compiling time v0.1.34
   Compiling phf_generator v0.7.7
   Compiling string_cache_shared v0.1.12
   Compiling phf_macros v0.7.7
Build failed, waiting for other jobs to finish...
makefile:2: recipe for target 'all' failed
done
