commit 28c9fdafc06a259c25c1b889044fd49b4dfc69e2
Merge: c0221c8 05e4116
Author: bors <bors@rust-lang.org>
Date:   Mon Apr 11 22:14:04 2016 -0700

    Auto merge of #32711 - marcusklaas:try-shorthand-span-fix, r=nagisa
    
    Fix the span for try shorthand expressions
    
    My five character contribution to the rust parser! Fixes https://github.com/rust-lang/rust/issues/32709.
rustc: ./html5ever-2015-05-15
cargo rustc -- -Ztime-passes -Zinput-stats
    Updating registry `https://github.com/rust-lang/crates.io-index`
    Updating git repository `https://github.com/reem/rust-mac`
    Updating git repository `https://github.com/servo/string-cache`
   Compiling phf_shared v0.7.14
   Compiling lazy_static v0.1.16
   Compiling libc v0.2.9
   Compiling num v0.1.31
   Compiling winapi-build v0.1.1
   Compiling log v0.3.6
   Compiling winapi v0.2.6
   Compiling mac v0.0.2 (https://github.com/reem/rust-mac#6316d3f4)
   Compiling rustc-serialize v0.3.19
   Compiling void v1.0.1
   Compiling unreachable v0.1.1
   Compiling debug_unreachable v0.0.6
   Compiling kernel32-sys v0.2.1
   Compiling phf v0.7.14
   Compiling rand v0.3.14
   Compiling time v0.1.35
   Compiling serde v0.6.15
   Compiling phf_generator v0.7.14
   Compiling string_cache_shared v0.1.12
   Compiling phf_macros v0.7.14
   Compiling string_cache v0.1.17
   Compiling html5ever_macros v0.0.0 (file:///root/benchmarks/html5ever-2015-05-15)
Build failed, waiting for other jobs to finish...
makefile:2: recipe for target 'all' failed
done
