commit e548d6c08f87c6a0a15a91c21df0990112b5a7f4
Merge: 1678072 70650f8
Author: bors <bors@rust-lang.org>
Date:   Sun Feb 7 07:57:06 2016 +0000

    Auto merge of #31450 - bluss:no-null-markers, r=Gankro
    
    Document that Unique<T> and Shared<T> are non-null
rustc: ./html5ever-2015-05-15
cargo rustc -- -Ztime-passes -Zinput-stats
    Updating registry `https://github.com/rust-lang/crates.io-index`
    Updating git repository `https://github.com/reem/rust-mac`
    Updating git repository `https://github.com/servo/string-cache`
   Compiling phf_shared v0.7.12
   Compiling void v0.0.5
   Compiling num v0.1.30
   Compiling mac v0.0.2 (https://github.com/reem/rust-mac#6316d3f4)
   Compiling libc v0.2.6
   Compiling lazy_static v0.1.15
   Compiling rustc-serialize v0.3.16
   Compiling winapi v0.2.5
   Compiling winapi-build v0.1.1
   Compiling unreachable v0.0.2
   Compiling debug_unreachable v0.0.6
   Compiling phf v0.7.12
   Compiling advapi32-sys v0.1.2
   Compiling kernel32-sys v0.2.1
   Compiling log v0.3.5
   Compiling time v0.1.34
   Compiling rand v0.3.13
   Compiling serde v0.6.11
   Compiling phf_generator v0.7.12
   Compiling phf_macros v0.7.12
   Compiling string_cache_shared v0.1.12
   Compiling string_cache v0.1.17
   Compiling html5ever_macros v0.0.0 (file:///root/benchmarks/html5ever-2015-05-15)
Build failed, waiting for other jobs to finish...
makefile:2: recipe for target 'all' failed
done
