commit ff8fee180be6f4ffdefecc0d13fb52d3ae625eb3
Merge: 9cc0b22 21fd312
Author: bors <bors@rust-lang.org>
Date:   Thu Jun 18 21:34:04 2015 +0000

    Auto merge of #26147 - arielb1:assoc-trans, r=nikomatsakis
    
    Fixes #25700
    
    r? @nikomatsakis
rustc: ./html5ever-2015-05-15
cargo rustc -- -Ztime-passes
    Updating registry `https://github.com/rust-lang/crates.io-index`
    Updating git repository `https://github.com/reem/rust-mac`
    Updating git repository `https://github.com/servo/string-cache`
   Compiling gcc v0.3.8
   Compiling debug-builders v0.1.0
   Compiling phf_shared v0.7.3
   Compiling libc v0.1.8
   Compiling rustc-serialize v0.3.15
   Compiling mac v0.0.2 (https://github.com/reem/rust-mac#6316d3f4)
   Compiling lazy_static v0.1.11
   Compiling mac v0.0.2
   Compiling string_cache_shared v0.1.2 (https://github.com/servo/string-cache#50e03b14)
Build failed, waiting for other jobs to finish...
makefile:2: recipe for target 'all' failed
done
