commit 1181679c8f84f8ca1c70b60d63ee88336ac363dd
Merge: 68f7928 fd142bb
Author: bors <bors@rust-lang.org>
Date:   Fri Aug 7 01:12:15 2015 +0000

    Auto merge of #27574 - brson:cache-staged-api, r=huonw
    
    This search happens a lot! Locally, compiling hyper sees the following improvements:
    
    before
    
    real    0m30.843s
    user    0m51.644s
    sys     0m2.128s
    
    real    0m30.164s
    user    0m53.320s
    sys     0m2.208s
    
    after
    
    real    0m28.438s
    user    0m51.076s
    sys     0m2.276s
    
    real    0m28.612s
    user    0m51.560s
    sys     0m2.192s
rustc: ./hyper.0.5.0
cargo rustc -- -Ztime-passes
makefile:2: recipe for target 'all' failed
done
