commit 69e1f57dfbd32a1a342d696a3e79624da97ebe1b
Merge: d70ab2b 834fb17
Author: bors <bors@rust-lang.org>
Date:   Mon Jan 11 06:40:58 2016 +0000

    Auto merge of #30295 - jseyfried:fix_extern_crate_duplicate, r=nrc
    
    Fix a bug allowing an item and an external crate to collide so long as the external crate is declared after the item. For example,
    ```rust
    mod core { pub fn f() {} } // This would be an error if it followed the `extern crate`
    extern crate core; // This declaration is shadowed by the preceding module
    
    fn main() { core::f(); }
    ```
    This is a [breaking-change], but it looks unlikely to cause breakage in practice, and any breakage can be fixed by removing colliding `extern crate` declarations, which are shadowed and hence unused.
rustc: ./hyper.0.5.0
cargo rustc -- -Ztime-passes -Zinput-stats
   Compiling hyper v0.5.0 (file:///root/benchmarks/hyper.0.5.0)
time: 0.031; rss: 38MB	parsing
Lines of code:             9154
Pre-expansion node count:  45594
time: 0.010; rss: 38MB	configuration 1
time: 0.000; rss: 38MB	recursion limit
time: 0.000; rss: 38MB	gated macro checking
time: 0.000; rss: 38MB	crate injection
time: 0.004; rss: 43MB	macro loading
time: 0.000; rss: 43MB	plugin loading
time: 0.000; rss: 43MB	plugin registration
time: 0.205; rss: 52MB	expansion
time: 0.006; rss: 52MB	complete gated feature checking 1
time: 0.036; rss: 52MB	configuration 2
time: 0.000; rss: 52MB	gated configuration checking
time: 0.014; rss: 52MB	maybe building test harness
time: 0.011; rss: 52MB	prelude injection
time: 0.001; rss: 52MB	checking that all macro invocations are gone
time: 0.000; rss: 52MB	checking for inline asm in case the target doesn't support it
time: 0.002; rss: 52MB	complete gated feature checking 2
Post-expansion node count: 109258
time: 0.011; rss: 52MB	assigning node ids
time: 0.012; rss: 56MB	lowering ast -> hir
time: 0.005; rss: 61MB	indexing hir
time: 0.000; rss: 61MB	attribute checking
time: 0.005; rss: 61MB	early lint checks
time: 0.004; rss: 57MB	external crate/lib resolution
time: 0.001; rss: 57MB	language item collection
time: 0.033; rss: 79MB	resolution
time: 0.002; rss: 79MB	lifetime resolution
time: 0.000; rss: 79MB	looking for entry point
time: 0.000; rss: 79MB	looking for plugin registrar
time: 0.006; rss: 81MB	region resolution
time: 0.001; rss: 81MB	loop checking
time: 0.001; rss: 81MB	static item recursion checking
time: 0.013; rss: 86MB	type collecting
time: 0.000; rss: 86MB	variance inference
time: 0.039; rss: 105MB	coherence checking
time: 0.071; rss: 105MB	wf checking
time: 0.026; rss: 106MB	item-types checking
time: 0.527; rss: 128MB	item-bodies checking
time: 0.000; rss: 128MB	drop-impl checking
time: 0.044; rss: 130MB	const checking
time: 0.008; rss: 130MB	privacy checking
time: 0.001; rss: 130MB	stability index
time: 0.004; rss: 130MB	intrinsic checking
time: 0.002; rss: 130MB	effect checking
time: 0.014; rss: 130MB	match checking
time: 0.053; rss: 131MB	MIR dump
time: 0.006; rss: 131MB	liveness checking
time: 0.075; rss: 131MB	borrow checking
time: 0.036; rss: 131MB	rvalue checking
time: 0.003; rss: 131MB	reachability checking
time: 0.005; rss: 131MB	death checking
time: 0.006; rss: 131MB	stability checking
time: 0.000; rss: 131MB	unused lib feature checking
time: 0.047; rss: 131MB	lint checking
time: 0.000; rss: 131MB	resolving dependency formats
time: 0.008; rss: 133MB	erasing regions from MIR
  time: 0.137; rss: 273MB	write metadata
time: 1.433; rss: 273MB	translation
  time: 0.100; rss: 167MB	llvm function passes [0]
  time: 0.051; rss: 168MB	llvm module passes [0]
  time: 1.635; rss: 212MB	codegen passes [0]
  time: 0.001; rss: 174MB	codegen passes [0]
time: 2.012; rss: 174MB	LLVM passes
time: 0.176; rss: 173MB	linking
done
