commit 0ef24eed2fe3bfdd050e246327332fadb5985a6a
Merge: 1f2ae38 dc7407c
Author: bors <bors@rust-lang.org>
Date:   Wed Aug 10 13:13:50 2016 -0700

    Auto merge of #35489 - sanxiyn:target-list, r=alexcrichton
    
    Print Rust target name, not LLVM target name, for `--print target-list`
    
    Rust target name and LLVM target name are usually the same, but not always. For example, `arm-unknown-linux-musleabi` Rust target uses `arm-unknown-linux-gnueabi` LLVM target.
    
    Fix #35481.
rustc: ./issue-32062-equality-relations-complexity
/root/rust/x86_64-unknown-linux-gnu/stage2/bin/rustc issue-32062.rs -Ztime-passes -Zinput-stats
time: 0.000; rss: 50MB	parsing
Lines of code:             60
Pre-expansion node count:  582
time: 0.000; rss: 50MB	configuration
time: 0.000; rss: 50MB	recursion limit
time: 0.000; rss: 50MB	crate injection
time: 0.000; rss: 50MB	plugin loading
time: 0.000; rss: 50MB	plugin registration
time: 0.017; rss: 86MB	expansion
time: 0.000; rss: 86MB	maybe building test harness
time: 0.000; rss: 86MB	assigning node ids
Post-expansion node count: 595
time: 0.000; rss: 86MB	checking for inline asm in case the target doesn't support it
time: 0.000; rss: 86MB	complete gated feature checking
time: 0.000; rss: 86MB	collecting defs
time: 0.002; rss: 86MB	external crate/lib resolution
time: 0.000; rss: 86MB	early lint checks
time: 0.000; rss: 86MB	AST validation
time: 0.000; rss: 86MB	name resolution
time: 0.000; rss: 86MB	lowering ast -> hir
time: 0.000; rss: 86MB	indexing hir
time: 0.000; rss: 86MB	attribute checking
time: 0.000; rss: 86MB	language item collection
time: 0.000; rss: 86MB	lifetime resolution
time: 0.000; rss: 86MB	looking for entry point
time: 0.000; rss: 86MB	looking for plugin registrar
time: 0.000; rss: 86MB	region resolution
time: 0.000; rss: 86MB	loop checking
time: 0.000; rss: 86MB	static item recursion checking
time: 0.000; rss: 86MB	load_dep_graph
time: 0.001; rss: 90MB	type collecting
time: 0.000; rss: 90MB	variance inference
time: 0.004; rss: 90MB	coherence checking
time: 0.006; rss: 90MB	wf checking
time: 0.000; rss: 90MB	item-types checking
time: 0.031; rss: 92MB	item-bodies checking
time: 0.000; rss: 92MB	drop-impl checking
time: 0.001; rss: 92MB	const checking
time: 0.000; rss: 92MB	privacy checking
time: 0.000; rss: 92MB	stability index
time: 0.000; rss: 92MB	intrinsic checking
time: 0.000; rss: 92MB	effect checking
time: 0.000; rss: 92MB	match checking
time: 0.000; rss: 92MB	liveness checking
time: 0.001; rss: 92MB	rvalue checking
time: 0.001; rss: 92MB	MIR dump
time: 0.000; rss: 92MB	MIR passes
time: 0.002; rss: 92MB	borrow checking
time: 0.000; rss: 92MB	reachability checking
time: 0.000; rss: 92MB	death checking
time: 0.000; rss: 92MB	stability checking
time: 0.000; rss: 92MB	unused lib feature checking
time: 0.000; rss: 92MB	lint checking
time: 0.001; rss: 92MB	resolving dependency formats
time: 0.006; rss: 92MB	Prepare MIR codegen passes
  time: 0.000; rss: 92MB	write metadata
  time: 0.078; rss: 96MB	translation item collection
  time: 0.000; rss: 96MB	codegen unit partitioning
  time: 0.000; rss: 96MB	internalize symbols
time: 0.449; rss: 96MB	translation
time: 0.000; rss: 96MB	assert dep graph
time: 0.000; rss: 96MB	serialize dep graph
  time: 0.000; rss: 97MB	llvm function passes [0]
  time: 0.000; rss: 97MB	llvm module passes [0]
  time: 0.009; rss: 102MB	codegen passes [0]
  time: 0.000; rss: 102MB	codegen passes [0]
time: 0.010; rss: 101MB	LLVM passes
time: 0.000; rss: 101MB	serialize work products
  time: 0.106; rss: 101MB	running linker
time: 0.106; rss: 101MB	linking
done
