commit 2c2552b712386dd01a9d620aff960b98cddb4098
Merge: cbd84ae 332ba12
Author: bors <bors@rust-lang.org>
Date:   Tue Sep 20 01:24:54 2016 -0700

    Auto merge of #36445 - infinity0:master, r=brson
    
    mk: add a all-no-docs target to build everything except docs
    
    This makes things slightly more efficient for Debian's auto-builders where the
    docs can be built on just one architecture, and distributed to users of all
    other architectures as well.
rustc: ./issue-32062-equality-relations-complexity
/root/rust/x86_64-unknown-linux-gnu/stage2/bin/rustc issue-32062.rs -Ztime-passes -Zinput-stats
time: 0.000; rss: 42MB	parsing
Lines of code:             60
Pre-expansion node count:  582
time: 0.000; rss: 42MB	recursion limit
time: 0.000; rss: 42MB	crate injection
time: 0.000; rss: 42MB	plugin loading
time: 0.000; rss: 42MB	plugin registration
time: 0.017; rss: 66MB	expansion
time: 0.000; rss: 66MB	maybe building test harness
time: 0.000; rss: 66MB	maybe creating a macro crate
time: 0.000; rss: 66MB	assigning node ids
Post-expansion node count: 595
time: 0.000; rss: 66MB	checking for inline asm in case the target doesn't support it
time: 0.000; rss: 66MB	complete gated feature checking
time: 0.000; rss: 66MB	collecting defs
time: 0.002; rss: 66MB	external crate/lib resolution
time: 0.000; rss: 66MB	early lint checks
time: 0.000; rss: 66MB	AST validation
time: 0.000; rss: 66MB	name resolution
time: 0.000; rss: 66MB	lowering ast -> hir
time: 0.000; rss: 66MB	indexing hir
time: 0.000; rss: 66MB	attribute checking
time: 0.000; rss: 66MB	language item collection
time: 0.000; rss: 66MB	lifetime resolution
time: 0.000; rss: 66MB	looking for entry point
time: 0.000; rss: 66MB	looking for plugin registrar
time: 0.000; rss: 66MB	region resolution
time: 0.000; rss: 66MB	loop checking
time: 0.000; rss: 66MB	static item recursion checking
time: 0.000; rss: 66MB	compute_incremental_hashes_map
time: 0.000; rss: 66MB	load_dep_graph
time: 0.001; rss: 70MB	type collecting
time: 0.000; rss: 70MB	variance inference
time: 0.004; rss: 70MB	coherence checking
time: 0.005; rss: 70MB	wf checking
time: 0.000; rss: 70MB	item-types checking
time: 0.022; rss: 72MB	item-bodies checking
time: 0.000; rss: 72MB	drop-impl checking
time: 0.001; rss: 72MB	const checking
time: 0.000; rss: 72MB	privacy checking
time: 0.000; rss: 72MB	stability index
time: 0.000; rss: 72MB	intrinsic checking
time: 0.000; rss: 72MB	effect checking
time: 0.000; rss: 72MB	match checking
time: 0.000; rss: 72MB	liveness checking
time: 0.001; rss: 72MB	rvalue checking
time: 0.001; rss: 72MB	MIR dump
  time: 0.000; rss: 72MB	SimplifyCfg
  time: 0.000; rss: 72MB	QualifyAndPromoteConstants
  time: 0.000; rss: 72MB	TypeckMir
  time: 0.000; rss: 72MB	SimplifyBranches
  time: 0.000; rss: 72MB	SimplifyCfg
time: 0.000; rss: 72MB	MIR passes
time: 0.001; rss: 72MB	borrow checking
time: 0.000; rss: 72MB	reachability checking
time: 0.000; rss: 72MB	death checking
time: 0.000; rss: 72MB	stability checking
time: 0.000; rss: 72MB	unused lib feature checking
time: 0.000; rss: 72MB	lint checking
time: 0.001; rss: 72MB	resolving dependency formats
  time: 0.000; rss: 72MB	NoLandingPads
  time: 0.000; rss: 72MB	SimplifyCfg
  time: 0.000; rss: 72MB	EraseRegions
  time: 0.000; rss: 72MB	AddCallGuards
  time: 0.004; rss: 72MB	ElaborateDrops
  time: 0.000; rss: 72MB	NoLandingPads
  time: 0.000; rss: 72MB	SimplifyCfg
  time: 0.000; rss: 72MB	Deaggregator
  time: 0.000; rss: 72MB	AddCallGuards
  time: 0.000; rss: 72MB	PreTrans
time: 0.004; rss: 72MB	Prepare MIR codegen passes
  time: 0.000; rss: 72MB	write metadata
  time: 0.042; rss: 72MB	translation item collection
  time: 0.000; rss: 72MB	codegen unit partitioning
  time: 0.000; rss: 77MB	internalize symbols
time: 0.093; rss: 77MB	translation
time: 0.000; rss: 77MB	assert dep graph
time: 0.000; rss: 77MB	serialize dep graph
  time: 0.000; rss: 77MB	llvm function passes [0]
  time: 0.000; rss: 77MB	llvm module passes [0]
  time: 0.009; rss: 82MB	codegen passes [0]
  time: 0.000; rss: 82MB	codegen passes [0]
time: 0.010; rss: 82MB	LLVM passes
time: 0.000; rss: 82MB	serialize work products
  time: 0.109; rss: 82MB	running linker
time: 0.110; rss: 82MB	linking
done
