commit 2cdbd5eb4255974db204819f9aa49c00b15a6d23
Merge: 8900854 80ef1db
Author: bors <bors@rust-lang.org>
Date:   Sat Dec 3 17:41:14 2016 +0000

    Auto merge of #38079 - BurntSushi:attrtarget, r=alexcrichton
    
    Add new #[target_feature = "..."] attribute.
    
    This commit adds a new attribute that instructs the compiler to emit
    target specific code for a single function. For example, the following
    function is permitted to use instructions that are part of SSE 4.2:
    
        #[target_feature = "+sse4.2"]
        fn foo() { ... }
    
    In particular, use of this attribute does not require setting the
    -C target-feature or -C target-cpu options on rustc.
    
    This attribute does not have any protections built into it. For example,
    nothing stops one from calling the above `foo` function on hosts without
    SSE 4.2 support. Doing so may result in a SIGILL.
    
    I've also expanded the x86 target feature whitelist.
rustc: ./issue-32062-equality-relations-complexity
cargo rustc  -- -Ztime-passes -Zinput-stats
time: 0.000; rss: 41MB	parsing
Lines of code:             60
Pre-expansion node count:  580
time: 0.000; rss: 41MB	recursion limit
time: 0.000; rss: 41MB	crate injection
time: 0.000; rss: 41MB	plugin loading
time: 0.000; rss: 41MB	plugin registration
time: 0.012; rss: 66MB	expansion
time: 0.000; rss: 66MB	maybe building test harness
time: 0.000; rss: 66MB	maybe creating a macro crate
Post-expansion node count: 593
time: 0.000; rss: 66MB	checking for inline asm in case the target doesn't support it
time: 0.000; rss: 66MB	complete gated feature checking
time: 0.000; rss: 66MB	early lint checks
time: 0.000; rss: 66MB	AST validation
time: 0.001; rss: 66MB	name resolution
time: 0.000; rss: 66MB	lowering ast -> hir
time: 0.000; rss: 66MB	indexing hir
time: 0.000; rss: 66MB	attribute checking
time: 0.000; rss: 66MB	language item collection
time: 0.000; rss: 66MB	lifetime resolution
time: 0.000; rss: 66MB	looking for entry point
time: 0.000; rss: 66MB	looking for plugin registrar
time: 0.000; rss: 66MB	region resolution
time: 0.000; rss: 66MB	loop checking
time: 0.000; rss: 66MB	static item recursion checking
time: 0.000; rss: 66MB	compute_incremental_hashes_map
time: 0.000; rss: 66MB	load_dep_graph
time: 0.000; rss: 66MB	stability index
time: 0.000; rss: 66MB	stability checking
time: 0.000; rss: 66MB	type collecting
time: 0.000; rss: 66MB	variance inference
time: 0.000; rss: 66MB	impl wf inference
time: 0.003; rss: 66MB	coherence checking
time: 0.003; rss: 72MB	wf checking
time: 0.000; rss: 72MB	item-types checking
time: 0.012; rss: 72MB	item-bodies checking
time: 0.000; rss: 72MB	drop-impl checking
time: 0.000; rss: 72MB	const checking
time: 0.000; rss: 72MB	privacy checking
time: 0.000; rss: 72MB	intrinsic checking
time: 0.000; rss: 72MB	effect checking
time: 0.000; rss: 72MB	match checking
time: 0.000; rss: 72MB	liveness checking
time: 0.000; rss: 72MB	rvalue checking
time: 0.000; rss: 72MB	MIR dump
  time: 0.000; rss: 72MB	SimplifyCfg
  time: 0.000; rss: 72MB	QualifyAndPromoteConstants
  time: 0.000; rss: 72MB	TypeckMir
  time: 0.000; rss: 72MB	SimplifyBranches
  time: 0.000; rss: 72MB	SimplifyCfg
time: 0.000; rss: 72MB	MIR cleanup and validation
time: 0.001; rss: 72MB	borrow checking
time: 0.000; rss: 72MB	reachability checking
time: 0.000; rss: 72MB	death checking
time: 0.000; rss: 72MB	unused lib feature checking
time: 0.000; rss: 72MB	lint checking
time: 0.001; rss: 72MB	resolving dependency formats
  time: 0.000; rss: 72MB	NoLandingPads
  time: 0.000; rss: 72MB	SimplifyCfg
  time: 0.000; rss: 72MB	EraseRegions
  time: 0.000; rss: 72MB	AddCallGuards
  time: 0.000; rss: 72MB	ElaborateDrops
  time: 0.000; rss: 72MB	NoLandingPads
  time: 0.000; rss: 72MB	SimplifyCfg
  time: 0.000; rss: 72MB	InstCombine
  time: 0.000; rss: 72MB	Deaggregator
  time: 0.000; rss: 72MB	CopyPropagation
  time: 0.000; rss: 72MB	SimplifyLocals
  time: 0.000; rss: 72MB	AddCallGuards
  time: 0.000; rss: 72MB	PreTrans
time: 0.001; rss: 72MB	MIR optimisations
  time: 0.000; rss: 72MB	write metadata
  time: 0.012; rss: 72MB	translation item collection
  time: 0.000; rss: 72MB	codegen unit partitioning
  time: 0.000; rss: 72MB	internalize symbols
time: 0.030; rss: 72MB	translation
time: 0.000; rss: 72MB	assert dep graph
time: 0.000; rss: 72MB	serialize dep graph
  time: 0.000; rss: 72MB	llvm function passes [0]
  time: 0.000; rss: 72MB	llvm module passes [0]
  time: 0.010; rss: 79MB	codegen passes [0]
  time: 0.000; rss: 79MB	codegen passes [0]
time: 0.012; rss: 79MB	LLVM passes
time: 0.000; rss: 79MB	serialize work products
  time: 0.073; rss: 79MB	running linker
time: 0.073; rss: 79MB	linking
done
