commit 5a2b50b33df6015e5bae97c5224e3180885dcc66
Merge: 1336742 cba1304
Author: bors <bors@rust-lang.org>
Date:   Tue Dec 13 02:28:23 2016 +0000

    Auto merge of #38325 - frewsxcv:rollup, r=frewsxcv
    
    Rollup of 7 pull requests
    
    - Successful merges: #37052, #37941, #38067, #38164, #38202, #38264, #38299
    - Failed merges:
rustc: ./issue-32062-equality-relations-complexity
cargo rustc  -- -Ztime-passes -Zinput-stats
time: 0.000; rss: 42MB	parsing
Lines of code:             60
Pre-expansion node count:  580
time: 0.000; rss: 42MB	recursion limit
time: 0.000; rss: 42MB	crate injection
time: 0.000; rss: 42MB	plugin loading
time: 0.000; rss: 42MB	plugin registration
time: 0.012; rss: 65MB	expansion
time: 0.000; rss: 65MB	maybe building test harness
time: 0.000; rss: 65MB	maybe creating a macro crate
Post-expansion node count: 593
time: 0.000; rss: 65MB	checking for inline asm in case the target doesn't support it
time: 0.000; rss: 65MB	complete gated feature checking
time: 0.000; rss: 65MB	early lint checks
time: 0.000; rss: 65MB	AST validation
time: 0.002; rss: 65MB	name resolution
time: 0.000; rss: 65MB	lowering ast -> hir
time: 0.000; rss: 65MB	indexing hir
time: 0.000; rss: 65MB	attribute checking
time: 0.000; rss: 65MB	language item collection
time: 0.000; rss: 65MB	lifetime resolution
time: 0.000; rss: 65MB	looking for entry point
time: 0.000; rss: 65MB	looking for plugin registrar
time: 0.000; rss: 65MB	region resolution
time: 0.000; rss: 65MB	loop checking
time: 0.000; rss: 65MB	static item recursion checking
time: 0.000; rss: 65MB	compute_incremental_hashes_map
time: 0.000; rss: 65MB	load_dep_graph
time: 0.000; rss: 65MB	stability index
time: 0.000; rss: 65MB	stability checking
time: 0.000; rss: 65MB	type collecting
time: 0.000; rss: 65MB	variance inference
time: 0.000; rss: 65MB	impl wf inference
time: 0.003; rss: 65MB	coherence checking
time: 0.003; rss: 72MB	wf checking
time: 0.000; rss: 72MB	item-types checking
time: 0.012; rss: 72MB	item-bodies checking
time: 0.000; rss: 72MB	drop-impl checking
time: 0.000; rss: 72MB	const checking
time: 0.000; rss: 72MB	privacy checking
time: 0.000; rss: 72MB	intrinsic checking
time: 0.000; rss: 72MB	effect checking
time: 0.000; rss: 72MB	match checking
time: 0.000; rss: 72MB	liveness checking
time: 0.000; rss: 72MB	rvalue checking
time: 0.000; rss: 72MB	MIR dump
  time: 0.000; rss: 72MB	SimplifyCfg
  time: 0.000; rss: 72MB	QualifyAndPromoteConstants
  time: 0.000; rss: 72MB	TypeckMir
  time: 0.000; rss: 72MB	SimplifyBranches
  time: 0.000; rss: 72MB	SimplifyCfg
time: 0.000; rss: 72MB	MIR cleanup and validation
time: 0.001; rss: 72MB	borrow checking
time: 0.000; rss: 72MB	reachability checking
time: 0.000; rss: 72MB	death checking
time: 0.000; rss: 72MB	unused lib feature checking
time: 0.000; rss: 72MB	lint checking
time: 0.001; rss: 72MB	resolving dependency formats
  time: 0.000; rss: 72MB	NoLandingPads
  time: 0.000; rss: 72MB	SimplifyCfg
  time: 0.000; rss: 72MB	EraseRegions
  time: 0.000; rss: 72MB	AddCallGuards
  time: 0.000; rss: 72MB	ElaborateDrops
  time: 0.000; rss: 72MB	NoLandingPads
  time: 0.000; rss: 72MB	SimplifyCfg
  time: 0.000; rss: 72MB	InstCombine
  time: 0.000; rss: 72MB	Deaggregator
  time: 0.000; rss: 72MB	CopyPropagation
  time: 0.000; rss: 72MB	SimplifyLocals
  time: 0.000; rss: 72MB	AddCallGuards
  time: 0.000; rss: 72MB	PreTrans
time: 0.001; rss: 72MB	MIR optimisations
  time: 0.000; rss: 72MB	write metadata
  time: 0.012; rss: 72MB	translation item collection
  time: 0.000; rss: 72MB	codegen unit partitioning
  time: 0.000; rss: 74MB	internalize symbols
time: 0.070; rss: 74MB	translation
time: 0.000; rss: 74MB	assert dep graph
time: 0.000; rss: 74MB	serialize dep graph
  time: 0.000; rss: 74MB	llvm function passes [0]
  time: 0.000; rss: 74MB	llvm module passes [0]
  time: 0.011; rss: 81MB	codegen passes [0]
  time: 0.000; rss: 81MB	codegen passes [0]
time: 0.012; rss: 81MB	LLVM passes
time: 0.000; rss: 81MB	serialize work products
  time: 0.076; rss: 81MB	running linker
time: 0.077; rss: 81MB	linking
done
