commit 500e5c15cbc2492cada6415e0db8b68385b062b9
Merge: 179539f 4a3ba87
Author: bors <bors@rust-lang.org>
Date:   Fri May 20 16:37:01 2016 -0700

    Auto merge of #33758 - GuillaumeGomez:rollup, r=Manishearth
    
    Rollup of 6 pull requests
    
    - Successful merges: #33668, #33676, #33683, #33734, #33739, #33745
    - Failed merges: #33578
rustc: ./issue-32062-equality-relations-complexity
/root/rust/x86_64-unknown-linux-gnu/stage2/bin/rustc issue-32062.rs -Ztime-passes -Zinput-stats
time: 0.000; rss: 45MB	parsing
Lines of code:             60
Pre-expansion node count:  586
time: 0.000; rss: 45MB	configuration 1
time: 0.000; rss: 45MB	recursion limit
time: 0.000; rss: 45MB	crate injection
time: 0.018; rss: 82MB	macro loading
time: 0.000; rss: 82MB	plugin loading
time: 0.000; rss: 82MB	plugin registration
time: 0.001; rss: 82MB	expansion
time: 0.000; rss: 82MB	configuration 2
time: 0.000; rss: 82MB	gated configuration checking
time: 0.000; rss: 82MB	maybe building test harness
time: 0.000; rss: 82MB	prelude injection
time: 0.000; rss: 82MB	checking that all macro invocations are gone
time: 0.000; rss: 82MB	checking for inline asm in case the target doesn't support it
time: 0.000; rss: 82MB	complete gated feature checking
Post-expansion node count: 599
time: 0.000; rss: 82MB	assigning node ids
time: 0.000; rss: 82MB	collecting defs
time: 0.003; rss: 82MB	external crate/lib resolution
time: 0.000; rss: 82MB	early lint checks
time: 0.000; rss: 82MB	name resolution
time: 0.000; rss: 86MB	lowering ast -> hir
time: 0.000; rss: 86MB	indexing hir
time: 0.000; rss: 86MB	attribute checking
time: 0.000; rss: 86MB	language item collection
time: 0.000; rss: 86MB	lifetime resolution
time: 0.000; rss: 86MB	looking for entry point
time: 0.000; rss: 86MB	looking for plugin registrar
time: 0.000; rss: 86MB	region resolution
time: 0.000; rss: 86MB	loop checking
time: 0.000; rss: 86MB	static item recursion checking
time: 0.000; rss: 86MB	load_dep_graph
time: 0.001; rss: 86MB	type collecting
time: 0.000; rss: 86MB	variance inference
time: 0.005; rss: 86MB	coherence checking
time: 0.008; rss: 86MB	wf checking
time: 0.001; rss: 86MB	item-types checking
time: 7.290; rss: 94MB	item-bodies checking
time: 0.000; rss: 94MB	drop-impl checking
time: 0.001; rss: 94MB	const checking
time: 0.000; rss: 94MB	privacy checking
time: 0.000; rss: 94MB	stability index
time: 0.000; rss: 94MB	intrinsic checking
time: 0.000; rss: 94MB	effect checking
time: 0.000; rss: 93MB	match checking
time: 0.000; rss: 93MB	liveness checking
time: 0.001; rss: 93MB	rvalue checking
time: 0.001; rss: 93MB	MIR dump
time: 0.000; rss: 93MB	MIR passes
time: 0.002; rss: 93MB	borrow checking
time: 0.000; rss: 93MB	reachability checking
time: 0.000; rss: 93MB	death checking
time: 0.000; rss: 93MB	stability checking
time: 0.000; rss: 93MB	unused lib feature checking
time: 0.000; rss: 93MB	lint checking
time: 0.001; rss: 93MB	resolving dependency formats
time: 0.000; rss: 93MB	Prepare MIR codegen passes
  time: 1.809; rss: 98MB	translation item collection
  time: 0.000; rss: 98MB	codegen unit partitioning
  time: 0.000; rss: 99MB	write metadata
time: 12.310; rss: 99MB	translation
time: 0.000; rss: 99MB	assert dep graph
time: 0.000; rss: 99MB	serialize dep graph
  time: 0.000; rss: 94MB	llvm function passes [0]
  time: 0.000; rss: 94MB	llvm module passes [0]
  time: 0.005; rss: 99MB	codegen passes [0]
  time: 0.000; rss: 99MB	codegen passes [0]
time: 0.007; rss: 99MB	LLVM passes
  time: 0.104; rss: 99MB	running linker
time: 0.104; rss: 99MB	linking
done
