commit 2e29b126b60a19f491e7f1845dd98df50700e37a
Merge: d927fa4 09e73a5
Author: bors <bors@rust-lang.org>
Date:   Sun Aug 14 06:42:16 2016 -0700

    Auto merge of #35534 - michaelwoerister:fix-const-collection2, r=nikomatsakis
    
    Make the translation item collector handle *uses* of 'const' items instead of declarations.
    
    This should fix issue #34754.
rustc: ./issue-32062-equality-relations-complexity
/root/rust/x86_64-unknown-linux-gnu/stage2/bin/rustc issue-32062.rs -Ztime-passes -Zinput-stats
time: 0.000; rss: 50MB	parsing
Lines of code:             60
Pre-expansion node count:  582
time: 0.000; rss: 50MB	configuration
time: 0.000; rss: 50MB	recursion limit
time: 0.000; rss: 50MB	crate injection
time: 0.000; rss: 50MB	plugin loading
time: 0.000; rss: 50MB	plugin registration
time: 0.018; rss: 86MB	expansion
time: 0.000; rss: 86MB	maybe building test harness
time: 0.000; rss: 86MB	assigning node ids
Post-expansion node count: 595
time: 0.000; rss: 86MB	checking for inline asm in case the target doesn't support it
time: 0.000; rss: 86MB	complete gated feature checking
time: 0.000; rss: 86MB	collecting defs
time: 0.002; rss: 86MB	external crate/lib resolution
time: 0.000; rss: 86MB	early lint checks
time: 0.000; rss: 86MB	AST validation
time: 0.000; rss: 86MB	name resolution
time: 0.000; rss: 86MB	lowering ast -> hir
time: 0.000; rss: 86MB	indexing hir
time: 0.000; rss: 86MB	attribute checking
time: 0.000; rss: 86MB	language item collection
time: 0.000; rss: 86MB	lifetime resolution
time: 0.000; rss: 86MB	looking for entry point
time: 0.000; rss: 86MB	looking for plugin registrar
time: 0.000; rss: 86MB	region resolution
time: 0.000; rss: 86MB	loop checking
time: 0.000; rss: 86MB	static item recursion checking
time: 0.000; rss: 86MB	load_dep_graph
time: 0.001; rss: 90MB	type collecting
time: 0.000; rss: 90MB	variance inference
time: 0.005; rss: 90MB	coherence checking
time: 0.007; rss: 90MB	wf checking
time: 0.000; rss: 90MB	item-types checking
time: 0.031; rss: 92MB	item-bodies checking
time: 0.000; rss: 92MB	drop-impl checking
time: 0.001; rss: 92MB	const checking
time: 0.000; rss: 92MB	privacy checking
time: 0.000; rss: 92MB	stability index
time: 0.000; rss: 92MB	intrinsic checking
time: 0.000; rss: 92MB	effect checking
time: 0.000; rss: 92MB	match checking
time: 0.000; rss: 92MB	liveness checking
time: 0.001; rss: 92MB	rvalue checking
time: 0.001; rss: 92MB	MIR dump
time: 0.000; rss: 92MB	MIR passes
time: 0.002; rss: 92MB	borrow checking
time: 0.000; rss: 92MB	reachability checking
time: 0.000; rss: 92MB	death checking
time: 0.000; rss: 92MB	stability checking
time: 0.000; rss: 92MB	unused lib feature checking
time: 0.000; rss: 92MB	lint checking
time: 0.001; rss: 92MB	resolving dependency formats
time: 0.006; rss: 92MB	Prepare MIR codegen passes
  time: 0.000; rss: 97MB	write metadata
  time: 0.078; rss: 97MB	translation item collection
  time: 0.000; rss: 97MB	codegen unit partitioning
  time: 0.000; rss: 97MB	internalize symbols
time: 0.456; rss: 97MB	translation
time: 0.000; rss: 97MB	assert dep graph
time: 0.000; rss: 97MB	serialize dep graph
  time: 0.000; rss: 98MB	llvm function passes [0]
  time: 0.000; rss: 98MB	llvm module passes [0]
  time: 0.009; rss: 103MB	codegen passes [0]
  time: 0.000; rss: 102MB	codegen passes [0]
time: 0.010; rss: 102MB	LLVM passes
time: 0.000; rss: 102MB	serialize work products
  time: 0.106; rss: 102MB	running linker
time: 0.107; rss: 102MB	linking
done
