commit a267d6cee40c2f2fa3db999afbb2bd1384f7840a
Merge: 68241f0 107d423
Author: bors <bors@rust-lang.org>
Date:   Fri Jun 10 07:43:52 2016 -0700

    Auto merge of #34200 - sanxiyn:rollup, r=sanxiyn
    
    Rollup of 12 pull requests
    
    - Successful merges: #34088, #34129, #34136, #34145, #34146, #34148, #34159, #34160, #34165, #34175, #34184, #34185
    - Failed merges:
rustc: ./issue-32062-equality-relations-complexity
/root/rust/x86_64-unknown-linux-gnu/stage2/bin/rustc issue-32062.rs -Ztime-passes -Zinput-stats
time: 0.000; rss: 44MB	parsing
Lines of code:             60
Pre-expansion node count:  578
time: 0.000; rss: 44MB	configuration 1
time: 0.000; rss: 44MB	recursion limit
time: 0.000; rss: 44MB	crate injection
time: 0.000; rss: 44MB	plugin loading
time: 0.000; rss: 44MB	plugin registration
time: 0.019; rss: 82MB	expansion
time: 0.000; rss: 82MB	gated configuration checking
time: 0.000; rss: 82MB	maybe building test harness
time: 0.000; rss: 82MB	checking for inline asm in case the target doesn't support it
time: 0.000; rss: 82MB	complete gated feature checking
Post-expansion node count: 591
time: 0.000; rss: 82MB	assigning node ids
time: 0.000; rss: 82MB	collecting defs
time: 0.003; rss: 82MB	external crate/lib resolution
time: 0.000; rss: 82MB	early lint checks
time: 0.000; rss: 82MB	AST validation
time: 0.000; rss: 82MB	name resolution
time: 0.000; rss: 82MB	lowering ast -> hir
time: 0.000; rss: 82MB	indexing hir
time: 0.000; rss: 82MB	attribute checking
time: 0.000; rss: 82MB	language item collection
time: 0.000; rss: 82MB	lifetime resolution
time: 0.000; rss: 82MB	looking for entry point
time: 0.000; rss: 82MB	looking for plugin registrar
time: 0.000; rss: 82MB	region resolution
time: 0.000; rss: 82MB	loop checking
time: 0.000; rss: 82MB	static item recursion checking
time: 0.000; rss: 86MB	load_dep_graph
time: 0.001; rss: 86MB	type collecting
time: 0.000; rss: 86MB	variance inference
time: 0.005; rss: 86MB	coherence checking
time: 0.007; rss: 86MB	wf checking
time: 0.000; rss: 86MB	item-types checking
time: 0.034; rss: 88MB	item-bodies checking
time: 0.000; rss: 88MB	drop-impl checking
time: 0.001; rss: 88MB	const checking
time: 0.000; rss: 88MB	privacy checking
time: 0.000; rss: 88MB	stability index
time: 0.000; rss: 88MB	intrinsic checking
time: 0.000; rss: 88MB	effect checking
time: 0.000; rss: 88MB	match checking
time: 0.000; rss: 88MB	liveness checking
time: 0.001; rss: 88MB	rvalue checking
time: 0.001; rss: 88MB	MIR dump
time: 0.000; rss: 88MB	MIR passes
time: 0.002; rss: 88MB	borrow checking
time: 0.000; rss: 88MB	reachability checking
time: 0.000; rss: 88MB	death checking
time: 0.000; rss: 88MB	stability checking
time: 0.000; rss: 88MB	unused lib feature checking
time: 0.000; rss: 88MB	lint checking
time: 0.001; rss: 88MB	resolving dependency formats
time: 0.006; rss: 88MB	Prepare MIR codegen passes
  time: 0.000; rss: 92MB	write metadata
  time: 0.081; rss: 92MB	translation item collection
  time: 0.000; rss: 92MB	codegen unit partitioning
time: 0.367; rss: 92MB	translation
time: 0.000; rss: 92MB	assert dep graph
time: 0.000; rss: 92MB	serialize dep graph
  time: 0.000; rss: 94MB	llvm function passes [0]
  time: 0.000; rss: 94MB	llvm module passes [0]
  time: 0.005; rss: 98MB	codegen passes [0]
  time: 0.000; rss: 97MB	codegen passes [0]
time: 0.007; rss: 97MB	LLVM passes
  time: 0.111; rss: 97MB	running linker
time: 0.112; rss: 97MB	linking
done
