commit f3930aab46c1ea470c8c2a2d7d6832174630596d
Merge: f8614c3 fcebf3b
Author: bors <bors@rust-lang.org>
Date:   Sat Nov 26 21:49:41 2016 -0600

    Auto merge of #38023 - arielb1:constant-evil-x2, r=eddyb
    
    don't double-apply variant padding to const enums
    
    `build_const_struct` already returns the struct with padding - don't double-apply it in the `General` case.
    
    This should hopefully be the last time we have this sort of bug.
    
    Fixes #38002.
    
    Beta-nominating because regression.
    
    r? @eddyb
rustc: ./jld-day15-parser
cargo rustc  -- -Ztime-passes -Zinput-stats
   Compiling day15 v0.1.0 (file:///root/benchmarks/jld-day15-parser)
time: 0.000; rss: 41MB	parsing
Lines of code:             72
Pre-expansion node count:  648
time: 0.000; rss: 41MB	recursion limit
time: 0.000; rss: 41MB	crate injection
time: 0.000; rss: 41MB	plugin loading
time: 0.000; rss: 41MB	plugin registration
time: 0.015; rss: 68MB	expansion
time: 0.000; rss: 68MB	maybe building test harness
time: 0.000; rss: 68MB	maybe creating a macro crate
Post-expansion node count: 1149
time: 0.000; rss: 68MB	checking for inline asm in case the target doesn't support it
time: 0.000; rss: 68MB	complete gated feature checking
time: 0.000; rss: 68MB	early lint checks
time: 0.000; rss: 68MB	AST validation
time: 0.002; rss: 68MB	name resolution
time: 0.000; rss: 68MB	lowering ast -> hir
time: 0.000; rss: 68MB	indexing hir
time: 0.000; rss: 68MB	attribute checking
time: 0.000; rss: 68MB	language item collection
time: 0.000; rss: 68MB	lifetime resolution
time: 0.000; rss: 68MB	looking for entry point
time: 0.000; rss: 68MB	looking for plugin registrar
time: 0.000; rss: 68MB	region resolution
time: 0.000; rss: 68MB	loop checking
time: 0.000; rss: 68MB	static item recursion checking
time: 0.000; rss: 68MB	compute_incremental_hashes_map
time: 0.000; rss: 68MB	load_dep_graph
time: 0.001; rss: 68MB	type collecting
time: 0.000; rss: 68MB	variance inference
time: 0.000; rss: 68MB	impl wf inference
time: 0.004; rss: 71MB	coherence checking
time: 0.002; rss: 71MB	wf checking
time: 0.000; rss: 71MB	item-types checking
time: 0.015; rss: 73MB	item-bodies checking
time: 0.000; rss: 73MB	drop-impl checking
time: 0.000; rss: 73MB	const checking
time: 0.000; rss: 73MB	privacy checking
time: 0.000; rss: 73MB	stability index
time: 0.000; rss: 73MB	intrinsic checking
time: 0.000; rss: 73MB	effect checking
time: 0.000; rss: 73MB	match checking
time: 0.000; rss: 73MB	liveness checking
time: 0.000; rss: 73MB	rvalue checking
time: 0.001; rss: 73MB	MIR dump
  time: 0.000; rss: 73MB	SimplifyCfg
  time: 0.000; rss: 73MB	QualifyAndPromoteConstants
  time: 0.000; rss: 73MB	TypeckMir
  time: 0.000; rss: 73MB	SimplifyBranches
  time: 0.000; rss: 73MB	SimplifyCfg
time: 0.001; rss: 73MB	MIR cleanup and validation
time: 0.001; rss: 73MB	borrow checking
time: 0.000; rss: 73MB	reachability checking
time: 0.000; rss: 73MB	death checking
time: 0.000; rss: 73MB	stability checking
time: 0.000; rss: 73MB	unused lib feature checking
time: 0.001; rss: 73MB	lint checking
time: 0.001; rss: 73MB	resolving dependency formats
  time: 0.000; rss: 73MB	NoLandingPads
  time: 0.000; rss: 73MB	SimplifyCfg
  time: 0.000; rss: 73MB	EraseRegions
  time: 0.000; rss: 73MB	AddCallGuards
  time: 0.001; rss: 73MB	ElaborateDrops
  time: 0.000; rss: 73MB	NoLandingPads
  time: 0.000; rss: 73MB	SimplifyCfg
  time: 0.000; rss: 73MB	InstCombine
  time: 0.002; rss: 73MB	Deaggregator
  time: 0.000; rss: 73MB	CopyPropagation
  time: 0.000; rss: 73MB	SimplifyLocals
  time: 0.000; rss: 73MB	AddCallGuards
  time: 0.000; rss: 73MB	PreTrans
time: 0.003; rss: 73MB	MIR optimisations
  time: 0.000; rss: 73MB	write metadata
  time: 0.093; rss: 78MB	translation item collection
  time: 0.002; rss: 80MB	codegen unit partitioning
  time: 0.002; rss: 94MB	internalize symbols
time: 0.463; rss: 94MB	translation
time: 0.000; rss: 94MB	assert dep graph
time: 0.000; rss: 94MB	serialize dep graph
  time: 0.018; rss: 89MB	llvm function passes [0]
  time: 0.001; rss: 89MB	llvm module passes [0]
  time: 0.358; rss: 95MB	codegen passes [0]
  time: 0.000; rss: 95MB	codegen passes [0]
time: 0.379; rss: 95MB	LLVM passes
time: 0.000; rss: 95MB	serialize work products
  time: 0.085; rss: 84MB	running linker
time: 0.086; rss: 84MB	linking
done
