commit 0bd2ce62b27e2b9a7dfe92fc23d9098854008089
Merge: bfa709a 30daedf
Author: bors <bors@rust-lang.org>
Date:   Sat Nov 19 16:39:25 2016 -0600

    Auto merge of #37831 - rkruppe:llvm-attr-fwdcompat, r=eddyb
    
    [LLVM 4.0] Use llvm::Attribute APIs instead of "raw value" APIs
    
    The latter will be removed in LLVM 4.0 (see https://github.com/llvm-mirror/llvm/commit/4a6fc8bacf11d8066da72cf8481467167877ed16).
    
    The librustc_llvm API remains mostly unchanged, except that llvm::Attribute is no longer a bitflag but represents only a *single* attribute.
    The ability to store many attributes in a small number of bits and modify them without interacting with LLVM is only used in rustc_trans::abi and closely related modules, and only attributes for function arguments are considered there.
    Thus rustc_trans::abi now has its own bit-packed representation of argument attributes, which are translated to rustc_llvm::Attribute when applying the attributes.
    
    cc #37609
rustc: ./jld-day15-parser
cargo rustc  -- -Ztime-passes -Zinput-stats
   Compiling day15 v0.1.0 (file:///root/benchmarks/jld-day15-parser)
time: 0.000; rss: 41MB	parsing
Lines of code:             72
Pre-expansion node count:  648
time: 0.000; rss: 41MB	recursion limit
time: 0.000; rss: 41MB	crate injection
time: 0.000; rss: 41MB	plugin loading
time: 0.000; rss: 41MB	plugin registration
time: 0.014; rss: 69MB	expansion
time: 0.000; rss: 69MB	maybe building test harness
time: 0.000; rss: 69MB	maybe creating a macro crate
Post-expansion node count: 1149
time: 0.000; rss: 69MB	checking for inline asm in case the target doesn't support it
time: 0.000; rss: 69MB	complete gated feature checking
time: 0.000; rss: 69MB	early lint checks
time: 0.000; rss: 69MB	AST validation
time: 0.002; rss: 69MB	name resolution
time: 0.000; rss: 69MB	lowering ast -> hir
time: 0.000; rss: 69MB	indexing hir
time: 0.000; rss: 69MB	attribute checking
time: 0.000; rss: 69MB	language item collection
time: 0.000; rss: 69MB	lifetime resolution
time: 0.000; rss: 69MB	looking for entry point
time: 0.000; rss: 69MB	looking for plugin registrar
time: 0.000; rss: 69MB	region resolution
time: 0.000; rss: 69MB	loop checking
time: 0.000; rss: 69MB	static item recursion checking
time: 0.000; rss: 69MB	compute_incremental_hashes_map
time: 0.000; rss: 69MB	load_dep_graph
time: 0.001; rss: 69MB	type collecting
time: 0.000; rss: 69MB	variance inference
time: 0.000; rss: 69MB	impl wf inference
time: 0.004; rss: 69MB	coherence checking
time: 0.003; rss: 69MB	wf checking
time: 0.000; rss: 69MB	item-types checking
time: 0.016; rss: 71MB	item-bodies checking
time: 0.000; rss: 71MB	drop-impl checking
time: 0.000; rss: 71MB	const checking
time: 0.000; rss: 71MB	privacy checking
time: 0.000; rss: 71MB	stability index
time: 0.000; rss: 71MB	intrinsic checking
time: 0.000; rss: 71MB	effect checking
time: 0.000; rss: 71MB	match checking
time: 0.000; rss: 71MB	liveness checking
time: 0.000; rss: 71MB	rvalue checking
time: 0.001; rss: 75MB	MIR dump
  time: 0.000; rss: 75MB	SimplifyCfg
  time: 0.000; rss: 75MB	QualifyAndPromoteConstants
  time: 0.000; rss: 75MB	TypeckMir
  time: 0.000; rss: 75MB	SimplifyBranches
  time: 0.000; rss: 75MB	SimplifyCfg
time: 0.001; rss: 75MB	MIR cleanup and validation
time: 0.001; rss: 75MB	borrow checking
time: 0.000; rss: 75MB	reachability checking
time: 0.000; rss: 75MB	death checking
time: 0.000; rss: 75MB	stability checking
time: 0.000; rss: 75MB	unused lib feature checking
time: 0.001; rss: 75MB	lint checking
time: 0.001; rss: 75MB	resolving dependency formats
  time: 0.000; rss: 75MB	NoLandingPads
  time: 0.000; rss: 75MB	SimplifyCfg
  time: 0.000; rss: 75MB	EraseRegions
  time: 0.000; rss: 75MB	AddCallGuards
  time: 0.001; rss: 75MB	ElaborateDrops
  time: 0.000; rss: 75MB	NoLandingPads
  time: 0.000; rss: 75MB	SimplifyCfg
  time: 0.000; rss: 75MB	InstCombine
  time: 0.002; rss: 75MB	Deaggregator
  time: 0.000; rss: 75MB	CopyPropagation
  time: 0.000; rss: 75MB	SimplifyLocals
  time: 0.000; rss: 75MB	AddCallGuards
  time: 0.000; rss: 75MB	PreTrans
time: 0.003; rss: 75MB	MIR optimisations
  time: 0.000; rss: 75MB	write metadata
  time: 0.101; rss: 79MB	translation item collection
  time: 0.002; rss: 79MB	codegen unit partitioning
  time: 0.003; rss: 92MB	internalize symbols
time: 0.492; rss: 92MB	translation
time: 0.000; rss: 92MB	assert dep graph
time: 0.000; rss: 92MB	serialize dep graph
  time: 0.018; rss: 88MB	llvm function passes [0]
  time: 0.001; rss: 88MB	llvm module passes [0]
  time: 0.355; rss: 94MB	codegen passes [0]
  time: 0.000; rss: 93MB	codegen passes [0]
time: 0.375; rss: 93MB	LLVM passes
time: 0.000; rss: 93MB	serialize work products
  time: 0.082; rss: 82MB	running linker
time: 0.083; rss: 82MB	linking
done
