commit bc5789902bae5e3437bcfea9a06bc0fcb11726f0
Merge: edb6f83 0a38089
Author: bors <bors@rust-lang.org>
Date:   Fri May 13 08:46:16 2016 -0700

    Auto merge of #33531 - antonblanchard:local_stage0_fix, r=alexcrichton
    
    Copy more libraries from local Rust to stage0
    
    When bootstrapping Rust using a previously built toolchain, I noticed
    a number of libraries were not copied in. As a result the copied in
    rustc fails to execute because it can't find all its dependences.
    
    Add them into the local_stage0.sh script.
rustc: ./piston-image-0.3.11
cargo rustc -- -Ztime-passes -Zinput-stats
    Updating registry `https://github.com/rust-lang/crates.io-index`
   Compiling byteorder v0.3.13
   Compiling lzw v0.8.0
   Compiling gcc v0.3.28
   Compiling libc v0.2.11
   Compiling color_quant v1.0.0
   Compiling num-traits v0.1.32
   Compiling bitflags v0.6.0
   Compiling glob v0.2.11
   Compiling rustc-serialize v0.3.19
   Compiling miniz-sys v0.1.7
   Compiling rand v0.3.14
   Compiling num-integer v0.1.32
   Compiling flate2 v0.2.14
   Compiling num-iter v0.1.32
   Compiling gif v0.5.1
   Compiling num-bigint v0.1.32
   Compiling num-complex v0.1.32
   Compiling num-rational v0.1.32
   Compiling num v0.1.32
   Compiling png v0.3.1
   Compiling enum_primitive v0.0.1
makefile:2: recipe for target 'all' failed
done
