commit 897199a0fbe01ab6f7e7f8096656603e238e85a2
Merge: 01a0207 36d9ee3
Author: bors <bors@rust-lang.org>
Date:   Tue Apr 26 12:00:35 2016 -0700

    Auto merge of #33191 - alexcrichton:rustdoc-create-dir-all-racy, r=steveklabnik
    
    rustdoc: Handle concurrent mkdir requests
    
    It's likely that `rustdoc` as a tool is run concurrently in the same output
    (e.g. documenting multiple crates as Cargo does), in which case it needs to
    handle concurrent calls to `fs::create_dir`.
rustc: ./piston-image-0.3.11
cargo rustc -- -Ztime-passes -Zinput-stats
    Updating registry `https://github.com/rust-lang/crates.io-index`
   Compiling num-traits v0.1.32
   Compiling glob v0.2.11
   Compiling rustc-serialize v0.3.19
   Compiling libc v0.2.10
   Compiling gcc v0.3.27
   Compiling color_quant v1.0.0
   Compiling lzw v0.8.0
   Compiling bitflags v0.6.0
   Compiling byteorder v0.3.13
   Compiling miniz-sys v0.1.7
   Compiling rand v0.3.14
   Compiling num-integer v0.1.32
   Compiling flate2 v0.2.13
   Compiling num-iter v0.1.32
   Compiling gif v0.5.1
   Compiling num-complex v0.1.32
   Compiling num-bigint v0.1.32
   Compiling num-rational v0.1.32
   Compiling num v0.1.32
   Compiling png v0.3.1
   Compiling enum_primitive v0.0.1
makefile:2: recipe for target 'all' failed
done
