commit 49e9bfdbf24d5cb3cb2b3b7c103fded4682d88cc
Merge: d748fa6 899c289
Author: bors <bors@rust-lang.org>
Date:   Sat Sep 3 11:24:01 2016 -0700

    Auto merge of #36104 - KiChjang:issue-35847, r=brson
    
    Fix illegal instruction caused by overflow in channel cloning
    
    Fixes #35847.
    
    r? @alexcrichton
rustc: ./piston-image-0.3.11
cargo rustc -- -Ztime-passes -Zinput-stats
    Updating registry `https://github.com/rust-lang/crates.io-index`
   Compiling lzw v0.8.0
   Compiling bitflags v0.7.0
   Compiling num-traits v0.1.35
   Compiling gcc v0.3.35
   Compiling glob v0.2.11
   Compiling color_quant v1.0.0
   Compiling byteorder v0.3.13
   Compiling rustc-serialize v0.3.19
   Compiling libc v0.2.15
   Compiling gif v0.5.1
   Compiling rand v0.3.14
   Compiling num-integer v0.1.32
   Compiling miniz-sys v0.1.7
   Compiling num-iter v0.1.32
   Compiling flate2 v0.2.14
   Compiling num-complex v0.1.35
   Compiling num-bigint v0.1.35
   Compiling num-rational v0.1.35
   Compiling num v0.1.35
   Compiling png v0.3.1
   Compiling enum_primitive v0.0.1
makefile:2: recipe for target 'all' failed
done
