commit 397cfaec0ce28289b0ab04ed6f6c3ba6ee1042ea
Merge: 7746a33 0f3e865
Author: bors <bors@rust-lang.org>
Date:   Sat May 28 19:19:27 2016 -0700

    Auto merge of #33848 - alexcrichton:android-gdb-sysroot, r=michaelwoerister
    
    test: Use `set sysroot` for more NDK compatibility
    
    Recent versions of the Android NDK no longer ship debuggers like
    `arm-linux-androideabi-gdb`, but instead one prebuilt binary `gdb`. We can
    symlink this into place at least to get our detection still working, but it now
    needs to be told what the sysroot is so it can correctly do... something. Long
    story short, tests didn't pass with this change and after this change they pass.
rustc: ./piston-image-0.3.11
cargo rustc -- -Ztime-passes -Zinput-stats
    Updating registry `https://github.com/rust-lang/crates.io-index`
   Compiling rustc-serialize v0.3.19
   Compiling num-traits v0.1.32
   Compiling libc v0.2.11
   Compiling gcc v0.3.28
   Compiling byteorder v0.3.13
   Compiling lzw v0.8.0
   Compiling color_quant v1.0.0
   Compiling glob v0.2.11
   Compiling bitflags v0.7.0
   Compiling rand v0.3.14
   Compiling gif v0.5.1
   Compiling miniz-sys v0.1.7
   Compiling flate2 v0.2.14
   Compiling num-integer v0.1.32
   Compiling num-iter v0.1.32
   Compiling num-complex v0.1.32
   Compiling num-bigint v0.1.32
   Compiling num-rational v0.1.32
   Compiling num v0.1.32
   Compiling png v0.3.1
   Compiling enum_primitive v0.0.1
makefile:2: recipe for target 'all' failed
done
