commit 2b5d24ac5a3b5dc2ca8efe317f3c0771295ba8fd
Merge: 073a09f 05a3fea
Author: bors <bors@rust-lang.org>
Date:   Thu Apr 14 13:02:22 2016 -0700

    Auto merge of #32940 - birkenfeld:patch-3, r=alexcrichton
    
    Fix a typo and add a missing word
rustc: ./piston-image-0.3.11
cargo rustc -- -Ztime-passes -Zinput-stats
    Updating registry `https://github.com/rust-lang/crates.io-index`
   Compiling gcc v0.3.26
   Compiling rustc-serialize v0.3.19
   Compiling bitflags v0.5.0
   Compiling glob v0.2.11
   Compiling byteorder v0.3.13
   Compiling color_quant v1.0.0
   Compiling num-traits v0.1.32
   Compiling libc v0.2.10
   Compiling lzw v0.8.0
   Compiling rand v0.3.14
   Compiling miniz-sys v0.1.7
   Compiling num-integer v0.1.32
   Compiling flate2 v0.2.13
   Compiling num-iter v0.1.32
   Compiling gif v0.5.1
   Compiling num-bigint v0.1.32
   Compiling num-complex v0.1.32
   Compiling num-rational v0.1.32
   Compiling num v0.1.32
   Compiling png v0.3.1
   Compiling enum_primitive v0.0.1
makefile:2: recipe for target 'all' failed
done
