commit 435246bb49226d08f22dfd317954fe015a4b3e91
Merge: 87b76a5 276f052
Author: bors <bors@rust-lang.org>
Date:   Sun Nov 13 19:46:34 2016 -0800

    Auto merge of #37640 - michaelwoerister:llvm-type-names, r=brson
    
    trans: Make type names in LLVM IR independent of crate-nums and source locations.
    
    UPDATE:
    This PR makes the type names we assign in LLVM IR independent of the type definition's location in the source code and the order in which extern crates are loaded. The new type names look like the old ones, except for closures and the `<crate-num>.` prefix being gone. Resolution of name clashes (e.g. of the same type in different crate versions) is left to LLVM (which will just append `.<counter>` to the name).
    
    ORIGINAL TEXT:
    This PR makes the type names we assign in LLVM IR independent of the type definition's location in the source code. Before, the type of closures contained the closures definition location. The new naming scheme follows the same pattern that we already use for symbol names: We have a human readable prefix followed by a hash that makes sure we don't have any collisions. Here is an example of what the new names look like:
    
    ```rust
    // prog.rs - example program
    
    mod mod1
    {
        pub struct Struct<T>(pub T);
    }
    
    fn main() {
        use mod1::Struct;
    
        let _s = Struct(0u32);
        let _t = Struct('h');
        let _x = Struct(Struct(0i32));
    }
    ```
    Old:
    ```llvm
    %"mod1::Struct<u32>" = type { i32 }
    %"mod1::Struct<char>" = type { i32 }
    %"mod1::Struct<mod1::Struct<i32>>" = type { %"mod1::Struct<i32>" }
    %"mod1::Struct<i32>" = type { i32 }
    ```
    New:
    ```llvm
    %"prog::mod1::Struct<u32>::ejDrT" = type { i32 }
    %"prog::mod1::Struct<char>::2eEAU" = type { i32 }
    %"prog::mod1::Struct<prog::mod1::Struct<i32>>::ehCqR" = type { %"prog::mod1::Struct<i32>::$fAo2" }
    %"prog::mod1::Struct<i32>::$fAo2" = type { i32 }
    ```
    
    As you can see, the new names are slightly more verbose, but also more consistent. There is no difference now between a local type and one from another crate (before, non-local types where prefixed with `<crate-num>.` as in `2.std::mod1::Type1`).
    
    There is a bit of design space here. For example, we could leave off the crate name for local definitions (making names shorter but less consistent):
    ```llvm
    %"mod1::Struct<u32>::ejDrT" = type { i32 }
    %"mod1::Struct<char>::2eEAU" = type { i32 }
    %"mod1::Struct<mod1::Struct<i32>>::ehCqR" = type { %"mod1::Struct<i32>::$fAo2" }
    %"mod1::Struct<i32>::$fAo2" = type { i32 }
    ```
    
    We could also put the hash in front, which might be more readable:
    ```llvm
    %"ejDrT.mod1::Struct<u32>" = type { i32 }
    %"2eEAU.mod1::Struct<char>" = type { i32 }
    %"ehCqR.mod1::Struct<mod1::Struct<i32>>" = type { %"$fAo2.mod1::Struct<i32>" }
    %"$fAo2.mod1::Struct<i32>" = type { i32 }
    ```
    
    We could probably also get rid of the hash if we used full DefPaths and crate-nums (though I'm not yet a 100% sure if crate-nums could mess with incremental compilation).
    
    ```llvm
    %"mod1::Struct<u32>" = type { i32 }
    %"mod1::Struct<char>" = type { i32 }
    %"mod1::Struct<mod1::Struct<i32>>" = type { %"mod1::Struct<i32>" }
    %"mod1::Struct<i32>" = type { i32 }
    %"2.std::mod1::Type1" = type { ... }
    ```
    I would prefer the solution with the hashes because it is nice and consistent conceptually, but visually it's admittedly a bit uglier. Maybe @rust-lang/compiler would like to bikeshed a little about this.
    
    On a related note: Has anyone ever tried if the LTO-linker will merge equal types with different names?
    (^ @brson, @alexcrichton ^)
    If not, that would be a reason to make type names more consistent.
rustc: ./piston-image-0.10.3
cargo rustc  -- -Ztime-passes -Zinput-stats
   Compiling lzw v0.10.0
   Compiling gcc v0.3.35
   Compiling color_quant v1.0.0
   Compiling inflate v0.1.1
   Compiling bitflags v0.7.0
   Compiling byteorder v0.5.3
   Compiling num-traits v0.1.35
   Compiling rustc-serialize v0.3.19
   Compiling glob v0.2.11
   Compiling libc v0.2.16
   Compiling scoped_threadpool v0.1.7
   Compiling gif v0.9.0
   Compiling num-integer v0.1.32
   Compiling rand v0.3.14
   Compiling num_cpus v0.2.13
   Compiling num-iter v0.1.32
   Compiling num v0.1.35
   Compiling miniz-sys v0.1.7
   Compiling enum_primitive v0.1.0
   Compiling flate2 v0.2.14
   Compiling deque v0.3.1
   Compiling rayon v0.4.2
   Compiling jpeg-decoder v0.1.6
   Compiling num-bigint v0.1.35
   Compiling png v0.5.2
   Compiling num-rational v0.1.35
   Compiling image v0.10.3 (file:///root/benchmarks/piston-image-0.10.3)
time: 0.037; rss: 54MB	parsing
Lines of code:             12000
Pre-expansion node count:  90152
time: 0.000; rss: 54MB	recursion limit
time: 0.000; rss: 54MB	crate injection
time: 0.000; rss: 54MB	plugin loading
time: 0.000; rss: 54MB	plugin registration
time: 0.064; rss: 93MB	expansion
time: 0.000; rss: 93MB	maybe building test harness
time: 0.001; rss: 93MB	maybe creating a macro crate
Post-expansion node count: 148881
time: 0.000; rss: 93MB	checking for inline asm in case the target doesn't support it
time: 0.003; rss: 93MB	complete gated feature checking
time: 0.005; rss: 93MB	early lint checks
time: 0.001; rss: 93MB	AST validation
time: 0.019; rss: 97MB	name resolution
time: 0.012; rss: 106MB	lowering ast -> hir
time: 0.002; rss: 110MB	indexing hir
time: 0.002; rss: 110MB	attribute checking
time: 0.001; rss: 100MB	language item collection
time: 0.002; rss: 100MB	lifetime resolution
time: 0.000; rss: 100MB	looking for entry point
time: 0.000; rss: 100MB	looking for plugin registrar
time: 0.009; rss: 106MB	region resolution
time: 0.001; rss: 106MB	loop checking
time: 0.001; rss: 106MB	static item recursion checking
time: 0.050; rss: 105MB	compute_incremental_hashes_map
time: 0.000; rss: 105MB	load_dep_graph
time: 0.016; rss: 108MB	type collecting
time: 0.000; rss: 108MB	variance inference
time: 0.014; rss: 109MB	coherence checking
time: 0.065; rss: 110MB	wf checking
time: 0.134; rss: 112MB	item-types checking
time: 0.678; rss: 124MB	item-bodies checking
time: 0.000; rss: 124MB	drop-impl checking
time: 0.048; rss: 129MB	const checking
time: 0.008; rss: 129MB	privacy checking
time: 0.001; rss: 129MB	stability index
time: 0.006; rss: 129MB	intrinsic checking
time: 0.003; rss: 129MB	effect checking
time: 0.013; rss: 129MB	match checking
time: 0.009; rss: 130MB	liveness checking
time: 0.039; rss: 130MB	rvalue checking
time: 0.089; rss: 171MB	MIR dump
  time: 0.011; rss: 171MB	SimplifyCfg
  time: 0.019; rss: 171MB	QualifyAndPromoteConstants
  time: 0.021; rss: 171MB	TypeckMir
  time: 0.001; rss: 171MB	SimplifyBranches
  time: 0.005; rss: 171MB	SimplifyCfg
time: 0.057; rss: 171MB	MIR cleanup and validation
time: 0.104; rss: 171MB	borrow checking
time: 0.003; rss: 171MB	reachability checking
time: 0.007; rss: 171MB	death checking
time: 0.007; rss: 171MB	stability checking
time: 0.000; rss: 171MB	unused lib feature checking
time: 0.062; rss: 171MB	lint checking
time: 0.000; rss: 171MB	resolving dependency formats
  time: 0.001; rss: 171MB	NoLandingPads
  time: 0.005; rss: 171MB	SimplifyCfg
  time: 0.011; rss: 171MB	EraseRegions
  time: 0.002; rss: 171MB	AddCallGuards
  time: 0.041; rss: 176MB	ElaborateDrops
  time: 0.001; rss: 176MB	NoLandingPads
  time: 0.009; rss: 176MB	SimplifyCfg
  time: 0.006; rss: 176MB	InstCombine
  time: 0.002; rss: 176MB	Deaggregator
  time: 0.000; rss: 176MB	CopyPropagation
  time: 0.007; rss: 176MB	SimplifyLocals
  time: 0.002; rss: 176MB	AddCallGuards
  time: 0.000; rss: 176MB	PreTrans
time: 0.086; rss: 176MB	MIR optimisations
  time: 0.015; rss: 176MB	write metadata
  time: 0.325; rss: 191MB	translation item collection
  time: 0.024; rss: 195MB	codegen unit partitioning
  time: 0.021; rss: 315MB	internalize symbols
time: 2.226; rss: 315MB	translation
time: 0.000; rss: 315MB	assert dep graph
time: 0.000; rss: 315MB	serialize dep graph
  time: 0.207; rss: 225MB	llvm function passes [0]
  time: 0.083; rss: 227MB	llvm module passes [0]
  time: 4.159; rss: 227MB	codegen passes [0]
  time: 0.000; rss: 227MB	codegen passes [0]
time: 4.760; rss: 227MB	LLVM passes
time: 0.000; rss: 227MB	serialize work products
time: 0.129; rss: 98MB	linking
done
