commit 1a942f60f085be7450f340b33eae16570633eb27
Merge: 6b45117 0c742d2
Author: bors <bors@rust-lang.org>
Date:   Tue Jun 14 17:11:05 2016 -0700

    Auto merge of #34245 - ollie27:rustdoc_redirect_rename, r=alexcrichton
    
    rustdoc: Fix redirect pages for renamed reexports
    
    We need to use the name of the target not the name of the current item
    when creating the link.
    
    An example in `std` is [`std::sys::ext`](https://doc.rust-lang.org/nightly/std/sys/ext/index.html).
rustc: ./piston-image-0.3.11
cargo rustc -- -Ztime-passes -Zinput-stats
    Updating registry `https://github.com/rust-lang/crates.io-index`
   Compiling libc v0.2.12
   Compiling glob v0.2.11
   Compiling gcc v0.3.28
   Compiling lzw v0.8.0
   Compiling rustc-serialize v0.3.19
   Compiling bitflags v0.7.0
   Compiling num-traits v0.1.32
   Compiling color_quant v1.0.0
   Compiling byteorder v0.3.13
   Compiling miniz-sys v0.1.7
   Compiling gif v0.5.1
   Compiling rand v0.3.14
   Compiling flate2 v0.2.14
   Compiling num-integer v0.1.32
   Compiling num-iter v0.1.32
   Compiling num-bigint v0.1.32
   Compiling num-complex v0.1.32
   Compiling num-rational v0.1.32
   Compiling num v0.1.32
   Compiling enum_primitive v0.0.1
   Compiling png v0.3.1
makefile:2: recipe for target 'all' failed
done
