commit 4b87655e69a6d07f03b104caaec80a042ad40bf1
Merge: 6d6ae1f d961323
Author: bors <bors@rust-lang.org>
Date:   Thu Mar 10 07:05:05 2016 -0800

    Auto merge of #32101 - SimonSapin:patch-11, r=alexcrichton
    
    Add info in `rustdoc --passes list`
    
    CC @mitaa, https://github.com/rust-lang/rust/pull/32055/files#r55205006
rustc: ./piston-image-0.3.11
cargo rustc -- -Ztime-passes -Zinput-stats
    Updating registry `https://github.com/rust-lang/crates.io-index`
   Compiling libc v0.2.8
   Compiling rustc-serialize v0.3.18
   Compiling lzw v0.8.0
   Compiling byteorder v0.3.13
   Compiling color_quant v1.0.0
   Compiling gcc v0.3.25
   Compiling bitflags v0.5.0
   Compiling glob v0.2.11
   Compiling gif v0.5.1
   Compiling rand v0.3.14
   Compiling miniz-sys v0.1.7
   Compiling flate2 v0.2.13
   Compiling num v0.1.31
   Compiling png v0.3.1
   Compiling enum_primitive v0.0.1
makefile:2: recipe for target 'all' failed
done
