commit 0d61bb3b497e3e0c788315dd8756f3dc18060c69
Merge: a9cc5b0 72560e14
Author: bors <bors@rust-lang.org>
Date:   Sat May 7 03:01:44 2016 -0700

    Auto merge of #33333 - birkenfeld:issue-30318, r=Manishearth
    
    parser: show a helpful note on unexpected inner comment
    
    Fixes: #30318.
rustc: ./piston-image-0.3.11
cargo rustc -- -Ztime-passes -Zinput-stats
    Updating registry `https://github.com/rust-lang/crates.io-index`
   Compiling bitflags v0.6.0
   Compiling rustc-serialize v0.3.19
   Compiling libc v0.2.11
   Compiling byteorder v0.3.13
   Compiling lzw v0.8.0
   Compiling gcc v0.3.28
   Compiling color_quant v1.0.0
   Compiling num-traits v0.1.32
   Compiling glob v0.2.11
   Compiling rand v0.3.14
   Compiling miniz-sys v0.1.7
   Compiling num-integer v0.1.32
   Compiling flate2 v0.2.14
   Compiling gif v0.5.1
   Compiling num-iter v0.1.32
   Compiling num-complex v0.1.32
   Compiling num-bigint v0.1.32
   Compiling num-rational v0.1.32
   Compiling num v0.1.32
   Compiling enum_primitive v0.0.1
   Compiling png v0.3.1
makefile:2: recipe for target 'all' failed
done
