commit ccfaaa7d989356ff440e9960da28909491e2f00d
Merge: 12238b9 9639ec8
Author: bors <bors@rust-lang.org>
Date:   Sat Jun 4 16:48:29 2016 -0700

    Auto merge of #34031 - jseyfried:fix_cfg_bug, r=eddyb
    
    Fix a regression in the configuration folder
    
    This fixes #34028, a regression caused by #33706 in which unconfigured impl items generated by a macro in an impl item position are not removed.
    r? @nrc
rustc: ./piston-image-0.3.11
cargo rustc -- -Ztime-passes -Zinput-stats
    Updating registry `https://github.com/rust-lang/crates.io-index`
   Compiling byteorder v0.3.13
   Compiling color_quant v1.0.0
   Compiling rustc-serialize v0.3.19
   Compiling glob v0.2.11
   Compiling num-traits v0.1.32
   Compiling gcc v0.3.28
   Compiling lzw v0.8.0
   Compiling bitflags v0.7.0
   Compiling libc v0.2.11
   Compiling gif v0.5.1
   Compiling miniz-sys v0.1.7
   Compiling rand v0.3.14
   Compiling flate2 v0.2.14
   Compiling num-integer v0.1.32
   Compiling num-iter v0.1.32
   Compiling num-bigint v0.1.32
   Compiling num-complex v0.1.32
   Compiling num-rational v0.1.32
   Compiling num v0.1.32
   Compiling enum_primitive v0.0.1
   Compiling png v0.3.1
makefile:2: recipe for target 'all' failed
done
