commit 9743c661b0e768997cf4af1c8da8d5838e1c2c2f
Merge: 310d899 07194a0
Author: bors <bors@rust-lang.org>
Date:   Wed May 18 05:04:26 2016 -0700

    Auto merge of #33710 - Manishearth:rollup, r=Manishearth
    
    Rollup of 5 pull requests
    
    - Successful merges: #33656, #33666, #33673, #33675, #33695
    - Failed merges:
rustc: ./piston-image-0.3.11
cargo rustc -- -Ztime-passes -Zinput-stats
    Updating registry `https://github.com/rust-lang/crates.io-index`
   Compiling lzw v0.8.0
   Compiling num-traits v0.1.32
   Compiling rustc-serialize v0.3.19
   Compiling gcc v0.3.28
   Compiling color_quant v1.0.0
   Compiling glob v0.2.11
   Compiling byteorder v0.3.13
   Compiling libc v0.2.11
   Compiling bitflags v0.7.0
   Compiling miniz-sys v0.1.7
   Compiling gif v0.5.1
   Compiling rand v0.3.14
   Compiling flate2 v0.2.14
   Compiling num-integer v0.1.32
   Compiling num-iter v0.1.32
   Compiling num-complex v0.1.32
   Compiling num-bigint v0.1.32
   Compiling num-rational v0.1.32
   Compiling num v0.1.32
   Compiling png v0.3.1
   Compiling enum_primitive v0.0.1
makefile:2: recipe for target 'all' failed
done
