commit 2a815a26c8ce70e1aede585827c020d9775a8faf
Merge: 9e17622 3c1d087
Author: bors <bors@rust-lang.org>
Date:   Sat Apr 30 08:59:46 2016 -0700

    Auto merge of #33276 - bwinterton:btreeset-insert-doc-fix, r=GuillaumeGomez
    
    Make BTreeSet::Insert docs more consistent
    
    Made the BTreeSet::Insert documentation consistent with the HashSet::Insert documentation by using the term 'value' instead of 'key'.
    
    r? @steveklabnik
rustc: ./piston-image-0.3.11
cargo rustc -- -Ztime-passes -Zinput-stats
    Updating registry `https://github.com/rust-lang/crates.io-index`
   Compiling rustc-serialize v0.3.19
   Compiling glob v0.2.11
   Compiling gcc v0.3.28
   Compiling bitflags v0.6.0
   Compiling byteorder v0.3.13
   Compiling lzw v0.8.0
   Compiling libc v0.2.10
   Compiling num-traits v0.1.32
   Compiling color_quant v1.0.0
   Compiling miniz-sys v0.1.7
   Compiling rand v0.3.14
   Compiling gif v0.5.1
   Compiling flate2 v0.2.13
   Compiling num-integer v0.1.32
   Compiling num-iter v0.1.32
   Compiling num-complex v0.1.32
   Compiling num-bigint v0.1.32
   Compiling num-rational v0.1.32
   Compiling num v0.1.32
   Compiling enum_primitive v0.0.1
   Compiling png v0.3.1
makefile:2: recipe for target 'all' failed
done
