commit a23064af5ec7f52b287e2c60823fed92a4763502
Merge: 1194695 6961d26
Author: bors <bors@rust-lang.org>
Date:   Sat Aug 27 12:31:25 2016 -0700

    Auto merge of #35674 - ahmedcharles:rpass, r=alexcrichton
    
    Fix compiletest so it respects warnings for run-pass.
rustc: ./piston-image-0.3.11
cargo rustc -- -Ztime-passes -Zinput-stats
    Updating registry `https://github.com/rust-lang/crates.io-index`
   Compiling byteorder v0.3.13
   Compiling num-traits v0.1.35
   Compiling bitflags v0.7.0
   Compiling libc v0.2.15
   Compiling rustc-serialize v0.3.19
   Compiling color_quant v1.0.0
   Compiling gcc v0.3.35
   Compiling lzw v0.8.0
   Compiling glob v0.2.11
   Compiling gif v0.5.1
   Compiling rand v0.3.14
   Compiling miniz-sys v0.1.7
   Compiling num-integer v0.1.32
   Compiling flate2 v0.2.14
   Compiling num-iter v0.1.32
   Compiling num-bigint v0.1.35
   Compiling num-complex v0.1.35
   Compiling num-rational v0.1.35
   Compiling num v0.1.35
   Compiling png v0.3.1
   Compiling enum_primitive v0.0.1
makefile:2: recipe for target 'all' failed
done
