commit deee0f73da885a71ebf9c8d29213c663dba467b9
Merge: abb3a10 1e67d8a
Author: bors <bors@rust-lang.org>
Date:   Sun Mar 27 06:13:53 2016 -0700

    Auto merge of #32252 - durka:derive-21714, r=alexcrichton
    
    derive: use discriminant_value in #[derive(Hash)]
    
    derive: use discriminant_value in #[derive(Hash)]
    
    Fixes #21714.
    
    Spawned from #32139.
    
    r? @alexcrichton
rustc: ./regex-macros.0.1.30
cd regex_macros && cargo rustc -- -Ztime-passes -Zinput-stats
   Compiling regex_macros v0.1.17 (file:///root/benchmarks/regex-macros.0.1.30/regex_macros)
time: 0.002; rss: 40MB	parsing
Lines of code:             639
Pre-expansion node count:  2170
time: 0.001; rss: 40MB	configuration 1
time: 0.000; rss: 40MB	recursion limit
time: 0.000; rss: 40MB	gated macro checking
time: 0.000; rss: 40MB	crate injection
time: 0.003; rss: 43MB	macro loading
time: 0.000; rss: 43MB	plugin loading
time: 0.000; rss: 43MB	plugin registration
time: 0.034; rss: 50MB	expansion
time: 0.001; rss: 50MB	complete gated feature checking 1
time: 0.011; rss: 50MB	configuration 2
time: 0.000; rss: 50MB	gated configuration checking
time: 0.005; rss: 50MB	maybe building test harness
time: 0.005; rss: 50MB	prelude injection
time: 0.000; rss: 50MB	checking that all macro invocations are gone
time: 0.000; rss: 50MB	checking for inline asm in case the target doesn't support it
time: 0.001; rss: 50MB	complete gated feature checking 2
time: 0.000; rss: 50MB	const fn bodies and arguments
Post-expansion node count: 76161
time: 0.005; rss: 50MB	assigning node ids
time: 0.004; rss: 54MB	lowering ast -> hir
time: 0.001; rss: 56MB	indexing hir
time: 0.001; rss: 56MB	attribute checking
time: 0.003; rss: 56MB	early lint checks
time: 0.068; rss: 88MB	external crate/lib resolution
time: 0.001; rss: 88MB	language item collection
time: 0.013; rss: 109MB	resolution
time: 0.001; rss: 109MB	lifetime resolution
time: 0.000; rss: 109MB	looking for entry point
time: 0.000; rss: 109MB	looking for plugin registrar
time: 0.002; rss: 111MB	region resolution
time: 0.000; rss: 111MB	loop checking
time: 0.000; rss: 111MB	static item recursion checking
time: 0.003; rss: 114MB	type collecting
time: 0.000; rss: 114MB	variance inference
time: 0.012; rss: 139MB	coherence checking
time: 0.008; rss: 142MB	wf checking
time: 0.001; rss: 142MB	item-types checking
syntax::parse::parser::Parser<'_>
bool
time: 1.001; rss: 192MB	item-bodies checking
makefile:2: recipe for target 'all' failed
done
