commit e7420fbbae85a62a62163a2ac5c947b76a8eb62d
Merge: 9f58fb7 55aae6f
Author: bors <bors@rust-lang.org>
Date:   Sun May 15 11:01:03 2016 -0700

    Auto merge of #33620 - eddyb:oops-static-is-not-fn, r=dotdash
    
    mir: always allow &mut [...] in static mut regardless of the array length.
rustc: ./regex-macros.0.1.30
cd regex_macros && cargo rustc -- -Ztime-passes -Zinput-stats
   Compiling regex_macros v0.1.17 (file:///root/benchmarks/regex-macros.0.1.30/regex_macros)
time: 0.002; rss: 47MB	parsing
Lines of code:             639
Pre-expansion node count:  2170
time: 0.001; rss: 47MB	configuration 1
time: 0.000; rss: 47MB	recursion limit
time: 0.000; rss: 47MB	crate injection
time: 0.003; rss: 53MB	macro loading
time: 0.000; rss: 53MB	plugin loading
time: 0.000; rss: 53MB	plugin registration
time: 0.040; rss: 58MB	expansion
time: 0.010; rss: 58MB	configuration 2
time: 0.000; rss: 58MB	gated configuration checking
time: 0.005; rss: 58MB	maybe building test harness
time: 0.005; rss: 58MB	prelude injection
time: 0.000; rss: 58MB	checking that all macro invocations are gone
time: 0.000; rss: 58MB	checking for inline asm in case the target doesn't support it
time: 0.001; rss: 58MB	complete gated feature checking
Post-expansion node count: 69741
time: 0.004; rss: 59MB	assigning node ids
time: 0.000; rss: 59MB	collecting defs
time: 0.107; rss: 96MB	external crate/lib resolution
time: 0.004; rss: 96MB	early lint checks
time: 0.011; rss: 116MB	name resolution
time: 0.006; rss: 122MB	lowering ast -> hir
time: 0.001; rss: 123MB	indexing hir
time: 0.000; rss: 123MB	attribute checking
time: 0.001; rss: 119MB	language item collection
time: 0.001; rss: 119MB	lifetime resolution
time: 0.000; rss: 119MB	looking for entry point
time: 0.000; rss: 119MB	looking for plugin registrar
time: 0.002; rss: 120MB	region resolution
time: 0.000; rss: 120MB	loop checking
time: 0.000; rss: 120MB	static item recursion checking
time: 0.000; rss: 120MB	load_dep_graph
time: 0.016; rss: 155MB	type collecting
time: 0.000; rss: 155MB	variance inference
time: 0.011; rss: 160MB	coherence checking
time: 0.007; rss: 163MB	wf checking
time: 0.001; rss: 163MB	item-types checking
time: 1.227; rss: 191MB	item-bodies checking
makefile:2: recipe for target 'all' failed
done
