commit c81c75076c05990af6f71e56ccc12d7b196ee25c
Merge: 7de2e6d f67c4bb
Author: bors <bors@rust-lang.org>
Date:   Fri Jun 3 19:36:32 2016 -0700

    Auto merge of #33803 - WiSaGaN:feature/rename-main-thread, r=alexcrichton
    
    Rename main thread from "<main>" to "main".
    
    Fix issue #33789
    
    We may need to discuss whether this counts as a breaking change since code may check the main thread name against "\<main\>". Discussion is in #33789
rustc: ./regex-macros.0.1.30
cd regex_macros && cargo rustc -- -Ztime-passes -Zinput-stats
   Compiling regex_macros v0.1.17 (file:///root/benchmarks/regex-macros.0.1.30/regex_macros)
time: 0.003; rss: 44MB	parsing
Lines of code:             639
Pre-expansion node count:  2072
time: 0.000; rss: 44MB	configuration 1
time: 0.000; rss: 44MB	recursion limit
time: 0.000; rss: 44MB	crate injection
time: 0.022; rss: 77MB	macro loading
time: 0.000; rss: 77MB	plugin loading
time: 0.000; rss: 77MB	plugin registration
time: 0.059; rss: 83MB	expansion
time: 0.000; rss: 83MB	gated configuration checking
time: 0.007; rss: 83MB	maybe building test harness
time: 0.007; rss: 83MB	prelude injection
time: 0.000; rss: 83MB	checking for inline asm in case the target doesn't support it
time: 0.001; rss: 83MB	complete gated feature checking
Post-expansion node count: 69643
time: 0.006; rss: 83MB	assigning node ids
time: 0.000; rss: 83MB	collecting defs
time: 0.141; rss: 168MB	external crate/lib resolution
time: 0.005; rss: 168MB	early lint checks
time: 0.001; rss: 168MB	AST validation
time: 0.011; rss: 171MB	name resolution
time: 0.007; rss: 174MB	lowering ast -> hir
time: 0.001; rss: 174MB	indexing hir
time: 0.000; rss: 174MB	attribute checking
time: 0.001; rss: 170MB	language item collection
time: 0.001; rss: 170MB	lifetime resolution
time: 0.000; rss: 170MB	looking for entry point
time: 0.000; rss: 170MB	looking for plugin registrar
time: 0.003; rss: 172MB	region resolution
time: 0.000; rss: 172MB	loop checking
time: 0.000; rss: 172MB	static item recursion checking
time: 0.000; rss: 172MB	load_dep_graph
time: 0.016; rss: 174MB	type collecting
time: 0.000; rss: 174MB	variance inference
time: 0.011; rss: 176MB	coherence checking
time: 0.008; rss: 177MB	wf checking
time: 0.001; rss: 177MB	item-types checking
time: 1.044; rss: 193MB	item-bodies checking
makefile:2: recipe for target 'all' failed
done
