commit 1283c029557bcde106adde71f467fe133b3ffeff
Merge: 185d908 5e33c5f
Author: bors <bors@rust-lang.org>
Date:   Wed Jan 25 11:59:18 2017 +0000

    Auto merge of #39286 - nrc:save-path, r=eddyb
    
    save-analysis: polishing paths
    
    a couple of minor changes that get us better coverage of different paths.
    
    r? @eddyb
rustc 1.15.0-nightly (daf8c1dfc 2016-12-05)
-rwxr-xr-x 1 root root 9432 Dec  6 15:39 /usr/local/bin/rustc
rustc: ./regex-0.1.80@030-compile_one
git apply 030-compile_one.diff
find . -name "*.rs" | xargs touch
git diff
diff --git a/regex-0.1.80/src/compile.rs b/regex-0.1.80/src/compile.rs
index 9db743f..9a32d30 100644
--- a/regex-0.1.80/src/compile.rs
+++ b/regex-0.1.80/src/compile.rs
@@ -137,6 +137,8 @@ impl Compiler {
     }
 
     fn compile_one(mut self, expr: &Expr) -> result::Result<Program, Error> {
+        {} // @030
+
         // If we're compiling a forward DFA and we aren't anchored, then
         // add a `.*?` before the first capture group.
         // Other matching engines handle this by baking the logic into the
RUSTFLAGS="-Z incremental=incr" cargo rustc  -- \
  -Ztime-passes -Zinput-stats -Z incremental-info
makefile:18: recipe for target 'all@030-compile_one' failed
done
