commit fe96928d7de991e527a7ed7b88bb30aa965c8a08
Merge: 45cde97 02f9be8
Author: bors <bors@rust-lang.org>
Date:   Tue Jun 21 02:18:42 2016 -0700

    Auto merge of #34155 - ollie27:unzip, r=alexcrichton
    
    Remove unzip() SizeHint hack
    
    This was using an invalid iterator so is likely to end with buggy
    behaviour.
    
    It also doesn't even benefit many type in std including Vec so removing it
    shouldn't cause any problems.
    
    Fixes: #33468
rustc: ./regex-macros.0.1.30
cd regex_macros && cargo rustc -- -Ztime-passes -Zinput-stats
   Compiling regex_macros v0.1.17 (file:///root/benchmarks/regex-macros.0.1.30/regex_macros)
time: 0.002; rss: 47MB	parsing
Lines of code:             639
Pre-expansion node count:  2072
time: 0.000; rss: 47MB	configuration
time: 0.000; rss: 47MB	recursion limit
time: 0.000; rss: 47MB	crate injection
time: 0.000; rss: 47MB	plugin loading
time: 0.000; rss: 47MB	plugin registration
time: 0.064; rss: 89MB	expansion
time: 0.000; rss: 89MB	maybe building test harness
time: 0.000; rss: 89MB	checking for inline asm in case the target doesn't support it
time: 0.001; rss: 89MB	complete gated feature checking
Post-expansion node count: 69643
time: 0.004; rss: 89MB	assigning node ids
time: 0.000; rss: 89MB	collecting defs
time: 0.101; rss: 171MB	external crate/lib resolution
time: 0.003; rss: 171MB	early lint checks
time: 0.000; rss: 171MB	AST validation
time: 0.010; rss: 174MB	name resolution
time: 0.005; rss: 178MB	lowering ast -> hir
time: 0.001; rss: 178MB	indexing hir
time: 0.000; rss: 178MB	attribute checking
time: 0.001; rss: 174MB	language item collection
time: 0.000; rss: 174MB	lifetime resolution
time: 0.000; rss: 174MB	looking for entry point
time: 0.000; rss: 174MB	looking for plugin registrar
time: 0.002; rss: 176MB	region resolution
time: 0.000; rss: 176MB	loop checking
time: 0.000; rss: 176MB	static item recursion checking
time: 0.000; rss: 176MB	load_dep_graph
time: 0.014; rss: 178MB	type collecting
time: 0.000; rss: 178MB	variance inference
time: 0.010; rss: 179MB	coherence checking
time: 0.008; rss: 180MB	wf checking
time: 0.001; rss: 180MB	item-types checking
time: 0.871; rss: 200MB	item-bodies checking
makefile:2: recipe for target 'all' failed
done
