commit 02b22ec7bd8fa542dd3b08a8497ad5cd3a20c417
Merge: 371f4d6 cf89453
Author: bors <bors@rust-lang.org>
Date:   Wed Dec 28 17:27:13 2016 +0000

    Auto merge of #38639 - xen0n:nightly-dist-hotfix, r=brson
    
    rustbuild: Hotfix to unbreak nightly
    
    Fixes an oversight unnoticed in #38468 that eventually broke nightly packaging. I didn't realize this until some moments ago, when I finally found out the failure is actually deterministic. Many apologies for eating 3 nightlies during the holidays.
    
    r? @alexcrichton
rustc: ./regex-0.1.80@060-Compiler-new
git apply 060-Compiler-new.diff
find . -name "*.rs" | xargs touch
git diff
diff --git a/regex-0.1.80/src/compile.rs b/regex-0.1.80/src/compile.rs
index 9db743f..629328a 100644
--- a/regex-0.1.80/src/compile.rs
+++ b/regex-0.1.80/src/compile.rs
@@ -54,6 +54,7 @@ impl Compiler {
     ///
     /// Various options can be set before calling `compile` on an expression.
     pub fn new() -> Self {
+        {}
         Compiler {
             insts: vec![],
             compiled: Program::new(),
@@ -137,6 +138,8 @@ impl Compiler {
     }
 
     fn compile_one(mut self, expr: &Expr) -> result::Result<Program, Error> {
+        {} // @030
+
         // If we're compiling a forward DFA and we aren't anchored, then
         // add a `.*?` before the first capture group.
         // Other matching engines handle this by baking the logic into the
diff --git a/regex-0.1.80/src/expand.rs b/regex-0.1.80/src/expand.rs
index 9bea703..b4ae1ab 100644
--- a/regex-0.1.80/src/expand.rs
+++ b/regex-0.1.80/src/expand.rs
@@ -5,6 +5,7 @@ use memchr::memchr;
 use bytes::Captures;
 
 pub fn expand(caps: &Captures, mut replacement: &[u8], dst: &mut Vec<u8>) {
+    { }
     while !replacement.is_empty() {
         match memchr(b'$', replacement) {
             None => break,
@@ -84,6 +85,7 @@ fn find_cap_ref(mut replacement: &[u8]) -> Option<CaptureRef> {
 }
 
 fn is_valid_cap_letter(b: &u8) -> bool {
+    { }
     match *b {
         b'0' ... b'9' | b'a' ... b'z' | b'A' ... b'Z' | b'_' => true,
         _ => false,
RUSTFLAGS="-Z incremental=incr" cargo rustc  -- \
  -Ztime-passes -Zinput-stats -Z incremental-info
time: 0.024; rss: 54MB	parsing
Lines of code:             10694
Pre-expansion node count:  55408
time: 0.000; rss: 54MB	recursion limit
time: 0.000; rss: 54MB	crate injection
time: 0.000; rss: 54MB	plugin loading
time: 0.000; rss: 54MB	plugin registration
time: 0.046; rss: 86MB	expansion
time: 0.000; rss: 86MB	maybe building test harness
time: 0.001; rss: 86MB	maybe creating a macro crate
Post-expansion node count: 86881
time: 0.000; rss: 86MB	checking for inline asm in case the target doesn't support it
time: 0.001; rss: 86MB	complete gated feature checking
time: 0.003; rss: 86MB	early lint checks
time: 0.001; rss: 86MB	AST validation
time: 0.011; rss: 89MB	name resolution
time: 0.009; rss: 95MB	lowering ast -> hir
time: 0.001; rss: 95MB	indexing hir
time: 0.001; rss: 95MB	attribute checking
time: 0.000; rss: 89MB	language item collection
time: 0.002; rss: 89MB	lifetime resolution
time: 0.000; rss: 89MB	looking for entry point
time: 0.000; rss: 89MB	looking for plugin registrar
time: 0.005; rss: 93MB	region resolution
time: 0.001; rss: 93MB	loop checking
time: 0.000; rss: 93MB	static item recursion checking
time: 0.034; rss: 93MB	compute_incremental_hashes_map
incremental: session directory: 45 files hard-linked
incremental: session directory: 0 files copied
incremental: module WorkProduct(WorkProductId("regex-literals")) is dirty because Hir("regex/487ea9dfbd1eb8b5ec8d0b2a966660e2::compile[0]::MaybeInst[0]") changed or was removed
incremental: module WorkProduct(WorkProductId("regex-re_unicode")) is dirty because Hir("regex/487ea9dfbd1eb8b5ec8d0b2a966660e2::compile[0]::{{impl}}[13]") changed or was removed
incremental: module WorkProduct(WorkProductId("regex-error")) is dirty because Hir("regex/487ea9dfbd1eb8b5ec8d0b2a966660e2::compile[0]::SuffixCacheKey[0]") changed or was removed
incremental: module WorkProduct(WorkProductId("regex-re_bytes")) is dirty because Hir("regex/487ea9dfbd1eb8b5ec8d0b2a966660e2::compile[0]::MaybeInst[0]") changed or was removed
incremental: module WorkProduct(WorkProductId("regex-re_plugin")) is dirty because Hir("regex/487ea9dfbd1eb8b5ec8d0b2a966660e2::compile[0]::Hole[0]") changed or was removed
incremental: module WorkProduct(WorkProductId("regex-re_builder-bytes")) is dirty because Hir("regex/487ea9dfbd1eb8b5ec8d0b2a966660e2::compile[0]::InstHole[0]") changed or was removed
incremental: module WorkProduct(WorkProductId("regex-expand")) is dirty because Hir("regex/487ea9dfbd1eb8b5ec8d0b2a966660e2::compile[0]::InstHole[0]") changed or was removed
incremental: module WorkProduct(WorkProductId("regex-pikevm")) is dirty because Hir("regex/487ea9dfbd1eb8b5ec8d0b2a966660e2::compile[0]::Hole[0]") changed or was removed
incremental: module WorkProduct(WorkProductId("regex-prog")) is dirty because Hir("regex/487ea9dfbd1eb8b5ec8d0b2a966660e2::compile[0]::{{impl}}[13]") changed or was removed
incremental: module WorkProduct(WorkProductId("regex-compile")) is dirty because Hir("regex/487ea9dfbd1eb8b5ec8d0b2a966660e2::compile[0]::MaybeInst[0]") changed or was removed
incremental: module WorkProduct(WorkProductId("regex-sparse")) is dirty because Hir("regex/487ea9dfbd1eb8b5ec8d0b2a966660e2::compile[0]::{{impl}}[12]") changed or was removed
incremental: module WorkProduct(WorkProductId("regex-utf8")) is dirty because Hir("regex/487ea9dfbd1eb8b5ec8d0b2a966660e2::compile[0]::Hole[0]") changed or was removed
incremental: module WorkProduct(WorkProductId("regex-re_set-unicode")) is dirty because Hir("regex/487ea9dfbd1eb8b5ec8d0b2a966660e2::compile[0]::SuffixCacheEntry[0]") changed or was removed
incremental: module WorkProduct(WorkProductId("regex-re_builder")) is dirty because Hir("regex/487ea9dfbd1eb8b5ec8d0b2a966660e2::compile[0]::Hole[0]") changed or was removed
incremental: module WorkProduct(WorkProductId("regex-dfa")) is dirty because Hir("regex/487ea9dfbd1eb8b5ec8d0b2a966660e2::compile[0]::Hole[0]") changed or was removed
incremental: module WorkProduct(WorkProductId("regex-re_builder-unicode")) is dirty because Hir("regex/487ea9dfbd1eb8b5ec8d0b2a966660e2::compile[0]::InstHole[0]") changed or was removed
incremental: module WorkProduct(WorkProductId("regex-simd_accel-teddy128")) is dirty because Hir("regex/487ea9dfbd1eb8b5ec8d0b2a966660e2::compile[0]::SuffixCacheEntry[0]") changed or was removed
incremental: module WorkProduct(WorkProductId("regex-input")) is dirty because Hir("regex/487ea9dfbd1eb8b5ec8d0b2a966660e2::compile[0]::{{impl}}[13]") changed or was removed
incremental: module WorkProduct(WorkProductId("regex-re_set-bytes")) is dirty because Hir("regex/487ea9dfbd1eb8b5ec8d0b2a966660e2::compile[0]::InstHole[0]") changed or was removed
incremental: module WorkProduct(WorkProductId("regex-exec")) is dirty because Hir("regex/487ea9dfbd1eb8b5ec8d0b2a966660e2::compile[0]::SuffixCacheEntry[0]") changed or was removed
incremental: module WorkProduct(WorkProductId("regex-backtrack")) is dirty because Hir("regex/487ea9dfbd1eb8b5ec8d0b2a966660e2::compile[0]::InstHole[0]") changed or was removed
time: 0.022; rss: 93MB	load_dep_graph
time: 0.002; rss: 93MB	stability index
time: 0.002; rss: 94MB	stability checking
time: 0.012; rss: 96MB	type collecting
time: 0.001; rss: 96MB	variance inference
time: 0.001; rss: 96MB	impl wf inference
time: 0.014; rss: 102MB	coherence checking
time: 0.021; rss: 104MB	wf checking
time: 0.124; rss: 111MB	item-types checking
time: 0.311; rss: 121MB	item-bodies checking
time: 0.000; rss: 121MB	drop-impl checking
time: 0.040; rss: 150MB	const checking
time: 0.007; rss: 150MB	privacy checking
time: 0.002; rss: 150MB	intrinsic checking
time: 0.001; rss: 150MB	effect checking
time: 0.006; rss: 150MB	match checking
time: 0.004; rss: 151MB	liveness checking
time: 0.016; rss: 151MB	rvalue checking
time: 0.044; rss: 172MB	MIR dump
  time: 0.006; rss: 172MB	SimplifyCfg
  time: 0.010; rss: 172MB	QualifyAndPromoteConstants
  time: 0.012; rss: 172MB	TypeckMir
  time: 0.000; rss: 172MB	SimplifyBranches
  time: 0.003; rss: 172MB	SimplifyCfg
time: 0.031; rss: 172MB	MIR cleanup and validation
time: 0.046; rss: 172MB	borrow checking
time: 0.001; rss: 172MB	reachability checking
time: 0.004; rss: 173MB	death checking
time: 0.000; rss: 173MB	unused lib feature checking
time: 0.029; rss: 173MB	lint checking
time: 0.000; rss: 173MB	resolving dependency formats
  time: 0.000; rss: 173MB	NoLandingPads
  time: 0.003; rss: 173MB	SimplifyCfg
  time: 0.008; rss: 173MB	EraseRegions
  time: 0.001; rss: 173MB	AddCallGuards
  time: 0.017; rss: 175MB	ElaborateDrops
  time: 0.000; rss: 175MB	NoLandingPads
  time: 0.004; rss: 175MB	SimplifyCfg
  time: 0.003; rss: 175MB	InstCombine
  time: 0.002; rss: 175MB	Deaggregator
  time: 0.000; rss: 175MB	CopyPropagation
  time: 0.004; rss: 175MB	SimplifyLocals
  time: 0.001; rss: 175MB	AddCallGuards
  time: 0.000; rss: 175MB	PreTrans
time: 0.044; rss: 175MB	MIR optimisations
  time: 0.009; rss: 177MB	write metadata
  time: 0.088; rss: 182MB	translation item collection
  time: 0.014; rss: 184MB	codegen unit partitioning
  time: 0.013; rss: 311MB	internalize symbols
time: 1.707; rss: 311MB	translation
time: 0.000; rss: 311MB	assert dep graph
time: 0.110; rss: 320MB	serialize dep graph
incremental: re-using 0 out of 21 modules
time: 0.002; rss: 258MB	llvm function passes [1]
time: 0.000; rss: 258MB	llvm module passes [1]
time: 0.002; rss: 258MB	llvm function passes [2]
time: 0.001; rss: 258MB	llvm function passes [5]
time: 0.000; rss: 258MB	llvm module passes [2]
time: 0.003; rss: 258MB	llvm function passes [0]
time: 0.005; rss: 264MB	llvm module passes [5]
time: 0.005; rss: 264MB	llvm module passes [0]
time: 0.007; rss: 264MB	llvm function passes [8]
time: 0.003; rss: 264MB	llvm module passes [8]
time: 0.016; rss: 264MB	llvm function passes [6]
time: 0.017; rss: 264MB	llvm function passes [3]
time: 0.017; rss: 273MB	codegen passes [2]
time: 0.020; rss: 273MB	codegen passes [5]
time: 0.002; rss: 273MB	llvm function passes [2]
time: 0.008; rss: 275MB	llvm function passes [9]
time: 0.004; rss: 275MB	llvm module passes [2]
time: 0.003; rss: 275MB	llvm module passes [9]
time: 0.032; rss: 275MB	llvm function passes [7]
time: 0.031; rss: 275MB	codegen passes [1]
time: 0.043; rss: 277MB	llvm function passes [4]
time: 0.016; rss: 277MB	llvm function passes [5]
time: 0.017; rss: 288MB	llvm function passes [1]
time: 0.004; rss: 288MB	llvm function passes [12]
time: 0.009; rss: 288MB	llvm function passes [11]
time: 0.002; rss: 288MB	llvm module passes [1]
time: 0.002; rss: 288MB	llvm module passes [12]
time: 0.052; rss: 290MB	codegen passes [0]
time: 0.029; rss: 290MB	codegen passes [2]
time: 0.024; rss: 299MB	llvm module passes [5]
time: 0.026; rss: 308MB	llvm module passes [11]
time: 0.019; rss: 308MB	llvm function passes [2]
time: 0.001; rss: 308MB	llvm module passes [2]
time: 0.003; rss: 318MB	llvm function passes [15]
time: 0.000; rss: 320MB	codegen passes [16]
time: 0.054; rss: 322MB	llvm function passes [10]
time: 0.044; rss: 322MB	llvm function passes [0]
time: 0.014; rss: 322MB	llvm module passes [15]
time: 0.050; rss: 322MB	llvm function passes [13]
time: 0.027; rss: 326MB	llvm module passes [10]
time: 0.080; rss: 328MB	codegen passes [12]
time: 0.071; rss: 334MB	llvm function passes [14]
time: 0.073; rss: 336MB	codegen passes [2]
time: 0.090; rss: 335MB	codegen passes [1]
time: 0.019; rss: 334MB	llvm module passes [14]
time: 0.064; rss: 334MB	codegen passes [15]
time: 0.057; rss: 333MB	llvm module passes [13]
time: 0.174; rss: 342MB	codegen passes [8]
time: 0.174; rss: 361MB	codegen passes [9]
time: 0.210; rss: 362MB	llvm module passes [6]
time: 0.216; rss: 356MB	llvm module passes [3]
time: 0.144; rss: 348MB	codegen passes [11]
time: 0.354; rss: 369MB	llvm module passes [0]
time: 0.324; rss: 372MB	codegen passes [5]
time: 0.531; rss: 382MB	llvm module passes [7]
time: 0.599; rss: 401MB	llvm module passes [4]
time: 0.434; rss: 391MB	codegen passes [10]
time: 0.414; rss: 387MB	codegen passes [3]
time: 0.444; rss: 384MB	codegen passes [6]
time: 0.501; rss: 374MB	codegen passes [13]
time: 0.591; rss: 362MB	codegen passes [14]
time: 0.568; rss: 376MB	codegen passes [7]
time: 1.184; rss: 374MB	codegen passes [0]
time: 1.034; rss: 351MB	codegen passes [4]
time: 1.791; rss: 348MB	LLVM passes
time: 0.000; rss: 348MB	serialize work products
time: 0.206; rss: 164MB	linking
done
