commit 897199a0fbe01ab6f7e7f8096656603e238e85a2
Merge: 01a0207 36d9ee3
Author: bors <bors@rust-lang.org>
Date:   Tue Apr 26 12:00:35 2016 -0700

    Auto merge of #33191 - alexcrichton:rustdoc-create-dir-all-racy, r=steveklabnik
    
    rustdoc: Handle concurrent mkdir requests
    
    It's likely that `rustdoc` as a tool is run concurrently in the same output
    (e.g. documenting multiple crates as Cargo does), in which case it needs to
    handle concurrent calls to `fs::create_dir`.
rustc: ./regex-macros.0.1.30
cd regex_macros && cargo rustc -- -Ztime-passes -Zinput-stats
   Compiling regex_macros v0.1.17 (file:///root/benchmarks/regex-macros.0.1.30/regex_macros)
time: 0.002; rss: 46MB	parsing
Lines of code:             639
Pre-expansion node count:  2170
time: 0.001; rss: 46MB	configuration 1
time: 0.000; rss: 46MB	recursion limit
time: 0.000; rss: 46MB	gated macro checking
time: 0.000; rss: 46MB	crate injection
time: 0.003; rss: 52MB	macro loading
time: 0.000; rss: 52MB	plugin loading
time: 0.000; rss: 52MB	plugin registration
time: 0.035; rss: 58MB	expansion
time: 0.001; rss: 58MB	complete gated feature checking 1
time: 0.010; rss: 58MB	configuration 2
time: 0.000; rss: 58MB	gated configuration checking
time: 0.005; rss: 58MB	maybe building test harness
time: 0.005; rss: 58MB	prelude injection
time: 0.000; rss: 58MB	checking that all macro invocations are gone
time: 0.000; rss: 58MB	checking for inline asm in case the target doesn't support it
time: 0.001; rss: 58MB	complete gated feature checking 2
time: 0.000; rss: 58MB	const fn bodies and arguments
Post-expansion node count: 69741
time: 0.004; rss: 58MB	assigning node ids
time: 0.000; rss: 58MB	collecting defs
time: 0.102; rss: 96MB	external crate/lib resolution
time: 0.006; rss: 101MB	lowering ast -> hir
time: 0.001; rss: 102MB	indexing hir
time: 0.001; rss: 102MB	attribute checking
time: 0.003; rss: 102MB	early lint checks
time: 0.001; rss: 99MB	language item collection
time: 0.012; rss: 118MB	name resolution
time: 0.001; rss: 118MB	lifetime resolution
time: 0.000; rss: 118MB	looking for entry point
time: 0.000; rss: 118MB	looking for plugin registrar
time: 0.002; rss: 120MB	region resolution
time: 0.000; rss: 120MB	loop checking
time: 0.000; rss: 120MB	static item recursion checking
time: 0.000; rss: 120MB	load_dep_graph
time: 0.020; rss: 153MB	type collecting
time: 0.000; rss: 153MB	variance inference
time: 0.011; rss: 161MB	coherence checking
time: 0.008; rss: 162MB	wf checking
time: 0.001; rss: 162MB	item-types checking
time: 1.030; rss: 200MB	item-bodies checking
makefile:2: recipe for target 'all' failed
done
