commit e87cd7e380c89e3f80ceab417e3525e546a1e362
Merge: e90307d a62a690
Author: bors <bors@rust-lang.org>
Date:   Sun May 15 23:14:52 2016 -0700

    Auto merge of #33505 - petrochenkov:self, r=nrc
    
    Remove ExplicitSelf from HIR
    
    `self` argument is already kept in the argument list and can be retrieved from there if necessary, so there's no need for the duplication.
    The same changes can be applied to AST, I'll make them in the next breaking batch.
    The first commit also improves parsing of method declarations and fixes https://github.com/rust-lang/rust/issues/33413.
    
    r? @eddyb
rustc: ./regex-macros.0.1.30
cd regex_macros && cargo rustc -- -Ztime-passes -Zinput-stats
   Compiling regex_macros v0.1.17 (file:///root/benchmarks/regex-macros.0.1.30/regex_macros)
time: 0.002; rss: 46MB	parsing
Lines of code:             639
Pre-expansion node count:  2180
time: 0.001; rss: 46MB	configuration 1
time: 0.000; rss: 46MB	recursion limit
time: 0.000; rss: 46MB	crate injection
time: 0.003; rss: 52MB	macro loading
time: 0.000; rss: 52MB	plugin loading
time: 0.000; rss: 52MB	plugin registration
time: 0.031; rss: 59MB	expansion
time: 0.010; rss: 59MB	configuration 2
time: 0.000; rss: 59MB	gated configuration checking
time: 0.005; rss: 59MB	maybe building test harness
time: 0.005; rss: 59MB	prelude injection
time: 0.000; rss: 59MB	checking that all macro invocations are gone
time: 0.000; rss: 59MB	checking for inline asm in case the target doesn't support it
time: 0.001; rss: 59MB	complete gated feature checking
Post-expansion node count: 69751
time: 0.004; rss: 59MB	assigning node ids
time: 0.000; rss: 59MB	collecting defs
time: 0.083; rss: 98MB	external crate/lib resolution
time: 0.003; rss: 98MB	early lint checks
time: 0.011; rss: 116MB	name resolution
time: 0.005; rss: 124MB	lowering ast -> hir
time: 0.001; rss: 124MB	indexing hir
time: 0.000; rss: 124MB	attribute checking
time: 0.001; rss: 120MB	language item collection
time: 0.000; rss: 120MB	lifetime resolution
time: 0.000; rss: 120MB	looking for entry point
time: 0.000; rss: 120MB	looking for plugin registrar
time: 0.002; rss: 121MB	region resolution
time: 0.000; rss: 121MB	loop checking
time: 0.000; rss: 121MB	static item recursion checking
time: 0.000; rss: 121MB	load_dep_graph
time: 0.015; rss: 155MB	type collecting
time: 0.000; rss: 155MB	variance inference
time: 0.011; rss: 162MB	coherence checking
time: 0.007; rss: 163MB	wf checking
time: 0.001; rss: 163MB	item-types checking
time: 1.181; rss: 193MB	item-bodies checking
makefile:2: recipe for target 'all' failed
done
