commit 915b003e32ca169c5c9b907a5457bc03582d5f67
Merge: 12d1653 ed4688c
Author: bors <bors@rust-lang.org>
Date:   Thu Jun 2 15:20:36 2016 -0700

    Auto merge of #33894 - nagisa:windows-lack-endurance-for-sprint, r=alexcrichton
    
    Rewrite variadic-ffi pass to use test helper
    
    The sprintf used in this test previously isn’t available on some versions of MSVC.
    
    Fixes #32305
    
    r? @alexcrichton
rustc: ./regex-macros.0.1.30
cd regex_macros && cargo rustc -- -Ztime-passes -Zinput-stats
   Compiling regex_macros v0.1.17 (file:///root/benchmarks/regex-macros.0.1.30/regex_macros)
time: 0.003; rss: 46MB	parsing
Lines of code:             639
Pre-expansion node count:  2072
time: 0.000; rss: 46MB	configuration 1
time: 0.000; rss: 50MB	recursion limit
time: 0.000; rss: 50MB	crate injection
time: 0.017; rss: 84MB	macro loading
time: 0.000; rss: 84MB	plugin loading
time: 0.000; rss: 84MB	plugin registration
time: 0.051; rss: 89MB	expansion
time: 0.000; rss: 89MB	gated configuration checking
time: 0.007; rss: 89MB	maybe building test harness
time: 0.007; rss: 89MB	prelude injection
time: 0.000; rss: 89MB	checking that all macro invocations are gone
time: 0.000; rss: 89MB	checking for inline asm in case the target doesn't support it
time: 0.001; rss: 89MB	complete gated feature checking
Post-expansion node count: 69643
time: 0.006; rss: 89MB	assigning node ids
time: 0.000; rss: 89MB	collecting defs
time: 0.101; rss: 171MB	external crate/lib resolution
time: 0.004; rss: 171MB	early lint checks
time: 0.000; rss: 171MB	AST validation
time: 0.010; rss: 177MB	name resolution
time: 0.007; rss: 181MB	lowering ast -> hir
time: 0.001; rss: 181MB	indexing hir
time: 0.000; rss: 181MB	attribute checking
time: 0.001; rss: 176MB	language item collection
time: 0.000; rss: 176MB	lifetime resolution
time: 0.000; rss: 176MB	looking for entry point
time: 0.000; rss: 176MB	looking for plugin registrar
time: 0.002; rss: 178MB	region resolution
time: 0.000; rss: 178MB	loop checking
time: 0.000; rss: 178MB	static item recursion checking
time: 0.000; rss: 178MB	load_dep_graph
time: 0.015; rss: 181MB	type collecting
time: 0.000; rss: 181MB	variance inference
time: 0.011; rss: 182MB	coherence checking
time: 0.008; rss: 182MB	wf checking
time: 0.001; rss: 182MB	item-types checking
time: 1.006; rss: 200MB	item-bodies checking
makefile:2: recipe for target 'all' failed
done
