commit 4d3eebff9dc9474f56cdba810edde324130fbc61
Merge: 2051a92 eca0ab2
Author: bors <bors@rust-lang.org>
Date:   Wed Feb 17 19:15:53 2016 +0000

    Auto merge of #31707 - GuillaumeGomez:macro_name, r=sfackler
    
    I'm wondering if instead of a second help message, a note would be better. I let it up to reviewers.
rustc: ./regex-macros.0.1.30
cd regex_macros && cargo rustc -- -Ztime-passes -Zinput-stats
   Compiling regex_macros v0.1.17 (file:///root/benchmarks/regex-macros.0.1.30/regex_macros)
time: 0.002; rss: 29MB	parsing
Lines of code:             639
Pre-expansion node count:  2170
time: 0.001; rss: 30MB	configuration 1
time: 0.000; rss: 30MB	recursion limit
time: 0.000; rss: 30MB	gated macro checking
time: 0.000; rss: 30MB	crate injection
time: 0.003; rss: 34MB	macro loading
time: 0.000; rss: 34MB	plugin loading
time: 0.000; rss: 34MB	plugin registration
time: 0.045; rss: 41MB	expansion
time: 0.001; rss: 41MB	complete gated feature checking 1
time: 0.011; rss: 41MB	configuration 2
time: 0.000; rss: 41MB	gated configuration checking
time: 0.005; rss: 41MB	maybe building test harness
time: 0.005; rss: 41MB	prelude injection
time: 0.000; rss: 41MB	checking that all macro invocations are gone
time: 0.000; rss: 41MB	checking for inline asm in case the target doesn't support it
time: 0.001; rss: 41MB	complete gated feature checking 2
time: 0.000; rss: 41MB	const fn bodies and arguments
Post-expansion node count: 76201
time: 0.005; rss: 41MB	assigning node ids
time: 0.007; rss: 46MB	lowering ast -> hir
time: 0.001; rss: 46MB	indexing hir
time: 0.000; rss: 46MB	attribute checking
time: 0.004; rss: 46MB	early lint checks
time: 0.080; rss: 77MB	external crate/lib resolution
time: 0.001; rss: 77MB	language item collection
time: 0.012; rss: 97MB	resolution
time: 0.001; rss: 97MB	lifetime resolution
time: 0.000; rss: 97MB	looking for entry point
time: 0.000; rss: 97MB	looking for plugin registrar
time: 0.002; rss: 98MB	region resolution
time: 0.000; rss: 98MB	loop checking
time: 0.000; rss: 98MB	static item recursion checking
time: 0.003; rss: 101MB	type collecting
time: 0.000; rss: 101MB	variance inference
time: 0.011; rss: 124MB	coherence checking
time: 0.007; rss: 128MB	wf checking
time: 0.001; rss: 128MB	item-types checking
time: 1.015; rss: 174MB	item-bodies checking
makefile:2: recipe for target 'all' failed
done
