commit 2c50f4e484d1c871538ee99032ec2986177b8062
Merge: fd1d360 051c2d1
Author: bors <bors@rust-lang.org>
Date:   Sat Jul 23 09:35:34 2016 -0700

    Auto merge of #34832 - vadimcn:rusty-personality, r=alexcrichton
    
    Implement rust_eh_personality in Rust, remove rust_eh_personality_catch.
    
    Well, not quite: ARM EHABI platforms still use the old scheme -- for now.
    
    r? @alexcrichton
rustc: ./regex-macros.0.1.30
cd regex_macros && cargo rustc -- -Ztime-passes -Zinput-stats
   Compiling regex_macros v0.1.17 (file:///root/benchmarks/regex-macros.0.1.30/regex_macros)
time: 0.002; rss: 79MB	parsing
Lines of code:             639
Pre-expansion node count:  2088
time: 0.000; rss: 83MB	configuration
time: 0.000; rss: 83MB	recursion limit
time: 0.000; rss: 83MB	crate injection
time: 0.000; rss: 83MB	plugin loading
time: 0.000; rss: 83MB	plugin registration
time: 0.040; rss: 123MB	expansion
time: 0.000; rss: 123MB	maybe building test harness
time: 0.004; rss: 123MB	assigning node ids
Post-expansion node count: 69587
time: 0.000; rss: 123MB	checking for inline asm in case the target doesn't support it
time: 0.000; rss: 123MB	complete gated feature checking
time: 0.000; rss: 123MB	collecting defs
time: 0.107; rss: 221MB	external crate/lib resolution
time: 0.003; rss: 221MB	early lint checks
time: 0.000; rss: 221MB	AST validation
time: 0.021; rss: 228MB	name resolution
time: 0.004; rss: 232MB	lowering ast -> hir
time: 0.001; rss: 232MB	indexing hir
time: 0.000; rss: 232MB	attribute checking
time: 0.001; rss: 226MB	language item collection
time: 0.000; rss: 226MB	lifetime resolution
time: 0.000; rss: 226MB	looking for entry point
time: 0.000; rss: 226MB	looking for plugin registrar
time: 0.002; rss: 228MB	region resolution
time: 0.000; rss: 228MB	loop checking
time: 0.000; rss: 228MB	static item recursion checking
time: 0.000; rss: 228MB	load_dep_graph
time: 0.012; rss: 230MB	type collecting
time: 0.000; rss: 230MB	variance inference
time: 0.011; rss: 231MB	coherence checking
time: 0.008; rss: 232MB	wf checking
time: 0.001; rss: 232MB	item-types checking
time: 0.887; rss: 250MB	item-bodies checking
makefile:2: recipe for target 'all' failed
done
