commit 1447ce78fbd65a629f228ec8731a5cddc076a15c
Merge: 6089eba 42acf89
Author: bors <bors@rust-lang.org>
Date:   Wed Jan 13 22:27:46 2016 +0000

    Auto merge of #30870 - Eljay:issue-30477, r=alexcrichton
    
    Fixes #30477, #30213.
    
    The loop over reexports used to be a closure before #30043 but it's an iterator now so it should just continue instead of exiting the loop and skipping stuff.
    
    r? @brson
rustc: ./regex-macros.0.1.30
cd regex_macros && cargo rustc -- -Ztime-passes -Zinput-stats
   Compiling regex_macros v0.1.17 (file:///root/benchmarks/regex-macros.0.1.30/regex_macros)
time: 0.002; rss: 32MB	parsing
Lines of code:             639
Pre-expansion node count:  2170
time: 0.001; rss: 32MB	configuration 1
time: 0.000; rss: 32MB	recursion limit
time: 0.000; rss: 32MB	gated macro checking
time: 0.000; rss: 32MB	crate injection
time: 0.003; rss: 35MB	macro loading
time: 0.000; rss: 35MB	plugin loading
time: 0.000; rss: 35MB	plugin registration
time: 0.036; rss: 41MB	expansion
time: 0.001; rss: 41MB	complete gated feature checking 1
time: 0.011; rss: 41MB	configuration 2
time: 0.000; rss: 41MB	gated configuration checking
time: 0.005; rss: 41MB	maybe building test harness
time: 0.005; rss: 41MB	prelude injection
time: 0.000; rss: 41MB	checking that all macro invocations are gone
time: 0.000; rss: 41MB	checking for inline asm in case the target doesn't support it
time: 0.001; rss: 41MB	complete gated feature checking 2
Post-expansion node count: 76201
time: 0.005; rss: 41MB	assigning node ids
time: 0.004; rss: 46MB	lowering ast -> hir
time: 0.001; rss: 46MB	indexing hir
time: 0.000; rss: 46MB	attribute checking
time: 0.002; rss: 46MB	early lint checks
time: 0.056; rss: 79MB	external crate/lib resolution
time: 0.001; rss: 79MB	language item collection
makefile:2: recipe for target 'all' failed
done
