commit 4621dd21715c2abee70f3057c608d1ee9c3e8b84
Merge: 21922e1 6a3c7d5
Author: bors <bors@rust-lang.org>
Date:   Mon Mar 21 18:36:13 2016 -0700

    Auto merge of #32402 - steveklabnik:rollup, r=steveklabnik
    
    Rollup of 6 pull requests
    
    - Successful merges: #32322, #32339, #32340, #32373, #32376, #32397
    - Failed merges:
rustc: ./regex-macros.0.1.30
cd regex_macros && cargo rustc -- -Ztime-passes -Zinput-stats
    Updating registry `https://github.com/rust-lang/crates.io-index`
   Compiling regex v0.1.30 (file:///root/benchmarks/regex-macros.0.1.30/regex_macros)
   Compiling regex_macros v0.1.17 (file:///root/benchmarks/regex-macros.0.1.30/regex_macros)
time: 0.002; rss: 38MB	parsing
Lines of code:             639
Pre-expansion node count:  2170
time: 0.001; rss: 38MB	configuration 1
time: 0.000; rss: 38MB	recursion limit
time: 0.000; rss: 38MB	gated macro checking
time: 0.000; rss: 38MB	crate injection
time: 0.003; rss: 42MB	macro loading
time: 0.000; rss: 42MB	plugin loading
time: 0.000; rss: 42MB	plugin registration
time: 0.034; rss: 48MB	expansion
time: 0.001; rss: 48MB	complete gated feature checking 1
time: 0.011; rss: 48MB	configuration 2
time: 0.000; rss: 48MB	gated configuration checking
time: 0.005; rss: 48MB	maybe building test harness
time: 0.005; rss: 48MB	prelude injection
time: 0.000; rss: 48MB	checking that all macro invocations are gone
time: 0.000; rss: 48MB	checking for inline asm in case the target doesn't support it
time: 0.001; rss: 48MB	complete gated feature checking 2
time: 0.000; rss: 48MB	const fn bodies and arguments
Post-expansion node count: 76161
time: 0.005; rss: 48MB	assigning node ids
time: 0.005; rss: 52MB	lowering ast -> hir
time: 0.001; rss: 54MB	indexing hir
time: 0.001; rss: 54MB	attribute checking
time: 0.003; rss: 54MB	early lint checks
time: 0.064; rss: 86MB	external crate/lib resolution
time: 0.001; rss: 86MB	language item collection
time: 0.013; rss: 108MB	resolution
time: 0.001; rss: 108MB	lifetime resolution
time: 0.000; rss: 108MB	looking for entry point
time: 0.000; rss: 108MB	looking for plugin registrar
time: 0.002; rss: 110MB	region resolution
time: 0.000; rss: 110MB	loop checking
time: 0.000; rss: 110MB	static item recursion checking
time: 0.003; rss: 112MB	type collecting
time: 0.000; rss: 112MB	variance inference
time: 0.011; rss: 136MB	coherence checking
time: 0.008; rss: 139MB	wf checking
time: 0.001; rss: 139MB	item-types checking
syntax::parse::parser::Parser<'_>
bool
time: 1.028; rss: 187MB	item-bodies checking
makefile:2: recipe for target 'all' failed
done
