commit 02b22ec7bd8fa542dd3b08a8497ad5cd3a20c417
Merge: 371f4d6 cf89453
Author: bors <bors@rust-lang.org>
Date:   Wed Dec 28 17:27:13 2016 +0000

    Auto merge of #38639 - xen0n:nightly-dist-hotfix, r=brson
    
    rustbuild: Hotfix to unbreak nightly
    
    Fixes an oversight unnoticed in #38468 that eventually broke nightly packaging. I didn't realize this until some moments ago, when I finally found out the failure is actually deterministic. Many apologies for eating 3 nightlies during the holidays.
    
    r? @alexcrichton
rustc: ./regex-0.1.80@020-incr-from-scratch
find . -name "*.rs" | xargs touch
RUSTFLAGS="-Z incremental=incr" cargo rustc  -- \
  -Ztime-passes -Zinput-stats -Z incremental-info
time: 0.024; rss: 54MB	parsing
Lines of code:             10689
Pre-expansion node count:  55396
time: 0.000; rss: 54MB	recursion limit
time: 0.000; rss: 54MB	crate injection
time: 0.000; rss: 54MB	plugin loading
time: 0.000; rss: 54MB	plugin registration
time: 0.043; rss: 86MB	expansion
time: 0.000; rss: 86MB	maybe building test harness
time: 0.001; rss: 86MB	maybe creating a macro crate
Post-expansion node count: 86869
time: 0.000; rss: 86MB	checking for inline asm in case the target doesn't support it
time: 0.001; rss: 86MB	complete gated feature checking
time: 0.003; rss: 86MB	early lint checks
time: 0.001; rss: 86MB	AST validation
time: 0.010; rss: 88MB	name resolution
time: 0.008; rss: 93MB	lowering ast -> hir
time: 0.001; rss: 95MB	indexing hir
time: 0.001; rss: 95MB	attribute checking
time: 0.000; rss: 89MB	language item collection
time: 0.002; rss: 89MB	lifetime resolution
time: 0.000; rss: 89MB	looking for entry point
time: 0.000; rss: 89MB	looking for plugin registrar
time: 0.005; rss: 94MB	region resolution
time: 0.001; rss: 94MB	loop checking
time: 0.000; rss: 94MB	static item recursion checking
time: 0.034; rss: 93MB	compute_incremental_hashes_map
time: 0.000; rss: 93MB	load_dep_graph
time: 0.001; rss: 93MB	stability index
time: 0.002; rss: 93MB	stability checking
time: 0.011; rss: 97MB	type collecting
time: 0.001; rss: 97MB	variance inference
time: 0.001; rss: 97MB	impl wf inference
time: 0.015; rss: 102MB	coherence checking
time: 0.021; rss: 104MB	wf checking
time: 0.122; rss: 112MB	item-types checking
time: 0.294; rss: 121MB	item-bodies checking
time: 0.000; rss: 121MB	drop-impl checking
time: 0.040; rss: 150MB	const checking
time: 0.007; rss: 150MB	privacy checking
time: 0.002; rss: 150MB	intrinsic checking
time: 0.001; rss: 150MB	effect checking
time: 0.005; rss: 150MB	match checking
time: 0.004; rss: 151MB	liveness checking
time: 0.016; rss: 151MB	rvalue checking
time: 0.044; rss: 172MB	MIR dump
  time: 0.006; rss: 173MB	SimplifyCfg
  time: 0.010; rss: 173MB	QualifyAndPromoteConstants
  time: 0.013; rss: 173MB	TypeckMir
  time: 0.000; rss: 173MB	SimplifyBranches
  time: 0.003; rss: 173MB	SimplifyCfg
time: 0.033; rss: 173MB	MIR cleanup and validation
time: 0.047; rss: 173MB	borrow checking
time: 0.001; rss: 173MB	reachability checking
time: 0.005; rss: 173MB	death checking
time: 0.000; rss: 173MB	unused lib feature checking
time: 0.030; rss: 173MB	lint checking
time: 0.000; rss: 173MB	resolving dependency formats
  time: 0.000; rss: 173MB	NoLandingPads
  time: 0.003; rss: 173MB	SimplifyCfg
  time: 0.009; rss: 173MB	EraseRegions
  time: 0.001; rss: 173MB	AddCallGuards
  time: 0.017; rss: 175MB	ElaborateDrops
  time: 0.000; rss: 175MB	NoLandingPads
  time: 0.004; rss: 175MB	SimplifyCfg
  time: 0.003; rss: 175MB	InstCombine
  time: 0.002; rss: 175MB	Deaggregator
  time: 0.000; rss: 175MB	CopyPropagation
  time: 0.004; rss: 175MB	SimplifyLocals
  time: 0.001; rss: 175MB	AddCallGuards
  time: 0.000; rss: 175MB	PreTrans
time: 0.047; rss: 175MB	MIR optimisations
  time: 0.009; rss: 177MB	write metadata
  time: 0.087; rss: 185MB	translation item collection
  time: 0.015; rss: 185MB	codegen unit partitioning
  time: 0.012; rss: 312MB	internalize symbols
time: 1.688; rss: 312MB	translation
time: 0.000; rss: 312MB	assert dep graph
time: 0.110; rss: 320MB	serialize dep graph
incremental: re-using 0 out of 21 modules
time: 0.002; rss: 254MB	llvm function passes [0]
time: 0.000; rss: 254MB	llvm module passes [0]
time: 0.003; rss: 254MB	llvm function passes [2]
time: 0.003; rss: 256MB	llvm function passes [3]
time: 0.000; rss: 258MB	llvm module passes [3]
time: 0.001; rss: 261MB	llvm function passes [7]
time: 0.001; rss: 261MB	llvm module passes [7]
time: 0.006; rss: 265MB	codegen passes [3]
time: 0.002; rss: 267MB	llvm function passes [19]
time: 0.001; rss: 267MB	llvm module passes [19]
time: 0.008; rss: 269MB	llvm function passes [3]
time: 0.018; rss: 269MB	llvm function passes [5]
time: 0.020; rss: 272MB	llvm function passes [4]
time: 0.017; rss: 272MB	llvm module passes [2]
time: 0.015; rss: 272MB	codegen passes [7]
time: 0.021; rss: 274MB	codegen passes [0]
time: 0.007; rss: 274MB	llvm module passes [3]
time: 0.004; rss: 274MB	llvm function passes [0]
time: 0.013; rss: 274MB	llvm function passes [8]
time: 0.002; rss: 274MB	llvm module passes [0]
time: 0.002; rss: 278MB	llvm module passes [8]
time: 0.035; rss: 278MB	llvm function passes [6]
time: 0.040; rss: 284MB	llvm function passes [20]
time: 0.026; rss: 284MB	llvm function passes [7]
time: 0.048; rss: 284MB	llvm function passes [1]
time: 0.002; rss: 288MB	llvm function passes [10]
time: 0.001; rss: 288MB	llvm module passes [10]
time: 0.037; rss: 292MB	llvm function passes [17]
time: 0.013; rss: 292MB	llvm module passes [7]
time: 0.003; rss: 296MB	llvm function passes [13]
time: 0.019; rss: 296MB	llvm module passes [20]
time: 0.001; rss: 296MB	llvm module passes [13]
time: 0.000; rss: 298MB	codegen passes [14]
time: 0.081; rss: 314MB	llvm function passes [18]
time: 0.064; rss: 320MB	codegen passes [0]
time: 0.059; rss: 319MB	llvm module passes [17]
time: 0.103; rss: 319MB	llvm module passes [5]
time: 0.103; rss: 320MB	llvm module passes [4]
time: 0.036; rss: 319MB	llvm module passes [18]
time: 0.102; rss: 322MB	codegen passes [19]
time: 0.094; rss: 322MB	llvm function passes [11]
time: 0.141; rss: 326MB	codegen passes [2]
time: 0.110; rss: 326MB	llvm function passes [12]
time: 0.127; rss: 326MB	llvm function passes [9]
time: 0.016; rss: 327MB	llvm module passes [12]
time: 0.107; rss: 329MB	codegen passes [10]
time: 0.077; rss: 331MB	codegen passes [13]
time: 0.064; rss: 339MB	llvm module passes [11]
time: 0.162; rss: 343MB	codegen passes [8]
time: 0.127; rss: 350MB	codegen passes [20]
time: 0.204; rss: 346MB	codegen passes [3]
time: 0.158; rss: 346MB	codegen passes [17]
time: 0.416; rss: 363MB	llvm module passes [6]
time: 0.335; rss: 371MB	llvm module passes [9]
time: 0.324; rss: 371MB	codegen passes [18]
time: 0.535; rss: 377MB	llvm module passes [1]
time: 0.407; rss: 392MB	codegen passes [4]
time: 0.564; rss: 383MB	codegen passes [7]
time: 0.485; rss: 372MB	codegen passes [5]
time: 0.529; rss: 374MB	codegen passes [11]
time: 0.587; rss: 367MB	codegen passes [12]
time: 0.688; rss: 406MB	codegen passes [6]
time: 0.690; rss: 380MB	codegen passes [1]
time: 0.794; rss: 358MB	codegen passes [9]
time: 1.425; rss: 355MB	LLVM passes
time: 0.000; rss: 354MB	serialize work products
time: 0.206; rss: 171MB	linking
done
