commit d849b132672d4c7824045e4458693997a424994b
Merge: 9351c2c ca115dd
Author: bors <bors@rust-lang.org>
Date:   Tue Dec 27 11:32:39 2016 +0000

    Auto merge of #38574 - Mark-Simulacrum:box-free-unspecialize, r=eddyb
    
    Remove special case for Box<ZST> in trans
    
    Remove extra lang item, `exchange_free`; use `box_free` instead.
    
    Trans used to insert code equivalent to `box_free` in a wrapper around
    `exchange_free`, and that code is now removed from trans.
    
    Fixes #37710.
rustc: ./regex-0.1.80@060-Compiler-new
git apply 060-Compiler-new.diff
find . -name "*.rs" | xargs touch
git diff
diff --git a/regex-0.1.80/src/compile.rs b/regex-0.1.80/src/compile.rs
index 9db743f..629328a 100644
--- a/regex-0.1.80/src/compile.rs
+++ b/regex-0.1.80/src/compile.rs
@@ -54,6 +54,7 @@ impl Compiler {
     ///
     /// Various options can be set before calling `compile` on an expression.
     pub fn new() -> Self {
+        {}
         Compiler {
             insts: vec![],
             compiled: Program::new(),
@@ -137,6 +138,8 @@ impl Compiler {
     }
 
     fn compile_one(mut self, expr: &Expr) -> result::Result<Program, Error> {
+        {} // @030
+
         // If we're compiling a forward DFA and we aren't anchored, then
         // add a `.*?` before the first capture group.
         // Other matching engines handle this by baking the logic into the
diff --git a/regex-0.1.80/src/expand.rs b/regex-0.1.80/src/expand.rs
index 9bea703..b4ae1ab 100644
--- a/regex-0.1.80/src/expand.rs
+++ b/regex-0.1.80/src/expand.rs
@@ -5,6 +5,7 @@ use memchr::memchr;
 use bytes::Captures;
 
 pub fn expand(caps: &Captures, mut replacement: &[u8], dst: &mut Vec<u8>) {
+    { }
     while !replacement.is_empty() {
         match memchr(b'$', replacement) {
             None => break,
@@ -84,6 +85,7 @@ fn find_cap_ref(mut replacement: &[u8]) -> Option<CaptureRef> {
 }
 
 fn is_valid_cap_letter(b: &u8) -> bool {
+    { }
     match *b {
         b'0' ... b'9' | b'a' ... b'z' | b'A' ... b'Z' | b'_' => true,
         _ => false,
RUSTFLAGS="-Z incremental=incr" cargo rustc  -- \
  -Ztime-passes -Zinput-stats -Z incremental-info
time: 0.024; rss: 54MB	parsing
Lines of code:             10694
Pre-expansion node count:  55408
time: 0.000; rss: 54MB	recursion limit
time: 0.000; rss: 54MB	crate injection
time: 0.000; rss: 54MB	plugin loading
time: 0.000; rss: 54MB	plugin registration
time: 0.044; rss: 86MB	expansion
time: 0.000; rss: 86MB	maybe building test harness
time: 0.001; rss: 86MB	maybe creating a macro crate
Post-expansion node count: 86881
time: 0.000; rss: 86MB	checking for inline asm in case the target doesn't support it
time: 0.001; rss: 86MB	complete gated feature checking
time: 0.003; rss: 86MB	early lint checks
time: 0.001; rss: 86MB	AST validation
time: 0.010; rss: 88MB	name resolution
time: 0.008; rss: 95MB	lowering ast -> hir
time: 0.001; rss: 95MB	indexing hir
time: 0.001; rss: 95MB	attribute checking
time: 0.000; rss: 89MB	language item collection
time: 0.002; rss: 89MB	lifetime resolution
time: 0.000; rss: 89MB	looking for entry point
time: 0.000; rss: 89MB	looking for plugin registrar
time: 0.005; rss: 93MB	region resolution
time: 0.001; rss: 93MB	loop checking
time: 0.000; rss: 93MB	static item recursion checking
time: 0.034; rss: 93MB	compute_incremental_hashes_map
incremental: session directory: 45 files hard-linked
incremental: session directory: 0 files copied
incremental: module WorkProduct(WorkProductId("regex-literals")) is dirty because Hir("regex/487ea9dfbd1eb8b5ec8d0b2a966660e2::compile[0]::MaybeInst[0]") changed or was removed
incremental: module WorkProduct(WorkProductId("regex-re_unicode")) is dirty because Hir("regex/487ea9dfbd1eb8b5ec8d0b2a966660e2::compile[0]::{{impl}}[13]") changed or was removed
incremental: module WorkProduct(WorkProductId("regex-error")) is dirty because Hir("regex/487ea9dfbd1eb8b5ec8d0b2a966660e2::compile[0]::SuffixCacheKey[0]") changed or was removed
incremental: module WorkProduct(WorkProductId("regex-re_bytes")) is dirty because Hir("regex/487ea9dfbd1eb8b5ec8d0b2a966660e2::compile[0]::MaybeInst[0]") changed or was removed
incremental: module WorkProduct(WorkProductId("regex-re_plugin")) is dirty because Hir("regex/487ea9dfbd1eb8b5ec8d0b2a966660e2::compile[0]::Hole[0]") changed or was removed
incremental: module WorkProduct(WorkProductId("regex-re_builder-bytes")) is dirty because Hir("regex/487ea9dfbd1eb8b5ec8d0b2a966660e2::compile[0]::InstHole[0]") changed or was removed
incremental: module WorkProduct(WorkProductId("regex-expand")) is dirty because Hir("regex/487ea9dfbd1eb8b5ec8d0b2a966660e2::compile[0]::InstHole[0]") changed or was removed
incremental: module WorkProduct(WorkProductId("regex-pikevm")) is dirty because Hir("regex/487ea9dfbd1eb8b5ec8d0b2a966660e2::compile[0]::Hole[0]") changed or was removed
incremental: module WorkProduct(WorkProductId("regex-prog")) is dirty because Hir("regex/487ea9dfbd1eb8b5ec8d0b2a966660e2::compile[0]::{{impl}}[13]") changed or was removed
incremental: module WorkProduct(WorkProductId("regex-compile")) is dirty because Hir("regex/487ea9dfbd1eb8b5ec8d0b2a966660e2::compile[0]::MaybeInst[0]") changed or was removed
incremental: module WorkProduct(WorkProductId("regex-sparse")) is dirty because Hir("regex/487ea9dfbd1eb8b5ec8d0b2a966660e2::compile[0]::{{impl}}[12]") changed or was removed
incremental: module WorkProduct(WorkProductId("regex-utf8")) is dirty because Hir("regex/487ea9dfbd1eb8b5ec8d0b2a966660e2::compile[0]::Hole[0]") changed or was removed
incremental: module WorkProduct(WorkProductId("regex-re_set-unicode")) is dirty because Hir("regex/487ea9dfbd1eb8b5ec8d0b2a966660e2::compile[0]::SuffixCacheEntry[0]") changed or was removed
incremental: module WorkProduct(WorkProductId("regex-re_builder")) is dirty because Hir("regex/487ea9dfbd1eb8b5ec8d0b2a966660e2::compile[0]::Hole[0]") changed or was removed
incremental: module WorkProduct(WorkProductId("regex-dfa")) is dirty because Hir("regex/487ea9dfbd1eb8b5ec8d0b2a966660e2::compile[0]::Hole[0]") changed or was removed
incremental: module WorkProduct(WorkProductId("regex-re_builder-unicode")) is dirty because Hir("regex/487ea9dfbd1eb8b5ec8d0b2a966660e2::compile[0]::InstHole[0]") changed or was removed
incremental: module WorkProduct(WorkProductId("regex-simd_accel-teddy128")) is dirty because Hir("regex/487ea9dfbd1eb8b5ec8d0b2a966660e2::compile[0]::SuffixCacheEntry[0]") changed or was removed
incremental: module WorkProduct(WorkProductId("regex-input")) is dirty because Hir("regex/487ea9dfbd1eb8b5ec8d0b2a966660e2::compile[0]::{{impl}}[13]") changed or was removed
incremental: module WorkProduct(WorkProductId("regex-re_set-bytes")) is dirty because Hir("regex/487ea9dfbd1eb8b5ec8d0b2a966660e2::compile[0]::InstHole[0]") changed or was removed
incremental: module WorkProduct(WorkProductId("regex-exec")) is dirty because Hir("regex/487ea9dfbd1eb8b5ec8d0b2a966660e2::compile[0]::SuffixCacheEntry[0]") changed or was removed
incremental: module WorkProduct(WorkProductId("regex-backtrack")) is dirty because Hir("regex/487ea9dfbd1eb8b5ec8d0b2a966660e2::compile[0]::InstHole[0]") changed or was removed
time: 0.021; rss: 93MB	load_dep_graph
time: 0.002; rss: 93MB	stability index
time: 0.002; rss: 94MB	stability checking
time: 0.012; rss: 96MB	type collecting
time: 0.001; rss: 96MB	variance inference
time: 0.001; rss: 96MB	impl wf inference
time: 0.015; rss: 102MB	coherence checking
time: 0.021; rss: 103MB	wf checking
time: 0.123; rss: 111MB	item-types checking
time: 0.300; rss: 120MB	item-bodies checking
time: 0.000; rss: 120MB	drop-impl checking
time: 0.041; rss: 150MB	const checking
time: 0.007; rss: 150MB	privacy checking
time: 0.002; rss: 150MB	intrinsic checking
time: 0.001; rss: 150MB	effect checking
time: 0.006; rss: 150MB	match checking
time: 0.004; rss: 150MB	liveness checking
time: 0.016; rss: 150MB	rvalue checking
time: 0.044; rss: 172MB	MIR dump
  time: 0.006; rss: 172MB	SimplifyCfg
  time: 0.009; rss: 172MB	QualifyAndPromoteConstants
  time: 0.013; rss: 172MB	TypeckMir
  time: 0.000; rss: 172MB	SimplifyBranches
  time: 0.003; rss: 172MB	SimplifyCfg
time: 0.031; rss: 172MB	MIR cleanup and validation
time: 0.046; rss: 173MB	borrow checking
time: 0.001; rss: 173MB	reachability checking
time: 0.005; rss: 173MB	death checking
time: 0.000; rss: 173MB	unused lib feature checking
time: 0.029; rss: 173MB	lint checking
time: 0.000; rss: 173MB	resolving dependency formats
  time: 0.000; rss: 173MB	NoLandingPads
  time: 0.003; rss: 173MB	SimplifyCfg
  time: 0.008; rss: 173MB	EraseRegions
  time: 0.001; rss: 173MB	AddCallGuards
  time: 0.017; rss: 175MB	ElaborateDrops
  time: 0.000; rss: 175MB	NoLandingPads
  time: 0.004; rss: 175MB	SimplifyCfg
  time: 0.003; rss: 175MB	InstCombine
  time: 0.002; rss: 175MB	Deaggregator
  time: 0.000; rss: 175MB	CopyPropagation
  time: 0.004; rss: 175MB	SimplifyLocals
  time: 0.001; rss: 175MB	AddCallGuards
  time: 0.000; rss: 175MB	PreTrans
time: 0.044; rss: 175MB	MIR optimisations
  time: 0.009; rss: 177MB	write metadata
  time: 0.087; rss: 182MB	translation item collection
  time: 0.015; rss: 187MB	codegen unit partitioning
  time: 0.013; rss: 311MB	internalize symbols
time: 1.719; rss: 311MB	translation
time: 0.000; rss: 311MB	assert dep graph
time: 0.117; rss: 320MB	serialize dep graph
incremental: re-using 0 out of 21 modules
time: 0.002; rss: 253MB	llvm function passes [0]
time: 0.000; rss: 253MB	llvm module passes [0]
time: 0.003; rss: 253MB	llvm function passes [2]
time: 0.004; rss: 256MB	llvm function passes [3]
time: 0.000; rss: 256MB	llvm module passes [3]
time: 0.001; rss: 256MB	llvm function passes [5]
time: 0.001; rss: 260MB	llvm module passes [5]
time: 0.005; rss: 260MB	llvm module passes [2]
time: 0.017; rss: 264MB	llvm function passes [4]
time: 0.016; rss: 264MB	llvm function passes [6]
time: 0.008; rss: 264MB	llvm function passes [8]
time: 0.003; rss: 264MB	llvm module passes [8]
time: 0.021; rss: 268MB	codegen passes [3]
time: 0.007; rss: 268MB	llvm function passes [9]
time: 0.003; rss: 268MB	llvm module passes [9]
time: 0.026; rss: 268MB	codegen passes [5]
time: 0.033; rss: 270MB	llvm function passes [7]
time: 0.035; rss: 270MB	codegen passes [0]
time: 0.041; rss: 270MB	llvm function passes [1]
time: 0.008; rss: 270MB	llvm function passes [5]
time: 0.016; rss: 272MB	llvm function passes [3]
time: 0.020; rss: 272MB	llvm function passes [10]
time: 0.006; rss: 272MB	llvm module passes [5]
time: 0.007; rss: 272MB	llvm module passes [3]
time: 0.011; rss: 277MB	llvm module passes [10]
time: 0.043; rss: 285MB	codegen passes [2]
time: 0.007; rss: 287MB	llvm function passes [12]
time: 0.004; rss: 287MB	llvm function passes [2]
time: 0.023; rss: 287MB	llvm function passes [0]
time: 0.002; rss: 287MB	llvm module passes [2]
time: 0.009; rss: 287MB	llvm module passes [12]
time: 0.007; rss: 287MB	llvm module passes [0]
time: 0.003; rss: 301MB	llvm function passes [13]
time: 0.040; rss: 301MB	codegen passes [10]
time: 0.001; rss: 301MB	llvm module passes [13]
time: 0.032; rss: 313MB	llvm function passes [10]
time: 0.058; rss: 313MB	codegen passes [2]
time: 0.000; rss: 317MB	codegen passes [15]
time: 0.003; rss: 313MB	llvm function passes [2]
time: 0.001; rss: 313MB	llvm module passes [2]
time: 0.082; rss: 313MB	codegen passes [5]
time: 0.039; rss: 327MB	llvm function passes [14]
time: 0.043; rss: 327MB	llvm module passes [10]
time: 0.081; rss: 327MB	llvm function passes [11]
time: 0.078; rss: 329MB	codegen passes [13]
time: 0.042; rss: 329MB	codegen passes [2]
time: 0.018; rss: 336MB	llvm module passes [14]
time: 0.170; rss: 339MB	codegen passes [8]
time: 0.210; rss: 339MB	llvm module passes [6]
time: 0.171; rss: 348MB	codegen passes [12]
time: 0.193; rss: 341MB	codegen passes [9]
time: 0.256; rss: 339MB	llvm module passes [4]
time: 0.332; rss: 370MB	llvm module passes [11]
time: 0.389; rss: 366MB	codegen passes [3]
time: 0.498; rss: 364MB	llvm module passes [1]
time: 0.513; rss: 366MB	llvm module passes [7]
time: 0.436; rss: 386MB	codegen passes [0]
time: 0.405; rss: 374MB	codegen passes [6]
time: 0.488; rss: 372MB	codegen passes [10]
time: 0.442; rss: 364MB	codegen passes [4]
time: 0.571; rss: 359MB	codegen passes [14]
time: 0.566; rss: 372MB	codegen passes [7]
time: 1.063; rss: 370MB	codegen passes [1]
time: 1.136; rss: 347MB	codegen passes [11]
time: 1.765; rss: 346MB	LLVM passes
time: 0.000; rss: 346MB	serialize work products
time: 0.207; rss: 165MB	linking
done
