commit 57e5d43c770201d837298175a2d55818867bdb33
Merge: 953c3b5 e8ab71f
Author: bors <bors@rust-lang.org>
Date:   Tue Apr 5 10:55:38 2016 -0700

    Auto merge of #32743 - Manishearth:rollup, r=Manishearth
    
    Rollup of 11 pull requests
    
    - Successful merges: #32403, #32596, #32675, #32678, #32685, #32686, #32692, #32710, #32712, #32714, #32715
    - Failed merges: #32488
rustc: ./regex-macros.0.1.30
cd regex_macros && cargo rustc -- -Ztime-passes -Zinput-stats
   Compiling regex_macros v0.1.17 (file:///root/benchmarks/regex-macros.0.1.30/regex_macros)
time: 0.004; rss: 33MB	parsing
Lines of code:             639
Pre-expansion node count:  2170
time: 0.001; rss: 33MB	configuration 1
time: 0.000; rss: 33MB	recursion limit
time: 0.000; rss: 33MB	gated macro checking
time: 0.000; rss: 33MB	crate injection
time: 0.003; rss: 36MB	macro loading
time: 0.000; rss: 36MB	plugin loading
time: 0.000; rss: 36MB	plugin registration
time: 0.042; rss: 45MB	expansion
time: 0.001; rss: 45MB	complete gated feature checking 1
time: 0.011; rss: 45MB	configuration 2
time: 0.000; rss: 45MB	gated configuration checking
time: 0.005; rss: 45MB	maybe building test harness
time: 0.005; rss: 45MB	prelude injection
time: 0.000; rss: 45MB	checking that all macro invocations are gone
time: 0.000; rss: 45MB	checking for inline asm in case the target doesn't support it
time: 0.001; rss: 45MB	complete gated feature checking 2
time: 0.000; rss: 45MB	const fn bodies and arguments
Post-expansion node count: 76161
time: 0.005; rss: 45MB	assigning node ids
time: 0.008; rss: 50MB	lowering ast -> hir
time: 0.002; rss: 51MB	indexing hir
time: 0.000; rss: 51MB	attribute checking
time: 0.004; rss: 51MB	early lint checks
time: 0.092; rss: 50MB	external crate/lib resolution
time: 0.001; rss: 50MB	language item collection
time: 0.014; rss: 71MB	resolution
time: 0.001; rss: 71MB	lifetime resolution
time: 0.000; rss: 71MB	looking for entry point
time: 0.000; rss: 71MB	looking for plugin registrar
time: 0.002; rss: 72MB	region resolution
time: 0.000; rss: 72MB	loop checking
time: 0.000; rss: 72MB	static item recursion checking
time: 0.016; rss: 98MB	type collecting
time: 0.000; rss: 98MB	variance inference
time: 0.011; rss: 110MB	coherence checking
time: 0.007; rss: 112MB	wf checking
time: 0.001; rss: 112MB	item-types checking
time: 1.010; rss: 150MB	item-bodies checking
makefile:2: recipe for target 'all' failed
done
