commit 9a003b0ef22090e8be5b2705a427d6b08b06eaf9
Merge: d80497e 16eaecb
Author: bors <bors@rust-lang.org>
Date:   Mon May 2 11:27:20 2016 -0700

    Auto merge of #32386 - brandonedens:llvm_min_size, r=alexcrichton
    
    Add CodeGen options to optimize for size.
    
    Add CodeGen options to annotate functions with the attributes OptimizeSize and/or MinSize used by LLVM to reduce .text size.
    Closes #32296
rustc: ./regex-macros.0.1.30
cd regex_macros && cargo rustc -- -Ztime-passes -Zinput-stats
   Compiling regex_macros v0.1.17 (file:///root/benchmarks/regex-macros.0.1.30/regex_macros)
time: 0.002; rss: 46MB	parsing
Lines of code:             639
Pre-expansion node count:  2170
time: 0.001; rss: 46MB	configuration 1
time: 0.000; rss: 46MB	recursion limit
time: 0.000; rss: 46MB	crate injection
time: 0.003; rss: 52MB	macro loading
time: 0.000; rss: 52MB	plugin loading
time: 0.000; rss: 52MB	plugin registration
time: 0.031; rss: 59MB	expansion
time: 0.010; rss: 59MB	configuration 2
time: 0.000; rss: 59MB	gated configuration checking
time: 0.005; rss: 59MB	maybe building test harness
time: 0.005; rss: 59MB	prelude injection
time: 0.000; rss: 59MB	checking that all macro invocations are gone
time: 0.000; rss: 59MB	checking for inline asm in case the target doesn't support it
time: 0.001; rss: 59MB	complete gated feature checking
time: 0.000; rss: 59MB	const fn bodies and arguments
Post-expansion node count: 69741
time: 0.004; rss: 59MB	assigning node ids
time: 0.000; rss: 59MB	collecting defs
time: 0.076; rss: 96MB	external crate/lib resolution
time: 0.005; rss: 102MB	lowering ast -> hir
time: 0.001; rss: 104MB	indexing hir
time: 0.001; rss: 104MB	attribute checking
time: 0.003; rss: 104MB	early lint checks
time: 0.001; rss: 101MB	language item collection
time: 0.011; rss: 120MB	name resolution
time: 0.001; rss: 120MB	lifetime resolution
time: 0.000; rss: 120MB	looking for entry point
time: 0.000; rss: 120MB	looking for plugin registrar
time: 0.002; rss: 121MB	region resolution
time: 0.000; rss: 121MB	loop checking
time: 0.000; rss: 121MB	static item recursion checking
time: 0.000; rss: 121MB	load_dep_graph
time: 0.015; rss: 158MB	type collecting
time: 0.000; rss: 158MB	variance inference
time: 0.010; rss: 162MB	coherence checking
time: 0.007; rss: 163MB	wf checking
time: 0.001; rss: 163MB	item-types checking
time: 0.967; rss: 204MB	item-bodies checking
makefile:2: recipe for target 'all' failed
done
