commit c0df44708e09187ca5e76fe4b832815ff562e8ea
Merge: 5e3136d e4c566c
Author: bors <bors@rust-lang.org>
Date:   Mon Jun 13 07:38:40 2016 -0700

    Auto merge of #34242 - zackmdavis:explain_E0453, r=GuillaumeGomez
    
    add long explanation for E0453, lint attribute overruled by outer forbid
    
    This is a subtask of #32777.
    
    -----
    
    r? @GuillaumeGomez
rustc: ./regex-macros.0.1.30
cd regex_macros && cargo rustc -- -Ztime-passes -Zinput-stats
    Updating registry `https://github.com/rust-lang/crates.io-index`
   Compiling regex v0.1.30 (file:///root/benchmarks/regex-macros.0.1.30/regex_macros)
   Compiling regex_macros v0.1.17 (file:///root/benchmarks/regex-macros.0.1.30/regex_macros)
time: 0.004; rss: 46MB	parsing
Lines of code:             639
Pre-expansion node count:  2072
time: 0.000; rss: 46MB	configuration 1
time: 0.000; rss: 46MB	recursion limit
time: 0.000; rss: 46MB	crate injection
time: 0.000; rss: 46MB	plugin loading
time: 0.000; rss: 46MB	plugin registration
time: 0.082; rss: 86MB	expansion
time: 0.000; rss: 86MB	gated configuration checking
time: 0.000; rss: 86MB	maybe building test harness
time: 0.000; rss: 86MB	checking for inline asm in case the target doesn't support it
time: 0.001; rss: 86MB	complete gated feature checking
Post-expansion node count: 69643
time: 0.005; rss: 86MB	assigning node ids
time: 0.001; rss: 86MB	collecting defs
time: 0.136; rss: 169MB	external crate/lib resolution
time: 0.004; rss: 169MB	early lint checks
time: 0.001; rss: 169MB	AST validation
time: 0.011; rss: 173MB	name resolution
time: 0.007; rss: 176MB	lowering ast -> hir
time: 0.001; rss: 176MB	indexing hir
time: 0.001; rss: 176MB	attribute checking
time: 0.001; rss: 172MB	language item collection
time: 0.000; rss: 172MB	lifetime resolution
time: 0.000; rss: 172MB	looking for entry point
time: 0.000; rss: 172MB	looking for plugin registrar
time: 0.002; rss: 173MB	region resolution
time: 0.000; rss: 173MB	loop checking
time: 0.000; rss: 173MB	static item recursion checking
time: 0.000; rss: 173MB	load_dep_graph
time: 0.014; rss: 177MB	type collecting
time: 0.000; rss: 177MB	variance inference
time: 0.010; rss: 177MB	coherence checking
time: 0.008; rss: 178MB	wf checking
time: 0.001; rss: 179MB	item-types checking
time: 0.920; rss: 196MB	item-bodies checking
makefile:2: recipe for target 'all' failed
done
