commit 7a187c39c79e21cd61d1688d449bdd52d7510281
Merge: 824000a 0cb5073
Author: bors <bors@rust-lang.org>
Date:   Wed Aug 31 09:38:36 2016 -0700

    Auto merge of #36166 - jonathandturner:rollup, r=jonathandturner
    
    Rollup of 16 pull requests
    
    - Successful merges: #35758, #35926, #36050, #36079, #36085, #36089, #36101, #36130, #36134, #36135, #36136, #36140, #36141, #36147, #36148, #36165
    - Failed merges:
rustc: ./regex-macros.0.1.30
cd regex_macros && cargo rustc -- -Ztime-passes -Zinput-stats
    Updating registry `https://github.com/rust-lang/crates.io-index`
   Compiling regex v0.1.30 (file:///root/benchmarks/regex-macros.0.1.30/regex_macros)
   Compiling regex_macros v0.1.17 (file:///root/benchmarks/regex-macros.0.1.30/regex_macros)
time: 0.002; rss: 44MB	parsing
Lines of code:             639
Pre-expansion node count:  2088
time: 0.000; rss: 44MB	configuration
time: 0.000; rss: 44MB	recursion limit
time: 0.000; rss: 44MB	crate injection
time: 0.000; rss: 44MB	plugin loading
time: 0.000; rss: 44MB	plugin registration
time: 0.029; rss: 71MB	expansion
time: 0.000; rss: 71MB	maybe building test harness
time: 0.003; rss: 71MB	assigning node ids
Post-expansion node count: 69587
time: 0.000; rss: 71MB	checking for inline asm in case the target doesn't support it
time: 0.000; rss: 71MB	complete gated feature checking
time: 0.000; rss: 71MB	collecting defs
time: 0.062; rss: 139MB	external crate/lib resolution
time: 0.002; rss: 139MB	early lint checks
time: 0.000; rss: 139MB	AST validation
time: 0.020; rss: 144MB	name resolution
time: 0.003; rss: 148MB	lowering ast -> hir
time: 0.001; rss: 148MB	indexing hir
time: 0.001; rss: 148MB	attribute checking
time: 0.001; rss: 143MB	language item collection
time: 0.000; rss: 143MB	lifetime resolution
time: 0.000; rss: 143MB	looking for entry point
time: 0.000; rss: 143MB	looking for plugin registrar
time: 0.003; rss: 142MB	region resolution
time: 0.000; rss: 142MB	loop checking
time: 0.000; rss: 142MB	static item recursion checking
time: 0.005; rss: 142MB	compute_incremental_hashes_map
time: 0.000; rss: 142MB	load_dep_graph
time: 0.012; rss: 144MB	type collecting
time: 0.000; rss: 144MB	variance inference
time: 0.009; rss: 146MB	coherence checking
time: 0.006; rss: 147MB	wf checking
time: 0.001; rss: 147MB	item-types checking
time: 0.606; rss: 161MB	item-bodies checking
makefile:2: recipe for target 'all' failed
done
