commit df91cb9af69497e67e432c66ccba5182681b8917
Merge: 304c790 98fa5ac
Author: bors <bors@rust-lang.org>
Date:   Wed Feb 24 07:21:44 2016 +0000

    Auto merge of #31782 - pitdicker:clean_out_windows_c, r=alexcrichton
    
    I am not entirely sure I have got everything right, but if it compiles it is ok probably...
    I tested it with msvc x86_64 and gnu.
    
    Somehow a lot of `EXCEPTION-*` constants are dead code when running test, no idea why.
    I have put `#![cfg_attr(test, allow(dead_code))]` at the top for this.
rustc: ./regex-macros.0.1.30
cd regex_macros && cargo rustc -- -Ztime-passes -Zinput-stats
   Compiling regex_macros v0.1.17 (file:///root/benchmarks/regex-macros.0.1.30/regex_macros)
time: 0.002; rss: 36MB	parsing
Lines of code:             639
Pre-expansion node count:  2170
time: 0.001; rss: 36MB	configuration 1
time: 0.000; rss: 36MB	recursion limit
time: 0.000; rss: 36MB	gated macro checking
time: 0.000; rss: 36MB	crate injection
time: 0.003; rss: 40MB	macro loading
time: 0.000; rss: 40MB	plugin loading
time: 0.000; rss: 40MB	plugin registration
time: 0.034; rss: 48MB	expansion
time: 0.001; rss: 48MB	complete gated feature checking 1
time: 0.011; rss: 48MB	configuration 2
time: 0.000; rss: 48MB	gated configuration checking
time: 0.005; rss: 48MB	maybe building test harness
time: 0.005; rss: 48MB	prelude injection
time: 0.000; rss: 48MB	checking that all macro invocations are gone
time: 0.000; rss: 48MB	checking for inline asm in case the target doesn't support it
time: 0.001; rss: 48MB	complete gated feature checking 2
time: 0.000; rss: 48MB	const fn bodies and arguments
Post-expansion node count: 76201
time: 0.005; rss: 48MB	assigning node ids
time: 0.004; rss: 52MB	lowering ast -> hir
time: 0.001; rss: 52MB	indexing hir
time: 0.001; rss: 52MB	attribute checking
time: 0.003; rss: 52MB	early lint checks
time: 0.063; rss: 86MB	external crate/lib resolution
time: 0.001; rss: 86MB	language item collection
time: 0.012; rss: 107MB	resolution
time: 0.000; rss: 107MB	lifetime resolution
time: 0.000; rss: 107MB	looking for entry point
time: 0.000; rss: 107MB	looking for plugin registrar
time: 0.002; rss: 107MB	region resolution
time: 0.000; rss: 107MB	loop checking
time: 0.000; rss: 107MB	static item recursion checking
time: 0.003; rss: 110MB	type collecting
time: 0.000; rss: 110MB	variance inference
time: 0.011; rss: 135MB	coherence checking
time: 0.007; rss: 139MB	wf checking
time: 0.001; rss: 139MB	item-types checking
time: 0.997; rss: 185MB	item-bodies checking
makefile:2: recipe for target 'all' failed
done
