commit 8493dbed6c29b30844830d6e50a33493c6ea70af
Merge: 5752eae 23cfcdd
Author: bors <bors@rust-lang.org>
Date:   Mon Dec 26 10:52:56 2016 +0000

    Auto merge of #38536 - retep998:flauschige-kaninchen, r=petrochenkov
    
    Fix fs tests on Windows systems with non-english locales.
    
    Fixes https://github.com/rust-lang/rust/issues/34628
    
    r? @alexcrichton
rustc: ./regex-0.1.80@020-incr-from-scratch
find . -name "*.rs" | xargs touch
RUSTFLAGS="-Z incremental=incr" cargo rustc  -- \
  -Ztime-passes -Zinput-stats -Z incremental-info
time: 0.024; rss: 54MB	parsing
Lines of code:             10689
Pre-expansion node count:  55396
time: 0.000; rss: 54MB	recursion limit
time: 0.000; rss: 54MB	crate injection
time: 0.000; rss: 54MB	plugin loading
time: 0.000; rss: 54MB	plugin registration
time: 0.043; rss: 87MB	expansion
time: 0.000; rss: 87MB	maybe building test harness
time: 0.001; rss: 87MB	maybe creating a macro crate
Post-expansion node count: 86869
time: 0.000; rss: 87MB	checking for inline asm in case the target doesn't support it
time: 0.001; rss: 87MB	complete gated feature checking
time: 0.003; rss: 87MB	early lint checks
time: 0.001; rss: 87MB	AST validation
time: 0.010; rss: 89MB	name resolution
time: 0.008; rss: 93MB	lowering ast -> hir
time: 0.001; rss: 95MB	indexing hir
time: 0.001; rss: 95MB	attribute checking
time: 0.000; rss: 89MB	language item collection
time: 0.002; rss: 89MB	lifetime resolution
time: 0.000; rss: 89MB	looking for entry point
time: 0.000; rss: 89MB	looking for plugin registrar
time: 0.005; rss: 94MB	region resolution
time: 0.001; rss: 94MB	loop checking
time: 0.000; rss: 94MB	static item recursion checking
time: 0.034; rss: 93MB	compute_incremental_hashes_map
time: 0.000; rss: 93MB	load_dep_graph
time: 0.001; rss: 93MB	stability index
time: 0.002; rss: 93MB	stability checking
time: 0.012; rss: 97MB	type collecting
time: 0.001; rss: 97MB	variance inference
time: 0.001; rss: 97MB	impl wf inference
time: 0.014; rss: 103MB	coherence checking
time: 0.020; rss: 104MB	wf checking
time: 0.122; rss: 112MB	item-types checking
time: 0.293; rss: 121MB	item-bodies checking
time: 0.000; rss: 121MB	drop-impl checking
time: 0.039; rss: 150MB	const checking
time: 0.007; rss: 150MB	privacy checking
time: 0.002; rss: 150MB	intrinsic checking
time: 0.001; rss: 150MB	effect checking
time: 0.005; rss: 150MB	match checking
time: 0.004; rss: 151MB	liveness checking
time: 0.016; rss: 151MB	rvalue checking
time: 0.042; rss: 172MB	MIR dump
  time: 0.006; rss: 173MB	SimplifyCfg
  time: 0.009; rss: 173MB	QualifyAndPromoteConstants
  time: 0.012; rss: 173MB	TypeckMir
  time: 0.000; rss: 173MB	SimplifyBranches
  time: 0.003; rss: 173MB	SimplifyCfg
time: 0.031; rss: 173MB	MIR cleanup and validation
time: 0.046; rss: 173MB	borrow checking
time: 0.001; rss: 173MB	reachability checking
time: 0.004; rss: 173MB	death checking
time: 0.000; rss: 173MB	unused lib feature checking
time: 0.028; rss: 173MB	lint checking
time: 0.000; rss: 173MB	resolving dependency formats
  time: 0.000; rss: 173MB	NoLandingPads
  time: 0.003; rss: 173MB	SimplifyCfg
  time: 0.008; rss: 173MB	EraseRegions
  time: 0.001; rss: 173MB	AddCallGuards
  time: 0.017; rss: 176MB	ElaborateDrops
  time: 0.000; rss: 176MB	NoLandingPads
  time: 0.004; rss: 176MB	SimplifyCfg
  time: 0.003; rss: 176MB	InstCombine
  time: 0.002; rss: 176MB	Deaggregator
  time: 0.000; rss: 176MB	CopyPropagation
  time: 0.004; rss: 176MB	SimplifyLocals
  time: 0.001; rss: 176MB	AddCallGuards
  time: 0.000; rss: 176MB	PreTrans
time: 0.044; rss: 176MB	MIR optimisations
  time: 0.009; rss: 178MB	write metadata
  time: 0.084; rss: 185MB	translation item collection
  time: 0.014; rss: 185MB	codegen unit partitioning
  time: 0.012; rss: 312MB	internalize symbols
time: 1.664; rss: 312MB	translation
time: 0.000; rss: 312MB	assert dep graph
time: 0.124; rss: 320MB	serialize dep graph
incremental: re-using 0 out of 21 modules
time: 0.001; rss: 254MB	llvm function passes [3]
time: 0.000; rss: 254MB	llvm module passes [3]
time: 0.002; rss: 258MB	llvm function passes [0]
time: 0.000; rss: 260MB	llvm module passes [0]
time: 0.001; rss: 260MB	llvm function passes [6]
time: 0.003; rss: 262MB	llvm function passes [2]
time: 0.002; rss: 266MB	llvm module passes [6]
time: 0.007; rss: 273MB	llvm function passes [8]
time: 0.002; rss: 273MB	llvm function passes [9]
time: 0.001; rss: 273MB	llvm module passes [9]
time: 0.008; rss: 273MB	llvm function passes [12]
time: 0.014; rss: 273MB	llvm function passes [5]
time: 0.013; rss: 275MB	llvm module passes [2]
time: 0.017; rss: 275MB	llvm function passes [4]
time: 0.007; rss: 275MB	llvm module passes [12]
time: 0.011; rss: 277MB	llvm module passes [8]
time: 0.025; rss: 283MB	llvm function passes [7]
time: 0.008; rss: 289MB	llvm function passes [10]
time: 0.037; rss: 289MB	llvm function passes [1]
time: 0.002; rss: 289MB	llvm module passes [10]
time: 0.016; rss: 291MB	llvm function passes [11]
time: 0.004; rss: 302MB	llvm function passes [16]
time: 0.011; rss: 302MB	llvm module passes [11]
time: 0.012; rss: 304MB	llvm function passes [15]
time: 0.002; rss: 306MB	llvm module passes [16]
time: 0.029; rss: 306MB	llvm function passes [13]
time: 0.016; rss: 306MB	llvm module passes [15]
time: 0.013; rss: 306MB	llvm module passes [13]
time: 0.015; rss: 312MB	llvm function passes [17]
time: 0.001; rss: 312MB	llvm module passes [17]
time: 0.045; rss: 314MB	llvm function passes [14]
time: 0.126; rss: 322MB	codegen passes [3]
time: 0.136; rss: 325MB	codegen passes [0]
time: 0.003; rss: 325MB	llvm function passes [0]
time: 0.001; rss: 325MB	llvm module passes [0]
time: 0.132; rss: 326MB	codegen passes [9]
time: 0.000; rss: 326MB	codegen passes [9]
time: 0.132; rss: 335MB	codegen passes [2]
time: 0.042; rss: 335MB	llvm function passes [19]
time: 0.154; rss: 342MB	codegen passes [6]
time: 0.038; rss: 348MB	llvm function passes [3]
time: 0.130; rss: 348MB	codegen passes [10]
time: 0.120; rss: 347MB	codegen passes [16]
time: 0.019; rss: 347MB	llvm module passes [3]
time: 0.049; rss: 351MB	codegen passes [0]
time: 0.166; rss: 349MB	codegen passes [8]
time: 0.100; rss: 351MB	codegen passes [17]
time: 0.058; rss: 355MB	llvm module passes [19]
time: 0.229; rss: 360MB	llvm module passes [4]
time: 0.219; rss: 363MB	codegen passes [12]
time: 0.254; rss: 362MB	llvm module passes [5]
time: 0.162; rss: 352MB	codegen passes [15]
time: 0.452; rss: 376MB	llvm module passes [7]
time: 0.333; rss: 378MB	codegen passes [11]
time: 0.435; rss: 386MB	llvm module passes [14]
time: 0.535; rss: 378MB	llvm module passes [1]
time: 0.485; rss: 397MB	codegen passes [13]
time: 0.379; rss: 385MB	codegen passes [4]
time: 0.411; rss: 384MB	codegen passes [5]
time: 0.467; rss: 374MB	codegen passes [19]
time: 0.749; rss: 390MB	codegen passes [3]
time: 0.636; rss: 395MB	codegen passes [7]
time: 0.687; rss: 392MB	codegen passes [1]
time: 0.872; rss: 361MB	codegen passes [14]
time: 1.552; rss: 359MB	LLVM passes
time: 0.000; rss: 357MB	serialize work products
time: 0.208; rss: 174MB	linking
done
