commit 2c50f4e484d1c871538ee99032ec2986177b8062
Merge: fd1d360 051c2d1
Author: bors <bors@rust-lang.org>
Date:   Sat Jul 23 09:35:34 2016 -0700

    Auto merge of #34832 - vadimcn:rusty-personality, r=alexcrichton
    
    Implement rust_eh_personality in Rust, remove rust_eh_personality_catch.
    
    Well, not quite: ARM EHABI platforms still use the old scheme -- for now.
    
    r? @alexcrichton
rustc: ./regex-macros.0.1.30
cd regex_macros && cargo rustc -- -Ztime-passes -Zinput-stats
   Compiling regex_macros v0.1.17 (file:///root/benchmarks/regex-macros.0.1.30/regex_macros)
time: 0.002; rss: 79MB	parsing
Lines of code:             639
Pre-expansion node count:  2088
time: 0.000; rss: 83MB	configuration
time: 0.000; rss: 83MB	recursion limit
time: 0.000; rss: 83MB	crate injection
time: 0.000; rss: 83MB	plugin loading
time: 0.000; rss: 83MB	plugin registration
time: 0.041; rss: 122MB	expansion
time: 0.000; rss: 122MB	maybe building test harness
time: 0.004; rss: 122MB	assigning node ids
Post-expansion node count: 69587
time: 0.000; rss: 122MB	checking for inline asm in case the target doesn't support it
time: 0.000; rss: 122MB	complete gated feature checking
time: 0.000; rss: 122MB	collecting defs
time: 0.106; rss: 218MB	external crate/lib resolution
time: 0.003; rss: 218MB	early lint checks
time: 0.000; rss: 218MB	AST validation
time: 0.021; rss: 227MB	name resolution
time: 0.004; rss: 232MB	lowering ast -> hir
time: 0.001; rss: 231MB	indexing hir
time: 0.000; rss: 231MB	attribute checking
time: 0.001; rss: 224MB	language item collection
time: 0.001; rss: 224MB	lifetime resolution
time: 0.000; rss: 224MB	looking for entry point
time: 0.000; rss: 224MB	looking for plugin registrar
time: 0.002; rss: 225MB	region resolution
time: 0.000; rss: 225MB	loop checking
time: 0.000; rss: 225MB	static item recursion checking
time: 0.000; rss: 225MB	load_dep_graph
time: 0.012; rss: 226MB	type collecting
time: 0.000; rss: 226MB	variance inference
time: 0.010; rss: 228MB	coherence checking
time: 0.008; rss: 229MB	wf checking
time: 0.001; rss: 229MB	item-types checking
time: 0.881; rss: 249MB	item-bodies checking
makefile:2: recipe for target 'all' failed
done
