commit ef9786ce0eac75bbe293d04dadc959bd481236a6
Merge: 689c6c4 ef4952e
Author: bors <bors@rust-lang.org>
Date:   Fri Sep 2 09:13:00 2016 -0700

    Auto merge of #36084 - apasel422:counter, r=bluss
    
    Address FIXME in libcollectionstest/btree/set.rs
rustc: ./regex-macros.0.1.30
cd regex_macros && cargo rustc -- -Ztime-passes -Zinput-stats
   Compiling regex_macros v0.1.17 (file:///root/benchmarks/regex-macros.0.1.30/regex_macros)
time: 0.002; rss: 44MB	parsing
Lines of code:             639
Pre-expansion node count:  2088
time: 0.000; rss: 44MB	configuration
time: 0.000; rss: 44MB	recursion limit
time: 0.000; rss: 44MB	crate injection
time: 0.000; rss: 44MB	plugin loading
time: 0.000; rss: 44MB	plugin registration
time: 0.030; rss: 72MB	expansion
time: 0.000; rss: 72MB	maybe building test harness
time: 0.003; rss: 72MB	assigning node ids
Post-expansion node count: 69587
time: 0.000; rss: 72MB	checking for inline asm in case the target doesn't support it
time: 0.000; rss: 72MB	complete gated feature checking
time: 0.000; rss: 72MB	collecting defs
time: 0.062; rss: 140MB	external crate/lib resolution
time: 0.002; rss: 140MB	early lint checks
time: 0.000; rss: 140MB	AST validation
time: 0.020; rss: 146MB	name resolution
time: 0.003; rss: 150MB	lowering ast -> hir
time: 0.001; rss: 149MB	indexing hir
time: 0.001; rss: 149MB	attribute checking
time: 0.000; rss: 143MB	language item collection
time: 0.001; rss: 143MB	lifetime resolution
time: 0.000; rss: 143MB	looking for entry point
time: 0.000; rss: 143MB	looking for plugin registrar
time: 0.003; rss: 143MB	region resolution
time: 0.000; rss: 143MB	loop checking
time: 0.000; rss: 143MB	static item recursion checking
time: 0.005; rss: 143MB	compute_incremental_hashes_map
time: 0.000; rss: 143MB	load_dep_graph
time: 0.012; rss: 145MB	type collecting
time: 0.000; rss: 145MB	variance inference
time: 0.009; rss: 147MB	coherence checking
time: 0.006; rss: 148MB	wf checking
time: 0.001; rss: 148MB	item-types checking
time: 0.622; rss: 162MB	item-bodies checking
makefile:2: recipe for target 'all' failed
done
