commit 5c630a61c658cb7d861a60da6951ee06619337b2
Merge: 28ef44a 5d9c250
Author: bors <bors@rust-lang.org>
Date:   Tue Aug 25 10:46:06 2015 +0000

    Auto merge of #27981 - dotdash:gepi, r=brson
cfg: version 1.4.0-dev (5c630a61c 2015-08-25)
cfg: build triple x86_64-unknown-linux-gnu
cfg: host triples x86_64-unknown-linux-gnu
cfg: target triples x86_64-unknown-linux-gnu
cfg: host for x86_64-unknown-linux-gnu is x86_64
cfg: os for x86_64-unknown-linux-gnu is unknown-linux-gnu
cfg: good valgrind for x86_64-unknown-linux-gnu is 1
cfg: using CC=gcc (CFG_CC)
cfg: disabling valgrind run-pass tests
rustc: x86_64-unknown-linux-gnu/stage0/lib/rustlib/x86_64-unknown-linux-gnu/lib/librustc_trans
rustc: x86_64-unknown-linux-gnu/stage0/lib/rustlib/x86_64-unknown-linux-gnu/lib/librustc_driver
rustc: x86_64-unknown-linux-gnu/stage0/lib/rustlib/x86_64-unknown-linux-gnu/bin/rustc
cp: x86_64-unknown-linux-gnu/stage1/lib/librustc_trans
cp: x86_64-unknown-linux-gnu/stage1/lib/librustc_driver
cp: x86_64-unknown-linux-gnu/stage1/bin/rustc
rustc: x86_64-unknown-linux-gnu/stage1/lib/rustlib/x86_64-unknown-linux-gnu/lib/libcore
rustc: x86_64-unknown-linux-gnu/stage1/lib/rustlib/x86_64-unknown-linux-gnu/lib/liblibc
rustc: x86_64-unknown-linux-gnu/stage1/lib/rustlib/x86_64-unknown-linux-gnu/lib/librand
rustc: x86_64-unknown-linux-gnu/stage1/lib/rustlib/x86_64-unknown-linux-gnu/lib/liballoc_system
rustc: x86_64-unknown-linux-gnu/stage1/lib/rustlib/x86_64-unknown-linux-gnu/lib/liballoc
rustc: x86_64-unknown-linux-gnu/stage1/lib/rustlib/x86_64-unknown-linux-gnu/lib/librustc_unicode
rustc: x86_64-unknown-linux-gnu/stage1/lib/rustlib/x86_64-unknown-linux-gnu/lib/libcollections
rustc: x86_64-unknown-linux-gnu/stage1/lib/rustlib/x86_64-unknown-linux-gnu/lib/liballoc_jemalloc
rustc: x86_64-unknown-linux-gnu/stage1/lib/rustlib/x86_64-unknown-linux-gnu/lib/libstd
rustc: x86_64-unknown-linux-gnu/stage1/lib/rustlib/x86_64-unknown-linux-gnu/lib/libarena
rustc: x86_64-unknown-linux-gnu/stage1/lib/rustlib/x86_64-unknown-linux-gnu/lib/libflate
rustc: x86_64-unknown-linux-gnu/stage1/lib/rustlib/x86_64-unknown-linux-gnu/lib/libgetopts
rustc: x86_64-unknown-linux-gnu/stage1/lib/rustlib/x86_64-unknown-linux-gnu/lib/libgraphviz
rustc: x86_64-unknown-linux-gnu/stage1/lib/rustlib/x86_64-unknown-linux-gnu/lib/liblog
rustc: x86_64-unknown-linux-gnu/stage1/lib/rustlib/x86_64-unknown-linux-gnu/lib/libterm
rustc: x86_64-unknown-linux-gnu/stage1/lib/rustlib/x86_64-unknown-linux-gnu/lib/libserialize
rustc: x86_64-unknown-linux-gnu/stage1/lib/rustlib/x86_64-unknown-linux-gnu/lib/libfmt_macros
rustc: x86_64-unknown-linux-gnu/stage1/lib/rustlib/x86_64-unknown-linux-gnu/lib/librustc_bitflags
rustc: x86_64-unknown-linux-gnu/stage1/lib/rustlib/x86_64-unknown-linux-gnu/lib/libsyntax
rustc: x86_64-unknown-linux-gnu/stage1/lib/rustlib/x86_64-unknown-linux-gnu/lib/librbml
rustc: x86_64-unknown-linux-gnu/stage1/lib/rustlib/x86_64-unknown-linux-gnu/lib/librustc_llvm
rustc: x86_64-unknown-linux-gnu/stage1/lib/rustlib/x86_64-unknown-linux-gnu/lib/librustc_back
rustc: x86_64-unknown-linux-gnu/stage1/lib/rustlib/x86_64-unknown-linux-gnu/lib/librustc_data_structures
rustc: x86_64-unknown-linux-gnu/stage1/lib/rustlib/x86_64-unknown-linux-gnu/lib/librustc
rustc: x86_64-unknown-linux-gnu/stage1/lib/rustlib/x86_64-unknown-linux-gnu/lib/librustc_borrowck
rustc: x86_64-unknown-linux-gnu/stage1/lib/rustlib/x86_64-unknown-linux-gnu/lib/librustc_platform_intrinsics
rustc: x86_64-unknown-linux-gnu/stage1/lib/rustlib/x86_64-unknown-linux-gnu/lib/librustc_typeck
rustc: x86_64-unknown-linux-gnu/stage1/lib/rustlib/x86_64-unknown-linux-gnu/lib/librustc_resolve
rustc: x86_64-unknown-linux-gnu/stage1/lib/rustlib/x86_64-unknown-linux-gnu/lib/librustc_trans
rustc: x86_64-unknown-linux-gnu/stage1/lib/rustlib/x86_64-unknown-linux-gnu/lib/librustc_privacy
rustc: x86_64-unknown-linux-gnu/stage1/lib/rustlib/x86_64-unknown-linux-gnu/lib/librustc_lint
rustc: x86_64-unknown-linux-gnu/stage1/lib/rustlib/x86_64-unknown-linux-gnu/lib/librustc_driver
rustc: x86_64-unknown-linux-gnu/stage1/lib/rustlib/x86_64-unknown-linux-gnu/bin/rustc
cp: x86_64-unknown-linux-gnu/stage2/lib/libstd
cp: x86_64-unknown-linux-gnu/stage2/lib/libarena
cp: x86_64-unknown-linux-gnu/stage2/lib/libflate
cp: x86_64-unknown-linux-gnu/stage2/lib/libgetopts
cp: x86_64-unknown-linux-gnu/stage2/lib/libgraphviz
cp: x86_64-unknown-linux-gnu/stage2/lib/liblog
cp: x86_64-unknown-linux-gnu/stage2/lib/libterm
cp: x86_64-unknown-linux-gnu/stage2/lib/libserialize
cp: x86_64-unknown-linux-gnu/stage2/lib/libfmt_macros
cp: x86_64-unknown-linux-gnu/stage2/lib/libsyntax
cp: x86_64-unknown-linux-gnu/stage2/lib/librbml
cp: x86_64-unknown-linux-gnu/stage2/lib/librustc_llvm
cp: x86_64-unknown-linux-gnu/stage2/lib/librustc_back
cp: x86_64-unknown-linux-gnu/stage2/lib/librustc_data_structures
cp: x86_64-unknown-linux-gnu/stage2/lib/librustc
cp: x86_64-unknown-linux-gnu/stage2/lib/librustc_borrowck
cp: x86_64-unknown-linux-gnu/stage2/lib/librustc_platform_intrinsics
cp: x86_64-unknown-linux-gnu/stage2/lib/librustc_typeck
cp: x86_64-unknown-linux-gnu/stage2/lib/librustc_resolve
cp: x86_64-unknown-linux-gnu/stage2/lib/librustc_trans
cp: x86_64-unknown-linux-gnu/stage2/lib/librustc_privacy
cp: x86_64-unknown-linux-gnu/stage2/lib/librustc_lint
cp: x86_64-unknown-linux-gnu/stage2/lib/librustc_driver
cp: x86_64-unknown-linux-gnu/stage2/bin/rustc
rustc: x86_64-unknown-linux-gnu/stage1/lib/rustlib/x86_64-unknown-linux-gnu/lib/libtest
rustc: x86_64-unknown-linux-gnu/stage1/lib/rustlib/x86_64-unknown-linux-gnu/lib/librustdoc
rustc: x86_64-unknown-linux-gnu/stage1/lib/rustlib/x86_64-unknown-linux-gnu/bin/rustdoc
cp: x86_64-unknown-linux-gnu/stage2/lib/libtest
cp: x86_64-unknown-linux-gnu/stage2/lib/librustdoc
cp: x86_64-unknown-linux-gnu/stage2/bin/rustdoc
rustc: x86_64-unknown-linux-gnu/stage2/lib/rustlib/x86_64-unknown-linux-gnu/lib/libcore
time: 0.068; rss: 54MB	parsing
time: 0.025; rss: 56MB	configuration 1
time: 0.000; rss: 56MB	recursion limit
time: 0.002; rss: 56MB	gated macro checking
time: 0.000; rss: 56MB	crate injection
time: 0.001; rss: 56MB	macro loading
time: 0.000; rss: 56MB	plugin loading
time: 0.000; rss: 56MB	plugin registration
time: 0.465; rss: 81MB	expansion
time: 0.010; rss: 81MB	complete gated feature checking 1
time: 0.094; rss: 81MB	configuration 2
time: 0.000; rss: 81MB	gated configuration checking
time: 0.048; rss: 81MB	maybe building test harness
time: 0.000; rss: 81MB	prelude injection
time: 0.005; rss: 81MB	checking that all macro invocations are gone
time: 0.000; rss: 81MB	checking for inline asm in case the target doesn't support it
time: 0.011; rss: 81MB	complete gated feature checking 2
time: 0.054; rss: 87MB	assigning node ids and indexing ast
time: 0.005; rss: 87MB	external crate/lib resolution
time: 0.010; rss: 87MB	language item collection
time: 0.081; rss: 104MB	resolution
time: 0.011; rss: 102MB	lifetime resolution
time: 0.000; rss: 102MB	looking for entry point
time: 0.005; rss: 102MB	looking for plugin registrar
time: 0.026; rss: 112MB	region resolution
time: 0.005; rss: 112MB	loop checking
time: 0.005; rss: 112MB	static item recursion checking
time: 0.061; rss: 118MB	type collecting
time: 0.010; rss: 118MB	variance inference
time: 0.632; rss: 126MB	coherence checking
time: 0.319; rss: 128MB	wf checking (old)
time: 0.494; rss: 137MB	item-types checking
time: 4.139; rss: 165MB	item-bodies checking
time: 0.000; rss: 165MB	drop-impl checking
time: 0.591; rss: 165MB	wf checking (new)
time: 0.135; rss: 167MB	const checking
time: 0.051; rss: 167MB	privacy checking
time: 0.004; rss: 167MB	stability index
time: 0.027; rss: 167MB	intrinsic checking
time: 0.010; rss: 167MB	effect checking
time: 0.045; rss: 167MB	match checking
time: 0.022; rss: 167MB	liveness checking
time: 0.271; rss: 167MB	borrow checking
time: 0.140; rss: 167MB	rvalue checking
time: 0.017; rss: 167MB	reachability checking
time: 0.035; rss: 167MB	death checking
time: 0.025; rss: 167MB	stability checking
time: 0.000; rss: 167MB	unused lib feature checking
time: 0.457; rss: 167MB	lint checking
time: 0.000; rss: 167MB	resolving dependency formats
time: 1.503; rss: 243MB	translation
  time: 0.232; rss: 124MB	llvm function passes
  time: 1.926; rss: 127MB	llvm module passes
  time: 1.477; rss: 130MB	codegen passes
  time: 0.003; rss: 125MB	codegen passes
time: 3.704; rss: 125MB	LLVM passes
time: 0.056; rss: 124MB	linking
rustc: x86_64-unknown-linux-gnu/stage2/lib/rustlib/x86_64-unknown-linux-gnu/lib/liblibc
time: 0.019; rss: 40MB	parsing
time: 0.004; rss: 37MB	configuration 1
time: 0.000; rss: 37MB	recursion limit
time: 0.000; rss: 37MB	gated macro checking
time: 0.000; rss: 37MB	crate injection
time: 0.001; rss: 37MB	macro loading
time: 0.000; rss: 37MB	plugin loading
time: 0.000; rss: 37MB	plugin registration
time: 0.009; rss: 39MB	expansion
time: 0.000; rss: 39MB	complete gated feature checking 1
time: 0.002; rss: 39MB	configuration 2
time: 0.000; rss: 39MB	gated configuration checking
time: 0.001; rss: 39MB	maybe building test harness
time: 0.001; rss: 39MB	prelude injection
time: 0.000; rss: 39MB	checking that all macro invocations are gone
time: 0.000; rss: 39MB	checking for inline asm in case the target doesn't support it
time: 0.000; rss: 39MB	complete gated feature checking 2
time: 0.001; rss: 39MB	assigning node ids and indexing ast
time: 0.000; rss: 39MB	external crate/lib resolution
time: 0.000; rss: 39MB	language item collection
time: 0.004; rss: 44MB	resolution
time: 0.000; rss: 44MB	lifetime resolution
time: 0.000; rss: 44MB	looking for entry point
time: 0.000; rss: 44MB	looking for plugin registrar
time: 0.000; rss: 44MB	region resolution
time: 0.000; rss: 44MB	loop checking
time: 0.000; rss: 44MB	static item recursion checking
time: 0.001; rss: 46MB	type collecting
time: 0.000; rss: 46MB	variance inference
time: 0.007; rss: 54MB	coherence checking
time: 0.002; rss: 54MB	wf checking (old)
time: 0.011; rss: 57MB	item-types checking
time: 0.016; rss: 58MB	item-bodies checking
time: 0.000; rss: 58MB	drop-impl checking
time: 0.003; rss: 58MB	wf checking (new)
time: 0.001; rss: 58MB	const checking
time: 0.001; rss: 58MB	privacy checking
time: 0.000; rss: 58MB	stability index
time: 0.000; rss: 58MB	intrinsic checking
time: 0.000; rss: 58MB	effect checking
time: 0.000; rss: 58MB	match checking
time: 0.000; rss: 58MB	liveness checking
time: 0.001; rss: 58MB	borrow checking
time: 0.000; rss: 58MB	rvalue checking
time: 0.000; rss: 58MB	reachability checking
time: 0.001; rss: 58MB	death checking
time: 0.000; rss: 58MB	stability checking
time: 0.000; rss: 58MB	unused lib feature checking
time: 0.005; rss: 59MB	lint checking
time: 0.000; rss: 59MB	resolving dependency formats
time: 0.035; rss: 72MB	translation
  time: 0.002; rss: 69MB	llvm function passes
  time: 0.009; rss: 69MB	llvm module passes
  time: 0.008; rss: 74MB	codegen passes
  time: 0.000; rss: 73MB	codegen passes
time: 0.021; rss: 73MB	LLVM passes
time: 0.001; rss: 74MB	linking
rustc: x86_64-unknown-linux-gnu/stage2/lib/rustlib/x86_64-unknown-linux-gnu/lib/librand
time: 0.011; rss: 37MB	parsing
time: 0.003; rss: 37MB	configuration 1
time: 0.000; rss: 37MB	recursion limit
time: 0.000; rss: 37MB	gated macro checking
time: 0.000; rss: 37MB	crate injection
time: 0.001; rss: 39MB	macro loading
time: 0.000; rss: 39MB	plugin loading
time: 0.000; rss: 39MB	plugin registration
time: 0.023; rss: 40MB	expansion
time: 0.000; rss: 40MB	complete gated feature checking 1
time: 0.005; rss: 40MB	configuration 2
time: 0.000; rss: 40MB	gated configuration checking
time: 0.002; rss: 40MB	maybe building test harness
time: 0.002; rss: 40MB	prelude injection
time: 0.000; rss: 40MB	checking that all macro invocations are gone
time: 0.000; rss: 40MB	checking for inline asm in case the target doesn't support it
time: 0.000; rss: 40MB	complete gated feature checking 2
time: 0.003; rss: 40MB	assigning node ids and indexing ast
time: 0.000; rss: 40MB	external crate/lib resolution
time: 0.000; rss: 40MB	language item collection
time: 0.007; rss: 50MB	resolution
time: 0.000; rss: 50MB	lifetime resolution
time: 0.000; rss: 50MB	looking for entry point
time: 0.000; rss: 50MB	looking for plugin registrar
time: 0.001; rss: 50MB	region resolution
time: 0.000; rss: 50MB	loop checking
time: 0.000; rss: 50MB	static item recursion checking
time: 0.002; rss: 50MB	type collecting
time: 0.000; rss: 50MB	variance inference
time: 0.030; rss: 65MB	coherence checking
time: 0.006; rss: 65MB	wf checking (old)
time: 0.015; rss: 65MB	item-types checking
time: 0.243; rss: 77MB	item-bodies checking
time: 0.000; rss: 77MB	drop-impl checking
time: 0.014; rss: 77MB	wf checking (new)
time: 0.009; rss: 77MB	const checking
time: 0.001; rss: 77MB	privacy checking
time: 0.000; rss: 77MB	stability index
time: 0.001; rss: 77MB	intrinsic checking
time: 0.000; rss: 77MB	effect checking
time: 0.001; rss: 77MB	match checking
time: 0.001; rss: 80MB	liveness checking
time: 0.019; rss: 80MB	borrow checking
time: 0.007; rss: 80MB	rvalue checking
time: 0.000; rss: 80MB	reachability checking
time: 0.001; rss: 80MB	death checking
time: 0.001; rss: 80MB	stability checking
time: 0.000; rss: 80MB	unused lib feature checking
time: 0.017; rss: 80MB	lint checking
time: 0.000; rss: 80MB	resolving dependency formats
time: 0.127; rss: 98MB	translation
  time: 0.022; rss: 79MB	llvm function passes
  time: 0.147; rss: 79MB	llvm module passes
  time: 0.050; rss: 84MB	codegen passes
  time: 0.000; rss: 83MB	codegen passes
time: 0.223; rss: 83MB	LLVM passes
time: 0.003; rss: 83MB	linking
rustc: x86_64-unknown-linux-gnu/stage2/lib/rustlib/x86_64-unknown-linux-gnu/lib/liballoc_system
time: 0.001; rss: 29MB	parsing
time: 0.000; rss: 33MB	configuration 1
time: 0.000; rss: 33MB	recursion limit
time: 0.000; rss: 33MB	gated macro checking
time: 0.000; rss: 33MB	crate injection
time: 0.001; rss: 33MB	macro loading
time: 0.000; rss: 33MB	plugin loading
time: 0.000; rss: 33MB	plugin registration
time: 0.001; rss: 35MB	expansion
time: 0.000; rss: 35MB	complete gated feature checking 1
time: 0.000; rss: 35MB	configuration 2
time: 0.000; rss: 35MB	gated configuration checking
time: 0.000; rss: 35MB	maybe building test harness
time: 0.000; rss: 35MB	prelude injection
time: 0.000; rss: 35MB	checking that all macro invocations are gone
time: 0.000; rss: 35MB	checking for inline asm in case the target doesn't support it
time: 0.000; rss: 35MB	complete gated feature checking 2
time: 0.000; rss: 35MB	assigning node ids and indexing ast
time: 0.000; rss: 35MB	external crate/lib resolution
time: 0.000; rss: 35MB	language item collection
time: 0.002; rss: 39MB	resolution
time: 0.000; rss: 39MB	lifetime resolution
time: 0.000; rss: 39MB	looking for entry point
time: 0.000; rss: 39MB	looking for plugin registrar
time: 0.000; rss: 39MB	region resolution
time: 0.000; rss: 39MB	loop checking
time: 0.000; rss: 39MB	static item recursion checking
time: 0.000; rss: 39MB	type collecting
time: 0.000; rss: 39MB	variance inference
time: 0.002; rss: 39MB	coherence checking
time: 0.000; rss: 43MB	wf checking (old)
time: 0.000; rss: 43MB	item-types checking
time: 0.012; rss: 50MB	item-bodies checking
time: 0.000; rss: 50MB	drop-impl checking
time: 0.000; rss: 50MB	wf checking (new)
time: 0.000; rss: 50MB	const checking
time: 0.000; rss: 50MB	privacy checking
time: 0.000; rss: 50MB	stability index
time: 0.000; rss: 50MB	intrinsic checking
time: 0.000; rss: 50MB	effect checking
time: 0.000; rss: 50MB	match checking
time: 0.000; rss: 50MB	liveness checking
time: 0.000; rss: 50MB	borrow checking
time: 0.000; rss: 50MB	rvalue checking
time: 0.000; rss: 50MB	reachability checking
time: 0.000; rss: 50MB	death checking
time: 0.000; rss: 50MB	stability checking
time: 0.000; rss: 50MB	unused lib feature checking
time: 0.000; rss: 50MB	lint checking
time: 0.000; rss: 50MB	resolving dependency formats
time: 0.004; rss: 63MB	translation
  time: 0.001; rss: 63MB	llvm function passes
  time: 0.003; rss: 63MB	llvm module passes
  time: 0.003; rss: 68MB	codegen passes
  time: 0.000; rss: 68MB	codegen passes
time: 0.009; rss: 68MB	LLVM passes
time: 0.001; rss: 68MB	linking
rustc: x86_64-unknown-linux-gnu/stage2/lib/rustlib/x86_64-unknown-linux-gnu/lib/liballoc
time: 0.009; rss: 31MB	parsing
time: 0.003; rss: 35MB	configuration 1
time: 0.000; rss: 35MB	recursion limit
time: 0.000; rss: 35MB	gated macro checking
time: 0.000; rss: 35MB	crate injection
time: 0.001; rss: 36MB	macro loading
time: 0.000; rss: 36MB	plugin loading
time: 0.000; rss: 36MB	plugin registration
time: 0.011; rss: 37MB	expansion
time: 0.000; rss: 37MB	complete gated feature checking 1
time: 0.003; rss: 37MB	configuration 2
time: 0.000; rss: 37MB	gated configuration checking
time: 0.001; rss: 37MB	maybe building test harness
time: 0.001; rss: 37MB	prelude injection
time: 0.000; rss: 37MB	checking that all macro invocations are gone
time: 0.000; rss: 37MB	checking for inline asm in case the target doesn't support it
time: 0.000; rss: 37MB	complete gated feature checking 2
time: 0.001; rss: 37MB	assigning node ids and indexing ast
time: 0.000; rss: 37MB	external crate/lib resolution
time: 0.000; rss: 37MB	language item collection
time: 0.007; rss: 50MB	resolution
time: 0.000; rss: 50MB	lifetime resolution
time: 0.000; rss: 50MB	looking for entry point
time: 0.000; rss: 50MB	looking for plugin registrar
time: 0.000; rss: 50MB	region resolution
time: 0.000; rss: 50MB	loop checking
time: 0.000; rss: 50MB	static item recursion checking
time: 0.003; rss: 52MB	type collecting
time: 0.000; rss: 52MB	variance inference
time: 0.040; rss: 65MB	coherence checking
time: 0.004; rss: 65MB	wf checking (old)
time: 0.003; rss: 65MB	item-types checking
time: 0.072; rss: 69MB	item-bodies checking
time: 0.000; rss: 69MB	drop-impl checking
time: 0.008; rss: 69MB	wf checking (new)
time: 0.005; rss: 69MB	const checking
time: 0.001; rss: 69MB	privacy checking
time: 0.000; rss: 69MB	stability index
time: 0.000; rss: 69MB	intrinsic checking
time: 0.000; rss: 69MB	effect checking
time: 0.001; rss: 72MB	match checking
time: 0.000; rss: 72MB	liveness checking
time: 0.008; rss: 72MB	borrow checking
time: 0.004; rss: 72MB	rvalue checking
time: 0.000; rss: 72MB	reachability checking
time: 0.001; rss: 72MB	death checking
time: 0.001; rss: 72MB	stability checking
time: 0.000; rss: 72MB	unused lib feature checking
time: 0.006; rss: 72MB	lint checking
time: 0.000; rss: 72MB	resolving dependency formats
time: 0.046; rss: 86MB	translation
  time: 0.002; rss: 74MB	llvm function passes
  time: 0.007; rss: 74MB	llvm module passes
  time: 0.005; rss: 80MB	codegen passes
  time: 0.000; rss: 79MB	codegen passes
time: 0.016; rss: 79MB	LLVM passes
time: 0.001; rss: 79MB	linking
rustc: x86_64-unknown-linux-gnu/stage2/lib/rustlib/x86_64-unknown-linux-gnu/lib/librustc_unicode
time: 0.032; rss: 40MB	parsing
time: 0.006; rss: 40MB	configuration 1
time: 0.000; rss: 40MB	recursion limit
time: 0.000; rss: 40MB	gated macro checking
time: 0.000; rss: 40MB	crate injection
time: 0.001; rss: 40MB	macro loading
time: 0.000; rss: 40MB	plugin loading
time: 0.000; rss: 40MB	plugin registration
time: 0.051; rss: 43MB	expansion
time: 0.000; rss: 43MB	complete gated feature checking 1
time: 0.006; rss: 43MB	configuration 2
time: 0.000; rss: 43MB	gated configuration checking
time: 0.003; rss: 43MB	maybe building test harness
time: 0.003; rss: 43MB	prelude injection
time: 0.000; rss: 43MB	checking that all macro invocations are gone
time: 0.000; rss: 43MB	checking for inline asm in case the target doesn't support it
time: 0.000; rss: 43MB	complete gated feature checking 2
time: 0.003; rss: 44MB	assigning node ids and indexing ast
time: 0.000; rss: 44MB	external crate/lib resolution
time: 0.000; rss: 44MB	language item collection
time: 0.004; rss: 52MB	resolution
time: 0.000; rss: 52MB	lifetime resolution
time: 0.000; rss: 52MB	looking for entry point
time: 0.000; rss: 52MB	looking for plugin registrar
time: 0.002; rss: 54MB	region resolution
time: 0.000; rss: 54MB	loop checking
time: 0.000; rss: 54MB	static item recursion checking
time: 0.001; rss: 56MB	type collecting
time: 0.000; rss: 56MB	variance inference
time: 0.036; rss: 69MB	coherence checking
time: 0.003; rss: 69MB	wf checking (old)
time: 0.047; rss: 71MB	item-types checking
time: 0.034; rss: 75MB	item-bodies checking
time: 0.000; rss: 75MB	drop-impl checking
time: 0.002; rss: 75MB	wf checking (new)
time: 0.010; rss: 75MB	const checking
time: 0.001; rss: 75MB	privacy checking
time: 0.000; rss: 75MB	stability index
time: 0.000; rss: 75MB	intrinsic checking
time: 0.000; rss: 75MB	effect checking
time: 0.001; rss: 75MB	match checking
time: 0.000; rss: 75MB	liveness checking
time: 0.002; rss: 75MB	borrow checking
time: 0.001; rss: 75MB	rvalue checking
time: 0.000; rss: 75MB	reachability checking
time: 0.001; rss: 75MB	death checking
time: 0.001; rss: 75MB	stability checking
time: 0.000; rss: 75MB	unused lib feature checking
time: 0.008; rss: 75MB	lint checking
time: 0.000; rss: 75MB	resolving dependency formats
time: 0.203; rss: 101MB	translation
  time: 0.015; rss: 79MB	llvm function passes
  time: 0.163; rss: 80MB	llvm module passes
  time: 0.072; rss: 83MB	codegen passes
  time: 0.001; rss: 82MB	codegen passes
time: 0.259; rss: 82MB	LLVM passes
time: 0.007; rss: 82MB	linking
rustc: x86_64-unknown-linux-gnu/stage2/lib/rustlib/x86_64-unknown-linux-gnu/lib/libcollections
time: 0.037; rss: 43MB	parsing
time: 0.014; rss: 43MB	configuration 1
time: 0.000; rss: 43MB	recursion limit
time: 0.001; rss: 43MB	gated macro checking
time: 0.000; rss: 43MB	crate injection
time: 0.001; rss: 43MB	macro loading
time: 0.000; rss: 43MB	plugin loading
time: 0.000; rss: 43MB	plugin registration
time: 0.088; rss: 47MB	expansion
time: 0.003; rss: 47MB	complete gated feature checking 1
time: 0.019; rss: 47MB	configuration 2
time: 0.000; rss: 47MB	gated configuration checking
time: 0.009; rss: 47MB	maybe building test harness
time: 0.008; rss: 47MB	prelude injection
time: 0.001; rss: 47MB	checking that all macro invocations are gone
time: 0.000; rss: 47MB	checking for inline asm in case the target doesn't support it
time: 0.002; rss: 47MB	complete gated feature checking 2
time: 0.009; rss: 48MB	assigning node ids and indexing ast
time: 0.001; rss: 48MB	external crate/lib resolution
time: 0.001; rss: 48MB	language item collection
time: 0.025; rss: 65MB	resolution
time: 0.002; rss: 65MB	lifetime resolution
time: 0.000; rss: 65MB	looking for entry point
time: 0.001; rss: 65MB	looking for plugin registrar
time: 0.004; rss: 65MB	region resolution
time: 0.001; rss: 65MB	loop checking
time: 0.001; rss: 65MB	static item recursion checking
time: 0.013; rss: 69MB	type collecting
time: 0.002; rss: 69MB	variance inference
time: 0.114; rss: 85MB	coherence checking
time: 0.043; rss: 87MB	wf checking (old)
time: 0.035; rss: 87MB	item-types checking
time: 1.181; rss: 109MB	item-bodies checking
time: 0.000; rss: 109MB	drop-impl checking
time: 0.103; rss: 109MB	wf checking (new)
time: 0.054; rss: 116MB	const checking
time: 0.007; rss: 116MB	privacy checking
time: 0.001; rss: 116MB	stability index
time: 0.006; rss: 116MB	intrinsic checking
time: 0.001; rss: 116MB	effect checking
time: 0.014; rss: 116MB	match checking
time: 0.005; rss: 116MB	liveness checking
time: 0.107; rss: 116MB	borrow checking
time: 0.088; rss: 116MB	rvalue checking
time: 0.003; rss: 116MB	reachability checking
time: 0.006; rss: 116MB	death checking
time: 0.007; rss: 116MB	stability checking
time: 0.000; rss: 116MB	unused lib feature checking
time: 0.117; rss: 116MB	lint checking
time: 0.000; rss: 116MB	resolving dependency formats
time: 0.429; rss: 151MB	translation
  time: 0.041; rss: 92MB	llvm function passes
  time: 0.406; rss: 94MB	llvm module passes
  time: 0.154; rss: 97MB	codegen passes
  time: 0.001; rss: 96MB	codegen passes
time: 0.610; rss: 96MB	LLVM passes
time: 0.012; rss: 96MB	linking
rustc: x86_64-unknown-linux-gnu/stage2/lib/rustlib/x86_64-unknown-linux-gnu/lib/liballoc_jemalloc
time: 0.000; rss: 29MB	parsing
time: 0.000; rss: 29MB	configuration 1
time: 0.000; rss: 29MB	recursion limit
time: 0.000; rss: 33MB	gated macro checking
time: 0.000; rss: 33MB	crate injection
time: 0.001; rss: 33MB	macro loading
time: 0.000; rss: 33MB	plugin loading
time: 0.000; rss: 33MB	plugin registration
time: 0.001; rss: 33MB	expansion
time: 0.000; rss: 33MB	complete gated feature checking 1
time: 0.000; rss: 33MB	configuration 2
time: 0.000; rss: 33MB	gated configuration checking
time: 0.000; rss: 33MB	maybe building test harness
time: 0.000; rss: 33MB	prelude injection
time: 0.000; rss: 33MB	checking that all macro invocations are gone
time: 0.000; rss: 33MB	checking for inline asm in case the target doesn't support it
time: 0.000; rss: 33MB	complete gated feature checking 2
time: 0.000; rss: 33MB	assigning node ids and indexing ast
time: 0.000; rss: 33MB	external crate/lib resolution
time: 0.000; rss: 33MB	language item collection
time: 0.002; rss: 38MB	resolution
time: 0.000; rss: 38MB	lifetime resolution
time: 0.000; rss: 38MB	looking for entry point
time: 0.000; rss: 38MB	looking for plugin registrar
time: 0.000; rss: 38MB	region resolution
time: 0.000; rss: 38MB	loop checking
time: 0.000; rss: 38MB	static item recursion checking
time: 0.000; rss: 38MB	type collecting
time: 0.000; rss: 38MB	variance inference
time: 0.002; rss: 42MB	coherence checking
time: 0.000; rss: 42MB	wf checking (old)
time: 0.000; rss: 42MB	item-types checking
time: 0.010; rss: 48MB	item-bodies checking
time: 0.000; rss: 48MB	drop-impl checking
time: 0.000; rss: 48MB	wf checking (new)
time: 0.000; rss: 48MB	const checking
time: 0.000; rss: 48MB	privacy checking
time: 0.000; rss: 48MB	stability index
time: 0.000; rss: 48MB	intrinsic checking
time: 0.000; rss: 48MB	effect checking
time: 0.000; rss: 48MB	match checking
time: 0.000; rss: 48MB	liveness checking
time: 0.000; rss: 48MB	borrow checking
time: 0.000; rss: 48MB	rvalue checking
time: 0.000; rss: 48MB	reachability checking
time: 0.000; rss: 48MB	death checking
time: 0.000; rss: 48MB	stability checking
time: 0.000; rss: 48MB	unused lib feature checking
time: 0.000; rss: 48MB	lint checking
time: 0.000; rss: 48MB	resolving dependency formats
time: 0.004; rss: 62MB	translation
  time: 0.001; rss: 63MB	llvm function passes
  time: 0.002; rss: 63MB	llvm module passes
  time: 0.003; rss: 68MB	codegen passes
  time: 0.000; rss: 68MB	codegen passes
time: 0.008; rss: 68MB	LLVM passes
time: 0.002; rss: 68MB	linking
rustc: x86_64-unknown-linux-gnu/stage2/lib/rustlib/x86_64-unknown-linux-gnu/lib/libstd
time: 0.147; rss: 75MB	parsing
time: 0.049; rss: 72MB	configuration 1
time: 0.000; rss: 72MB	recursion limit
time: 0.003; rss: 72MB	gated macro checking
time: 0.000; rss: 72MB	crate injection
time: 0.004; rss: 74MB	macro loading
time: 0.000; rss: 74MB	plugin loading
time: 0.000; rss: 74MB	plugin registration
time: 0.234; rss: 70MB	expansion
time: 0.008; rss: 70MB	complete gated feature checking 1
time: 0.047; rss: 70MB	configuration 2
time: 0.000; rss: 70MB	gated configuration checking
time: 0.024; rss: 70MB	maybe building test harness
time: 0.023; rss: 70MB	prelude injection
time: 0.003; rss: 70MB	checking that all macro invocations are gone
time: 0.000; rss: 70MB	checking for inline asm in case the target doesn't support it
time: 0.008; rss: 70MB	complete gated feature checking 2
time: 0.028; rss: 73MB	assigning node ids and indexing ast
time: 0.005; rss: 73MB	external crate/lib resolution
time: 0.007; rss: 73MB	language item collection
time: 0.068; rss: 105MB	resolution
time: 0.006; rss: 103MB	lifetime resolution
time: 0.000; rss: 103MB	looking for entry point
time: 0.003; rss: 103MB	looking for plugin registrar
time: 0.014; rss: 108MB	region resolution
time: 0.003; rss: 108MB	loop checking
time: 0.003; rss: 108MB	static item recursion checking
time: 0.029; rss: 113MB	type collecting
time: 0.007; rss: 113MB	variance inference
time: 0.110; rss: 134MB	coherence checking
time: 0.040; rss: 136MB	wf checking (old)
time: 0.069; rss: 140MB	item-types checking
time: 1.154; rss: 172MB	item-bodies checking
time: 0.000; rss: 172MB	drop-impl checking
time: 0.109; rss: 172MB	wf checking (new)
time: 0.109; rss: 174MB	const checking
time: 0.030; rss: 174MB	privacy checking
time: 0.002; rss: 174MB	stability index
time: 0.010; rss: 174MB	intrinsic checking
time: 0.006; rss: 174MB	effect checking
time: 0.025; rss: 174MB	match checking
time: 0.013; rss: 174MB	liveness checking
time: 0.190; rss: 174MB	borrow checking
time: 0.134; rss: 174MB	rvalue checking
time: 0.008; rss: 174MB	reachability checking
time: 0.020; rss: 174MB	death checking
time: 0.022; rss: 174MB	stability checking
time: 0.000; rss: 174MB	unused lib feature checking
time: 0.095; rss: 174MB	lint checking
time: 0.000; rss: 174MB	resolving dependency formats
time: 1.286; rss: 260MB	translation
  time: 0.340; rss: 160MB	llvm function passes
  time: 4.092; rss: 167MB	llvm module passes
  time: 1.709; rss: 170MB	codegen passes
  time: 0.002; rss: 160MB	codegen passes
time: 6.259; rss: 160MB	LLVM passes
  time: 0.001; rss: 160MB	altering collections-a5fc0d6c.rlib
  time: 0.000; rss: 160MB	altering alloc-a5fc0d6c.rlib
  time: 0.000; rss: 160MB	altering rustc_unicode-a5fc0d6c.rlib
  time: 0.001; rss: 160MB	altering alloc_jemalloc-a5fc0d6c.rlib
  time: 0.000; rss: 160MB	altering libc-a5fc0d6c.rlib
  time: 0.000; rss: 160MB	altering rand-a5fc0d6c.rlib
  time: 0.001; rss: 160MB	altering core-a5fc0d6c.rlib
  time: 0.142; rss: 164MB	running linker
time: 0.219; rss: 163MB	linking
rustc: x86_64-unknown-linux-gnu/stage2/lib/rustlib/x86_64-unknown-linux-gnu/lib/libflate
time: 0.001; rss: 29MB	parsing
time: 0.000; rss: 29MB	configuration 1
time: 0.000; rss: 29MB	recursion limit
time: 0.000; rss: 33MB	gated macro checking
time: 0.000; rss: 33MB	crate injection
time: 0.003; rss: 35MB	macro loading
time: 0.000; rss: 35MB	plugin loading
time: 0.000; rss: 35MB	plugin registration
time: 0.002; rss: 35MB	expansion
time: 0.000; rss: 35MB	complete gated feature checking 1
time: 0.000; rss: 35MB	configuration 2
time: 0.000; rss: 35MB	gated configuration checking
time: 0.000; rss: 35MB	maybe building test harness
time: 0.000; rss: 35MB	prelude injection
time: 0.000; rss: 35MB	checking that all macro invocations are gone
time: 0.000; rss: 35MB	checking for inline asm in case the target doesn't support it
time: 0.000; rss: 35MB	complete gated feature checking 2
time: 0.000; rss: 35MB	assigning node ids and indexing ast
time: 0.001; rss: 35MB	external crate/lib resolution
time: 0.000; rss: 35MB	language item collection
time: 0.004; rss: 44MB	resolution
time: 0.000; rss: 44MB	lifetime resolution
time: 0.000; rss: 44MB	looking for entry point
time: 0.000; rss: 44MB	looking for plugin registrar
time: 0.000; rss: 44MB	region resolution
time: 0.000; rss: 44MB	loop checking
time: 0.000; rss: 48MB	static item recursion checking
time: 0.001; rss: 48MB	type collecting
time: 0.000; rss: 48MB	variance inference
time: 0.029; rss: 75MB	coherence checking
time: 0.001; rss: 75MB	wf checking (old)
time: 0.001; rss: 75MB	item-types checking
time: 0.016; rss: 77MB	item-bodies checking
time: 0.000; rss: 77MB	drop-impl checking
time: 0.001; rss: 77MB	wf checking (new)
time: 0.000; rss: 77MB	const checking
time: 0.000; rss: 77MB	privacy checking
time: 0.000; rss: 77MB	stability index
time: 0.000; rss: 77MB	intrinsic checking
time: 0.000; rss: 77MB	effect checking
time: 0.000; rss: 77MB	match checking
time: 0.000; rss: 77MB	liveness checking
time: 0.001; rss: 77MB	borrow checking
time: 0.000; rss: 77MB	rvalue checking
time: 0.000; rss: 77MB	reachability checking
time: 0.000; rss: 77MB	death checking
time: 0.000; rss: 77MB	stability checking
time: 0.000; rss: 77MB	unused lib feature checking
time: 0.001; rss: 77MB	lint checking
time: 0.001; rss: 77MB	resolving dependency formats
time: 0.017; rss: 92MB	translation
  time: 0.003; rss: 87MB	llvm function passes
  time: 0.007; rss: 87MB	llvm module passes
  time: 0.007; rss: 92MB	codegen passes
  time: 0.000; rss: 91MB	codegen passes
time: 0.018; rss: 91MB	LLVM passes
  time: 0.019; rss: 96MB	running linker
time: 0.021; rss: 96MB	linking
rustc: x86_64-unknown-linux-gnu/stage2/lib/rustlib/x86_64-unknown-linux-gnu/lib/libarena
time: 0.002; rss: 29MB	parsing
time: 0.001; rss: 29MB	configuration 1
time: 0.000; rss: 33MB	recursion limit
time: 0.000; rss: 33MB	gated macro checking
time: 0.000; rss: 33MB	crate injection
time: 0.003; rss: 36MB	macro loading
time: 0.000; rss: 36MB	plugin loading
time: 0.000; rss: 36MB	plugin registration
time: 0.003; rss: 37MB	expansion
time: 0.000; rss: 37MB	complete gated feature checking 1
time: 0.001; rss: 37MB	configuration 2
time: 0.000; rss: 37MB	gated configuration checking
time: 0.000; rss: 37MB	maybe building test harness
time: 0.000; rss: 37MB	prelude injection
time: 0.000; rss: 37MB	checking that all macro invocations are gone
time: 0.000; rss: 37MB	checking for inline asm in case the target doesn't support it
time: 0.000; rss: 37MB	complete gated feature checking 2
time: 0.000; rss: 37MB	assigning node ids and indexing ast
time: 0.001; rss: 37MB	external crate/lib resolution
time: 0.000; rss: 37MB	language item collection
time: 0.003; rss: 45MB	resolution
time: 0.000; rss: 45MB	lifetime resolution
time: 0.000; rss: 45MB	looking for entry point
time: 0.000; rss: 45MB	looking for plugin registrar
time: 0.000; rss: 45MB	region resolution
time: 0.000; rss: 45MB	loop checking
time: 0.000; rss: 45MB	static item recursion checking
time: 0.001; rss: 47MB	type collecting
time: 0.000; rss: 47MB	variance inference
time: 0.020; rss: 67MB	coherence checking
time: 0.001; rss: 67MB	wf checking (old)
time: 0.000; rss: 67MB	item-types checking
time: 0.076; rss: 86MB	item-bodies checking
time: 0.000; rss: 86MB	drop-impl checking
time: 0.001; rss: 86MB	wf checking (new)
time: 0.002; rss: 86MB	const checking
time: 0.000; rss: 86MB	privacy checking
time: 0.000; rss: 86MB	stability index
time: 0.000; rss: 86MB	intrinsic checking
time: 0.000; rss: 86MB	effect checking
time: 0.000; rss: 86MB	match checking
time: 0.000; rss: 86MB	liveness checking
time: 0.002; rss: 86MB	borrow checking
time: 0.001; rss: 86MB	rvalue checking
time: 0.000; rss: 86MB	reachability checking
time: 0.000; rss: 86MB	death checking
time: 0.000; rss: 86MB	stability checking
time: 0.000; rss: 86MB	unused lib feature checking
time: 0.004; rss: 86MB	lint checking
time: 0.001; rss: 86MB	resolving dependency formats
time: 0.049; rss: 104MB	translation
  time: 0.011; rss: 88MB	llvm function passes
  time: 0.075; rss: 89MB	llvm module passes
  time: 0.028; rss: 93MB	codegen passes
  time: 0.000; rss: 93MB	codegen passes
time: 0.117; rss: 93MB	LLVM passes
  time: 0.015; rss: 97MB	running linker
time: 0.017; rss: 97MB	linking
rustc: x86_64-unknown-linux-gnu/stage2/lib/rustlib/x86_64-unknown-linux-gnu/lib/liblog
time: 0.002; rss: 29MB	parsing
time: 0.001; rss: 33MB	configuration 1
time: 0.000; rss: 33MB	recursion limit
time: 0.000; rss: 33MB	gated macro checking
time: 0.000; rss: 33MB	crate injection
time: 0.003; rss: 35MB	macro loading
time: 0.000; rss: 35MB	plugin loading
time: 0.000; rss: 35MB	plugin registration
time: 0.005; rss: 36MB	expansion
time: 0.000; rss: 36MB	complete gated feature checking 1
time: 0.001; rss: 36MB	configuration 2
time: 0.000; rss: 36MB	gated configuration checking
time: 0.000; rss: 36MB	maybe building test harness
time: 0.000; rss: 36MB	prelude injection
time: 0.000; rss: 36MB	checking that all macro invocations are gone
time: 0.000; rss: 36MB	checking for inline asm in case the target doesn't support it
time: 0.000; rss: 36MB	complete gated feature checking 2
time: 0.001; rss: 36MB	assigning node ids and indexing ast
time: 0.001; rss: 36MB	external crate/lib resolution
time: 0.000; rss: 36MB	language item collection
time: 0.004; rss: 46MB	resolution
time: 0.000; rss: 46MB	lifetime resolution
time: 0.000; rss: 46MB	looking for entry point
time: 0.000; rss: 46MB	looking for plugin registrar
time: 0.000; rss: 46MB	region resolution
time: 0.000; rss: 46MB	loop checking
time: 0.000; rss: 50MB	static item recursion checking
time: 0.002; rss: 50MB	type collecting
time: 0.000; rss: 50MB	variance inference
time: 0.025; rss: 72MB	coherence checking
time: 0.001; rss: 72MB	wf checking (old)
time: 0.002; rss: 72MB	item-types checking
time: 0.088; rss: 91MB	item-bodies checking
time: 0.000; rss: 91MB	drop-impl checking
time: 0.001; rss: 91MB	wf checking (new)
time: 0.005; rss: 91MB	const checking
time: 0.000; rss: 91MB	privacy checking
time: 0.000; rss: 91MB	stability index
time: 0.000; rss: 91MB	intrinsic checking
time: 0.000; rss: 91MB	effect checking
time: 0.000; rss: 91MB	match checking
time: 0.000; rss: 91MB	liveness checking
time: 0.002; rss: 91MB	borrow checking
time: 0.001; rss: 91MB	rvalue checking
time: 0.000; rss: 91MB	reachability checking
time: 0.000; rss: 91MB	death checking
time: 0.001; rss: 91MB	stability checking
time: 0.000; rss: 91MB	unused lib feature checking
time: 0.002; rss: 91MB	lint checking
time: 0.001; rss: 91MB	resolving dependency formats
time: 0.112; rss: 115MB	translation
  time: 0.032; rss: 93MB	llvm function passes
  time: 0.431; rss: 96MB	llvm module passes
  time: 0.096; rss: 101MB	codegen passes
  time: 0.000; rss: 101MB	codegen passes
time: 0.565; rss: 101MB	LLVM passes
  time: 0.019; rss: 107MB	running linker
time: 0.024; rss: 105MB	linking
rustc: x86_64-unknown-linux-gnu/stage2/lib/rustlib/x86_64-unknown-linux-gnu/lib/libterm
time: 0.008; rss: 35MB	parsing
time: 0.002; rss: 35MB	configuration 1
time: 0.000; rss: 35MB	recursion limit
time: 0.000; rss: 35MB	gated macro checking
time: 0.000; rss: 35MB	crate injection
time: 0.003; rss: 38MB	macro loading
time: 0.000; rss: 38MB	plugin loading
time: 0.000; rss: 38MB	plugin registration
time: 0.020; rss: 40MB	expansion
time: 0.000; rss: 40MB	complete gated feature checking 1
time: 0.003; rss: 40MB	configuration 2
time: 0.000; rss: 40MB	gated configuration checking
time: 0.001; rss: 40MB	maybe building test harness
time: 0.001; rss: 40MB	prelude injection
time: 0.000; rss: 40MB	checking that all macro invocations are gone
time: 0.000; rss: 40MB	checking for inline asm in case the target doesn't support it
time: 0.000; rss: 40MB	complete gated feature checking 2
time: 0.002; rss: 40MB	assigning node ids and indexing ast
time: 0.001; rss: 40MB	external crate/lib resolution
time: 0.000; rss: 40MB	language item collection
time: 0.007; rss: 53MB	resolution
time: 0.000; rss: 53MB	lifetime resolution
time: 0.000; rss: 53MB	looking for entry point
time: 0.000; rss: 53MB	looking for plugin registrar
time: 0.001; rss: 53MB	region resolution
time: 0.000; rss: 53MB	loop checking
time: 0.000; rss: 53MB	static item recursion checking
time: 0.002; rss: 53MB	type collecting
time: 0.000; rss: 53MB	variance inference
time: 0.023; rss: 74MB	coherence checking
time: 0.002; rss: 74MB	wf checking (old)
time: 0.016; rss: 78MB	item-types checking
time: 0.183; rss: 96MB	item-bodies checking
time: 0.000; rss: 96MB	drop-impl checking
time: 0.003; rss: 96MB	wf checking (new)
time: 0.007; rss: 96MB	const checking
time: 0.001; rss: 96MB	privacy checking
time: 0.000; rss: 96MB	stability index
time: 0.000; rss: 96MB	intrinsic checking
time: 0.000; rss: 96MB	effect checking
time: 0.001; rss: 96MB	match checking
time: 0.001; rss: 98MB	liveness checking
time: 0.012; rss: 98MB	borrow checking
time: 0.004; rss: 98MB	rvalue checking
time: 0.000; rss: 98MB	reachability checking
time: 0.001; rss: 98MB	death checking
time: 0.002; rss: 98MB	stability checking
time: 0.000; rss: 98MB	unused lib feature checking
time: 0.006; rss: 98MB	lint checking
time: 0.001; rss: 98MB	resolving dependency formats
time: 0.256; rss: 137MB	translation
  time: 0.083; rss: 104MB	llvm function passes
  time: 1.264; rss: 108MB	llvm module passes
  time: 0.486; rss: 116MB	codegen passes
  time: 0.001; rss: 115MB	codegen passes
time: 1.859; rss: 115MB	LLVM passes
  time: 0.027; rss: 119MB	running linker
time: 0.045; rss: 119MB	linking
rustc: x86_64-unknown-linux-gnu/stage2/lib/rustlib/x86_64-unknown-linux-gnu/lib/libserialize
time: 0.018; rss: 39MB	parsing
time: 0.006; rss: 38MB	configuration 1
time: 0.000; rss: 38MB	recursion limit
time: 0.000; rss: 38MB	gated macro checking
time: 0.000; rss: 38MB	crate injection
time: 0.003; rss: 41MB	macro loading
time: 0.000; rss: 41MB	plugin loading
time: 0.000; rss: 41MB	plugin registration
time: 0.075; rss: 45MB	expansion
time: 0.002; rss: 45MB	complete gated feature checking 1
time: 0.013; rss: 45MB	configuration 2
time: 0.000; rss: 45MB	gated configuration checking
time: 0.007; rss: 45MB	maybe building test harness
time: 0.006; rss: 45MB	prelude injection
time: 0.000; rss: 45MB	checking that all macro invocations are gone
time: 0.000; rss: 45MB	checking for inline asm in case the target doesn't support it
time: 0.001; rss: 45MB	complete gated feature checking 2
time: 0.008; rss: 48MB	assigning node ids and indexing ast
time: 0.002; rss: 48MB	external crate/lib resolution
time: 0.001; rss: 48MB	language item collection
time: 0.024; rss: 68MB	resolution
time: 0.001; rss: 68MB	lifetime resolution
time: 0.000; rss: 68MB	looking for entry point
time: 0.000; rss: 68MB	looking for plugin registrar
time: 0.004; rss: 69MB	region resolution
time: 0.001; rss: 69MB	loop checking
time: 0.001; rss: 69MB	static item recursion checking
time: 0.009; rss: 73MB	type collecting
time: 0.001; rss: 73MB	variance inference
time: 0.076; rss: 101MB	coherence checking
time: 0.015; rss: 101MB	wf checking (old)
time: 0.020; rss: 101MB	item-types checking
time: 0.844; rss: 127MB	item-bodies checking
time: 0.000; rss: 127MB	drop-impl checking
time: 0.054; rss: 127MB	wf checking (new)
time: 0.122; rss: 127MB	const checking
time: 0.005; rss: 127MB	privacy checking
time: 0.000; rss: 127MB	stability index
time: 0.003; rss: 127MB	intrinsic checking
time: 0.001; rss: 127MB	effect checking
time: 0.013; rss: 127MB	match checking
time: 0.005; rss: 127MB	liveness checking
time: 0.239; rss: 127MB	borrow checking
time: 0.167; rss: 127MB	rvalue checking
time: 0.002; rss: 127MB	reachability checking
time: 0.005; rss: 127MB	death checking
time: 0.007; rss: 127MB	stability checking
time: 0.000; rss: 127MB	unused lib feature checking
time: 0.029; rss: 127MB	lint checking
time: 0.001; rss: 127MB	resolving dependency formats
time: 0.453; rss: 172MB	translation
  time: 0.107; rss: 114MB	llvm function passes
  time: 2.675; rss: 118MB	llvm module passes
  time: 0.557; rss: 123MB	codegen passes
  time: 0.001; rss: 117MB	codegen passes
time: 3.374; rss: 117MB	LLVM passes
  time: 0.029; rss: 121MB	running linker
time: 0.052; rss: 121MB	linking
rustc: x86_64-unknown-linux-gnu/stage2/lib/rustlib/x86_64-unknown-linux-gnu/lib/libgetopts
time: 0.005; rss: 35MB	parsing
time: 0.001; rss: 35MB	configuration 1
time: 0.000; rss: 35MB	recursion limit
time: 0.000; rss: 35MB	gated macro checking
time: 0.000; rss: 35MB	crate injection
time: 0.003; rss: 37MB	macro loading
time: 0.000; rss: 37MB	plugin loading
time: 0.000; rss: 37MB	plugin registration
time: 0.012; rss: 38MB	expansion
time: 0.000; rss: 38MB	complete gated feature checking 1
time: 0.002; rss: 38MB	configuration 2
time: 0.000; rss: 38MB	gated configuration checking
time: 0.001; rss: 38MB	maybe building test harness
time: 0.001; rss: 38MB	prelude injection
time: 0.000; rss: 38MB	checking that all macro invocations are gone
time: 0.000; rss: 38MB	checking for inline asm in case the target doesn't support it
time: 0.000; rss: 38MB	complete gated feature checking 2
time: 0.001; rss: 39MB	assigning node ids and indexing ast
time: 0.001; rss: 39MB	external crate/lib resolution
time: 0.000; rss: 39MB	language item collection
time: 0.005; rss: 47MB	resolution
time: 0.000; rss: 48MB	lifetime resolution
time: 0.000; rss: 48MB	looking for entry point
time: 0.000; rss: 48MB	looking for plugin registrar
time: 0.001; rss: 48MB	region resolution
time: 0.000; rss: 48MB	loop checking
time: 0.000; rss: 48MB	static item recursion checking
time: 0.001; rss: 49MB	type collecting
time: 0.000; rss: 49MB	variance inference
time: 0.024; rss: 72MB	coherence checking
time: 0.001; rss: 72MB	wf checking (old)
time: 0.002; rss: 72MB	item-types checking
time: 0.128; rss: 90MB	item-bodies checking
time: 0.000; rss: 90MB	drop-impl checking
time: 0.003; rss: 90MB	wf checking (new)
time: 0.004; rss: 90MB	const checking
time: 0.001; rss: 90MB	privacy checking
time: 0.000; rss: 90MB	stability index
time: 0.000; rss: 90MB	intrinsic checking
time: 0.000; rss: 90MB	effect checking
time: 0.001; rss: 90MB	match checking
time: 0.001; rss: 92MB	liveness checking
time: 0.007; rss: 92MB	borrow checking
time: 0.003; rss: 92MB	rvalue checking
time: 0.000; rss: 92MB	reachability checking
time: 0.001; rss: 92MB	death checking
time: 0.001; rss: 92MB	stability checking
time: 0.000; rss: 92MB	unused lib feature checking
time: 0.005; rss: 92MB	lint checking
time: 0.001; rss: 92MB	resolving dependency formats
time: 0.194; rss: 120MB	translation
  time: 0.057; rss: 97MB	llvm function passes
  time: 0.956; rss: 100MB	llvm module passes
  time: 0.378; rss: 107MB	codegen passes
  time: 0.001; rss: 106MB	codegen passes
time: 1.410; rss: 106MB	LLVM passes
  time: 0.021; rss: 111MB	running linker
time: 0.034; rss: 111MB	linking
rustc: x86_64-unknown-linux-gnu/stage2/lib/rustlib/x86_64-unknown-linux-gnu/lib/librbml
time: 0.005; rss: 35MB	parsing
time: 0.002; rss: 35MB	configuration 1
time: 0.000; rss: 35MB	recursion limit
time: 0.000; rss: 35MB	gated macro checking
time: 0.000; rss: 35MB	crate injection
time: 0.003; rss: 38MB	macro loading
time: 0.000; rss: 38MB	plugin loading
time: 0.000; rss: 38MB	plugin registration
time: 0.021; rss: 40MB	expansion
time: 0.000; rss: 40MB	complete gated feature checking 1
time: 0.003; rss: 40MB	configuration 2
time: 0.000; rss: 40MB	gated configuration checking
time: 0.002; rss: 40MB	maybe building test harness
time: 0.002; rss: 40MB	prelude injection
time: 0.000; rss: 40MB	checking that all macro invocations are gone
time: 0.000; rss: 40MB	checking for inline asm in case the target doesn't support it
time: 0.000; rss: 40MB	complete gated feature checking 2
time: 0.002; rss: 40MB	assigning node ids and indexing ast
time: 0.002; rss: 40MB	external crate/lib resolution
time: 0.000; rss: 40MB	language item collection
time: 0.006; rss: 52MB	resolution
time: 0.000; rss: 52MB	lifetime resolution
time: 0.000; rss: 52MB	looking for entry point
time: 0.000; rss: 52MB	looking for plugin registrar
time: 0.001; rss: 52MB	region resolution
time: 0.000; rss: 52MB	loop checking
time: 0.000; rss: 52MB	static item recursion checking
time: 0.002; rss: 55MB	type collecting
time: 0.000; rss: 55MB	variance inference
time: 0.056; rss: 84MB	coherence checking
time: 0.002; rss: 84MB	wf checking (old)
time: 0.011; rss: 84MB	item-types checking
time: 0.148; rss: 101MB	item-bodies checking
time: 0.000; rss: 101MB	drop-impl checking
time: 0.008; rss: 101MB	wf checking (new)
time: 0.016; rss: 101MB	const checking
time: 0.001; rss: 101MB	privacy checking
time: 0.000; rss: 101MB	stability index
time: 0.001; rss: 101MB	intrinsic checking
time: 0.000; rss: 101MB	effect checking
time: 0.002; rss: 101MB	match checking
time: 0.001; rss: 101MB	liveness checking
time: 0.021; rss: 103MB	borrow checking
time: 0.014; rss: 103MB	rvalue checking
time: 0.000; rss: 103MB	reachability checking
time: 0.001; rss: 103MB	death checking
time: 0.002; rss: 103MB	stability checking
time: 0.000; rss: 103MB	unused lib feature checking
time: 0.007; rss: 103MB	lint checking
time: 0.001; rss: 103MB	resolving dependency formats
time: 0.099; rss: 123MB	translation
  time: 0.025; rss: 98MB	llvm function passes
  time: 0.219; rss: 100MB	llvm module passes
  time: 0.115; rss: 104MB	codegen passes
  time: 0.000; rss: 103MB	codegen passes
time: 0.367; rss: 102MB	LLVM passes
  time: 0.023; rss: 109MB	running linker
time: 0.029; rss: 107MB	linking
rustc: x86_64-unknown-linux-gnu/stage2/lib/rustlib/x86_64-unknown-linux-gnu/lib/libtest
time: 0.007; rss: 35MB	parsing
time: 0.002; rss: 35MB	configuration 1
time: 0.000; rss: 35MB	recursion limit
time: 0.000; rss: 35MB	gated macro checking
time: 0.000; rss: 35MB	crate injection
time: 0.003; rss: 36MB	macro loading
time: 0.000; rss: 36MB	plugin loading
time: 0.000; rss: 36MB	plugin registration
time: 0.017; rss: 38MB	expansion
time: 0.000; rss: 38MB	complete gated feature checking 1
time: 0.003; rss: 38MB	configuration 2
time: 0.000; rss: 38MB	gated configuration checking
time: 0.002; rss: 38MB	maybe building test harness
time: 0.002; rss: 38MB	prelude injection
time: 0.000; rss: 38MB	checking that all macro invocations are gone
time: 0.000; rss: 38MB	checking for inline asm in case the target doesn't support it
time: 0.000; rss: 38MB	complete gated feature checking 2
time: 0.002; rss: 39MB	assigning node ids and indexing ast
time: 0.003; rss: 40MB	external crate/lib resolution
time: 0.000; rss: 40MB	language item collection
time: 0.010; rss: 55MB	resolution
time: 0.000; rss: 55MB	lifetime resolution
time: 0.000; rss: 55MB	looking for entry point
time: 0.000; rss: 55MB	looking for plugin registrar
time: 0.001; rss: 55MB	region resolution
time: 0.000; rss: 55MB	loop checking
time: 0.000; rss: 55MB	static item recursion checking
time: 0.004; rss: 58MB	type collecting
time: 0.000; rss: 58MB	variance inference
time: 0.029; rss: 75MB	coherence checking
time: 0.002; rss: 75MB	wf checking (old)
time: 0.004; rss: 81MB	item-types checking
time: 0.201; rss: 104MB	item-bodies checking
time: 0.000; rss: 104MB	drop-impl checking
time: 0.006; rss: 104MB	wf checking (new)
time: 0.008; rss: 104MB	const checking
time: 0.001; rss: 104MB	privacy checking
time: 0.000; rss: 104MB	stability index
time: 0.000; rss: 104MB	intrinsic checking
time: 0.000; rss: 104MB	effect checking
time: 0.002; rss: 104MB	match checking
time: 0.001; rss: 104MB	liveness checking
time: 0.013; rss: 104MB	borrow checking
time: 0.007; rss: 104MB	rvalue checking
time: 0.000; rss: 104MB	reachability checking
time: 0.001; rss: 104MB	death checking
time: 0.002; rss: 104MB	stability checking
time: 0.000; rss: 104MB	unused lib feature checking
time: 0.008; rss: 104MB	lint checking
time: 0.001; rss: 104MB	resolving dependency formats
time: 0.446; rss: 151MB	translation
  time: 0.141; rss: 114MB	llvm function passes
  time: 2.662; rss: 118MB	llvm module passes
  time: 0.813; rss: 125MB	codegen passes
  time: 0.001; rss: 123MB	codegen passes
time: 3.666; rss: 123MB	LLVM passes
  time: 0.026; rss: 130MB	running linker
time: 0.056; rss: 127MB	linking
rustc: x86_64-unknown-linux-gnu/stage2/lib/rustlib/x86_64-unknown-linux-gnu/lib/libgraphviz
time: 0.002; rss: 29MB	parsing
time: 0.001; rss: 33MB	configuration 1
time: 0.000; rss: 33MB	recursion limit
time: 0.000; rss: 33MB	gated macro checking
time: 0.000; rss: 33MB	crate injection
time: 0.003; rss: 36MB	macro loading
time: 0.000; rss: 36MB	plugin loading
time: 0.000; rss: 36MB	plugin registration
time: 0.004; rss: 37MB	expansion
time: 0.000; rss: 37MB	complete gated feature checking 1
time: 0.001; rss: 37MB	configuration 2
time: 0.000; rss: 37MB	gated configuration checking
time: 0.000; rss: 37MB	maybe building test harness
time: 0.000; rss: 37MB	prelude injection
time: 0.000; rss: 37MB	checking that all macro invocations are gone
time: 0.000; rss: 37MB	checking for inline asm in case the target doesn't support it
time: 0.000; rss: 37MB	complete gated feature checking 2
time: 0.000; rss: 37MB	assigning node ids and indexing ast
time: 0.001; rss: 37MB	external crate/lib resolution
time: 0.000; rss: 37MB	language item collection
time: 0.003; rss: 48MB	resolution
time: 0.000; rss: 48MB	lifetime resolution
time: 0.000; rss: 48MB	looking for entry point
time: 0.000; rss: 48MB	looking for plugin registrar
time: 0.000; rss: 48MB	region resolution
time: 0.000; rss: 48MB	loop checking
time: 0.000; rss: 48MB	static item recursion checking
time: 0.001; rss: 48MB	type collecting
time: 0.000; rss: 48MB	variance inference
time: 0.023; rss: 68MB	coherence checking
time: 0.001; rss: 68MB	wf checking (old)
time: 0.001; rss: 68MB	item-types checking
time: 0.078; rss: 89MB	item-bodies checking
time: 0.000; rss: 89MB	drop-impl checking
time: 0.002; rss: 89MB	wf checking (new)
time: 0.002; rss: 89MB	const checking
time: 0.000; rss: 89MB	privacy checking
time: 0.000; rss: 89MB	stability index
time: 0.000; rss: 89MB	intrinsic checking
time: 0.000; rss: 89MB	effect checking
time: 0.001; rss: 89MB	match checking
time: 0.000; rss: 89MB	liveness checking
time: 0.003; rss: 89MB	borrow checking
time: 0.002; rss: 89MB	rvalue checking
time: 0.000; rss: 89MB	reachability checking
time: 0.000; rss: 89MB	death checking
time: 0.000; rss: 89MB	stability checking
time: 0.000; rss: 89MB	unused lib feature checking
time: 0.002; rss: 89MB	lint checking
time: 0.001; rss: 89MB	resolving dependency formats
time: 0.052; rss: 106MB	translation
  time: 0.012; rss: 88MB	llvm function passes
  time: 0.079; rss: 89MB	llvm module passes
  time: 0.025; rss: 93MB	codegen passes
  time: 0.000; rss: 93MB	codegen passes
time: 0.119; rss: 92MB	LLVM passes
  time: 0.019; rss: 97MB	running linker
time: 0.021; rss: 97MB	linking
rustc: x86_64-unknown-linux-gnu/stage2/lib/rustlib/x86_64-unknown-linux-gnu/lib/librustc_bitflags
time: 0.001; rss: 29MB	parsing
time: 0.000; rss: 29MB	configuration 1
time: 0.000; rss: 29MB	recursion limit
time: 0.000; rss: 29MB	gated macro checking
time: 0.000; rss: 29MB	crate injection
time: 0.001; rss: 33MB	macro loading
time: 0.000; rss: 33MB	plugin loading
time: 0.000; rss: 33MB	plugin registration
time: 0.001; rss: 34MB	expansion
time: 0.000; rss: 34MB	complete gated feature checking 1
time: 0.000; rss: 34MB	configuration 2
time: 0.000; rss: 34MB	gated configuration checking
time: 0.000; rss: 34MB	maybe building test harness
time: 0.000; rss: 34MB	prelude injection
time: 0.000; rss: 34MB	checking that all macro invocations are gone
time: 0.000; rss: 34MB	checking for inline asm in case the target doesn't support it
time: 0.000; rss: 34MB	complete gated feature checking 2
time: 0.000; rss: 34MB	assigning node ids and indexing ast
time: 0.000; rss: 34MB	external crate/lib resolution
time: 0.000; rss: 34MB	language item collection
time: 0.001; rss: 34MB	resolution
time: 0.000; rss: 34MB	lifetime resolution
time: 0.000; rss: 34MB	looking for entry point
time: 0.000; rss: 34MB	looking for plugin registrar
time: 0.000; rss: 34MB	region resolution
time: 0.000; rss: 34MB	loop checking
time: 0.000; rss: 34MB	static item recursion checking
time: 0.000; rss: 38MB	type collecting
time: 0.000; rss: 38MB	variance inference
time: 0.002; rss: 38MB	coherence checking
time: 0.000; rss: 38MB	wf checking (old)
time: 0.000; rss: 38MB	item-types checking
time: 0.000; rss: 38MB	item-bodies checking
time: 0.000; rss: 38MB	drop-impl checking
time: 0.000; rss: 38MB	wf checking (new)
time: 0.000; rss: 38MB	const checking
time: 0.000; rss: 38MB	privacy checking
time: 0.000; rss: 38MB	stability index
time: 0.000; rss: 38MB	intrinsic checking
time: 0.000; rss: 38MB	effect checking
time: 0.000; rss: 38MB	match checking
time: 0.000; rss: 38MB	liveness checking
time: 0.000; rss: 38MB	borrow checking
time: 0.000; rss: 38MB	rvalue checking
time: 0.000; rss: 38MB	reachability checking
time: 0.000; rss: 38MB	death checking
time: 0.000; rss: 38MB	stability checking
time: 0.000; rss: 38MB	unused lib feature checking
time: 0.000; rss: 38MB	lint checking
time: 0.000; rss: 38MB	resolving dependency formats
time: 0.002; rss: 51MB	translation
  time: 0.000; rss: 52MB	llvm function passes
  time: 0.000; rss: 52MB	llvm module passes
  time: 0.001; rss: 52MB	codegen passes
  time: 0.000; rss: 53MB	codegen passes
time: 0.002; rss: 53MB	LLVM passes
time: 0.001; rss: 53MB	linking
rustc: x86_64-unknown-linux-gnu/stage2/lib/rustlib/x86_64-unknown-linux-gnu/lib/libfmt_macros
time: 0.002; rss: 29MB	parsing
time: 0.000; rss: 29MB	configuration 1
time: 0.000; rss: 33MB	recursion limit
time: 0.000; rss: 33MB	gated macro checking
time: 0.000; rss: 33MB	crate injection
time: 0.003; rss: 36MB	macro loading
time: 0.000; rss: 36MB	plugin loading
time: 0.000; rss: 36MB	plugin registration
time: 0.005; rss: 37MB	expansion
time: 0.000; rss: 37MB	complete gated feature checking 1
time: 0.001; rss: 37MB	configuration 2
time: 0.000; rss: 37MB	gated configuration checking
time: 0.001; rss: 37MB	maybe building test harness
time: 0.000; rss: 37MB	prelude injection
time: 0.000; rss: 37MB	checking that all macro invocations are gone
time: 0.000; rss: 37MB	checking for inline asm in case the target doesn't support it
time: 0.000; rss: 37MB	complete gated feature checking 2
time: 0.001; rss: 37MB	assigning node ids and indexing ast
time: 0.001; rss: 37MB	external crate/lib resolution
time: 0.000; rss: 37MB	language item collection
time: 0.003; rss: 44MB	resolution
time: 0.000; rss: 44MB	lifetime resolution
time: 0.000; rss: 44MB	looking for entry point
time: 0.000; rss: 44MB	looking for plugin registrar
time: 0.000; rss: 46MB	region resolution
time: 0.000; rss: 46MB	loop checking
time: 0.000; rss: 46MB	static item recursion checking
time: 0.001; rss: 46MB	type collecting
time: 0.000; rss: 46MB	variance inference
time: 0.059; rss: 83MB	coherence checking
time: 0.002; rss: 83MB	wf checking (old)
time: 0.001; rss: 83MB	item-types checking
time: 0.039; rss: 87MB	item-bodies checking
time: 0.000; rss: 87MB	drop-impl checking
time: 0.001; rss: 87MB	wf checking (new)
time: 0.002; rss: 87MB	const checking
time: 0.000; rss: 87MB	privacy checking
time: 0.000; rss: 87MB	stability index
time: 0.000; rss: 87MB	intrinsic checking
time: 0.000; rss: 87MB	effect checking
time: 0.001; rss: 87MB	match checking
time: 0.000; rss: 87MB	liveness checking
time: 0.003; rss: 87MB	borrow checking
time: 0.001; rss: 87MB	rvalue checking
time: 0.000; rss: 87MB	reachability checking
time: 0.000; rss: 87MB	death checking
time: 0.000; rss: 87MB	stability checking
time: 0.000; rss: 87MB	unused lib feature checking
time: 0.002; rss: 87MB	lint checking
time: 0.001; rss: 87MB	resolving dependency formats
time: 0.069; rss: 108MB	translation
  time: 0.017; rss: 89MB	llvm function passes
  time: 0.250; rss: 93MB	llvm module passes
  time: 0.093; rss: 98MB	codegen passes
  time: 0.000; rss: 98MB	codegen passes
time: 0.366; rss: 98MB	LLVM passes
  time: 0.019; rss: 102MB	running linker
time: 0.023; rss: 102MB	linking
rustc: x86_64-unknown-linux-gnu/stage2/lib/rustlib/x86_64-unknown-linux-gnu/lib/libsyntax
time: 0.121; rss: 70MB	parsing
time: 0.042; rss: 70MB	configuration 1
time: 0.000; rss: 70MB	recursion limit
time: 0.003; rss: 70MB	gated macro checking
time: 0.000; rss: 70MB	crate injection
time: 0.006; rss: 73MB	macro loading
time: 0.000; rss: 73MB	plugin loading
time: 0.000; rss: 73MB	plugin registration
time: 0.616; rss: 107MB	expansion
time: 0.018; rss: 107MB	complete gated feature checking 1
time: 0.114; rss: 107MB	configuration 2
time: 0.000; rss: 107MB	gated configuration checking
time: 0.059; rss: 107MB	maybe building test harness
time: 0.054; rss: 107MB	prelude injection
time: 0.008; rss: 107MB	checking that all macro invocations are gone
time: 0.000; rss: 107MB	checking for inline asm in case the target doesn't support it
time: 0.018; rss: 107MB	complete gated feature checking 2
time: 0.071; rss: 117MB	assigning node ids and indexing ast
time: 0.011; rss: 118MB	external crate/lib resolution
time: 0.017; rss: 118MB	language item collection
time: 0.221; rss: 158MB	resolution
time: 0.015; rss: 152MB	lifetime resolution
time: 0.000; rss: 152MB	looking for entry point
time: 0.009; rss: 152MB	looking for plugin registrar
time: 0.051; rss: 172MB	region resolution
time: 0.009; rss: 172MB	loop checking
time: 0.009; rss: 172MB	static item recursion checking
time: 0.053; rss: 172MB	type collecting
time: 0.018; rss: 172MB	variance inference
time: 0.144; rss: 207MB	coherence checking
time: 0.049; rss: 209MB	wf checking (old)
time: 0.088; rss: 209MB	item-types checking
time: 7.351; rss: 313MB	item-bodies checking
time: 0.000; rss: 313MB	drop-impl checking
time: 0.355; rss: 313MB	wf checking (new)
time: 0.493; rss: 318MB	const checking
time: 0.083; rss: 318MB	privacy checking
time: 0.002; rss: 318MB	stability index
time: 0.024; rss: 318MB	intrinsic checking
time: 0.021; rss: 318MB	effect checking
time: 0.079; rss: 318MB	match checking
time: 0.060; rss: 322MB	liveness checking
time: 1.024; rss: 322MB	borrow checking
time: 0.658; rss: 322MB	rvalue checking
time: 0.022; rss: 322MB	reachability checking
time: 0.065; rss: 322MB	death checking
time: 0.066; rss: 322MB	stability checking
time: 0.000; rss: 322MB	unused lib feature checking
time: 0.260; rss: 322MB	lint checking
time: 0.001; rss: 322MB	resolving dependency formats
time: 5.871; rss: 686MB	translation
  time: 2.099; rss: 407MB	llvm function passes
  time: 46.323; rss: 464MB	llvm module passes
  time: 16.774; rss: 510MB	codegen passes
  time: 0.002; rss: 471MB	codegen passes
time: 66.450; rss: 471MB	LLVM passes
  time: 0.130; rss: 478MB	running linker
time: 0.682; rss: 477MB	linking
rustc: x86_64-unknown-linux-gnu/stage2/lib/rustlib/x86_64-unknown-linux-gnu/lib/librustc_llvm
time: 0.007; rss: 36MB	parsing
time: 0.001; rss: 36MB	configuration 1
time: 0.000; rss: 36MB	recursion limit
time: 0.000; rss: 36MB	gated macro checking
time: 0.000; rss: 36MB	crate injection
time: 0.003; rss: 38MB	macro loading
time: 0.000; rss: 38MB	plugin loading
time: 0.000; rss: 38MB	plugin registration
time: 0.014; rss: 41MB	expansion
time: 0.000; rss: 41MB	complete gated feature checking 1
time: 0.003; rss: 41MB	configuration 2
time: 0.000; rss: 41MB	gated configuration checking
time: 0.001; rss: 41MB	maybe building test harness
time: 0.002; rss: 41MB	prelude injection
time: 0.000; rss: 41MB	checking that all macro invocations are gone
time: 0.000; rss: 41MB	checking for inline asm in case the target doesn't support it
time: 0.000; rss: 41MB	complete gated feature checking 2
time: 0.002; rss: 41MB	assigning node ids and indexing ast
time: 0.001; rss: 41MB	external crate/lib resolution
time: 0.000; rss: 41MB	language item collection
time: 0.009; rss: 53MB	resolution
time: 0.000; rss: 53MB	lifetime resolution
time: 0.000; rss: 53MB	looking for entry point
time: 0.000; rss: 53MB	looking for plugin registrar
time: 0.001; rss: 53MB	region resolution
time: 0.000; rss: 53MB	loop checking
time: 0.000; rss: 53MB	static item recursion checking
time: 0.004; rss: 59MB	type collecting
time: 0.000; rss: 59MB	variance inference
time: 0.071; rss: 90MB	coherence checking
time: 0.003; rss: 90MB	wf checking (old)
time: 0.011; rss: 94MB	item-types checking
time: 0.090; rss: 96MB	item-bodies checking
time: 0.000; rss: 96MB	drop-impl checking
time: 0.003; rss: 96MB	wf checking (new)
time: 0.003; rss: 96MB	const checking
time: 0.001; rss: 96MB	privacy checking
time: 0.000; rss: 96MB	stability index
time: 0.000; rss: 96MB	intrinsic checking
time: 0.000; rss: 96MB	effect checking
time: 0.001; rss: 96MB	match checking
time: 0.000; rss: 96MB	liveness checking
time: 0.004; rss: 96MB	borrow checking
time: 0.002; rss: 96MB	rvalue checking
time: 0.000; rss: 96MB	reachability checking
time: 0.001; rss: 96MB	death checking
time: 0.001; rss: 96MB	stability checking
time: 0.000; rss: 96MB	unused lib feature checking
time: 0.006; rss: 96MB	lint checking
time: 0.001; rss: 96MB	resolving dependency formats
time: 0.093; rss: 118MB	translation
  time: 0.020; rss: 95MB	llvm function passes
  time: 0.093; rss: 96MB	llvm module passes
  time: 0.050; rss: 100MB	codegen passes
  time: 0.000; rss: 100MB	codegen passes
time: 0.167; rss: 100MB	LLVM passes
  time: 1.417; rss: 104MB	running linker
time: 1.474; rss: 104MB	linking
rustc: x86_64-unknown-linux-gnu/stage2/lib/rustlib/x86_64-unknown-linux-gnu/lib/librustc_back
time: 0.007; rss: 31MB	parsing
time: 0.002; rss: 35MB	configuration 1
time: 0.000; rss: 35MB	recursion limit
time: 0.000; rss: 35MB	gated macro checking
time: 0.000; rss: 35MB	crate injection
time: 0.003; rss: 37MB	macro loading
time: 0.000; rss: 37MB	plugin loading
time: 0.000; rss: 37MB	plugin registration
time: 0.030; rss: 42MB	expansion
time: 0.000; rss: 42MB	complete gated feature checking 1
time: 0.005; rss: 42MB	configuration 2
time: 0.000; rss: 42MB	gated configuration checking
time: 0.002; rss: 42MB	maybe building test harness
time: 0.002; rss: 42MB	prelude injection
time: 0.000; rss: 42MB	checking that all macro invocations are gone
time: 0.000; rss: 42MB	checking for inline asm in case the target doesn't support it
time: 0.000; rss: 42MB	complete gated feature checking 2
time: 0.003; rss: 42MB	assigning node ids and indexing ast
time: 0.004; rss: 72MB	external crate/lib resolution
time: 0.000; rss: 72MB	language item collection
time: 0.017; rss: 105MB	resolution
time: 0.000; rss: 105MB	lifetime resolution
time: 0.000; rss: 105MB	looking for entry point
time: 0.000; rss: 105MB	looking for plugin registrar
time: 0.001; rss: 105MB	region resolution
time: 0.000; rss: 105MB	loop checking
time: 0.000; rss: 105MB	static item recursion checking
time: 0.004; rss: 105MB	type collecting
time: 0.000; rss: 105MB	variance inference
time: 0.036; rss: 128MB	coherence checking
time: 0.002; rss: 128MB	wf checking (old)
time: 0.012; rss: 128MB	item-types checking
time: 0.296; rss: 159MB	item-bodies checking
time: 0.000; rss: 159MB	drop-impl checking
time: 0.005; rss: 159MB	wf checking (new)
time: 0.012; rss: 159MB	const checking
time: 0.001; rss: 159MB	privacy checking
time: 0.000; rss: 159MB	stability index
time: 0.000; rss: 159MB	intrinsic checking
time: 0.000; rss: 159MB	effect checking
time: 0.002; rss: 159MB	match checking
time: 0.002; rss: 161MB	liveness checking
time: 0.020; rss: 161MB	borrow checking
time: 0.008; rss: 161MB	rvalue checking
time: 0.000; rss: 161MB	reachability checking
time: 0.001; rss: 161MB	death checking
time: 0.003; rss: 161MB	stability checking
time: 0.000; rss: 161MB	unused lib feature checking
time: 0.012; rss: 161MB	lint checking
time: 0.001; rss: 161MB	resolving dependency formats
time: 0.540; rss: 227MB	translation
  time: 0.169; rss: 166MB	llvm function passes
  time: 2.826; rss: 174MB	llvm module passes
  time: 0.927; rss: 186MB	codegen passes
  time: 0.001; rss: 184MB	codegen passes
time: 3.994; rss: 184MB	LLVM passes
  time: 0.040; rss: 186MB	running linker
time: 0.080; rss: 184MB	linking
rustc: x86_64-unknown-linux-gnu/stage2/lib/rustlib/x86_64-unknown-linux-gnu/lib/librustc_data_structures
time: 0.007; rss: 31MB	parsing
time: 0.002; rss: 31MB	configuration 1
time: 0.000; rss: 35MB	recursion limit
time: 0.000; rss: 35MB	gated macro checking
time: 0.000; rss: 35MB	crate injection
time: 0.003; rss: 38MB	macro loading
time: 0.000; rss: 38MB	plugin loading
time: 0.000; rss: 38MB	plugin registration
time: 0.022; rss: 40MB	expansion
time: 0.000; rss: 40MB	complete gated feature checking 1
time: 0.003; rss: 40MB	configuration 2
time: 0.000; rss: 40MB	gated configuration checking
time: 0.001; rss: 40MB	maybe building test harness
time: 0.001; rss: 40MB	prelude injection
time: 0.000; rss: 40MB	checking that all macro invocations are gone
time: 0.000; rss: 40MB	checking for inline asm in case the target doesn't support it
time: 0.000; rss: 40MB	complete gated feature checking 2
time: 0.001; rss: 40MB	assigning node ids and indexing ast
time: 0.002; rss: 40MB	external crate/lib resolution
time: 0.000; rss: 40MB	language item collection
time: 0.007; rss: 54MB	resolution
time: 0.000; rss: 54MB	lifetime resolution
time: 0.000; rss: 54MB	looking for entry point
time: 0.000; rss: 54MB	looking for plugin registrar
time: 0.001; rss: 54MB	region resolution
time: 0.000; rss: 54MB	loop checking
time: 0.000; rss: 54MB	static item recursion checking
time: 0.002; rss: 54MB	type collecting
time: 0.000; rss: 54MB	variance inference
time: 0.068; rss: 90MB	coherence checking
time: 0.004; rss: 90MB	wf checking (old)
time: 0.005; rss: 90MB	item-types checking
time: 0.169; rss: 100MB	item-bodies checking
time: 0.000; rss: 100MB	drop-impl checking
time: 0.020; rss: 100MB	wf checking (new)
time: 0.010; rss: 100MB	const checking
time: 0.001; rss: 100MB	privacy checking
time: 0.000; rss: 100MB	stability index
time: 0.001; rss: 100MB	intrinsic checking
time: 0.000; rss: 100MB	effect checking
time: 0.002; rss: 100MB	match checking
time: 0.001; rss: 100MB	liveness checking
time: 0.016; rss: 100MB	borrow checking
time: 0.012; rss: 100MB	rvalue checking
time: 0.000; rss: 100MB	reachability checking
time: 0.001; rss: 100MB	death checking
time: 0.001; rss: 100MB	stability checking
time: 0.000; rss: 100MB	unused lib feature checking
time: 0.007; rss: 100MB	lint checking
time: 0.001; rss: 100MB	resolving dependency formats
time: 0.092; rss: 118MB	translation
  time: 0.013; rss: 94MB	llvm function passes
  time: 0.071; rss: 96MB	llvm module passes
  time: 0.029; rss: 100MB	codegen passes
  time: 0.000; rss: 99MB	codegen passes
time: 0.117; rss: 99MB	LLVM passes
  time: 0.021; rss: 103MB	running linker
time: 0.024; rss: 103MB	linking
rustc: x86_64-unknown-linux-gnu/stage2/lib/rustlib/x86_64-unknown-linux-gnu/lib/librustc
time: 0.171; rss: 83MB	parsing
time: 0.061; rss: 85MB	configuration 1
time: 0.000; rss: 85MB	recursion limit
time: 0.004; rss: 85MB	gated macro checking
time: 0.000; rss: 85MB	crate injection
time: 0.008; rss: 88MB	macro loading
time: 0.000; rss: 88MB	plugin loading
time: 0.000; rss: 88MB	plugin registration
time: 0.838; rss: 124MB	expansion
time: 0.024; rss: 124MB	complete gated feature checking 1
time: 0.144; rss: 124MB	configuration 2
time: 0.000; rss: 124MB	gated configuration checking
time: 0.074; rss: 124MB	maybe building test harness
time: 0.068; rss: 124MB	prelude injection
time: 0.011; rss: 124MB	checking that all macro invocations are gone
time: 0.000; rss: 124MB	checking for inline asm in case the target doesn't support it
time: 0.024; rss: 124MB	complete gated feature checking 2
time: 0.090; rss: 137MB	assigning node ids and indexing ast
time: 0.017; rss: 171MB	external crate/lib resolution
time: 0.023; rss: 171MB	language item collection
time: 0.263; rss: 249MB	resolution
time: 0.020; rss: 242MB	lifetime resolution
time: 0.000; rss: 242MB	looking for entry point
time: 0.011; rss: 242MB	looking for plugin registrar
time: 0.064; rss: 265MB	region resolution
time: 0.012; rss: 265MB	loop checking
time: 0.012; rss: 265MB	static item recursion checking
time: 0.077; rss: 269MB	type collecting
time: 0.024; rss: 269MB	variance inference
time: 0.183; rss: 307MB	coherence checking
time: 0.101; rss: 311MB	wf checking (old)
time: 0.233; rss: 320MB	item-types checking
time: 6.105; rss: 471MB	item-bodies checking
time: 0.000; rss: 471MB	drop-impl checking
time: 0.250; rss: 471MB	wf checking (new)
time: 0.442; rss: 480MB	const checking
time: 0.106; rss: 480MB	privacy checking
time: 0.002; rss: 480MB	stability index
time: 0.030; rss: 480MB	intrinsic checking
time: 0.024; rss: 480MB	effect checking
time: 0.086; rss: 480MB	match checking
time: 0.059; rss: 482MB	liveness checking
time: 0.649; rss: 482MB	borrow checking
time: 0.501; rss: 482MB	rvalue checking
time: 0.025; rss: 482MB	reachability checking
time: 0.079; rss: 482MB	death checking
time: 0.089; rss: 482MB	stability checking
time: 0.000; rss: 482MB	unused lib feature checking
time: 0.339; rss: 482MB	lint checking
time: 0.002; rss: 482MB	resolving dependency formats
time: 11.757; rss: 1147MB	translation
  time: 3.890; rss: 719MB	llvm function passes
  time: 84.421; rss: 829MB	llvm module passes
  time: 22.915; rss: 863MB	codegen passes
  time: 0.003; rss: 743MB	codegen passes
time: 113.419; rss: 743MB	LLVM passes
  time: 0.235; rss: 745MB	running linker
time: 1.087; rss: 744MB	linking
rustc: x86_64-unknown-linux-gnu/stage2/lib/rustlib/x86_64-unknown-linux-gnu/lib/librustc_platform_intrinsics
time: 0.004; rss: 34MB	parsing
time: 0.001; rss: 35MB	configuration 1
time: 0.000; rss: 35MB	recursion limit
time: 0.000; rss: 35MB	gated macro checking
time: 0.000; rss: 35MB	crate injection
time: 0.003; rss: 37MB	macro loading
time: 0.000; rss: 37MB	plugin loading
time: 0.000; rss: 37MB	plugin registration
time: 0.079; rss: 43MB	expansion
time: 0.001; rss: 43MB	complete gated feature checking 1
time: 0.005; rss: 43MB	configuration 2
time: 0.000; rss: 43MB	gated configuration checking
time: 0.002; rss: 43MB	maybe building test harness
time: 0.002; rss: 43MB	prelude injection
time: 0.000; rss: 43MB	checking that all macro invocations are gone
time: 0.000; rss: 43MB	checking for inline asm in case the target doesn't support it
time: 0.000; rss: 43MB	complete gated feature checking 2
time: 0.003; rss: 43MB	assigning node ids and indexing ast
time: 0.034; rss: 78MB	external crate/lib resolution
time: 0.000; rss: 78MB	language item collection
time: 0.009; rss: 94MB	resolution
time: 0.000; rss: 94MB	lifetime resolution
time: 0.000; rss: 94MB	looking for entry point
time: 0.000; rss: 94MB	looking for plugin registrar
time: 0.002; rss: 96MB	region resolution
time: 0.000; rss: 96MB	loop checking
time: 0.000; rss: 96MB	static item recursion checking
time: 0.007; rss: 109MB	type collecting
time: 0.000; rss: 109MB	variance inference
time: 0.041; rss: 144MB	coherence checking
time: 0.001; rss: 144MB	wf checking (old)
time: 0.000; rss: 144MB	item-types checking
time: 0.122; rss: 151MB	item-bodies checking
time: 0.000; rss: 151MB	drop-impl checking
time: 0.001; rss: 151MB	wf checking (new)
time: 0.007; rss: 151MB	const checking
time: 0.001; rss: 151MB	privacy checking
time: 0.000; rss: 151MB	stability index
time: 0.000; rss: 151MB	intrinsic checking
time: 0.000; rss: 151MB	effect checking
time: 0.004; rss: 151MB	match checking
time: 0.001; rss: 151MB	liveness checking
time: 0.017; rss: 154MB	borrow checking
time: 0.005; rss: 154MB	rvalue checking
time: 0.000; rss: 154MB	reachability checking
time: 0.001; rss: 154MB	death checking
time: 0.002; rss: 154MB	stability checking
time: 0.000; rss: 154MB	unused lib feature checking
time: 0.017; rss: 155MB	lint checking
time: 0.002; rss: 155MB	resolving dependency formats
time: 0.207; rss: 192MB	translation
  time: 0.053; rss: 161MB	llvm function passes
  time: 6.779; rss: 220MB	llvm module passes
  time: 1.786; rss: 251MB	codegen passes
  time: 0.001; rss: 199MB	codegen passes
time: 8.709; rss: 199MB	LLVM passes
  time: 0.047; rss: 206MB	running linker
time: 0.096; rss: 201MB	linking
rustc: x86_64-unknown-linux-gnu/stage2/lib/rustlib/x86_64-unknown-linux-gnu/lib/librustc_typeck
time: 0.070; rss: 54MB	parsing
time: 0.024; rss: 56MB	configuration 1
time: 0.000; rss: 56MB	recursion limit
time: 0.002; rss: 56MB	gated macro checking
time: 0.000; rss: 56MB	crate injection
time: 0.006; rss: 58MB	macro loading
time: 0.000; rss: 58MB	plugin loading
time: 0.000; rss: 58MB	plugin registration
time: 0.316; rss: 70MB	expansion
time: 0.008; rss: 70MB	complete gated feature checking 1
time: 0.047; rss: 70MB	configuration 2
time: 0.000; rss: 70MB	gated configuration checking
time: 0.024; rss: 70MB	maybe building test harness
time: 0.022; rss: 71MB	prelude injection
time: 0.004; rss: 71MB	checking that all macro invocations are gone
time: 0.000; rss: 71MB	checking for inline asm in case the target doesn't support it
time: 0.009; rss: 71MB	complete gated feature checking 2
time: 0.030; rss: 74MB	assigning node ids and indexing ast
time: 0.031; rss: 106MB	external crate/lib resolution
time: 0.008; rss: 106MB	language item collection
time: 0.103; rss: 161MB	resolution
time: 0.007; rss: 159MB	lifetime resolution
time: 0.000; rss: 159MB	looking for entry point
time: 0.004; rss: 159MB	looking for plugin registrar
time: 0.020; rss: 165MB	region resolution
time: 0.004; rss: 165MB	loop checking
time: 0.004; rss: 165MB	static item recursion checking
time: 0.029; rss: 170MB	type collecting
time: 0.008; rss: 170MB	variance inference
time: 0.130; rss: 212MB	coherence checking
time: 0.026; rss: 212MB	wf checking (old)
time: 0.097; rss: 216MB	item-types checking
time: 2.404; rss: 297MB	item-bodies checking
time: 0.000; rss: 297MB	drop-impl checking
time: 0.057; rss: 297MB	wf checking (new)
time: 0.159; rss: 299MB	const checking
time: 0.035; rss: 299MB	privacy checking
time: 0.000; rss: 299MB	stability index
time: 0.008; rss: 299MB	intrinsic checking
time: 0.008; rss: 299MB	effect checking
time: 0.023; rss: 299MB	match checking
time: 0.024; rss: 303MB	liveness checking
time: 0.197; rss: 303MB	borrow checking
time: 0.154; rss: 303MB	rvalue checking
time: 0.001; rss: 303MB	reachability checking
time: 0.025; rss: 303MB	death checking
time: 0.037; rss: 303MB	stability checking
time: 0.000; rss: 303MB	unused lib feature checking
time: 0.111; rss: 303MB	lint checking
time: 0.002; rss: 303MB	resolving dependency formats
time: 4.685; rss: 614MB	translation
  time: 1.555; rss: 385MB	llvm function passes
  time: 33.923; rss: 428MB	llvm module passes
  time: 9.606; rss: 434MB	codegen passes
  time: 0.001; rss: 375MB	codegen passes
time: 45.901; rss: 375MB	LLVM passes
  time: 0.129; rss: 382MB	running linker
time: 0.483; rss: 379MB	linking
rustc: x86_64-unknown-linux-gnu/stage2/lib/rustlib/x86_64-unknown-linux-gnu/lib/librustc_borrowck
time: 0.013; rss: 33MB	parsing
time: 0.004; rss: 37MB	configuration 1
time: 0.000; rss: 37MB	recursion limit
time: 0.000; rss: 37MB	gated macro checking
time: 0.000; rss: 37MB	crate injection
time: 0.004; rss: 40MB	macro loading
time: 0.000; rss: 40MB	plugin loading
time: 0.000; rss: 40MB	plugin registration
time: 0.060; rss: 45MB	expansion
time: 0.001; rss: 45MB	complete gated feature checking 1
time: 0.009; rss: 45MB	configuration 2
time: 0.000; rss: 45MB	gated configuration checking
time: 0.005; rss: 45MB	maybe building test harness
time: 0.004; rss: 45MB	prelude injection
time: 0.000; rss: 45MB	checking that all macro invocations are gone
time: 0.000; rss: 45MB	checking for inline asm in case the target doesn't support it
time: 0.001; rss: 45MB	complete gated feature checking 2
time: 0.005; rss: 47MB	assigning node ids and indexing ast
time: 0.034; rss: 78MB	external crate/lib resolution
time: 0.001; rss: 78MB	language item collection
time: 0.025; rss: 114MB	resolution
time: 0.001; rss: 114MB	lifetime resolution
time: 0.000; rss: 114MB	looking for entry point
time: 0.000; rss: 114MB	looking for plugin registrar
time: 0.003; rss: 114MB	region resolution
time: 0.000; rss: 114MB	loop checking
time: 0.000; rss: 114MB	static item recursion checking
time: 0.012; rss: 118MB	type collecting
time: 0.001; rss: 118MB	variance inference
time: 0.066; rss: 157MB	coherence checking
time: 0.007; rss: 157MB	wf checking (old)
time: 0.024; rss: 159MB	item-types checking
time: 0.451; rss: 194MB	item-bodies checking
time: 0.000; rss: 194MB	drop-impl checking
time: 0.012; rss: 194MB	wf checking (new)
time: 0.029; rss: 194MB	const checking
time: 0.003; rss: 194MB	privacy checking
time: 0.000; rss: 194MB	stability index
time: 0.001; rss: 194MB	intrinsic checking
time: 0.001; rss: 194MB	effect checking
time: 0.004; rss: 194MB	match checking
time: 0.003; rss: 194MB	liveness checking
time: 0.038; rss: 197MB	borrow checking
time: 0.023; rss: 197MB	rvalue checking
time: 0.000; rss: 197MB	reachability checking
time: 0.003; rss: 197MB	death checking
time: 0.006; rss: 197MB	stability checking
time: 0.000; rss: 197MB	unused lib feature checking
time: 0.022; rss: 197MB	lint checking
time: 0.002; rss: 197MB	resolving dependency formats
time: 0.793; rss: 265MB	translation
  time: 0.274; rss: 197MB	llvm function passes
  time: 4.421; rss: 206MB	llvm module passes
  time: 1.700; rss: 211MB	codegen passes
  time: 0.001; rss: 211MB	codegen passes
time: 6.505; rss: 211MB	LLVM passes
  time: 0.052; rss: 213MB	running linker
time: 0.112; rss: 210MB	linking
rustc: x86_64-unknown-linux-gnu/stage2/lib/rustlib/x86_64-unknown-linux-gnu/lib/librustc_resolve
time: 0.018; rss: 40MB	parsing
time: 0.006; rss: 40MB	configuration 1
time: 0.000; rss: 40MB	recursion limit
time: 0.000; rss: 40MB	gated macro checking
time: 0.000; rss: 40MB	crate injection
time: 0.005; rss: 44MB	macro loading
time: 0.000; rss: 44MB	plugin loading
time: 0.000; rss: 44MB	plugin registration
time: 0.078; rss: 49MB	expansion
time: 0.002; rss: 49MB	complete gated feature checking 1
time: 0.012; rss: 49MB	configuration 2
time: 0.000; rss: 49MB	gated configuration checking
time: 0.006; rss: 49MB	maybe building test harness
time: 0.005; rss: 49MB	prelude injection
time: 0.000; rss: 49MB	checking that all macro invocations are gone
time: 0.000; rss: 49MB	checking for inline asm in case the target doesn't support it
time: 0.001; rss: 49MB	complete gated feature checking 2
time: 0.007; rss: 49MB	assigning node ids and indexing ast
time: 0.032; rss: 81MB	external crate/lib resolution
time: 0.001; rss: 81MB	language item collection
time: 0.034; rss: 116MB	resolution
time: 0.001; rss: 116MB	lifetime resolution
time: 0.000; rss: 116MB	looking for entry point
time: 0.000; rss: 116MB	looking for plugin registrar
time: 0.004; rss: 118MB	region resolution
time: 0.001; rss: 118MB	loop checking
time: 0.001; rss: 118MB	static item recursion checking
time: 0.009; rss: 127MB	type collecting
time: 0.001; rss: 127MB	variance inference
time: 0.072; rss: 165MB	coherence checking
time: 0.006; rss: 165MB	wf checking (old)
time: 0.021; rss: 165MB	item-types checking
time: 0.573; rss: 200MB	item-bodies checking
time: 0.000; rss: 200MB	drop-impl checking
time: 0.014; rss: 200MB	wf checking (new)
time: 0.038; rss: 204MB	const checking
time: 0.005; rss: 204MB	privacy checking
time: 0.000; rss: 204MB	stability index
time: 0.001; rss: 204MB	intrinsic checking
time: 0.001; rss: 204MB	effect checking
time: 0.006; rss: 204MB	match checking
time: 0.005; rss: 204MB	liveness checking
time: 0.052; rss: 204MB	borrow checking
time: 0.029; rss: 204MB	rvalue checking
time: 0.000; rss: 204MB	reachability checking
time: 0.005; rss: 204MB	death checking
time: 0.008; rss: 204MB	stability checking
time: 0.000; rss: 204MB	unused lib feature checking
time: 0.031; rss: 209MB	lint checking
time: 0.002; rss: 209MB	resolving dependency formats
time: 1.280; rss: 318MB	translation
  time: 0.480; rss: 231MB	llvm function passes
  time: 7.440; rss: 243MB	llvm module passes
  time: 2.229; rss: 259MB	codegen passes
  time: 0.001; rss: 248MB	codegen passes
time: 10.323; rss: 248MB	LLVM passes
  time: 0.099; rss: 253MB	running linker
time: 0.182; rss: 249MB	linking
rustc: x86_64-unknown-linux-gnu/stage2/lib/rustlib/x86_64-unknown-linux-gnu/lib/librustc_trans
time: 0.117; rss: 71MB	parsing
time: 0.041; rss: 71MB	configuration 1
time: 0.000; rss: 71MB	recursion limit
time: 0.003; rss: 71MB	gated macro checking
time: 0.000; rss: 71MB	crate injection
time: 0.007; rss: 73MB	macro loading
time: 0.000; rss: 73MB	plugin loading
time: 0.000; rss: 73MB	plugin registration
time: 0.460; rss: 84MB	expansion
time: 0.012; rss: 84MB	complete gated feature checking 1
time: 0.069; rss: 84MB	configuration 2
time: 0.000; rss: 84MB	gated configuration checking
time: 0.035; rss: 84MB	maybe building test harness
time: 0.033; rss: 84MB	prelude injection
time: 0.006; rss: 84MB	checking that all macro invocations are gone
time: 0.000; rss: 84MB	checking for inline asm in case the target doesn't support it
time: 0.012; rss: 84MB	complete gated feature checking 2
time: 0.044; rss: 91MB	assigning node ids and indexing ast
time: 0.031; rss: 123MB	external crate/lib resolution
time: 0.011; rss: 123MB	language item collection
time: 0.168; rss: 194MB	resolution
time: 0.010; rss: 188MB	lifetime resolution
time: 0.000; rss: 188MB	looking for entry point
time: 0.006; rss: 188MB	looking for plugin registrar
time: 0.031; rss: 199MB	region resolution
time: 0.006; rss: 199MB	loop checking
time: 0.006; rss: 199MB	static item recursion checking
time: 0.042; rss: 203MB	type collecting
time: 0.012; rss: 203MB	variance inference
time: 0.137; rss: 240MB	coherence checking
time: 0.033; rss: 240MB	wf checking (old)
time: 0.098; rss: 246MB	item-types checking
time: 2.980; rss: 343MB	item-bodies checking
time: 0.000; rss: 343MB	drop-impl checking
time: 0.070; rss: 343MB	wf checking (new)
time: 0.191; rss: 343MB	const checking
time: 0.052; rss: 343MB	privacy checking
time: 0.001; rss: 343MB	stability index
time: 0.014; rss: 343MB	intrinsic checking
time: 0.012; rss: 343MB	effect checking
time: 0.034; rss: 343MB	match checking
time: 0.037; rss: 351MB	liveness checking
time: 0.289; rss: 351MB	borrow checking
time: 0.165; rss: 360MB	rvalue checking
time: 0.001; rss: 360MB	reachability checking
time: 0.037; rss: 360MB	death checking
time: 0.050; rss: 360MB	stability checking
time: 0.000; rss: 360MB	unused lib feature checking
time: 0.145; rss: 360MB	lint checking
time: 0.002; rss: 360MB	resolving dependency formats
time: 4.702; rss: 669MB	translation
  time: 1.620; rss: 402MB	llvm function passes
  time: 32.118; rss: 442MB	llvm module passes
  time: 10.701; rss: 445MB	codegen passes
  time: 0.001; rss: 389MB	codegen passes
time: 45.278; rss: 389MB	LLVM passes
  time: 0.136; rss: 394MB	running linker
time: 0.519; rss: 390MB	linking
rustc: x86_64-unknown-linux-gnu/stage2/lib/rustlib/x86_64-unknown-linux-gnu/lib/librustc_privacy
time: 0.005; rss: 35MB	parsing
time: 0.001; rss: 35MB	configuration 1
time: 0.000; rss: 35MB	recursion limit
time: 0.000; rss: 35MB	gated macro checking
time: 0.000; rss: 35MB	crate injection
time: 0.004; rss: 37MB	macro loading
time: 0.000; rss: 37MB	plugin loading
time: 0.000; rss: 37MB	plugin registration
time: 0.015; rss: 40MB	expansion
time: 0.000; rss: 40MB	complete gated feature checking 1
time: 0.002; rss: 40MB	configuration 2
time: 0.000; rss: 40MB	gated configuration checking
time: 0.001; rss: 40MB	maybe building test harness
time: 0.001; rss: 40MB	prelude injection
time: 0.000; rss: 40MB	checking that all macro invocations are gone
time: 0.000; rss: 40MB	checking for inline asm in case the target doesn't support it
time: 0.000; rss: 40MB	complete gated feature checking 2
time: 0.001; rss: 40MB	assigning node ids and indexing ast
time: 0.033; rss: 76MB	external crate/lib resolution
time: 0.000; rss: 76MB	language item collection
time: 0.010; rss: 101MB	resolution
time: 0.000; rss: 101MB	lifetime resolution
time: 0.000; rss: 101MB	looking for entry point
time: 0.000; rss: 101MB	looking for plugin registrar
time: 0.001; rss: 101MB	region resolution
time: 0.000; rss: 101MB	loop checking
time: 0.000; rss: 101MB	static item recursion checking
time: 0.007; rss: 105MB	type collecting
time: 0.000; rss: 105MB	variance inference
time: 0.020; rss: 126MB	coherence checking
time: 0.001; rss: 126MB	wf checking (old)
time: 0.007; rss: 126MB	item-types checking
time: 0.205; rss: 167MB	item-bodies checking
time: 0.000; rss: 167MB	drop-impl checking
time: 0.002; rss: 167MB	wf checking (new)
time: 0.008; rss: 167MB	const checking
time: 0.001; rss: 167MB	privacy checking
time: 0.000; rss: 167MB	stability index
time: 0.000; rss: 167MB	intrinsic checking
time: 0.000; rss: 167MB	effect checking
time: 0.001; rss: 167MB	match checking
time: 0.001; rss: 167MB	liveness checking
time: 0.010; rss: 167MB	borrow checking
time: 0.003; rss: 167MB	rvalue checking
time: 0.000; rss: 167MB	reachability checking
time: 0.001; rss: 167MB	death checking
time: 0.002; rss: 167MB	stability checking
time: 0.000; rss: 167MB	unused lib feature checking
time: 0.005; rss: 167MB	lint checking
time: 0.002; rss: 167MB	resolving dependency formats
time: 0.533; rss: 227MB	translation
  time: 0.168; rss: 182MB	llvm function passes
  time: 1.410; rss: 185MB	llvm module passes
  time: 0.429; rss: 199MB	codegen passes
  time: 0.001; rss: 199MB	codegen passes
time: 2.036; rss: 199MB	LLVM passes
  time: 0.043; rss: 206MB	running linker
time: 0.062; rss: 203MB	linking
rustc: x86_64-unknown-linux-gnu/stage2/lib/rustlib/x86_64-unknown-linux-gnu/lib/librustc_lint
time: 0.009; rss: 36MB	parsing
time: 0.003; rss: 36MB	configuration 1
time: 0.000; rss: 36MB	recursion limit
time: 0.000; rss: 36MB	gated macro checking
time: 0.000; rss: 36MB	crate injection
time: 0.033; rss: 75MB	macro loading
time: 0.000; rss: 75MB	plugin loading
time: 0.000; rss: 75MB	plugin registration
time: 0.027; rss: 77MB	expansion
time: 0.000; rss: 77MB	complete gated feature checking 1
time: 0.004; rss: 77MB	configuration 2
time: 0.000; rss: 77MB	gated configuration checking
time: 0.002; rss: 77MB	maybe building test harness
time: 0.002; rss: 77MB	prelude injection
time: 0.000; rss: 77MB	checking that all macro invocations are gone
time: 0.000; rss: 77MB	checking for inline asm in case the target doesn't support it
time: 0.000; rss: 77MB	complete gated feature checking 2
time: 0.002; rss: 78MB	assigning node ids and indexing ast
time: 0.003; rss: 78MB	external crate/lib resolution
time: 0.000; rss: 78MB	language item collection
time: 0.018; rss: 110MB	resolution
time: 0.000; rss: 109MB	lifetime resolution
time: 0.000; rss: 109MB	looking for entry point
time: 0.000; rss: 109MB	looking for plugin registrar
time: 0.001; rss: 110MB	region resolution
time: 0.000; rss: 110MB	loop checking
time: 0.000; rss: 110MB	static item recursion checking
time: 0.008; rss: 113MB	type collecting
time: 0.000; rss: 113MB	variance inference
time: 0.056; rss: 147MB	coherence checking
time: 0.003; rss: 147MB	wf checking (old)
time: 0.016; rss: 147MB	item-types checking
time: 0.234; rss: 178MB	item-bodies checking
time: 0.000; rss: 178MB	drop-impl checking
time: 0.006; rss: 178MB	wf checking (new)
time: 0.014; rss: 178MB	const checking
time: 0.001; rss: 178MB	privacy checking
time: 0.000; rss: 178MB	stability index
time: 0.000; rss: 178MB	intrinsic checking
time: 0.000; rss: 178MB	effect checking
time: 0.002; rss: 178MB	match checking
time: 0.001; rss: 178MB	liveness checking
time: 0.015; rss: 178MB	borrow checking
time: 0.006; rss: 178MB	rvalue checking
time: 0.000; rss: 178MB	reachability checking
time: 0.001; rss: 178MB	death checking
time: 0.003; rss: 178MB	stability checking
time: 0.000; rss: 178MB	unused lib feature checking
time: 0.010; rss: 178MB	lint checking
time: 0.002; rss: 178MB	resolving dependency formats
time: 0.842; rss: 259MB	translation
  time: 0.257; rss: 196MB	llvm function passes
  time: 2.829; rss: 201MB	llvm module passes
  time: 0.968; rss: 204MB	codegen passes
  time: 0.001; rss: 199MB	codegen passes
time: 4.124; rss: 199MB	LLVM passes
  time: 0.103; rss: 201MB	running linker
time: 0.144; rss: 198MB	linking
rustc: x86_64-unknown-linux-gnu/stage2/lib/rustlib/x86_64-unknown-linux-gnu/lib/librustc_driver
time: 0.011; rss: 37MB	parsing
time: 0.003; rss: 37MB	configuration 1
time: 0.000; rss: 37MB	recursion limit
time: 0.000; rss: 37MB	gated macro checking
time: 0.000; rss: 37MB	crate injection
time: 0.004; rss: 41MB	macro loading
time: 0.000; rss: 41MB	plugin loading
time: 0.000; rss: 41MB	plugin registration
time: 0.027; rss: 42MB	expansion
time: 0.000; rss: 42MB	complete gated feature checking 1
time: 0.004; rss: 42MB	configuration 2
time: 0.000; rss: 42MB	gated configuration checking
time: 0.002; rss: 42MB	maybe building test harness
time: 0.002; rss: 42MB	prelude injection
time: 0.000; rss: 42MB	checking that all macro invocations are gone
time: 0.000; rss: 42MB	checking for inline asm in case the target doesn't support it
time: 0.000; rss: 42MB	complete gated feature checking 2
time: 0.003; rss: 43MB	assigning node ids and indexing ast
time: 0.034; rss: 79MB	external crate/lib resolution
time: 0.000; rss: 79MB	language item collection
time: 0.024; rss: 123MB	resolution
time: 0.000; rss: 123MB	lifetime resolution
time: 0.000; rss: 123MB	looking for entry point
time: 0.000; rss: 123MB	looking for plugin registrar
time: 0.001; rss: 123MB	region resolution
time: 0.000; rss: 123MB	loop checking
time: 0.000; rss: 123MB	static item recursion checking
time: 0.009; rss: 126MB	type collecting
time: 0.000; rss: 126MB	variance inference
time: 0.098; rss: 171MB	coherence checking
time: 0.005; rss: 171MB	wf checking (old)
time: 0.010; rss: 173MB	item-types checking
time: 0.307; rss: 193MB	item-bodies checking
time: 0.000; rss: 193MB	drop-impl checking
time: 0.007; rss: 193MB	wf checking (new)
time: 0.021; rss: 193MB	const checking
time: 0.002; rss: 193MB	privacy checking
time: 0.000; rss: 193MB	stability index
time: 0.001; rss: 193MB	intrinsic checking
time: 0.000; rss: 193MB	effect checking
time: 0.002; rss: 193MB	match checking
time: 0.001; rss: 193MB	liveness checking
time: 0.019; rss: 193MB	borrow checking
time: 0.016; rss: 193MB	rvalue checking
time: 0.000; rss: 193MB	reachability checking
time: 0.001; rss: 193MB	death checking
time: 0.004; rss: 193MB	stability checking
time: 0.000; rss: 193MB	unused lib feature checking
time: 0.009; rss: 193MB	lint checking
time: 0.002; rss: 193MB	resolving dependency formats
time: 2.830; rss: 433MB	translation
  time: 1.235; rss: 332MB	llvm function passes
  time: 35.151; rss: 374MB	llvm module passes
  time: 13.526; rss: 439MB	codegen passes
  time: 0.001; rss: 333MB	codegen passes
time: 50.648; rss: 333MB	LLVM passes
  time: 0.113; rss: 336MB	running linker
time: 0.464; rss: 334MB	linking
rustc: x86_64-unknown-linux-gnu/stage2/lib/rustlib/x86_64-unknown-linux-gnu/lib/librustdoc
time: 0.036; rss: 44MB	parsing
time: 0.013; rss: 44MB	configuration 1
time: 0.000; rss: 44MB	recursion limit
time: 0.001; rss: 44MB	gated macro checking
time: 0.000; rss: 44MB	crate injection
time: 0.004; rss: 46MB	macro loading
time: 0.000; rss: 46MB	plugin loading
time: 0.000; rss: 46MB	plugin registration
time: 0.187; rss: 59MB	expansion
time: 0.006; rss: 59MB	complete gated feature checking 1
time: 0.037; rss: 59MB	configuration 2
time: 0.000; rss: 59MB	gated configuration checking
time: 0.019; rss: 59MB	maybe building test harness
time: 0.018; rss: 59MB	prelude injection
time: 0.002; rss: 59MB	checking that all macro invocations are gone
time: 0.000; rss: 59MB	checking for inline asm in case the target doesn't support it
time: 0.005; rss: 59MB	complete gated feature checking 2
time: 0.022; rss: 61MB	assigning node ids and indexing ast
time: 0.040; rss: 99MB	external crate/lib resolution
time: 0.005; rss: 99MB	language item collection
time: 0.077; rss: 154MB	resolution
time: 0.004; rss: 153MB	lifetime resolution
time: 0.000; rss: 153MB	looking for entry point
time: 0.002; rss: 153MB	looking for plugin registrar
time: 0.014; rss: 157MB	region resolution
time: 0.003; rss: 157MB	loop checking
time: 0.003; rss: 157MB	static item recursion checking
time: 0.023; rss: 158MB	type collecting
time: 0.005; rss: 163MB	variance inference
time: 0.074; rss: 194MB	coherence checking
time: 0.020; rss: 194MB	wf checking (old)
time: 0.056; rss: 197MB	item-types checking
time: 2.166; rss: 273MB	item-bodies checking
time: 0.000; rss: 273MB	drop-impl checking
time: 0.091; rss: 273MB	wf checking (new)
time: 0.210; rss: 275MB	const checking
time: 0.021; rss: 275MB	privacy checking
time: 0.000; rss: 275MB	stability index
time: 0.005; rss: 275MB	intrinsic checking
time: 0.005; rss: 275MB	effect checking
time: 0.020; rss: 275MB	match checking
time: 0.017; rss: 275MB	liveness checking
time: 0.390; rss: 275MB	borrow checking
time: 0.292; rss: 275MB	rvalue checking
time: 0.003; rss: 275MB	reachability checking
time: 0.018; rss: 275MB	death checking
time: 0.025; rss: 275MB	stability checking
time: 0.000; rss: 275MB	unused lib feature checking
time: 0.078; rss: 275MB	lint checking
time: 0.002; rss: 275MB	resolving dependency formats
time: 5.451; rss: 574MB	translation
  time: 1.532; rss: 386MB	llvm function passes
  time: 38.947; rss: 429MB	llvm module passes
  time: 12.204; rss: 465MB	codegen passes
  time: 0.001; rss: 379MB	codegen passes
time: 53.485; rss: 379MB	LLVM passes
  time: 0.136; rss: 381MB	running linker
time: 0.537; rss: 380MB	linking
rustc: x86_64-unknown-linux-gnu/stage1/lib/rustlib/x86_64-unknown-linux-gnu/bin/rustbook
cp: x86_64-unknown-linux-gnu/stage2/bin/rustbook
rustbook: doc/book/index.html
rustbook: doc/nomicon/index.html
rustbook: doc/style/index.html
rustc: x86_64-unknown-linux-gnu/stage1/lib/rustlib/x86_64-unknown-linux-gnu/bin/error-index-generator
cp: x86_64-unknown-linux-gnu/stage2/bin/error-index-generator
error-index-generator: doc/error-index.html
rustdoc: doc/not_found.html
rustdoc: doc/index.html
rustdoc: doc/intro.html
rustdoc: doc/tutorial.html
rustdoc: doc/complement-lang-faq.html
rustdoc: doc/complement-design-faq.html
rustdoc: doc/complement-project-faq.html
rustdoc: doc/rustdoc.html
rustdoc: doc/reference.html
rustdoc: doc/grammar.html
rustdoc: doc/guide-crates.html
rustdoc: doc/guide-error-handling.html
rustdoc: doc/guide-ffi.html
rustdoc: doc/guide-macros.html
rustdoc: doc/guide.html
rustdoc: doc/guide-ownership.html
rustdoc: doc/guide-plugins.html
rustdoc: doc/guide-pointers.html
rustdoc: doc/guide-strings.html
rustdoc: doc/guide-tasks.html
rustdoc: doc/guide-testing.html
rustdoc: doc/std/index.html
rustdoc: doc/alloc/index.html
rustdoc: doc/collections/index.html
rustdoc: doc/core/index.html
rustdoc: doc/libc/index.html
rustdoc: doc/rustc_unicode/index.html
