commit 8f02c429ad3e2ad687a222d1daae2e04bb9bb876
Merge: f70ad0a 67ae4ab
Author: bors <bors@rust-lang.org>
Date:   Thu Dec 15 19:43:28 2016 +0000

    Auto merge of #38394 - alexcrichton:fix-nightlies, r=brson
    
    rustbuild: Package rust-mingw by default
    
    This fixes the `make dist` step on MinGW to package the `rust-mingw` component
    by default. This should hopefully be the last step in fixing nightlies.
Synchronizing submodule url for 'src/compiler-rt'
Synchronizing submodule url for 'src/jemalloc'
Synchronizing submodule url for 'src/liblibc'
Synchronizing submodule url for 'src/llvm'
Synchronizing submodule url for 'src/rt/hoedown'
Synchronizing submodule url for 'src/rust-installer'
HEAD is now at a8fc4c1 Merge pull request #28 from xen0n/preprocessor-firefighting
HEAD is now at e058ca6 Change how the default zone is found
HEAD is now at 0ac39c5 Auto merge of #462 - semarie:openbsd-i686-correct, r=alexcrichton
HEAD is now at d7342a9 Merge pull request #59 from pftbest/msp430_backport
HEAD is now at a3736a0 Merge pull request #6 from intelfx/patch-1
HEAD is now at 4f99485 Merge pull request #54 from brson/docdir
Building stage0 std artifacts (x86_64-unknown-linux-gnu -> x86_64-unknown-linux-gnu)
Building stage0 test artifacts (x86_64-unknown-linux-gnu -> x86_64-unknown-linux-gnu)
Building stage0 compiler artifacts (x86_64-unknown-linux-gnu -> x86_64-unknown-linux-gnu)
Building stage1 std artifacts (x86_64-unknown-linux-gnu -> x86_64-unknown-linux-gnu)
Building stage1 test artifacts (x86_64-unknown-linux-gnu -> x86_64-unknown-linux-gnu)
Building stage1 compiler artifacts (x86_64-unknown-linux-gnu -> x86_64-unknown-linux-gnu)
Building stage2 std artifacts (x86_64-unknown-linux-gnu -> x86_64-unknown-linux-gnu)
Building stage2 test artifacts (x86_64-unknown-linux-gnu -> x86_64-unknown-linux-gnu)
Building stage2 compiler artifacts (x86_64-unknown-linux-gnu -> x86_64-unknown-linux-gnu)
Build completed in 0:18:33
Synchronizing submodule url for 'src/compiler-rt'
Synchronizing submodule url for 'src/jemalloc'
Synchronizing submodule url for 'src/liblibc'
Synchronizing submodule url for 'src/llvm'
Synchronizing submodule url for 'src/rt/hoedown'
Synchronizing submodule url for 'src/rust-installer'
HEAD is now at a8fc4c1 Merge pull request #28 from xen0n/preprocessor-firefighting
HEAD is now at e058ca6 Change how the default zone is found
HEAD is now at 0ac39c5 Auto merge of #462 - semarie:openbsd-i686-correct, r=alexcrichton
HEAD is now at d7342a9 Merge pull request #59 from pftbest/msp430_backport
HEAD is now at a3736a0 Merge pull request #6 from intelfx/patch-1
HEAD is now at 4f99485 Merge pull request #54 from brson/docdir
Building stage0 std artifacts (x86_64-unknown-linux-gnu -> x86_64-unknown-linux-gnu)
Building stage0 test artifacts (x86_64-unknown-linux-gnu -> x86_64-unknown-linux-gnu)
Building stage0 compiler artifacts (x86_64-unknown-linux-gnu -> x86_64-unknown-linux-gnu)
Building stage1 std artifacts (x86_64-unknown-linux-gnu -> x86_64-unknown-linux-gnu)
Building stage1 test artifacts (x86_64-unknown-linux-gnu -> x86_64-unknown-linux-gnu)
Building stage1 compiler artifacts (x86_64-unknown-linux-gnu -> x86_64-unknown-linux-gnu)
Building stage2 std artifacts (x86_64-unknown-linux-gnu -> x86_64-unknown-linux-gnu)
Documenting stage2 std (x86_64-unknown-linux-gnu)
Building stage2 test artifacts (x86_64-unknown-linux-gnu -> x86_64-unknown-linux-gnu)
Building stage2 compiler artifacts (x86_64-unknown-linux-gnu -> x86_64-unknown-linux-gnu)
Building stage2 tool rustbook (x86_64-unknown-linux-gnu)
Documenting stage2 test (x86_64-unknown-linux-gnu)
Documenting stage2 standalone (x86_64-unknown-linux-gnu)
Building stage2 tool error_index_generator (x86_64-unknown-linux-gnu)
Documenting stage2 error index (x86_64-unknown-linux-gnu)
Build completed in 0:00:15
