commit a27fed7cbd9d5e2a2f025c226dd48bb0c4bbbb20
Merge: e0e1859 d088db9
Author: bors <bors@rust-lang.org>
Date:   Sat Jul 18 11:02:58 2015 +0000

    Auto merge of #27096 - apasel422:issue-26217, r=nikomatsakis
    
    closes #26217
    
    r? @nikomatsakis
cfg: version 1.3.0-dev (a27fed7cb 2015-07-18)
cfg: build triple x86_64-unknown-linux-gnu
cfg: host triples x86_64-unknown-linux-gnu
cfg: target triples x86_64-unknown-linux-gnu
cfg: host for x86_64-unknown-linux-gnu is x86_64
cfg: os for x86_64-unknown-linux-gnu is unknown-linux-gnu
cfg: good valgrind for x86_64-unknown-linux-gnu is 1
cfg: using CC=gcc (CFG_CC)
cfg: disabling valgrind run-pass tests
cfg: no xelatex found, disabling LaTeX docs
cfg: no pandoc found, omitting PDF and EPUB docs
rustc: x86_64-unknown-linux-gnu/stage0/lib/rustlib/x86_64-unknown-linux-gnu/lib/librustc_trans
rustc: x86_64-unknown-linux-gnu/stage0/lib/rustlib/x86_64-unknown-linux-gnu/lib/librustc_driver
rustc: x86_64-unknown-linux-gnu/stage0/lib/rustlib/x86_64-unknown-linux-gnu/bin/rustc
cp: x86_64-unknown-linux-gnu/stage1/lib/librustc_trans
cp: x86_64-unknown-linux-gnu/stage1/lib/librustc_driver
cp: x86_64-unknown-linux-gnu/stage1/bin/rustc
rustc: x86_64-unknown-linux-gnu/stage1/lib/rustlib/x86_64-unknown-linux-gnu/lib/libcore
rustc: x86_64-unknown-linux-gnu/stage1/lib/rustlib/x86_64-unknown-linux-gnu/lib/liblibc
rustc: x86_64-unknown-linux-gnu/stage1/lib/rustlib/x86_64-unknown-linux-gnu/lib/librand
rustc: x86_64-unknown-linux-gnu/stage1/lib/rustlib/x86_64-unknown-linux-gnu/lib/liballoc
rustc: x86_64-unknown-linux-gnu/stage1/lib/rustlib/x86_64-unknown-linux-gnu/lib/librustc_unicode
rustc: x86_64-unknown-linux-gnu/stage1/lib/rustlib/x86_64-unknown-linux-gnu/lib/libcollections
rustc: x86_64-unknown-linux-gnu/stage1/lib/rustlib/x86_64-unknown-linux-gnu/lib/librustc_bitflags
rustc: x86_64-unknown-linux-gnu/stage1/lib/rustlib/x86_64-unknown-linux-gnu/lib/libstd
rustc: x86_64-unknown-linux-gnu/stage1/lib/rustlib/x86_64-unknown-linux-gnu/lib/libarena
rustc: x86_64-unknown-linux-gnu/stage1/lib/rustlib/x86_64-unknown-linux-gnu/lib/libflate
rustc: x86_64-unknown-linux-gnu/stage1/lib/rustlib/x86_64-unknown-linux-gnu/lib/libgetopts
rustc: x86_64-unknown-linux-gnu/stage1/lib/rustlib/x86_64-unknown-linux-gnu/lib/libgraphviz
rustc: x86_64-unknown-linux-gnu/stage1/lib/rustlib/x86_64-unknown-linux-gnu/lib/liblog
rustc: x86_64-unknown-linux-gnu/stage1/lib/rustlib/x86_64-unknown-linux-gnu/lib/libterm
rustc: x86_64-unknown-linux-gnu/stage1/lib/rustlib/x86_64-unknown-linux-gnu/lib/libserialize
rustc: x86_64-unknown-linux-gnu/stage1/lib/rustlib/x86_64-unknown-linux-gnu/lib/libfmt_macros
rustc: x86_64-unknown-linux-gnu/stage1/lib/rustlib/x86_64-unknown-linux-gnu/lib/libsyntax
rustc: x86_64-unknown-linux-gnu/stage1/lib/rustlib/x86_64-unknown-linux-gnu/lib/librbml
rustc: x86_64-unknown-linux-gnu/stage1/lib/rustlib/x86_64-unknown-linux-gnu/lib/librustc_llvm
rustc: x86_64-unknown-linux-gnu/stage1/lib/rustlib/x86_64-unknown-linux-gnu/lib/librustc_back
rustc: x86_64-unknown-linux-gnu/stage1/lib/rustlib/x86_64-unknown-linux-gnu/lib/librustc_data_structures
rustc: x86_64-unknown-linux-gnu/stage1/lib/rustlib/x86_64-unknown-linux-gnu/lib/librustc
rustc: x86_64-unknown-linux-gnu/stage1/lib/rustlib/x86_64-unknown-linux-gnu/lib/librustc_borrowck
rustc: x86_64-unknown-linux-gnu/stage1/lib/rustlib/x86_64-unknown-linux-gnu/lib/librustc_typeck
rustc: x86_64-unknown-linux-gnu/stage1/lib/rustlib/x86_64-unknown-linux-gnu/lib/librustc_resolve
rustc: x86_64-unknown-linux-gnu/stage1/lib/rustlib/x86_64-unknown-linux-gnu/lib/librustc_trans
rustc: x86_64-unknown-linux-gnu/stage1/lib/rustlib/x86_64-unknown-linux-gnu/lib/librustc_privacy
rustc: x86_64-unknown-linux-gnu/stage1/lib/rustlib/x86_64-unknown-linux-gnu/lib/librustc_lint
rustc: x86_64-unknown-linux-gnu/stage1/lib/rustlib/x86_64-unknown-linux-gnu/lib/librustc_driver
rustc: x86_64-unknown-linux-gnu/stage1/lib/rustlib/x86_64-unknown-linux-gnu/bin/rustc
cp: x86_64-unknown-linux-gnu/stage2/lib/libstd
cp: x86_64-unknown-linux-gnu/stage2/lib/libarena
cp: x86_64-unknown-linux-gnu/stage2/lib/libflate
cp: x86_64-unknown-linux-gnu/stage2/lib/libgetopts
cp: x86_64-unknown-linux-gnu/stage2/lib/libgraphviz
cp: x86_64-unknown-linux-gnu/stage2/lib/liblog
cp: x86_64-unknown-linux-gnu/stage2/lib/libterm
cp: x86_64-unknown-linux-gnu/stage2/lib/libserialize
cp: x86_64-unknown-linux-gnu/stage2/lib/libfmt_macros
cp: x86_64-unknown-linux-gnu/stage2/lib/libsyntax
cp: x86_64-unknown-linux-gnu/stage2/lib/librbml
cp: x86_64-unknown-linux-gnu/stage2/lib/librustc_llvm
cp: x86_64-unknown-linux-gnu/stage2/lib/librustc_back
cp: x86_64-unknown-linux-gnu/stage2/lib/librustc_data_structures
cp: x86_64-unknown-linux-gnu/stage2/lib/librustc
cp: x86_64-unknown-linux-gnu/stage2/lib/librustc_borrowck
cp: x86_64-unknown-linux-gnu/stage2/lib/librustc_typeck
cp: x86_64-unknown-linux-gnu/stage2/lib/librustc_resolve
cp: x86_64-unknown-linux-gnu/stage2/lib/librustc_trans
cp: x86_64-unknown-linux-gnu/stage2/lib/librustc_privacy
cp: x86_64-unknown-linux-gnu/stage2/lib/librustc_lint
cp: x86_64-unknown-linux-gnu/stage2/lib/librustc_driver
cp: x86_64-unknown-linux-gnu/stage2/bin/rustc
rustc: x86_64-unknown-linux-gnu/stage1/lib/rustlib/x86_64-unknown-linux-gnu/lib/libtest
rustc: x86_64-unknown-linux-gnu/stage1/lib/rustlib/x86_64-unknown-linux-gnu/lib/librustdoc
rustc: x86_64-unknown-linux-gnu/stage1/lib/rustlib/x86_64-unknown-linux-gnu/bin/rustdoc
cp: x86_64-unknown-linux-gnu/stage2/lib/libtest
cp: x86_64-unknown-linux-gnu/stage2/lib/librustdoc
cp: x86_64-unknown-linux-gnu/stage2/bin/rustdoc
rustc: x86_64-unknown-linux-gnu/stage2/lib/rustlib/x86_64-unknown-linux-gnu/lib/libcore
time: 0.069; rss: 52MB	parsing
time: 0.024; rss: 54MB	configuration 1
time: 0.000; rss: 54MB	recursion limit
time: 0.002; rss: 54MB	gated macro checking
time: 0.000; rss: 54MB	crate injection
time: 0.001; rss: 54MB	macro loading
time: 0.000; rss: 54MB	plugin loading
time: 0.000; rss: 54MB	plugin registration
time: 0.434; rss: 75MB	expansion
time: 0.011; rss: 75MB	complete gated feature checking 1
time: 0.090; rss: 77MB	configuration 2
time: 0.045; rss: 77MB	maybe building test harness
time: 0.000; rss: 77MB	prelude injection
time: 0.004; rss: 77MB	checking that all macro invocations are gone
time: 0.011; rss: 77MB	complete gated feature checking 2
time: 0.050; rss: 83MB	assigning node ids and indexing ast
time: 0.004; rss: 83MB	external crate/lib resolution
time: 0.009; rss: 83MB	language item collection
time: 0.078; rss: 101MB	resolution
time: 0.010; rss: 97MB	lifetime resolution
time: 0.000; rss: 97MB	looking for entry point
time: 0.004; rss: 97MB	looking for plugin registrar
time: 0.026; rss: 110MB	region resolution
time: 0.004; rss: 110MB	loop checking
time: 0.004; rss: 110MB	static item recursion checking
time: 0.061; rss: 116MB	type collecting
time: 0.009; rss: 116MB	variance inference
time: 0.651; rss: 126MB	coherence checking
time: 4.905; rss: 160MB	type checking
time: 0.393; rss: 164MB	const checking
time: 0.051; rss: 164MB	privacy checking
time: 0.005; rss: 164MB	stability index
time: 0.032; rss: 164MB	intrinsic checking
time: 0.009; rss: 164MB	effect checking
time: 0.115; rss: 164MB	match checking
time: 0.022; rss: 164MB	liveness checking
time: 0.821; rss: 164MB	borrow checking
time: 0.394; rss: 164MB	rvalue checking
time: 0.013; rss: 164MB	reachability checking
time: 0.033; rss: 164MB	death checking
time: 0.025; rss: 164MB	stability checking
time: 0.000; rss: 164MB	unused lib feature checking
time: 0.439; rss: 164MB	lint checking
time: 0.000; rss: 164MB	resolving dependency formats
time: 1.507; rss: 234MB	translation
  time: 0.202; rss: 116MB	llvm function passes
  time: 1.532; rss: 118MB	llvm module passes
  time: 1.319; rss: 122MB	codegen passes
  time: 0.003; rss: 117MB	codegen passes
time: 3.111; rss: 117MB	LLVM passes
time: 0.049; rss: 117MB	linking
rustc: x86_64-unknown-linux-gnu/stage2/lib/rustlib/x86_64-unknown-linux-gnu/lib/liblibc
time: 0.020; rss: 39MB	parsing
time: 0.004; rss: 36MB	configuration 1
time: 0.000; rss: 36MB	recursion limit
time: 0.000; rss: 36MB	gated macro checking
time: 0.000; rss: 36MB	crate injection
time: 0.000; rss: 36MB	macro loading
time: 0.000; rss: 36MB	plugin loading
time: 0.000; rss: 36MB	plugin registration
time: 0.008; rss: 36MB	expansion
time: 0.000; rss: 36MB	complete gated feature checking 1
time: 0.002; rss: 36MB	configuration 2
time: 0.001; rss: 36MB	maybe building test harness
time: 0.000; rss: 36MB	prelude injection
time: 0.000; rss: 36MB	checking that all macro invocations are gone
time: 0.000; rss: 36MB	complete gated feature checking 2
time: 0.001; rss: 37MB	assigning node ids and indexing ast
time: 0.000; rss: 37MB	external crate/lib resolution
time: 0.000; rss: 37MB	language item collection
time: 0.003; rss: 41MB	resolution
time: 0.000; rss: 41MB	lifetime resolution
time: 0.000; rss: 41MB	looking for entry point
time: 0.000; rss: 41MB	looking for plugin registrar
time: 0.000; rss: 41MB	region resolution
time: 0.000; rss: 41MB	loop checking
time: 0.000; rss: 41MB	static item recursion checking
time: 0.001; rss: 43MB	type collecting
time: 0.000; rss: 43MB	variance inference
time: 0.005; rss: 52MB	coherence checking
time: 0.032; rss: 56MB	type checking
time: 0.003; rss: 56MB	const checking
time: 0.001; rss: 56MB	privacy checking
time: 0.000; rss: 56MB	stability index
time: 0.000; rss: 56MB	intrinsic checking
time: 0.000; rss: 56MB	effect checking
time: 0.000; rss: 56MB	match checking
time: 0.000; rss: 56MB	liveness checking
time: 0.003; rss: 56MB	borrow checking
time: 0.001; rss: 56MB	rvalue checking
time: 0.000; rss: 56MB	reachability checking
time: 0.001; rss: 56MB	death checking
time: 0.001; rss: 56MB	stability checking
time: 0.000; rss: 56MB	unused lib feature checking
time: 0.004; rss: 56MB	lint checking
time: 0.000; rss: 56MB	resolving dependency formats
time: 0.036; rss: 70MB	translation
  time: 0.002; rss: 67MB	llvm function passes
  time: 0.009; rss: 67MB	llvm module passes
  time: 0.008; rss: 71MB	codegen passes
  time: 0.000; rss: 71MB	codegen passes
time: 0.021; rss: 71MB	LLVM passes
time: 0.001; rss: 72MB	linking
rustc: x86_64-unknown-linux-gnu/stage2/lib/rustlib/x86_64-unknown-linux-gnu/lib/librand
time: 0.012; rss: 38MB	parsing
time: 0.003; rss: 38MB	configuration 1
time: 0.000; rss: 38MB	recursion limit
time: 0.000; rss: 38MB	gated macro checking
time: 0.000; rss: 38MB	crate injection
time: 0.001; rss: 38MB	macro loading
time: 0.000; rss: 38MB	plugin loading
time: 0.000; rss: 38MB	plugin registration
time: 0.023; rss: 40MB	expansion
time: 0.000; rss: 40MB	complete gated feature checking 1
time: 0.005; rss: 40MB	configuration 2
time: 0.002; rss: 40MB	maybe building test harness
time: 0.000; rss: 40MB	prelude injection
time: 0.000; rss: 40MB	checking that all macro invocations are gone
time: 0.000; rss: 40MB	complete gated feature checking 2
time: 0.003; rss: 40MB	assigning node ids and indexing ast
time: 0.000; rss: 40MB	external crate/lib resolution
time: 0.000; rss: 40MB	language item collection
time: 0.007; rss: 50MB	resolution
time: 0.000; rss: 50MB	lifetime resolution
time: 0.000; rss: 50MB	looking for entry point
time: 0.000; rss: 50MB	looking for plugin registrar
time: 0.001; rss: 50MB	region resolution
time: 0.000; rss: 50MB	loop checking
time: 0.000; rss: 50MB	static item recursion checking
time: 0.002; rss: 50MB	type collecting
time: 0.000; rss: 50MB	variance inference
time: 0.030; rss: 65MB	coherence checking
time: 0.308; rss: 80MB	type checking
time: 0.036; rss: 80MB	const checking
time: 0.002; rss: 80MB	privacy checking
time: 0.000; rss: 80MB	stability index
time: 0.001; rss: 80MB	intrinsic checking
time: 0.000; rss: 80MB	effect checking
time: 0.005; rss: 80MB	match checking
time: 0.001; rss: 83MB	liveness checking
time: 0.068; rss: 83MB	borrow checking
time: 0.030; rss: 83MB	rvalue checking
time: 0.000; rss: 83MB	reachability checking
time: 0.001; rss: 83MB	death checking
time: 0.002; rss: 83MB	stability checking
time: 0.000; rss: 83MB	unused lib feature checking
time: 0.016; rss: 83MB	lint checking
time: 0.000; rss: 83MB	resolving dependency formats
time: 0.162; rss: 99MB	translation
  time: 0.023; rss: 79MB	llvm function passes
  time: 0.147; rss: 79MB	llvm module passes
  time: 0.050; rss: 84MB	codegen passes
  time: 0.000; rss: 83MB	codegen passes
time: 0.224; rss: 83MB	LLVM passes
time: 0.003; rss: 83MB	linking
rustc: x86_64-unknown-linux-gnu/stage2/lib/rustlib/x86_64-unknown-linux-gnu/lib/liballoc
time: 0.010; rss: 32MB	parsing
time: 0.003; rss: 36MB	configuration 1
time: 0.000; rss: 36MB	recursion limit
time: 0.000; rss: 36MB	gated macro checking
time: 0.000; rss: 36MB	crate injection
time: 0.001; rss: 37MB	macro loading
time: 0.000; rss: 37MB	plugin loading
time: 0.000; rss: 37MB	plugin registration
time: 0.010; rss: 37MB	expansion
time: 0.000; rss: 37MB	complete gated feature checking 1
time: 0.003; rss: 37MB	configuration 2
time: 0.001; rss: 37MB	maybe building test harness
time: 0.000; rss: 37MB	prelude injection
time: 0.000; rss: 37MB	checking that all macro invocations are gone
time: 0.000; rss: 37MB	complete gated feature checking 2
time: 0.001; rss: 37MB	assigning node ids and indexing ast
time: 0.000; rss: 37MB	external crate/lib resolution
time: 0.000; rss: 37MB	language item collection
time: 0.008; rss: 49MB	resolution
time: 0.000; rss: 49MB	lifetime resolution
time: 0.000; rss: 49MB	looking for entry point
time: 0.000; rss: 49MB	looking for plugin registrar
time: 0.000; rss: 49MB	region resolution
time: 0.000; rss: 49MB	loop checking
time: 0.000; rss: 49MB	static item recursion checking
time: 0.002; rss: 51MB	type collecting
time: 0.000; rss: 51MB	variance inference
time: 0.040; rss: 68MB	coherence checking
time: 0.075; rss: 70MB	type checking
time: 0.014; rss: 70MB	const checking
time: 0.001; rss: 70MB	privacy checking
time: 0.000; rss: 70MB	stability index
time: 0.001; rss: 70MB	intrinsic checking
time: 0.000; rss: 70MB	effect checking
time: 0.003; rss: 70MB	match checking
time: 0.000; rss: 70MB	liveness checking
time: 0.024; rss: 70MB	borrow checking
time: 0.012; rss: 70MB	rvalue checking
time: 0.000; rss: 70MB	reachability checking
time: 0.001; rss: 70MB	death checking
time: 0.001; rss: 70MB	stability checking
time: 0.000; rss: 70MB	unused lib feature checking
time: 0.006; rss: 70MB	lint checking
time: 0.000; rss: 70MB	resolving dependency formats
time: 0.040; rss: 85MB	translation
  time: 0.001; rss: 74MB	llvm function passes
  time: 0.004; rss: 76MB	llvm module passes
  time: 0.007; rss: 79MB	codegen passes
  time: 0.000; rss: 79MB	codegen passes
time: 0.014; rss: 79MB	LLVM passes
time: 0.002; rss: 79MB	linking
rustc: x86_64-unknown-linux-gnu/stage2/lib/rustlib/x86_64-unknown-linux-gnu/lib/librustc_unicode
time: 0.080; rss: 53MB	parsing
time: 0.016; rss: 53MB	configuration 1
time: 0.000; rss: 53MB	recursion limit
time: 0.001; rss: 53MB	gated macro checking
time: 0.000; rss: 53MB	crate injection
time: 0.001; rss: 53MB	macro loading
time: 0.000; rss: 53MB	plugin loading
time: 0.000; rss: 53MB	plugin registration
time: 0.130; rss: 53MB	expansion
time: 0.001; rss: 53MB	complete gated feature checking 1
time: 0.016; rss: 53MB	configuration 2
time: 0.008; rss: 53MB	maybe building test harness
time: 0.000; rss: 53MB	prelude injection
time: 0.001; rss: 53MB	checking that all macro invocations are gone
time: 0.001; rss: 53MB	complete gated feature checking 2
time: 0.010; rss: 56MB	assigning node ids and indexing ast
time: 0.001; rss: 56MB	external crate/lib resolution
time: 0.002; rss: 56MB	language item collection
time: 0.011; rss: 68MB	resolution
time: 0.001; rss: 68MB	lifetime resolution
time: 0.000; rss: 68MB	looking for entry point
time: 0.001; rss: 68MB	looking for plugin registrar
time: 0.015; rss: 75MB	region resolution
time: 0.001; rss: 75MB	loop checking
time: 0.002; rss: 75MB	static item recursion checking
time: 0.003; rss: 75MB	type collecting
time: 0.002; rss: 75MB	variance inference
time: 0.040; rss: 90MB	coherence checking
time: 0.319; rss: 110MB	type checking
time: 0.252; rss: 114MB	const checking
time: 0.005; rss: 114MB	privacy checking
time: 0.001; rss: 114MB	stability index
time: 0.001; rss: 114MB	intrinsic checking
time: 0.001; rss: 114MB	effect checking
time: 0.003; rss: 114MB	match checking
time: 0.001; rss: 114MB	liveness checking
time: 0.026; rss: 114MB	borrow checking
time: 0.009; rss: 114MB	rvalue checking
time: 0.001; rss: 114MB	reachability checking
time: 0.003; rss: 114MB	death checking
time: 0.003; rss: 115MB	stability checking
time: 0.000; rss: 115MB	unused lib feature checking
time: 0.029; rss: 115MB	lint checking
time: 0.000; rss: 115MB	resolving dependency formats
time: 0.544; rss: 143MB	translation
  time: 0.024; rss: 87MB	llvm function passes
  time: 0.227; rss: 89MB	llvm module passes
  time: 0.110; rss: 99MB	codegen passes
  time: 0.001; rss: 90MB	codegen passes
time: 0.375; rss: 90MB	LLVM passes
time: 0.013; rss: 90MB	linking
rustc: x86_64-unknown-linux-gnu/stage2/lib/rustlib/x86_64-unknown-linux-gnu/lib/libcollections
time: 0.051; rss: 46MB	parsing
time: 0.018; rss: 46MB	configuration 1
time: 0.000; rss: 46MB	recursion limit
time: 0.001; rss: 46MB	gated macro checking
time: 0.000; rss: 46MB	crate injection
time: 0.001; rss: 47MB	macro loading
time: 0.000; rss: 47MB	plugin loading
time: 0.000; rss: 47MB	plugin registration
time: 0.115; rss: 52MB	expansion
time: 0.004; rss: 52MB	complete gated feature checking 1
time: 0.026; rss: 52MB	configuration 2
time: 0.013; rss: 52MB	maybe building test harness
time: 0.000; rss: 52MB	prelude injection
time: 0.001; rss: 52MB	checking that all macro invocations are gone
time: 0.003; rss: 52MB	complete gated feature checking 2
time: 0.013; rss: 52MB	assigning node ids and indexing ast
time: 0.002; rss: 52MB	external crate/lib resolution
time: 0.002; rss: 52MB	language item collection
time: 0.035; rss: 72MB	resolution
time: 0.002; rss: 72MB	lifetime resolution
time: 0.000; rss: 72MB	looking for entry point
time: 0.001; rss: 72MB	looking for plugin registrar
time: 0.008; rss: 75MB	region resolution
time: 0.001; rss: 75MB	loop checking
time: 0.001; rss: 75MB	static item recursion checking
time: 0.015; rss: 79MB	type collecting
time: 0.003; rss: 79MB	variance inference
time: 0.132; rss: 98MB	coherence checking
time: 1.721; rss: 134MB	type checking
time: 0.159; rss: 134MB	const checking
time: 0.011; rss: 134MB	privacy checking
time: 0.001; rss: 134MB	stability index
time: 0.009; rss: 134MB	intrinsic checking
time: 0.002; rss: 134MB	effect checking
time: 0.048; rss: 134MB	match checking
time: 0.007; rss: 134MB	liveness checking
time: 0.326; rss: 134MB	borrow checking
time: 0.212; rss: 134MB	rvalue checking
time: 0.005; rss: 134MB	reachability checking
time: 0.008; rss: 134MB	death checking
time: 0.011; rss: 134MB	stability checking
time: 0.000; rss: 134MB	unused lib feature checking
time: 0.131; rss: 134MB	lint checking
time: 0.000; rss: 134MB	resolving dependency formats
time: 0.889; rss: 195MB	translation
  time: 0.091; rss: 110MB	llvm function passes
  time: 0.957; rss: 112MB	llvm module passes
  time: 0.403; rss: 123MB	codegen passes
  time: 0.001; rss: 112MB	codegen passes
time: 1.490; rss: 112MB	LLVM passes
time: 0.034; rss: 112MB	linking
rustc: x86_64-unknown-linux-gnu/stage2/lib/rustlib/x86_64-unknown-linux-gnu/lib/librustc_bitflags
time: 0.001; rss: 30MB	parsing
time: 0.000; rss: 30MB	configuration 1
time: 0.000; rss: 30MB	recursion limit
time: 0.000; rss: 34MB	gated macro checking
time: 0.000; rss: 34MB	crate injection
time: 0.000; rss: 34MB	macro loading
time: 0.000; rss: 34MB	plugin loading
time: 0.000; rss: 34MB	plugin registration
time: 0.000; rss: 34MB	expansion
time: 0.000; rss: 34MB	complete gated feature checking 1
time: 0.000; rss: 34MB	configuration 2
time: 0.000; rss: 34MB	maybe building test harness
time: 0.000; rss: 34MB	prelude injection
time: 0.000; rss: 34MB	checking that all macro invocations are gone
time: 0.000; rss: 34MB	complete gated feature checking 2
time: 0.000; rss: 34MB	assigning node ids and indexing ast
time: 0.000; rss: 34MB	external crate/lib resolution
time: 0.000; rss: 34MB	language item collection
time: 0.000; rss: 34MB	resolution
time: 0.000; rss: 34MB	lifetime resolution
time: 0.000; rss: 34MB	looking for entry point
time: 0.000; rss: 34MB	looking for plugin registrar
time: 0.000; rss: 34MB	region resolution
time: 0.000; rss: 34MB	loop checking
time: 0.000; rss: 34MB	static item recursion checking
time: 0.000; rss: 34MB	type collecting
time: 0.000; rss: 34MB	variance inference
time: 0.000; rss: 34MB	coherence checking
time: 0.000; rss: 34MB	type checking
time: 0.000; rss: 34MB	const checking
time: 0.000; rss: 34MB	privacy checking
time: 0.000; rss: 34MB	stability index
time: 0.000; rss: 34MB	intrinsic checking
time: 0.000; rss: 34MB	effect checking
time: 0.000; rss: 34MB	match checking
time: 0.000; rss: 34MB	liveness checking
time: 0.000; rss: 34MB	borrow checking
time: 0.000; rss: 34MB	rvalue checking
time: 0.000; rss: 34MB	reachability checking
time: 0.000; rss: 34MB	death checking
time: 0.000; rss: 34MB	stability checking
time: 0.000; rss: 34MB	unused lib feature checking
time: 0.000; rss: 34MB	lint checking
time: 0.000; rss: 34MB	resolving dependency formats
time: 0.002; rss: 46MB	translation
  time: 0.000; rss: 47MB	llvm function passes
  time: 0.000; rss: 47MB	llvm module passes
  time: 0.001; rss: 47MB	codegen passes
  time: 0.000; rss: 48MB	codegen passes
time: 0.002; rss: 48MB	LLVM passes
time: 0.001; rss: 48MB	linking
rustc: x86_64-unknown-linux-gnu/stage2/lib/rustlib/x86_64-unknown-linux-gnu/lib/libstd
time: 0.160; rss: 75MB	parsing
time: 0.049; rss: 73MB	configuration 1
time: 0.000; rss: 73MB	recursion limit
time: 0.003; rss: 73MB	gated macro checking
time: 0.000; rss: 73MB	crate injection
time: 0.004; rss: 75MB	macro loading
time: 0.000; rss: 75MB	plugin loading
time: 0.000; rss: 75MB	plugin registration
time: 0.248; rss: 72MB	expansion
time: 0.009; rss: 72MB	complete gated feature checking 1
time: 0.050; rss: 72MB	configuration 2
time: 0.024; rss: 72MB	maybe building test harness
time: 0.000; rss: 72MB	prelude injection
time: 0.003; rss: 72MB	checking that all macro invocations are gone
time: 0.008; rss: 72MB	complete gated feature checking 2
time: 0.027; rss: 75MB	assigning node ids and indexing ast
time: 0.003; rss: 75MB	external crate/lib resolution
time: 0.006; rss: 75MB	language item collection
time: 0.069; rss: 106MB	resolution
time: 0.006; rss: 104MB	lifetime resolution
time: 0.000; rss: 104MB	looking for entry point
time: 0.003; rss: 104MB	looking for plugin registrar
time: 0.020; rss: 113MB	region resolution
time: 0.003; rss: 113MB	loop checking
time: 0.003; rss: 113MB	static item recursion checking
time: 0.028; rss: 118MB	type collecting
time: 0.007; rss: 118MB	variance inference
time: 0.120; rss: 141MB	coherence checking
time: 1.533; rss: 180MB	type checking
time: 0.345; rss: 185MB	const checking
time: 0.029; rss: 185MB	privacy checking
time: 0.002; rss: 185MB	stability index
time: 0.012; rss: 185MB	intrinsic checking
time: 0.005; rss: 185MB	effect checking
time: 0.067; rss: 185MB	match checking
time: 0.014; rss: 185MB	liveness checking
time: 0.633; rss: 185MB	borrow checking
time: 0.372; rss: 185MB	rvalue checking
time: 0.009; rss: 185MB	reachability checking
time: 0.021; rss: 185MB	death checking
time: 0.022; rss: 185MB	stability checking
time: 0.000; rss: 185MB	unused lib feature checking
time: 0.095; rss: 185MB	lint checking
time: 0.000; rss: 185MB	resolving dependency formats
time: 1.644; rss: 268MB	translation
  time: 0.334; rss: 158MB	llvm function passes
  time: 4.194; rss: 165MB	llvm module passes
  time: 1.739; rss: 169MB	codegen passes
  time: 0.002; rss: 159MB	codegen passes
time: 6.385; rss: 159MB	LLVM passes
  time: 0.001; rss: 159MB	altering collections-7e44814b.rlib
  time: 0.000; rss: 159MB	altering rand-7e44814b.rlib
  time: 0.001; rss: 159MB	altering alloc-7e44814b.rlib
  time: 0.000; rss: 159MB	altering rustc_unicode-7e44814b.rlib
  time: 0.000; rss: 159MB	altering libc-7e44814b.rlib
  time: 0.001; rss: 159MB	altering core-7e44814b.rlib
  time: 0.157; rss: 165MB	running linker
time: 0.235; rss: 162MB	linking
rustc: x86_64-unknown-linux-gnu/stage2/lib/rustlib/x86_64-unknown-linux-gnu/lib/libflate
time: 0.001; rss: 29MB	parsing
time: 0.000; rss: 34MB	configuration 1
time: 0.000; rss: 34MB	recursion limit
time: 0.000; rss: 34MB	gated macro checking
time: 0.000; rss: 34MB	crate injection
time: 0.002; rss: 34MB	macro loading
time: 0.000; rss: 34MB	plugin loading
time: 0.000; rss: 34MB	plugin registration
time: 0.002; rss: 37MB	expansion
time: 0.000; rss: 37MB	complete gated feature checking 1
time: 0.000; rss: 37MB	configuration 2
time: 0.000; rss: 37MB	maybe building test harness
time: 0.000; rss: 37MB	prelude injection
time: 0.000; rss: 37MB	checking that all macro invocations are gone
time: 0.000; rss: 37MB	complete gated feature checking 2
time: 0.000; rss: 37MB	assigning node ids and indexing ast
time: 0.000; rss: 37MB	external crate/lib resolution
time: 0.000; rss: 37MB	language item collection
time: 0.005; rss: 46MB	resolution
time: 0.000; rss: 46MB	lifetime resolution
time: 0.000; rss: 46MB	looking for entry point
time: 0.000; rss: 46MB	looking for plugin registrar
time: 0.000; rss: 46MB	region resolution
time: 0.000; rss: 46MB	loop checking
time: 0.000; rss: 46MB	static item recursion checking
time: 0.000; rss: 50MB	type collecting
time: 0.000; rss: 50MB	variance inference
time: 0.025; rss: 75MB	coherence checking
time: 0.019; rss: 75MB	type checking
time: 0.002; rss: 75MB	const checking
time: 0.000; rss: 75MB	privacy checking
time: 0.000; rss: 75MB	stability index
time: 0.000; rss: 75MB	intrinsic checking
time: 0.000; rss: 75MB	effect checking
time: 0.000; rss: 75MB	match checking
time: 0.000; rss: 75MB	liveness checking
time: 0.003; rss: 79MB	borrow checking
time: 0.001; rss: 79MB	rvalue checking
time: 0.000; rss: 79MB	reachability checking
time: 0.000; rss: 79MB	death checking
time: 0.001; rss: 79MB	stability checking
time: 0.000; rss: 79MB	unused lib feature checking
time: 0.001; rss: 79MB	lint checking
time: 0.000; rss: 79MB	resolving dependency formats
time: 0.021; rss: 93MB	translation
  time: 0.003; rss: 87MB	llvm function passes
  time: 0.007; rss: 87MB	llvm module passes
  time: 0.007; rss: 92MB	codegen passes
  time: 0.000; rss: 92MB	codegen passes
time: 0.019; rss: 92MB	LLVM passes
  time: 0.019; rss: 98MB	running linker
time: 0.021; rss: 96MB	linking
rustc: x86_64-unknown-linux-gnu/stage2/lib/rustlib/x86_64-unknown-linux-gnu/lib/libarena
time: 0.002; rss: 30MB	parsing
time: 0.001; rss: 34MB	configuration 1
time: 0.000; rss: 34MB	recursion limit
time: 0.000; rss: 34MB	gated macro checking
time: 0.000; rss: 34MB	crate injection
time: 0.002; rss: 37MB	macro loading
time: 0.000; rss: 37MB	plugin loading
time: 0.000; rss: 37MB	plugin registration
time: 0.003; rss: 37MB	expansion
time: 0.000; rss: 37MB	complete gated feature checking 1
time: 0.001; rss: 37MB	configuration 2
time: 0.000; rss: 37MB	maybe building test harness
time: 0.000; rss: 38MB	prelude injection
time: 0.000; rss: 38MB	checking that all macro invocations are gone
time: 0.000; rss: 38MB	complete gated feature checking 2
time: 0.000; rss: 38MB	assigning node ids and indexing ast
time: 0.000; rss: 38MB	external crate/lib resolution
time: 0.000; rss: 38MB	language item collection
time: 0.003; rss: 45MB	resolution
time: 0.000; rss: 45MB	lifetime resolution
time: 0.000; rss: 45MB	looking for entry point
time: 0.000; rss: 45MB	looking for plugin registrar
time: 0.000; rss: 45MB	region resolution
time: 0.000; rss: 45MB	loop checking
time: 0.000; rss: 45MB	static item recursion checking
time: 0.001; rss: 45MB	type collecting
time: 0.000; rss: 45MB	variance inference
time: 0.015; rss: 69MB	coherence checking
time: 0.092; rss: 93MB	type checking
time: 0.006; rss: 93MB	const checking
time: 0.000; rss: 93MB	privacy checking
time: 0.000; rss: 93MB	stability index
time: 0.000; rss: 93MB	intrinsic checking
time: 0.000; rss: 93MB	effect checking
time: 0.001; rss: 93MB	match checking
time: 0.000; rss: 93MB	liveness checking
time: 0.008; rss: 93MB	borrow checking
time: 0.004; rss: 93MB	rvalue checking
time: 0.000; rss: 93MB	reachability checking
time: 0.000; rss: 93MB	death checking
time: 0.001; rss: 93MB	stability checking
time: 0.000; rss: 93MB	unused lib feature checking
time: 0.003; rss: 93MB	lint checking
time: 0.000; rss: 93MB	resolving dependency formats
time: 0.068; rss: 109MB	translation
  time: 0.011; rss: 90MB	llvm function passes
  time: 0.075; rss: 91MB	llvm module passes
  time: 0.027; rss: 95MB	codegen passes
  time: 0.000; rss: 94MB	codegen passes
time: 0.117; rss: 94MB	LLVM passes
  time: 0.015; rss: 98MB	running linker
time: 0.017; rss: 98MB	linking
rustc: x86_64-unknown-linux-gnu/stage2/lib/rustlib/x86_64-unknown-linux-gnu/lib/liblog
time: 0.002; rss: 29MB	parsing
time: 0.001; rss: 34MB	configuration 1
time: 0.000; rss: 34MB	recursion limit
time: 0.000; rss: 34MB	gated macro checking
time: 0.000; rss: 34MB	crate injection
time: 0.002; rss: 34MB	macro loading
time: 0.000; rss: 34MB	plugin loading
time: 0.000; rss: 34MB	plugin registration
time: 0.005; rss: 37MB	expansion
time: 0.000; rss: 37MB	complete gated feature checking 1
time: 0.001; rss: 37MB	configuration 2
time: 0.000; rss: 37MB	maybe building test harness
time: 0.000; rss: 37MB	prelude injection
time: 0.000; rss: 37MB	checking that all macro invocations are gone
time: 0.000; rss: 37MB	complete gated feature checking 2
time: 0.000; rss: 37MB	assigning node ids and indexing ast
time: 0.000; rss: 37MB	external crate/lib resolution
time: 0.000; rss: 37MB	language item collection
time: 0.004; rss: 51MB	resolution
time: 0.000; rss: 51MB	lifetime resolution
time: 0.000; rss: 51MB	looking for entry point
time: 0.000; rss: 51MB	looking for plugin registrar
time: 0.000; rss: 51MB	region resolution
time: 0.000; rss: 51MB	loop checking
time: 0.000; rss: 51MB	static item recursion checking
time: 0.001; rss: 51MB	type collecting
time: 0.000; rss: 51MB	variance inference
time: 0.021; rss: 74MB	coherence checking
time: 0.108; rss: 94MB	type checking
time: 0.010; rss: 94MB	const checking
time: 0.000; rss: 94MB	privacy checking
time: 0.000; rss: 94MB	stability index
time: 0.000; rss: 94MB	intrinsic checking
time: 0.000; rss: 94MB	effect checking
time: 0.001; rss: 94MB	match checking
time: 0.000; rss: 94MB	liveness checking
time: 0.010; rss: 94MB	borrow checking
time: 0.005; rss: 94MB	rvalue checking
time: 0.000; rss: 94MB	reachability checking
time: 0.000; rss: 94MB	death checking
time: 0.001; rss: 94MB	stability checking
time: 0.000; rss: 94MB	unused lib feature checking
time: 0.002; rss: 94MB	lint checking
time: 0.000; rss: 94MB	resolving dependency formats
time: 0.159; rss: 121MB	translation
  time: 0.032; rss: 95MB	llvm function passes
  time: 0.433; rss: 98MB	llvm module passes
  time: 0.098; rss: 101MB	codegen passes
  time: 0.000; rss: 101MB	codegen passes
time: 0.570; rss: 101MB	LLVM passes
  time: 0.019; rss: 107MB	running linker
time: 0.024; rss: 105MB	linking
rustc: x86_64-unknown-linux-gnu/stage2/lib/rustlib/x86_64-unknown-linux-gnu/lib/libterm
time: 0.008; rss: 32MB	parsing
time: 0.002; rss: 36MB	configuration 1
time: 0.000; rss: 36MB	recursion limit
time: 0.000; rss: 36MB	gated macro checking
time: 0.000; rss: 36MB	crate injection
time: 0.003; rss: 38MB	macro loading
time: 0.000; rss: 38MB	plugin loading
time: 0.000; rss: 38MB	plugin registration
time: 0.020; rss: 40MB	expansion
time: 0.000; rss: 40MB	complete gated feature checking 1
time: 0.003; rss: 40MB	configuration 2
time: 0.001; rss: 40MB	maybe building test harness
time: 0.001; rss: 40MB	prelude injection
time: 0.000; rss: 40MB	checking that all macro invocations are gone
time: 0.000; rss: 40MB	complete gated feature checking 2
time: 0.002; rss: 40MB	assigning node ids and indexing ast
time: 0.000; rss: 40MB	external crate/lib resolution
time: 0.000; rss: 40MB	language item collection
time: 0.007; rss: 54MB	resolution
time: 0.000; rss: 54MB	lifetime resolution
time: 0.000; rss: 54MB	looking for entry point
time: 0.000; rss: 54MB	looking for plugin registrar
time: 0.001; rss: 56MB	region resolution
time: 0.000; rss: 56MB	loop checking
time: 0.000; rss: 56MB	static item recursion checking
time: 0.001; rss: 56MB	type collecting
time: 0.000; rss: 56MB	variance inference
time: 0.018; rss: 76MB	coherence checking
time: 0.246; rss: 104MB	type checking
time: 0.033; rss: 104MB	const checking
time: 0.001; rss: 104MB	privacy checking
time: 0.000; rss: 104MB	stability index
time: 0.000; rss: 104MB	intrinsic checking
time: 0.000; rss: 104MB	effect checking
time: 0.004; rss: 104MB	match checking
time: 0.001; rss: 106MB	liveness checking
time: 0.056; rss: 106MB	borrow checking
time: 0.026; rss: 106MB	rvalue checking
time: 0.000; rss: 106MB	reachability checking
time: 0.001; rss: 106MB	death checking
time: 0.002; rss: 106MB	stability checking
time: 0.000; rss: 106MB	unused lib feature checking
time: 0.006; rss: 106MB	lint checking
time: 0.000; rss: 106MB	resolving dependency formats
time: 0.429; rss: 143MB	translation
  time: 0.084; rss: 107MB	llvm function passes
  time: 1.323; rss: 111MB	llvm module passes
  time: 0.503; rss: 120MB	codegen passes
  time: 0.001; rss: 119MB	codegen passes
time: 1.936; rss: 119MB	LLVM passes
  time: 0.027; rss: 124MB	running linker
time: 0.045; rss: 123MB	linking
rustc: x86_64-unknown-linux-gnu/stage2/lib/rustlib/x86_64-unknown-linux-gnu/lib/libserialize
time: 0.019; rss: 39MB	parsing
time: 0.006; rss: 38MB	configuration 1
time: 0.000; rss: 38MB	recursion limit
time: 0.000; rss: 39MB	gated macro checking
time: 0.000; rss: 39MB	crate injection
time: 0.003; rss: 41MB	macro loading
time: 0.000; rss: 41MB	plugin loading
time: 0.000; rss: 41MB	plugin registration
time: 0.076; rss: 45MB	expansion
time: 0.002; rss: 45MB	complete gated feature checking 1
time: 0.013; rss: 45MB	configuration 2
time: 0.007; rss: 45MB	maybe building test harness
time: 0.006; rss: 45MB	prelude injection
time: 0.000; rss: 45MB	checking that all macro invocations are gone
time: 0.001; rss: 45MB	complete gated feature checking 2
time: 0.008; rss: 48MB	assigning node ids and indexing ast
time: 0.001; rss: 48MB	external crate/lib resolution
time: 0.001; rss: 48MB	language item collection
time: 0.026; rss: 69MB	resolution
time: 0.001; rss: 69MB	lifetime resolution
time: 0.000; rss: 69MB	looking for entry point
time: 0.000; rss: 69MB	looking for plugin registrar
time: 0.006; rss: 73MB	region resolution
time: 0.001; rss: 73MB	loop checking
time: 0.001; rss: 73MB	static item recursion checking
time: 0.007; rss: 76MB	type collecting
time: 0.001; rss: 76MB	variance inference
time: 0.078; rss: 109MB	coherence checking
time: 0.949; rss: 130MB	type checking
time: 0.239; rss: 134MB	const checking
time: 0.005; rss: 134MB	privacy checking
time: 0.000; rss: 134MB	stability index
time: 0.003; rss: 134MB	intrinsic checking
time: 0.001; rss: 134MB	effect checking
time: 0.058; rss: 134MB	match checking
time: 0.005; rss: 134MB	liveness checking
time: 0.468; rss: 134MB	borrow checking
time: 0.289; rss: 134MB	rvalue checking
time: 0.002; rss: 134MB	reachability checking
time: 0.005; rss: 134MB	death checking
time: 0.007; rss: 134MB	stability checking
time: 0.000; rss: 134MB	unused lib feature checking
time: 0.030; rss: 134MB	lint checking
time: 0.000; rss: 134MB	resolving dependency formats
time: 0.590; rss: 176MB	translation
  time: 0.103; rss: 114MB	llvm function passes
  time: 2.810; rss: 118MB	llvm module passes
  time: 0.532; rss: 123MB	codegen passes
  time: 0.001; rss: 118MB	codegen passes
time: 3.480; rss: 118MB	LLVM passes
  time: 0.030; rss: 120MB	running linker
time: 0.052; rss: 120MB	linking
rustc: x86_64-unknown-linux-gnu/stage2/lib/rustlib/x86_64-unknown-linux-gnu/lib/libgetopts
time: 0.005; rss: 35MB	parsing
time: 0.001; rss: 35MB	configuration 1
time: 0.000; rss: 35MB	recursion limit
time: 0.000; rss: 35MB	gated macro checking
time: 0.000; rss: 35MB	crate injection
time: 0.002; rss: 38MB	macro loading
time: 0.000; rss: 38MB	plugin loading
time: 0.000; rss: 38MB	plugin registration
time: 0.012; rss: 39MB	expansion
time: 0.000; rss: 39MB	complete gated feature checking 1
time: 0.002; rss: 39MB	configuration 2
time: 0.001; rss: 39MB	maybe building test harness
time: 0.001; rss: 39MB	prelude injection
time: 0.000; rss: 39MB	checking that all macro invocations are gone
time: 0.000; rss: 39MB	complete gated feature checking 2
time: 0.001; rss: 40MB	assigning node ids and indexing ast
time: 0.000; rss: 40MB	external crate/lib resolution
time: 0.000; rss: 40MB	language item collection
time: 0.006; rss: 49MB	resolution
time: 0.000; rss: 49MB	lifetime resolution
time: 0.000; rss: 49MB	looking for entry point
time: 0.000; rss: 49MB	looking for plugin registrar
time: 0.001; rss: 51MB	region resolution
time: 0.000; rss: 51MB	loop checking
time: 0.000; rss: 51MB	static item recursion checking
time: 0.001; rss: 51MB	type collecting
time: 0.000; rss: 51MB	variance inference
time: 0.019; rss: 71MB	coherence checking
time: 0.165; rss: 98MB	type checking
time: 0.016; rss: 98MB	const checking
time: 0.001; rss: 98MB	privacy checking
time: 0.000; rss: 98MB	stability index
time: 0.000; rss: 98MB	intrinsic checking
time: 0.000; rss: 98MB	effect checking
time: 0.002; rss: 98MB	match checking
time: 0.001; rss: 98MB	liveness checking
time: 0.028; rss: 98MB	borrow checking
time: 0.013; rss: 98MB	rvalue checking
time: 0.000; rss: 98MB	reachability checking
time: 0.001; rss: 98MB	death checking
time: 0.002; rss: 98MB	stability checking
time: 0.000; rss: 98MB	unused lib feature checking
time: 0.004; rss: 98MB	lint checking
time: 0.000; rss: 98MB	resolving dependency formats
time: 0.310; rss: 126MB	translation
  time: 0.059; rss: 97MB	llvm function passes
  time: 0.971; rss: 101MB	llvm module passes
  time: 0.376; rss: 108MB	codegen passes
  time: 0.001; rss: 107MB	codegen passes
time: 1.426; rss: 107MB	LLVM passes
  time: 0.022; rss: 111MB	running linker
time: 0.035; rss: 109MB	linking
rustc: x86_64-unknown-linux-gnu/stage2/lib/rustlib/x86_64-unknown-linux-gnu/lib/librbml
time: 0.006; rss: 35MB	parsing
time: 0.002; rss: 35MB	configuration 1
time: 0.000; rss: 35MB	recursion limit
time: 0.000; rss: 35MB	gated macro checking
time: 0.000; rss: 35MB	crate injection
time: 0.002; rss: 37MB	macro loading
time: 0.000; rss: 37MB	plugin loading
time: 0.000; rss: 37MB	plugin registration
time: 0.021; rss: 40MB	expansion
time: 0.000; rss: 40MB	complete gated feature checking 1
time: 0.003; rss: 40MB	configuration 2
time: 0.002; rss: 40MB	maybe building test harness
time: 0.002; rss: 40MB	prelude injection
time: 0.000; rss: 40MB	checking that all macro invocations are gone
time: 0.000; rss: 40MB	complete gated feature checking 2
time: 0.002; rss: 40MB	assigning node ids and indexing ast
time: 0.000; rss: 40MB	external crate/lib resolution
time: 0.000; rss: 40MB	language item collection
time: 0.007; rss: 52MB	resolution
time: 0.000; rss: 51MB	lifetime resolution
time: 0.000; rss: 51MB	looking for entry point
time: 0.000; rss: 51MB	looking for plugin registrar
time: 0.002; rss: 54MB	region resolution
time: 0.000; rss: 54MB	loop checking
time: 0.000; rss: 54MB	static item recursion checking
time: 0.002; rss: 56MB	type collecting
time: 0.000; rss: 56MB	variance inference
time: 0.058; rss: 87MB	coherence checking
time: 0.193; rss: 105MB	type checking
time: 0.052; rss: 108MB	const checking
time: 0.001; rss: 108MB	privacy checking
time: 0.000; rss: 108MB	stability index
time: 0.001; rss: 108MB	intrinsic checking
time: 0.000; rss: 108MB	effect checking
time: 0.007; rss: 108MB	match checking
time: 0.001; rss: 108MB	liveness checking
time: 0.094; rss: 108MB	borrow checking
time: 0.052; rss: 108MB	rvalue checking
time: 0.000; rss: 108MB	reachability checking
time: 0.001; rss: 108MB	death checking
time: 0.002; rss: 108MB	stability checking
time: 0.000; rss: 108MB	unused lib feature checking
time: 0.007; rss: 108MB	lint checking
time: 0.000; rss: 108MB	resolving dependency formats
time: 0.132; rss: 126MB	translation
  time: 0.025; rss: 98MB	llvm function passes
  time: 0.229; rss: 100MB	llvm module passes
  time: 0.120; rss: 104MB	codegen passes
  time: 0.000; rss: 102MB	codegen passes
time: 0.381; rss: 102MB	LLVM passes
  time: 0.024; rss: 109MB	running linker
time: 0.030; rss: 107MB	linking
rustc: x86_64-unknown-linux-gnu/stage2/lib/rustlib/x86_64-unknown-linux-gnu/lib/libtest
time: 0.007; rss: 35MB	parsing
time: 0.002; rss: 35MB	configuration 1
time: 0.000; rss: 35MB	recursion limit
time: 0.000; rss: 35MB	gated macro checking
time: 0.000; rss: 35MB	crate injection
time: 0.002; rss: 37MB	macro loading
time: 0.000; rss: 37MB	plugin loading
time: 0.000; rss: 37MB	plugin registration
time: 0.017; rss: 39MB	expansion
time: 0.000; rss: 39MB	complete gated feature checking 1
time: 0.003; rss: 39MB	configuration 2
time: 0.002; rss: 39MB	maybe building test harness
time: 0.001; rss: 39MB	prelude injection
time: 0.000; rss: 39MB	checking that all macro invocations are gone
time: 0.000; rss: 39MB	complete gated feature checking 2
time: 0.002; rss: 39MB	assigning node ids and indexing ast
time: 0.001; rss: 39MB	external crate/lib resolution
time: 0.000; rss: 39MB	language item collection
time: 0.011; rss: 55MB	resolution
time: 0.000; rss: 55MB	lifetime resolution
time: 0.000; rss: 55MB	looking for entry point
time: 0.000; rss: 55MB	looking for plugin registrar
time: 0.001; rss: 57MB	region resolution
time: 0.000; rss: 57MB	loop checking
time: 0.000; rss: 57MB	static item recursion checking
time: 0.002; rss: 57MB	type collecting
time: 0.000; rss: 57MB	variance inference
time: 0.024; rss: 78MB	coherence checking
time: 0.250; rss: 106MB	type checking
time: 0.037; rss: 109MB	const checking
time: 0.001; rss: 109MB	privacy checking
time: 0.000; rss: 109MB	stability index
time: 0.001; rss: 109MB	intrinsic checking
time: 0.000; rss: 109MB	effect checking
time: 0.007; rss: 109MB	match checking
time: 0.001; rss: 109MB	liveness checking
time: 0.065; rss: 109MB	borrow checking
time: 0.033; rss: 109MB	rvalue checking
time: 0.000; rss: 109MB	reachability checking
time: 0.001; rss: 109MB	death checking
time: 0.002; rss: 109MB	stability checking
time: 0.000; rss: 109MB	unused lib feature checking
time: 0.007; rss: 109MB	lint checking
time: 0.000; rss: 109MB	resolving dependency formats
time: 0.695; rss: 159MB	translation
  time: 0.141; rss: 116MB	llvm function passes
  time: 2.773; rss: 120MB	llvm module passes
  time: 0.829; rss: 127MB	codegen passes
  time: 0.001; rss: 120MB	codegen passes
time: 3.795; rss: 120MB	LLVM passes
  time: 0.027; rss: 128MB	running linker
time: 0.057; rss: 123MB	linking
rustc: x86_64-unknown-linux-gnu/stage2/lib/rustlib/x86_64-unknown-linux-gnu/lib/libgraphviz
time: 0.002; rss: 29MB	parsing
time: 0.001; rss: 34MB	configuration 1
time: 0.000; rss: 34MB	recursion limit
time: 0.000; rss: 34MB	gated macro checking
time: 0.000; rss: 34MB	crate injection
time: 0.002; rss: 36MB	macro loading
time: 0.000; rss: 36MB	plugin loading
time: 0.000; rss: 36MB	plugin registration
time: 0.003; rss: 37MB	expansion
time: 0.000; rss: 37MB	complete gated feature checking 1
time: 0.001; rss: 37MB	configuration 2
time: 0.000; rss: 37MB	maybe building test harness
time: 0.000; rss: 37MB	prelude injection
time: 0.000; rss: 37MB	checking that all macro invocations are gone
time: 0.000; rss: 37MB	complete gated feature checking 2
time: 0.000; rss: 37MB	assigning node ids and indexing ast
time: 0.000; rss: 37MB	external crate/lib resolution
time: 0.000; rss: 37MB	language item collection
time: 0.003; rss: 47MB	resolution
time: 0.000; rss: 47MB	lifetime resolution
time: 0.000; rss: 47MB	looking for entry point
time: 0.000; rss: 47MB	looking for plugin registrar
time: 0.000; rss: 47MB	region resolution
time: 0.000; rss: 47MB	loop checking
time: 0.000; rss: 47MB	static item recursion checking
time: 0.001; rss: 47MB	type collecting
time: 0.000; rss: 47MB	variance inference
time: 0.018; rss: 68MB	coherence checking
time: 0.088; rss: 89MB	type checking
time: 0.005; rss: 89MB	const checking
time: 0.000; rss: 89MB	privacy checking
time: 0.000; rss: 89MB	stability index
time: 0.000; rss: 89MB	intrinsic checking
time: 0.000; rss: 89MB	effect checking
time: 0.001; rss: 89MB	match checking
time: 0.000; rss: 89MB	liveness checking
time: 0.010; rss: 89MB	borrow checking
time: 0.006; rss: 89MB	rvalue checking
time: 0.000; rss: 89MB	reachability checking
time: 0.000; rss: 89MB	death checking
time: 0.001; rss: 93MB	stability checking
time: 0.000; rss: 93MB	unused lib feature checking
time: 0.001; rss: 93MB	lint checking
time: 0.000; rss: 93MB	resolving dependency formats
time: 0.068; rss: 111MB	translation
  time: 0.011; rss: 90MB	llvm function passes
  time: 0.082; rss: 91MB	llvm module passes
  time: 0.022; rss: 96MB	codegen passes
  time: 0.000; rss: 96MB	codegen passes
time: 0.117; rss: 96MB	LLVM passes
  time: 0.020; rss: 102MB	running linker
time: 0.022; rss: 100MB	linking
rustc: x86_64-unknown-linux-gnu/stage2/lib/rustlib/x86_64-unknown-linux-gnu/lib/libfmt_macros
time: 0.002; rss: 30MB	parsing
time: 0.000; rss: 34MB	configuration 1
time: 0.000; rss: 34MB	recursion limit
time: 0.000; rss: 34MB	gated macro checking
time: 0.000; rss: 34MB	crate injection
time: 0.002; rss: 37MB	macro loading
time: 0.000; rss: 37MB	plugin loading
time: 0.000; rss: 37MB	plugin registration
time: 0.005; rss: 37MB	expansion
time: 0.000; rss: 37MB	complete gated feature checking 1
time: 0.001; rss: 37MB	configuration 2
time: 0.001; rss: 37MB	maybe building test harness
time: 0.000; rss: 37MB	prelude injection
time: 0.000; rss: 37MB	checking that all macro invocations are gone
time: 0.000; rss: 37MB	complete gated feature checking 2
time: 0.001; rss: 37MB	assigning node ids and indexing ast
time: 0.000; rss: 37MB	external crate/lib resolution
time: 0.000; rss: 37MB	language item collection
time: 0.003; rss: 45MB	resolution
time: 0.000; rss: 45MB	lifetime resolution
time: 0.000; rss: 45MB	looking for entry point
time: 0.000; rss: 45MB	looking for plugin registrar
time: 0.000; rss: 47MB	region resolution
time: 0.000; rss: 47MB	loop checking
time: 0.000; rss: 47MB	static item recursion checking
time: 0.001; rss: 47MB	type collecting
time: 0.000; rss: 47MB	variance inference
time: 0.062; rss: 86MB	coherence checking
time: 0.047; rss: 88MB	type checking
time: 0.007; rss: 90MB	const checking
time: 0.000; rss: 90MB	privacy checking
time: 0.000; rss: 90MB	stability index
time: 0.000; rss: 90MB	intrinsic checking
time: 0.000; rss: 90MB	effect checking
time: 0.001; rss: 90MB	match checking
time: 0.000; rss: 90MB	liveness checking
time: 0.012; rss: 94MB	borrow checking
time: 0.006; rss: 94MB	rvalue checking
time: 0.000; rss: 94MB	reachability checking
time: 0.000; rss: 94MB	death checking
time: 0.001; rss: 94MB	stability checking
time: 0.000; rss: 94MB	unused lib feature checking
time: 0.002; rss: 94MB	lint checking
time: 0.000; rss: 94MB	resolving dependency formats
time: 0.089; rss: 113MB	translation
  time: 0.017; rss: 91MB	llvm function passes
  time: 0.250; rss: 95MB	llvm module passes
  time: 0.094; rss: 100MB	codegen passes
  time: 0.000; rss: 100MB	codegen passes
time: 0.366; rss: 100MB	LLVM passes
  time: 0.020; rss: 104MB	running linker
time: 0.024; rss: 104MB	linking
rustc: x86_64-unknown-linux-gnu/stage2/lib/rustlib/x86_64-unknown-linux-gnu/lib/libsyntax
time: 0.128; rss: 69MB	parsing
time: 0.042; rss: 71MB	configuration 1
time: 0.000; rss: 71MB	recursion limit
time: 0.003; rss: 71MB	gated macro checking
time: 0.000; rss: 71MB	crate injection
time: 0.005; rss: 74MB	macro loading
time: 0.000; rss: 74MB	plugin loading
time: 0.000; rss: 74MB	plugin registration
time: 0.616; rss: 105MB	expansion
time: 0.018; rss: 105MB	complete gated feature checking 1
time: 0.115; rss: 105MB	configuration 2
time: 0.060; rss: 105MB	maybe building test harness
time: 0.055; rss: 105MB	prelude injection
time: 0.009; rss: 105MB	checking that all macro invocations are gone
time: 0.019; rss: 105MB	complete gated feature checking 2
time: 0.071; rss: 116MB	assigning node ids and indexing ast
time: 0.009; rss: 116MB	external crate/lib resolution
time: 0.018; rss: 116MB	language item collection
time: 0.233; rss: 160MB	resolution
time: 0.015; rss: 154MB	lifetime resolution
time: 0.000; rss: 154MB	looking for entry point
time: 0.009; rss: 154MB	looking for plugin registrar
time: 0.082; rss: 189MB	region resolution
time: 0.009; rss: 189MB	loop checking
time: 0.009; rss: 189MB	static item recursion checking
time: 0.052; rss: 192MB	type collecting
time: 0.018; rss: 192MB	variance inference
time: 0.147; rss: 227MB	coherence checking
time: 12.581; rss: 334MB	type checking
time: 2.025; rss: 349MB	const checking
time: 0.087; rss: 349MB	privacy checking
time: 0.002; rss: 349MB	stability index
time: 0.027; rss: 349MB	intrinsic checking
time: 0.022; rss: 349MB	effect checking
time: 0.405; rss: 349MB	match checking
time: 0.065; rss: 353MB	liveness checking
time: 3.559; rss: 353MB	borrow checking
time: 1.997; rss: 353MB	rvalue checking
time: 0.023; rss: 353MB	reachability checking
time: 0.065; rss: 353MB	death checking
time: 0.071; rss: 353MB	stability checking
time: 0.000; rss: 353MB	unused lib feature checking
time: 0.249; rss: 353MB	lint checking
time: 0.000; rss: 353MB	resolving dependency formats
time: 8.813; rss: 695MB	translation
  time: 1.980; rss: 397MB	llvm function passes
  time: 45.462; rss: 470MB	llvm module passes
  time: 16.403; rss: 551MB	codegen passes
  time: 0.002; rss: 523MB	codegen passes
time: 65.045; rss: 523MB	LLVM passes
  time: 0.146; rss: 525MB	running linker
time: 0.672; rss: 520MB	linking
rustc: x86_64-unknown-linux-gnu/stage2/lib/rustlib/x86_64-unknown-linux-gnu/lib/librustc_llvm
time: 0.007; rss: 36MB	parsing
time: 0.001; rss: 36MB	configuration 1
time: 0.000; rss: 36MB	recursion limit
time: 0.000; rss: 36MB	gated macro checking
time: 0.000; rss: 36MB	crate injection
time: 0.003; rss: 40MB	macro loading
time: 0.000; rss: 40MB	plugin loading
time: 0.000; rss: 40MB	plugin registration
time: 0.014; rss: 41MB	expansion
time: 0.000; rss: 41MB	complete gated feature checking 1
time: 0.003; rss: 41MB	configuration 2
time: 0.001; rss: 42MB	maybe building test harness
time: 0.002; rss: 41MB	prelude injection
time: 0.000; rss: 41MB	checking that all macro invocations are gone
time: 0.000; rss: 41MB	complete gated feature checking 2
time: 0.002; rss: 42MB	assigning node ids and indexing ast
time: 0.000; rss: 42MB	external crate/lib resolution
time: 0.000; rss: 42MB	language item collection
time: 0.010; rss: 54MB	resolution
time: 0.000; rss: 54MB	lifetime resolution
time: 0.000; rss: 54MB	looking for entry point
time: 0.000; rss: 54MB	looking for plugin registrar
time: 0.001; rss: 54MB	region resolution
time: 0.000; rss: 54MB	loop checking
time: 0.000; rss: 54MB	static item recursion checking
time: 0.003; rss: 60MB	type collecting
time: 0.000; rss: 60MB	variance inference
time: 0.073; rss: 94MB	coherence checking
time: 0.115; rss: 102MB	type checking
time: 0.012; rss: 102MB	const checking
time: 0.001; rss: 102MB	privacy checking
time: 0.000; rss: 102MB	stability index
time: 0.000; rss: 102MB	intrinsic checking
time: 0.000; rss: 102MB	effect checking
time: 0.002; rss: 102MB	match checking
time: 0.000; rss: 102MB	liveness checking
time: 0.017; rss: 102MB	borrow checking
time: 0.008; rss: 102MB	rvalue checking
time: 0.000; rss: 102MB	reachability checking
time: 0.001; rss: 102MB	death checking
time: 0.002; rss: 102MB	stability checking
time: 0.000; rss: 102MB	unused lib feature checking
time: 0.006; rss: 102MB	lint checking
time: 0.000; rss: 102MB	resolving dependency formats
time: 0.126; rss: 122MB	translation
  time: 0.020; rss: 95MB	llvm function passes
  time: 0.097; rss: 97MB	llvm module passes
  time: 0.052; rss: 101MB	codegen passes
  time: 0.000; rss: 101MB	codegen passes
time: 0.173; rss: 101MB	LLVM passes
  time: 1.417; rss: 107MB	running linker
time: 1.473; rss: 105MB	linking
rustc: x86_64-unknown-linux-gnu/stage2/lib/rustlib/x86_64-unknown-linux-gnu/lib/librustc_back
time: 0.008; rss: 32MB	parsing
time: 0.002; rss: 36MB	configuration 1
time: 0.000; rss: 36MB	recursion limit
time: 0.000; rss: 36MB	gated macro checking
time: 0.000; rss: 36MB	crate injection
time: 0.003; rss: 36MB	macro loading
time: 0.000; rss: 36MB	plugin loading
time: 0.000; rss: 36MB	plugin registration
time: 0.032; rss: 42MB	expansion
time: 0.000; rss: 42MB	complete gated feature checking 1
time: 0.005; rss: 42MB	configuration 2
time: 0.002; rss: 42MB	maybe building test harness
time: 0.002; rss: 42MB	prelude injection
time: 0.000; rss: 42MB	checking that all macro invocations are gone
time: 0.000; rss: 42MB	complete gated feature checking 2
time: 0.003; rss: 42MB	assigning node ids and indexing ast
time: 0.003; rss: 76MB	external crate/lib resolution
time: 0.000; rss: 76MB	language item collection
time: 0.018; rss: 106MB	resolution
time: 0.000; rss: 106MB	lifetime resolution
time: 0.000; rss: 106MB	looking for entry point
time: 0.000; rss: 106MB	looking for plugin registrar
time: 0.002; rss: 105MB	region resolution
time: 0.000; rss: 105MB	loop checking
time: 0.000; rss: 105MB	static item recursion checking
time: 0.002; rss: 107MB	type collecting
time: 0.000; rss: 107MB	variance inference
time: 0.029; rss: 130MB	coherence checking
time: 0.417; rss: 165MB	type checking
time: 0.069; rss: 167MB	const checking
time: 0.002; rss: 167MB	privacy checking
time: 0.000; rss: 167MB	stability index
time: 0.001; rss: 167MB	intrinsic checking
time: 0.000; rss: 167MB	effect checking
time: 0.005; rss: 167MB	match checking
time: 0.002; rss: 170MB	liveness checking
time: 0.085; rss: 170MB	borrow checking
time: 0.040; rss: 170MB	rvalue checking
time: 0.000; rss: 170MB	reachability checking
time: 0.001; rss: 170MB	death checking
time: 0.004; rss: 170MB	stability checking
time: 0.000; rss: 170MB	unused lib feature checking
time: 0.011; rss: 170MB	lint checking
time: 0.000; rss: 170MB	resolving dependency formats
time: 0.986; rss: 234MB	translation
  time: 0.166; rss: 169MB	llvm function passes
  time: 2.826; rss: 177MB	llvm module passes
  time: 0.912; rss: 197MB	codegen passes
  time: 0.001; rss: 195MB	codegen passes
time: 3.973; rss: 195MB	LLVM passes
  time: 0.042; rss: 198MB	running linker
time: 0.080; rss: 194MB	linking
rustc: x86_64-unknown-linux-gnu/stage2/lib/rustlib/x86_64-unknown-linux-gnu/lib/librustc_data_structures
time: 0.004; rss: 31MB	parsing
time: 0.001; rss: 35MB	configuration 1
time: 0.000; rss: 35MB	recursion limit
time: 0.000; rss: 35MB	gated macro checking
time: 0.000; rss: 35MB	crate injection
time: 0.002; rss: 35MB	macro loading
time: 0.000; rss: 35MB	plugin loading
time: 0.000; rss: 35MB	plugin registration
time: 0.009; rss: 39MB	expansion
time: 0.000; rss: 39MB	complete gated feature checking 1
time: 0.002; rss: 39MB	configuration 2
time: 0.001; rss: 39MB	maybe building test harness
time: 0.001; rss: 39MB	prelude injection
time: 0.000; rss: 39MB	checking that all macro invocations are gone
time: 0.000; rss: 39MB	complete gated feature checking 2
time: 0.001; rss: 39MB	assigning node ids and indexing ast
time: 0.000; rss: 39MB	external crate/lib resolution
time: 0.000; rss: 39MB	language item collection
time: 0.006; rss: 50MB	resolution
time: 0.000; rss: 50MB	lifetime resolution
time: 0.000; rss: 50MB	looking for entry point
time: 0.000; rss: 50MB	looking for plugin registrar
time: 0.000; rss: 50MB	region resolution
time: 0.000; rss: 50MB	loop checking
time: 0.000; rss: 50MB	static item recursion checking
time: 0.002; rss: 50MB	type collecting
time: 0.000; rss: 50MB	variance inference
time: 0.065; rss: 93MB	coherence checking
time: 0.160; rss: 99MB	type checking
time: 0.023; rss: 99MB	const checking
time: 0.001; rss: 99MB	privacy checking
time: 0.000; rss: 99MB	stability index
time: 0.001; rss: 99MB	intrinsic checking
time: 0.000; rss: 99MB	effect checking
time: 0.007; rss: 99MB	match checking
time: 0.000; rss: 99MB	liveness checking
time: 0.042; rss: 99MB	borrow checking
time: 0.025; rss: 99MB	rvalue checking
time: 0.000; rss: 99MB	reachability checking
time: 0.000; rss: 99MB	death checking
time: 0.001; rss: 102MB	stability checking
time: 0.000; rss: 102MB	unused lib feature checking
time: 0.006; rss: 102MB	lint checking
time: 0.000; rss: 102MB	resolving dependency formats
time: 0.062; rss: 118MB	translation
  time: 0.005; rss: 93MB	llvm function passes
  time: 0.024; rss: 95MB	llvm module passes
  time: 0.007; rss: 98MB	codegen passes
  time: 0.000; rss: 98MB	codegen passes
time: 0.038; rss: 98MB	LLVM passes
  time: 0.021; rss: 104MB	running linker
time: 0.023; rss: 103MB	linking
rustc: x86_64-unknown-linux-gnu/stage2/lib/rustlib/x86_64-unknown-linux-gnu/lib/librustc
time: 0.175; rss: 81MB	parsing
time: 0.060; rss: 83MB	configuration 1
time: 0.000; rss: 83MB	recursion limit
time: 0.004; rss: 84MB	gated macro checking
time: 0.000; rss: 84MB	crate injection
time: 0.007; rss: 88MB	macro loading
time: 0.000; rss: 88MB	plugin loading
time: 0.000; rss: 88MB	plugin registration
time: 0.813; rss: 118MB	expansion
time: 0.024; rss: 118MB	complete gated feature checking 1
time: 0.143; rss: 118MB	configuration 2
time: 0.074; rss: 118MB	maybe building test harness
time: 0.068; rss: 118MB	prelude injection
time: 0.011; rss: 118MB	checking that all macro invocations are gone
time: 0.025; rss: 118MB	complete gated feature checking 2
time: 0.089; rss: 131MB	assigning node ids and indexing ast
time: 0.015; rss: 165MB	external crate/lib resolution
time: 0.023; rss: 165MB	language item collection
time: 0.275; rss: 245MB	resolution
time: 0.020; rss: 239MB	lifetime resolution
time: 0.000; rss: 239MB	looking for entry point
time: 0.011; rss: 239MB	looking for plugin registrar
time: 0.093; rss: 272MB	region resolution
time: 0.011; rss: 272MB	loop checking
time: 0.012; rss: 272MB	static item recursion checking
time: 0.072; rss: 274MB	type collecting
time: 0.025; rss: 274MB	variance inference
time: 0.194; rss: 316MB	coherence checking
time: 9.271; rss: 488MB	type checking
time: 2.417; rss: 516MB	const checking
time: 0.116; rss: 516MB	privacy checking
time: 0.002; rss: 516MB	stability index
time: 0.035; rss: 516MB	intrinsic checking
time: 0.024; rss: 516MB	effect checking
time: 0.380; rss: 516MB	match checking
time: 0.066; rss: 518MB	liveness checking
time: 3.433; rss: 518MB	borrow checking
time: 1.963; rss: 520MB	rvalue checking
time: 0.028; rss: 520MB	reachability checking
time: 0.081; rss: 520MB	death checking
time: 0.094; rss: 520MB	stability checking
time: 0.000; rss: 520MB	unused lib feature checking
time: 0.314; rss: 520MB	lint checking
time: 0.000; rss: 520MB	resolving dependency formats
time: 18.290; rss: 1229MB	translation
  time: 4.036; rss: 742MB	llvm function passes
  time: 87.183; rss: 881MB	llvm module passes
  time: 23.916; rss: 892MB	codegen passes
  time: 0.003; rss: 765MB	codegen passes
time: 117.300; rss: 765MB	LLVM passes
  time: 0.262; rss: 769MB	running linker
time: 1.120; rss: 765MB	linking
rustc: x86_64-unknown-linux-gnu/stage2/lib/rustlib/x86_64-unknown-linux-gnu/lib/librustc_typeck
time: 0.071; rss: 54MB	parsing
time: 0.023; rss: 54MB	configuration 1
time: 0.000; rss: 54MB	recursion limit
time: 0.002; rss: 54MB	gated macro checking
time: 0.000; rss: 54MB	crate injection
time: 0.004; rss: 56MB	macro loading
time: 0.000; rss: 56MB	plugin loading
time: 0.000; rss: 56MB	plugin registration
time: 0.303; rss: 68MB	expansion
time: 0.008; rss: 68MB	complete gated feature checking 1
time: 0.045; rss: 68MB	configuration 2
time: 0.024; rss: 68MB	maybe building test harness
time: 0.022; rss: 68MB	prelude injection
time: 0.003; rss: 68MB	checking that all macro invocations are gone
time: 0.008; rss: 68MB	complete gated feature checking 2
time: 0.029; rss: 72MB	assigning node ids and indexing ast
time: 0.027; rss: 103MB	external crate/lib resolution
time: 0.007; rss: 103MB	language item collection
time: 0.105; rss: 158MB	resolution
time: 0.007; rss: 154MB	lifetime resolution
time: 0.000; rss: 154MB	looking for entry point
time: 0.003; rss: 154MB	looking for plugin registrar
time: 0.028; rss: 166MB	region resolution
time: 0.004; rss: 166MB	loop checking
time: 0.003; rss: 166MB	static item recursion checking
time: 0.021; rss: 170MB	type collecting
time: 0.007; rss: 170MB	variance inference
time: 0.128; rss: 212MB	coherence checking
time: 4.007; rss: 304MB	type checking
time: 1.210; rss: 321MB	const checking
time: 0.051; rss: 321MB	privacy checking
time: 0.000; rss: 321MB	stability index
time: 0.010; rss: 321MB	intrinsic checking
time: 0.008; rss: 321MB	effect checking
time: 0.068; rss: 321MB	match checking
time: 0.025; rss: 325MB	liveness checking
time: 0.868; rss: 325MB	borrow checking
time: 0.498; rss: 325MB	rvalue checking
time: 0.001; rss: 325MB	reachability checking
time: 0.039; rss: 325MB	death checking
time: 0.052; rss: 325MB	stability checking
time: 0.000; rss: 325MB	unused lib feature checking
time: 0.118; rss: 325MB	lint checking
time: 0.000; rss: 325MB	resolving dependency formats
time: 8.148; rss: 633MB	translation
  time: 1.557; rss: 380MB	llvm function passes
  time: 29.183; rss: 435MB	llvm module passes
  time: 7.846; rss: 443MB	codegen passes
  time: 0.001; rss: 398MB	codegen passes
time: 39.262; rss: 398MB	LLVM passes
  time: 0.136; rss: 402MB	running linker
time: 0.426; rss: 397MB	linking
rustc: x86_64-unknown-linux-gnu/stage2/lib/rustlib/x86_64-unknown-linux-gnu/lib/librustc_borrowck
time: 0.014; rss: 37MB	parsing
time: 0.004; rss: 38MB	configuration 1
time: 0.000; rss: 38MB	recursion limit
time: 0.000; rss: 38MB	gated macro checking
time: 0.000; rss: 38MB	crate injection
time: 0.003; rss: 41MB	macro loading
time: 0.000; rss: 41MB	plugin loading
time: 0.000; rss: 41MB	plugin registration
time: 0.059; rss: 45MB	expansion
time: 0.001; rss: 45MB	complete gated feature checking 1
time: 0.009; rss: 45MB	configuration 2
time: 0.005; rss: 45MB	maybe building test harness
time: 0.004; rss: 45MB	prelude injection
time: 0.000; rss: 45MB	checking that all macro invocations are gone
time: 0.001; rss: 45MB	complete gated feature checking 2
time: 0.005; rss: 48MB	assigning node ids and indexing ast
time: 0.027; rss: 79MB	external crate/lib resolution
time: 0.001; rss: 79MB	language item collection
time: 0.026; rss: 114MB	resolution
time: 0.001; rss: 114MB	lifetime resolution
time: 0.000; rss: 114MB	looking for entry point
time: 0.000; rss: 114MB	looking for plugin registrar
time: 0.004; rss: 117MB	region resolution
time: 0.001; rss: 117MB	loop checking
time: 0.000; rss: 117MB	static item recursion checking
time: 0.004; rss: 119MB	type collecting
time: 0.001; rss: 119MB	variance inference
time: 0.057; rss: 157MB	coherence checking
time: 0.697; rss: 196MB	type checking
time: 0.154; rss: 200MB	const checking
time: 0.006; rss: 200MB	privacy checking
time: 0.000; rss: 200MB	stability index
time: 0.001; rss: 200MB	intrinsic checking
time: 0.001; rss: 200MB	effect checking
time: 0.014; rss: 200MB	match checking
time: 0.004; rss: 200MB	liveness checking
time: 0.152; rss: 200MB	borrow checking
time: 0.086; rss: 200MB	rvalue checking
time: 0.000; rss: 200MB	reachability checking
time: 0.005; rss: 200MB	death checking
time: 0.008; rss: 200MB	stability checking
time: 0.000; rss: 200MB	unused lib feature checking
time: 0.020; rss: 200MB	lint checking
time: 0.000; rss: 200MB	resolving dependency formats
time: 1.552; rss: 278MB	translation
  time: 0.272; rss: 197MB	llvm function passes
  time: 4.188; rss: 205MB	llvm module passes
  time: 1.445; rss: 211MB	codegen passes
  time: 0.001; rss: 206MB	codegen passes
time: 6.008; rss: 206MB	LLVM passes
  time: 0.056; rss: 208MB	running linker
time: 0.112; rss: 205MB	linking
rustc: x86_64-unknown-linux-gnu/stage2/lib/rustlib/x86_64-unknown-linux-gnu/lib/librustc_resolve
time: 0.019; rss: 40MB	parsing
time: 0.006; rss: 40MB	configuration 1
time: 0.000; rss: 40MB	recursion limit
time: 0.000; rss: 40MB	gated macro checking
time: 0.000; rss: 40MB	crate injection
time: 0.004; rss: 44MB	macro loading
time: 0.000; rss: 44MB	plugin loading
time: 0.000; rss: 44MB	plugin registration
time: 0.076; rss: 47MB	expansion
time: 0.002; rss: 47MB	complete gated feature checking 1
time: 0.012; rss: 47MB	configuration 2
time: 0.006; rss: 47MB	maybe building test harness
time: 0.005; rss: 47MB	prelude injection
time: 0.000; rss: 47MB	checking that all macro invocations are gone
time: 0.001; rss: 47MB	complete gated feature checking 2
time: 0.007; rss: 50MB	assigning node ids and indexing ast
time: 0.028; rss: 81MB	external crate/lib resolution
time: 0.001; rss: 81MB	language item collection
time: 0.036; rss: 120MB	resolution
time: 0.001; rss: 120MB	lifetime resolution
time: 0.000; rss: 120MB	looking for entry point
time: 0.000; rss: 120MB	looking for plugin registrar
time: 0.007; rss: 125MB	region resolution
time: 0.001; rss: 125MB	loop checking
time: 0.001; rss: 125MB	static item recursion checking
time: 0.005; rss: 127MB	type collecting
time: 0.001; rss: 127MB	variance inference
time: 0.061; rss: 164MB	coherence checking
time: 0.808; rss: 207MB	type checking
time: 0.217; rss: 212MB	const checking
time: 0.007; rss: 212MB	privacy checking
time: 0.000; rss: 212MB	stability index
time: 0.002; rss: 212MB	intrinsic checking
time: 0.001; rss: 212MB	effect checking
time: 0.039; rss: 212MB	match checking
time: 0.006; rss: 212MB	liveness checking
time: 0.338; rss: 212MB	borrow checking
time: 0.173; rss: 212MB	rvalue checking
time: 0.000; rss: 212MB	reachability checking
time: 0.005; rss: 212MB	death checking
time: 0.009; rss: 212MB	stability checking
time: 0.000; rss: 212MB	unused lib feature checking
time: 0.027; rss: 212MB	lint checking
time: 0.000; rss: 212MB	resolving dependency formats
time: 2.228; rss: 327MB	translation
  time: 0.490; rss: 232MB	llvm function passes
  time: 7.262; rss: 247MB	llvm module passes
  time: 2.078; rss: 247MB	codegen passes
  time: 0.001; rss: 238MB	codegen passes
time: 10.001; rss: 237MB	LLVM passes
  time: 0.102; rss: 242MB	running linker
time: 0.178; rss: 241MB	linking
rustc: x86_64-unknown-linux-gnu/stage2/lib/rustlib/x86_64-unknown-linux-gnu/lib/librustc_trans
time: 0.119; rss: 69MB	parsing
time: 0.040; rss: 69MB	configuration 1
time: 0.000; rss: 69MB	recursion limit
time: 0.003; rss: 69MB	gated macro checking
time: 0.000; rss: 69MB	crate injection
time: 0.006; rss: 72MB	macro loading
time: 0.000; rss: 72MB	plugin loading
time: 0.000; rss: 72MB	plugin registration
time: 0.443; rss: 81MB	expansion
time: 0.012; rss: 81MB	complete gated feature checking 1
time: 0.066; rss: 81MB	configuration 2
time: 0.034; rss: 81MB	maybe building test harness
time: 0.032; rss: 81MB	prelude injection
time: 0.006; rss: 81MB	checking that all macro invocations are gone
time: 0.013; rss: 81MB	complete gated feature checking 2
time: 0.042; rss: 85MB	assigning node ids and indexing ast
time: 0.026; rss: 117MB	external crate/lib resolution
time: 0.011; rss: 117MB	language item collection
time: 0.167; rss: 187MB	resolution
time: 0.010; rss: 181MB	lifetime resolution
time: 0.000; rss: 181MB	looking for entry point
time: 0.006; rss: 181MB	looking for plugin registrar
time: 0.043; rss: 202MB	region resolution
time: 0.006; rss: 202MB	loop checking
time: 0.006; rss: 202MB	static item recursion checking
time: 0.032; rss: 206MB	type collecting
time: 0.012; rss: 206MB	variance inference
time: 0.137; rss: 245MB	coherence checking
time: 4.365; rss: 341MB	type checking
time: 1.803; rss: 386MB	const checking
time: 0.063; rss: 386MB	privacy checking
time: 0.001; rss: 386MB	stability index
time: 0.017; rss: 386MB	intrinsic checking
time: 0.013; rss: 386MB	effect checking
time: 0.108; rss: 386MB	match checking
time: 0.036; rss: 392MB	liveness checking
time: 1.142; rss: 392MB	borrow checking
time: 0.578; rss: 398MB	rvalue checking
time: 0.001; rss: 398MB	reachability checking
time: 0.046; rss: 398MB	death checking
time: 0.060; rss: 398MB	stability checking
time: 0.000; rss: 398MB	unused lib feature checking
time: 0.147; rss: 398MB	lint checking
time: 0.000; rss: 398MB	resolving dependency formats
time: 8.082; rss: 682MB	translation
  time: 1.651; rss: 400MB	llvm function passes
  time: 30.379; rss: 454MB	llvm module passes
  time: 9.119; rss: 464MB	codegen passes
  time: 0.001; rss: 431MB	codegen passes
time: 41.911; rss: 431MB	LLVM passes
  time: 0.143; rss: 437MB	running linker
time: 0.476; rss: 436MB	linking
rustc: x86_64-unknown-linux-gnu/stage2/lib/rustlib/x86_64-unknown-linux-gnu/lib/librustc_privacy
time: 0.005; rss: 35MB	parsing
time: 0.001; rss: 35MB	configuration 1
time: 0.000; rss: 35MB	recursion limit
time: 0.000; rss: 35MB	gated macro checking
time: 0.000; rss: 35MB	crate injection
time: 0.003; rss: 38MB	macro loading
time: 0.000; rss: 38MB	plugin loading
time: 0.000; rss: 38MB	plugin registration
time: 0.016; rss: 40MB	expansion
time: 0.000; rss: 40MB	complete gated feature checking 1
time: 0.003; rss: 40MB	configuration 2
time: 0.001; rss: 40MB	maybe building test harness
time: 0.001; rss: 40MB	prelude injection
time: 0.000; rss: 40MB	checking that all macro invocations are gone
time: 0.000; rss: 40MB	complete gated feature checking 2
time: 0.001; rss: 40MB	assigning node ids and indexing ast
time: 0.028; rss: 72MB	external crate/lib resolution
time: 0.000; rss: 72MB	language item collection
time: 0.012; rss: 102MB	resolution
time: 0.000; rss: 102MB	lifetime resolution
time: 0.000; rss: 102MB	looking for entry point
time: 0.000; rss: 102MB	looking for plugin registrar
time: 0.001; rss: 102MB	region resolution
time: 0.000; rss: 102MB	loop checking
time: 0.000; rss: 102MB	static item recursion checking
time: 0.001; rss: 102MB	type collecting
time: 0.000; rss: 102MB	variance inference
time: 0.013; rss: 117MB	coherence checking
time: 0.318; rss: 173MB	type checking
time: 0.048; rss: 173MB	const checking
time: 0.002; rss: 173MB	privacy checking
time: 0.000; rss: 173MB	stability index
time: 0.000; rss: 173MB	intrinsic checking
time: 0.000; rss: 173MB	effect checking
time: 0.003; rss: 173MB	match checking
time: 0.001; rss: 173MB	liveness checking
time: 0.046; rss: 173MB	borrow checking
time: 0.020; rss: 173MB	rvalue checking
time: 0.000; rss: 173MB	reachability checking
time: 0.002; rss: 173MB	death checking
time: 0.003; rss: 173MB	stability checking
time: 0.000; rss: 173MB	unused lib feature checking
time: 0.006; rss: 173MB	lint checking
time: 0.000; rss: 173MB	resolving dependency formats
time: 0.948; rss: 230MB	translation
  time: 0.177; rss: 179MB	llvm function passes
  time: 1.423; rss: 198MB	llvm module passes
  time: 0.430; rss: 198MB	codegen passes
  time: 0.001; rss: 199MB	codegen passes
time: 2.062; rss: 198MB	LLVM passes
  time: 0.045; rss: 201MB	running linker
time: 0.064; rss: 200MB	linking
rustc: x86_64-unknown-linux-gnu/stage2/lib/rustlib/x86_64-unknown-linux-gnu/lib/librustc_lint
time: 0.008; rss: 36MB	parsing
time: 0.003; rss: 36MB	configuration 1
time: 0.000; rss: 36MB	recursion limit
time: 0.000; rss: 36MB	gated macro checking
time: 0.000; rss: 36MB	crate injection
time: 0.030; rss: 75MB	macro loading
time: 0.000; rss: 75MB	plugin loading
time: 0.000; rss: 75MB	plugin registration
time: 0.025; rss: 77MB	expansion
time: 0.000; rss: 77MB	complete gated feature checking 1
time: 0.004; rss: 77MB	configuration 2
time: 0.002; rss: 77MB	maybe building test harness
time: 0.002; rss: 77MB	prelude injection
time: 0.000; rss: 77MB	checking that all macro invocations are gone
time: 0.000; rss: 77MB	complete gated feature checking 2
time: 0.002; rss: 77MB	assigning node ids and indexing ast
time: 0.000; rss: 77MB	external crate/lib resolution
time: 0.000; rss: 77MB	language item collection
time: 0.018; rss: 105MB	resolution
time: 0.000; rss: 109MB	lifetime resolution
time: 0.000; rss: 109MB	looking for entry point
time: 0.000; rss: 109MB	looking for plugin registrar
time: 0.002; rss: 110MB	region resolution
time: 0.000; rss: 110MB	loop checking
time: 0.000; rss: 110MB	static item recursion checking
time: 0.002; rss: 110MB	type collecting
time: 0.000; rss: 110MB	variance inference
time: 0.047; rss: 143MB	coherence checking
time: 0.330; rss: 178MB	type checking
time: 0.062; rss: 178MB	const checking
time: 0.003; rss: 178MB	privacy checking
time: 0.000; rss: 178MB	stability index
time: 0.001; rss: 178MB	intrinsic checking
time: 0.000; rss: 178MB	effect checking
time: 0.005; rss: 178MB	match checking
time: 0.001; rss: 178MB	liveness checking
time: 0.051; rss: 178MB	borrow checking
time: 0.023; rss: 178MB	rvalue checking
time: 0.000; rss: 178MB	reachability checking
time: 0.002; rss: 178MB	death checking
time: 0.005; rss: 178MB	stability checking
time: 0.000; rss: 178MB	unused lib feature checking
time: 0.009; rss: 178MB	lint checking
time: 0.000; rss: 178MB	resolving dependency formats
time: 1.297; rss: 253MB	translation
  time: 0.237; rss: 192MB	llvm function passes
  time: 2.358; rss: 197MB	llvm module passes
  time: 0.744; rss: 200MB	codegen passes
  time: 0.001; rss: 195MB	codegen passes
time: 3.393; rss: 195MB	LLVM passes
  time: 0.104; rss: 197MB	running linker
time: 0.137; rss: 195MB	linking
rustc: x86_64-unknown-linux-gnu/stage2/lib/rustlib/x86_64-unknown-linux-gnu/lib/librustc_driver
time: 0.012; rss: 37MB	parsing
time: 0.003; rss: 37MB	configuration 1
time: 0.000; rss: 37MB	recursion limit
time: 0.000; rss: 37MB	gated macro checking
time: 0.000; rss: 37MB	crate injection
time: 0.003; rss: 40MB	macro loading
time: 0.000; rss: 40MB	plugin loading
time: 0.000; rss: 40MB	plugin registration
time: 0.026; rss: 42MB	expansion
time: 0.000; rss: 42MB	complete gated feature checking 1
time: 0.004; rss: 42MB	configuration 2
time: 0.002; rss: 42MB	maybe building test harness
time: 0.002; rss: 42MB	prelude injection
time: 0.000; rss: 42MB	checking that all macro invocations are gone
time: 0.000; rss: 42MB	complete gated feature checking 2
time: 0.002; rss: 43MB	assigning node ids and indexing ast
time: 0.029; rss: 78MB	external crate/lib resolution
time: 0.000; rss: 78MB	language item collection
time: 0.025; rss: 123MB	resolution
time: 0.000; rss: 123MB	lifetime resolution
time: 0.000; rss: 123MB	looking for entry point
time: 0.000; rss: 123MB	looking for plugin registrar
time: 0.002; rss: 123MB	region resolution
time: 0.000; rss: 123MB	loop checking
time: 0.000; rss: 123MB	static item recursion checking
time: 0.002; rss: 125MB	type collecting
time: 0.000; rss: 125MB	variance inference
time: 0.095; rss: 171MB	coherence checking
time: 0.540; rss: 196MB	type checking
time: 0.147; rss: 200MB	const checking
time: 0.003; rss: 200MB	privacy checking
time: 0.000; rss: 200MB	stability index
time: 0.001; rss: 200MB	intrinsic checking
time: 0.000; rss: 200MB	effect checking
time: 0.010; rss: 200MB	match checking
time: 0.001; rss: 200MB	liveness checking
time: 0.132; rss: 200MB	borrow checking
time: 0.074; rss: 200MB	rvalue checking
time: 0.000; rss: 200MB	reachability checking
time: 0.002; rss: 200MB	death checking
time: 0.006; rss: 200MB	stability checking
time: 0.000; rss: 200MB	unused lib feature checking
time: 0.010; rss: 204MB	lint checking
time: 0.000; rss: 204MB	resolving dependency formats
time: 5.825; rss: 445MB	translation
  time: 1.269; rss: 343MB	llvm function passes
  time: 21.815; rss: 401MB	llvm module passes
  time: 5.597; rss: 411MB	codegen passes
  time: 0.001; rss: 379MB	codegen passes
time: 29.174; rss: 379MB	LLVM passes
  time: 0.116; rss: 381MB	running linker
time: 0.323; rss: 376MB	linking
rustc: x86_64-unknown-linux-gnu/stage2/lib/rustlib/x86_64-unknown-linux-gnu/lib/librustdoc
time: 0.038; rss: 43MB	parsing
time: 0.013; rss: 43MB	configuration 1
time: 0.000; rss: 43MB	recursion limit
time: 0.001; rss: 43MB	gated macro checking
time: 0.000; rss: 43MB	crate injection
time: 0.003; rss: 44MB	macro loading
time: 0.000; rss: 44MB	plugin loading
time: 0.000; rss: 44MB	plugin registration
time: 0.186; rss: 59MB	expansion
time: 0.006; rss: 59MB	complete gated feature checking 1
time: 0.037; rss: 59MB	configuration 2
time: 0.019; rss: 59MB	maybe building test harness
time: 0.018; rss: 59MB	prelude injection
time: 0.003; rss: 59MB	checking that all macro invocations are gone
time: 0.006; rss: 59MB	complete gated feature checking 2
time: 0.022; rss: 61MB	assigning node ids and indexing ast
time: 0.034; rss: 97MB	external crate/lib resolution
time: 0.005; rss: 97MB	language item collection
time: 0.082; rss: 154MB	resolution
time: 0.005; rss: 151MB	lifetime resolution
time: 0.000; rss: 151MB	looking for entry point
time: 0.003; rss: 151MB	looking for plugin registrar
time: 0.020; rss: 162MB	region resolution
time: 0.003; rss: 162MB	loop checking
time: 0.003; rss: 162MB	static item recursion checking
time: 0.017; rss: 164MB	type collecting
time: 0.005; rss: 164MB	variance inference
time: 0.064; rss: 196MB	coherence checking
time: 3.313; rss: 280MB	type checking
time: 1.164; rss: 280MB	const checking
time: 0.028; rss: 280MB	privacy checking
time: 0.000; rss: 280MB	stability index
time: 0.006; rss: 280MB	intrinsic checking
time: 0.005; rss: 280MB	effect checking
time: 0.252; rss: 280MB	match checking
time: 0.018; rss: 280MB	liveness checking
time: 1.898; rss: 280MB	borrow checking
time: 1.097; rss: 280MB	rvalue checking
time: 0.003; rss: 280MB	reachability checking
time: 0.019; rss: 280MB	death checking
time: 0.028; rss: 280MB	stability checking
time: 0.000; rss: 280MB	unused lib feature checking
time: 0.078; rss: 280MB	lint checking
time: 0.000; rss: 280MB	resolving dependency formats
time: 9.577; rss: 593MB	translation
  time: 1.620; rss: 394MB	llvm function passes
  time: 36.924; rss: 470MB	llvm module passes
  time: 10.455; rss: 476MB	codegen passes
  time: 0.001; rss: 422MB	codegen passes
time: 49.776; rss: 421MB	LLVM passes
  time: 0.148; rss: 426MB	running linker
time: 0.508; rss: 429MB	linking
rustc: x86_64-unknown-linux-gnu/stage1/lib/rustlib/x86_64-unknown-linux-gnu/bin/rustbook
cp: x86_64-unknown-linux-gnu/stage2/bin/rustbook
rustbook: doc/book/index.html
rustbook: doc/style/index.html
rustc: x86_64-unknown-linux-gnu/stage1/lib/rustlib/x86_64-unknown-linux-gnu/bin/error-index-generator
cp: x86_64-unknown-linux-gnu/stage2/bin/error-index-generator
error-index-generator: doc/error-index.html
rustdoc: doc/not_found.html
rustdoc: doc/index.html
rustdoc: doc/intro.html
rustdoc: doc/tutorial.html
rustdoc: doc/complement-lang-faq.html
rustdoc: doc/complement-design-faq.html
rustdoc: doc/complement-project-faq.html
rustdoc: doc/rustdoc.html
rustdoc: doc/reference.html
rustdoc: doc/grammar.html
rustdoc: doc/guide-crates.html
rustdoc: doc/guide-error-handling.html
rustdoc: doc/guide-ffi.html
rustdoc: doc/guide-macros.html
rustdoc: doc/guide.html
rustdoc: doc/guide-ownership.html
rustdoc: doc/guide-plugins.html
rustdoc: doc/guide-pointers.html
rustdoc: doc/guide-strings.html
rustdoc: doc/guide-tasks.html
rustdoc: doc/guide-testing.html
rustdoc: doc/std/index.html
rustdoc: doc/alloc/index.html
rustdoc: doc/collections/index.html
rustdoc: doc/core/index.html
rustdoc: doc/libc/index.html
rustdoc: doc/rustc_unicode/index.html
