commit e7261f3ab60e0d1e6c808004ecd25c88e04f3683
Merge: 0649b16 7f8942c
Author: bors <bors@rust-lang.org>
Date:   Fri Aug 14 15:26:09 2015 +0000

    Auto merge of #27641 - nikomatsakis:soundness-rfc-1214, r=nrc
    
    This PR implements the majority of RFC 1214. In particular, it implements:
    
    - the new outlives relation
    - comprehensive WF checking
    
    For the most part, new code receives warnings, not errors, though 3 regressions were found via a crater run.
    
    There are some deviations from RFC 1214. Most notably:
    
    - we still consider implied bounds from fn ret; this intersects other soundness issues that I intend to address in detail in a follow-up RFC. Fixing this without breaking a lot of code probably requires rewriting compare-method somewhat (which is probably a good thing).
    - object types do not check trait bounds for fear of encountering `Self`; this was left as an unresolved question in RFC 1214, but ultimately feels inconsistent.
    
    Both of those two issues are highlighted in the tracking issue, https://github.com/rust-lang/rust/issues/27579. #27579 also includes a testing matrix with new tests that I wrote -- these probably duplicate some existing tests, I tried to check but wasn't quite sure what to look for. I tried to be thorough in testing the WF relation, at least, but would welcome suggestions for missing tests.
    
    r? @nrc (or perhaps someone else?)
cfg: version 1.4.0-dev (e7261f3ab 2015-08-14)
cfg: build triple x86_64-unknown-linux-gnu
cfg: host triples x86_64-unknown-linux-gnu
cfg: target triples x86_64-unknown-linux-gnu
cfg: host for x86_64-unknown-linux-gnu is x86_64
cfg: os for x86_64-unknown-linux-gnu is unknown-linux-gnu
cfg: good valgrind for x86_64-unknown-linux-gnu is 1
cfg: using CC=gcc (CFG_CC)
cfg: disabling valgrind run-pass tests
rustc: x86_64-unknown-linux-gnu/stage0/lib/rustlib/x86_64-unknown-linux-gnu/lib/librustc_trans
rustc: x86_64-unknown-linux-gnu/stage0/lib/rustlib/x86_64-unknown-linux-gnu/lib/librustc_driver
rustc: x86_64-unknown-linux-gnu/stage0/lib/rustlib/x86_64-unknown-linux-gnu/bin/rustc
cp: x86_64-unknown-linux-gnu/stage1/lib/librustc_trans
cp: x86_64-unknown-linux-gnu/stage1/lib/librustc_driver
cp: x86_64-unknown-linux-gnu/stage1/bin/rustc
rustc: x86_64-unknown-linux-gnu/stage1/lib/rustlib/x86_64-unknown-linux-gnu/lib/libcore
rustc: x86_64-unknown-linux-gnu/stage1/lib/rustlib/x86_64-unknown-linux-gnu/lib/liblibc
rustc: x86_64-unknown-linux-gnu/stage1/lib/rustlib/x86_64-unknown-linux-gnu/lib/librand
rustc: x86_64-unknown-linux-gnu/stage1/lib/rustlib/x86_64-unknown-linux-gnu/lib/liballoc
rustc: x86_64-unknown-linux-gnu/stage1/lib/rustlib/x86_64-unknown-linux-gnu/lib/librustc_unicode
rustc: x86_64-unknown-linux-gnu/stage1/lib/rustlib/x86_64-unknown-linux-gnu/lib/libcollections
rustc: x86_64-unknown-linux-gnu/stage1/lib/rustlib/x86_64-unknown-linux-gnu/lib/librustc_bitflags
rustc: x86_64-unknown-linux-gnu/stage1/lib/rustlib/x86_64-unknown-linux-gnu/lib/libstd
rustc: x86_64-unknown-linux-gnu/stage1/lib/rustlib/x86_64-unknown-linux-gnu/lib/libarena
rustc: x86_64-unknown-linux-gnu/stage1/lib/rustlib/x86_64-unknown-linux-gnu/lib/libflate
rustc: x86_64-unknown-linux-gnu/stage1/lib/rustlib/x86_64-unknown-linux-gnu/lib/libgetopts
rustc: x86_64-unknown-linux-gnu/stage1/lib/rustlib/x86_64-unknown-linux-gnu/lib/libgraphviz
rustc: x86_64-unknown-linux-gnu/stage1/lib/rustlib/x86_64-unknown-linux-gnu/lib/liblog
rustc: x86_64-unknown-linux-gnu/stage1/lib/rustlib/x86_64-unknown-linux-gnu/lib/libterm
rustc: x86_64-unknown-linux-gnu/stage1/lib/rustlib/x86_64-unknown-linux-gnu/lib/libserialize
rustc: x86_64-unknown-linux-gnu/stage1/lib/rustlib/x86_64-unknown-linux-gnu/lib/libfmt_macros
rustc: x86_64-unknown-linux-gnu/stage1/lib/rustlib/x86_64-unknown-linux-gnu/lib/libsyntax
rustc: x86_64-unknown-linux-gnu/stage1/lib/rustlib/x86_64-unknown-linux-gnu/lib/librbml
rustc: x86_64-unknown-linux-gnu/stage1/lib/rustlib/x86_64-unknown-linux-gnu/lib/librustc_llvm
rustc: x86_64-unknown-linux-gnu/stage1/lib/rustlib/x86_64-unknown-linux-gnu/lib/librustc_back
rustc: x86_64-unknown-linux-gnu/stage1/lib/rustlib/x86_64-unknown-linux-gnu/lib/librustc_data_structures
rustc: x86_64-unknown-linux-gnu/stage1/lib/rustlib/x86_64-unknown-linux-gnu/lib/librustc
rustc: x86_64-unknown-linux-gnu/stage1/lib/rustlib/x86_64-unknown-linux-gnu/lib/librustc_borrowck
rustc: x86_64-unknown-linux-gnu/stage1/lib/rustlib/x86_64-unknown-linux-gnu/lib/librustc_typeck
rustc: x86_64-unknown-linux-gnu/stage1/lib/rustlib/x86_64-unknown-linux-gnu/lib/librustc_resolve
rustc: x86_64-unknown-linux-gnu/stage1/lib/rustlib/x86_64-unknown-linux-gnu/lib/librustc_trans
rustc: x86_64-unknown-linux-gnu/stage1/lib/rustlib/x86_64-unknown-linux-gnu/lib/librustc_privacy
rustc: x86_64-unknown-linux-gnu/stage1/lib/rustlib/x86_64-unknown-linux-gnu/lib/librustc_lint
rustc: x86_64-unknown-linux-gnu/stage1/lib/rustlib/x86_64-unknown-linux-gnu/lib/librustc_driver
rustc: x86_64-unknown-linux-gnu/stage1/lib/rustlib/x86_64-unknown-linux-gnu/bin/rustc
cp: x86_64-unknown-linux-gnu/stage2/lib/libstd
cp: x86_64-unknown-linux-gnu/stage2/lib/libarena
cp: x86_64-unknown-linux-gnu/stage2/lib/libflate
cp: x86_64-unknown-linux-gnu/stage2/lib/libgetopts
cp: x86_64-unknown-linux-gnu/stage2/lib/libgraphviz
cp: x86_64-unknown-linux-gnu/stage2/lib/liblog
cp: x86_64-unknown-linux-gnu/stage2/lib/libterm
cp: x86_64-unknown-linux-gnu/stage2/lib/libserialize
cp: x86_64-unknown-linux-gnu/stage2/lib/libfmt_macros
cp: x86_64-unknown-linux-gnu/stage2/lib/libsyntax
cp: x86_64-unknown-linux-gnu/stage2/lib/librbml
cp: x86_64-unknown-linux-gnu/stage2/lib/librustc_llvm
cp: x86_64-unknown-linux-gnu/stage2/lib/librustc_back
cp: x86_64-unknown-linux-gnu/stage2/lib/librustc_data_structures
cp: x86_64-unknown-linux-gnu/stage2/lib/librustc
cp: x86_64-unknown-linux-gnu/stage2/lib/librustc_borrowck
cp: x86_64-unknown-linux-gnu/stage2/lib/librustc_typeck
cp: x86_64-unknown-linux-gnu/stage2/lib/librustc_resolve
cp: x86_64-unknown-linux-gnu/stage2/lib/librustc_trans
cp: x86_64-unknown-linux-gnu/stage2/lib/librustc_privacy
cp: x86_64-unknown-linux-gnu/stage2/lib/librustc_lint
cp: x86_64-unknown-linux-gnu/stage2/lib/librustc_driver
cp: x86_64-unknown-linux-gnu/stage2/bin/rustc
cp: x86_64-unknown-linux-gnu/stage2/lib/rustlib/x86_64-unknown-linux-gnu/lib/libcompiler-rt.a
rustc: x86_64-unknown-linux-gnu/stage1/lib/rustlib/x86_64-unknown-linux-gnu/lib/libtest
compile: x86_64-unknown-linux-gnu/rt/hoedown/src/autolink.o
compile: x86_64-unknown-linux-gnu/rt/hoedown/src/buffer.o
compile: x86_64-unknown-linux-gnu/rt/hoedown/src/document.o
compile: x86_64-unknown-linux-gnu/rt/hoedown/src/escape.o
compile: x86_64-unknown-linux-gnu/rt/hoedown/src/html.o
compile: x86_64-unknown-linux-gnu/rt/hoedown/src/html_blocks.o
compile: x86_64-unknown-linux-gnu/rt/hoedown/src/html_smartypants.o
compile: x86_64-unknown-linux-gnu/rt/hoedown/src/stack.o
compile: x86_64-unknown-linux-gnu/rt/hoedown/src/version.o
link: x86_64-unknown-linux-gnu/rt/libhoedown.a
rustc: x86_64-unknown-linux-gnu/stage1/lib/rustlib/x86_64-unknown-linux-gnu/lib/librustdoc
rustc: x86_64-unknown-linux-gnu/stage1/lib/rustlib/x86_64-unknown-linux-gnu/bin/rustdoc
cp: x86_64-unknown-linux-gnu/stage2/lib/libtest
cp: x86_64-unknown-linux-gnu/stage2/lib/librustdoc
cp: x86_64-unknown-linux-gnu/stage2/bin/rustdoc
rustc: x86_64-unknown-linux-gnu/stage2/lib/rustlib/x86_64-unknown-linux-gnu/lib/libcore
time: 0.068; rss: 55MB	parsing
time: 0.024; rss: 57MB	configuration 1
time: 0.000; rss: 57MB	recursion limit
time: 0.002; rss: 57MB	gated macro checking
time: 0.000; rss: 57MB	crate injection
time: 0.001; rss: 57MB	macro loading
time: 0.000; rss: 57MB	plugin loading
time: 0.000; rss: 57MB	plugin registration
time: 0.439; rss: 79MB	expansion
time: 0.010; rss: 79MB	complete gated feature checking 1
time: 0.088; rss: 79MB	configuration 2
time: 0.044; rss: 79MB	maybe building test harness
time: 0.000; rss: 79MB	prelude injection
time: 0.005; rss: 79MB	checking that all macro invocations are gone
time: 0.011; rss: 79MB	complete gated feature checking 2
time: 0.051; rss: 88MB	assigning node ids and indexing ast
time: 0.005; rss: 88MB	external crate/lib resolution
time: 0.010; rss: 88MB	language item collection
time: 0.078; rss: 104MB	resolution
time: 0.011; rss: 102MB	lifetime resolution
time: 0.000; rss: 102MB	looking for entry point
time: 0.005; rss: 102MB	looking for plugin registrar
time: 0.028; rss: 114MB	region resolution
time: 0.005; rss: 114MB	loop checking
time: 0.005; rss: 114MB	static item recursion checking
time: 0.057; rss: 118MB	type collecting
time: 0.010; rss: 118MB	variance inference
time: 0.617; rss: 129MB	coherence checking
time: 0.358; rss: 131MB	wf checking (old)
time: 0.144; rss: 133MB	item-types checking
time: 4.337; rss: 169MB	item-bodies checking
time: 0.000; rss: 169MB	drop-impl checking
time: 0.736; rss: 171MB	wf checking (new)
time: 0.371; rss: 178MB	const checking
time: 0.050; rss: 178MB	privacy checking
time: 0.004; rss: 178MB	stability index
time: 0.030; rss: 178MB	intrinsic checking
time: 0.010; rss: 178MB	effect checking
time: 0.108; rss: 178MB	match checking
time: 0.022; rss: 178MB	liveness checking
time: 0.747; rss: 178MB	borrow checking
time: 0.363; rss: 178MB	rvalue checking
time: 0.014; rss: 178MB	reachability checking
time: 0.034; rss: 180MB	death checking
time: 0.025; rss: 180MB	stability checking
time: 0.000; rss: 180MB	unused lib feature checking
time: 0.455; rss: 180MB	lint checking
time: 0.000; rss: 180MB	resolving dependency formats
time: 1.486; rss: 256MB	translation
  time: 0.245; rss: 122MB	llvm function passes
  time: 1.907; rss: 125MB	llvm module passes
  time: 1.473; rss: 128MB	codegen passes
  time: 0.003; rss: 123MB	codegen passes
time: 3.697; rss: 123MB	LLVM passes
time: 0.055; rss: 122MB	linking
rustc: x86_64-unknown-linux-gnu/stage2/lib/rustlib/x86_64-unknown-linux-gnu/lib/liblibc
time: 0.019; rss: 38MB	parsing
time: 0.004; rss: 36MB	configuration 1
time: 0.000; rss: 36MB	recursion limit
time: 0.000; rss: 36MB	gated macro checking
time: 0.000; rss: 36MB	crate injection
time: 0.001; rss: 35MB	macro loading
time: 0.000; rss: 35MB	plugin loading
time: 0.000; rss: 35MB	plugin registration
time: 0.009; rss: 36MB	expansion
time: 0.000; rss: 36MB	complete gated feature checking 1
time: 0.002; rss: 36MB	configuration 2
time: 0.001; rss: 36MB	maybe building test harness
time: 0.001; rss: 36MB	prelude injection
time: 0.000; rss: 36MB	checking that all macro invocations are gone
time: 0.000; rss: 36MB	complete gated feature checking 2
time: 0.001; rss: 36MB	assigning node ids and indexing ast
time: 0.000; rss: 36MB	external crate/lib resolution
time: 0.000; rss: 36MB	language item collection
time: 0.004; rss: 41MB	resolution
time: 0.000; rss: 41MB	lifetime resolution
time: 0.000; rss: 41MB	looking for entry point
time: 0.000; rss: 41MB	looking for plugin registrar
time: 0.000; rss: 41MB	region resolution
time: 0.000; rss: 41MB	loop checking
time: 0.000; rss: 41MB	static item recursion checking
time: 0.001; rss: 44MB	type collecting
time: 0.000; rss: 44MB	variance inference
time: 0.006; rss: 53MB	coherence checking
time: 0.003; rss: 53MB	wf checking (old)
time: 0.011; rss: 56MB	item-types checking
time: 0.016; rss: 57MB	item-bodies checking
time: 0.000; rss: 57MB	drop-impl checking
time: 0.003; rss: 57MB	wf checking (new)
time: 0.002; rss: 57MB	const checking
time: 0.001; rss: 57MB	privacy checking
time: 0.000; rss: 57MB	stability index
time: 0.000; rss: 57MB	intrinsic checking
time: 0.000; rss: 57MB	effect checking
time: 0.000; rss: 57MB	match checking
time: 0.000; rss: 57MB	liveness checking
time: 0.003; rss: 57MB	borrow checking
time: 0.001; rss: 57MB	rvalue checking
time: 0.000; rss: 57MB	reachability checking
time: 0.001; rss: 57MB	death checking
time: 0.000; rss: 57MB	stability checking
time: 0.000; rss: 57MB	unused lib feature checking
time: 0.005; rss: 58MB	lint checking
time: 0.000; rss: 58MB	resolving dependency formats
time: 0.035; rss: 70MB	translation
  time: 0.002; rss: 67MB	llvm function passes
  time: 0.009; rss: 67MB	llvm module passes
  time: 0.008; rss: 72MB	codegen passes
  time: 0.000; rss: 72MB	codegen passes
time: 0.021; rss: 72MB	LLVM passes
time: 0.001; rss: 73MB	linking
rustc: x86_64-unknown-linux-gnu/stage2/lib/rustlib/x86_64-unknown-linux-gnu/lib/librand
time: 0.010; rss: 38MB	parsing
time: 0.003; rss: 38MB	configuration 1
time: 0.000; rss: 38MB	recursion limit
time: 0.000; rss: 38MB	gated macro checking
time: 0.000; rss: 38MB	crate injection
time: 0.001; rss: 39MB	macro loading
time: 0.000; rss: 39MB	plugin loading
time: 0.000; rss: 39MB	plugin registration
time: 0.023; rss: 40MB	expansion
time: 0.000; rss: 40MB	complete gated feature checking 1
time: 0.005; rss: 40MB	configuration 2
time: 0.002; rss: 40MB	maybe building test harness
time: 0.002; rss: 40MB	prelude injection
time: 0.000; rss: 40MB	checking that all macro invocations are gone
time: 0.000; rss: 40MB	complete gated feature checking 2
time: 0.003; rss: 40MB	assigning node ids and indexing ast
time: 0.000; rss: 40MB	external crate/lib resolution
time: 0.000; rss: 40MB	language item collection
time: 0.007; rss: 50MB	resolution
time: 0.000; rss: 50MB	lifetime resolution
time: 0.000; rss: 50MB	looking for entry point
time: 0.000; rss: 50MB	looking for plugin registrar
time: 0.001; rss: 50MB	region resolution
time: 0.000; rss: 50MB	loop checking
time: 0.000; rss: 50MB	static item recursion checking
time: 0.002; rss: 50MB	type collecting
time: 0.000; rss: 50MB	variance inference
time: 0.029; rss: 65MB	coherence checking
time: 0.007; rss: 65MB	wf checking (old)
time: 0.016; rss: 67MB	item-types checking
time: 0.247; rss: 79MB	item-bodies checking
time: 0.000; rss: 79MB	drop-impl checking
time: 0.015; rss: 79MB	wf checking (new)
time: 0.032; rss: 79MB	const checking
time: 0.001; rss: 79MB	privacy checking
time: 0.000; rss: 79MB	stability index
time: 0.001; rss: 79MB	intrinsic checking
time: 0.000; rss: 79MB	effect checking
time: 0.004; rss: 79MB	match checking
time: 0.001; rss: 83MB	liveness checking
time: 0.062; rss: 83MB	borrow checking
time: 0.028; rss: 83MB	rvalue checking
time: 0.000; rss: 83MB	reachability checking
time: 0.001; rss: 83MB	death checking
time: 0.001; rss: 83MB	stability checking
time: 0.000; rss: 83MB	unused lib feature checking
time: 0.017; rss: 83MB	lint checking
time: 0.000; rss: 83MB	resolving dependency formats
time: 0.131; rss: 100MB	translation
  time: 0.023; rss: 80MB	llvm function passes
  time: 0.147; rss: 80MB	llvm module passes
  time: 0.050; rss: 84MB	codegen passes
  time: 0.001; rss: 84MB	codegen passes
time: 0.224; rss: 83MB	LLVM passes
time: 0.003; rss: 84MB	linking
rustc: x86_64-unknown-linux-gnu/stage2/lib/rustlib/x86_64-unknown-linux-gnu/lib/liballoc
time: 0.010; rss: 31MB	parsing
time: 0.003; rss: 36MB	configuration 1
time: 0.000; rss: 36MB	recursion limit
time: 0.000; rss: 36MB	gated macro checking
time: 0.000; rss: 36MB	crate injection
time: 0.001; rss: 37MB	macro loading
time: 0.000; rss: 37MB	plugin loading
time: 0.000; rss: 37MB	plugin registration
time: 0.011; rss: 37MB	expansion
time: 0.000; rss: 37MB	complete gated feature checking 1
time: 0.003; rss: 37MB	configuration 2
time: 0.001; rss: 37MB	maybe building test harness
time: 0.001; rss: 37MB	prelude injection
time: 0.000; rss: 37MB	checking that all macro invocations are gone
time: 0.000; rss: 37MB	complete gated feature checking 2
time: 0.001; rss: 37MB	assigning node ids and indexing ast
time: 0.000; rss: 37MB	external crate/lib resolution
time: 0.000; rss: 37MB	language item collection
time: 0.008; rss: 51MB	resolution
time: 0.000; rss: 51MB	lifetime resolution
time: 0.000; rss: 51MB	looking for entry point
time: 0.000; rss: 51MB	looking for plugin registrar
time: 0.001; rss: 51MB	region resolution
time: 0.000; rss: 51MB	loop checking
time: 0.000; rss: 51MB	static item recursion checking
time: 0.002; rss: 53MB	type collecting
time: 0.000; rss: 53MB	variance inference
time: 0.039; rss: 66MB	coherence checking
time: 0.005; rss: 66MB	wf checking (old)
time: 0.004; rss: 66MB	item-types checking
time: 0.070; rss: 74MB	item-bodies checking
time: 0.000; rss: 74MB	drop-impl checking
time: 0.010; rss: 74MB	wf checking (new)
time: 0.013; rss: 74MB	const checking
time: 0.001; rss: 74MB	privacy checking
time: 0.000; rss: 74MB	stability index
time: 0.001; rss: 74MB	intrinsic checking
time: 0.000; rss: 74MB	effect checking
time: 0.003; rss: 74MB	match checking
time: 0.000; rss: 74MB	liveness checking
time: 0.023; rss: 74MB	borrow checking
time: 0.011; rss: 74MB	rvalue checking
time: 0.000; rss: 74MB	reachability checking
time: 0.000; rss: 74MB	death checking
time: 0.001; rss: 74MB	stability checking
time: 0.000; rss: 74MB	unused lib feature checking
time: 0.007; rss: 74MB	lint checking
time: 0.000; rss: 74MB	resolving dependency formats
time: 0.047; rss: 86MB	translation
  time: 0.003; rss: 74MB	llvm function passes
  time: 0.009; rss: 74MB	llvm module passes
  time: 0.008; rss: 79MB	codegen passes
  time: 0.000; rss: 79MB	codegen passes
time: 0.022; rss: 79MB	LLVM passes
time: 0.002; rss: 79MB	linking
rustc: x86_64-unknown-linux-gnu/stage2/lib/rustlib/x86_64-unknown-linux-gnu/lib/librustc_unicode
time: 0.031; rss: 40MB	parsing
time: 0.006; rss: 40MB	configuration 1
time: 0.000; rss: 40MB	recursion limit
time: 0.000; rss: 40MB	gated macro checking
time: 0.000; rss: 40MB	crate injection
time: 0.001; rss: 40MB	macro loading
time: 0.000; rss: 40MB	plugin loading
time: 0.000; rss: 40MB	plugin registration
time: 0.049; rss: 43MB	expansion
time: 0.000; rss: 43MB	complete gated feature checking 1
time: 0.006; rss: 43MB	configuration 2
time: 0.003; rss: 43MB	maybe building test harness
time: 0.003; rss: 43MB	prelude injection
time: 0.000; rss: 43MB	checking that all macro invocations are gone
time: 0.000; rss: 43MB	complete gated feature checking 2
time: 0.003; rss: 44MB	assigning node ids and indexing ast
time: 0.000; rss: 44MB	external crate/lib resolution
time: 0.000; rss: 45MB	language item collection
time: 0.004; rss: 52MB	resolution
time: 0.000; rss: 52MB	lifetime resolution
time: 0.000; rss: 52MB	looking for entry point
time: 0.000; rss: 52MB	looking for plugin registrar
time: 0.003; rss: 54MB	region resolution
time: 0.000; rss: 54MB	loop checking
time: 0.000; rss: 54MB	static item recursion checking
time: 0.001; rss: 54MB	type collecting
time: 0.000; rss: 54MB	variance inference
time: 0.036; rss: 70MB	coherence checking
time: 0.003; rss: 70MB	wf checking (old)
time: 0.050; rss: 72MB	item-types checking
time: 0.034; rss: 74MB	item-bodies checking
time: 0.000; rss: 74MB	drop-impl checking
time: 0.002; rss: 74MB	wf checking (new)
time: 0.090; rss: 79MB	const checking
time: 0.001; rss: 79MB	privacy checking
time: 0.000; rss: 79MB	stability index
time: 0.000; rss: 79MB	intrinsic checking
time: 0.000; rss: 79MB	effect checking
time: 0.001; rss: 79MB	match checking
time: 0.000; rss: 79MB	liveness checking
time: 0.007; rss: 79MB	borrow checking
time: 0.004; rss: 79MB	rvalue checking
time: 0.000; rss: 79MB	reachability checking
time: 0.001; rss: 79MB	death checking
time: 0.001; rss: 79MB	stability checking
time: 0.000; rss: 79MB	unused lib feature checking
time: 0.009; rss: 79MB	lint checking
time: 0.000; rss: 79MB	resolving dependency formats
time: 0.207; rss: 103MB	translation
  time: 0.015; rss: 78MB	llvm function passes
  time: 0.165; rss: 79MB	llvm module passes
  time: 0.072; rss: 82MB	codegen passes
  time: 0.001; rss: 82MB	codegen passes
time: 0.260; rss: 82MB	LLVM passes
time: 0.007; rss: 83MB	linking
rustc: x86_64-unknown-linux-gnu/stage2/lib/rustlib/x86_64-unknown-linux-gnu/lib/libcollections
time: 0.036; rss: 43MB	parsing
time: 0.014; rss: 43MB	configuration 1
time: 0.000; rss: 43MB	recursion limit
time: 0.001; rss: 43MB	gated macro checking
time: 0.000; rss: 43MB	crate injection
time: 0.001; rss: 43MB	macro loading
time: 0.000; rss: 43MB	plugin loading
time: 0.000; rss: 43MB	plugin registration
time: 0.086; rss: 47MB	expansion
time: 0.002; rss: 47MB	complete gated feature checking 1
time: 0.018; rss: 47MB	configuration 2
time: 0.009; rss: 47MB	maybe building test harness
time: 0.009; rss: 47MB	prelude injection
time: 0.001; rss: 47MB	checking that all macro invocations are gone
time: 0.002; rss: 47MB	complete gated feature checking 2
time: 0.009; rss: 47MB	assigning node ids and indexing ast
time: 0.001; rss: 47MB	external crate/lib resolution
time: 0.001; rss: 47MB	language item collection
time: 0.025; rss: 66MB	resolution
time: 0.002; rss: 66MB	lifetime resolution
time: 0.000; rss: 66MB	looking for entry point
time: 0.001; rss: 66MB	looking for plugin registrar
time: 0.005; rss: 67MB	region resolution
time: 0.001; rss: 67MB	loop checking
time: 0.001; rss: 67MB	static item recursion checking
time: 0.013; rss: 72MB	type collecting
time: 0.002; rss: 72MB	variance inference
time: 0.114; rss: 88MB	coherence checking
time: 0.051; rss: 88MB	wf checking (old)
time: 0.038; rss: 90MB	item-types checking
time: 1.247; rss: 119MB	item-bodies checking
time: 0.000; rss: 119MB	drop-impl checking
time: 0.135; rss: 119MB	wf checking (new)
time: 0.115; rss: 119MB	const checking
time: 0.008; rss: 119MB	privacy checking
time: 0.001; rss: 119MB	stability index
time: 0.007; rss: 119MB	intrinsic checking
time: 0.001; rss: 119MB	effect checking
time: 0.036; rss: 119MB	match checking
time: 0.004; rss: 119MB	liveness checking
time: 0.236; rss: 119MB	borrow checking
time: 0.153; rss: 119MB	rvalue checking
time: 0.003; rss: 119MB	reachability checking
time: 0.006; rss: 119MB	death checking
time: 0.008; rss: 119MB	stability checking
time: 0.000; rss: 119MB	unused lib feature checking
time: 0.123; rss: 119MB	lint checking
time: 0.000; rss: 119MB	resolving dependency formats
time: 0.439; rss: 156MB	translation
  time: 0.041; rss: 92MB	llvm function passes
  time: 0.404; rss: 95MB	llvm module passes
  time: 0.154; rss: 98MB	codegen passes
  time: 0.001; rss: 97MB	codegen passes
time: 0.610; rss: 97MB	LLVM passes
time: 0.012; rss: 97MB	linking
rustc: x86_64-unknown-linux-gnu/stage2/lib/rustlib/x86_64-unknown-linux-gnu/lib/librustc_bitflags
time: 0.001; rss: 29MB	parsing
time: 0.000; rss: 33MB	configuration 1
time: 0.000; rss: 33MB	recursion limit
time: 0.000; rss: 33MB	gated macro checking
time: 0.000; rss: 33MB	crate injection
time: 0.001; rss: 33MB	macro loading
time: 0.000; rss: 33MB	plugin loading
time: 0.000; rss: 33MB	plugin registration
time: 0.001; rss: 34MB	expansion
time: 0.000; rss: 34MB	complete gated feature checking 1
time: 0.000; rss: 34MB	configuration 2
time: 0.000; rss: 34MB	maybe building test harness
time: 0.000; rss: 34MB	prelude injection
time: 0.000; rss: 34MB	checking that all macro invocations are gone
time: 0.000; rss: 34MB	complete gated feature checking 2
time: 0.000; rss: 34MB	assigning node ids and indexing ast
time: 0.000; rss: 34MB	external crate/lib resolution
time: 0.000; rss: 34MB	language item collection
time: 0.001; rss: 34MB	resolution
time: 0.000; rss: 34MB	lifetime resolution
time: 0.000; rss: 34MB	looking for entry point
time: 0.000; rss: 34MB	looking for plugin registrar
time: 0.000; rss: 34MB	region resolution
time: 0.000; rss: 34MB	loop checking
time: 0.000; rss: 34MB	static item recursion checking
time: 0.000; rss: 38MB	type collecting
time: 0.000; rss: 38MB	variance inference
time: 0.001; rss: 38MB	coherence checking
time: 0.000; rss: 38MB	wf checking (old)
time: 0.000; rss: 38MB	item-types checking
time: 0.000; rss: 38MB	item-bodies checking
time: 0.000; rss: 38MB	drop-impl checking
time: 0.000; rss: 38MB	wf checking (new)
time: 0.000; rss: 38MB	const checking
time: 0.000; rss: 38MB	privacy checking
time: 0.000; rss: 38MB	stability index
time: 0.000; rss: 38MB	intrinsic checking
time: 0.000; rss: 38MB	effect checking
time: 0.000; rss: 38MB	match checking
time: 0.000; rss: 38MB	liveness checking
time: 0.000; rss: 38MB	borrow checking
time: 0.000; rss: 38MB	rvalue checking
time: 0.000; rss: 38MB	reachability checking
time: 0.000; rss: 38MB	death checking
time: 0.000; rss: 38MB	stability checking
time: 0.000; rss: 38MB	unused lib feature checking
time: 0.000; rss: 38MB	lint checking
time: 0.000; rss: 38MB	resolving dependency formats
time: 0.002; rss: 51MB	translation
  time: 0.000; rss: 52MB	llvm function passes
  time: 0.000; rss: 52MB	llvm module passes
  time: 0.001; rss: 52MB	codegen passes
  time: 0.000; rss: 53MB	codegen passes
time: 0.002; rss: 53MB	LLVM passes
time: 0.001; rss: 53MB	linking
rustc: x86_64-unknown-linux-gnu/stage2/lib/rustlib/x86_64-unknown-linux-gnu/lib/libstd
time: 0.145; rss: 75MB	parsing
time: 0.051; rss: 73MB	configuration 1
time: 0.000; rss: 73MB	recursion limit
time: 0.003; rss: 73MB	gated macro checking
time: 0.000; rss: 73MB	crate injection
time: 0.005; rss: 73MB	macro loading
time: 0.000; rss: 73MB	plugin loading
time: 0.000; rss: 73MB	plugin registration
time: 0.255; rss: 72MB	expansion
time: 0.010; rss: 72MB	complete gated feature checking 1
time: 0.051; rss: 72MB	configuration 2
time: 0.025; rss: 72MB	maybe building test harness
time: 0.024; rss: 73MB	prelude injection
time: 0.004; rss: 73MB	checking that all macro invocations are gone
time: 0.009; rss: 73MB	complete gated feature checking 2
time: 0.029; rss: 75MB	assigning node ids and indexing ast
time: 0.004; rss: 75MB	external crate/lib resolution
time: 0.008; rss: 75MB	language item collection
time: 0.071; rss: 108MB	resolution
time: 0.006; rss: 105MB	lifetime resolution
time: 0.000; rss: 105MB	looking for entry point
time: 0.004; rss: 105MB	looking for plugin registrar
time: 0.020; rss: 111MB	region resolution
time: 0.004; rss: 111MB	loop checking
time: 0.004; rss: 111MB	static item recursion checking
time: 0.029; rss: 117MB	type collecting
time: 0.008; rss: 117MB	variance inference
time: 0.114; rss: 141MB	coherence checking
time: 0.048; rss: 143MB	wf checking (old)
time: 0.072; rss: 147MB	item-types checking
time: 1.251; rss: 180MB	item-bodies checking
time: 0.000; rss: 180MB	drop-impl checking
time: 0.139; rss: 180MB	wf checking (new)
time: 0.303; rss: 189MB	const checking
time: 0.030; rss: 189MB	privacy checking
time: 0.002; rss: 189MB	stability index
time: 0.012; rss: 189MB	intrinsic checking
time: 0.006; rss: 189MB	effect checking
time: 0.061; rss: 189MB	match checking
time: 0.013; rss: 189MB	liveness checking
time: 0.556; rss: 189MB	borrow checking
time: 0.314; rss: 189MB	rvalue checking
time: 0.009; rss: 189MB	reachability checking
time: 0.019; rss: 189MB	death checking
time: 0.021; rss: 189MB	stability checking
time: 0.000; rss: 189MB	unused lib feature checking
time: 0.099; rss: 189MB	lint checking
time: 0.000; rss: 189MB	resolving dependency formats
time: 1.326; rss: 273MB	translation
  time: 0.355; rss: 159MB	llvm function passes
  time: 4.168; rss: 166MB	llvm module passes
  time: 1.732; rss: 169MB	codegen passes
  time: 0.002; rss: 159MB	codegen passes
time: 6.370; rss: 159MB	LLVM passes
  time: 0.001; rss: 159MB	altering collections-a5fc0d6c.rlib
  time: 0.000; rss: 159MB	altering rand-a5fc0d6c.rlib
  time: 0.001; rss: 159MB	altering alloc-a5fc0d6c.rlib
  time: 0.000; rss: 159MB	altering rustc_unicode-a5fc0d6c.rlib
  time: 0.000; rss: 159MB	altering libc-a5fc0d6c.rlib
  time: 0.001; rss: 159MB	altering core-a5fc0d6c.rlib
  time: 0.140; rss: 163MB	running linker
time: 0.217; rss: 163MB	linking
rustc: x86_64-unknown-linux-gnu/stage2/lib/rustlib/x86_64-unknown-linux-gnu/lib/libflate
time: 0.001; rss: 29MB	parsing
time: 0.000; rss: 33MB	configuration 1
time: 0.000; rss: 33MB	recursion limit
time: 0.000; rss: 33MB	gated macro checking
time: 0.000; rss: 33MB	crate injection
time: 0.002; rss: 33MB	macro loading
time: 0.000; rss: 33MB	plugin loading
time: 0.000; rss: 33MB	plugin registration
time: 0.002; rss: 37MB	expansion
time: 0.000; rss: 37MB	complete gated feature checking 1
time: 0.000; rss: 37MB	configuration 2
time: 0.000; rss: 37MB	maybe building test harness
time: 0.000; rss: 37MB	prelude injection
time: 0.000; rss: 37MB	checking that all macro invocations are gone
time: 0.000; rss: 37MB	complete gated feature checking 2
time: 0.000; rss: 37MB	assigning node ids and indexing ast
time: 0.000; rss: 37MB	external crate/lib resolution
time: 0.000; rss: 37MB	language item collection
time: 0.005; rss: 46MB	resolution
time: 0.000; rss: 46MB	lifetime resolution
time: 0.000; rss: 46MB	looking for entry point
time: 0.000; rss: 46MB	looking for plugin registrar
time: 0.000; rss: 46MB	region resolution
time: 0.000; rss: 46MB	loop checking
time: 0.000; rss: 46MB	static item recursion checking
time: 0.001; rss: 50MB	type collecting
time: 0.000; rss: 50MB	variance inference
time: 0.028; rss: 76MB	coherence checking
time: 0.001; rss: 76MB	wf checking (old)
time: 0.001; rss: 76MB	item-types checking
time: 0.016; rss: 78MB	item-bodies checking
time: 0.000; rss: 78MB	drop-impl checking
time: 0.001; rss: 78MB	wf checking (new)
time: 0.002; rss: 78MB	const checking
time: 0.000; rss: 78MB	privacy checking
time: 0.000; rss: 78MB	stability index
time: 0.000; rss: 78MB	intrinsic checking
time: 0.000; rss: 78MB	effect checking
time: 0.000; rss: 78MB	match checking
time: 0.000; rss: 78MB	liveness checking
time: 0.003; rss: 78MB	borrow checking
time: 0.001; rss: 78MB	rvalue checking
time: 0.000; rss: 78MB	reachability checking
time: 0.000; rss: 78MB	death checking
time: 0.000; rss: 78MB	stability checking
time: 0.000; rss: 78MB	unused lib feature checking
time: 0.001; rss: 78MB	lint checking
time: 0.000; rss: 78MB	resolving dependency formats
time: 0.018; rss: 95MB	translation
  time: 0.003; rss: 89MB	llvm function passes
  time: 0.007; rss: 89MB	llvm module passes
  time: 0.007; rss: 94MB	codegen passes
  time: 0.000; rss: 93MB	codegen passes
time: 0.019; rss: 93MB	LLVM passes
  time: 0.019; rss: 100MB	running linker
time: 0.021; rss: 98MB	linking
rustc: x86_64-unknown-linux-gnu/stage2/lib/rustlib/x86_64-unknown-linux-gnu/lib/libarena
time: 0.002; rss: 29MB	parsing
time: 0.001; rss: 34MB	configuration 1
time: 0.000; rss: 34MB	recursion limit
time: 0.000; rss: 34MB	gated macro checking
time: 0.000; rss: 34MB	crate injection
time: 0.003; rss: 36MB	macro loading
time: 0.000; rss: 36MB	plugin loading
time: 0.000; rss: 36MB	plugin registration
time: 0.003; rss: 38MB	expansion
time: 0.000; rss: 38MB	complete gated feature checking 1
time: 0.001; rss: 38MB	configuration 2
time: 0.000; rss: 38MB	maybe building test harness
time: 0.000; rss: 38MB	prelude injection
time: 0.000; rss: 38MB	checking that all macro invocations are gone
time: 0.000; rss: 38MB	complete gated feature checking 2
time: 0.000; rss: 38MB	assigning node ids and indexing ast
time: 0.000; rss: 38MB	external crate/lib resolution
time: 0.000; rss: 38MB	language item collection
time: 0.003; rss: 45MB	resolution
time: 0.000; rss: 45MB	lifetime resolution
time: 0.000; rss: 45MB	looking for entry point
time: 0.000; rss: 45MB	looking for plugin registrar
time: 0.000; rss: 45MB	region resolution
time: 0.000; rss: 45MB	loop checking
time: 0.000; rss: 45MB	static item recursion checking
time: 0.001; rss: 50MB	type collecting
time: 0.000; rss: 50MB	variance inference
time: 0.019; rss: 67MB	coherence checking
time: 0.001; rss: 67MB	wf checking (old)
time: 0.000; rss: 67MB	item-types checking
time: 0.079; rss: 89MB	item-bodies checking
time: 0.000; rss: 89MB	drop-impl checking
time: 0.001; rss: 89MB	wf checking (new)
time: 0.005; rss: 89MB	const checking
time: 0.000; rss: 89MB	privacy checking
time: 0.000; rss: 89MB	stability index
time: 0.000; rss: 89MB	intrinsic checking
time: 0.000; rss: 89MB	effect checking
time: 0.001; rss: 89MB	match checking
time: 0.000; rss: 89MB	liveness checking
time: 0.008; rss: 89MB	borrow checking
time: 0.004; rss: 89MB	rvalue checking
time: 0.000; rss: 89MB	reachability checking
time: 0.000; rss: 89MB	death checking
time: 0.000; rss: 89MB	stability checking
time: 0.000; rss: 89MB	unused lib feature checking
time: 0.004; rss: 89MB	lint checking
time: 0.000; rss: 89MB	resolving dependency formats
time: 0.051; rss: 106MB	translation
  time: 0.012; rss: 88MB	llvm function passes
  time: 0.076; rss: 89MB	llvm module passes
  time: 0.028; rss: 94MB	codegen passes
  time: 0.000; rss: 93MB	codegen passes
time: 0.120; rss: 93MB	LLVM passes
  time: 0.015; rss: 99MB	running linker
time: 0.018; rss: 97MB	linking
rustc: x86_64-unknown-linux-gnu/stage2/lib/rustlib/x86_64-unknown-linux-gnu/lib/liblog
time: 0.002; rss: 29MB	parsing
time: 0.001; rss: 33MB	configuration 1
time: 0.000; rss: 33MB	recursion limit
time: 0.000; rss: 33MB	gated macro checking
time: 0.000; rss: 33MB	crate injection
time: 0.002; rss: 33MB	macro loading
time: 0.000; rss: 33MB	plugin loading
time: 0.000; rss: 33MB	plugin registration
time: 0.005; rss: 37MB	expansion
time: 0.000; rss: 37MB	complete gated feature checking 1
time: 0.001; rss: 37MB	configuration 2
time: 0.000; rss: 37MB	maybe building test harness
time: 0.000; rss: 37MB	prelude injection
time: 0.000; rss: 37MB	checking that all macro invocations are gone
time: 0.000; rss: 37MB	complete gated feature checking 2
time: 0.000; rss: 37MB	assigning node ids and indexing ast
time: 0.000; rss: 37MB	external crate/lib resolution
time: 0.000; rss: 37MB	language item collection
time: 0.004; rss: 48MB	resolution
time: 0.000; rss: 48MB	lifetime resolution
time: 0.000; rss: 48MB	looking for entry point
time: 0.000; rss: 48MB	looking for plugin registrar
time: 0.000; rss: 48MB	region resolution
time: 0.000; rss: 48MB	loop checking
time: 0.000; rss: 48MB	static item recursion checking
time: 0.001; rss: 52MB	type collecting
time: 0.000; rss: 52MB	variance inference
time: 0.024; rss: 72MB	coherence checking
time: 0.001; rss: 72MB	wf checking (old)
time: 0.002; rss: 72MB	item-types checking
time: 0.092; rss: 91MB	item-bodies checking
time: 0.000; rss: 91MB	drop-impl checking
time: 0.001; rss: 91MB	wf checking (new)
time: 0.009; rss: 91MB	const checking
time: 0.000; rss: 91MB	privacy checking
time: 0.000; rss: 91MB	stability index
time: 0.000; rss: 91MB	intrinsic checking
time: 0.000; rss: 91MB	effect checking
time: 0.001; rss: 91MB	match checking
time: 0.000; rss: 91MB	liveness checking
time: 0.009; rss: 91MB	borrow checking
time: 0.004; rss: 91MB	rvalue checking
time: 0.000; rss: 91MB	reachability checking
time: 0.000; rss: 91MB	death checking
time: 0.001; rss: 91MB	stability checking
time: 0.000; rss: 91MB	unused lib feature checking
time: 0.002; rss: 91MB	lint checking
time: 0.000; rss: 91MB	resolving dependency formats
time: 0.118; rss: 117MB	translation
  time: 0.032; rss: 92MB	llvm function passes
  time: 0.436; rss: 96MB	llvm module passes
  time: 0.097; rss: 100MB	codegen passes
  time: 0.000; rss: 100MB	codegen passes
time: 0.572; rss: 100MB	LLVM passes
  time: 0.018; rss: 106MB	running linker
time: 0.023; rss: 104MB	linking
rustc: x86_64-unknown-linux-gnu/stage2/lib/rustlib/x86_64-unknown-linux-gnu/lib/libterm
time: 0.007; rss: 35MB	parsing
time: 0.002; rss: 35MB	configuration 1
time: 0.000; rss: 35MB	recursion limit
time: 0.000; rss: 35MB	gated macro checking
time: 0.000; rss: 35MB	crate injection
time: 0.003; rss: 38MB	macro loading
time: 0.000; rss: 38MB	plugin loading
time: 0.000; rss: 38MB	plugin registration
time: 0.020; rss: 39MB	expansion
time: 0.000; rss: 39MB	complete gated feature checking 1
time: 0.003; rss: 39MB	configuration 2
time: 0.001; rss: 39MB	maybe building test harness
time: 0.001; rss: 39MB	prelude injection
time: 0.000; rss: 39MB	checking that all macro invocations are gone
time: 0.000; rss: 39MB	complete gated feature checking 2
time: 0.002; rss: 40MB	assigning node ids and indexing ast
time: 0.000; rss: 40MB	external crate/lib resolution
time: 0.000; rss: 40MB	language item collection
time: 0.007; rss: 53MB	resolution
time: 0.000; rss: 53MB	lifetime resolution
time: 0.000; rss: 53MB	looking for entry point
time: 0.000; rss: 53MB	looking for plugin registrar
time: 0.001; rss: 54MB	region resolution
time: 0.000; rss: 54MB	loop checking
time: 0.000; rss: 54MB	static item recursion checking
time: 0.002; rss: 56MB	type collecting
time: 0.000; rss: 56MB	variance inference
time: 0.022; rss: 76MB	coherence checking
time: 0.002; rss: 76MB	wf checking (old)
time: 0.016; rss: 78MB	item-types checking
time: 0.194; rss: 101MB	item-bodies checking
time: 0.000; rss: 101MB	drop-impl checking
time: 0.004; rss: 101MB	wf checking (new)
time: 0.028; rss: 101MB	const checking
time: 0.001; rss: 101MB	privacy checking
time: 0.000; rss: 101MB	stability index
time: 0.000; rss: 101MB	intrinsic checking
time: 0.000; rss: 101MB	effect checking
time: 0.004; rss: 101MB	match checking
time: 0.001; rss: 103MB	liveness checking
time: 0.047; rss: 103MB	borrow checking
time: 0.022; rss: 103MB	rvalue checking
time: 0.000; rss: 103MB	reachability checking
time: 0.001; rss: 103MB	death checking
time: 0.002; rss: 103MB	stability checking
time: 0.000; rss: 103MB	unused lib feature checking
time: 0.006; rss: 103MB	lint checking
time: 0.000; rss: 103MB	resolving dependency formats
time: 0.279; rss: 140MB	translation
  time: 0.082; rss: 104MB	llvm function passes
  time: 1.282; rss: 108MB	llvm module passes
  time: 0.493; rss: 117MB	codegen passes
  time: 0.001; rss: 116MB	codegen passes
time: 1.884; rss: 116MB	LLVM passes
  time: 0.026; rss: 118MB	running linker
time: 0.044; rss: 116MB	linking
rustc: x86_64-unknown-linux-gnu/stage2/lib/rustlib/x86_64-unknown-linux-gnu/lib/libserialize
time: 0.018; rss: 39MB	parsing
time: 0.006; rss: 38MB	configuration 1
time: 0.000; rss: 38MB	recursion limit
time: 0.000; rss: 38MB	gated macro checking
time: 0.000; rss: 38MB	crate injection
time: 0.003; rss: 40MB	macro loading
time: 0.000; rss: 40MB	plugin loading
time: 0.000; rss: 40MB	plugin registration
time: 0.073; rss: 45MB	expansion
time: 0.002; rss: 45MB	complete gated feature checking 1
time: 0.013; rss: 45MB	configuration 2
time: 0.007; rss: 45MB	maybe building test harness
time: 0.006; rss: 45MB	prelude injection
time: 0.000; rss: 45MB	checking that all macro invocations are gone
time: 0.001; rss: 45MB	complete gated feature checking 2
time: 0.007; rss: 48MB	assigning node ids and indexing ast
time: 0.001; rss: 48MB	external crate/lib resolution
time: 0.001; rss: 48MB	language item collection
time: 0.024; rss: 68MB	resolution
time: 0.001; rss: 68MB	lifetime resolution
time: 0.000; rss: 68MB	looking for entry point
time: 0.000; rss: 68MB	looking for plugin registrar
time: 0.006; rss: 71MB	region resolution
time: 0.001; rss: 71MB	loop checking
time: 0.000; rss: 71MB	static item recursion checking
time: 0.008; rss: 74MB	type collecting
time: 0.001; rss: 74MB	variance inference
time: 0.073; rss: 105MB	coherence checking
time: 0.018; rss: 105MB	wf checking (old)
time: 0.021; rss: 105MB	item-types checking
time: 0.872; rss: 128MB	item-bodies checking
time: 0.000; rss: 128MB	drop-impl checking
time: 0.062; rss: 128MB	wf checking (new)
time: 0.209; rss: 128MB	const checking
time: 0.005; rss: 128MB	privacy checking
time: 0.000; rss: 128MB	stability index
time: 0.003; rss: 128MB	intrinsic checking
time: 0.001; rss: 128MB	effect checking
time: 0.055; rss: 133MB	match checking
time: 0.005; rss: 133MB	liveness checking
time: 0.409; rss: 133MB	borrow checking
time: 0.249; rss: 133MB	rvalue checking
time: 0.002; rss: 133MB	reachability checking
time: 0.004; rss: 133MB	death checking
time: 0.007; rss: 133MB	stability checking
time: 0.000; rss: 133MB	unused lib feature checking
time: 0.029; rss: 133MB	lint checking
time: 0.000; rss: 133MB	resolving dependency formats
time: 0.444; rss: 175MB	translation
  time: 0.103; rss: 113MB	llvm function passes
  time: 2.610; rss: 116MB	llvm module passes
  time: 0.523; rss: 122MB	codegen passes
  time: 0.001; rss: 120MB	codegen passes
time: 3.267; rss: 120MB	LLVM passes
  time: 0.028; rss: 122MB	running linker
time: 0.050; rss: 122MB	linking
rustc: x86_64-unknown-linux-gnu/stage2/lib/rustlib/x86_64-unknown-linux-gnu/lib/libgetopts
time: 0.005; rss: 35MB	parsing
time: 0.001; rss: 35MB	configuration 1
time: 0.000; rss: 35MB	recursion limit
time: 0.000; rss: 35MB	gated macro checking
time: 0.000; rss: 35MB	crate injection
time: 0.003; rss: 37MB	macro loading
time: 0.000; rss: 37MB	plugin loading
time: 0.000; rss: 37MB	plugin registration
time: 0.012; rss: 39MB	expansion
time: 0.000; rss: 39MB	complete gated feature checking 1
time: 0.002; rss: 39MB	configuration 2
time: 0.001; rss: 39MB	maybe building test harness
time: 0.001; rss: 39MB	prelude injection
time: 0.000; rss: 39MB	checking that all macro invocations are gone
time: 0.000; rss: 39MB	complete gated feature checking 2
time: 0.001; rss: 39MB	assigning node ids and indexing ast
time: 0.000; rss: 39MB	external crate/lib resolution
time: 0.000; rss: 39MB	language item collection
time: 0.005; rss: 47MB	resolution
time: 0.000; rss: 47MB	lifetime resolution
time: 0.000; rss: 47MB	looking for entry point
time: 0.000; rss: 47MB	looking for plugin registrar
time: 0.001; rss: 50MB	region resolution
time: 0.000; rss: 50MB	loop checking
time: 0.000; rss: 50MB	static item recursion checking
time: 0.001; rss: 50MB	type collecting
time: 0.000; rss: 50MB	variance inference
time: 0.022; rss: 72MB	coherence checking
time: 0.002; rss: 72MB	wf checking (old)
time: 0.002; rss: 72MB	item-types checking
time: 0.139; rss: 92MB	item-bodies checking
time: 0.000; rss: 92MB	drop-impl checking
time: 0.003; rss: 92MB	wf checking (new)
time: 0.014; rss: 94MB	const checking
time: 0.001; rss: 94MB	privacy checking
time: 0.000; rss: 94MB	stability index
time: 0.000; rss: 94MB	intrinsic checking
time: 0.000; rss: 94MB	effect checking
time: 0.002; rss: 94MB	match checking
time: 0.001; rss: 94MB	liveness checking
time: 0.025; rss: 94MB	borrow checking
time: 0.011; rss: 94MB	rvalue checking
time: 0.000; rss: 94MB	reachability checking
time: 0.000; rss: 94MB	death checking
time: 0.001; rss: 94MB	stability checking
time: 0.000; rss: 94MB	unused lib feature checking
time: 0.005; rss: 94MB	lint checking
time: 0.000; rss: 94MB	resolving dependency formats
time: 0.202; rss: 123MB	translation
  time: 0.060; rss: 97MB	llvm function passes
  time: 0.976; rss: 101MB	llvm module passes
  time: 0.382; rss: 108MB	codegen passes
  time: 0.001; rss: 107MB	codegen passes
time: 1.437; rss: 107MB	LLVM passes
  time: 0.022; rss: 111MB	running linker
time: 0.034; rss: 111MB	linking
rustc: x86_64-unknown-linux-gnu/stage2/lib/rustlib/x86_64-unknown-linux-gnu/lib/librbml
time: 0.005; rss: 35MB	parsing
time: 0.002; rss: 35MB	configuration 1
time: 0.000; rss: 35MB	recursion limit
time: 0.000; rss: 35MB	gated macro checking
time: 0.000; rss: 35MB	crate injection
time: 0.003; rss: 38MB	macro loading
time: 0.000; rss: 38MB	plugin loading
time: 0.000; rss: 38MB	plugin registration
time: 0.021; rss: 40MB	expansion
time: 0.000; rss: 40MB	complete gated feature checking 1
time: 0.003; rss: 40MB	configuration 2
time: 0.002; rss: 40MB	maybe building test harness
time: 0.002; rss: 40MB	prelude injection
time: 0.000; rss: 40MB	checking that all macro invocations are gone
time: 0.000; rss: 40MB	complete gated feature checking 2
time: 0.002; rss: 40MB	assigning node ids and indexing ast
time: 0.000; rss: 40MB	external crate/lib resolution
time: 0.000; rss: 40MB	language item collection
time: 0.006; rss: 51MB	resolution
time: 0.000; rss: 52MB	lifetime resolution
time: 0.000; rss: 52MB	looking for entry point
time: 0.000; rss: 52MB	looking for plugin registrar
time: 0.001; rss: 54MB	region resolution
time: 0.000; rss: 54MB	loop checking
time: 0.000; rss: 54MB	static item recursion checking
time: 0.002; rss: 57MB	type collecting
time: 0.000; rss: 57MB	variance inference
time: 0.054; rss: 88MB	coherence checking
time: 0.002; rss: 88MB	wf checking (old)
time: 0.011; rss: 88MB	item-types checking
time: 0.161; rss: 100MB	item-bodies checking
time: 0.000; rss: 100MB	drop-impl checking
time: 0.009; rss: 100MB	wf checking (new)
time: 0.045; rss: 102MB	const checking
time: 0.001; rss: 102MB	privacy checking
time: 0.000; rss: 102MB	stability index
time: 0.001; rss: 102MB	intrinsic checking
time: 0.000; rss: 102MB	effect checking
time: 0.007; rss: 102MB	match checking
time: 0.001; rss: 102MB	liveness checking
time: 0.080; rss: 102MB	borrow checking
time: 0.043; rss: 102MB	rvalue checking
time: 0.000; rss: 102MB	reachability checking
time: 0.001; rss: 102MB	death checking
time: 0.002; rss: 102MB	stability checking
time: 0.000; rss: 102MB	unused lib feature checking
time: 0.007; rss: 102MB	lint checking
time: 0.000; rss: 102MB	resolving dependency formats
time: 0.100; rss: 125MB	translation
  time: 0.025; rss: 97MB	llvm function passes
  time: 0.223; rss: 100MB	llvm module passes
  time: 0.116; rss: 103MB	codegen passes
  time: 0.000; rss: 102MB	codegen passes
time: 0.371; rss: 102MB	LLVM passes
  time: 0.023; rss: 108MB	running linker
time: 0.028; rss: 106MB	linking
rustc: x86_64-unknown-linux-gnu/stage2/lib/rustlib/x86_64-unknown-linux-gnu/lib/libtest
time: 0.007; rss: 35MB	parsing
time: 0.002; rss: 35MB	configuration 1
time: 0.000; rss: 35MB	recursion limit
time: 0.000; rss: 35MB	gated macro checking
time: 0.000; rss: 35MB	crate injection
time: 0.002; rss: 37MB	macro loading
time: 0.000; rss: 37MB	plugin loading
time: 0.000; rss: 37MB	plugin registration
time: 0.016; rss: 39MB	expansion
time: 0.000; rss: 39MB	complete gated feature checking 1
time: 0.003; rss: 39MB	configuration 2
time: 0.002; rss: 39MB	maybe building test harness
time: 0.001; rss: 39MB	prelude injection
time: 0.000; rss: 39MB	checking that all macro invocations are gone
time: 0.000; rss: 39MB	complete gated feature checking 2
time: 0.002; rss: 39MB	assigning node ids and indexing ast
time: 0.001; rss: 39MB	external crate/lib resolution
time: 0.000; rss: 39MB	language item collection
time: 0.010; rss: 55MB	resolution
time: 0.000; rss: 55MB	lifetime resolution
time: 0.000; rss: 55MB	looking for entry point
time: 0.000; rss: 55MB	looking for plugin registrar
time: 0.001; rss: 57MB	region resolution
time: 0.000; rss: 57MB	loop checking
time: 0.000; rss: 57MB	static item recursion checking
time: 0.003; rss: 60MB	type collecting
time: 0.000; rss: 60MB	variance inference
time: 0.027; rss: 78MB	coherence checking
time: 0.002; rss: 78MB	wf checking (old)
time: 0.004; rss: 78MB	item-types checking
time: 0.210; rss: 107MB	item-bodies checking
time: 0.000; rss: 107MB	drop-impl checking
time: 0.007; rss: 107MB	wf checking (new)
time: 0.031; rss: 107MB	const checking
time: 0.001; rss: 107MB	privacy checking
time: 0.000; rss: 107MB	stability index
time: 0.001; rss: 107MB	intrinsic checking
time: 0.000; rss: 107MB	effect checking
time: 0.006; rss: 107MB	match checking
time: 0.001; rss: 107MB	liveness checking
time: 0.056; rss: 107MB	borrow checking
time: 0.028; rss: 107MB	rvalue checking
time: 0.000; rss: 107MB	reachability checking
time: 0.001; rss: 107MB	death checking
time: 0.002; rss: 107MB	stability checking
time: 0.000; rss: 107MB	unused lib feature checking
time: 0.008; rss: 107MB	lint checking
time: 0.000; rss: 107MB	resolving dependency formats
time: 0.470; rss: 155MB	translation
  time: 0.140; rss: 115MB	llvm function passes
  time: 2.721; rss: 119MB	llvm module passes
  time: 0.829; rss: 125MB	codegen passes
  time: 0.001; rss: 123MB	codegen passes
time: 3.740; rss: 123MB	LLVM passes
  time: 0.025; rss: 129MB	running linker
time: 0.056; rss: 126MB	linking
rustc: x86_64-unknown-linux-gnu/stage2/lib/rustlib/x86_64-unknown-linux-gnu/lib/libgraphviz
time: 0.002; rss: 29MB	parsing
time: 0.001; rss: 33MB	configuration 1
time: 0.000; rss: 33MB	recursion limit
time: 0.000; rss: 33MB	gated macro checking
time: 0.000; rss: 33MB	crate injection
time: 0.002; rss: 35MB	macro loading
time: 0.000; rss: 35MB	plugin loading
time: 0.000; rss: 35MB	plugin registration
time: 0.004; rss: 36MB	expansion
time: 0.000; rss: 36MB	complete gated feature checking 1
time: 0.001; rss: 36MB	configuration 2
time: 0.000; rss: 36MB	maybe building test harness
time: 0.000; rss: 36MB	prelude injection
time: 0.000; rss: 36MB	checking that all macro invocations are gone
time: 0.000; rss: 36MB	complete gated feature checking 2
time: 0.000; rss: 36MB	assigning node ids and indexing ast
time: 0.000; rss: 36MB	external crate/lib resolution
time: 0.000; rss: 36MB	language item collection
time: 0.003; rss: 48MB	resolution
time: 0.000; rss: 48MB	lifetime resolution
time: 0.000; rss: 48MB	looking for entry point
time: 0.000; rss: 48MB	looking for plugin registrar
time: 0.000; rss: 48MB	region resolution
time: 0.000; rss: 48MB	loop checking
time: 0.000; rss: 48MB	static item recursion checking
time: 0.001; rss: 48MB	type collecting
time: 0.000; rss: 48MB	variance inference
time: 0.021; rss: 72MB	coherence checking
time: 0.001; rss: 72MB	wf checking (old)
time: 0.001; rss: 72MB	item-types checking
time: 0.080; rss: 89MB	item-bodies checking
time: 0.000; rss: 89MB	drop-impl checking
time: 0.003; rss: 89MB	wf checking (new)
time: 0.006; rss: 89MB	const checking
time: 0.000; rss: 89MB	privacy checking
time: 0.000; rss: 89MB	stability index
time: 0.000; rss: 89MB	intrinsic checking
time: 0.000; rss: 89MB	effect checking
time: 0.002; rss: 89MB	match checking
time: 0.000; rss: 89MB	liveness checking
time: 0.011; rss: 89MB	borrow checking
time: 0.006; rss: 89MB	rvalue checking
time: 0.000; rss: 89MB	reachability checking
time: 0.000; rss: 89MB	death checking
time: 0.000; rss: 89MB	stability checking
time: 0.000; rss: 89MB	unused lib feature checking
time: 0.002; rss: 89MB	lint checking
time: 0.000; rss: 89MB	resolving dependency formats
time: 0.054; rss: 108MB	translation
  time: 0.012; rss: 88MB	llvm function passes
  time: 0.080; rss: 89MB	llvm module passes
  time: 0.026; rss: 94MB	codegen passes
  time: 0.000; rss: 93MB	codegen passes
time: 0.121; rss: 93MB	LLVM passes
  time: 0.019; rss: 99MB	running linker
time: 0.022; rss: 97MB	linking
rustc: x86_64-unknown-linux-gnu/stage2/lib/rustlib/x86_64-unknown-linux-gnu/lib/libfmt_macros
time: 0.002; rss: 29MB	parsing
time: 0.000; rss: 33MB	configuration 1
time: 0.000; rss: 33MB	recursion limit
time: 0.000; rss: 33MB	gated macro checking
time: 0.000; rss: 33MB	crate injection
time: 0.002; rss: 36MB	macro loading
time: 0.000; rss: 36MB	plugin loading
time: 0.000; rss: 36MB	plugin registration
time: 0.005; rss: 37MB	expansion
time: 0.000; rss: 37MB	complete gated feature checking 1
time: 0.001; rss: 37MB	configuration 2
time: 0.001; rss: 37MB	maybe building test harness
time: 0.000; rss: 37MB	prelude injection
time: 0.000; rss: 37MB	checking that all macro invocations are gone
time: 0.000; rss: 37MB	complete gated feature checking 2
time: 0.001; rss: 37MB	assigning node ids and indexing ast
time: 0.000; rss: 37MB	external crate/lib resolution
time: 0.000; rss: 37MB	language item collection
time: 0.003; rss: 44MB	resolution
time: 0.000; rss: 44MB	lifetime resolution
time: 0.000; rss: 44MB	looking for entry point
time: 0.000; rss: 44MB	looking for plugin registrar
time: 0.000; rss: 46MB	region resolution
time: 0.000; rss: 46MB	loop checking
time: 0.000; rss: 46MB	static item recursion checking
time: 0.001; rss: 46MB	type collecting
time: 0.000; rss: 46MB	variance inference
time: 0.057; rss: 79MB	coherence checking
time: 0.001; rss: 79MB	wf checking (old)
time: 0.001; rss: 79MB	item-types checking
time: 0.041; rss: 88MB	item-bodies checking
time: 0.000; rss: 88MB	drop-impl checking
time: 0.001; rss: 88MB	wf checking (new)
time: 0.006; rss: 88MB	const checking
time: 0.000; rss: 88MB	privacy checking
time: 0.000; rss: 88MB	stability index
time: 0.000; rss: 88MB	intrinsic checking
time: 0.000; rss: 88MB	effect checking
time: 0.001; rss: 88MB	match checking
time: 0.000; rss: 88MB	liveness checking
time: 0.010; rss: 88MB	borrow checking
time: 0.005; rss: 88MB	rvalue checking
time: 0.000; rss: 88MB	reachability checking
time: 0.000; rss: 88MB	death checking
time: 0.000; rss: 88MB	stability checking
time: 0.000; rss: 88MB	unused lib feature checking
time: 0.002; rss: 88MB	lint checking
time: 0.000; rss: 88MB	resolving dependency formats
time: 0.070; rss: 110MB	translation
  time: 0.018; rss: 90MB	llvm function passes
  time: 0.253; rss: 94MB	llvm module passes
  time: 0.093; rss: 99MB	codegen passes
  time: 0.000; rss: 99MB	codegen passes
time: 0.370; rss: 99MB	LLVM passes
  time: 0.019; rss: 105MB	running linker
time: 0.024; rss: 103MB	linking
rustc: x86_64-unknown-linux-gnu/stage2/lib/rustlib/x86_64-unknown-linux-gnu/lib/libsyntax
time: 0.118; rss: 71MB	parsing
time: 0.041; rss: 71MB	configuration 1
time: 0.000; rss: 71MB	recursion limit
time: 0.003; rss: 71MB	gated macro checking
time: 0.000; rss: 71MB	crate injection
time: 0.006; rss: 72MB	macro loading
time: 0.000; rss: 72MB	plugin loading
time: 0.000; rss: 72MB	plugin registration
time: 0.609; rss: 107MB	expansion
time: 0.018; rss: 107MB	complete gated feature checking 1
time: 0.113; rss: 107MB	configuration 2
time: 0.059; rss: 107MB	maybe building test harness
time: 0.054; rss: 107MB	prelude injection
time: 0.009; rss: 107MB	checking that all macro invocations are gone
time: 0.019; rss: 107MB	complete gated feature checking 2
time: 0.071; rss: 117MB	assigning node ids and indexing ast
time: 0.010; rss: 117MB	external crate/lib resolution
time: 0.018; rss: 117MB	language item collection
time: 0.221; rss: 160MB	resolution
time: 0.015; rss: 154MB	lifetime resolution
time: 0.000; rss: 154MB	looking for entry point
time: 0.009; rss: 154MB	looking for plugin registrar
time: 0.081; rss: 188MB	region resolution
time: 0.009; rss: 188MB	loop checking
time: 0.009; rss: 188MB	static item recursion checking
time: 0.053; rss: 189MB	type collecting
time: 0.018; rss: 189MB	variance inference
time: 0.145; rss: 225MB	coherence checking
time: 0.056; rss: 229MB	wf checking (old)
time: 0.091; rss: 229MB	item-types checking
time: 7.979; rss: 336MB	item-bodies checking
time: 0.000; rss: 336MB	drop-impl checking
time: 0.417; rss: 336MB	wf checking (new)
time: 1.617; rss: 353MB	const checking
time: 0.086; rss: 353MB	privacy checking
time: 0.002; rss: 353MB	stability index
time: 0.026; rss: 353MB	intrinsic checking
time: 0.022; rss: 353MB	effect checking
time: 0.377; rss: 353MB	match checking
time: 0.061; rss: 357MB	liveness checking
time: 3.187; rss: 357MB	borrow checking
time: 1.745; rss: 357MB	rvalue checking
time: 0.025; rss: 357MB	reachability checking
time: 0.064; rss: 357MB	death checking
time: 0.068; rss: 357MB	stability checking
time: 0.000; rss: 357MB	unused lib feature checking
time: 0.263; rss: 357MB	lint checking
time: 0.000; rss: 357MB	resolving dependency formats
time: 6.334; rss: 714MB	translation
  time: 2.140; rss: 407MB	llvm function passes
  time: 46.195; rss: 472MB	llvm module passes
  time: 16.789; rss: 509MB	codegen passes
  time: 0.003; rss: 477MB	codegen passes
time: 66.432; rss: 477MB	LLVM passes
  time: 0.130; rss: 479MB	running linker
time: 0.676; rss: 478MB	linking
rustc: x86_64-unknown-linux-gnu/stage2/lib/rustlib/x86_64-unknown-linux-gnu/lib/librustc_llvm
time: 0.007; rss: 36MB	parsing
time: 0.001; rss: 36MB	configuration 1
time: 0.000; rss: 36MB	recursion limit
time: 0.000; rss: 36MB	gated macro checking
time: 0.000; rss: 36MB	crate injection
time: 0.003; rss: 39MB	macro loading
time: 0.000; rss: 39MB	plugin loading
time: 0.000; rss: 39MB	plugin registration
time: 0.014; rss: 41MB	expansion
time: 0.000; rss: 41MB	complete gated feature checking 1
time: 0.003; rss: 41MB	configuration 2
time: 0.001; rss: 41MB	maybe building test harness
time: 0.002; rss: 41MB	prelude injection
time: 0.000; rss: 41MB	checking that all macro invocations are gone
time: 0.000; rss: 41MB	complete gated feature checking 2
time: 0.002; rss: 41MB	assigning node ids and indexing ast
time: 0.000; rss: 41MB	external crate/lib resolution
time: 0.000; rss: 41MB	language item collection
time: 0.009; rss: 55MB	resolution
time: 0.000; rss: 55MB	lifetime resolution
time: 0.000; rss: 55MB	looking for entry point
time: 0.000; rss: 55MB	looking for plugin registrar
time: 0.001; rss: 55MB	region resolution
time: 0.000; rss: 55MB	loop checking
time: 0.000; rss: 55MB	static item recursion checking
time: 0.003; rss: 57MB	type collecting
time: 0.000; rss: 57MB	variance inference
time: 0.068; rss: 91MB	coherence checking
time: 0.003; rss: 91MB	wf checking (old)
time: 0.012; rss: 93MB	item-types checking
time: 0.092; rss: 99MB	item-bodies checking
time: 0.000; rss: 99MB	drop-impl checking
time: 0.004; rss: 99MB	wf checking (new)
time: 0.011; rss: 99MB	const checking
time: 0.001; rss: 99MB	privacy checking
time: 0.000; rss: 99MB	stability index
time: 0.000; rss: 99MB	intrinsic checking
time: 0.000; rss: 99MB	effect checking
time: 0.002; rss: 99MB	match checking
time: 0.000; rss: 99MB	liveness checking
time: 0.016; rss: 99MB	borrow checking
time: 0.007; rss: 99MB	rvalue checking
time: 0.000; rss: 99MB	reachability checking
time: 0.001; rss: 99MB	death checking
time: 0.001; rss: 99MB	stability checking
time: 0.000; rss: 99MB	unused lib feature checking
time: 0.006; rss: 99MB	lint checking
time: 0.000; rss: 99MB	resolving dependency formats
time: 0.096; rss: 120MB	translation
  time: 0.020; rss: 95MB	llvm function passes
  time: 0.093; rss: 97MB	llvm module passes
  time: 0.052; rss: 101MB	codegen passes
  time: 0.000; rss: 100MB	codegen passes
time: 0.169; rss: 100MB	LLVM passes
  time: 1.409; rss: 104MB	running linker
time: 1.466; rss: 105MB	linking
rustc: x86_64-unknown-linux-gnu/stage2/lib/rustlib/x86_64-unknown-linux-gnu/lib/librustc_back
time: 0.007; rss: 31MB	parsing
time: 0.002; rss: 35MB	configuration 1
time: 0.000; rss: 35MB	recursion limit
time: 0.000; rss: 35MB	gated macro checking
time: 0.000; rss: 35MB	crate injection
time: 0.003; rss: 35MB	macro loading
time: 0.000; rss: 35MB	plugin loading
time: 0.000; rss: 35MB	plugin registration
time: 0.029; rss: 42MB	expansion
time: 0.000; rss: 42MB	complete gated feature checking 1
time: 0.004; rss: 42MB	configuration 2
time: 0.002; rss: 42MB	maybe building test harness
time: 0.002; rss: 42MB	prelude injection
time: 0.000; rss: 42MB	checking that all macro invocations are gone
time: 0.000; rss: 42MB	complete gated feature checking 2
time: 0.002; rss: 42MB	assigning node ids and indexing ast
time: 0.003; rss: 72MB	external crate/lib resolution
time: 0.000; rss: 76MB	language item collection
time: 0.017; rss: 105MB	resolution
time: 0.000; rss: 105MB	lifetime resolution
time: 0.000; rss: 105MB	looking for entry point
time: 0.000; rss: 105MB	looking for plugin registrar
time: 0.002; rss: 105MB	region resolution
time: 0.000; rss: 105MB	loop checking
time: 0.000; rss: 105MB	static item recursion checking
time: 0.004; rss: 107MB	type collecting
time: 0.000; rss: 107MB	variance inference
time: 0.033; rss: 128MB	coherence checking
time: 0.002; rss: 128MB	wf checking (old)
time: 0.012; rss: 132MB	item-types checking
time: 0.356; rss: 163MB	item-bodies checking
time: 0.000; rss: 163MB	drop-impl checking
time: 0.005; rss: 163MB	wf checking (new)
time: 0.048; rss: 163MB	const checking
time: 0.002; rss: 163MB	privacy checking
time: 0.000; rss: 163MB	stability index
time: 0.001; rss: 163MB	intrinsic checking
time: 0.000; rss: 163MB	effect checking
time: 0.004; rss: 163MB	match checking
time: 0.002; rss: 165MB	liveness checking
time: 0.078; rss: 165MB	borrow checking
time: 0.037; rss: 167MB	rvalue checking
time: 0.000; rss: 167MB	reachability checking
time: 0.001; rss: 167MB	death checking
time: 0.003; rss: 167MB	stability checking
time: 0.000; rss: 167MB	unused lib feature checking
time: 0.012; rss: 167MB	lint checking
time: 0.000; rss: 167MB	resolving dependency formats
time: 0.576; rss: 230MB	translation
  time: 0.163; rss: 167MB	llvm function passes
  time: 2.809; rss: 173MB	llvm module passes
  time: 0.921; rss: 187MB	codegen passes
  time: 0.001; rss: 175MB	codegen passes
time: 3.965; rss: 175MB	LLVM passes
  time: 0.039; rss: 177MB	running linker
time: 0.078; rss: 175MB	linking
rustc: x86_64-unknown-linux-gnu/stage2/lib/rustlib/x86_64-unknown-linux-gnu/lib/librustc_data_structures
time: 0.005; rss: 31MB	parsing
time: 0.001; rss: 35MB	configuration 1
time: 0.000; rss: 35MB	recursion limit
time: 0.000; rss: 35MB	gated macro checking
time: 0.000; rss: 35MB	crate injection
time: 0.003; rss: 38MB	macro loading
time: 0.000; rss: 38MB	plugin loading
time: 0.000; rss: 38MB	plugin registration
time: 0.009; rss: 39MB	expansion
time: 0.000; rss: 39MB	complete gated feature checking 1
time: 0.002; rss: 39MB	configuration 2
time: 0.001; rss: 39MB	maybe building test harness
time: 0.001; rss: 39MB	prelude injection
time: 0.000; rss: 39MB	checking that all macro invocations are gone
time: 0.000; rss: 39MB	complete gated feature checking 2
time: 0.001; rss: 39MB	assigning node ids and indexing ast
time: 0.000; rss: 39MB	external crate/lib resolution
time: 0.000; rss: 39MB	language item collection
time: 0.006; rss: 49MB	resolution
time: 0.000; rss: 49MB	lifetime resolution
time: 0.000; rss: 49MB	looking for entry point
time: 0.000; rss: 49MB	looking for plugin registrar
time: 0.000; rss: 49MB	region resolution
time: 0.000; rss: 49MB	loop checking
time: 0.000; rss: 49MB	static item recursion checking
time: 0.002; rss: 53MB	type collecting
time: 0.000; rss: 53MB	variance inference
time: 0.062; rss: 87MB	coherence checking
time: 0.008; rss: 87MB	wf checking (old)
time: 0.005; rss: 89MB	item-types checking
time: 0.146; rss: 99MB	item-bodies checking
time: 0.000; rss: 99MB	drop-impl checking
time: 0.080; rss: 99MB	wf checking (new)
time: 0.022; rss: 99MB	const checking
time: 0.001; rss: 99MB	privacy checking
time: 0.000; rss: 99MB	stability index
time: 0.001; rss: 99MB	intrinsic checking
time: 0.000; rss: 99MB	effect checking
time: 0.007; rss: 99MB	match checking
time: 0.000; rss: 99MB	liveness checking
time: 0.042; rss: 99MB	borrow checking
time: 0.025; rss: 99MB	rvalue checking
time: 0.000; rss: 99MB	reachability checking
time: 0.000; rss: 99MB	death checking
time: 0.001; rss: 99MB	stability checking
time: 0.000; rss: 99MB	unused lib feature checking
time: 0.008; rss: 99MB	lint checking
time: 0.000; rss: 99MB	resolving dependency formats
time: 0.056; rss: 117MB	translation
  time: 0.005; rss: 94MB	llvm function passes
  time: 0.023; rss: 95MB	llvm module passes
  time: 0.008; rss: 99MB	codegen passes
  time: 0.000; rss: 98MB	codegen passes
time: 0.038; rss: 98MB	LLVM passes
  time: 0.021; rss: 105MB	running linker
time: 0.023; rss: 103MB	linking
rustc: x86_64-unknown-linux-gnu/stage2/lib/rustlib/x86_64-unknown-linux-gnu/lib/librustc
time: 0.167; rss: 84MB	parsing
time: 0.060; rss: 86MB	configuration 1
time: 0.000; rss: 86MB	recursion limit
time: 0.004; rss: 86MB	gated macro checking
time: 0.000; rss: 86MB	crate injection
time: 0.008; rss: 87MB	macro loading
time: 0.000; rss: 87MB	plugin loading
time: 0.000; rss: 87MB	plugin registration
time: 0.821; rss: 122MB	expansion
time: 0.024; rss: 122MB	complete gated feature checking 1
time: 0.142; rss: 122MB	configuration 2
time: 0.073; rss: 122MB	maybe building test harness
time: 0.068; rss: 122MB	prelude injection
time: 0.011; rss: 122MB	checking that all macro invocations are gone
time: 0.024; rss: 122MB	complete gated feature checking 2
time: 0.089; rss: 133MB	assigning node ids and indexing ast
time: 0.014; rss: 165MB	external crate/lib resolution
time: 0.022; rss: 165MB	language item collection
time: 0.263; rss: 247MB	resolution
time: 0.020; rss: 241MB	lifetime resolution
time: 0.000; rss: 241MB	looking for entry point
time: 0.011; rss: 241MB	looking for plugin registrar
time: 0.092; rss: 278MB	region resolution
time: 0.011; rss: 278MB	loop checking
time: 0.012; rss: 278MB	static item recursion checking
time: 0.074; rss: 281MB	type collecting
time: 0.024; rss: 281MB	variance inference
time: 0.182; rss: 322MB	coherence checking
time: 0.119; rss: 328MB	wf checking (old)
time: 0.229; rss: 336MB	item-types checking
time: 7.181; rss: 500MB	item-bodies checking
time: 0.000; rss: 500MB	drop-impl checking
time: 0.315; rss: 500MB	wf checking (new)
time: 1.950; rss: 523MB	const checking
time: 0.105; rss: 523MB	privacy checking
time: 0.002; rss: 523MB	stability index
time: 0.033; rss: 523MB	intrinsic checking
time: 0.024; rss: 523MB	effect checking
time: 0.360; rss: 523MB	match checking
time: 0.059; rss: 525MB	liveness checking
time: 3.180; rss: 525MB	borrow checking
time: 1.765; rss: 525MB	rvalue checking
time: 0.030; rss: 525MB	reachability checking
time: 0.075; rss: 525MB	death checking
time: 0.088; rss: 525MB	stability checking
time: 0.000; rss: 525MB	unused lib feature checking
time: 0.337; rss: 525MB	lint checking
time: 0.000; rss: 525MB	resolving dependency formats
time: 13.310; rss: 1207MB	translation
  time: 4.210; rss: 738MB	llvm function passes
  time: 88.002; rss: 849MB	llvm module passes
  time: 24.555; rss: 873MB	codegen passes
  time: 0.003; rss: 755MB	codegen passes
time: 119.024; rss: 755MB	LLVM passes
  time: 0.236; rss: 757MB	running linker
time: 1.134; rss: 753MB	linking
rustc: x86_64-unknown-linux-gnu/stage2/lib/rustlib/x86_64-unknown-linux-gnu/lib/librustc_typeck
time: 0.068; rss: 54MB	parsing
time: 0.023; rss: 54MB	configuration 1
time: 0.000; rss: 54MB	recursion limit
time: 0.002; rss: 54MB	gated macro checking
time: 0.000; rss: 54MB	crate injection
time: 0.005; rss: 54MB	macro loading
time: 0.000; rss: 54MB	plugin loading
time: 0.000; rss: 54MB	plugin registration
time: 0.310; rss: 70MB	expansion
time: 0.008; rss: 70MB	complete gated feature checking 1
time: 0.046; rss: 70MB	configuration 2
time: 0.024; rss: 70MB	maybe building test harness
time: 0.022; rss: 70MB	prelude injection
time: 0.004; rss: 70MB	checking that all macro invocations are gone
time: 0.008; rss: 70MB	complete gated feature checking 2
time: 0.029; rss: 74MB	assigning node ids and indexing ast
time: 0.028; rss: 105MB	external crate/lib resolution
time: 0.007; rss: 105MB	language item collection
time: 0.103; rss: 158MB	resolution
time: 0.007; rss: 160MB	lifetime resolution
time: 0.000; rss: 160MB	looking for entry point
time: 0.004; rss: 160MB	looking for plugin registrar
time: 0.026; rss: 171MB	region resolution
time: 0.004; rss: 171MB	loop checking
time: 0.004; rss: 171MB	static item recursion checking
time: 0.027; rss: 176MB	type collecting
time: 0.008; rss: 176MB	variance inference
time: 0.130; rss: 218MB	coherence checking
time: 0.027; rss: 220MB	wf checking (old)
time: 0.095; rss: 224MB	item-types checking
time: 3.207; rss: 300MB	item-bodies checking
time: 0.000; rss: 300MB	drop-impl checking
time: 0.064; rss: 300MB	wf checking (new)
time: 0.566; rss: 310MB	const checking
time: 0.034; rss: 310MB	privacy checking
time: 0.000; rss: 310MB	stability index
time: 0.010; rss: 310MB	intrinsic checking
time: 0.008; rss: 310MB	effect checking
time: 0.068; rss: 310MB	match checking
time: 0.024; rss: 310MB	liveness checking
time: 0.826; rss: 310MB	borrow checking
time: 0.463; rss: 310MB	rvalue checking
time: 0.001; rss: 310MB	reachability checking
time: 0.023; rss: 310MB	death checking
time: 0.037; rss: 310MB	stability checking
time: 0.000; rss: 310MB	unused lib feature checking
time: 0.107; rss: 310MB	lint checking
time: 0.000; rss: 310MB	resolving dependency formats
time: 5.244; rss: 626MB	translation
  time: 1.613; rss: 383MB	llvm function passes
  time: 34.875; rss: 435MB	llvm module passes
  time: 9.750; rss: 453MB	codegen passes
  time: 0.001; rss: 388MB	codegen passes
time: 47.064; rss: 388MB	LLVM passes
  time: 0.129; rss: 390MB	running linker
time: 0.485; rss: 388MB	linking
rustc: x86_64-unknown-linux-gnu/stage2/lib/rustlib/x86_64-unknown-linux-gnu/lib/librustc_borrowck
time: 0.013; rss: 37MB	parsing
time: 0.004; rss: 38MB	configuration 1
time: 0.000; rss: 38MB	recursion limit
time: 0.000; rss: 38MB	gated macro checking
time: 0.000; rss: 38MB	crate injection
time: 0.004; rss: 41MB	macro loading
time: 0.000; rss: 41MB	plugin loading
time: 0.000; rss: 41MB	plugin registration
time: 0.059; rss: 45MB	expansion
time: 0.001; rss: 45MB	complete gated feature checking 1
time: 0.009; rss: 45MB	configuration 2
time: 0.005; rss: 45MB	maybe building test harness
time: 0.004; rss: 45MB	prelude injection
time: 0.000; rss: 45MB	checking that all macro invocations are gone
time: 0.001; rss: 45MB	complete gated feature checking 2
time: 0.005; rss: 48MB	assigning node ids and indexing ast
time: 0.029; rss: 79MB	external crate/lib resolution
time: 0.001; rss: 79MB	language item collection
time: 0.024; rss: 115MB	resolution
time: 0.001; rss: 114MB	lifetime resolution
time: 0.000; rss: 114MB	looking for entry point
time: 0.000; rss: 114MB	looking for plugin registrar
time: 0.004; rss: 116MB	region resolution
time: 0.001; rss: 116MB	loop checking
time: 0.000; rss: 116MB	static item recursion checking
time: 0.010; rss: 121MB	type collecting
time: 0.001; rss: 121MB	variance inference
time: 0.064; rss: 158MB	coherence checking
time: 0.007; rss: 158MB	wf checking (old)
time: 0.024; rss: 158MB	item-types checking
time: 0.521; rss: 198MB	item-bodies checking
time: 0.000; rss: 198MB	drop-impl checking
time: 0.013; rss: 198MB	wf checking (new)
time: 0.102; rss: 198MB	const checking
time: 0.004; rss: 198MB	privacy checking
time: 0.000; rss: 198MB	stability index
time: 0.001; rss: 198MB	intrinsic checking
time: 0.001; rss: 198MB	effect checking
time: 0.013; rss: 198MB	match checking
time: 0.004; rss: 198MB	liveness checking
time: 0.141; rss: 201MB	borrow checking
time: 0.074; rss: 201MB	rvalue checking
time: 0.000; rss: 201MB	reachability checking
time: 0.003; rss: 201MB	death checking
time: 0.006; rss: 201MB	stability checking
time: 0.000; rss: 201MB	unused lib feature checking
time: 0.022; rss: 201MB	lint checking
time: 0.000; rss: 201MB	resolving dependency formats
time: 0.888; rss: 270MB	translation
  time: 0.277; rss: 197MB	llvm function passes
  time: 4.451; rss: 206MB	llvm module passes
  time: 1.706; rss: 225MB	codegen passes
  time: 0.001; rss: 223MB	codegen passes
time: 6.544; rss: 223MB	LLVM passes
  time: 0.054; rss: 228MB	running linker
time: 0.115; rss: 225MB	linking
rustc: x86_64-unknown-linux-gnu/stage2/lib/rustlib/x86_64-unknown-linux-gnu/lib/librustc_resolve
time: 0.018; rss: 40MB	parsing
time: 0.006; rss: 40MB	configuration 1
time: 0.000; rss: 40MB	recursion limit
time: 0.000; rss: 40MB	gated macro checking
time: 0.000; rss: 40MB	crate injection
time: 0.005; rss: 44MB	macro loading
time: 0.000; rss: 44MB	plugin loading
time: 0.000; rss: 44MB	plugin registration
time: 0.078; rss: 49MB	expansion
time: 0.002; rss: 49MB	complete gated feature checking 1
time: 0.012; rss: 49MB	configuration 2
time: 0.006; rss: 49MB	maybe building test harness
time: 0.005; rss: 49MB	prelude injection
time: 0.000; rss: 49MB	checking that all macro invocations are gone
time: 0.001; rss: 49MB	complete gated feature checking 2
time: 0.007; rss: 49MB	assigning node ids and indexing ast
time: 0.029; rss: 80MB	external crate/lib resolution
time: 0.001; rss: 80MB	language item collection
time: 0.035; rss: 115MB	resolution
time: 0.001; rss: 115MB	lifetime resolution
time: 0.000; rss: 115MB	looking for entry point
time: 0.000; rss: 115MB	looking for plugin registrar
time: 0.006; rss: 124MB	region resolution
time: 0.001; rss: 124MB	loop checking
time: 0.001; rss: 124MB	static item recursion checking
time: 0.008; rss: 128MB	type collecting
time: 0.001; rss: 128MB	variance inference
time: 0.069; rss: 163MB	coherence checking
time: 0.007; rss: 163MB	wf checking (old)
time: 0.021; rss: 163MB	item-types checking
time: 0.662; rss: 206MB	item-bodies checking
time: 0.000; rss: 206MB	drop-impl checking
time: 0.016; rss: 206MB	wf checking (new)
time: 0.189; rss: 210MB	const checking
time: 0.005; rss: 210MB	privacy checking
time: 0.000; rss: 210MB	stability index
time: 0.002; rss: 210MB	intrinsic checking
time: 0.001; rss: 210MB	effect checking
time: 0.037; rss: 210MB	match checking
time: 0.006; rss: 210MB	liveness checking
time: 0.311; rss: 210MB	borrow checking
time: 0.156; rss: 210MB	rvalue checking
time: 0.000; rss: 210MB	reachability checking
time: 0.005; rss: 210MB	death checking
time: 0.008; rss: 210MB	stability checking
time: 0.000; rss: 210MB	unused lib feature checking
time: 0.030; rss: 210MB	lint checking
time: 0.000; rss: 210MB	resolving dependency formats
time: 1.449; rss: 324MB	translation
  time: 0.485; rss: 230MB	llvm function passes
  time: 7.461; rss: 243MB	llvm module passes
  time: 2.226; rss: 243MB	codegen passes
  time: 0.001; rss: 232MB	codegen passes
time: 10.350; rss: 232MB	LLVM passes
  time: 0.097; rss: 236MB	running linker
time: 0.179; rss: 233MB	linking
rustc: x86_64-unknown-linux-gnu/stage2/lib/rustlib/x86_64-unknown-linux-gnu/lib/librustc_trans
time: 0.113; rss: 69MB	parsing
time: 0.040; rss: 69MB	configuration 1
time: 0.000; rss: 69MB	recursion limit
time: 0.003; rss: 69MB	gated macro checking
time: 0.000; rss: 69MB	crate injection
time: 0.006; rss: 70MB	macro loading
time: 0.000; rss: 70MB	plugin loading
time: 0.000; rss: 70MB	plugin registration
time: 0.444; rss: 82MB	expansion
time: 0.012; rss: 82MB	complete gated feature checking 1
time: 0.067; rss: 82MB	configuration 2
time: 0.034; rss: 82MB	maybe building test harness
time: 0.032; rss: 82MB	prelude injection
time: 0.006; rss: 82MB	checking that all macro invocations are gone
time: 0.012; rss: 82MB	complete gated feature checking 2
time: 0.043; rss: 90MB	assigning node ids and indexing ast
time: 0.027; rss: 122MB	external crate/lib resolution
time: 0.011; rss: 122MB	language item collection
time: 0.164; rss: 191MB	resolution
time: 0.010; rss: 185MB	lifetime resolution
time: 0.000; rss: 185MB	looking for entry point
time: 0.006; rss: 185MB	looking for plugin registrar
time: 0.043; rss: 204MB	region resolution
time: 0.006; rss: 204MB	loop checking
time: 0.006; rss: 204MB	static item recursion checking
time: 0.039; rss: 210MB	type collecting
time: 0.012; rss: 210MB	variance inference
time: 0.134; rss: 247MB	coherence checking
time: 0.036; rss: 249MB	wf checking (old)
time: 0.093; rss: 256MB	item-types checking
time: 3.538; rss: 343MB	item-bodies checking
time: 0.000; rss: 343MB	drop-impl checking
time: 0.079; rss: 343MB	wf checking (new)
time: 0.736; rss: 362MB	const checking
time: 0.051; rss: 362MB	privacy checking
time: 0.001; rss: 362MB	stability index
time: 0.016; rss: 362MB	intrinsic checking
time: 0.012; rss: 362MB	effect checking
time: 0.100; rss: 362MB	match checking
time: 0.034; rss: 370MB	liveness checking
time: 1.056; rss: 370MB	borrow checking
time: 0.527; rss: 370MB	rvalue checking
time: 0.001; rss: 370MB	reachability checking
time: 0.035; rss: 370MB	death checking
time: 0.049; rss: 370MB	stability checking
time: 0.000; rss: 370MB	unused lib feature checking
time: 0.143; rss: 370MB	lint checking
time: 0.000; rss: 370MB	resolving dependency formats
time: 5.157; rss: 677MB	translation
  time: 1.697; rss: 401MB	llvm function passes
  time: 32.674; rss: 456MB	llvm module passes
  time: 10.662; rss: 471MB	codegen passes
  time: 0.001; rss: 411MB	codegen passes
time: 45.889; rss: 411MB	LLVM passes
  time: 0.135; rss: 413MB	running linker
time: 0.508; rss: 421MB	linking
rustc: x86_64-unknown-linux-gnu/stage2/lib/rustlib/x86_64-unknown-linux-gnu/lib/librustc_privacy
time: 0.004; rss: 35MB	parsing
time: 0.001; rss: 35MB	configuration 1
time: 0.000; rss: 35MB	recursion limit
time: 0.000; rss: 35MB	gated macro checking
time: 0.000; rss: 35MB	crate injection
time: 0.004; rss: 38MB	macro loading
time: 0.000; rss: 38MB	plugin loading
time: 0.000; rss: 38MB	plugin registration
time: 0.015; rss: 40MB	expansion
time: 0.000; rss: 40MB	complete gated feature checking 1
time: 0.002; rss: 40MB	configuration 2
time: 0.001; rss: 40MB	maybe building test harness
time: 0.001; rss: 40MB	prelude injection
time: 0.000; rss: 40MB	checking that all macro invocations are gone
time: 0.000; rss: 40MB	complete gated feature checking 2
time: 0.001; rss: 40MB	assigning node ids and indexing ast
time: 0.029; rss: 75MB	external crate/lib resolution
time: 0.000; rss: 75MB	language item collection
time: 0.010; rss: 101MB	resolution
time: 0.000; rss: 101MB	lifetime resolution
time: 0.000; rss: 101MB	looking for entry point
time: 0.000; rss: 101MB	looking for plugin registrar
time: 0.001; rss: 101MB	region resolution
time: 0.000; rss: 101MB	loop checking
time: 0.000; rss: 101MB	static item recursion checking
time: 0.006; rss: 105MB	type collecting
time: 0.000; rss: 105MB	variance inference
time: 0.018; rss: 124MB	coherence checking
time: 0.001; rss: 124MB	wf checking (old)
time: 0.007; rss: 124MB	item-types checking
time: 0.231; rss: 173MB	item-bodies checking
time: 0.000; rss: 173MB	drop-impl checking
time: 0.003; rss: 173MB	wf checking (new)
time: 0.029; rss: 173MB	const checking
time: 0.001; rss: 173MB	privacy checking
time: 0.000; rss: 173MB	stability index
time: 0.000; rss: 173MB	intrinsic checking
time: 0.000; rss: 173MB	effect checking
time: 0.003; rss: 173MB	match checking
time: 0.001; rss: 173MB	liveness checking
time: 0.037; rss: 173MB	borrow checking
time: 0.016; rss: 173MB	rvalue checking
time: 0.000; rss: 173MB	reachability checking
time: 0.001; rss: 173MB	death checking
time: 0.002; rss: 173MB	stability checking
time: 0.000; rss: 173MB	unused lib feature checking
time: 0.005; rss: 173MB	lint checking
time: 0.000; rss: 173MB	resolving dependency formats
time: 0.589; rss: 231MB	translation
  time: 0.166; rss: 180MB	llvm function passes
  time: 1.404; rss: 183MB	llvm module passes
  time: 0.425; rss: 183MB	codegen passes
  time: 0.001; rss: 184MB	codegen passes
time: 2.025; rss: 183MB	LLVM passes
  time: 0.047; rss: 190MB	running linker
time: 0.065; rss: 187MB	linking
rustc: x86_64-unknown-linux-gnu/stage2/lib/rustlib/x86_64-unknown-linux-gnu/lib/librustc_lint
time: 0.009; rss: 36MB	parsing
time: 0.003; rss: 36MB	configuration 1
time: 0.000; rss: 36MB	recursion limit
time: 0.000; rss: 36MB	gated macro checking
time: 0.000; rss: 36MB	crate injection
time: 0.032; rss: 75MB	macro loading
time: 0.000; rss: 75MB	plugin loading
time: 0.000; rss: 75MB	plugin registration
time: 0.027; rss: 77MB	expansion
time: 0.000; rss: 77MB	complete gated feature checking 1
time: 0.004; rss: 77MB	configuration 2
time: 0.002; rss: 77MB	maybe building test harness
time: 0.002; rss: 77MB	prelude injection
time: 0.000; rss: 77MB	checking that all macro invocations are gone
time: 0.000; rss: 77MB	complete gated feature checking 2
time: 0.002; rss: 77MB	assigning node ids and indexing ast
time: 0.000; rss: 77MB	external crate/lib resolution
time: 0.000; rss: 77MB	language item collection
time: 0.018; rss: 109MB	resolution
time: 0.000; rss: 109MB	lifetime resolution
time: 0.000; rss: 109MB	looking for entry point
time: 0.000; rss: 109MB	looking for plugin registrar
time: 0.002; rss: 110MB	region resolution
time: 0.000; rss: 110MB	loop checking
time: 0.000; rss: 110MB	static item recursion checking
time: 0.007; rss: 116MB	type collecting
time: 0.000; rss: 116MB	variance inference
time: 0.053; rss: 146MB	coherence checking
time: 0.003; rss: 146MB	wf checking (old)
time: 0.015; rss: 146MB	item-types checking
time: 0.256; rss: 179MB	item-bodies checking
time: 0.000; rss: 179MB	drop-impl checking
time: 0.006; rss: 179MB	wf checking (new)
time: 0.053; rss: 181MB	const checking
time: 0.002; rss: 181MB	privacy checking
time: 0.000; rss: 181MB	stability index
time: 0.001; rss: 181MB	intrinsic checking
time: 0.000; rss: 181MB	effect checking
time: 0.004; rss: 181MB	match checking
time: 0.001; rss: 181MB	liveness checking
time: 0.047; rss: 181MB	borrow checking
time: 0.021; rss: 181MB	rvalue checking
time: 0.000; rss: 181MB	reachability checking
time: 0.001; rss: 181MB	death checking
time: 0.003; rss: 181MB	stability checking
time: 0.000; rss: 181MB	unused lib feature checking
time: 0.010; rss: 181MB	lint checking
time: 0.000; rss: 181MB	resolving dependency formats
time: 0.897; rss: 263MB	translation
  time: 0.258; rss: 195MB	llvm function passes
  time: 2.706; rss: 214MB	llvm module passes
  time: 0.942; rss: 217MB	codegen passes
  time: 0.001; rss: 213MB	codegen passes
time: 3.973; rss: 213MB	LLVM passes
  time: 0.103; rss: 215MB	running linker
time: 0.143; rss: 212MB	linking
rustc: x86_64-unknown-linux-gnu/stage2/lib/rustlib/x86_64-unknown-linux-gnu/lib/librustc_driver
time: 0.011; rss: 37MB	parsing
time: 0.003; rss: 37MB	configuration 1
time: 0.000; rss: 37MB	recursion limit
time: 0.000; rss: 37MB	gated macro checking
time: 0.000; rss: 37MB	crate injection
time: 0.004; rss: 40MB	macro loading
time: 0.000; rss: 40MB	plugin loading
time: 0.000; rss: 40MB	plugin registration
time: 0.026; rss: 42MB	expansion
time: 0.000; rss: 42MB	complete gated feature checking 1
time: 0.004; rss: 42MB	configuration 2
time: 0.002; rss: 42MB	maybe building test harness
time: 0.002; rss: 42MB	prelude injection
time: 0.000; rss: 42MB	checking that all macro invocations are gone
time: 0.000; rss: 42MB	complete gated feature checking 2
time: 0.002; rss: 43MB	assigning node ids and indexing ast
time: 0.031; rss: 78MB	external crate/lib resolution
time: 0.000; rss: 78MB	language item collection
time: 0.024; rss: 122MB	resolution
time: 0.000; rss: 122MB	lifetime resolution
time: 0.000; rss: 122MB	looking for entry point
time: 0.000; rss: 122MB	looking for plugin registrar
time: 0.002; rss: 124MB	region resolution
time: 0.000; rss: 124MB	loop checking
time: 0.000; rss: 124MB	static item recursion checking
time: 0.008; rss: 128MB	type collecting
time: 0.000; rss: 128MB	variance inference
time: 0.094; rss: 172MB	coherence checking
time: 0.006; rss: 172MB	wf checking (old)
time: 0.010; rss: 174MB	item-types checking
time: 0.356; rss: 197MB	item-bodies checking
time: 0.000; rss: 197MB	drop-impl checking
time: 0.008; rss: 197MB	wf checking (new)
time: 0.092; rss: 197MB	const checking
time: 0.002; rss: 197MB	privacy checking
time: 0.000; rss: 197MB	stability index
time: 0.001; rss: 197MB	intrinsic checking
time: 0.000; rss: 197MB	effect checking
time: 0.009; rss: 197MB	match checking
time: 0.001; rss: 197MB	liveness checking
time: 0.115; rss: 197MB	borrow checking
time: 0.064; rss: 197MB	rvalue checking
time: 0.000; rss: 197MB	reachability checking
time: 0.001; rss: 197MB	death checking
time: 0.004; rss: 197MB	stability checking
time: 0.000; rss: 197MB	unused lib feature checking
time: 0.009; rss: 197MB	lint checking
time: 0.000; rss: 197MB	resolving dependency formats
time: 3.195; rss: 438MB	translation
  time: 1.285; rss: 336MB	llvm function passes
  time: 40.328; rss: 380MB	llvm module passes
  time: 14.959; rss: 455MB	codegen passes
  time: 0.001; rss: 336MB	codegen passes
time: 57.354; rss: 336MB	LLVM passes
  time: 0.111; rss: 338MB	running linker
time: 0.487; rss: 336MB	linking
rustc: x86_64-unknown-linux-gnu/stage2/lib/rustlib/x86_64-unknown-linux-gnu/lib/librustdoc
time: 0.036; rss: 43MB	parsing
time: 0.013; rss: 43MB	configuration 1
time: 0.000; rss: 43MB	recursion limit
time: 0.001; rss: 43MB	gated macro checking
time: 0.000; rss: 43MB	crate injection
time: 0.003; rss: 45MB	macro loading
time: 0.000; rss: 45MB	plugin loading
time: 0.000; rss: 45MB	plugin registration
time: 0.183; rss: 58MB	expansion
time: 0.005; rss: 58MB	complete gated feature checking 1
time: 0.036; rss: 58MB	configuration 2
time: 0.019; rss: 58MB	maybe building test harness
time: 0.017; rss: 58MB	prelude injection
time: 0.002; rss: 58MB	checking that all macro invocations are gone
time: 0.005; rss: 58MB	complete gated feature checking 2
time: 0.022; rss: 60MB	assigning node ids and indexing ast
time: 0.036; rss: 96MB	external crate/lib resolution
time: 0.005; rss: 96MB	language item collection
time: 0.077; rss: 155MB	resolution
time: 0.004; rss: 151MB	lifetime resolution
time: 0.000; rss: 151MB	looking for entry point
time: 0.002; rss: 151MB	looking for plugin registrar
time: 0.020; rss: 160MB	region resolution
time: 0.003; rss: 160MB	loop checking
time: 0.003; rss: 160MB	static item recursion checking
time: 0.021; rss: 167MB	type collecting
time: 0.005; rss: 167MB	variance inference
time: 0.072; rss: 197MB	coherence checking
time: 0.021; rss: 197MB	wf checking (old)
time: 0.057; rss: 199MB	item-types checking
time: 2.533; rss: 281MB	item-bodies checking
time: 0.000; rss: 281MB	drop-impl checking
time: 0.105; rss: 281MB	wf checking (new)
time: 1.003; rss: 281MB	const checking
time: 0.021; rss: 281MB	privacy checking
time: 0.001; rss: 281MB	stability index
time: 0.007; rss: 281MB	intrinsic checking
time: 0.006; rss: 281MB	effect checking
time: 0.248; rss: 281MB	match checking
time: 0.017; rss: 281MB	liveness checking
time: 1.748; rss: 281MB	borrow checking
time: 0.981; rss: 281MB	rvalue checking
time: 0.003; rss: 281MB	reachability checking
time: 0.016; rss: 281MB	death checking
time: 0.024; rss: 281MB	stability checking
time: 0.000; rss: 281MB	unused lib feature checking
time: 0.082; rss: 281MB	lint checking
time: 0.000; rss: 281MB	resolving dependency formats
time: 6.195; rss: 589MB	translation
  time: 1.610; rss: 389MB	llvm function passes
  time: 41.597; rss: 471MB	llvm module passes
  time: 12.968; rss: 507MB	codegen passes
  time: 0.001; rss: 417MB	codegen passes
time: 57.040; rss: 417MB	LLVM passes
  time: 0.129; rss: 425MB	running linker
time: 0.536; rss: 428MB	linking
rustc: x86_64-unknown-linux-gnu/stage1/lib/rustlib/x86_64-unknown-linux-gnu/bin/rustbook
cp: x86_64-unknown-linux-gnu/stage2/bin/rustbook
rustbook: doc/book/index.html
rustbook: doc/nomicon/index.html
rustbook: doc/style/index.html
rustc: x86_64-unknown-linux-gnu/stage1/lib/rustlib/x86_64-unknown-linux-gnu/bin/error-index-generator
cp: x86_64-unknown-linux-gnu/stage2/bin/error-index-generator
error-index-generator: doc/error-index.html
version-info: doc/version_info.html
rustdoc: doc/not_found.html
rustdoc: doc/index.html
rustdoc: doc/intro.html
rustdoc: doc/tutorial.html
rustdoc: doc/complement-lang-faq.html
rustdoc: doc/complement-design-faq.html
rustdoc: doc/complement-project-faq.html
rustdoc: doc/rustdoc.html
rustdoc: doc/reference.html
rustdoc: doc/grammar.html
rustdoc: doc/guide-crates.html
rustdoc: doc/guide-error-handling.html
rustdoc: doc/guide-ffi.html
rustdoc: doc/guide-macros.html
rustdoc: doc/guide.html
rustdoc: doc/guide-ownership.html
rustdoc: doc/guide-plugins.html
rustdoc: doc/guide-pointers.html
rustdoc: doc/guide-strings.html
rustdoc: doc/guide-tasks.html
rustdoc: doc/guide-testing.html
rustdoc: doc/std/index.html
rustdoc: doc/alloc/index.html
rustdoc: doc/collections/index.html
rustdoc: doc/core/index.html
rustdoc: doc/libc/index.html
rustdoc: doc/rustc_unicode/index.html
