commit 2f749254cafd4940243548730afc02c5410611bf
Merge: f3f23bf 8ae2b1d
Author: bors <bors@rust-lang.org>
Date:   Sun Aug 30 04:09:11 2015 +0000

    Auto merge of #28087 - AlisdairO:diagnostics122, r=arielb1
    
    As title :-)
    Part of #24407.
    
    r? @Manishearth
cfg: version 1.4.0-dev (2f749254c 2015-08-30)
cfg: build triple x86_64-unknown-linux-gnu
cfg: host triples x86_64-unknown-linux-gnu
cfg: target triples x86_64-unknown-linux-gnu
cfg: host for x86_64-unknown-linux-gnu is x86_64
cfg: os for x86_64-unknown-linux-gnu is unknown-linux-gnu
cfg: good valgrind for x86_64-unknown-linux-gnu is 1
cfg: using CC=gcc (CFG_CC)
cfg: disabling valgrind run-pass tests
rustc: x86_64-unknown-linux-gnu/stage0/lib/rustlib/x86_64-unknown-linux-gnu/lib/librustc_trans
rustc: x86_64-unknown-linux-gnu/stage0/lib/rustlib/x86_64-unknown-linux-gnu/lib/librustc_driver
rustc: x86_64-unknown-linux-gnu/stage0/lib/rustlib/x86_64-unknown-linux-gnu/bin/rustc
cp: x86_64-unknown-linux-gnu/stage1/lib/librustc_trans
cp: x86_64-unknown-linux-gnu/stage1/lib/librustc_driver
cp: x86_64-unknown-linux-gnu/stage1/bin/rustc
rustc: x86_64-unknown-linux-gnu/stage1/lib/rustlib/x86_64-unknown-linux-gnu/lib/libcore
rustc: x86_64-unknown-linux-gnu/stage1/lib/rustlib/x86_64-unknown-linux-gnu/lib/liblibc
rustc: x86_64-unknown-linux-gnu/stage1/lib/rustlib/x86_64-unknown-linux-gnu/lib/librand
rustc: x86_64-unknown-linux-gnu/stage1/lib/rustlib/x86_64-unknown-linux-gnu/lib/liballoc_system
rustc: x86_64-unknown-linux-gnu/stage1/lib/rustlib/x86_64-unknown-linux-gnu/lib/liballoc
rustc: x86_64-unknown-linux-gnu/stage1/lib/rustlib/x86_64-unknown-linux-gnu/lib/librustc_unicode
rustc: x86_64-unknown-linux-gnu/stage1/lib/rustlib/x86_64-unknown-linux-gnu/lib/libcollections
rustc: x86_64-unknown-linux-gnu/stage1/lib/rustlib/x86_64-unknown-linux-gnu/lib/liballoc_jemalloc
rustc: x86_64-unknown-linux-gnu/stage1/lib/rustlib/x86_64-unknown-linux-gnu/lib/libstd
rustc: x86_64-unknown-linux-gnu/stage1/lib/rustlib/x86_64-unknown-linux-gnu/lib/libarena
rustc: x86_64-unknown-linux-gnu/stage1/lib/rustlib/x86_64-unknown-linux-gnu/lib/libflate
rustc: x86_64-unknown-linux-gnu/stage1/lib/rustlib/x86_64-unknown-linux-gnu/lib/libgetopts
rustc: x86_64-unknown-linux-gnu/stage1/lib/rustlib/x86_64-unknown-linux-gnu/lib/libgraphviz
rustc: x86_64-unknown-linux-gnu/stage1/lib/rustlib/x86_64-unknown-linux-gnu/lib/liblog
rustc: x86_64-unknown-linux-gnu/stage1/lib/rustlib/x86_64-unknown-linux-gnu/lib/libterm
rustc: x86_64-unknown-linux-gnu/stage1/lib/rustlib/x86_64-unknown-linux-gnu/lib/libserialize
rustc: x86_64-unknown-linux-gnu/stage1/lib/rustlib/x86_64-unknown-linux-gnu/lib/libfmt_macros
rustc: x86_64-unknown-linux-gnu/stage1/lib/rustlib/x86_64-unknown-linux-gnu/lib/librustc_bitflags
rustc: x86_64-unknown-linux-gnu/stage1/lib/rustlib/x86_64-unknown-linux-gnu/lib/libsyntax
rustc: x86_64-unknown-linux-gnu/stage1/lib/rustlib/x86_64-unknown-linux-gnu/lib/librbml
rustc: x86_64-unknown-linux-gnu/stage1/lib/rustlib/x86_64-unknown-linux-gnu/lib/librustc_llvm
rustc: x86_64-unknown-linux-gnu/stage1/lib/rustlib/x86_64-unknown-linux-gnu/lib/librustc_back
rustc: x86_64-unknown-linux-gnu/stage1/lib/rustlib/x86_64-unknown-linux-gnu/lib/librustc_data_structures
rustc: x86_64-unknown-linux-gnu/stage1/lib/rustlib/x86_64-unknown-linux-gnu/lib/librustc
rustc: x86_64-unknown-linux-gnu/stage1/lib/rustlib/x86_64-unknown-linux-gnu/lib/librustc_borrowck
rustc: x86_64-unknown-linux-gnu/stage1/lib/rustlib/x86_64-unknown-linux-gnu/lib/librustc_platform_intrinsics
rustc: x86_64-unknown-linux-gnu/stage1/lib/rustlib/x86_64-unknown-linux-gnu/lib/librustc_typeck
rustc: x86_64-unknown-linux-gnu/stage1/lib/rustlib/x86_64-unknown-linux-gnu/lib/librustc_resolve
rustc: x86_64-unknown-linux-gnu/stage1/lib/rustlib/x86_64-unknown-linux-gnu/lib/librustc_trans
rustc: x86_64-unknown-linux-gnu/stage1/lib/rustlib/x86_64-unknown-linux-gnu/lib/librustc_privacy
rustc: x86_64-unknown-linux-gnu/stage1/lib/rustlib/x86_64-unknown-linux-gnu/lib/librustc_lint
rustc: x86_64-unknown-linux-gnu/stage1/lib/rustlib/x86_64-unknown-linux-gnu/lib/librustc_driver
rustc: x86_64-unknown-linux-gnu/stage1/lib/rustlib/x86_64-unknown-linux-gnu/bin/rustc
cp: x86_64-unknown-linux-gnu/stage2/lib/libstd
cp: x86_64-unknown-linux-gnu/stage2/lib/libarena
cp: x86_64-unknown-linux-gnu/stage2/lib/libflate
cp: x86_64-unknown-linux-gnu/stage2/lib/libgetopts
cp: x86_64-unknown-linux-gnu/stage2/lib/libgraphviz
cp: x86_64-unknown-linux-gnu/stage2/lib/liblog
cp: x86_64-unknown-linux-gnu/stage2/lib/libterm
cp: x86_64-unknown-linux-gnu/stage2/lib/libserialize
cp: x86_64-unknown-linux-gnu/stage2/lib/libfmt_macros
cp: x86_64-unknown-linux-gnu/stage2/lib/libsyntax
cp: x86_64-unknown-linux-gnu/stage2/lib/librbml
cp: x86_64-unknown-linux-gnu/stage2/lib/librustc_llvm
cp: x86_64-unknown-linux-gnu/stage2/lib/librustc_back
cp: x86_64-unknown-linux-gnu/stage2/lib/librustc_data_structures
cp: x86_64-unknown-linux-gnu/stage2/lib/librustc
cp: x86_64-unknown-linux-gnu/stage2/lib/librustc_borrowck
cp: x86_64-unknown-linux-gnu/stage2/lib/librustc_platform_intrinsics
cp: x86_64-unknown-linux-gnu/stage2/lib/librustc_typeck
cp: x86_64-unknown-linux-gnu/stage2/lib/librustc_resolve
cp: x86_64-unknown-linux-gnu/stage2/lib/librustc_trans
cp: x86_64-unknown-linux-gnu/stage2/lib/librustc_privacy
cp: x86_64-unknown-linux-gnu/stage2/lib/librustc_lint
cp: x86_64-unknown-linux-gnu/stage2/lib/librustc_driver
cp: x86_64-unknown-linux-gnu/stage2/bin/rustc
rustc: x86_64-unknown-linux-gnu/stage1/lib/rustlib/x86_64-unknown-linux-gnu/lib/libtest
rustc: x86_64-unknown-linux-gnu/stage1/lib/rustlib/x86_64-unknown-linux-gnu/lib/librustdoc
rustc: x86_64-unknown-linux-gnu/stage1/lib/rustlib/x86_64-unknown-linux-gnu/bin/rustdoc
cp: x86_64-unknown-linux-gnu/stage2/lib/libtest
cp: x86_64-unknown-linux-gnu/stage2/lib/librustdoc
cp: x86_64-unknown-linux-gnu/stage2/bin/rustdoc
rustc: x86_64-unknown-linux-gnu/stage2/lib/rustlib/x86_64-unknown-linux-gnu/lib/libcore
time: 0.071; rss: 54MB	parsing
time: 0.025; rss: 56MB	configuration 1
time: 0.000; rss: 56MB	recursion limit
time: 0.002; rss: 56MB	gated macro checking
time: 0.000; rss: 56MB	crate injection
time: 0.001; rss: 56MB	macro loading
time: 0.000; rss: 56MB	plugin loading
time: 0.000; rss: 56MB	plugin registration
time: 0.468; rss: 81MB	expansion
time: 0.010; rss: 81MB	complete gated feature checking 1
time: 0.094; rss: 81MB	configuration 2
time: 0.000; rss: 81MB	gated configuration checking
time: 0.047; rss: 81MB	maybe building test harness
time: 0.000; rss: 81MB	prelude injection
time: 0.005; rss: 81MB	checking that all macro invocations are gone
time: 0.000; rss: 81MB	checking for inline asm in case the target doesn't support it
time: 0.011; rss: 81MB	complete gated feature checking 2
time: 0.054; rss: 87MB	assigning node ids and indexing ast
time: 0.005; rss: 87MB	external crate/lib resolution
time: 0.009; rss: 87MB	language item collection
time: 0.081; rss: 106MB	resolution
time: 0.011; rss: 104MB	lifetime resolution
time: 0.000; rss: 104MB	looking for entry point
time: 0.005; rss: 104MB	looking for plugin registrar
time: 0.026; rss: 114MB	region resolution
time: 0.005; rss: 114MB	loop checking
time: 0.005; rss: 114MB	static item recursion checking
time: 0.060; rss: 118MB	type collecting
time: 0.010; rss: 118MB	variance inference
time: 0.615; rss: 128MB	coherence checking
time: 0.320; rss: 131MB	wf checking (old)
time: 0.496; rss: 135MB	item-types checking
time: 4.203; rss: 165MB	item-bodies checking
time: 0.000; rss: 165MB	drop-impl checking
time: 0.588; rss: 165MB	wf checking (new)
time: 0.137; rss: 165MB	const checking
time: 0.050; rss: 165MB	privacy checking
time: 0.004; rss: 165MB	stability index
time: 0.027; rss: 165MB	intrinsic checking
time: 0.010; rss: 165MB	effect checking
time: 0.045; rss: 165MB	match checking
time: 0.022; rss: 165MB	liveness checking
time: 0.278; rss: 171MB	borrow checking
time: 0.142; rss: 171MB	rvalue checking
time: 0.019; rss: 171MB	reachability checking
time: 0.035; rss: 171MB	death checking
time: 0.025; rss: 171MB	stability checking
time: 0.000; rss: 171MB	unused lib feature checking
time: 0.443; rss: 173MB	lint checking
time: 0.000; rss: 173MB	resolving dependency formats
time: 1.490; rss: 244MB	translation
  time: 0.197; rss: 121MB	llvm function passes
  time: 1.895; rss: 123MB	llvm module passes
  time: 1.479; rss: 126MB	codegen passes
  time: 0.003; rss: 122MB	codegen passes
time: 3.641; rss: 122MB	LLVM passes
time: 0.057; rss: 121MB	linking
rustc: x86_64-unknown-linux-gnu/stage2/lib/rustlib/x86_64-unknown-linux-gnu/lib/liblibc
time: 0.019; rss: 41MB	parsing
time: 0.004; rss: 38MB	configuration 1
time: 0.000; rss: 38MB	recursion limit
time: 0.000; rss: 38MB	gated macro checking
time: 0.000; rss: 38MB	crate injection
time: 0.001; rss: 38MB	macro loading
time: 0.000; rss: 38MB	plugin loading
time: 0.000; rss: 38MB	plugin registration
time: 0.009; rss: 39MB	expansion
time: 0.000; rss: 39MB	complete gated feature checking 1
time: 0.002; rss: 39MB	configuration 2
time: 0.000; rss: 39MB	gated configuration checking
time: 0.001; rss: 39MB	maybe building test harness
time: 0.001; rss: 39MB	prelude injection
time: 0.000; rss: 39MB	checking that all macro invocations are gone
time: 0.000; rss: 39MB	checking for inline asm in case the target doesn't support it
time: 0.000; rss: 39MB	complete gated feature checking 2
time: 0.001; rss: 39MB	assigning node ids and indexing ast
time: 0.000; rss: 39MB	external crate/lib resolution
time: 0.000; rss: 39MB	language item collection
time: 0.004; rss: 44MB	resolution
time: 0.000; rss: 44MB	lifetime resolution
time: 0.000; rss: 44MB	looking for entry point
time: 0.000; rss: 44MB	looking for plugin registrar
time: 0.000; rss: 44MB	region resolution
time: 0.000; rss: 44MB	loop checking
time: 0.000; rss: 44MB	static item recursion checking
time: 0.001; rss: 46MB	type collecting
time: 0.000; rss: 46MB	variance inference
time: 0.007; rss: 54MB	coherence checking
time: 0.002; rss: 54MB	wf checking (old)
time: 0.011; rss: 58MB	item-types checking
time: 0.016; rss: 59MB	item-bodies checking
time: 0.000; rss: 59MB	drop-impl checking
time: 0.003; rss: 59MB	wf checking (new)
time: 0.001; rss: 59MB	const checking
time: 0.001; rss: 59MB	privacy checking
time: 0.000; rss: 59MB	stability index
time: 0.000; rss: 59MB	intrinsic checking
time: 0.000; rss: 59MB	effect checking
time: 0.000; rss: 59MB	match checking
time: 0.000; rss: 59MB	liveness checking
time: 0.001; rss: 59MB	borrow checking
time: 0.000; rss: 59MB	rvalue checking
time: 0.000; rss: 59MB	reachability checking
time: 0.001; rss: 59MB	death checking
time: 0.000; rss: 59MB	stability checking
time: 0.000; rss: 59MB	unused lib feature checking
time: 0.004; rss: 59MB	lint checking
time: 0.000; rss: 59MB	resolving dependency formats
time: 0.035; rss: 73MB	translation
  time: 0.002; rss: 70MB	llvm function passes
  time: 0.009; rss: 70MB	llvm module passes
  time: 0.008; rss: 75MB	codegen passes
  time: 0.000; rss: 75MB	codegen passes
time: 0.021; rss: 75MB	LLVM passes
time: 0.001; rss: 75MB	linking
rustc: x86_64-unknown-linux-gnu/stage2/lib/rustlib/x86_64-unknown-linux-gnu/lib/librand
time: 0.011; rss: 37MB	parsing
time: 0.003; rss: 37MB	configuration 1
time: 0.000; rss: 37MB	recursion limit
time: 0.000; rss: 37MB	gated macro checking
time: 0.000; rss: 37MB	crate injection
time: 0.001; rss: 38MB	macro loading
time: 0.000; rss: 38MB	plugin loading
time: 0.000; rss: 38MB	plugin registration
time: 0.023; rss: 40MB	expansion
time: 0.000; rss: 40MB	complete gated feature checking 1
time: 0.005; rss: 40MB	configuration 2
time: 0.000; rss: 40MB	gated configuration checking
time: 0.002; rss: 40MB	maybe building test harness
time: 0.002; rss: 40MB	prelude injection
time: 0.000; rss: 40MB	checking that all macro invocations are gone
time: 0.000; rss: 40MB	checking for inline asm in case the target doesn't support it
time: 0.000; rss: 40MB	complete gated feature checking 2
time: 0.003; rss: 40MB	assigning node ids and indexing ast
time: 0.000; rss: 40MB	external crate/lib resolution
time: 0.000; rss: 40MB	language item collection
time: 0.007; rss: 49MB	resolution
time: 0.000; rss: 49MB	lifetime resolution
time: 0.000; rss: 49MB	looking for entry point
time: 0.000; rss: 49MB	looking for plugin registrar
time: 0.001; rss: 49MB	region resolution
time: 0.000; rss: 49MB	loop checking
time: 0.000; rss: 49MB	static item recursion checking
time: 0.003; rss: 49MB	type collecting
time: 0.000; rss: 49MB	variance inference
time: 0.033; rss: 64MB	coherence checking
time: 0.006; rss: 64MB	wf checking (old)
time: 0.015; rss: 68MB	item-types checking
time: 0.248; rss: 79MB	item-bodies checking
time: 0.000; rss: 79MB	drop-impl checking
time: 0.013; rss: 79MB	wf checking (new)
time: 0.009; rss: 79MB	const checking
time: 0.001; rss: 79MB	privacy checking
time: 0.000; rss: 79MB	stability index
time: 0.001; rss: 79MB	intrinsic checking
time: 0.000; rss: 79MB	effect checking
time: 0.001; rss: 79MB	match checking
time: 0.001; rss: 79MB	liveness checking
time: 0.019; rss: 84MB	borrow checking
time: 0.007; rss: 84MB	rvalue checking
time: 0.000; rss: 84MB	reachability checking
time: 0.001; rss: 84MB	death checking
time: 0.001; rss: 84MB	stability checking
time: 0.000; rss: 84MB	unused lib feature checking
time: 0.017; rss: 84MB	lint checking
time: 0.000; rss: 84MB	resolving dependency formats
time: 0.129; rss: 101MB	translation
  time: 0.021; rss: 81MB	llvm function passes
  time: 0.147; rss: 81MB	llvm module passes
  time: 0.052; rss: 85MB	codegen passes
  time: 0.000; rss: 84MB	codegen passes
time: 0.225; rss: 84MB	LLVM passes
time: 0.003; rss: 84MB	linking
rustc: x86_64-unknown-linux-gnu/stage2/lib/rustlib/x86_64-unknown-linux-gnu/lib/liballoc_system
time: 0.001; rss: 29MB	parsing
time: 0.000; rss: 29MB	configuration 1
time: 0.000; rss: 29MB	recursion limit
time: 0.000; rss: 33MB	gated macro checking
time: 0.000; rss: 33MB	crate injection
time: 0.001; rss: 33MB	macro loading
time: 0.000; rss: 33MB	plugin loading
time: 0.000; rss: 33MB	plugin registration
time: 0.001; rss: 33MB	expansion
time: 0.000; rss: 33MB	complete gated feature checking 1
time: 0.000; rss: 33MB	configuration 2
time: 0.000; rss: 33MB	gated configuration checking
time: 0.000; rss: 33MB	maybe building test harness
time: 0.000; rss: 33MB	prelude injection
time: 0.000; rss: 33MB	checking that all macro invocations are gone
time: 0.000; rss: 33MB	checking for inline asm in case the target doesn't support it
time: 0.000; rss: 33MB	complete gated feature checking 2
time: 0.000; rss: 33MB	assigning node ids and indexing ast
time: 0.000; rss: 33MB	external crate/lib resolution
time: 0.000; rss: 33MB	language item collection
time: 0.002; rss: 37MB	resolution
time: 0.000; rss: 37MB	lifetime resolution
time: 0.000; rss: 37MB	looking for entry point
time: 0.000; rss: 37MB	looking for plugin registrar
time: 0.000; rss: 37MB	region resolution
time: 0.000; rss: 37MB	loop checking
time: 0.000; rss: 37MB	static item recursion checking
time: 0.000; rss: 37MB	type collecting
time: 0.000; rss: 37MB	variance inference
time: 0.002; rss: 42MB	coherence checking
time: 0.000; rss: 42MB	wf checking (old)
time: 0.000; rss: 42MB	item-types checking
time: 0.012; rss: 48MB	item-bodies checking
time: 0.000; rss: 48MB	drop-impl checking
time: 0.000; rss: 48MB	wf checking (new)
time: 0.000; rss: 48MB	const checking
time: 0.000; rss: 48MB	privacy checking
time: 0.000; rss: 48MB	stability index
time: 0.000; rss: 48MB	intrinsic checking
time: 0.000; rss: 48MB	effect checking
time: 0.000; rss: 48MB	match checking
time: 0.000; rss: 48MB	liveness checking
time: 0.000; rss: 48MB	borrow checking
time: 0.000; rss: 48MB	rvalue checking
time: 0.000; rss: 48MB	reachability checking
time: 0.000; rss: 48MB	death checking
time: 0.000; rss: 48MB	stability checking
time: 0.000; rss: 48MB	unused lib feature checking
time: 0.000; rss: 48MB	lint checking
time: 0.000; rss: 48MB	resolving dependency formats
time: 0.004; rss: 62MB	translation
  time: 0.001; rss: 63MB	llvm function passes
  time: 0.003; rss: 63MB	llvm module passes
  time: 0.003; rss: 68MB	codegen passes
  time: 0.000; rss: 68MB	codegen passes
time: 0.009; rss: 68MB	LLVM passes
time: 0.001; rss: 68MB	linking
rustc: x86_64-unknown-linux-gnu/stage2/lib/rustlib/x86_64-unknown-linux-gnu/lib/liballoc
time: 0.009; rss: 31MB	parsing
time: 0.003; rss: 35MB	configuration 1
time: 0.000; rss: 35MB	recursion limit
time: 0.000; rss: 35MB	gated macro checking
time: 0.000; rss: 35MB	crate injection
time: 0.001; rss: 36MB	macro loading
time: 0.000; rss: 36MB	plugin loading
time: 0.000; rss: 36MB	plugin registration
time: 0.011; rss: 37MB	expansion
time: 0.000; rss: 37MB	complete gated feature checking 1
time: 0.003; rss: 37MB	configuration 2
time: 0.000; rss: 37MB	gated configuration checking
time: 0.001; rss: 37MB	maybe building test harness
time: 0.001; rss: 37MB	prelude injection
time: 0.000; rss: 37MB	checking that all macro invocations are gone
time: 0.000; rss: 37MB	checking for inline asm in case the target doesn't support it
time: 0.000; rss: 37MB	complete gated feature checking 2
time: 0.001; rss: 37MB	assigning node ids and indexing ast
time: 0.000; rss: 37MB	external crate/lib resolution
time: 0.000; rss: 37MB	language item collection
time: 0.007; rss: 51MB	resolution
time: 0.000; rss: 51MB	lifetime resolution
time: 0.000; rss: 50MB	looking for entry point
time: 0.000; rss: 50MB	looking for plugin registrar
time: 0.000; rss: 50MB	region resolution
time: 0.000; rss: 50MB	loop checking
time: 0.000; rss: 50MB	static item recursion checking
time: 0.003; rss: 53MB	type collecting
time: 0.000; rss: 53MB	variance inference
time: 0.043; rss: 68MB	coherence checking
time: 0.005; rss: 68MB	wf checking (old)
time: 0.004; rss: 68MB	item-types checking
time: 0.074; rss: 71MB	item-bodies checking
time: 0.000; rss: 71MB	drop-impl checking
time: 0.008; rss: 71MB	wf checking (new)
time: 0.005; rss: 71MB	const checking
time: 0.001; rss: 71MB	privacy checking
time: 0.000; rss: 71MB	stability index
time: 0.000; rss: 71MB	intrinsic checking
time: 0.000; rss: 71MB	effect checking
time: 0.001; rss: 71MB	match checking
time: 0.000; rss: 71MB	liveness checking
time: 0.008; rss: 71MB	borrow checking
time: 0.004; rss: 71MB	rvalue checking
time: 0.000; rss: 71MB	reachability checking
time: 0.001; rss: 71MB	death checking
time: 0.001; rss: 71MB	stability checking
time: 0.000; rss: 71MB	unused lib feature checking
time: 0.007; rss: 71MB	lint checking
time: 0.000; rss: 71MB	resolving dependency formats
time: 0.047; rss: 87MB	translation
  time: 0.002; rss: 74MB	llvm function passes
  time: 0.007; rss: 74MB	llvm module passes
  time: 0.005; rss: 79MB	codegen passes
  time: 0.000; rss: 79MB	codegen passes
time: 0.015; rss: 79MB	LLVM passes
time: 0.001; rss: 79MB	linking
rustc: x86_64-unknown-linux-gnu/stage2/lib/rustlib/x86_64-unknown-linux-gnu/lib/librustc_unicode
time: 0.032; rss: 41MB	parsing
time: 0.006; rss: 41MB	configuration 1
time: 0.000; rss: 41MB	recursion limit
time: 0.000; rss: 41MB	gated macro checking
time: 0.000; rss: 41MB	crate injection
time: 0.001; rss: 41MB	macro loading
time: 0.000; rss: 41MB	plugin loading
time: 0.000; rss: 41MB	plugin registration
time: 0.051; rss: 44MB	expansion
time: 0.000; rss: 44MB	complete gated feature checking 1
time: 0.006; rss: 44MB	configuration 2
time: 0.000; rss: 44MB	gated configuration checking
time: 0.003; rss: 44MB	maybe building test harness
time: 0.003; rss: 44MB	prelude injection
time: 0.000; rss: 44MB	checking that all macro invocations are gone
time: 0.000; rss: 44MB	checking for inline asm in case the target doesn't support it
time: 0.000; rss: 44MB	complete gated feature checking 2
time: 0.003; rss: 45MB	assigning node ids and indexing ast
time: 0.000; rss: 45MB	external crate/lib resolution
time: 0.000; rss: 45MB	language item collection
time: 0.005; rss: 53MB	resolution
time: 0.000; rss: 53MB	lifetime resolution
time: 0.000; rss: 53MB	looking for entry point
time: 0.000; rss: 53MB	looking for plugin registrar
time: 0.002; rss: 56MB	region resolution
time: 0.000; rss: 56MB	loop checking
time: 0.000; rss: 56MB	static item recursion checking
time: 0.002; rss: 57MB	type collecting
time: 0.000; rss: 57MB	variance inference
time: 0.041; rss: 70MB	coherence checking
time: 0.004; rss: 70MB	wf checking (old)
time: 0.049; rss: 72MB	item-types checking
time: 0.039; rss: 78MB	item-bodies checking
time: 0.000; rss: 78MB	drop-impl checking
time: 0.003; rss: 78MB	wf checking (new)
time: 0.011; rss: 78MB	const checking
time: 0.001; rss: 78MB	privacy checking
time: 0.000; rss: 78MB	stability index
time: 0.000; rss: 78MB	intrinsic checking
time: 0.000; rss: 78MB	effect checking
time: 0.001; rss: 78MB	match checking
time: 0.000; rss: 78MB	liveness checking
time: 0.003; rss: 78MB	borrow checking
time: 0.002; rss: 78MB	rvalue checking
time: 0.000; rss: 78MB	reachability checking
time: 0.001; rss: 78MB	death checking
time: 0.001; rss: 78MB	stability checking
time: 0.000; rss: 78MB	unused lib feature checking
time: 0.008; rss: 78MB	lint checking
time: 0.000; rss: 78MB	resolving dependency formats
time: 0.212; rss: 103MB	translation
  time: 0.015; rss: 79MB	llvm function passes
  time: 0.171; rss: 80MB	llvm module passes
  time: 0.073; rss: 84MB	codegen passes
  time: 0.001; rss: 83MB	codegen passes
time: 0.267; rss: 83MB	LLVM passes
time: 0.007; rss: 83MB	linking
rustc: x86_64-unknown-linux-gnu/stage2/lib/rustlib/x86_64-unknown-linux-gnu/lib/libcollections
time: 0.037; rss: 43MB	parsing
time: 0.014; rss: 43MB	configuration 1
time: 0.000; rss: 43MB	recursion limit
time: 0.001; rss: 43MB	gated macro checking
time: 0.000; rss: 43MB	crate injection
time: 0.001; rss: 43MB	macro loading
time: 0.000; rss: 43MB	plugin loading
time: 0.000; rss: 43MB	plugin registration
time: 0.089; rss: 47MB	expansion
time: 0.003; rss: 47MB	complete gated feature checking 1
time: 0.018; rss: 47MB	configuration 2
time: 0.000; rss: 47MB	gated configuration checking
time: 0.009; rss: 47MB	maybe building test harness
time: 0.008; rss: 47MB	prelude injection
time: 0.001; rss: 47MB	checking that all macro invocations are gone
time: 0.000; rss: 47MB	checking for inline asm in case the target doesn't support it
time: 0.002; rss: 47MB	complete gated feature checking 2
time: 0.010; rss: 48MB	assigning node ids and indexing ast
time: 0.001; rss: 48MB	external crate/lib resolution
time: 0.001; rss: 48MB	language item collection
time: 0.026; rss: 66MB	resolution
time: 0.001; rss: 64MB	lifetime resolution
time: 0.000; rss: 64MB	looking for entry point
time: 0.000; rss: 64MB	looking for plugin registrar
time: 0.004; rss: 65MB	region resolution
time: 0.001; rss: 65MB	loop checking
time: 0.000; rss: 65MB	static item recursion checking
time: 0.014; rss: 69MB	type collecting
time: 0.002; rss: 69MB	variance inference
time: 0.121; rss: 89MB	coherence checking
time: 0.043; rss: 89MB	wf checking (old)
time: 0.037; rss: 91MB	item-types checking
time: 1.197; rss: 116MB	item-bodies checking
time: 0.000; rss: 116MB	drop-impl checking
time: 0.102; rss: 116MB	wf checking (new)
time: 0.056; rss: 119MB	const checking
time: 0.008; rss: 119MB	privacy checking
time: 0.001; rss: 119MB	stability index
time: 0.006; rss: 119MB	intrinsic checking
time: 0.002; rss: 119MB	effect checking
time: 0.015; rss: 119MB	match checking
time: 0.005; rss: 119MB	liveness checking
time: 0.114; rss: 119MB	borrow checking
time: 0.095; rss: 119MB	rvalue checking
time: 0.003; rss: 119MB	reachability checking
time: 0.006; rss: 119MB	death checking
time: 0.008; rss: 119MB	stability checking
time: 0.000; rss: 119MB	unused lib feature checking
time: 0.117; rss: 119MB	lint checking
time: 0.000; rss: 119MB	resolving dependency formats
time: 0.450; rss: 153MB	translation
  time: 0.037; rss: 92MB	llvm function passes
  time: 0.415; rss: 94MB	llvm module passes
  time: 0.155; rss: 98MB	codegen passes
  time: 0.001; rss: 97MB	codegen passes
time: 0.616; rss: 96MB	LLVM passes
time: 0.013; rss: 97MB	linking
rustc: x86_64-unknown-linux-gnu/stage2/lib/rustlib/x86_64-unknown-linux-gnu/lib/liballoc_jemalloc
time: 0.000; rss: 29MB	parsing
time: 0.000; rss: 33MB	configuration 1
time: 0.000; rss: 33MB	recursion limit
time: 0.000; rss: 33MB	gated macro checking
time: 0.000; rss: 33MB	crate injection
time: 0.001; rss: 33MB	macro loading
time: 0.000; rss: 33MB	plugin loading
time: 0.000; rss: 33MB	plugin registration
time: 0.001; rss: 33MB	expansion
time: 0.000; rss: 33MB	complete gated feature checking 1
time: 0.000; rss: 33MB	configuration 2
time: 0.000; rss: 33MB	gated configuration checking
time: 0.000; rss: 33MB	maybe building test harness
time: 0.000; rss: 33MB	prelude injection
time: 0.000; rss: 33MB	checking that all macro invocations are gone
time: 0.000; rss: 33MB	checking for inline asm in case the target doesn't support it
time: 0.000; rss: 33MB	complete gated feature checking 2
time: 0.000; rss: 33MB	assigning node ids and indexing ast
time: 0.000; rss: 33MB	external crate/lib resolution
time: 0.000; rss: 33MB	language item collection
time: 0.002; rss: 38MB	resolution
time: 0.000; rss: 38MB	lifetime resolution
time: 0.000; rss: 38MB	looking for entry point
time: 0.000; rss: 38MB	looking for plugin registrar
time: 0.000; rss: 38MB	region resolution
time: 0.000; rss: 38MB	loop checking
time: 0.000; rss: 38MB	static item recursion checking
time: 0.000; rss: 38MB	type collecting
time: 0.000; rss: 38MB	variance inference
time: 0.002; rss: 42MB	coherence checking
time: 0.000; rss: 42MB	wf checking (old)
time: 0.000; rss: 42MB	item-types checking
time: 0.010; rss: 48MB	item-bodies checking
time: 0.000; rss: 48MB	drop-impl checking
time: 0.000; rss: 48MB	wf checking (new)
time: 0.000; rss: 48MB	const checking
time: 0.000; rss: 48MB	privacy checking
time: 0.000; rss: 48MB	stability index
time: 0.000; rss: 48MB	intrinsic checking
time: 0.000; rss: 48MB	effect checking
time: 0.000; rss: 48MB	match checking
time: 0.000; rss: 48MB	liveness checking
time: 0.000; rss: 48MB	borrow checking
time: 0.000; rss: 48MB	rvalue checking
time: 0.000; rss: 48MB	reachability checking
time: 0.000; rss: 48MB	death checking
time: 0.000; rss: 48MB	stability checking
time: 0.000; rss: 48MB	unused lib feature checking
time: 0.000; rss: 48MB	lint checking
time: 0.000; rss: 48MB	resolving dependency formats
time: 0.004; rss: 63MB	translation
  time: 0.001; rss: 63MB	llvm function passes
  time: 0.002; rss: 63MB	llvm module passes
  time: 0.003; rss: 68MB	codegen passes
  time: 0.000; rss: 68MB	codegen passes
time: 0.008; rss: 68MB	LLVM passes
time: 0.002; rss: 68MB	linking
rustc: x86_64-unknown-linux-gnu/stage2/lib/rustlib/x86_64-unknown-linux-gnu/lib/libstd
time: 0.148; rss: 75MB	parsing
time: 0.049; rss: 73MB	configuration 1
time: 0.000; rss: 73MB	recursion limit
time: 0.003; rss: 73MB	gated macro checking
time: 0.000; rss: 73MB	crate injection
time: 0.004; rss: 74MB	macro loading
time: 0.000; rss: 74MB	plugin loading
time: 0.000; rss: 74MB	plugin registration
time: 0.235; rss: 69MB	expansion
time: 0.008; rss: 69MB	complete gated feature checking 1
time: 0.047; rss: 69MB	configuration 2
time: 0.000; rss: 69MB	gated configuration checking
time: 0.024; rss: 69MB	maybe building test harness
time: 0.023; rss: 69MB	prelude injection
time: 0.003; rss: 69MB	checking that all macro invocations are gone
time: 0.000; rss: 69MB	checking for inline asm in case the target doesn't support it
time: 0.007; rss: 69MB	complete gated feature checking 2
time: 0.027; rss: 72MB	assigning node ids and indexing ast
time: 0.004; rss: 72MB	external crate/lib resolution
time: 0.005; rss: 72MB	language item collection
time: 0.069; rss: 106MB	resolution
time: 0.005; rss: 104MB	lifetime resolution
time: 0.000; rss: 104MB	looking for entry point
time: 0.003; rss: 104MB	looking for plugin registrar
time: 0.015; rss: 109MB	region resolution
time: 0.003; rss: 109MB	loop checking
time: 0.003; rss: 109MB	static item recursion checking
time: 0.029; rss: 113MB	type collecting
time: 0.006; rss: 113MB	variance inference
time: 0.120; rss: 140MB	coherence checking
time: 0.040; rss: 142MB	wf checking (old)
time: 0.071; rss: 142MB	item-types checking
time: 1.164; rss: 177MB	item-bodies checking
time: 0.000; rss: 177MB	drop-impl checking
time: 0.110; rss: 177MB	wf checking (new)
time: 0.110; rss: 177MB	const checking
time: 0.027; rss: 177MB	privacy checking
time: 0.002; rss: 177MB	stability index
time: 0.010; rss: 177MB	intrinsic checking
time: 0.005; rss: 177MB	effect checking
time: 0.024; rss: 177MB	match checking
time: 0.013; rss: 177MB	liveness checking
time: 0.194; rss: 177MB	borrow checking
time: 0.137; rss: 177MB	rvalue checking
time: 0.009; rss: 177MB	reachability checking
time: 0.020; rss: 177MB	death checking
time: 0.021; rss: 177MB	stability checking
time: 0.000; rss: 177MB	unused lib feature checking
time: 0.095; rss: 177MB	lint checking
time: 0.000; rss: 177MB	resolving dependency formats
time: 1.307; rss: 261MB	translation
  time: 0.309; rss: 157MB	llvm function passes
  time: 4.098; rss: 164MB	llvm module passes
  time: 1.739; rss: 168MB	codegen passes
  time: 0.002; rss: 157MB	codegen passes
time: 6.264; rss: 157MB	LLVM passes
  time: 0.001; rss: 157MB	altering collections-a5fc0d6c.rlib
  time: 0.000; rss: 157MB	altering alloc-a5fc0d6c.rlib
  time: 0.000; rss: 157MB	altering rustc_unicode-a5fc0d6c.rlib
  time: 0.001; rss: 157MB	altering alloc_jemalloc-a5fc0d6c.rlib
  time: 0.000; rss: 157MB	altering libc-a5fc0d6c.rlib
  time: 0.000; rss: 157MB	altering rand-a5fc0d6c.rlib
  time: 0.001; rss: 157MB	altering core-a5fc0d6c.rlib
  time: 0.147; rss: 161MB	running linker
time: 0.226; rss: 160MB	linking
rustc: x86_64-unknown-linux-gnu/stage2/lib/rustlib/x86_64-unknown-linux-gnu/lib/libflate
time: 0.001; rss: 29MB	parsing
time: 0.000; rss: 33MB	configuration 1
time: 0.000; rss: 33MB	recursion limit
time: 0.000; rss: 33MB	gated macro checking
time: 0.000; rss: 33MB	crate injection
time: 0.002; rss: 35MB	macro loading
time: 0.000; rss: 35MB	plugin loading
time: 0.000; rss: 35MB	plugin registration
time: 0.002; rss: 35MB	expansion
time: 0.000; rss: 35MB	complete gated feature checking 1
time: 0.000; rss: 35MB	configuration 2
time: 0.000; rss: 35MB	gated configuration checking
time: 0.000; rss: 35MB	maybe building test harness
time: 0.000; rss: 35MB	prelude injection
time: 0.000; rss: 35MB	checking that all macro invocations are gone
time: 0.000; rss: 35MB	checking for inline asm in case the target doesn't support it
time: 0.000; rss: 35MB	complete gated feature checking 2
time: 0.000; rss: 35MB	assigning node ids and indexing ast
time: 0.001; rss: 38MB	external crate/lib resolution
time: 0.000; rss: 38MB	language item collection
time: 0.005; rss: 46MB	resolution
time: 0.000; rss: 46MB	lifetime resolution
time: 0.000; rss: 46MB	looking for entry point
time: 0.000; rss: 46MB	looking for plugin registrar
time: 0.000; rss: 46MB	region resolution
time: 0.000; rss: 46MB	loop checking
time: 0.000; rss: 46MB	static item recursion checking
time: 0.001; rss: 50MB	type collecting
time: 0.000; rss: 50MB	variance inference
time: 0.030; rss: 76MB	coherence checking
time: 0.001; rss: 76MB	wf checking (old)
time: 0.001; rss: 76MB	item-types checking
time: 0.016; rss: 78MB	item-bodies checking
time: 0.000; rss: 78MB	drop-impl checking
time: 0.001; rss: 78MB	wf checking (new)
time: 0.000; rss: 78MB	const checking
time: 0.000; rss: 78MB	privacy checking
time: 0.000; rss: 78MB	stability index
time: 0.000; rss: 78MB	intrinsic checking
time: 0.000; rss: 78MB	effect checking
time: 0.000; rss: 78MB	match checking
time: 0.000; rss: 78MB	liveness checking
time: 0.001; rss: 78MB	borrow checking
time: 0.000; rss: 78MB	rvalue checking
time: 0.000; rss: 78MB	reachability checking
time: 0.000; rss: 78MB	death checking
time: 0.000; rss: 78MB	stability checking
time: 0.000; rss: 78MB	unused lib feature checking
time: 0.001; rss: 78MB	lint checking
time: 0.001; rss: 78MB	resolving dependency formats
time: 0.017; rss: 93MB	translation
  time: 0.003; rss: 88MB	llvm function passes
  time: 0.007; rss: 88MB	llvm module passes
  time: 0.007; rss: 93MB	codegen passes
  time: 0.000; rss: 92MB	codegen passes
time: 0.018; rss: 92MB	LLVM passes
  time: 0.020; rss: 98MB	running linker
time: 0.021; rss: 97MB	linking
rustc: x86_64-unknown-linux-gnu/stage2/lib/rustlib/x86_64-unknown-linux-gnu/lib/libarena
time: 0.002; rss: 29MB	parsing
time: 0.001; rss: 33MB	configuration 1
time: 0.000; rss: 33MB	recursion limit
time: 0.000; rss: 33MB	gated macro checking
time: 0.000; rss: 33MB	crate injection
time: 0.002; rss: 36MB	macro loading
time: 0.000; rss: 36MB	plugin loading
time: 0.000; rss: 36MB	plugin registration
time: 0.003; rss: 37MB	expansion
time: 0.000; rss: 37MB	complete gated feature checking 1
time: 0.001; rss: 37MB	configuration 2
time: 0.000; rss: 37MB	gated configuration checking
time: 0.000; rss: 37MB	maybe building test harness
time: 0.000; rss: 38MB	prelude injection
time: 0.000; rss: 38MB	checking that all macro invocations are gone
time: 0.000; rss: 38MB	checking for inline asm in case the target doesn't support it
time: 0.000; rss: 38MB	complete gated feature checking 2
time: 0.000; rss: 38MB	assigning node ids and indexing ast
time: 0.001; rss: 38MB	external crate/lib resolution
time: 0.000; rss: 38MB	language item collection
time: 0.003; rss: 45MB	resolution
time: 0.000; rss: 45MB	lifetime resolution
time: 0.000; rss: 45MB	looking for entry point
time: 0.000; rss: 45MB	looking for plugin registrar
time: 0.000; rss: 45MB	region resolution
time: 0.000; rss: 45MB	loop checking
time: 0.000; rss: 45MB	static item recursion checking
time: 0.001; rss: 48MB	type collecting
time: 0.000; rss: 48MB	variance inference
time: 0.020; rss: 67MB	coherence checking
time: 0.001; rss: 67MB	wf checking (old)
time: 0.000; rss: 67MB	item-types checking
time: 0.084; rss: 90MB	item-bodies checking
time: 0.000; rss: 90MB	drop-impl checking
time: 0.001; rss: 90MB	wf checking (new)
time: 0.002; rss: 90MB	const checking
time: 0.000; rss: 90MB	privacy checking
time: 0.000; rss: 90MB	stability index
time: 0.000; rss: 90MB	intrinsic checking
time: 0.000; rss: 90MB	effect checking
time: 0.000; rss: 90MB	match checking
time: 0.000; rss: 90MB	liveness checking
time: 0.002; rss: 90MB	borrow checking
time: 0.001; rss: 90MB	rvalue checking
time: 0.000; rss: 90MB	reachability checking
time: 0.000; rss: 90MB	death checking
time: 0.000; rss: 90MB	stability checking
time: 0.000; rss: 90MB	unused lib feature checking
time: 0.004; rss: 90MB	lint checking
time: 0.001; rss: 90MB	resolving dependency formats
time: 0.048; rss: 107MB	translation
  time: 0.010; rss: 89MB	llvm function passes
  time: 0.073; rss: 90MB	llvm module passes
  time: 0.028; rss: 95MB	codegen passes
  time: 0.000; rss: 94MB	codegen passes
time: 0.114; rss: 94MB	LLVM passes
  time: 0.015; rss: 98MB	running linker
time: 0.018; rss: 98MB	linking
rustc: x86_64-unknown-linux-gnu/stage2/lib/rustlib/x86_64-unknown-linux-gnu/lib/liblog
time: 0.002; rss: 29MB	parsing
time: 0.001; rss: 33MB	configuration 1
time: 0.000; rss: 33MB	recursion limit
time: 0.000; rss: 33MB	gated macro checking
time: 0.000; rss: 33MB	crate injection
time: 0.002; rss: 35MB	macro loading
time: 0.000; rss: 35MB	plugin loading
time: 0.000; rss: 35MB	plugin registration
time: 0.005; rss: 35MB	expansion
time: 0.000; rss: 35MB	complete gated feature checking 1
time: 0.001; rss: 35MB	configuration 2
time: 0.000; rss: 35MB	gated configuration checking
time: 0.000; rss: 35MB	maybe building test harness
time: 0.000; rss: 35MB	prelude injection
time: 0.000; rss: 35MB	checking that all macro invocations are gone
time: 0.000; rss: 35MB	checking for inline asm in case the target doesn't support it
time: 0.000; rss: 35MB	complete gated feature checking 2
time: 0.000; rss: 35MB	assigning node ids and indexing ast
time: 0.001; rss: 35MB	external crate/lib resolution
time: 0.000; rss: 35MB	language item collection
time: 0.004; rss: 50MB	resolution
time: 0.000; rss: 50MB	lifetime resolution
time: 0.000; rss: 50MB	looking for entry point
time: 0.000; rss: 50MB	looking for plugin registrar
time: 0.000; rss: 50MB	region resolution
time: 0.000; rss: 50MB	loop checking
time: 0.000; rss: 50MB	static item recursion checking
time: 0.002; rss: 50MB	type collecting
time: 0.000; rss: 50MB	variance inference
time: 0.026; rss: 72MB	coherence checking
time: 0.001; rss: 72MB	wf checking (old)
time: 0.002; rss: 72MB	item-types checking
time: 0.095; rss: 91MB	item-bodies checking
time: 0.000; rss: 91MB	drop-impl checking
time: 0.001; rss: 91MB	wf checking (new)
time: 0.005; rss: 91MB	const checking
time: 0.000; rss: 91MB	privacy checking
time: 0.000; rss: 91MB	stability index
time: 0.000; rss: 91MB	intrinsic checking
time: 0.000; rss: 91MB	effect checking
time: 0.000; rss: 91MB	match checking
time: 0.000; rss: 91MB	liveness checking
time: 0.002; rss: 91MB	borrow checking
time: 0.001; rss: 91MB	rvalue checking
time: 0.000; rss: 91MB	reachability checking
time: 0.000; rss: 91MB	death checking
time: 0.001; rss: 91MB	stability checking
time: 0.000; rss: 91MB	unused lib feature checking
time: 0.002; rss: 91MB	lint checking
time: 0.001; rss: 91MB	resolving dependency formats
time: 0.111; rss: 118MB	translation
  time: 0.029; rss: 94MB	llvm function passes
  time: 0.430; rss: 97MB	llvm module passes
  time: 0.097; rss: 100MB	codegen passes
  time: 0.000; rss: 98MB	codegen passes
time: 0.562; rss: 98MB	LLVM passes
  time: 0.020; rss: 102MB	running linker
time: 0.024; rss: 102MB	linking
rustc: x86_64-unknown-linux-gnu/stage2/lib/rustlib/x86_64-unknown-linux-gnu/lib/libterm
time: 0.008; rss: 35MB	parsing
time: 0.002; rss: 35MB	configuration 1
time: 0.000; rss: 35MB	recursion limit
time: 0.000; rss: 35MB	gated macro checking
time: 0.000; rss: 35MB	crate injection
time: 0.003; rss: 38MB	macro loading
time: 0.000; rss: 38MB	plugin loading
time: 0.000; rss: 38MB	plugin registration
time: 0.020; rss: 39MB	expansion
time: 0.000; rss: 39MB	complete gated feature checking 1
time: 0.003; rss: 39MB	configuration 2
time: 0.000; rss: 39MB	gated configuration checking
time: 0.001; rss: 39MB	maybe building test harness
time: 0.001; rss: 39MB	prelude injection
time: 0.000; rss: 39MB	checking that all macro invocations are gone
time: 0.000; rss: 39MB	checking for inline asm in case the target doesn't support it
time: 0.000; rss: 39MB	complete gated feature checking 2
time: 0.002; rss: 40MB	assigning node ids and indexing ast
time: 0.002; rss: 40MB	external crate/lib resolution
time: 0.000; rss: 40MB	language item collection
time: 0.007; rss: 54MB	resolution
time: 0.000; rss: 54MB	lifetime resolution
time: 0.000; rss: 54MB	looking for entry point
time: 0.000; rss: 54MB	looking for plugin registrar
time: 0.001; rss: 54MB	region resolution
time: 0.000; rss: 54MB	loop checking
time: 0.000; rss: 54MB	static item recursion checking
time: 0.002; rss: 54MB	type collecting
time: 0.000; rss: 54MB	variance inference
time: 0.024; rss: 75MB	coherence checking
time: 0.002; rss: 75MB	wf checking (old)
time: 0.016; rss: 78MB	item-types checking
time: 0.192; rss: 104MB	item-bodies checking
time: 0.000; rss: 104MB	drop-impl checking
time: 0.003; rss: 104MB	wf checking (new)
time: 0.007; rss: 104MB	const checking
time: 0.001; rss: 104MB	privacy checking
time: 0.000; rss: 104MB	stability index
time: 0.000; rss: 104MB	intrinsic checking
time: 0.000; rss: 104MB	effect checking
time: 0.001; rss: 104MB	match checking
time: 0.001; rss: 104MB	liveness checking
time: 0.011; rss: 104MB	borrow checking
time: 0.004; rss: 104MB	rvalue checking
time: 0.000; rss: 104MB	reachability checking
time: 0.001; rss: 104MB	death checking
time: 0.002; rss: 104MB	stability checking
time: 0.000; rss: 104MB	unused lib feature checking
time: 0.006; rss: 104MB	lint checking
time: 0.001; rss: 104MB	resolving dependency formats
time: 0.257; rss: 140MB	translation
  time: 0.078; rss: 105MB	llvm function passes
  time: 1.260; rss: 109MB	llvm module passes
  time: 0.486; rss: 117MB	codegen passes
  time: 0.001; rss: 117MB	codegen passes
time: 1.850; rss: 117MB	LLVM passes
  time: 0.026; rss: 119MB	running linker
time: 0.044; rss: 119MB	linking
rustc: x86_64-unknown-linux-gnu/stage2/lib/rustlib/x86_64-unknown-linux-gnu/lib/libserialize
time: 0.018; rss: 39MB	parsing
time: 0.006; rss: 38MB	configuration 1
time: 0.000; rss: 38MB	recursion limit
time: 0.000; rss: 38MB	gated macro checking
time: 0.000; rss: 38MB	crate injection
time: 0.003; rss: 40MB	macro loading
time: 0.000; rss: 40MB	plugin loading
time: 0.000; rss: 40MB	plugin registration
time: 0.074; rss: 45MB	expansion
time: 0.002; rss: 45MB	complete gated feature checking 1
time: 0.013; rss: 45MB	configuration 2
time: 0.000; rss: 45MB	gated configuration checking
time: 0.007; rss: 45MB	maybe building test harness
time: 0.006; rss: 45MB	prelude injection
time: 0.000; rss: 45MB	checking that all macro invocations are gone
time: 0.000; rss: 45MB	checking for inline asm in case the target doesn't support it
time: 0.001; rss: 45MB	complete gated feature checking 2
time: 0.008; rss: 48MB	assigning node ids and indexing ast
time: 0.002; rss: 48MB	external crate/lib resolution
time: 0.001; rss: 48MB	language item collection
time: 0.024; rss: 68MB	resolution
time: 0.001; rss: 69MB	lifetime resolution
time: 0.000; rss: 69MB	looking for entry point
time: 0.000; rss: 69MB	looking for plugin registrar
time: 0.004; rss: 71MB	region resolution
time: 0.001; rss: 71MB	loop checking
time: 0.001; rss: 71MB	static item recursion checking
time: 0.009; rss: 74MB	type collecting
time: 0.001; rss: 74MB	variance inference
time: 0.083; rss: 105MB	coherence checking
time: 0.015; rss: 105MB	wf checking (old)
time: 0.020; rss: 105MB	item-types checking
time: 0.851; rss: 129MB	item-bodies checking
time: 0.000; rss: 129MB	drop-impl checking
time: 0.053; rss: 129MB	wf checking (new)
time: 0.120; rss: 129MB	const checking
time: 0.005; rss: 129MB	privacy checking
time: 0.000; rss: 129MB	stability index
time: 0.003; rss: 129MB	intrinsic checking
time: 0.001; rss: 129MB	effect checking
time: 0.013; rss: 129MB	match checking
time: 0.005; rss: 129MB	liveness checking
time: 0.236; rss: 129MB	borrow checking
time: 0.164; rss: 129MB	rvalue checking
time: 0.002; rss: 129MB	reachability checking
time: 0.005; rss: 129MB	death checking
time: 0.007; rss: 129MB	stability checking
time: 0.000; rss: 129MB	unused lib feature checking
time: 0.030; rss: 129MB	lint checking
time: 0.001; rss: 129MB	resolving dependency formats
time: 0.462; rss: 172MB	translation
  time: 0.100; rss: 113MB	llvm function passes
  time: 2.827; rss: 130MB	llvm module passes
  time: 0.558; rss: 134MB	codegen passes
  time: 0.001; rss: 134MB	codegen passes
time: 3.520; rss: 134MB	LLVM passes
  time: 0.028; rss: 140MB	running linker
time: 0.051; rss: 136MB	linking
rustc: x86_64-unknown-linux-gnu/stage2/lib/rustlib/x86_64-unknown-linux-gnu/lib/libgetopts
time: 0.005; rss: 34MB	parsing
time: 0.001; rss: 35MB	configuration 1
time: 0.000; rss: 35MB	recursion limit
time: 0.000; rss: 35MB	gated macro checking
time: 0.000; rss: 35MB	crate injection
time: 0.002; rss: 37MB	macro loading
time: 0.000; rss: 37MB	plugin loading
time: 0.000; rss: 37MB	plugin registration
time: 0.012; rss: 38MB	expansion
time: 0.000; rss: 38MB	complete gated feature checking 1
time: 0.002; rss: 38MB	configuration 2
time: 0.000; rss: 38MB	gated configuration checking
time: 0.001; rss: 38MB	maybe building test harness
time: 0.001; rss: 38MB	prelude injection
time: 0.000; rss: 38MB	checking that all macro invocations are gone
time: 0.000; rss: 38MB	checking for inline asm in case the target doesn't support it
time: 0.000; rss: 38MB	complete gated feature checking 2
time: 0.001; rss: 39MB	assigning node ids and indexing ast
time: 0.001; rss: 39MB	external crate/lib resolution
time: 0.000; rss: 39MB	language item collection
time: 0.005; rss: 48MB	resolution
time: 0.000; rss: 48MB	lifetime resolution
time: 0.000; rss: 48MB	looking for entry point
time: 0.000; rss: 48MB	looking for plugin registrar
time: 0.001; rss: 48MB	region resolution
time: 0.000; rss: 48MB	loop checking
time: 0.000; rss: 48MB	static item recursion checking
time: 0.001; rss: 50MB	type collecting
time: 0.000; rss: 50MB	variance inference
time: 0.025; rss: 72MB	coherence checking
time: 0.002; rss: 72MB	wf checking (old)
time: 0.002; rss: 72MB	item-types checking
time: 0.138; rss: 93MB	item-bodies checking
time: 0.000; rss: 93MB	drop-impl checking
time: 0.003; rss: 93MB	wf checking (new)
time: 0.004; rss: 93MB	const checking
time: 0.001; rss: 93MB	privacy checking
time: 0.000; rss: 93MB	stability index
time: 0.000; rss: 93MB	intrinsic checking
time: 0.000; rss: 93MB	effect checking
time: 0.001; rss: 93MB	match checking
time: 0.001; rss: 93MB	liveness checking
time: 0.007; rss: 96MB	borrow checking
time: 0.003; rss: 96MB	rvalue checking
time: 0.000; rss: 96MB	reachability checking
time: 0.001; rss: 96MB	death checking
time: 0.001; rss: 96MB	stability checking
time: 0.000; rss: 96MB	unused lib feature checking
time: 0.005; rss: 96MB	lint checking
time: 0.001; rss: 96MB	resolving dependency formats
time: 0.192; rss: 123MB	translation
  time: 0.053; rss: 98MB	llvm function passes
  time: 0.957; rss: 102MB	llvm module passes
  time: 0.386; rss: 109MB	codegen passes
  time: 0.001; rss: 108MB	codegen passes
time: 1.418; rss: 108MB	LLVM passes
  time: 0.023; rss: 115MB	running linker
time: 0.035; rss: 112MB	linking
rustc: x86_64-unknown-linux-gnu/stage2/lib/rustlib/x86_64-unknown-linux-gnu/lib/librbml
time: 0.005; rss: 35MB	parsing
time: 0.002; rss: 35MB	configuration 1
time: 0.000; rss: 35MB	recursion limit
time: 0.000; rss: 35MB	gated macro checking
time: 0.000; rss: 35MB	crate injection
time: 0.003; rss: 36MB	macro loading
time: 0.000; rss: 36MB	plugin loading
time: 0.000; rss: 36MB	plugin registration
time: 0.021; rss: 40MB	expansion
time: 0.000; rss: 40MB	complete gated feature checking 1
time: 0.003; rss: 40MB	configuration 2
time: 0.000; rss: 40MB	gated configuration checking
time: 0.002; rss: 40MB	maybe building test harness
time: 0.002; rss: 40MB	prelude injection
time: 0.000; rss: 40MB	checking that all macro invocations are gone
time: 0.000; rss: 40MB	checking for inline asm in case the target doesn't support it
time: 0.000; rss: 40MB	complete gated feature checking 2
time: 0.002; rss: 40MB	assigning node ids and indexing ast
time: 0.002; rss: 40MB	external crate/lib resolution
time: 0.000; rss: 40MB	language item collection
time: 0.007; rss: 53MB	resolution
time: 0.000; rss: 52MB	lifetime resolution
time: 0.000; rss: 52MB	looking for entry point
time: 0.000; rss: 52MB	looking for plugin registrar
time: 0.001; rss: 52MB	region resolution
time: 0.000; rss: 52MB	loop checking
time: 0.000; rss: 52MB	static item recursion checking
time: 0.003; rss: 55MB	type collecting
time: 0.000; rss: 55MB	variance inference
time: 0.063; rss: 87MB	coherence checking
time: 0.002; rss: 87MB	wf checking (old)
time: 0.011; rss: 87MB	item-types checking
time: 0.151; rss: 103MB	item-bodies checking
time: 0.000; rss: 103MB	drop-impl checking
time: 0.008; rss: 105MB	wf checking (new)
time: 0.016; rss: 105MB	const checking
time: 0.001; rss: 105MB	privacy checking
time: 0.000; rss: 105MB	stability index
time: 0.001; rss: 105MB	intrinsic checking
time: 0.000; rss: 105MB	effect checking
time: 0.002; rss: 105MB	match checking
time: 0.001; rss: 105MB	liveness checking
time: 0.021; rss: 105MB	borrow checking
time: 0.014; rss: 105MB	rvalue checking
time: 0.000; rss: 105MB	reachability checking
time: 0.001; rss: 105MB	death checking
time: 0.002; rss: 105MB	stability checking
time: 0.000; rss: 105MB	unused lib feature checking
time: 0.007; rss: 105MB	lint checking
time: 0.001; rss: 105MB	resolving dependency formats
time: 0.098; rss: 126MB	translation
  time: 0.023; rss: 98MB	llvm function passes
  time: 0.218; rss: 101MB	llvm module passes
  time: 0.115; rss: 104MB	codegen passes
  time: 0.000; rss: 103MB	codegen passes
time: 0.363; rss: 103MB	LLVM passes
  time: 0.023; rss: 107MB	running linker
time: 0.029; rss: 107MB	linking
rustc: x86_64-unknown-linux-gnu/stage2/lib/rustlib/x86_64-unknown-linux-gnu/lib/libtest
time: 0.007; rss: 35MB	parsing
time: 0.002; rss: 35MB	configuration 1
time: 0.000; rss: 35MB	recursion limit
time: 0.000; rss: 35MB	gated macro checking
time: 0.000; rss: 35MB	crate injection
time: 0.002; rss: 37MB	macro loading
time: 0.000; rss: 37MB	plugin loading
time: 0.000; rss: 37MB	plugin registration
time: 0.017; rss: 39MB	expansion
time: 0.000; rss: 39MB	complete gated feature checking 1
time: 0.003; rss: 39MB	configuration 2
time: 0.000; rss: 39MB	gated configuration checking
time: 0.002; rss: 39MB	maybe building test harness
time: 0.001; rss: 39MB	prelude injection
time: 0.000; rss: 39MB	checking that all macro invocations are gone
time: 0.000; rss: 39MB	checking for inline asm in case the target doesn't support it
time: 0.000; rss: 39MB	complete gated feature checking 2
time: 0.002; rss: 39MB	assigning node ids and indexing ast
time: 0.002; rss: 39MB	external crate/lib resolution
time: 0.000; rss: 39MB	language item collection
time: 0.010; rss: 56MB	resolution
time: 0.000; rss: 56MB	lifetime resolution
time: 0.000; rss: 56MB	looking for entry point
time: 0.000; rss: 56MB	looking for plugin registrar
time: 0.001; rss: 56MB	region resolution
time: 0.000; rss: 56MB	loop checking
time: 0.000; rss: 56MB	static item recursion checking
time: 0.004; rss: 60MB	type collecting
time: 0.000; rss: 60MB	variance inference
time: 0.028; rss: 76MB	coherence checking
time: 0.002; rss: 76MB	wf checking (old)
time: 0.004; rss: 79MB	item-types checking
time: 0.207; rss: 108MB	item-bodies checking
time: 0.000; rss: 108MB	drop-impl checking
time: 0.006; rss: 108MB	wf checking (new)
time: 0.008; rss: 108MB	const checking
time: 0.001; rss: 108MB	privacy checking
time: 0.000; rss: 108MB	stability index
time: 0.000; rss: 108MB	intrinsic checking
time: 0.000; rss: 108MB	effect checking
time: 0.002; rss: 108MB	match checking
time: 0.001; rss: 108MB	liveness checking
time: 0.013; rss: 108MB	borrow checking
time: 0.007; rss: 108MB	rvalue checking
time: 0.000; rss: 108MB	reachability checking
time: 0.001; rss: 108MB	death checking
time: 0.002; rss: 108MB	stability checking
time: 0.000; rss: 108MB	unused lib feature checking
time: 0.008; rss: 108MB	lint checking
time: 0.001; rss: 108MB	resolving dependency formats
time: 0.447; rss: 153MB	translation
  time: 0.127; rss: 114MB	llvm function passes
  time: 2.709; rss: 118MB	llvm module passes
  time: 0.818; rss: 125MB	codegen passes
  time: 0.001; rss: 124MB	codegen passes
time: 3.708; rss: 124MB	LLVM passes
  time: 0.027; rss: 130MB	running linker
time: 0.057; rss: 128MB	linking
rustc: x86_64-unknown-linux-gnu/stage2/lib/rustlib/x86_64-unknown-linux-gnu/lib/libgraphviz
time: 0.003; rss: 29MB	parsing
time: 0.001; rss: 33MB	configuration 1
time: 0.000; rss: 33MB	recursion limit
time: 0.000; rss: 33MB	gated macro checking
time: 0.000; rss: 33MB	crate injection
time: 0.002; rss: 36MB	macro loading
time: 0.000; rss: 36MB	plugin loading
time: 0.000; rss: 36MB	plugin registration
time: 0.004; rss: 36MB	expansion
time: 0.000; rss: 36MB	complete gated feature checking 1
time: 0.001; rss: 36MB	configuration 2
time: 0.000; rss: 36MB	gated configuration checking
time: 0.000; rss: 36MB	maybe building test harness
time: 0.000; rss: 36MB	prelude injection
time: 0.000; rss: 36MB	checking that all macro invocations are gone
time: 0.000; rss: 36MB	checking for inline asm in case the target doesn't support it
time: 0.000; rss: 36MB	complete gated feature checking 2
time: 0.000; rss: 36MB	assigning node ids and indexing ast
time: 0.001; rss: 36MB	external crate/lib resolution
time: 0.000; rss: 36MB	language item collection
time: 0.004; rss: 47MB	resolution
time: 0.000; rss: 47MB	lifetime resolution
time: 0.000; rss: 47MB	looking for entry point
time: 0.000; rss: 47MB	looking for plugin registrar
time: 0.000; rss: 47MB	region resolution
time: 0.000; rss: 47MB	loop checking
time: 0.000; rss: 47MB	static item recursion checking
time: 0.001; rss: 50MB	type collecting
time: 0.000; rss: 50MB	variance inference
time: 0.024; rss: 69MB	coherence checking
time: 0.001; rss: 69MB	wf checking (old)
time: 0.001; rss: 69MB	item-types checking
time: 0.086; rss: 93MB	item-bodies checking
time: 0.000; rss: 93MB	drop-impl checking
time: 0.002; rss: 93MB	wf checking (new)
time: 0.002; rss: 93MB	const checking
time: 0.000; rss: 93MB	privacy checking
time: 0.000; rss: 93MB	stability index
time: 0.000; rss: 93MB	intrinsic checking
time: 0.000; rss: 93MB	effect checking
time: 0.001; rss: 93MB	match checking
time: 0.000; rss: 93MB	liveness checking
time: 0.003; rss: 93MB	borrow checking
time: 0.002; rss: 93MB	rvalue checking
time: 0.000; rss: 93MB	reachability checking
time: 0.000; rss: 93MB	death checking
time: 0.000; rss: 93MB	stability checking
time: 0.000; rss: 93MB	unused lib feature checking
time: 0.002; rss: 93MB	lint checking
time: 0.001; rss: 93MB	resolving dependency formats
time: 0.052; rss: 109MB	translation
  time: 0.011; rss: 90MB	llvm function passes
  time: 0.082; rss: 91MB	llvm module passes
  time: 0.026; rss: 95MB	codegen passes
  time: 0.000; rss: 95MB	codegen passes
time: 0.121; rss: 95MB	LLVM passes
  time: 0.020; rss: 99MB	running linker
time: 0.022; rss: 99MB	linking
rustc: x86_64-unknown-linux-gnu/stage2/lib/rustlib/x86_64-unknown-linux-gnu/lib/librustc_bitflags
time: 0.001; rss: 29MB	parsing
time: 0.000; rss: 29MB	configuration 1
time: 0.000; rss: 29MB	recursion limit
time: 0.000; rss: 33MB	gated macro checking
time: 0.000; rss: 33MB	crate injection
time: 0.001; rss: 33MB	macro loading
time: 0.000; rss: 33MB	plugin loading
time: 0.000; rss: 33MB	plugin registration
time: 0.001; rss: 35MB	expansion
time: 0.000; rss: 35MB	complete gated feature checking 1
time: 0.000; rss: 35MB	configuration 2
time: 0.000; rss: 35MB	gated configuration checking
time: 0.000; rss: 35MB	maybe building test harness
time: 0.000; rss: 35MB	prelude injection
time: 0.000; rss: 35MB	checking that all macro invocations are gone
time: 0.000; rss: 35MB	checking for inline asm in case the target doesn't support it
time: 0.000; rss: 35MB	complete gated feature checking 2
time: 0.000; rss: 35MB	assigning node ids and indexing ast
time: 0.000; rss: 35MB	external crate/lib resolution
time: 0.000; rss: 35MB	language item collection
time: 0.001; rss: 35MB	resolution
time: 0.000; rss: 35MB	lifetime resolution
time: 0.000; rss: 35MB	looking for entry point
time: 0.000; rss: 35MB	looking for plugin registrar
time: 0.000; rss: 35MB	region resolution
time: 0.000; rss: 35MB	loop checking
time: 0.000; rss: 35MB	static item recursion checking
time: 0.000; rss: 39MB	type collecting
time: 0.000; rss: 39MB	variance inference
time: 0.001; rss: 39MB	coherence checking
time: 0.000; rss: 39MB	wf checking (old)
time: 0.000; rss: 39MB	item-types checking
time: 0.000; rss: 39MB	item-bodies checking
time: 0.000; rss: 39MB	drop-impl checking
time: 0.000; rss: 39MB	wf checking (new)
time: 0.000; rss: 39MB	const checking
time: 0.000; rss: 42MB	privacy checking
time: 0.000; rss: 42MB	stability index
time: 0.000; rss: 42MB	intrinsic checking
time: 0.000; rss: 42MB	effect checking
time: 0.000; rss: 42MB	match checking
time: 0.000; rss: 42MB	liveness checking
time: 0.000; rss: 42MB	borrow checking
time: 0.000; rss: 42MB	rvalue checking
time: 0.000; rss: 42MB	reachability checking
time: 0.000; rss: 42MB	death checking
time: 0.000; rss: 42MB	stability checking
time: 0.000; rss: 42MB	unused lib feature checking
time: 0.000; rss: 42MB	lint checking
time: 0.000; rss: 42MB	resolving dependency formats
time: 0.002; rss: 51MB	translation
  time: 0.000; rss: 51MB	llvm function passes
  time: 0.000; rss: 51MB	llvm module passes
  time: 0.001; rss: 52MB	codegen passes
  time: 0.000; rss: 53MB	codegen passes
time: 0.002; rss: 53MB	LLVM passes
time: 0.001; rss: 53MB	linking
rustc: x86_64-unknown-linux-gnu/stage2/lib/rustlib/x86_64-unknown-linux-gnu/lib/libfmt_macros
time: 0.002; rss: 29MB	parsing
time: 0.000; rss: 33MB	configuration 1
time: 0.000; rss: 33MB	recursion limit
time: 0.000; rss: 33MB	gated macro checking
time: 0.000; rss: 33MB	crate injection
time: 0.002; rss: 36MB	macro loading
time: 0.000; rss: 36MB	plugin loading
time: 0.000; rss: 36MB	plugin registration
time: 0.005; rss: 37MB	expansion
time: 0.000; rss: 37MB	complete gated feature checking 1
time: 0.001; rss: 37MB	configuration 2
time: 0.000; rss: 37MB	gated configuration checking
time: 0.001; rss: 37MB	maybe building test harness
time: 0.000; rss: 37MB	prelude injection
time: 0.000; rss: 37MB	checking that all macro invocations are gone
time: 0.000; rss: 37MB	checking for inline asm in case the target doesn't support it
time: 0.000; rss: 37MB	complete gated feature checking 2
time: 0.001; rss: 37MB	assigning node ids and indexing ast
time: 0.001; rss: 37MB	external crate/lib resolution
time: 0.000; rss: 37MB	language item collection
time: 0.003; rss: 45MB	resolution
time: 0.000; rss: 45MB	lifetime resolution
time: 0.000; rss: 45MB	looking for entry point
time: 0.000; rss: 45MB	looking for plugin registrar
time: 0.000; rss: 47MB	region resolution
time: 0.000; rss: 47MB	loop checking
time: 0.000; rss: 47MB	static item recursion checking
time: 0.001; rss: 47MB	type collecting
time: 0.000; rss: 47MB	variance inference
time: 0.066; rss: 81MB	coherence checking
time: 0.002; rss: 83MB	wf checking (old)
time: 0.001; rss: 83MB	item-types checking
time: 0.038; rss: 89MB	item-bodies checking
time: 0.000; rss: 89MB	drop-impl checking
time: 0.001; rss: 89MB	wf checking (new)
time: 0.002; rss: 89MB	const checking
time: 0.000; rss: 89MB	privacy checking
time: 0.000; rss: 89MB	stability index
time: 0.000; rss: 89MB	intrinsic checking
time: 0.000; rss: 89MB	effect checking
time: 0.001; rss: 89MB	match checking
time: 0.000; rss: 89MB	liveness checking
time: 0.003; rss: 89MB	borrow checking
time: 0.001; rss: 89MB	rvalue checking
time: 0.000; rss: 89MB	reachability checking
time: 0.000; rss: 89MB	death checking
time: 0.000; rss: 89MB	stability checking
time: 0.000; rss: 89MB	unused lib feature checking
time: 0.002; rss: 89MB	lint checking
time: 0.001; rss: 89MB	resolving dependency formats
time: 0.068; rss: 111MB	translation
  time: 0.016; rss: 91MB	llvm function passes
  time: 0.256; rss: 95MB	llvm module passes
  time: 0.095; rss: 99MB	codegen passes
  time: 0.000; rss: 99MB	codegen passes
time: 0.373; rss: 99MB	LLVM passes
  time: 0.020; rss: 103MB	running linker
time: 0.024; rss: 103MB	linking
rustc: x86_64-unknown-linux-gnu/stage2/lib/rustlib/x86_64-unknown-linux-gnu/lib/libsyntax
time: 0.121; rss: 71MB	parsing
time: 0.042; rss: 71MB	configuration 1
time: 0.000; rss: 71MB	recursion limit
time: 0.003; rss: 71MB	gated macro checking
time: 0.000; rss: 71MB	crate injection
time: 0.006; rss: 73MB	macro loading
time: 0.000; rss: 73MB	plugin loading
time: 0.000; rss: 73MB	plugin registration
time: 0.612; rss: 107MB	expansion
time: 0.017; rss: 107MB	complete gated feature checking 1
time: 0.113; rss: 107MB	configuration 2
time: 0.000; rss: 107MB	gated configuration checking
time: 0.059; rss: 107MB	maybe building test harness
time: 0.054; rss: 107MB	prelude injection
time: 0.008; rss: 107MB	checking that all macro invocations are gone
time: 0.000; rss: 107MB	checking for inline asm in case the target doesn't support it
time: 0.018; rss: 107MB	complete gated feature checking 2
time: 0.070; rss: 117MB	assigning node ids and indexing ast
time: 0.010; rss: 118MB	external crate/lib resolution
time: 0.017; rss: 118MB	language item collection
time: 0.226; rss: 161MB	resolution
time: 0.015; rss: 155MB	lifetime resolution
time: 0.000; rss: 155MB	looking for entry point
time: 0.008; rss: 155MB	looking for plugin registrar
time: 0.051; rss: 172MB	region resolution
time: 0.009; rss: 172MB	loop checking
time: 0.008; rss: 172MB	static item recursion checking
time: 0.052; rss: 175MB	type collecting
time: 0.017; rss: 175MB	variance inference
time: 0.149; rss: 212MB	coherence checking
time: 0.049; rss: 214MB	wf checking (old)
time: 0.090; rss: 214MB	item-types checking
time: 7.391; rss: 317MB	item-bodies checking
time: 0.000; rss: 317MB	drop-impl checking
time: 0.355; rss: 317MB	wf checking (new)
time: 0.491; rss: 321MB	const checking
time: 0.082; rss: 321MB	privacy checking
time: 0.002; rss: 321MB	stability index
time: 0.024; rss: 321MB	intrinsic checking
time: 0.021; rss: 321MB	effect checking
time: 0.081; rss: 321MB	match checking
time: 0.061; rss: 328MB	liveness checking
time: 1.020; rss: 328MB	borrow checking
time: 0.655; rss: 328MB	rvalue checking
time: 0.022; rss: 328MB	reachability checking
time: 0.064; rss: 328MB	death checking
time: 0.066; rss: 328MB	stability checking
time: 0.000; rss: 328MB	unused lib feature checking
time: 0.259; rss: 328MB	lint checking
time: 0.001; rss: 328MB	resolving dependency formats
time: 5.992; rss: 692MB	translation
  time: 1.986; rss: 395MB	llvm function passes
  time: 48.257; rss: 496MB	llvm module passes
  time: 17.521; rss: 584MB	codegen passes
  time: 0.002; rss: 515MB	codegen passes
time: 69.054; rss: 515MB	LLVM passes
  time: 0.138; rss: 522MB	running linker
time: 0.710; rss: 518MB	linking
rustc: x86_64-unknown-linux-gnu/stage2/lib/rustlib/x86_64-unknown-linux-gnu/lib/librustc_llvm
time: 0.007; rss: 36MB	parsing
time: 0.001; rss: 36MB	configuration 1
time: 0.000; rss: 36MB	recursion limit
time: 0.000; rss: 36MB	gated macro checking
time: 0.000; rss: 36MB	crate injection
time: 0.003; rss: 39MB	macro loading
time: 0.000; rss: 39MB	plugin loading
time: 0.000; rss: 39MB	plugin registration
time: 0.014; rss: 41MB	expansion
time: 0.000; rss: 41MB	complete gated feature checking 1
time: 0.003; rss: 41MB	configuration 2
time: 0.000; rss: 41MB	gated configuration checking
time: 0.001; rss: 41MB	maybe building test harness
time: 0.002; rss: 41MB	prelude injection
time: 0.000; rss: 41MB	checking that all macro invocations are gone
time: 0.000; rss: 41MB	checking for inline asm in case the target doesn't support it
time: 0.000; rss: 41MB	complete gated feature checking 2
time: 0.002; rss: 42MB	assigning node ids and indexing ast
time: 0.001; rss: 42MB	external crate/lib resolution
time: 0.000; rss: 42MB	language item collection
time: 0.010; rss: 53MB	resolution
time: 0.000; rss: 53MB	lifetime resolution
time: 0.000; rss: 53MB	looking for entry point
time: 0.000; rss: 53MB	looking for plugin registrar
time: 0.001; rss: 53MB	region resolution
time: 0.000; rss: 53MB	loop checking
time: 0.000; rss: 53MB	static item recursion checking
time: 0.003; rss: 59MB	type collecting
time: 0.000; rss: 59MB	variance inference
time: 0.079; rss: 94MB	coherence checking
time: 0.003; rss: 94MB	wf checking (old)
time: 0.012; rss: 94MB	item-types checking
time: 0.092; rss: 100MB	item-bodies checking
time: 0.000; rss: 100MB	drop-impl checking
time: 0.003; rss: 100MB	wf checking (new)
time: 0.003; rss: 100MB	const checking
time: 0.001; rss: 100MB	privacy checking
time: 0.000; rss: 100MB	stability index
time: 0.000; rss: 100MB	intrinsic checking
time: 0.000; rss: 100MB	effect checking
time: 0.001; rss: 100MB	match checking
time: 0.000; rss: 100MB	liveness checking
time: 0.004; rss: 100MB	borrow checking
time: 0.002; rss: 100MB	rvalue checking
time: 0.000; rss: 100MB	reachability checking
time: 0.001; rss: 100MB	death checking
time: 0.001; rss: 100MB	stability checking
time: 0.000; rss: 100MB	unused lib feature checking
time: 0.006; rss: 100MB	lint checking
time: 0.001; rss: 100MB	resolving dependency formats
time: 0.093; rss: 122MB	translation
  time: 0.018; rss: 96MB	llvm function passes
  time: 0.092; rss: 97MB	llvm module passes
  time: 0.050; rss: 102MB	codegen passes
  time: 0.000; rss: 101MB	codegen passes
time: 0.164; rss: 101MB	LLVM passes
  time: 1.408; rss: 107MB	running linker
time: 1.465; rss: 105MB	linking
rustc: x86_64-unknown-linux-gnu/stage2/lib/rustlib/x86_64-unknown-linux-gnu/lib/librustc_back
time: 0.007; rss: 31MB	parsing
time: 0.002; rss: 35MB	configuration 1
time: 0.000; rss: 35MB	recursion limit
time: 0.000; rss: 35MB	gated macro checking
time: 0.000; rss: 35MB	crate injection
time: 0.003; rss: 37MB	macro loading
time: 0.000; rss: 37MB	plugin loading
time: 0.000; rss: 37MB	plugin registration
time: 0.030; rss: 42MB	expansion
time: 0.000; rss: 42MB	complete gated feature checking 1
time: 0.004; rss: 42MB	configuration 2
time: 0.000; rss: 42MB	gated configuration checking
time: 0.002; rss: 42MB	maybe building test harness
time: 0.002; rss: 42MB	prelude injection
time: 0.000; rss: 42MB	checking that all macro invocations are gone
time: 0.000; rss: 42MB	checking for inline asm in case the target doesn't support it
time: 0.000; rss: 42MB	complete gated feature checking 2
time: 0.003; rss: 42MB	assigning node ids and indexing ast
time: 0.004; rss: 76MB	external crate/lib resolution
time: 0.000; rss: 76MB	language item collection
time: 0.019; rss: 106MB	resolution
time: 0.000; rss: 106MB	lifetime resolution
time: 0.000; rss: 106MB	looking for entry point
time: 0.000; rss: 106MB	looking for plugin registrar
time: 0.001; rss: 106MB	region resolution
time: 0.000; rss: 106MB	loop checking
time: 0.000; rss: 106MB	static item recursion checking
time: 0.004; rss: 108MB	type collecting
time: 0.000; rss: 108MB	variance inference
time: 0.036; rss: 131MB	coherence checking
time: 0.002; rss: 131MB	wf checking (old)
time: 0.012; rss: 131MB	item-types checking
time: 0.306; rss: 164MB	item-bodies checking
time: 0.000; rss: 164MB	drop-impl checking
time: 0.005; rss: 164MB	wf checking (new)
time: 0.012; rss: 164MB	const checking
time: 0.001; rss: 164MB	privacy checking
time: 0.000; rss: 164MB	stability index
time: 0.000; rss: 164MB	intrinsic checking
time: 0.000; rss: 164MB	effect checking
time: 0.002; rss: 164MB	match checking
time: 0.002; rss: 168MB	liveness checking
time: 0.020; rss: 168MB	borrow checking
time: 0.008; rss: 168MB	rvalue checking
time: 0.000; rss: 168MB	reachability checking
time: 0.001; rss: 168MB	death checking
time: 0.003; rss: 168MB	stability checking
time: 0.000; rss: 168MB	unused lib feature checking
time: 0.012; rss: 168MB	lint checking
time: 0.001; rss: 168MB	resolving dependency formats
time: 0.534; rss: 227MB	translation
  time: 0.153; rss: 167MB	llvm function passes
  time: 2.802; rss: 175MB	llvm module passes
  time: 0.934; rss: 189MB	codegen passes
  time: 0.001; rss: 187MB	codegen passes
time: 3.961; rss: 187MB	LLVM passes
  time: 0.043; rss: 188MB	running linker
time: 0.083; rss: 186MB	linking
rustc: x86_64-unknown-linux-gnu/stage2/lib/rustlib/x86_64-unknown-linux-gnu/lib/librustc_data_structures
time: 0.007; rss: 31MB	parsing
time: 0.002; rss: 35MB	configuration 1
time: 0.000; rss: 35MB	recursion limit
time: 0.000; rss: 35MB	gated macro checking
time: 0.000; rss: 35MB	crate injection
time: 0.003; rss: 38MB	macro loading
time: 0.000; rss: 38MB	plugin loading
time: 0.000; rss: 38MB	plugin registration
time: 0.021; rss: 40MB	expansion
time: 0.000; rss: 40MB	complete gated feature checking 1
time: 0.003; rss: 40MB	configuration 2
time: 0.000; rss: 40MB	gated configuration checking
time: 0.001; rss: 40MB	maybe building test harness
time: 0.001; rss: 40MB	prelude injection
time: 0.000; rss: 40MB	checking that all macro invocations are gone
time: 0.000; rss: 40MB	checking for inline asm in case the target doesn't support it
time: 0.000; rss: 40MB	complete gated feature checking 2
time: 0.001; rss: 40MB	assigning node ids and indexing ast
time: 0.002; rss: 40MB	external crate/lib resolution
time: 0.000; rss: 40MB	language item collection
time: 0.007; rss: 55MB	resolution
time: 0.000; rss: 55MB	lifetime resolution
time: 0.000; rss: 55MB	looking for entry point
time: 0.000; rss: 55MB	looking for plugin registrar
time: 0.001; rss: 55MB	region resolution
time: 0.000; rss: 55MB	loop checking
time: 0.000; rss: 55MB	static item recursion checking
time: 0.002; rss: 55MB	type collecting
time: 0.000; rss: 55MB	variance inference
time: 0.076; rss: 93MB	coherence checking
time: 0.004; rss: 93MB	wf checking (old)
time: 0.005; rss: 93MB	item-types checking
time: 0.169; rss: 103MB	item-bodies checking
time: 0.000; rss: 103MB	drop-impl checking
time: 0.020; rss: 103MB	wf checking (new)
time: 0.010; rss: 103MB	const checking
time: 0.001; rss: 103MB	privacy checking
time: 0.000; rss: 103MB	stability index
time: 0.001; rss: 103MB	intrinsic checking
time: 0.000; rss: 103MB	effect checking
time: 0.002; rss: 103MB	match checking
time: 0.001; rss: 103MB	liveness checking
time: 0.016; rss: 103MB	borrow checking
time: 0.012; rss: 103MB	rvalue checking
time: 0.000; rss: 103MB	reachability checking
time: 0.001; rss: 103MB	death checking
time: 0.001; rss: 103MB	stability checking
time: 0.000; rss: 103MB	unused lib feature checking
time: 0.007; rss: 103MB	lint checking
time: 0.001; rss: 103MB	resolving dependency formats
time: 0.093; rss: 121MB	translation
  time: 0.011; rss: 96MB	llvm function passes
  time: 0.069; rss: 97MB	llvm module passes
  time: 0.029; rss: 101MB	codegen passes
  time: 0.000; rss: 101MB	codegen passes
time: 0.112; rss: 101MB	LLVM passes
  time: 0.021; rss: 107MB	running linker
time: 0.024; rss: 105MB	linking
rustc: x86_64-unknown-linux-gnu/stage2/lib/rustlib/x86_64-unknown-linux-gnu/lib/librustc
time: 0.174; rss: 83MB	parsing
time: 0.060; rss: 85MB	configuration 1
time: 0.000; rss: 85MB	recursion limit
time: 0.004; rss: 85MB	gated macro checking
time: 0.000; rss: 85MB	crate injection
time: 0.007; rss: 87MB	macro loading
time: 0.000; rss: 87MB	plugin loading
time: 0.000; rss: 87MB	plugin registration
time: 0.839; rss: 122MB	expansion
time: 0.023; rss: 122MB	complete gated feature checking 1
time: 0.144; rss: 122MB	configuration 2
time: 0.000; rss: 122MB	gated configuration checking
time: 0.074; rss: 122MB	maybe building test harness
time: 0.068; rss: 122MB	prelude injection
time: 0.011; rss: 122MB	checking that all macro invocations are gone
time: 0.000; rss: 122MB	checking for inline asm in case the target doesn't support it
time: 0.024; rss: 122MB	complete gated feature checking 2
time: 0.090; rss: 137MB	assigning node ids and indexing ast
time: 0.017; rss: 169MB	external crate/lib resolution
time: 0.022; rss: 169MB	language item collection
time: 0.277; rss: 249MB	resolution
time: 0.020; rss: 243MB	lifetime resolution
time: 0.000; rss: 243MB	looking for entry point
time: 0.011; rss: 243MB	looking for plugin registrar
time: 0.064; rss: 266MB	region resolution
time: 0.011; rss: 266MB	loop checking
time: 0.011; rss: 266MB	static item recursion checking
time: 0.076; rss: 269MB	type collecting
time: 0.023; rss: 269MB	variance inference
time: 0.190; rss: 310MB	coherence checking
time: 0.100; rss: 316MB	wf checking (old)
time: 0.238; rss: 327MB	item-types checking
time: 6.189; rss: 474MB	item-bodies checking
time: 0.000; rss: 474MB	drop-impl checking
time: 0.248; rss: 474MB	wf checking (new)
time: 0.438; rss: 483MB	const checking
time: 0.105; rss: 483MB	privacy checking
time: 0.002; rss: 483MB	stability index
time: 0.030; rss: 483MB	intrinsic checking
time: 0.024; rss: 483MB	effect checking
time: 0.084; rss: 483MB	match checking
time: 0.059; rss: 485MB	liveness checking
time: 0.644; rss: 485MB	borrow checking
time: 0.500; rss: 485MB	rvalue checking
time: 0.032; rss: 485MB	reachability checking
time: 0.078; rss: 485MB	death checking
time: 0.089; rss: 485MB	stability checking
time: 0.000; rss: 485MB	unused lib feature checking
time: 0.334; rss: 485MB	lint checking
time: 0.002; rss: 485MB	resolving dependency formats
time: 11.562; rss: 1118MB	translation
  time: 3.602; rss: 693MB	llvm function passes
  time: 83.196; rss: 812MB	llvm module passes
  time: 23.110; rss: 874MB	codegen passes
  time: 0.003; rss: 731MB	codegen passes
time: 112.021; rss: 731MB	LLVM passes
  time: 0.234; rss: 736MB	running linker
time: 1.107; rss: 731MB	linking
rustc: x86_64-unknown-linux-gnu/stage2/lib/rustlib/x86_64-unknown-linux-gnu/lib/librustc_platform_intrinsics
time: 0.004; rss: 35MB	parsing
time: 0.001; rss: 35MB	configuration 1
time: 0.000; rss: 35MB	recursion limit
time: 0.000; rss: 35MB	gated macro checking
time: 0.000; rss: 35MB	crate injection
time: 0.002; rss: 38MB	macro loading
time: 0.000; rss: 38MB	plugin loading
time: 0.000; rss: 38MB	plugin registration
time: 0.083; rss: 44MB	expansion
time: 0.000; rss: 44MB	complete gated feature checking 1
time: 0.005; rss: 44MB	configuration 2
time: 0.000; rss: 44MB	gated configuration checking
time: 0.002; rss: 44MB	maybe building test harness
time: 0.002; rss: 44MB	prelude injection
time: 0.000; rss: 44MB	checking that all macro invocations are gone
time: 0.000; rss: 44MB	checking for inline asm in case the target doesn't support it
time: 0.000; rss: 44MB	complete gated feature checking 2
time: 0.003; rss: 44MB	assigning node ids and indexing ast
time: 0.033; rss: 78MB	external crate/lib resolution
time: 0.000; rss: 78MB	language item collection
time: 0.009; rss: 95MB	resolution
time: 0.000; rss: 95MB	lifetime resolution
time: 0.000; rss: 95MB	looking for entry point
time: 0.000; rss: 95MB	looking for plugin registrar
time: 0.002; rss: 97MB	region resolution
time: 0.000; rss: 97MB	loop checking
time: 0.000; rss: 97MB	static item recursion checking
time: 0.008; rss: 110MB	type collecting
time: 0.000; rss: 110MB	variance inference
time: 0.042; rss: 146MB	coherence checking
time: 0.001; rss: 146MB	wf checking (old)
time: 0.000; rss: 146MB	item-types checking
time: 0.127; rss: 156MB	item-bodies checking
time: 0.000; rss: 156MB	drop-impl checking
time: 0.001; rss: 156MB	wf checking (new)
time: 0.007; rss: 155MB	const checking
time: 0.001; rss: 155MB	privacy checking
time: 0.000; rss: 155MB	stability index
time: 0.000; rss: 155MB	intrinsic checking
time: 0.000; rss: 155MB	effect checking
time: 0.004; rss: 155MB	match checking
time: 0.001; rss: 155MB	liveness checking
time: 0.017; rss: 156MB	borrow checking
time: 0.005; rss: 155MB	rvalue checking
time: 0.000; rss: 155MB	reachability checking
time: 0.001; rss: 155MB	death checking
time: 0.002; rss: 155MB	stability checking
time: 0.000; rss: 155MB	unused lib feature checking
time: 0.017; rss: 157MB	lint checking
time: 0.002; rss: 157MB	resolving dependency formats
time: 0.218; rss: 196MB	translation
  time: 0.054; rss: 162MB	llvm function passes
  time: 6.976; rss: 224MB	llvm module passes
  time: 1.793; rss: 224MB	codegen passes
  time: 0.001; rss: 203MB	codegen passes
time: 8.906; rss: 203MB	LLVM passes
  time: 0.045; rss: 209MB	running linker
time: 0.094; rss: 199MB	linking
rustc: x86_64-unknown-linux-gnu/stage2/lib/rustlib/x86_64-unknown-linux-gnu/lib/librustc_typeck
time: 0.069; rss: 54MB	parsing
time: 0.023; rss: 56MB	configuration 1
time: 0.000; rss: 56MB	recursion limit
time: 0.002; rss: 56MB	gated macro checking
time: 0.000; rss: 56MB	crate injection
time: 0.005; rss: 58MB	macro loading
time: 0.000; rss: 58MB	plugin loading
time: 0.000; rss: 58MB	plugin registration
time: 0.316; rss: 70MB	expansion
time: 0.008; rss: 70MB	complete gated feature checking 1
time: 0.046; rss: 70MB	configuration 2
time: 0.000; rss: 70MB	gated configuration checking
time: 0.024; rss: 70MB	maybe building test harness
time: 0.023; rss: 70MB	prelude injection
time: 0.004; rss: 70MB	checking that all macro invocations are gone
time: 0.000; rss: 70MB	checking for inline asm in case the target doesn't support it
time: 0.008; rss: 70MB	complete gated feature checking 2
time: 0.030; rss: 74MB	assigning node ids and indexing ast
time: 0.030; rss: 105MB	external crate/lib resolution
time: 0.008; rss: 109MB	language item collection
time: 0.108; rss: 160MB	resolution
time: 0.007; rss: 159MB	lifetime resolution
time: 0.000; rss: 159MB	looking for entry point
time: 0.004; rss: 159MB	looking for plugin registrar
time: 0.020; rss: 163MB	region resolution
time: 0.004; rss: 163MB	loop checking
time: 0.004; rss: 163MB	static item recursion checking
time: 0.029; rss: 168MB	type collecting
time: 0.008; rss: 168MB	variance inference
time: 0.139; rss: 214MB	coherence checking
time: 0.026; rss: 214MB	wf checking (old)
time: 0.097; rss: 224MB	item-types checking
time: 2.423; rss: 298MB	item-bodies checking
time: 0.000; rss: 298MB	drop-impl checking
time: 0.055; rss: 298MB	wf checking (new)
time: 0.157; rss: 298MB	const checking
time: 0.034; rss: 298MB	privacy checking
time: 0.000; rss: 298MB	stability index
time: 0.008; rss: 298MB	intrinsic checking
time: 0.008; rss: 298MB	effect checking
time: 0.023; rss: 298MB	match checking
time: 0.024; rss: 302MB	liveness checking
time: 0.195; rss: 302MB	borrow checking
time: 0.153; rss: 302MB	rvalue checking
time: 0.001; rss: 302MB	reachability checking
time: 0.025; rss: 302MB	death checking
time: 0.038; rss: 302MB	stability checking
time: 0.000; rss: 302MB	unused lib feature checking
time: 0.108; rss: 302MB	lint checking
time: 0.002; rss: 302MB	resolving dependency formats
time: 4.597; rss: 604MB	translation
  time: 1.427; rss: 371MB	llvm function passes
  time: 33.492; rss: 415MB	llvm module passes
  time: 9.316; rss: 430MB	codegen passes
  time: 0.001; rss: 369MB	codegen passes
time: 44.985; rss: 369MB	LLVM passes
  time: 0.138; rss: 371MB	running linker
time: 0.489; rss: 370MB	linking
rustc: x86_64-unknown-linux-gnu/stage2/lib/rustlib/x86_64-unknown-linux-gnu/lib/librustc_borrowck
time: 0.013; rss: 34MB	parsing
time: 0.004; rss: 37MB	configuration 1
time: 0.000; rss: 37MB	recursion limit
time: 0.000; rss: 37MB	gated macro checking
time: 0.000; rss: 37MB	crate injection
time: 0.004; rss: 40MB	macro loading
time: 0.000; rss: 40MB	plugin loading
time: 0.000; rss: 40MB	plugin registration
time: 0.060; rss: 45MB	expansion
time: 0.001; rss: 45MB	complete gated feature checking 1
time: 0.009; rss: 45MB	configuration 2
time: 0.000; rss: 45MB	gated configuration checking
time: 0.005; rss: 45MB	maybe building test harness
time: 0.004; rss: 45MB	prelude injection
time: 0.000; rss: 45MB	checking that all macro invocations are gone
time: 0.000; rss: 45MB	checking for inline asm in case the target doesn't support it
time: 0.001; rss: 45MB	complete gated feature checking 2
time: 0.005; rss: 48MB	assigning node ids and indexing ast
time: 0.032; rss: 79MB	external crate/lib resolution
time: 0.001; rss: 79MB	language item collection
time: 0.025; rss: 115MB	resolution
time: 0.001; rss: 115MB	lifetime resolution
time: 0.000; rss: 115MB	looking for entry point
time: 0.000; rss: 115MB	looking for plugin registrar
time: 0.003; rss: 115MB	region resolution
time: 0.000; rss: 115MB	loop checking
time: 0.000; rss: 115MB	static item recursion checking
time: 0.012; rss: 121MB	type collecting
time: 0.001; rss: 121MB	variance inference
time: 0.065; rss: 157MB	coherence checking
time: 0.007; rss: 157MB	wf checking (old)
time: 0.025; rss: 160MB	item-types checking
time: 0.460; rss: 199MB	item-bodies checking
time: 0.000; rss: 199MB	drop-impl checking
time: 0.012; rss: 199MB	wf checking (new)
time: 0.029; rss: 199MB	const checking
time: 0.004; rss: 199MB	privacy checking
time: 0.000; rss: 199MB	stability index
time: 0.001; rss: 199MB	intrinsic checking
time: 0.001; rss: 199MB	effect checking
time: 0.004; rss: 199MB	match checking
time: 0.003; rss: 199MB	liveness checking
time: 0.037; rss: 199MB	borrow checking
time: 0.023; rss: 199MB	rvalue checking
time: 0.000; rss: 199MB	reachability checking
time: 0.003; rss: 199MB	death checking
time: 0.006; rss: 199MB	stability checking
time: 0.000; rss: 199MB	unused lib feature checking
time: 0.021; rss: 199MB	lint checking
time: 0.002; rss: 199MB	resolving dependency formats
time: 0.773; rss: 266MB	translation
  time: 0.257; rss: 196MB	llvm function passes
  time: 4.399; rss: 217MB	llvm module passes
  time: 1.676; rss: 226MB	codegen passes
  time: 0.001; rss: 224MB	codegen passes
time: 6.442; rss: 224MB	LLVM passes
  time: 0.050; rss: 226MB	running linker
time: 0.111; rss: 223MB	linking
rustc: x86_64-unknown-linux-gnu/stage2/lib/rustlib/x86_64-unknown-linux-gnu/lib/librustc_resolve
time: 0.017; rss: 40MB	parsing
time: 0.006; rss: 40MB	configuration 1
time: 0.000; rss: 40MB	recursion limit
time: 0.000; rss: 40MB	gated macro checking
time: 0.000; rss: 40MB	crate injection
time: 0.004; rss: 44MB	macro loading
time: 0.000; rss: 44MB	plugin loading
time: 0.000; rss: 44MB	plugin registration
time: 0.078; rss: 49MB	expansion
time: 0.002; rss: 49MB	complete gated feature checking 1
time: 0.012; rss: 49MB	configuration 2
time: 0.000; rss: 49MB	gated configuration checking
time: 0.006; rss: 49MB	maybe building test harness
time: 0.006; rss: 49MB	prelude injection
time: 0.000; rss: 49MB	checking that all macro invocations are gone
time: 0.000; rss: 49MB	checking for inline asm in case the target doesn't support it
time: 0.001; rss: 49MB	complete gated feature checking 2
time: 0.007; rss: 49MB	assigning node ids and indexing ast
time: 0.032; rss: 80MB	external crate/lib resolution
time: 0.001; rss: 80MB	language item collection
time: 0.036; rss: 121MB	resolution
time: 0.001; rss: 120MB	lifetime resolution
time: 0.000; rss: 120MB	looking for entry point
time: 0.000; rss: 120MB	looking for plugin registrar
time: 0.004; rss: 123MB	region resolution
time: 0.001; rss: 123MB	loop checking
time: 0.001; rss: 123MB	static item recursion checking
time: 0.009; rss: 126MB	type collecting
time: 0.001; rss: 126MB	variance inference
time: 0.072; rss: 163MB	coherence checking
time: 0.006; rss: 163MB	wf checking (old)
time: 0.021; rss: 163MB	item-types checking
time: 0.584; rss: 204MB	item-bodies checking
time: 0.000; rss: 204MB	drop-impl checking
time: 0.014; rss: 204MB	wf checking (new)
time: 0.038; rss: 208MB	const checking
time: 0.005; rss: 208MB	privacy checking
time: 0.000; rss: 208MB	stability index
time: 0.002; rss: 208MB	intrinsic checking
time: 0.001; rss: 208MB	effect checking
time: 0.006; rss: 208MB	match checking
time: 0.005; rss: 208MB	liveness checking
time: 0.051; rss: 208MB	borrow checking
time: 0.031; rss: 212MB	rvalue checking
time: 0.000; rss: 212MB	reachability checking
time: 0.005; rss: 212MB	death checking
time: 0.008; rss: 212MB	stability checking
time: 0.000; rss: 212MB	unused lib feature checking
time: 0.030; rss: 212MB	lint checking
time: 0.002; rss: 212MB	resolving dependency formats
time: 1.264; rss: 317MB	translation
  time: 0.449; rss: 228MB	llvm function passes
  time: 7.461; rss: 245MB	llvm module passes
  time: 2.214; rss: 246MB	codegen passes
  time: 0.001; rss: 234MB	codegen passes
time: 10.296; rss: 234MB	LLVM passes
  time: 0.095; rss: 236MB	running linker
time: 0.177; rss: 233MB	linking
rustc: x86_64-unknown-linux-gnu/stage2/lib/rustlib/x86_64-unknown-linux-gnu/lib/librustc_trans
time: 0.116; rss: 71MB	parsing
time: 0.040; rss: 71MB	configuration 1
time: 0.000; rss: 71MB	recursion limit
time: 0.003; rss: 71MB	gated macro checking
time: 0.000; rss: 71MB	crate injection
time: 0.006; rss: 73MB	macro loading
time: 0.000; rss: 73MB	plugin loading
time: 0.000; rss: 73MB	plugin registration
time: 0.461; rss: 81MB	expansion
time: 0.012; rss: 81MB	complete gated feature checking 1
time: 0.069; rss: 81MB	configuration 2
time: 0.000; rss: 81MB	gated configuration checking
time: 0.036; rss: 81MB	maybe building test harness
time: 0.033; rss: 81MB	prelude injection
time: 0.005; rss: 81MB	checking that all macro invocations are gone
time: 0.000; rss: 81MB	checking for inline asm in case the target doesn't support it
time: 0.012; rss: 81MB	complete gated feature checking 2
time: 0.045; rss: 92MB	assigning node ids and indexing ast
time: 0.032; rss: 123MB	external crate/lib resolution
time: 0.011; rss: 123MB	language item collection
time: 0.172; rss: 195MB	resolution
time: 0.010; rss: 189MB	lifetime resolution
time: 0.000; rss: 189MB	looking for entry point
time: 0.005; rss: 189MB	looking for plugin registrar
time: 0.033; rss: 199MB	region resolution
time: 0.006; rss: 199MB	loop checking
time: 0.005; rss: 199MB	static item recursion checking
time: 0.041; rss: 203MB	type collecting
time: 0.012; rss: 203MB	variance inference
time: 0.145; rss: 245MB	coherence checking
time: 0.033; rss: 245MB	wf checking (old)
time: 0.096; rss: 251MB	item-types checking
time: 2.981; rss: 349MB	item-bodies checking
time: 0.000; rss: 349MB	drop-impl checking
time: 0.070; rss: 349MB	wf checking (new)
time: 0.190; rss: 349MB	const checking
time: 0.051; rss: 349MB	privacy checking
time: 0.001; rss: 349MB	stability index
time: 0.014; rss: 349MB	intrinsic checking
time: 0.012; rss: 349MB	effect checking
time: 0.034; rss: 349MB	match checking
time: 0.037; rss: 362MB	liveness checking
time: 0.288; rss: 362MB	borrow checking
time: 0.166; rss: 370MB	rvalue checking
time: 0.001; rss: 370MB	reachability checking
time: 0.037; rss: 370MB	death checking
time: 0.052; rss: 370MB	stability checking
time: 0.000; rss: 370MB	unused lib feature checking
time: 0.150; rss: 370MB	lint checking
time: 0.002; rss: 370MB	resolving dependency formats
time: 4.603; rss: 657MB	translation
  time: 1.565; rss: 389MB	llvm function passes
  time: 31.586; rss: 449MB	llvm module passes
  time: 10.684; rss: 490MB	codegen passes
  time: 0.001; rss: 414MB	codegen passes
time: 44.679; rss: 414MB	LLVM passes
  time: 0.134; rss: 420MB	running linker
time: 0.522; rss: 416MB	linking
rustc: x86_64-unknown-linux-gnu/stage2/lib/rustlib/x86_64-unknown-linux-gnu/lib/librustc_privacy
time: 0.004; rss: 35MB	parsing
time: 0.001; rss: 35MB	configuration 1
time: 0.000; rss: 35MB	recursion limit
time: 0.000; rss: 35MB	gated macro checking
time: 0.000; rss: 35MB	crate injection
time: 0.004; rss: 38MB	macro loading
time: 0.000; rss: 38MB	plugin loading
time: 0.000; rss: 38MB	plugin registration
time: 0.015; rss: 40MB	expansion
time: 0.000; rss: 40MB	complete gated feature checking 1
time: 0.002; rss: 40MB	configuration 2
time: 0.000; rss: 40MB	gated configuration checking
time: 0.001; rss: 40MB	maybe building test harness
time: 0.001; rss: 40MB	prelude injection
time: 0.000; rss: 40MB	checking that all macro invocations are gone
time: 0.000; rss: 40MB	checking for inline asm in case the target doesn't support it
time: 0.000; rss: 40MB	complete gated feature checking 2
time: 0.001; rss: 41MB	assigning node ids and indexing ast
time: 0.033; rss: 71MB	external crate/lib resolution
time: 0.000; rss: 76MB	language item collection
time: 0.011; rss: 102MB	resolution
time: 0.000; rss: 102MB	lifetime resolution
time: 0.000; rss: 102MB	looking for entry point
time: 0.000; rss: 102MB	looking for plugin registrar
time: 0.001; rss: 102MB	region resolution
time: 0.000; rss: 102MB	loop checking
time: 0.000; rss: 102MB	static item recursion checking
time: 0.007; rss: 106MB	type collecting
time: 0.000; rss: 106MB	variance inference
time: 0.020; rss: 123MB	coherence checking
time: 0.001; rss: 127MB	wf checking (old)
time: 0.007; rss: 127MB	item-types checking
time: 0.213; rss: 173MB	item-bodies checking
time: 0.000; rss: 173MB	drop-impl checking
time: 0.002; rss: 173MB	wf checking (new)
time: 0.008; rss: 173MB	const checking
time: 0.001; rss: 173MB	privacy checking
time: 0.000; rss: 173MB	stability index
time: 0.000; rss: 173MB	intrinsic checking
time: 0.000; rss: 173MB	effect checking
time: 0.001; rss: 173MB	match checking
time: 0.001; rss: 173MB	liveness checking
time: 0.010; rss: 177MB	borrow checking
time: 0.003; rss: 177MB	rvalue checking
time: 0.000; rss: 177MB	reachability checking
time: 0.001; rss: 177MB	death checking
time: 0.002; rss: 177MB	stability checking
time: 0.000; rss: 177MB	unused lib feature checking
time: 0.005; rss: 177MB	lint checking
time: 0.002; rss: 177MB	resolving dependency formats
time: 0.528; rss: 229MB	translation
  time: 0.150; rss: 181MB	llvm function passes
  time: 1.394; rss: 184MB	llvm module passes
  time: 0.429; rss: 184MB	codegen passes
  time: 0.001; rss: 185MB	codegen passes
time: 2.003; rss: 185MB	LLVM passes
  time: 0.046; rss: 189MB	running linker
time: 0.064; rss: 187MB	linking
rustc: x86_64-unknown-linux-gnu/stage2/lib/rustlib/x86_64-unknown-linux-gnu/lib/librustc_lint
time: 0.009; rss: 36MB	parsing
time: 0.003; rss: 37MB	configuration 1
time: 0.000; rss: 37MB	recursion limit
time: 0.000; rss: 37MB	gated macro checking
time: 0.000; rss: 37MB	crate injection
time: 0.032; rss: 75MB	macro loading
time: 0.000; rss: 75MB	plugin loading
time: 0.000; rss: 75MB	plugin registration
time: 0.027; rss: 76MB	expansion
time: 0.000; rss: 76MB	complete gated feature checking 1
time: 0.004; rss: 76MB	configuration 2
time: 0.000; rss: 76MB	gated configuration checking
time: 0.002; rss: 76MB	maybe building test harness
time: 0.002; rss: 76MB	prelude injection
time: 0.000; rss: 76MB	checking that all macro invocations are gone
time: 0.000; rss: 76MB	checking for inline asm in case the target doesn't support it
time: 0.000; rss: 76MB	complete gated feature checking 2
time: 0.002; rss: 77MB	assigning node ids and indexing ast
time: 0.003; rss: 77MB	external crate/lib resolution
time: 0.000; rss: 77MB	language item collection
time: 0.018; rss: 110MB	resolution
time: 0.000; rss: 110MB	lifetime resolution
time: 0.000; rss: 110MB	looking for entry point
time: 0.000; rss: 110MB	looking for plugin registrar
time: 0.001; rss: 110MB	region resolution
time: 0.000; rss: 110MB	loop checking
time: 0.000; rss: 110MB	static item recursion checking
time: 0.009; rss: 114MB	type collecting
time: 0.000; rss: 114MB	variance inference
time: 0.056; rss: 147MB	coherence checking
time: 0.003; rss: 147MB	wf checking (old)
time: 0.016; rss: 147MB	item-types checking
time: 0.243; rss: 180MB	item-bodies checking
time: 0.000; rss: 180MB	drop-impl checking
time: 0.006; rss: 180MB	wf checking (new)
time: 0.014; rss: 180MB	const checking
time: 0.001; rss: 180MB	privacy checking
time: 0.000; rss: 180MB	stability index
time: 0.000; rss: 180MB	intrinsic checking
time: 0.000; rss: 180MB	effect checking
time: 0.002; rss: 180MB	match checking
time: 0.001; rss: 180MB	liveness checking
time: 0.015; rss: 180MB	borrow checking
time: 0.006; rss: 180MB	rvalue checking
time: 0.000; rss: 180MB	reachability checking
time: 0.001; rss: 180MB	death checking
time: 0.004; rss: 180MB	stability checking
time: 0.000; rss: 180MB	unused lib feature checking
time: 0.010; rss: 180MB	lint checking
time: 0.002; rss: 180MB	resolving dependency formats
time: 0.814; rss: 256MB	translation
  time: 0.226; rss: 192MB	llvm function passes
  time: 2.775; rss: 209MB	llvm module passes
  time: 0.969; rss: 213MB	codegen passes
  time: 0.001; rss: 207MB	codegen passes
time: 4.039; rss: 207MB	LLVM passes
  time: 0.106; rss: 209MB	running linker
time: 0.147; rss: 204MB	linking
rustc: x86_64-unknown-linux-gnu/stage2/lib/rustlib/x86_64-unknown-linux-gnu/lib/librustc_driver
time: 0.011; rss: 37MB	parsing
time: 0.003; rss: 37MB	configuration 1
time: 0.000; rss: 37MB	recursion limit
time: 0.000; rss: 37MB	gated macro checking
time: 0.000; rss: 37MB	crate injection
time: 0.004; rss: 40MB	macro loading
time: 0.000; rss: 40MB	plugin loading
time: 0.000; rss: 40MB	plugin registration
time: 0.027; rss: 42MB	expansion
time: 0.000; rss: 42MB	complete gated feature checking 1
time: 0.004; rss: 42MB	configuration 2
time: 0.000; rss: 42MB	gated configuration checking
time: 0.002; rss: 42MB	maybe building test harness
time: 0.002; rss: 42MB	prelude injection
time: 0.000; rss: 42MB	checking that all macro invocations are gone
time: 0.000; rss: 42MB	checking for inline asm in case the target doesn't support it
time: 0.000; rss: 42MB	complete gated feature checking 2
time: 0.002; rss: 43MB	assigning node ids and indexing ast
time: 0.033; rss: 79MB	external crate/lib resolution
time: 0.000; rss: 79MB	language item collection
time: 0.025; rss: 124MB	resolution
time: 0.000; rss: 124MB	lifetime resolution
time: 0.000; rss: 124MB	looking for entry point
time: 0.000; rss: 124MB	looking for plugin registrar
time: 0.001; rss: 124MB	region resolution
time: 0.000; rss: 124MB	loop checking
time: 0.000; rss: 124MB	static item recursion checking
time: 0.010; rss: 128MB	type collecting
time: 0.000; rss: 128MB	variance inference
time: 0.106; rss: 176MB	coherence checking
time: 0.005; rss: 176MB	wf checking (old)
time: 0.010; rss: 176MB	item-types checking
time: 0.308; rss: 197MB	item-bodies checking
time: 0.000; rss: 197MB	drop-impl checking
time: 0.007; rss: 197MB	wf checking (new)
time: 0.021; rss: 197MB	const checking
time: 0.002; rss: 197MB	privacy checking
time: 0.000; rss: 197MB	stability index
time: 0.001; rss: 197MB	intrinsic checking
time: 0.000; rss: 197MB	effect checking
time: 0.002; rss: 197MB	match checking
time: 0.001; rss: 199MB	liveness checking
time: 0.019; rss: 199MB	borrow checking
time: 0.016; rss: 199MB	rvalue checking
time: 0.000; rss: 199MB	reachability checking
time: 0.001; rss: 199MB	death checking
time: 0.004; rss: 199MB	stability checking
time: 0.000; rss: 199MB	unused lib feature checking
time: 0.009; rss: 199MB	lint checking
time: 0.002; rss: 199MB	resolving dependency formats
time: 2.807; rss: 428MB	translation
  time: 1.155; rss: 326MB	llvm function passes
  time: 32.937; rss: 366MB	llvm module passes
  time: 12.674; rss: 439MB	codegen passes
  time: 0.001; rss: 374MB	codegen passes
time: 47.479; rss: 374MB	LLVM passes
  time: 0.113; rss: 378MB	running linker
time: 0.457; rss: 375MB	linking
rustc: x86_64-unknown-linux-gnu/stage2/lib/rustlib/x86_64-unknown-linux-gnu/lib/librustdoc
time: 0.037; rss: 43MB	parsing
time: 0.013; rss: 43MB	configuration 1
time: 0.000; rss: 43MB	recursion limit
time: 0.001; rss: 43MB	gated macro checking
time: 0.000; rss: 43MB	crate injection
time: 0.003; rss: 46MB	macro loading
time: 0.000; rss: 46MB	plugin loading
time: 0.000; rss: 46MB	plugin registration
time: 0.187; rss: 58MB	expansion
time: 0.006; rss: 58MB	complete gated feature checking 1
time: 0.037; rss: 58MB	configuration 2
time: 0.000; rss: 58MB	gated configuration checking
time: 0.019; rss: 59MB	maybe building test harness
time: 0.018; rss: 59MB	prelude injection
time: 0.002; rss: 59MB	checking that all macro invocations are gone
time: 0.000; rss: 59MB	checking for inline asm in case the target doesn't support it
time: 0.005; rss: 59MB	complete gated feature checking 2
time: 0.022; rss: 61MB	assigning node ids and indexing ast
time: 0.039; rss: 97MB	external crate/lib resolution
time: 0.005; rss: 97MB	language item collection
time: 0.079; rss: 155MB	resolution
time: 0.005; rss: 153MB	lifetime resolution
time: 0.000; rss: 153MB	looking for entry point
time: 0.003; rss: 153MB	looking for plugin registrar
time: 0.014; rss: 157MB	region resolution
time: 0.003; rss: 157MB	loop checking
time: 0.003; rss: 157MB	static item recursion checking
time: 0.023; rss: 161MB	type collecting
time: 0.005; rss: 161MB	variance inference
time: 0.075; rss: 197MB	coherence checking
time: 0.020; rss: 197MB	wf checking (old)
time: 0.057; rss: 199MB	item-types checking
time: 2.202; rss: 275MB	item-bodies checking
time: 0.000; rss: 275MB	drop-impl checking
time: 0.091; rss: 275MB	wf checking (new)
time: 0.208; rss: 277MB	const checking
time: 0.021; rss: 277MB	privacy checking
time: 0.000; rss: 277MB	stability index
time: 0.006; rss: 277MB	intrinsic checking
time: 0.005; rss: 277MB	effect checking
time: 0.022; rss: 277MB	match checking
time: 0.017; rss: 277MB	liveness checking
time: 0.390; rss: 277MB	borrow checking
time: 0.290; rss: 277MB	rvalue checking
time: 0.003; rss: 277MB	reachability checking
time: 0.018; rss: 277MB	death checking
time: 0.025; rss: 277MB	stability checking
time: 0.000; rss: 277MB	unused lib feature checking
time: 0.080; rss: 277MB	lint checking
time: 0.002; rss: 277MB	resolving dependency formats
time: 5.435; rss: 569MB	translation
  time: 1.460; rss: 377MB	llvm function passes
  time: 38.857; rss: 432MB	llvm module passes
  time: 12.325; rss: 472MB	codegen passes
  time: 0.001; rss: 410MB	codegen passes
time: 53.480; rss: 410MB	LLVM passes
  time: 0.139; rss: 412MB	running linker
time: 0.538; rss: 405MB	linking
rustc: x86_64-unknown-linux-gnu/stage1/lib/rustlib/x86_64-unknown-linux-gnu/bin/rustbook
cp: x86_64-unknown-linux-gnu/stage2/bin/rustbook
rustbook: doc/book/index.html
rustbook: doc/nomicon/index.html
rustbook: doc/style/index.html
rustc: x86_64-unknown-linux-gnu/stage1/lib/rustlib/x86_64-unknown-linux-gnu/bin/error-index-generator
cp: x86_64-unknown-linux-gnu/stage2/bin/error-index-generator
error-index-generator: doc/error-index.html
rustdoc: doc/not_found.html
rustdoc: doc/index.html
rustdoc: doc/intro.html
rustdoc: doc/tutorial.html
rustdoc: doc/complement-lang-faq.html
rustdoc: doc/complement-design-faq.html
rustdoc: doc/complement-project-faq.html
rustdoc: doc/rustdoc.html
rustdoc: doc/reference.html
rustdoc: doc/grammar.html
rustdoc: doc/guide-crates.html
rustdoc: doc/guide-error-handling.html
rustdoc: doc/guide-ffi.html
rustdoc: doc/guide-macros.html
rustdoc: doc/guide.html
rustdoc: doc/guide-ownership.html
rustdoc: doc/guide-plugins.html
rustdoc: doc/guide-pointers.html
rustdoc: doc/guide-strings.html
rustdoc: doc/guide-tasks.html
rustdoc: doc/guide-testing.html
rustdoc: doc/std/index.html
rustdoc: doc/alloc/index.html
rustdoc: doc/collections/index.html
rustdoc: doc/core/index.html
rustdoc: doc/libc/index.html
rustdoc: doc/rustc_unicode/index.html
