commit 5c630a61c658cb7d861a60da6951ee06619337b2
Merge: 28ef44a 5d9c250
Author: bors <bors@rust-lang.org>
Date:   Tue Aug 25 10:46:06 2015 +0000

    Auto merge of #27981 - dotdash:gepi, r=brson
cfg: version 1.4.0-dev (5c630a61c 2015-08-25)
cfg: build triple x86_64-unknown-linux-gnu
cfg: host triples x86_64-unknown-linux-gnu
cfg: target triples x86_64-unknown-linux-gnu
cfg: host for x86_64-unknown-linux-gnu is x86_64
cfg: os for x86_64-unknown-linux-gnu is unknown-linux-gnu
cfg: good valgrind for x86_64-unknown-linux-gnu is 1
cfg: using CC=gcc (CFG_CC)
cfg: disabling valgrind run-pass tests
rustc: x86_64-unknown-linux-gnu/stage0/lib/rustlib/x86_64-unknown-linux-gnu/lib/librustc_trans
rustc: x86_64-unknown-linux-gnu/stage0/lib/rustlib/x86_64-unknown-linux-gnu/lib/librustc_driver
rustc: x86_64-unknown-linux-gnu/stage0/lib/rustlib/x86_64-unknown-linux-gnu/bin/rustc
cp: x86_64-unknown-linux-gnu/stage1/lib/librustc_trans
cp: x86_64-unknown-linux-gnu/stage1/lib/librustc_driver
cp: x86_64-unknown-linux-gnu/stage1/bin/rustc
rustc: x86_64-unknown-linux-gnu/stage1/lib/rustlib/x86_64-unknown-linux-gnu/lib/libcore
rustc: x86_64-unknown-linux-gnu/stage1/lib/rustlib/x86_64-unknown-linux-gnu/lib/liblibc
rustc: x86_64-unknown-linux-gnu/stage1/lib/rustlib/x86_64-unknown-linux-gnu/lib/librand
rustc: x86_64-unknown-linux-gnu/stage1/lib/rustlib/x86_64-unknown-linux-gnu/lib/liballoc_system
rustc: x86_64-unknown-linux-gnu/stage1/lib/rustlib/x86_64-unknown-linux-gnu/lib/liballoc
rustc: x86_64-unknown-linux-gnu/stage1/lib/rustlib/x86_64-unknown-linux-gnu/lib/librustc_unicode
rustc: x86_64-unknown-linux-gnu/stage1/lib/rustlib/x86_64-unknown-linux-gnu/lib/libcollections
rustc: x86_64-unknown-linux-gnu/stage1/lib/rustlib/x86_64-unknown-linux-gnu/lib/liballoc_jemalloc
rustc: x86_64-unknown-linux-gnu/stage1/lib/rustlib/x86_64-unknown-linux-gnu/lib/libstd
rustc: x86_64-unknown-linux-gnu/stage1/lib/rustlib/x86_64-unknown-linux-gnu/lib/libarena
rustc: x86_64-unknown-linux-gnu/stage1/lib/rustlib/x86_64-unknown-linux-gnu/lib/libflate
rustc: x86_64-unknown-linux-gnu/stage1/lib/rustlib/x86_64-unknown-linux-gnu/lib/libgetopts
rustc: x86_64-unknown-linux-gnu/stage1/lib/rustlib/x86_64-unknown-linux-gnu/lib/libgraphviz
rustc: x86_64-unknown-linux-gnu/stage1/lib/rustlib/x86_64-unknown-linux-gnu/lib/liblog
rustc: x86_64-unknown-linux-gnu/stage1/lib/rustlib/x86_64-unknown-linux-gnu/lib/libterm
rustc: x86_64-unknown-linux-gnu/stage1/lib/rustlib/x86_64-unknown-linux-gnu/lib/libserialize
rustc: x86_64-unknown-linux-gnu/stage1/lib/rustlib/x86_64-unknown-linux-gnu/lib/libfmt_macros
rustc: x86_64-unknown-linux-gnu/stage1/lib/rustlib/x86_64-unknown-linux-gnu/lib/librustc_bitflags
rustc: x86_64-unknown-linux-gnu/stage1/lib/rustlib/x86_64-unknown-linux-gnu/lib/libsyntax
rustc: x86_64-unknown-linux-gnu/stage1/lib/rustlib/x86_64-unknown-linux-gnu/lib/librbml
rustc: x86_64-unknown-linux-gnu/stage1/lib/rustlib/x86_64-unknown-linux-gnu/lib/librustc_llvm
rustc: x86_64-unknown-linux-gnu/stage1/lib/rustlib/x86_64-unknown-linux-gnu/lib/librustc_back
rustc: x86_64-unknown-linux-gnu/stage1/lib/rustlib/x86_64-unknown-linux-gnu/lib/librustc_data_structures
rustc: x86_64-unknown-linux-gnu/stage1/lib/rustlib/x86_64-unknown-linux-gnu/lib/librustc
rustc: x86_64-unknown-linux-gnu/stage1/lib/rustlib/x86_64-unknown-linux-gnu/lib/librustc_borrowck
rustc: x86_64-unknown-linux-gnu/stage1/lib/rustlib/x86_64-unknown-linux-gnu/lib/librustc_platform_intrinsics
rustc: x86_64-unknown-linux-gnu/stage1/lib/rustlib/x86_64-unknown-linux-gnu/lib/librustc_typeck
rustc: x86_64-unknown-linux-gnu/stage1/lib/rustlib/x86_64-unknown-linux-gnu/lib/librustc_resolve
rustc: x86_64-unknown-linux-gnu/stage1/lib/rustlib/x86_64-unknown-linux-gnu/lib/librustc_trans
rustc: x86_64-unknown-linux-gnu/stage1/lib/rustlib/x86_64-unknown-linux-gnu/lib/librustc_privacy
rustc: x86_64-unknown-linux-gnu/stage1/lib/rustlib/x86_64-unknown-linux-gnu/lib/librustc_lint
rustc: x86_64-unknown-linux-gnu/stage1/lib/rustlib/x86_64-unknown-linux-gnu/lib/librustc_driver
rustc: x86_64-unknown-linux-gnu/stage1/lib/rustlib/x86_64-unknown-linux-gnu/bin/rustc
cp: x86_64-unknown-linux-gnu/stage2/lib/libstd
cp: x86_64-unknown-linux-gnu/stage2/lib/libarena
cp: x86_64-unknown-linux-gnu/stage2/lib/libflate
cp: x86_64-unknown-linux-gnu/stage2/lib/libgetopts
cp: x86_64-unknown-linux-gnu/stage2/lib/libgraphviz
cp: x86_64-unknown-linux-gnu/stage2/lib/liblog
cp: x86_64-unknown-linux-gnu/stage2/lib/libterm
cp: x86_64-unknown-linux-gnu/stage2/lib/libserialize
cp: x86_64-unknown-linux-gnu/stage2/lib/libfmt_macros
cp: x86_64-unknown-linux-gnu/stage2/lib/libsyntax
cp: x86_64-unknown-linux-gnu/stage2/lib/librbml
cp: x86_64-unknown-linux-gnu/stage2/lib/librustc_llvm
cp: x86_64-unknown-linux-gnu/stage2/lib/librustc_back
cp: x86_64-unknown-linux-gnu/stage2/lib/librustc_data_structures
cp: x86_64-unknown-linux-gnu/stage2/lib/librustc
cp: x86_64-unknown-linux-gnu/stage2/lib/librustc_borrowck
cp: x86_64-unknown-linux-gnu/stage2/lib/librustc_platform_intrinsics
cp: x86_64-unknown-linux-gnu/stage2/lib/librustc_typeck
cp: x86_64-unknown-linux-gnu/stage2/lib/librustc_resolve
cp: x86_64-unknown-linux-gnu/stage2/lib/librustc_trans
cp: x86_64-unknown-linux-gnu/stage2/lib/librustc_privacy
cp: x86_64-unknown-linux-gnu/stage2/lib/librustc_lint
cp: x86_64-unknown-linux-gnu/stage2/lib/librustc_driver
cp: x86_64-unknown-linux-gnu/stage2/bin/rustc
cp: x86_64-unknown-linux-gnu/stage2/lib/rustlib/x86_64-unknown-linux-gnu/lib/libcompiler-rt.a
rustc: x86_64-unknown-linux-gnu/stage1/lib/rustlib/x86_64-unknown-linux-gnu/lib/libtest
compile: x86_64-unknown-linux-gnu/rt/hoedown/src/autolink.o
compile: x86_64-unknown-linux-gnu/rt/hoedown/src/buffer.o
compile: x86_64-unknown-linux-gnu/rt/hoedown/src/document.o
compile: x86_64-unknown-linux-gnu/rt/hoedown/src/escape.o
compile: x86_64-unknown-linux-gnu/rt/hoedown/src/html.o
compile: x86_64-unknown-linux-gnu/rt/hoedown/src/html_blocks.o
compile: x86_64-unknown-linux-gnu/rt/hoedown/src/html_smartypants.o
compile: x86_64-unknown-linux-gnu/rt/hoedown/src/stack.o
compile: x86_64-unknown-linux-gnu/rt/hoedown/src/version.o
link: x86_64-unknown-linux-gnu/rt/libhoedown.a
rustc: x86_64-unknown-linux-gnu/stage1/lib/rustlib/x86_64-unknown-linux-gnu/lib/librustdoc
rustc: x86_64-unknown-linux-gnu/stage1/lib/rustlib/x86_64-unknown-linux-gnu/bin/rustdoc
cp: x86_64-unknown-linux-gnu/stage2/lib/libtest
cp: x86_64-unknown-linux-gnu/stage2/lib/librustdoc
cp: x86_64-unknown-linux-gnu/stage2/bin/rustdoc
rustc: x86_64-unknown-linux-gnu/stage2/lib/rustlib/x86_64-unknown-linux-gnu/lib/libcore
time: 0.069; rss: 54MB	parsing
time: 0.025; rss: 56MB	configuration 1
time: 0.000; rss: 56MB	recursion limit
time: 0.002; rss: 56MB	gated macro checking
time: 0.000; rss: 56MB	crate injection
time: 0.001; rss: 56MB	macro loading
time: 0.000; rss: 56MB	plugin loading
time: 0.000; rss: 56MB	plugin registration
time: 0.466; rss: 81MB	expansion
time: 0.011; rss: 81MB	complete gated feature checking 1
time: 0.094; rss: 81MB	configuration 2
time: 0.000; rss: 81MB	gated configuration checking
time: 0.048; rss: 81MB	maybe building test harness
time: 0.000; rss: 81MB	prelude injection
time: 0.005; rss: 81MB	checking that all macro invocations are gone
time: 0.000; rss: 81MB	checking for inline asm in case the target doesn't support it
time: 0.011; rss: 81MB	complete gated feature checking 2
time: 0.053; rss: 87MB	assigning node ids and indexing ast
time: 0.005; rss: 87MB	external crate/lib resolution
time: 0.010; rss: 87MB	language item collection
time: 0.080; rss: 106MB	resolution
time: 0.011; rss: 104MB	lifetime resolution
time: 0.000; rss: 104MB	looking for entry point
time: 0.005; rss: 104MB	looking for plugin registrar
time: 0.026; rss: 114MB	region resolution
time: 0.005; rss: 114MB	loop checking
time: 0.005; rss: 114MB	static item recursion checking
time: 0.060; rss: 118MB	type collecting
time: 0.010; rss: 118MB	variance inference
time: 0.626; rss: 126MB	coherence checking
time: 0.318; rss: 128MB	wf checking (old)
time: 0.494; rss: 137MB	item-types checking
time: 4.148; rss: 165MB	item-bodies checking
time: 0.000; rss: 165MB	drop-impl checking
time: 0.583; rss: 165MB	wf checking (new)
time: 0.136; rss: 167MB	const checking
time: 0.053; rss: 167MB	privacy checking
time: 0.005; rss: 167MB	stability index
time: 0.028; rss: 167MB	intrinsic checking
time: 0.010; rss: 167MB	effect checking
time: 0.046; rss: 167MB	match checking
time: 0.022; rss: 167MB	liveness checking
time: 0.271; rss: 167MB	borrow checking
time: 0.140; rss: 167MB	rvalue checking
time: 0.017; rss: 167MB	reachability checking
time: 0.036; rss: 167MB	death checking
time: 0.025; rss: 167MB	stability checking
time: 0.000; rss: 167MB	unused lib feature checking
time: 0.450; rss: 167MB	lint checking
time: 0.000; rss: 167MB	resolving dependency formats
time: 1.493; rss: 243MB	translation
  time: 0.238; rss: 125MB	llvm function passes
  time: 1.932; rss: 127MB	llvm module passes
  time: 1.482; rss: 131MB	codegen passes
  time: 0.003; rss: 126MB	codegen passes
time: 3.722; rss: 126MB	LLVM passes
time: 0.056; rss: 125MB	linking
rustc: x86_64-unknown-linux-gnu/stage2/lib/rustlib/x86_64-unknown-linux-gnu/lib/liblibc
time: 0.020; rss: 41MB	parsing
time: 0.004; rss: 38MB	configuration 1
time: 0.000; rss: 38MB	recursion limit
time: 0.000; rss: 38MB	gated macro checking
time: 0.000; rss: 38MB	crate injection
time: 0.001; rss: 38MB	macro loading
time: 0.000; rss: 38MB	plugin loading
time: 0.000; rss: 38MB	plugin registration
time: 0.009; rss: 39MB	expansion
time: 0.000; rss: 39MB	complete gated feature checking 1
time: 0.002; rss: 39MB	configuration 2
time: 0.000; rss: 39MB	gated configuration checking
time: 0.001; rss: 39MB	maybe building test harness
time: 0.001; rss: 39MB	prelude injection
time: 0.000; rss: 39MB	checking that all macro invocations are gone
time: 0.000; rss: 39MB	checking for inline asm in case the target doesn't support it
time: 0.000; rss: 39MB	complete gated feature checking 2
time: 0.001; rss: 39MB	assigning node ids and indexing ast
time: 0.000; rss: 39MB	external crate/lib resolution
time: 0.000; rss: 39MB	language item collection
time: 0.004; rss: 44MB	resolution
time: 0.000; rss: 44MB	lifetime resolution
time: 0.000; rss: 44MB	looking for entry point
time: 0.000; rss: 44MB	looking for plugin registrar
time: 0.000; rss: 44MB	region resolution
time: 0.000; rss: 44MB	loop checking
time: 0.000; rss: 44MB	static item recursion checking
time: 0.001; rss: 46MB	type collecting
time: 0.000; rss: 46MB	variance inference
time: 0.007; rss: 55MB	coherence checking
time: 0.002; rss: 55MB	wf checking (old)
time: 0.012; rss: 57MB	item-types checking
time: 0.016; rss: 59MB	item-bodies checking
time: 0.000; rss: 59MB	drop-impl checking
time: 0.003; rss: 59MB	wf checking (new)
time: 0.001; rss: 59MB	const checking
time: 0.001; rss: 59MB	privacy checking
time: 0.000; rss: 59MB	stability index
time: 0.000; rss: 59MB	intrinsic checking
time: 0.000; rss: 59MB	effect checking
time: 0.000; rss: 59MB	match checking
time: 0.000; rss: 59MB	liveness checking
time: 0.001; rss: 59MB	borrow checking
time: 0.000; rss: 59MB	rvalue checking
time: 0.000; rss: 59MB	reachability checking
time: 0.001; rss: 59MB	death checking
time: 0.000; rss: 59MB	stability checking
time: 0.000; rss: 59MB	unused lib feature checking
time: 0.005; rss: 59MB	lint checking
time: 0.000; rss: 59MB	resolving dependency formats
time: 0.035; rss: 72MB	translation
  time: 0.002; rss: 69MB	llvm function passes
  time: 0.009; rss: 69MB	llvm module passes
  time: 0.008; rss: 74MB	codegen passes
  time: 0.000; rss: 74MB	codegen passes
time: 0.021; rss: 74MB	LLVM passes
time: 0.001; rss: 74MB	linking
rustc: x86_64-unknown-linux-gnu/stage2/lib/rustlib/x86_64-unknown-linux-gnu/lib/librand
time: 0.011; rss: 37MB	parsing
time: 0.003; rss: 37MB	configuration 1
time: 0.000; rss: 37MB	recursion limit
time: 0.000; rss: 37MB	gated macro checking
time: 0.000; rss: 37MB	crate injection
time: 0.001; rss: 39MB	macro loading
time: 0.000; rss: 39MB	plugin loading
time: 0.000; rss: 39MB	plugin registration
time: 0.023; rss: 40MB	expansion
time: 0.000; rss: 40MB	complete gated feature checking 1
time: 0.005; rss: 40MB	configuration 2
time: 0.000; rss: 40MB	gated configuration checking
time: 0.002; rss: 40MB	maybe building test harness
time: 0.002; rss: 40MB	prelude injection
time: 0.000; rss: 40MB	checking that all macro invocations are gone
time: 0.000; rss: 40MB	checking for inline asm in case the target doesn't support it
time: 0.000; rss: 40MB	complete gated feature checking 2
time: 0.003; rss: 40MB	assigning node ids and indexing ast
time: 0.000; rss: 40MB	external crate/lib resolution
time: 0.000; rss: 40MB	language item collection
time: 0.007; rss: 46MB	resolution
time: 0.000; rss: 46MB	lifetime resolution
time: 0.000; rss: 46MB	looking for entry point
time: 0.000; rss: 46MB	looking for plugin registrar
time: 0.001; rss: 46MB	region resolution
time: 0.000; rss: 46MB	loop checking
time: 0.000; rss: 46MB	static item recursion checking
time: 0.003; rss: 50MB	type collecting
time: 0.000; rss: 50MB	variance inference
time: 0.030; rss: 65MB	coherence checking
time: 0.006; rss: 65MB	wf checking (old)
time: 0.015; rss: 65MB	item-types checking
time: 0.242; rss: 77MB	item-bodies checking
time: 0.000; rss: 77MB	drop-impl checking
time: 0.014; rss: 77MB	wf checking (new)
time: 0.009; rss: 77MB	const checking
time: 0.001; rss: 77MB	privacy checking
time: 0.000; rss: 77MB	stability index
time: 0.001; rss: 77MB	intrinsic checking
time: 0.000; rss: 77MB	effect checking
time: 0.001; rss: 77MB	match checking
time: 0.001; rss: 80MB	liveness checking
time: 0.019; rss: 80MB	borrow checking
time: 0.007; rss: 80MB	rvalue checking
time: 0.000; rss: 80MB	reachability checking
time: 0.001; rss: 80MB	death checking
time: 0.001; rss: 80MB	stability checking
time: 0.000; rss: 80MB	unused lib feature checking
time: 0.017; rss: 80MB	lint checking
time: 0.000; rss: 80MB	resolving dependency formats
time: 0.127; rss: 98MB	translation
  time: 0.023; rss: 79MB	llvm function passes
  time: 0.144; rss: 79MB	llvm module passes
  time: 0.050; rss: 84MB	codegen passes
  time: 0.001; rss: 83MB	codegen passes
time: 0.221; rss: 83MB	LLVM passes
time: 0.003; rss: 83MB	linking
rustc: x86_64-unknown-linux-gnu/stage2/lib/rustlib/x86_64-unknown-linux-gnu/lib/liballoc_system
time: 0.001; rss: 29MB	parsing
time: 0.000; rss: 33MB	configuration 1
time: 0.000; rss: 33MB	recursion limit
time: 0.000; rss: 33MB	gated macro checking
time: 0.000; rss: 33MB	crate injection
time: 0.001; rss: 33MB	macro loading
time: 0.000; rss: 33MB	plugin loading
time: 0.000; rss: 33MB	plugin registration
time: 0.001; rss: 35MB	expansion
time: 0.000; rss: 35MB	complete gated feature checking 1
time: 0.000; rss: 35MB	configuration 2
time: 0.000; rss: 35MB	gated configuration checking
time: 0.000; rss: 35MB	maybe building test harness
time: 0.000; rss: 35MB	prelude injection
time: 0.000; rss: 35MB	checking that all macro invocations are gone
time: 0.000; rss: 35MB	checking for inline asm in case the target doesn't support it
time: 0.000; rss: 35MB	complete gated feature checking 2
time: 0.000; rss: 35MB	assigning node ids and indexing ast
time: 0.000; rss: 35MB	external crate/lib resolution
time: 0.000; rss: 35MB	language item collection
time: 0.002; rss: 39MB	resolution
time: 0.000; rss: 39MB	lifetime resolution
time: 0.000; rss: 39MB	looking for entry point
time: 0.000; rss: 39MB	looking for plugin registrar
time: 0.000; rss: 39MB	region resolution
time: 0.000; rss: 39MB	loop checking
time: 0.000; rss: 39MB	static item recursion checking
time: 0.000; rss: 39MB	type collecting
time: 0.000; rss: 39MB	variance inference
time: 0.002; rss: 39MB	coherence checking
time: 0.000; rss: 43MB	wf checking (old)
time: 0.000; rss: 43MB	item-types checking
time: 0.012; rss: 50MB	item-bodies checking
time: 0.000; rss: 50MB	drop-impl checking
time: 0.000; rss: 50MB	wf checking (new)
time: 0.000; rss: 50MB	const checking
time: 0.000; rss: 50MB	privacy checking
time: 0.000; rss: 50MB	stability index
time: 0.000; rss: 50MB	intrinsic checking
time: 0.000; rss: 50MB	effect checking
time: 0.000; rss: 50MB	match checking
time: 0.000; rss: 50MB	liveness checking
time: 0.000; rss: 50MB	borrow checking
time: 0.000; rss: 50MB	rvalue checking
time: 0.000; rss: 50MB	reachability checking
time: 0.000; rss: 50MB	death checking
time: 0.000; rss: 50MB	stability checking
time: 0.000; rss: 50MB	unused lib feature checking
time: 0.000; rss: 50MB	lint checking
time: 0.000; rss: 50MB	resolving dependency formats
time: 0.004; rss: 63MB	translation
  time: 0.001; rss: 63MB	llvm function passes
  time: 0.003; rss: 63MB	llvm module passes
  time: 0.003; rss: 68MB	codegen passes
  time: 0.000; rss: 68MB	codegen passes
time: 0.009; rss: 68MB	LLVM passes
time: 0.001; rss: 68MB	linking
rustc: x86_64-unknown-linux-gnu/stage2/lib/rustlib/x86_64-unknown-linux-gnu/lib/liballoc
time: 0.009; rss: 36MB	parsing
time: 0.003; rss: 36MB	configuration 1
time: 0.000; rss: 36MB	recursion limit
time: 0.000; rss: 36MB	gated macro checking
time: 0.000; rss: 36MB	crate injection
time: 0.001; rss: 36MB	macro loading
time: 0.000; rss: 36MB	plugin loading
time: 0.000; rss: 36MB	plugin registration
time: 0.011; rss: 37MB	expansion
time: 0.000; rss: 37MB	complete gated feature checking 1
time: 0.003; rss: 37MB	configuration 2
time: 0.000; rss: 37MB	gated configuration checking
time: 0.001; rss: 37MB	maybe building test harness
time: 0.001; rss: 37MB	prelude injection
time: 0.000; rss: 37MB	checking that all macro invocations are gone
time: 0.000; rss: 37MB	checking for inline asm in case the target doesn't support it
time: 0.000; rss: 37MB	complete gated feature checking 2
time: 0.001; rss: 37MB	assigning node ids and indexing ast
time: 0.000; rss: 37MB	external crate/lib resolution
time: 0.000; rss: 37MB	language item collection
time: 0.007; rss: 50MB	resolution
time: 0.000; rss: 50MB	lifetime resolution
time: 0.000; rss: 50MB	looking for entry point
time: 0.000; rss: 50MB	looking for plugin registrar
time: 0.000; rss: 50MB	region resolution
time: 0.000; rss: 50MB	loop checking
time: 0.000; rss: 50MB	static item recursion checking
time: 0.003; rss: 52MB	type collecting
time: 0.000; rss: 52MB	variance inference
time: 0.040; rss: 65MB	coherence checking
time: 0.004; rss: 65MB	wf checking (old)
time: 0.003; rss: 65MB	item-types checking
time: 0.071; rss: 69MB	item-bodies checking
time: 0.000; rss: 69MB	drop-impl checking
time: 0.008; rss: 69MB	wf checking (new)
time: 0.005; rss: 72MB	const checking
time: 0.001; rss: 72MB	privacy checking
time: 0.000; rss: 72MB	stability index
time: 0.000; rss: 72MB	intrinsic checking
time: 0.000; rss: 72MB	effect checking
time: 0.001; rss: 72MB	match checking
time: 0.000; rss: 72MB	liveness checking
time: 0.008; rss: 72MB	borrow checking
time: 0.004; rss: 72MB	rvalue checking
time: 0.000; rss: 72MB	reachability checking
time: 0.001; rss: 72MB	death checking
time: 0.001; rss: 72MB	stability checking
time: 0.000; rss: 72MB	unused lib feature checking
time: 0.006; rss: 72MB	lint checking
time: 0.000; rss: 72MB	resolving dependency formats
time: 0.046; rss: 86MB	translation
  time: 0.002; rss: 74MB	llvm function passes
  time: 0.007; rss: 74MB	llvm module passes
  time: 0.005; rss: 80MB	codegen passes
  time: 0.000; rss: 79MB	codegen passes
time: 0.016; rss: 79MB	LLVM passes
time: 0.001; rss: 79MB	linking
rustc: x86_64-unknown-linux-gnu/stage2/lib/rustlib/x86_64-unknown-linux-gnu/lib/librustc_unicode
time: 0.033; rss: 40MB	parsing
time: 0.006; rss: 40MB	configuration 1
time: 0.000; rss: 40MB	recursion limit
time: 0.000; rss: 40MB	gated macro checking
time: 0.000; rss: 40MB	crate injection
time: 0.001; rss: 40MB	macro loading
time: 0.000; rss: 40MB	plugin loading
time: 0.000; rss: 40MB	plugin registration
time: 0.051; rss: 43MB	expansion
time: 0.000; rss: 43MB	complete gated feature checking 1
time: 0.006; rss: 43MB	configuration 2
time: 0.000; rss: 43MB	gated configuration checking
time: 0.003; rss: 43MB	maybe building test harness
time: 0.003; rss: 43MB	prelude injection
time: 0.000; rss: 43MB	checking that all macro invocations are gone
time: 0.000; rss: 43MB	checking for inline asm in case the target doesn't support it
time: 0.000; rss: 43MB	complete gated feature checking 2
time: 0.003; rss: 45MB	assigning node ids and indexing ast
time: 0.000; rss: 45MB	external crate/lib resolution
time: 0.000; rss: 45MB	language item collection
time: 0.004; rss: 53MB	resolution
time: 0.000; rss: 53MB	lifetime resolution
time: 0.000; rss: 53MB	looking for entry point
time: 0.000; rss: 53MB	looking for plugin registrar
time: 0.002; rss: 54MB	region resolution
time: 0.000; rss: 54MB	loop checking
time: 0.000; rss: 54MB	static item recursion checking
time: 0.001; rss: 54MB	type collecting
time: 0.000; rss: 54MB	variance inference
time: 0.036; rss: 69MB	coherence checking
time: 0.003; rss: 69MB	wf checking (old)
time: 0.047; rss: 71MB	item-types checking
time: 0.034; rss: 77MB	item-bodies checking
time: 0.000; rss: 77MB	drop-impl checking
time: 0.002; rss: 77MB	wf checking (new)
time: 0.010; rss: 77MB	const checking
time: 0.001; rss: 77MB	privacy checking
time: 0.000; rss: 77MB	stability index
time: 0.000; rss: 77MB	intrinsic checking
time: 0.000; rss: 77MB	effect checking
time: 0.000; rss: 77MB	match checking
time: 0.000; rss: 77MB	liveness checking
time: 0.002; rss: 77MB	borrow checking
time: 0.001; rss: 77MB	rvalue checking
time: 0.000; rss: 77MB	reachability checking
time: 0.001; rss: 77MB	death checking
time: 0.001; rss: 77MB	stability checking
time: 0.000; rss: 77MB	unused lib feature checking
time: 0.008; rss: 77MB	lint checking
time: 0.000; rss: 77MB	resolving dependency formats
time: 0.203; rss: 100MB	translation
  time: 0.015; rss: 79MB	llvm function passes
  time: 0.165; rss: 80MB	llvm module passes
  time: 0.072; rss: 83MB	codegen passes
  time: 0.001; rss: 82MB	codegen passes
time: 0.261; rss: 82MB	LLVM passes
time: 0.007; rss: 82MB	linking
rustc: x86_64-unknown-linux-gnu/stage2/lib/rustlib/x86_64-unknown-linux-gnu/lib/libcollections
time: 0.037; rss: 44MB	parsing
time: 0.014; rss: 44MB	configuration 1
time: 0.000; rss: 44MB	recursion limit
time: 0.001; rss: 44MB	gated macro checking
time: 0.000; rss: 44MB	crate injection
time: 0.001; rss: 44MB	macro loading
time: 0.000; rss: 44MB	plugin loading
time: 0.000; rss: 44MB	plugin registration
time: 0.090; rss: 48MB	expansion
time: 0.003; rss: 48MB	complete gated feature checking 1
time: 0.019; rss: 48MB	configuration 2
time: 0.000; rss: 48MB	gated configuration checking
time: 0.009; rss: 48MB	maybe building test harness
time: 0.009; rss: 48MB	prelude injection
time: 0.001; rss: 48MB	checking that all macro invocations are gone
time: 0.000; rss: 48MB	checking for inline asm in case the target doesn't support it
time: 0.002; rss: 48MB	complete gated feature checking 2
time: 0.009; rss: 48MB	assigning node ids and indexing ast
time: 0.001; rss: 49MB	external crate/lib resolution
time: 0.001; rss: 49MB	language item collection
time: 0.026; rss: 66MB	resolution
time: 0.002; rss: 66MB	lifetime resolution
time: 0.000; rss: 66MB	looking for entry point
time: 0.001; rss: 66MB	looking for plugin registrar
time: 0.004; rss: 66MB	region resolution
time: 0.001; rss: 66MB	loop checking
time: 0.001; rss: 66MB	static item recursion checking
time: 0.013; rss: 70MB	type collecting
time: 0.002; rss: 70MB	variance inference
time: 0.114; rss: 87MB	coherence checking
time: 0.043; rss: 89MB	wf checking (old)
time: 0.035; rss: 89MB	item-types checking
time: 1.179; rss: 108MB	item-bodies checking
time: 0.000; rss: 108MB	drop-impl checking
time: 0.103; rss: 110MB	wf checking (new)
time: 0.055; rss: 114MB	const checking
time: 0.008; rss: 114MB	privacy checking
time: 0.001; rss: 114MB	stability index
time: 0.005; rss: 114MB	intrinsic checking
time: 0.001; rss: 114MB	effect checking
time: 0.014; rss: 114MB	match checking
time: 0.004; rss: 114MB	liveness checking
time: 0.107; rss: 114MB	borrow checking
time: 0.087; rss: 114MB	rvalue checking
time: 0.004; rss: 114MB	reachability checking
time: 0.006; rss: 114MB	death checking
time: 0.008; rss: 114MB	stability checking
time: 0.000; rss: 114MB	unused lib feature checking
time: 0.116; rss: 114MB	lint checking
time: 0.000; rss: 114MB	resolving dependency formats
time: 0.429; rss: 151MB	translation
  time: 0.041; rss: 92MB	llvm function passes
  time: 0.407; rss: 94MB	llvm module passes
  time: 0.153; rss: 98MB	codegen passes
  time: 0.001; rss: 97MB	codegen passes
time: 0.611; rss: 96MB	LLVM passes
time: 0.012; rss: 96MB	linking
rustc: x86_64-unknown-linux-gnu/stage2/lib/rustlib/x86_64-unknown-linux-gnu/lib/liballoc_jemalloc
time: 0.000; rss: 29MB	parsing
time: 0.000; rss: 33MB	configuration 1
time: 0.000; rss: 33MB	recursion limit
time: 0.000; rss: 33MB	gated macro checking
time: 0.000; rss: 33MB	crate injection
time: 0.001; rss: 33MB	macro loading
time: 0.000; rss: 33MB	plugin loading
time: 0.000; rss: 33MB	plugin registration
time: 0.001; rss: 33MB	expansion
time: 0.000; rss: 33MB	complete gated feature checking 1
time: 0.000; rss: 33MB	configuration 2
time: 0.000; rss: 33MB	gated configuration checking
time: 0.000; rss: 33MB	maybe building test harness
time: 0.000; rss: 33MB	prelude injection
time: 0.000; rss: 33MB	checking that all macro invocations are gone
time: 0.000; rss: 33MB	checking for inline asm in case the target doesn't support it
time: 0.000; rss: 33MB	complete gated feature checking 2
time: 0.000; rss: 33MB	assigning node ids and indexing ast
time: 0.000; rss: 33MB	external crate/lib resolution
time: 0.000; rss: 33MB	language item collection
time: 0.002; rss: 37MB	resolution
time: 0.000; rss: 37MB	lifetime resolution
time: 0.000; rss: 37MB	looking for entry point
time: 0.000; rss: 37MB	looking for plugin registrar
time: 0.000; rss: 37MB	region resolution
time: 0.000; rss: 37MB	loop checking
time: 0.000; rss: 37MB	static item recursion checking
time: 0.000; rss: 37MB	type collecting
time: 0.000; rss: 37MB	variance inference
time: 0.002; rss: 42MB	coherence checking
time: 0.000; rss: 42MB	wf checking (old)
time: 0.000; rss: 42MB	item-types checking
time: 0.010; rss: 48MB	item-bodies checking
time: 0.000; rss: 48MB	drop-impl checking
time: 0.000; rss: 48MB	wf checking (new)
time: 0.000; rss: 48MB	const checking
time: 0.000; rss: 48MB	privacy checking
time: 0.000; rss: 48MB	stability index
time: 0.000; rss: 48MB	intrinsic checking
time: 0.000; rss: 48MB	effect checking
time: 0.000; rss: 48MB	match checking
time: 0.000; rss: 48MB	liveness checking
time: 0.000; rss: 48MB	borrow checking
time: 0.000; rss: 48MB	rvalue checking
time: 0.000; rss: 48MB	reachability checking
time: 0.000; rss: 48MB	death checking
time: 0.000; rss: 48MB	stability checking
time: 0.000; rss: 48MB	unused lib feature checking
time: 0.000; rss: 48MB	lint checking
time: 0.000; rss: 48MB	resolving dependency formats
time: 0.004; rss: 63MB	translation
  time: 0.001; rss: 63MB	llvm function passes
  time: 0.002; rss: 63MB	llvm module passes
  time: 0.003; rss: 68MB	codegen passes
  time: 0.000; rss: 68MB	codegen passes
time: 0.008; rss: 68MB	LLVM passes
time: 0.002; rss: 69MB	linking
rustc: x86_64-unknown-linux-gnu/stage2/lib/rustlib/x86_64-unknown-linux-gnu/lib/libstd
time: 0.147; rss: 75MB	parsing
time: 0.049; rss: 72MB	configuration 1
time: 0.000; rss: 72MB	recursion limit
time: 0.003; rss: 72MB	gated macro checking
time: 0.000; rss: 72MB	crate injection
time: 0.004; rss: 73MB	macro loading
time: 0.000; rss: 73MB	plugin loading
time: 0.000; rss: 73MB	plugin registration
time: 0.234; rss: 70MB	expansion
time: 0.008; rss: 70MB	complete gated feature checking 1
time: 0.047; rss: 70MB	configuration 2
time: 0.000; rss: 70MB	gated configuration checking
time: 0.024; rss: 70MB	maybe building test harness
time: 0.023; rss: 70MB	prelude injection
time: 0.003; rss: 70MB	checking that all macro invocations are gone
time: 0.000; rss: 70MB	checking for inline asm in case the target doesn't support it
time: 0.008; rss: 70MB	complete gated feature checking 2
time: 0.028; rss: 73MB	assigning node ids and indexing ast
time: 0.005; rss: 73MB	external crate/lib resolution
time: 0.007; rss: 73MB	language item collection
time: 0.067; rss: 105MB	resolution
time: 0.006; rss: 103MB	lifetime resolution
time: 0.000; rss: 103MB	looking for entry point
time: 0.003; rss: 103MB	looking for plugin registrar
time: 0.014; rss: 108MB	region resolution
time: 0.003; rss: 108MB	loop checking
time: 0.003; rss: 108MB	static item recursion checking
time: 0.029; rss: 113MB	type collecting
time: 0.007; rss: 113MB	variance inference
time: 0.110; rss: 135MB	coherence checking
time: 0.041; rss: 137MB	wf checking (old)
time: 0.069; rss: 141MB	item-types checking
time: 1.145; rss: 174MB	item-bodies checking
time: 0.000; rss: 174MB	drop-impl checking
time: 0.109; rss: 174MB	wf checking (new)
time: 0.109; rss: 174MB	const checking
time: 0.030; rss: 174MB	privacy checking
time: 0.002; rss: 174MB	stability index
time: 0.010; rss: 174MB	intrinsic checking
time: 0.006; rss: 174MB	effect checking
time: 0.025; rss: 174MB	match checking
time: 0.013; rss: 174MB	liveness checking
time: 0.190; rss: 174MB	borrow checking
time: 0.134; rss: 174MB	rvalue checking
time: 0.008; rss: 174MB	reachability checking
time: 0.020; rss: 174MB	death checking
time: 0.021; rss: 174MB	stability checking
time: 0.000; rss: 174MB	unused lib feature checking
time: 0.093; rss: 174MB	lint checking
time: 0.000; rss: 174MB	resolving dependency formats
time: 1.276; rss: 260MB	translation
  time: 0.345; rss: 159MB	llvm function passes
  time: 4.046; rss: 166MB	llvm module passes
  time: 1.689; rss: 170MB	codegen passes
  time: 0.002; rss: 159MB	codegen passes
time: 6.196; rss: 159MB	LLVM passes
  time: 0.001; rss: 159MB	altering collections-a5fc0d6c.rlib
  time: 0.000; rss: 159MB	altering alloc-a5fc0d6c.rlib
  time: 0.000; rss: 159MB	altering rustc_unicode-a5fc0d6c.rlib
  time: 0.001; rss: 159MB	altering alloc_jemalloc-a5fc0d6c.rlib
  time: 0.000; rss: 159MB	altering libc-a5fc0d6c.rlib
  time: 0.000; rss: 159MB	altering rand-a5fc0d6c.rlib
  time: 0.001; rss: 159MB	altering core-a5fc0d6c.rlib
  time: 0.142; rss: 164MB	running linker
time: 0.219; rss: 163MB	linking
rustc: x86_64-unknown-linux-gnu/stage2/lib/rustlib/x86_64-unknown-linux-gnu/lib/libflate
time: 0.001; rss: 29MB	parsing
time: 0.000; rss: 33MB	configuration 1
time: 0.000; rss: 33MB	recursion limit
time: 0.000; rss: 33MB	gated macro checking
time: 0.000; rss: 33MB	crate injection
time: 0.003; rss: 35MB	macro loading
time: 0.000; rss: 35MB	plugin loading
time: 0.000; rss: 35MB	plugin registration
time: 0.002; rss: 35MB	expansion
time: 0.000; rss: 35MB	complete gated feature checking 1
time: 0.000; rss: 35MB	configuration 2
time: 0.000; rss: 35MB	gated configuration checking
time: 0.000; rss: 35MB	maybe building test harness
time: 0.000; rss: 35MB	prelude injection
time: 0.000; rss: 35MB	checking that all macro invocations are gone
time: 0.000; rss: 35MB	checking for inline asm in case the target doesn't support it
time: 0.000; rss: 35MB	complete gated feature checking 2
time: 0.000; rss: 35MB	assigning node ids and indexing ast
time: 0.001; rss: 35MB	external crate/lib resolution
time: 0.000; rss: 35MB	language item collection
time: 0.004; rss: 48MB	resolution
time: 0.000; rss: 48MB	lifetime resolution
time: 0.000; rss: 48MB	looking for entry point
time: 0.000; rss: 48MB	looking for plugin registrar
time: 0.000; rss: 48MB	region resolution
time: 0.000; rss: 48MB	loop checking
time: 0.000; rss: 48MB	static item recursion checking
time: 0.001; rss: 48MB	type collecting
time: 0.000; rss: 48MB	variance inference
time: 0.030; rss: 75MB	coherence checking
time: 0.001; rss: 75MB	wf checking (old)
time: 0.001; rss: 75MB	item-types checking
time: 0.016; rss: 75MB	item-bodies checking
time: 0.000; rss: 75MB	drop-impl checking
time: 0.001; rss: 75MB	wf checking (new)
time: 0.000; rss: 75MB	const checking
time: 0.000; rss: 75MB	privacy checking
time: 0.000; rss: 75MB	stability index
time: 0.000; rss: 75MB	intrinsic checking
time: 0.000; rss: 75MB	effect checking
time: 0.000; rss: 75MB	match checking
time: 0.000; rss: 75MB	liveness checking
time: 0.001; rss: 75MB	borrow checking
time: 0.000; rss: 75MB	rvalue checking
time: 0.000; rss: 75MB	reachability checking
time: 0.000; rss: 75MB	death checking
time: 0.000; rss: 75MB	stability checking
time: 0.000; rss: 75MB	unused lib feature checking
time: 0.001; rss: 75MB	lint checking
time: 0.001; rss: 75MB	resolving dependency formats
time: 0.017; rss: 92MB	translation
  time: 0.003; rss: 87MB	llvm function passes
  time: 0.007; rss: 87MB	llvm module passes
  time: 0.006; rss: 92MB	codegen passes
  time: 0.000; rss: 92MB	codegen passes
time: 0.018; rss: 92MB	LLVM passes
  time: 0.019; rss: 96MB	running linker
time: 0.021; rss: 96MB	linking
rustc: x86_64-unknown-linux-gnu/stage2/lib/rustlib/x86_64-unknown-linux-gnu/lib/libarena
time: 0.002; rss: 29MB	parsing
time: 0.001; rss: 33MB	configuration 1
time: 0.000; rss: 33MB	recursion limit
time: 0.000; rss: 33MB	gated macro checking
time: 0.000; rss: 33MB	crate injection
time: 0.003; rss: 36MB	macro loading
time: 0.000; rss: 36MB	plugin loading
time: 0.000; rss: 36MB	plugin registration
time: 0.003; rss: 37MB	expansion
time: 0.000; rss: 37MB	complete gated feature checking 1
time: 0.001; rss: 37MB	configuration 2
time: 0.000; rss: 37MB	gated configuration checking
time: 0.000; rss: 37MB	maybe building test harness
time: 0.000; rss: 37MB	prelude injection
time: 0.000; rss: 37MB	checking that all macro invocations are gone
time: 0.000; rss: 37MB	checking for inline asm in case the target doesn't support it
time: 0.000; rss: 37MB	complete gated feature checking 2
time: 0.000; rss: 37MB	assigning node ids and indexing ast
time: 0.001; rss: 37MB	external crate/lib resolution
time: 0.000; rss: 37MB	language item collection
time: 0.003; rss: 45MB	resolution
time: 0.000; rss: 45MB	lifetime resolution
time: 0.000; rss: 45MB	looking for entry point
time: 0.000; rss: 45MB	looking for plugin registrar
time: 0.000; rss: 45MB	region resolution
time: 0.000; rss: 45MB	loop checking
time: 0.000; rss: 45MB	static item recursion checking
time: 0.001; rss: 46MB	type collecting
time: 0.000; rss: 46MB	variance inference
time: 0.020; rss: 67MB	coherence checking
time: 0.001; rss: 67MB	wf checking (old)
time: 0.000; rss: 67MB	item-types checking
time: 0.076; rss: 87MB	item-bodies checking
time: 0.000; rss: 87MB	drop-impl checking
time: 0.001; rss: 87MB	wf checking (new)
time: 0.002; rss: 87MB	const checking
time: 0.000; rss: 87MB	privacy checking
time: 0.000; rss: 87MB	stability index
time: 0.000; rss: 87MB	intrinsic checking
time: 0.000; rss: 87MB	effect checking
time: 0.000; rss: 87MB	match checking
time: 0.000; rss: 87MB	liveness checking
time: 0.002; rss: 87MB	borrow checking
time: 0.001; rss: 87MB	rvalue checking
time: 0.000; rss: 87MB	reachability checking
time: 0.000; rss: 87MB	death checking
time: 0.000; rss: 87MB	stability checking
time: 0.000; rss: 87MB	unused lib feature checking
time: 0.004; rss: 87MB	lint checking
time: 0.001; rss: 87MB	resolving dependency formats
time: 0.049; rss: 104MB	translation
  time: 0.011; rss: 87MB	llvm function passes
  time: 0.074; rss: 88MB	llvm module passes
  time: 0.028; rss: 93MB	codegen passes
  time: 0.000; rss: 93MB	codegen passes
time: 0.116; rss: 93MB	LLVM passes
  time: 0.015; rss: 99MB	running linker
time: 0.018; rss: 97MB	linking
rustc: x86_64-unknown-linux-gnu/stage2/lib/rustlib/x86_64-unknown-linux-gnu/lib/liblog
time: 0.002; rss: 30MB	parsing
time: 0.001; rss: 34MB	configuration 1
time: 0.000; rss: 34MB	recursion limit
time: 0.000; rss: 34MB	gated macro checking
time: 0.000; rss: 34MB	crate injection
time: 0.003; rss: 36MB	macro loading
time: 0.000; rss: 36MB	plugin loading
time: 0.000; rss: 36MB	plugin registration
time: 0.005; rss: 37MB	expansion
time: 0.000; rss: 37MB	complete gated feature checking 1
time: 0.001; rss: 37MB	configuration 2
time: 0.000; rss: 37MB	gated configuration checking
time: 0.000; rss: 37MB	maybe building test harness
time: 0.000; rss: 37MB	prelude injection
time: 0.000; rss: 37MB	checking that all macro invocations are gone
time: 0.000; rss: 37MB	checking for inline asm in case the target doesn't support it
time: 0.000; rss: 37MB	complete gated feature checking 2
time: 0.000; rss: 37MB	assigning node ids and indexing ast
time: 0.001; rss: 37MB	external crate/lib resolution
time: 0.000; rss: 37MB	language item collection
time: 0.004; rss: 51MB	resolution
time: 0.000; rss: 51MB	lifetime resolution
time: 0.000; rss: 51MB	looking for entry point
time: 0.000; rss: 51MB	looking for plugin registrar
time: 0.000; rss: 51MB	region resolution
time: 0.000; rss: 51MB	loop checking
time: 0.000; rss: 51MB	static item recursion checking
time: 0.002; rss: 51MB	type collecting
time: 0.000; rss: 51MB	variance inference
time: 0.025; rss: 72MB	coherence checking
time: 0.001; rss: 72MB	wf checking (old)
time: 0.002; rss: 72MB	item-types checking
time: 0.087; rss: 93MB	item-bodies checking
time: 0.000; rss: 93MB	drop-impl checking
time: 0.001; rss: 93MB	wf checking (new)
time: 0.005; rss: 93MB	const checking
time: 0.000; rss: 93MB	privacy checking
time: 0.000; rss: 93MB	stability index
time: 0.000; rss: 93MB	intrinsic checking
time: 0.000; rss: 93MB	effect checking
time: 0.000; rss: 93MB	match checking
time: 0.000; rss: 93MB	liveness checking
time: 0.002; rss: 93MB	borrow checking
time: 0.001; rss: 93MB	rvalue checking
time: 0.000; rss: 93MB	reachability checking
time: 0.000; rss: 93MB	death checking
time: 0.001; rss: 93MB	stability checking
time: 0.000; rss: 93MB	unused lib feature checking
time: 0.002; rss: 93MB	lint checking
time: 0.001; rss: 93MB	resolving dependency formats
time: 0.111; rss: 115MB	translation
  time: 0.031; rss: 93MB	llvm function passes
  time: 0.425; rss: 96MB	llvm module passes
  time: 0.097; rss: 100MB	codegen passes
  time: 0.000; rss: 97MB	codegen passes
time: 0.560; rss: 97MB	LLVM passes
  time: 0.019; rss: 101MB	running linker
time: 0.023; rss: 102MB	linking
rustc: x86_64-unknown-linux-gnu/stage2/lib/rustlib/x86_64-unknown-linux-gnu/lib/libterm
time: 0.008; rss: 35MB	parsing
time: 0.002; rss: 35MB	configuration 1
time: 0.000; rss: 35MB	recursion limit
time: 0.000; rss: 35MB	gated macro checking
time: 0.000; rss: 35MB	crate injection
time: 0.003; rss: 38MB	macro loading
time: 0.000; rss: 38MB	plugin loading
time: 0.000; rss: 38MB	plugin registration
time: 0.020; rss: 40MB	expansion
time: 0.000; rss: 40MB	complete gated feature checking 1
time: 0.003; rss: 40MB	configuration 2
time: 0.000; rss: 40MB	gated configuration checking
time: 0.001; rss: 40MB	maybe building test harness
time: 0.001; rss: 40MB	prelude injection
time: 0.000; rss: 40MB	checking that all macro invocations are gone
time: 0.000; rss: 40MB	checking for inline asm in case the target doesn't support it
time: 0.000; rss: 40MB	complete gated feature checking 2
time: 0.002; rss: 40MB	assigning node ids and indexing ast
time: 0.001; rss: 40MB	external crate/lib resolution
time: 0.000; rss: 40MB	language item collection
time: 0.007; rss: 54MB	resolution
time: 0.000; rss: 54MB	lifetime resolution
time: 0.000; rss: 54MB	looking for entry point
time: 0.000; rss: 54MB	looking for plugin registrar
time: 0.001; rss: 54MB	region resolution
time: 0.000; rss: 54MB	loop checking
time: 0.000; rss: 54MB	static item recursion checking
time: 0.002; rss: 54MB	type collecting
time: 0.000; rss: 54MB	variance inference
time: 0.023; rss: 75MB	coherence checking
time: 0.002; rss: 75MB	wf checking (old)
time: 0.016; rss: 78MB	item-types checking
time: 0.182; rss: 98MB	item-bodies checking
time: 0.000; rss: 98MB	drop-impl checking
time: 0.003; rss: 98MB	wf checking (new)
time: 0.007; rss: 98MB	const checking
time: 0.001; rss: 98MB	privacy checking
time: 0.000; rss: 98MB	stability index
time: 0.000; rss: 98MB	intrinsic checking
time: 0.000; rss: 98MB	effect checking
time: 0.001; rss: 98MB	match checking
time: 0.001; rss: 100MB	liveness checking
time: 0.011; rss: 100MB	borrow checking
time: 0.004; rss: 100MB	rvalue checking
time: 0.000; rss: 100MB	reachability checking
time: 0.001; rss: 100MB	death checking
time: 0.002; rss: 100MB	stability checking
time: 0.000; rss: 100MB	unused lib feature checking
time: 0.006; rss: 100MB	lint checking
time: 0.001; rss: 100MB	resolving dependency formats
time: 0.258; rss: 138MB	translation
  time: 0.082; rss: 105MB	llvm function passes
  time: 1.263; rss: 109MB	llvm module passes
  time: 0.488; rss: 116MB	codegen passes
  time: 0.001; rss: 114MB	codegen passes
time: 1.858; rss: 114MB	LLVM passes
  time: 0.027; rss: 118MB	running linker
time: 0.044; rss: 118MB	linking
rustc: x86_64-unknown-linux-gnu/stage2/lib/rustlib/x86_64-unknown-linux-gnu/lib/libserialize
time: 0.018; rss: 39MB	parsing
time: 0.006; rss: 38MB	configuration 1
time: 0.000; rss: 38MB	recursion limit
time: 0.000; rss: 38MB	gated macro checking
time: 0.000; rss: 38MB	crate injection
time: 0.003; rss: 41MB	macro loading
time: 0.000; rss: 41MB	plugin loading
time: 0.000; rss: 41MB	plugin registration
time: 0.074; rss: 45MB	expansion
time: 0.001; rss: 45MB	complete gated feature checking 1
time: 0.013; rss: 45MB	configuration 2
time: 0.000; rss: 45MB	gated configuration checking
time: 0.007; rss: 45MB	maybe building test harness
time: 0.006; rss: 45MB	prelude injection
time: 0.000; rss: 45MB	checking that all macro invocations are gone
time: 0.000; rss: 45MB	checking for inline asm in case the target doesn't support it
time: 0.001; rss: 45MB	complete gated feature checking 2
time: 0.007; rss: 48MB	assigning node ids and indexing ast
time: 0.002; rss: 48MB	external crate/lib resolution
time: 0.001; rss: 48MB	language item collection
time: 0.024; rss: 68MB	resolution
time: 0.001; rss: 68MB	lifetime resolution
time: 0.000; rss: 68MB	looking for entry point
time: 0.000; rss: 68MB	looking for plugin registrar
time: 0.004; rss: 69MB	region resolution
time: 0.001; rss: 69MB	loop checking
time: 0.000; rss: 69MB	static item recursion checking
time: 0.008; rss: 73MB	type collecting
time: 0.001; rss: 73MB	variance inference
time: 0.075; rss: 100MB	coherence checking
time: 0.015; rss: 100MB	wf checking (old)
time: 0.020; rss: 100MB	item-types checking
time: 0.847; rss: 127MB	item-bodies checking
time: 0.000; rss: 127MB	drop-impl checking
time: 0.053; rss: 127MB	wf checking (new)
time: 0.121; rss: 127MB	const checking
time: 0.005; rss: 127MB	privacy checking
time: 0.000; rss: 127MB	stability index
time: 0.003; rss: 127MB	intrinsic checking
time: 0.001; rss: 127MB	effect checking
time: 0.013; rss: 127MB	match checking
time: 0.005; rss: 127MB	liveness checking
time: 0.238; rss: 127MB	borrow checking
time: 0.165; rss: 127MB	rvalue checking
time: 0.002; rss: 127MB	reachability checking
time: 0.005; rss: 127MB	death checking
time: 0.007; rss: 127MB	stability checking
time: 0.000; rss: 127MB	unused lib feature checking
time: 0.029; rss: 127MB	lint checking
time: 0.001; rss: 127MB	resolving dependency formats
time: 0.456; rss: 172MB	translation
  time: 0.111; rss: 114MB	llvm function passes
  time: 2.735; rss: 118MB	llvm module passes
  time: 0.559; rss: 122MB	codegen passes
  time: 0.001; rss: 120MB	codegen passes
time: 3.439; rss: 120MB	LLVM passes
  time: 0.028; rss: 124MB	running linker
time: 0.051; rss: 123MB	linking
rustc: x86_64-unknown-linux-gnu/stage2/lib/rustlib/x86_64-unknown-linux-gnu/lib/libgetopts
time: 0.005; rss: 35MB	parsing
time: 0.001; rss: 35MB	configuration 1
time: 0.000; rss: 35MB	recursion limit
time: 0.000; rss: 35MB	gated macro checking
time: 0.000; rss: 35MB	crate injection
time: 0.003; rss: 37MB	macro loading
time: 0.000; rss: 37MB	plugin loading
time: 0.000; rss: 37MB	plugin registration
time: 0.012; rss: 39MB	expansion
time: 0.000; rss: 39MB	complete gated feature checking 1
time: 0.002; rss: 39MB	configuration 2
time: 0.000; rss: 39MB	gated configuration checking
time: 0.001; rss: 39MB	maybe building test harness
time: 0.001; rss: 39MB	prelude injection
time: 0.000; rss: 39MB	checking that all macro invocations are gone
time: 0.000; rss: 39MB	checking for inline asm in case the target doesn't support it
time: 0.000; rss: 39MB	complete gated feature checking 2
time: 0.001; rss: 39MB	assigning node ids and indexing ast
time: 0.001; rss: 39MB	external crate/lib resolution
time: 0.000; rss: 39MB	language item collection
time: 0.005; rss: 47MB	resolution
time: 0.000; rss: 47MB	lifetime resolution
time: 0.000; rss: 47MB	looking for entry point
time: 0.000; rss: 47MB	looking for plugin registrar
time: 0.001; rss: 47MB	region resolution
time: 0.000; rss: 47MB	loop checking
time: 0.000; rss: 47MB	static item recursion checking
time: 0.001; rss: 49MB	type collecting
time: 0.000; rss: 49MB	variance inference
time: 0.024; rss: 72MB	coherence checking
time: 0.002; rss: 72MB	wf checking (old)
time: 0.002; rss: 72MB	item-types checking
time: 0.129; rss: 91MB	item-bodies checking
time: 0.000; rss: 91MB	drop-impl checking
time: 0.003; rss: 91MB	wf checking (new)
time: 0.004; rss: 91MB	const checking
time: 0.001; rss: 91MB	privacy checking
time: 0.000; rss: 91MB	stability index
time: 0.000; rss: 91MB	intrinsic checking
time: 0.000; rss: 91MB	effect checking
time: 0.001; rss: 91MB	match checking
time: 0.001; rss: 93MB	liveness checking
time: 0.008; rss: 93MB	borrow checking
time: 0.003; rss: 93MB	rvalue checking
time: 0.000; rss: 93MB	reachability checking
time: 0.001; rss: 93MB	death checking
time: 0.001; rss: 93MB	stability checking
time: 0.000; rss: 93MB	unused lib feature checking
time: 0.005; rss: 93MB	lint checking
time: 0.001; rss: 93MB	resolving dependency formats
time: 0.194; rss: 121MB	translation
  time: 0.058; rss: 97MB	llvm function passes
  time: 0.959; rss: 100MB	llvm module passes
  time: 0.380; rss: 107MB	codegen passes
  time: 0.001; rss: 106MB	codegen passes
time: 1.416; rss: 106MB	LLVM passes
  time: 0.022; rss: 111MB	running linker
time: 0.034; rss: 110MB	linking
rustc: x86_64-unknown-linux-gnu/stage2/lib/rustlib/x86_64-unknown-linux-gnu/lib/librbml
time: 0.005; rss: 34MB	parsing
time: 0.002; rss: 35MB	configuration 1
time: 0.000; rss: 35MB	recursion limit
time: 0.000; rss: 35MB	gated macro checking
time: 0.000; rss: 35MB	crate injection
time: 0.003; rss: 37MB	macro loading
time: 0.000; rss: 37MB	plugin loading
time: 0.000; rss: 37MB	plugin registration
time: 0.021; rss: 39MB	expansion
time: 0.000; rss: 39MB	complete gated feature checking 1
time: 0.003; rss: 39MB	configuration 2
time: 0.000; rss: 39MB	gated configuration checking
time: 0.002; rss: 39MB	maybe building test harness
time: 0.002; rss: 39MB	prelude injection
time: 0.000; rss: 39MB	checking that all macro invocations are gone
time: 0.000; rss: 39MB	checking for inline asm in case the target doesn't support it
time: 0.000; rss: 39MB	complete gated feature checking 2
time: 0.002; rss: 39MB	assigning node ids and indexing ast
time: 0.002; rss: 39MB	external crate/lib resolution
time: 0.000; rss: 39MB	language item collection
time: 0.006; rss: 51MB	resolution
time: 0.000; rss: 51MB	lifetime resolution
time: 0.000; rss: 51MB	looking for entry point
time: 0.000; rss: 51MB	looking for plugin registrar
time: 0.001; rss: 51MB	region resolution
time: 0.000; rss: 51MB	loop checking
time: 0.000; rss: 51MB	static item recursion checking
time: 0.003; rss: 54MB	type collecting
time: 0.000; rss: 54MB	variance inference
time: 0.055; rss: 83MB	coherence checking
time: 0.002; rss: 83MB	wf checking (old)
time: 0.010; rss: 86MB	item-types checking
time: 0.146; rss: 99MB	item-bodies checking
time: 0.000; rss: 99MB	drop-impl checking
time: 0.008; rss: 99MB	wf checking (new)
time: 0.016; rss: 99MB	const checking
time: 0.001; rss: 99MB	privacy checking
time: 0.000; rss: 99MB	stability index
time: 0.001; rss: 99MB	intrinsic checking
time: 0.000; rss: 99MB	effect checking
time: 0.002; rss: 99MB	match checking
time: 0.001; rss: 99MB	liveness checking
time: 0.021; rss: 101MB	borrow checking
time: 0.014; rss: 101MB	rvalue checking
time: 0.000; rss: 101MB	reachability checking
time: 0.001; rss: 101MB	death checking
time: 0.002; rss: 101MB	stability checking
time: 0.000; rss: 101MB	unused lib feature checking
time: 0.007; rss: 101MB	lint checking
time: 0.001; rss: 101MB	resolving dependency formats
time: 0.099; rss: 123MB	translation
  time: 0.025; rss: 98MB	llvm function passes
  time: 0.216; rss: 100MB	llvm module passes
  time: 0.115; rss: 104MB	codegen passes
  time: 0.000; rss: 103MB	codegen passes
time: 0.363; rss: 102MB	LLVM passes
  time: 0.023; rss: 109MB	running linker
time: 0.029; rss: 107MB	linking
rustc: x86_64-unknown-linux-gnu/stage2/lib/rustlib/x86_64-unknown-linux-gnu/lib/libtest
time: 0.007; rss: 35MB	parsing
time: 0.002; rss: 35MB	configuration 1
time: 0.000; rss: 35MB	recursion limit
time: 0.000; rss: 35MB	gated macro checking
time: 0.000; rss: 35MB	crate injection
time: 0.003; rss: 36MB	macro loading
time: 0.000; rss: 36MB	plugin loading
time: 0.000; rss: 36MB	plugin registration
time: 0.017; rss: 38MB	expansion
time: 0.000; rss: 38MB	complete gated feature checking 1
time: 0.003; rss: 38MB	configuration 2
time: 0.000; rss: 38MB	gated configuration checking
time: 0.002; rss: 38MB	maybe building test harness
time: 0.002; rss: 38MB	prelude injection
time: 0.000; rss: 38MB	checking that all macro invocations are gone
time: 0.000; rss: 38MB	checking for inline asm in case the target doesn't support it
time: 0.000; rss: 38MB	complete gated feature checking 2
time: 0.002; rss: 39MB	assigning node ids and indexing ast
time: 0.003; rss: 40MB	external crate/lib resolution
time: 0.000; rss: 40MB	language item collection
time: 0.010; rss: 55MB	resolution
time: 0.000; rss: 55MB	lifetime resolution
time: 0.000; rss: 55MB	looking for entry point
time: 0.000; rss: 55MB	looking for plugin registrar
time: 0.001; rss: 55MB	region resolution
time: 0.000; rss: 55MB	loop checking
time: 0.000; rss: 55MB	static item recursion checking
time: 0.004; rss: 58MB	type collecting
time: 0.000; rss: 58MB	variance inference
time: 0.028; rss: 79MB	coherence checking
time: 0.002; rss: 79MB	wf checking (old)
time: 0.004; rss: 81MB	item-types checking
time: 0.196; rss: 104MB	item-bodies checking
time: 0.000; rss: 104MB	drop-impl checking
time: 0.006; rss: 104MB	wf checking (new)
time: 0.008; rss: 104MB	const checking
time: 0.001; rss: 104MB	privacy checking
time: 0.000; rss: 104MB	stability index
time: 0.000; rss: 104MB	intrinsic checking
time: 0.000; rss: 104MB	effect checking
time: 0.002; rss: 104MB	match checking
time: 0.001; rss: 104MB	liveness checking
time: 0.013; rss: 104MB	borrow checking
time: 0.007; rss: 104MB	rvalue checking
time: 0.000; rss: 104MB	reachability checking
time: 0.001; rss: 104MB	death checking
time: 0.002; rss: 104MB	stability checking
time: 0.000; rss: 104MB	unused lib feature checking
time: 0.008; rss: 104MB	lint checking
time: 0.001; rss: 104MB	resolving dependency formats
time: 0.445; rss: 150MB	translation
  time: 0.140; rss: 114MB	llvm function passes
  time: 2.684; rss: 118MB	llvm module passes
  time: 0.817; rss: 124MB	codegen passes
  time: 0.001; rss: 123MB	codegen passes
time: 3.692; rss: 123MB	LLVM passes
  time: 0.025; rss: 130MB	running linker
time: 0.056; rss: 127MB	linking
rustc: x86_64-unknown-linux-gnu/stage2/lib/rustlib/x86_64-unknown-linux-gnu/lib/libgraphviz
time: 0.002; rss: 30MB	parsing
time: 0.001; rss: 33MB	configuration 1
time: 0.000; rss: 33MB	recursion limit
time: 0.000; rss: 33MB	gated macro checking
time: 0.000; rss: 33MB	crate injection
time: 0.003; rss: 36MB	macro loading
time: 0.000; rss: 36MB	plugin loading
time: 0.000; rss: 36MB	plugin registration
time: 0.004; rss: 37MB	expansion
time: 0.000; rss: 37MB	complete gated feature checking 1
time: 0.001; rss: 37MB	configuration 2
time: 0.000; rss: 37MB	gated configuration checking
time: 0.000; rss: 37MB	maybe building test harness
time: 0.000; rss: 37MB	prelude injection
time: 0.000; rss: 37MB	checking that all macro invocations are gone
time: 0.000; rss: 37MB	checking for inline asm in case the target doesn't support it
time: 0.000; rss: 37MB	complete gated feature checking 2
time: 0.000; rss: 37MB	assigning node ids and indexing ast
time: 0.001; rss: 37MB	external crate/lib resolution
time: 0.000; rss: 37MB	language item collection
time: 0.003; rss: 48MB	resolution
time: 0.000; rss: 48MB	lifetime resolution
time: 0.000; rss: 48MB	looking for entry point
time: 0.000; rss: 48MB	looking for plugin registrar
time: 0.000; rss: 48MB	region resolution
time: 0.000; rss: 48MB	loop checking
time: 0.000; rss: 48MB	static item recursion checking
time: 0.001; rss: 48MB	type collecting
time: 0.000; rss: 48MB	variance inference
time: 0.023; rss: 68MB	coherence checking
time: 0.001; rss: 68MB	wf checking (old)
time: 0.001; rss: 68MB	item-types checking
time: 0.078; rss: 86MB	item-bodies checking
time: 0.000; rss: 86MB	drop-impl checking
time: 0.002; rss: 86MB	wf checking (new)
time: 0.002; rss: 86MB	const checking
time: 0.000; rss: 86MB	privacy checking
time: 0.000; rss: 86MB	stability index
time: 0.000; rss: 86MB	intrinsic checking
time: 0.000; rss: 86MB	effect checking
time: 0.001; rss: 86MB	match checking
time: 0.000; rss: 86MB	liveness checking
time: 0.003; rss: 86MB	borrow checking
time: 0.002; rss: 86MB	rvalue checking
time: 0.000; rss: 86MB	reachability checking
time: 0.000; rss: 86MB	death checking
time: 0.000; rss: 86MB	stability checking
time: 0.000; rss: 86MB	unused lib feature checking
time: 0.002; rss: 86MB	lint checking
time: 0.001; rss: 86MB	resolving dependency formats
time: 0.052; rss: 106MB	translation
  time: 0.012; rss: 88MB	llvm function passes
  time: 0.081; rss: 89MB	llvm module passes
  time: 0.026; rss: 93MB	codegen passes
  time: 0.000; rss: 93MB	codegen passes
time: 0.122; rss: 92MB	LLVM passes
  time: 0.019; rss: 99MB	running linker
time: 0.021; rss: 97MB	linking
rustc: x86_64-unknown-linux-gnu/stage2/lib/rustlib/x86_64-unknown-linux-gnu/lib/librustc_bitflags
time: 0.001; rss: 29MB	parsing
time: 0.000; rss: 29MB	configuration 1
time: 0.000; rss: 29MB	recursion limit
time: 0.000; rss: 29MB	gated macro checking
time: 0.000; rss: 29MB	crate injection
time: 0.001; rss: 33MB	macro loading
time: 0.000; rss: 33MB	plugin loading
time: 0.000; rss: 33MB	plugin registration
time: 0.001; rss: 35MB	expansion
time: 0.000; rss: 35MB	complete gated feature checking 1
time: 0.000; rss: 35MB	configuration 2
time: 0.000; rss: 35MB	gated configuration checking
time: 0.000; rss: 35MB	maybe building test harness
time: 0.000; rss: 35MB	prelude injection
time: 0.000; rss: 35MB	checking that all macro invocations are gone
time: 0.000; rss: 35MB	checking for inline asm in case the target doesn't support it
time: 0.000; rss: 35MB	complete gated feature checking 2
time: 0.000; rss: 35MB	assigning node ids and indexing ast
time: 0.000; rss: 35MB	external crate/lib resolution
time: 0.000; rss: 35MB	language item collection
time: 0.001; rss: 35MB	resolution
time: 0.000; rss: 35MB	lifetime resolution
time: 0.000; rss: 35MB	looking for entry point
time: 0.000; rss: 35MB	looking for plugin registrar
time: 0.000; rss: 35MB	region resolution
time: 0.000; rss: 35MB	loop checking
time: 0.000; rss: 35MB	static item recursion checking
time: 0.000; rss: 39MB	type collecting
time: 0.000; rss: 39MB	variance inference
time: 0.001; rss: 39MB	coherence checking
time: 0.000; rss: 39MB	wf checking (old)
time: 0.000; rss: 39MB	item-types checking
time: 0.000; rss: 39MB	item-bodies checking
time: 0.000; rss: 39MB	drop-impl checking
time: 0.000; rss: 39MB	wf checking (new)
time: 0.000; rss: 39MB	const checking
time: 0.000; rss: 39MB	privacy checking
time: 0.000; rss: 39MB	stability index
time: 0.000; rss: 39MB	intrinsic checking
time: 0.000; rss: 39MB	effect checking
time: 0.000; rss: 39MB	match checking
time: 0.000; rss: 39MB	liveness checking
time: 0.000; rss: 39MB	borrow checking
time: 0.000; rss: 39MB	rvalue checking
time: 0.000; rss: 39MB	reachability checking
time: 0.000; rss: 39MB	death checking
time: 0.000; rss: 39MB	stability checking
time: 0.000; rss: 39MB	unused lib feature checking
time: 0.000; rss: 39MB	lint checking
time: 0.000; rss: 39MB	resolving dependency formats
time: 0.002; rss: 51MB	translation
  time: 0.000; rss: 52MB	llvm function passes
  time: 0.000; rss: 52MB	llvm module passes
  time: 0.001; rss: 52MB	codegen passes
  time: 0.000; rss: 53MB	codegen passes
time: 0.002; rss: 53MB	LLVM passes
time: 0.001; rss: 53MB	linking
rustc: x86_64-unknown-linux-gnu/stage2/lib/rustlib/x86_64-unknown-linux-gnu/lib/libfmt_macros
time: 0.002; rss: 29MB	parsing
time: 0.000; rss: 33MB	configuration 1
time: 0.000; rss: 33MB	recursion limit
time: 0.000; rss: 33MB	gated macro checking
time: 0.000; rss: 33MB	crate injection
time: 0.003; rss: 36MB	macro loading
time: 0.000; rss: 36MB	plugin loading
time: 0.000; rss: 36MB	plugin registration
time: 0.005; rss: 37MB	expansion
time: 0.000; rss: 37MB	complete gated feature checking 1
time: 0.001; rss: 37MB	configuration 2
time: 0.000; rss: 37MB	gated configuration checking
time: 0.001; rss: 37MB	maybe building test harness
time: 0.001; rss: 37MB	prelude injection
time: 0.000; rss: 37MB	checking that all macro invocations are gone
time: 0.000; rss: 37MB	checking for inline asm in case the target doesn't support it
time: 0.000; rss: 37MB	complete gated feature checking 2
time: 0.001; rss: 37MB	assigning node ids and indexing ast
time: 0.001; rss: 37MB	external crate/lib resolution
time: 0.000; rss: 37MB	language item collection
time: 0.003; rss: 44MB	resolution
time: 0.000; rss: 44MB	lifetime resolution
time: 0.000; rss: 44MB	looking for entry point
time: 0.000; rss: 44MB	looking for plugin registrar
time: 0.000; rss: 46MB	region resolution
time: 0.000; rss: 46MB	loop checking
time: 0.000; rss: 46MB	static item recursion checking
time: 0.001; rss: 46MB	type collecting
time: 0.000; rss: 46MB	variance inference
time: 0.060; rss: 80MB	coherence checking
time: 0.002; rss: 80MB	wf checking (old)
time: 0.001; rss: 80MB	item-types checking
time: 0.038; rss: 86MB	item-bodies checking
time: 0.000; rss: 86MB	drop-impl checking
time: 0.001; rss: 86MB	wf checking (new)
time: 0.002; rss: 86MB	const checking
time: 0.000; rss: 86MB	privacy checking
time: 0.000; rss: 86MB	stability index
time: 0.000; rss: 86MB	intrinsic checking
time: 0.000; rss: 86MB	effect checking
time: 0.001; rss: 86MB	match checking
time: 0.000; rss: 86MB	liveness checking
time: 0.003; rss: 86MB	borrow checking
time: 0.001; rss: 86MB	rvalue checking
time: 0.000; rss: 86MB	reachability checking
time: 0.000; rss: 86MB	death checking
time: 0.000; rss: 86MB	stability checking
time: 0.000; rss: 86MB	unused lib feature checking
time: 0.002; rss: 86MB	lint checking
time: 0.001; rss: 86MB	resolving dependency formats
time: 0.068; rss: 108MB	translation
  time: 0.017; rss: 89MB	llvm function passes
  time: 0.251; rss: 93MB	llvm module passes
  time: 0.093; rss: 98MB	codegen passes
  time: 0.000; rss: 98MB	codegen passes
time: 0.367; rss: 98MB	LLVM passes
  time: 0.020; rss: 104MB	running linker
time: 0.024; rss: 102MB	linking
rustc: x86_64-unknown-linux-gnu/stage2/lib/rustlib/x86_64-unknown-linux-gnu/lib/libsyntax
time: 0.120; rss: 70MB	parsing
time: 0.042; rss: 70MB	configuration 1
time: 0.000; rss: 70MB	recursion limit
time: 0.003; rss: 70MB	gated macro checking
time: 0.000; rss: 70MB	crate injection
time: 0.006; rss: 73MB	macro loading
time: 0.000; rss: 73MB	plugin loading
time: 0.000; rss: 73MB	plugin registration
time: 0.612; rss: 106MB	expansion
time: 0.018; rss: 106MB	complete gated feature checking 1
time: 0.114; rss: 106MB	configuration 2
time: 0.000; rss: 106MB	gated configuration checking
time: 0.059; rss: 106MB	maybe building test harness
time: 0.054; rss: 106MB	prelude injection
time: 0.008; rss: 106MB	checking that all macro invocations are gone
time: 0.000; rss: 106MB	checking for inline asm in case the target doesn't support it
time: 0.018; rss: 106MB	complete gated feature checking 2
time: 0.070; rss: 117MB	assigning node ids and indexing ast
time: 0.011; rss: 118MB	external crate/lib resolution
time: 0.017; rss: 118MB	language item collection
time: 0.219; rss: 160MB	resolution
time: 0.015; rss: 154MB	lifetime resolution
time: 0.000; rss: 154MB	looking for entry point
time: 0.009; rss: 154MB	looking for plugin registrar
time: 0.050; rss: 171MB	region resolution
time: 0.009; rss: 171MB	loop checking
time: 0.009; rss: 171MB	static item recursion checking
time: 0.053; rss: 174MB	type collecting
time: 0.018; rss: 174MB	variance inference
time: 0.143; rss: 209MB	coherence checking
time: 0.050; rss: 211MB	wf checking (old)
time: 0.087; rss: 211MB	item-types checking
time: 7.381; rss: 314MB	item-bodies checking
time: 0.000; rss: 314MB	drop-impl checking
time: 0.354; rss: 314MB	wf checking (new)
time: 0.492; rss: 318MB	const checking
time: 0.083; rss: 318MB	privacy checking
time: 0.002; rss: 318MB	stability index
time: 0.024; rss: 318MB	intrinsic checking
time: 0.021; rss: 318MB	effect checking
time: 0.080; rss: 318MB	match checking
time: 0.060; rss: 322MB	liveness checking
time: 1.023; rss: 322MB	borrow checking
time: 0.656; rss: 322MB	rvalue checking
time: 0.027; rss: 322MB	reachability checking
time: 0.064; rss: 322MB	death checking
time: 0.065; rss: 322MB	stability checking
time: 0.000; rss: 322MB	unused lib feature checking
time: 0.257; rss: 322MB	lint checking
time: 0.001; rss: 322MB	resolving dependency formats
time: 5.868; rss: 686MB	translation
  time: 2.090; rss: 406MB	llvm function passes
  time: 46.948; rss: 463MB	llvm module passes
  time: 16.769; rss: 509MB	codegen passes
  time: 0.002; rss: 484MB	codegen passes
time: 67.060; rss: 484MB	LLVM passes
  time: 0.131; rss: 490MB	running linker
time: 0.683; rss: 490MB	linking
rustc: x86_64-unknown-linux-gnu/stage2/lib/rustlib/x86_64-unknown-linux-gnu/lib/librustc_llvm
time: 0.007; rss: 36MB	parsing
time: 0.001; rss: 36MB	configuration 1
time: 0.000; rss: 36MB	recursion limit
time: 0.000; rss: 36MB	gated macro checking
time: 0.000; rss: 36MB	crate injection
time: 0.003; rss: 39MB	macro loading
time: 0.000; rss: 39MB	plugin loading
time: 0.000; rss: 39MB	plugin registration
time: 0.014; rss: 41MB	expansion
time: 0.000; rss: 41MB	complete gated feature checking 1
time: 0.003; rss: 41MB	configuration 2
time: 0.000; rss: 41MB	gated configuration checking
time: 0.001; rss: 41MB	maybe building test harness
time: 0.002; rss: 41MB	prelude injection
time: 0.000; rss: 41MB	checking that all macro invocations are gone
time: 0.000; rss: 41MB	checking for inline asm in case the target doesn't support it
time: 0.000; rss: 41MB	complete gated feature checking 2
time: 0.002; rss: 41MB	assigning node ids and indexing ast
time: 0.001; rss: 41MB	external crate/lib resolution
time: 0.000; rss: 41MB	language item collection
time: 0.009; rss: 53MB	resolution
time: 0.000; rss: 53MB	lifetime resolution
time: 0.000; rss: 53MB	looking for entry point
time: 0.000; rss: 53MB	looking for plugin registrar
time: 0.001; rss: 53MB	region resolution
time: 0.000; rss: 53MB	loop checking
time: 0.000; rss: 53MB	static item recursion checking
time: 0.004; rss: 59MB	type collecting
time: 0.000; rss: 59MB	variance inference
time: 0.071; rss: 91MB	coherence checking
time: 0.003; rss: 91MB	wf checking (old)
time: 0.011; rss: 91MB	item-types checking
time: 0.090; rss: 97MB	item-bodies checking
time: 0.000; rss: 97MB	drop-impl checking
time: 0.003; rss: 97MB	wf checking (new)
time: 0.004; rss: 97MB	const checking
time: 0.001; rss: 97MB	privacy checking
time: 0.000; rss: 97MB	stability index
time: 0.000; rss: 97MB	intrinsic checking
time: 0.000; rss: 97MB	effect checking
time: 0.001; rss: 97MB	match checking
time: 0.000; rss: 97MB	liveness checking
time: 0.004; rss: 97MB	borrow checking
time: 0.002; rss: 97MB	rvalue checking
time: 0.000; rss: 97MB	reachability checking
time: 0.001; rss: 97MB	death checking
time: 0.001; rss: 97MB	stability checking
time: 0.000; rss: 97MB	unused lib feature checking
time: 0.006; rss: 97MB	lint checking
time: 0.001; rss: 97MB	resolving dependency formats
time: 0.093; rss: 118MB	translation
  time: 0.020; rss: 95MB	llvm function passes
  time: 0.093; rss: 96MB	llvm module passes
  time: 0.050; rss: 100MB	codegen passes
  time: 0.000; rss: 100MB	codegen passes
time: 0.167; rss: 100MB	LLVM passes
  time: 1.418; rss: 104MB	running linker
time: 1.473; rss: 104MB	linking
rustc: x86_64-unknown-linux-gnu/stage2/lib/rustlib/x86_64-unknown-linux-gnu/lib/librustc_back
time: 0.007; rss: 31MB	parsing
time: 0.002; rss: 31MB	configuration 1
time: 0.000; rss: 35MB	recursion limit
time: 0.000; rss: 35MB	gated macro checking
time: 0.000; rss: 35MB	crate injection
time: 0.003; rss: 37MB	macro loading
time: 0.000; rss: 37MB	plugin loading
time: 0.000; rss: 37MB	plugin registration
time: 0.031; rss: 42MB	expansion
time: 0.000; rss: 42MB	complete gated feature checking 1
time: 0.005; rss: 42MB	configuration 2
time: 0.000; rss: 42MB	gated configuration checking
time: 0.002; rss: 42MB	maybe building test harness
time: 0.002; rss: 42MB	prelude injection
time: 0.000; rss: 42MB	checking that all macro invocations are gone
time: 0.000; rss: 42MB	checking for inline asm in case the target doesn't support it
time: 0.000; rss: 42MB	complete gated feature checking 2
time: 0.003; rss: 42MB	assigning node ids and indexing ast
time: 0.004; rss: 72MB	external crate/lib resolution
time: 0.000; rss: 72MB	language item collection
time: 0.017; rss: 102MB	resolution
time: 0.000; rss: 102MB	lifetime resolution
time: 0.000; rss: 102MB	looking for entry point
time: 0.000; rss: 102MB	looking for plugin registrar
time: 0.001; rss: 102MB	region resolution
time: 0.000; rss: 102MB	loop checking
time: 0.000; rss: 102MB	static item recursion checking
time: 0.004; rss: 106MB	type collecting
time: 0.000; rss: 106MB	variance inference
time: 0.035; rss: 130MB	coherence checking
time: 0.002; rss: 130MB	wf checking (old)
time: 0.012; rss: 130MB	item-types checking
time: 0.297; rss: 161MB	item-bodies checking
time: 0.000; rss: 161MB	drop-impl checking
time: 0.005; rss: 161MB	wf checking (new)
time: 0.012; rss: 161MB	const checking
time: 0.002; rss: 161MB	privacy checking
time: 0.000; rss: 161MB	stability index
time: 0.001; rss: 161MB	intrinsic checking
time: 0.000; rss: 161MB	effect checking
time: 0.002; rss: 161MB	match checking
time: 0.002; rss: 163MB	liveness checking
time: 0.020; rss: 163MB	borrow checking
time: 0.008; rss: 163MB	rvalue checking
time: 0.000; rss: 163MB	reachability checking
time: 0.001; rss: 163MB	death checking
time: 0.003; rss: 163MB	stability checking
time: 0.000; rss: 163MB	unused lib feature checking
time: 0.012; rss: 163MB	lint checking
time: 0.001; rss: 163MB	resolving dependency formats
time: 0.545; rss: 227MB	translation
  time: 0.169; rss: 166MB	llvm function passes
  time: 2.843; rss: 174MB	llvm module passes
  time: 0.936; rss: 185MB	codegen passes
  time: 0.001; rss: 178MB	codegen passes
time: 4.022; rss: 178MB	LLVM passes
  time: 0.041; rss: 180MB	running linker
time: 0.081; rss: 177MB	linking
rustc: x86_64-unknown-linux-gnu/stage2/lib/rustlib/x86_64-unknown-linux-gnu/lib/librustc_data_structures
time: 0.007; rss: 36MB	parsing
time: 0.002; rss: 36MB	configuration 1
time: 0.000; rss: 36MB	recursion limit
time: 0.000; rss: 36MB	gated macro checking
time: 0.000; rss: 36MB	crate injection
time: 0.003; rss: 39MB	macro loading
time: 0.000; rss: 39MB	plugin loading
time: 0.000; rss: 39MB	plugin registration
time: 0.021; rss: 40MB	expansion
time: 0.000; rss: 40MB	complete gated feature checking 1
time: 0.003; rss: 40MB	configuration 2
time: 0.000; rss: 40MB	gated configuration checking
time: 0.001; rss: 40MB	maybe building test harness
time: 0.001; rss: 40MB	prelude injection
time: 0.000; rss: 40MB	checking that all macro invocations are gone
time: 0.000; rss: 40MB	checking for inline asm in case the target doesn't support it
time: 0.000; rss: 40MB	complete gated feature checking 2
time: 0.001; rss: 41MB	assigning node ids and indexing ast
time: 0.002; rss: 41MB	external crate/lib resolution
time: 0.000; rss: 41MB	language item collection
time: 0.007; rss: 54MB	resolution
time: 0.000; rss: 54MB	lifetime resolution
time: 0.000; rss: 54MB	looking for entry point
time: 0.000; rss: 54MB	looking for plugin registrar
time: 0.001; rss: 54MB	region resolution
time: 0.000; rss: 54MB	loop checking
time: 0.000; rss: 54MB	static item recursion checking
time: 0.002; rss: 54MB	type collecting
time: 0.000; rss: 54MB	variance inference
time: 0.068; rss: 90MB	coherence checking
time: 0.004; rss: 90MB	wf checking (old)
time: 0.005; rss: 90MB	item-types checking
time: 0.169; rss: 100MB	item-bodies checking
time: 0.000; rss: 100MB	drop-impl checking
time: 0.020; rss: 100MB	wf checking (new)
time: 0.010; rss: 100MB	const checking
time: 0.001; rss: 100MB	privacy checking
time: 0.000; rss: 100MB	stability index
time: 0.001; rss: 100MB	intrinsic checking
time: 0.000; rss: 100MB	effect checking
time: 0.002; rss: 100MB	match checking
time: 0.001; rss: 100MB	liveness checking
time: 0.016; rss: 100MB	borrow checking
time: 0.012; rss: 100MB	rvalue checking
time: 0.000; rss: 100MB	reachability checking
time: 0.001; rss: 100MB	death checking
time: 0.001; rss: 100MB	stability checking
time: 0.000; rss: 100MB	unused lib feature checking
time: 0.007; rss: 100MB	lint checking
time: 0.001; rss: 100MB	resolving dependency formats
time: 0.093; rss: 118MB	translation
  time: 0.013; rss: 94MB	llvm function passes
  time: 0.069; rss: 96MB	llvm module passes
  time: 0.030; rss: 100MB	codegen passes
  time: 0.000; rss: 100MB	codegen passes
time: 0.115; rss: 100MB	LLVM passes
  time: 0.022; rss: 106MB	running linker
time: 0.025; rss: 104MB	linking
rustc: x86_64-unknown-linux-gnu/stage2/lib/rustlib/x86_64-unknown-linux-gnu/lib/librustc
time: 0.170; rss: 83MB	parsing
time: 0.061; rss: 85MB	configuration 1
time: 0.000; rss: 85MB	recursion limit
time: 0.004; rss: 85MB	gated macro checking
time: 0.000; rss: 85MB	crate injection
time: 0.008; rss: 87MB	macro loading
time: 0.000; rss: 87MB	plugin loading
time: 0.000; rss: 87MB	plugin registration
time: 0.838; rss: 124MB	expansion
time: 0.024; rss: 124MB	complete gated feature checking 1
time: 0.145; rss: 124MB	configuration 2
time: 0.000; rss: 124MB	gated configuration checking
time: 0.074; rss: 124MB	maybe building test harness
time: 0.068; rss: 124MB	prelude injection
time: 0.011; rss: 124MB	checking that all macro invocations are gone
time: 0.000; rss: 124MB	checking for inline asm in case the target doesn't support it
time: 0.024; rss: 124MB	complete gated feature checking 2
time: 0.090; rss: 137MB	assigning node ids and indexing ast
time: 0.017; rss: 171MB	external crate/lib resolution
time: 0.023; rss: 171MB	language item collection
time: 0.263; rss: 249MB	resolution
time: 0.020; rss: 242MB	lifetime resolution
time: 0.000; rss: 242MB	looking for entry point
time: 0.011; rss: 242MB	looking for plugin registrar
time: 0.063; rss: 265MB	region resolution
time: 0.011; rss: 265MB	loop checking
time: 0.012; rss: 265MB	static item recursion checking
time: 0.077; rss: 268MB	type collecting
time: 0.024; rss: 268MB	variance inference
time: 0.183; rss: 307MB	coherence checking
time: 0.100; rss: 311MB	wf checking (old)
time: 0.232; rss: 320MB	item-types checking
time: 6.123; rss: 471MB	item-bodies checking
time: 0.000; rss: 471MB	drop-impl checking
time: 0.253; rss: 471MB	wf checking (new)
time: 0.441; rss: 480MB	const checking
time: 0.106; rss: 480MB	privacy checking
time: 0.002; rss: 480MB	stability index
time: 0.030; rss: 480MB	intrinsic checking
time: 0.024; rss: 480MB	effect checking
time: 0.085; rss: 480MB	match checking
time: 0.059; rss: 482MB	liveness checking
time: 0.647; rss: 482MB	borrow checking
time: 0.497; rss: 482MB	rvalue checking
time: 0.030; rss: 482MB	reachability checking
time: 0.079; rss: 482MB	death checking
time: 0.089; rss: 482MB	stability checking
time: 0.000; rss: 482MB	unused lib feature checking
time: 0.332; rss: 482MB	lint checking
time: 0.002; rss: 482MB	resolving dependency formats
time: 11.746; rss: 1150MB	translation
  time: 3.968; rss: 719MB	llvm function passes
  time: 83.363; rss: 806MB	llvm module passes
  time: 23.017; rss: 813MB	codegen passes
  time: 0.003; rss: 681MB	codegen passes
time: 112.414; rss: 681MB	LLVM passes
  time: 0.230; rss: 683MB	running linker
time: 1.080; rss: 695MB	linking
rustc: x86_64-unknown-linux-gnu/stage2/lib/rustlib/x86_64-unknown-linux-gnu/lib/librustc_platform_intrinsics
time: 0.004; rss: 34MB	parsing
time: 0.001; rss: 35MB	configuration 1
time: 0.000; rss: 35MB	recursion limit
time: 0.000; rss: 35MB	gated macro checking
time: 0.000; rss: 35MB	crate injection
time: 0.003; rss: 37MB	macro loading
time: 0.000; rss: 37MB	plugin loading
time: 0.000; rss: 37MB	plugin registration
time: 0.080; rss: 44MB	expansion
time: 0.001; rss: 44MB	complete gated feature checking 1
time: 0.005; rss: 44MB	configuration 2
time: 0.000; rss: 44MB	gated configuration checking
time: 0.002; rss: 44MB	maybe building test harness
time: 0.002; rss: 44MB	prelude injection
time: 0.000; rss: 44MB	checking that all macro invocations are gone
time: 0.000; rss: 44MB	checking for inline asm in case the target doesn't support it
time: 0.000; rss: 44MB	complete gated feature checking 2
time: 0.003; rss: 44MB	assigning node ids and indexing ast
time: 0.035; rss: 79MB	external crate/lib resolution
time: 0.000; rss: 79MB	language item collection
time: 0.009; rss: 94MB	resolution
time: 0.000; rss: 94MB	lifetime resolution
time: 0.000; rss: 94MB	looking for entry point
time: 0.000; rss: 94MB	looking for plugin registrar
time: 0.002; rss: 96MB	region resolution
time: 0.000; rss: 96MB	loop checking
time: 0.000; rss: 96MB	static item recursion checking
time: 0.008; rss: 111MB	type collecting
time: 0.000; rss: 111MB	variance inference
time: 0.043; rss: 142MB	coherence checking
time: 0.001; rss: 142MB	wf checking (old)
time: 0.000; rss: 142MB	item-types checking
time: 0.123; rss: 153MB	item-bodies checking
time: 0.000; rss: 153MB	drop-impl checking
time: 0.001; rss: 153MB	wf checking (new)
time: 0.007; rss: 153MB	const checking
time: 0.001; rss: 153MB	privacy checking
time: 0.000; rss: 153MB	stability index
time: 0.000; rss: 153MB	intrinsic checking
time: 0.000; rss: 153MB	effect checking
time: 0.004; rss: 153MB	match checking
time: 0.001; rss: 153MB	liveness checking
time: 0.017; rss: 154MB	borrow checking
time: 0.005; rss: 154MB	rvalue checking
time: 0.000; rss: 154MB	reachability checking
time: 0.001; rss: 154MB	death checking
time: 0.002; rss: 154MB	stability checking
time: 0.000; rss: 154MB	unused lib feature checking
time: 0.018; rss: 155MB	lint checking
time: 0.002; rss: 155MB	resolving dependency formats
time: 0.214; rss: 192MB	translation
  time: 0.054; rss: 161MB	llvm function passes
  time: 6.750; rss: 220MB	llvm module passes
  time: 1.789; rss: 251MB	codegen passes
  time: 0.001; rss: 200MB	codegen passes
time: 8.679; rss: 200MB	LLVM passes
  time: 0.046; rss: 206MB	running linker
time: 0.096; rss: 199MB	linking
rustc: x86_64-unknown-linux-gnu/stage2/lib/rustlib/x86_64-unknown-linux-gnu/lib/librustc_typeck
time: 0.070; rss: 54MB	parsing
time: 0.024; rss: 56MB	configuration 1
time: 0.000; rss: 56MB	recursion limit
time: 0.002; rss: 56MB	gated macro checking
time: 0.000; rss: 56MB	crate injection
time: 0.006; rss: 58MB	macro loading
time: 0.000; rss: 58MB	plugin loading
time: 0.000; rss: 58MB	plugin registration
time: 0.316; rss: 70MB	expansion
time: 0.008; rss: 70MB	complete gated feature checking 1
time: 0.047; rss: 70MB	configuration 2
time: 0.000; rss: 70MB	gated configuration checking
time: 0.024; rss: 70MB	maybe building test harness
time: 0.023; rss: 71MB	prelude injection
time: 0.004; rss: 71MB	checking that all macro invocations are gone
time: 0.000; rss: 71MB	checking for inline asm in case the target doesn't support it
time: 0.008; rss: 71MB	complete gated feature checking 2
time: 0.030; rss: 74MB	assigning node ids and indexing ast
time: 0.031; rss: 106MB	external crate/lib resolution
time: 0.008; rss: 106MB	language item collection
time: 0.103; rss: 161MB	resolution
time: 0.007; rss: 158MB	lifetime resolution
time: 0.000; rss: 158MB	looking for entry point
time: 0.004; rss: 158MB	looking for plugin registrar
time: 0.020; rss: 165MB	region resolution
time: 0.004; rss: 165MB	loop checking
time: 0.004; rss: 165MB	static item recursion checking
time: 0.029; rss: 170MB	type collecting
time: 0.008; rss: 170MB	variance inference
time: 0.130; rss: 212MB	coherence checking
time: 0.026; rss: 212MB	wf checking (old)
time: 0.099; rss: 216MB	item-types checking
time: 2.433; rss: 297MB	item-bodies checking
time: 0.000; rss: 297MB	drop-impl checking
time: 0.056; rss: 297MB	wf checking (new)
time: 0.158; rss: 299MB	const checking
time: 0.036; rss: 299MB	privacy checking
time: 0.000; rss: 299MB	stability index
time: 0.009; rss: 299MB	intrinsic checking
time: 0.008; rss: 299MB	effect checking
time: 0.023; rss: 299MB	match checking
time: 0.023; rss: 303MB	liveness checking
time: 0.196; rss: 303MB	borrow checking
time: 0.153; rss: 303MB	rvalue checking
time: 0.001; rss: 303MB	reachability checking
time: 0.025; rss: 303MB	death checking
time: 0.037; rss: 303MB	stability checking
time: 0.000; rss: 303MB	unused lib feature checking
time: 0.112; rss: 303MB	lint checking
time: 0.002; rss: 303MB	resolving dependency formats
time: 4.706; rss: 614MB	translation
  time: 1.532; rss: 385MB	llvm function passes
  time: 33.872; rss: 426MB	llvm module passes
  time: 9.548; rss: 432MB	codegen passes
  time: 0.001; rss: 373MB	codegen passes
time: 45.760; rss: 373MB	LLVM passes
  time: 0.129; rss: 379MB	running linker
time: 0.483; rss: 376MB	linking
rustc: x86_64-unknown-linux-gnu/stage2/lib/rustlib/x86_64-unknown-linux-gnu/lib/librustc_borrowck
time: 0.013; rss: 33MB	parsing
time: 0.004; rss: 37MB	configuration 1
time: 0.000; rss: 37MB	recursion limit
time: 0.000; rss: 37MB	gated macro checking
time: 0.000; rss: 37MB	crate injection
time: 0.004; rss: 40MB	macro loading
time: 0.000; rss: 40MB	plugin loading
time: 0.000; rss: 40MB	plugin registration
time: 0.060; rss: 45MB	expansion
time: 0.001; rss: 45MB	complete gated feature checking 1
time: 0.009; rss: 45MB	configuration 2
time: 0.000; rss: 45MB	gated configuration checking
time: 0.005; rss: 45MB	maybe building test harness
time: 0.004; rss: 45MB	prelude injection
time: 0.000; rss: 45MB	checking that all macro invocations are gone
time: 0.000; rss: 45MB	checking for inline asm in case the target doesn't support it
time: 0.001; rss: 45MB	complete gated feature checking 2
time: 0.005; rss: 47MB	assigning node ids and indexing ast
time: 0.032; rss: 78MB	external crate/lib resolution
time: 0.001; rss: 78MB	language item collection
time: 0.024; rss: 114MB	resolution
time: 0.001; rss: 113MB	lifetime resolution
time: 0.000; rss: 113MB	looking for entry point
time: 0.000; rss: 113MB	looking for plugin registrar
time: 0.003; rss: 114MB	region resolution
time: 0.000; rss: 114MB	loop checking
time: 0.000; rss: 114MB	static item recursion checking
time: 0.012; rss: 118MB	type collecting
time: 0.001; rss: 118MB	variance inference
time: 0.066; rss: 156MB	coherence checking
time: 0.007; rss: 156MB	wf checking (old)
time: 0.024; rss: 158MB	item-types checking
time: 0.445; rss: 192MB	item-bodies checking
time: 0.000; rss: 192MB	drop-impl checking
time: 0.012; rss: 192MB	wf checking (new)
time: 0.029; rss: 192MB	const checking
time: 0.004; rss: 195MB	privacy checking
time: 0.000; rss: 195MB	stability index
time: 0.001; rss: 195MB	intrinsic checking
time: 0.001; rss: 195MB	effect checking
time: 0.005; rss: 195MB	match checking
time: 0.004; rss: 197MB	liveness checking
time: 0.038; rss: 197MB	borrow checking
time: 0.023; rss: 197MB	rvalue checking
time: 0.000; rss: 197MB	reachability checking
time: 0.003; rss: 197MB	death checking
time: 0.006; rss: 197MB	stability checking
time: 0.000; rss: 197MB	unused lib feature checking
time: 0.022; rss: 197MB	lint checking
time: 0.002; rss: 197MB	resolving dependency formats
time: 0.799; rss: 265MB	translation
  time: 0.267; rss: 197MB	llvm function passes
  time: 4.425; rss: 206MB	llvm module passes
  time: 1.716; rss: 211MB	codegen passes
  time: 0.001; rss: 202MB	codegen passes
time: 6.519; rss: 202MB	LLVM passes
  time: 0.050; rss: 204MB	running linker
time: 0.111; rss: 201MB	linking
rustc: x86_64-unknown-linux-gnu/stage2/lib/rustlib/x86_64-unknown-linux-gnu/lib/librustc_resolve
time: 0.018; rss: 40MB	parsing
time: 0.006; rss: 40MB	configuration 1
time: 0.000; rss: 40MB	recursion limit
time: 0.000; rss: 40MB	gated macro checking
time: 0.000; rss: 40MB	crate injection
time: 0.005; rss: 44MB	macro loading
time: 0.000; rss: 44MB	plugin loading
time: 0.000; rss: 44MB	plugin registration
time: 0.078; rss: 49MB	expansion
time: 0.002; rss: 49MB	complete gated feature checking 1
time: 0.012; rss: 49MB	configuration 2
time: 0.000; rss: 49MB	gated configuration checking
time: 0.006; rss: 49MB	maybe building test harness
time: 0.006; rss: 49MB	prelude injection
time: 0.000; rss: 49MB	checking that all macro invocations are gone
time: 0.000; rss: 49MB	checking for inline asm in case the target doesn't support it
time: 0.001; rss: 49MB	complete gated feature checking 2
time: 0.007; rss: 49MB	assigning node ids and indexing ast
time: 0.032; rss: 84MB	external crate/lib resolution
time: 0.001; rss: 84MB	language item collection
time: 0.034; rss: 117MB	resolution
time: 0.001; rss: 117MB	lifetime resolution
time: 0.000; rss: 117MB	looking for entry point
time: 0.000; rss: 117MB	looking for plugin registrar
time: 0.004; rss: 119MB	region resolution
time: 0.001; rss: 119MB	loop checking
time: 0.001; rss: 119MB	static item recursion checking
time: 0.009; rss: 127MB	type collecting
time: 0.001; rss: 127MB	variance inference
time: 0.072; rss: 165MB	coherence checking
time: 0.006; rss: 165MB	wf checking (old)
time: 0.020; rss: 165MB	item-types checking
time: 0.575; rss: 201MB	item-bodies checking
time: 0.000; rss: 201MB	drop-impl checking
time: 0.014; rss: 201MB	wf checking (new)
time: 0.038; rss: 205MB	const checking
time: 0.005; rss: 205MB	privacy checking
time: 0.000; rss: 205MB	stability index
time: 0.002; rss: 205MB	intrinsic checking
time: 0.001; rss: 205MB	effect checking
time: 0.006; rss: 205MB	match checking
time: 0.005; rss: 205MB	liveness checking
time: 0.051; rss: 205MB	borrow checking
time: 0.029; rss: 205MB	rvalue checking
time: 0.000; rss: 205MB	reachability checking
time: 0.005; rss: 205MB	death checking
time: 0.008; rss: 205MB	stability checking
time: 0.000; rss: 205MB	unused lib feature checking
time: 0.032; rss: 209MB	lint checking
time: 0.002; rss: 209MB	resolving dependency formats
time: 1.273; rss: 318MB	translation
  time: 0.489; rss: 235MB	llvm function passes
  time: 7.490; rss: 247MB	llvm module passes
  time: 2.231; rss: 250MB	codegen passes
  time: 0.001; rss: 239MB	codegen passes
time: 10.381; rss: 239MB	LLVM passes
  time: 0.098; rss: 243MB	running linker
time: 0.183; rss: 240MB	linking
rustc: x86_64-unknown-linux-gnu/stage2/lib/rustlib/x86_64-unknown-linux-gnu/lib/librustc_trans
time: 0.116; rss: 71MB	parsing
time: 0.041; rss: 71MB	configuration 1
time: 0.000; rss: 71MB	recursion limit
time: 0.003; rss: 71MB	gated macro checking
time: 0.000; rss: 71MB	crate injection
time: 0.007; rss: 73MB	macro loading
time: 0.000; rss: 73MB	plugin loading
time: 0.000; rss: 73MB	plugin registration
time: 0.461; rss: 84MB	expansion
time: 0.012; rss: 84MB	complete gated feature checking 1
time: 0.069; rss: 84MB	configuration 2
time: 0.000; rss: 84MB	gated configuration checking
time: 0.035; rss: 84MB	maybe building test harness
time: 0.033; rss: 84MB	prelude injection
time: 0.006; rss: 84MB	checking that all macro invocations are gone
time: 0.000; rss: 84MB	checking for inline asm in case the target doesn't support it
time: 0.012; rss: 84MB	complete gated feature checking 2
time: 0.044; rss: 91MB	assigning node ids and indexing ast
time: 0.031; rss: 123MB	external crate/lib resolution
time: 0.012; rss: 123MB	language item collection
time: 0.166; rss: 193MB	resolution
time: 0.010; rss: 187MB	lifetime resolution
time: 0.000; rss: 187MB	looking for entry point
time: 0.006; rss: 187MB	looking for plugin registrar
time: 0.031; rss: 198MB	region resolution
time: 0.006; rss: 198MB	loop checking
time: 0.006; rss: 198MB	static item recursion checking
time: 0.041; rss: 204MB	type collecting
time: 0.012; rss: 204MB	variance inference
time: 0.136; rss: 240MB	coherence checking
time: 0.033; rss: 240MB	wf checking (old)
time: 0.096; rss: 246MB	item-types checking
time: 2.953; rss: 343MB	item-bodies checking
time: 0.000; rss: 343MB	drop-impl checking
time: 0.070; rss: 343MB	wf checking (new)
time: 0.190; rss: 343MB	const checking
time: 0.052; rss: 343MB	privacy checking
time: 0.001; rss: 343MB	stability index
time: 0.014; rss: 343MB	intrinsic checking
time: 0.012; rss: 343MB	effect checking
time: 0.034; rss: 343MB	match checking
time: 0.037; rss: 351MB	liveness checking
time: 0.288; rss: 351MB	borrow checking
time: 0.165; rss: 360MB	rvalue checking
time: 0.001; rss: 360MB	reachability checking
time: 0.037; rss: 360MB	death checking
time: 0.050; rss: 360MB	stability checking
time: 0.000; rss: 360MB	unused lib feature checking
time: 0.144; rss: 360MB	lint checking
time: 0.002; rss: 360MB	resolving dependency formats
time: 4.671; rss: 670MB	translation
  time: 1.671; rss: 402MB	llvm function passes
  time: 31.821; rss: 442MB	llvm module passes
  time: 10.622; rss: 453MB	codegen passes
  time: 0.001; rss: 386MB	codegen passes
time: 44.922; rss: 384MB	LLVM passes
  time: 0.136; rss: 389MB	running linker
time: 0.520; rss: 396MB	linking
rustc: x86_64-unknown-linux-gnu/stage2/lib/rustlib/x86_64-unknown-linux-gnu/lib/librustc_privacy
time: 0.005; rss: 35MB	parsing
time: 0.001; rss: 35MB	configuration 1
time: 0.000; rss: 35MB	recursion limit
time: 0.000; rss: 35MB	gated macro checking
time: 0.000; rss: 35MB	crate injection
time: 0.004; rss: 37MB	macro loading
time: 0.000; rss: 37MB	plugin loading
time: 0.000; rss: 37MB	plugin registration
time: 0.016; rss: 41MB	expansion
time: 0.000; rss: 41MB	complete gated feature checking 1
time: 0.002; rss: 41MB	configuration 2
time: 0.000; rss: 41MB	gated configuration checking
time: 0.001; rss: 41MB	maybe building test harness
time: 0.001; rss: 41MB	prelude injection
time: 0.000; rss: 41MB	checking that all macro invocations are gone
time: 0.000; rss: 41MB	checking for inline asm in case the target doesn't support it
time: 0.000; rss: 41MB	complete gated feature checking 2
time: 0.001; rss: 41MB	assigning node ids and indexing ast
time: 0.033; rss: 76MB	external crate/lib resolution
time: 0.000; rss: 76MB	language item collection
time: 0.010; rss: 100MB	resolution
time: 0.000; rss: 100MB	lifetime resolution
time: 0.000; rss: 100MB	looking for entry point
time: 0.000; rss: 100MB	looking for plugin registrar
time: 0.001; rss: 100MB	region resolution
time: 0.000; rss: 100MB	loop checking
time: 0.000; rss: 100MB	static item recursion checking
time: 0.007; rss: 108MB	type collecting
time: 0.000; rss: 108MB	variance inference
time: 0.020; rss: 125MB	coherence checking
time: 0.001; rss: 125MB	wf checking (old)
time: 0.007; rss: 125MB	item-types checking
time: 0.204; rss: 170MB	item-bodies checking
time: 0.000; rss: 170MB	drop-impl checking
time: 0.002; rss: 170MB	wf checking (new)
time: 0.008; rss: 170MB	const checking
time: 0.001; rss: 170MB	privacy checking
time: 0.000; rss: 170MB	stability index
time: 0.000; rss: 170MB	intrinsic checking
time: 0.000; rss: 170MB	effect checking
time: 0.001; rss: 170MB	match checking
time: 0.001; rss: 170MB	liveness checking
time: 0.010; rss: 170MB	borrow checking
time: 0.003; rss: 170MB	rvalue checking
time: 0.000; rss: 170MB	reachability checking
time: 0.001; rss: 170MB	death checking
time: 0.002; rss: 170MB	stability checking
time: 0.000; rss: 170MB	unused lib feature checking
time: 0.005; rss: 170MB	lint checking
time: 0.002; rss: 170MB	resolving dependency formats
time: 0.538; rss: 226MB	translation
  time: 0.159; rss: 181MB	llvm function passes
  time: 1.397; rss: 184MB	llvm module passes
  time: 0.422; rss: 184MB	codegen passes
  time: 0.001; rss: 185MB	codegen passes
time: 2.013; rss: 185MB	LLVM passes
  time: 0.044; rss: 189MB	running linker
time: 0.063; rss: 188MB	linking
rustc: x86_64-unknown-linux-gnu/stage2/lib/rustlib/x86_64-unknown-linux-gnu/lib/librustc_lint
time: 0.009; rss: 36MB	parsing
time: 0.003; rss: 36MB	configuration 1
time: 0.000; rss: 36MB	recursion limit
time: 0.000; rss: 36MB	gated macro checking
time: 0.000; rss: 36MB	crate injection
time: 0.033; rss: 75MB	macro loading
time: 0.000; rss: 75MB	plugin loading
time: 0.000; rss: 75MB	plugin registration
time: 0.027; rss: 76MB	expansion
time: 0.000; rss: 76MB	complete gated feature checking 1
time: 0.004; rss: 76MB	configuration 2
time: 0.000; rss: 76MB	gated configuration checking
time: 0.002; rss: 76MB	maybe building test harness
time: 0.002; rss: 76MB	prelude injection
time: 0.000; rss: 76MB	checking that all macro invocations are gone
time: 0.000; rss: 76MB	checking for inline asm in case the target doesn't support it
time: 0.000; rss: 76MB	complete gated feature checking 2
time: 0.002; rss: 77MB	assigning node ids and indexing ast
time: 0.003; rss: 77MB	external crate/lib resolution
time: 0.000; rss: 77MB	language item collection
time: 0.017; rss: 109MB	resolution
time: 0.000; rss: 109MB	lifetime resolution
time: 0.000; rss: 109MB	looking for entry point
time: 0.000; rss: 109MB	looking for plugin registrar
time: 0.001; rss: 109MB	region resolution
time: 0.000; rss: 109MB	loop checking
time: 0.000; rss: 109MB	static item recursion checking
time: 0.008; rss: 113MB	type collecting
time: 0.000; rss: 113MB	variance inference
time: 0.056; rss: 146MB	coherence checking
time: 0.003; rss: 146MB	wf checking (old)
time: 0.016; rss: 146MB	item-types checking
time: 0.234; rss: 177MB	item-bodies checking
time: 0.000; rss: 177MB	drop-impl checking
time: 0.006; rss: 177MB	wf checking (new)
time: 0.014; rss: 177MB	const checking
time: 0.001; rss: 177MB	privacy checking
time: 0.000; rss: 177MB	stability index
time: 0.000; rss: 177MB	intrinsic checking
time: 0.000; rss: 177MB	effect checking
time: 0.002; rss: 177MB	match checking
time: 0.001; rss: 177MB	liveness checking
time: 0.015; rss: 177MB	borrow checking
time: 0.006; rss: 177MB	rvalue checking
time: 0.000; rss: 177MB	reachability checking
time: 0.001; rss: 177MB	death checking
time: 0.003; rss: 177MB	stability checking
time: 0.000; rss: 177MB	unused lib feature checking
time: 0.009; rss: 177MB	lint checking
time: 0.002; rss: 177MB	resolving dependency formats
time: 0.840; rss: 258MB	translation
  time: 0.258; rss: 195MB	llvm function passes
  time: 2.809; rss: 200MB	llvm module passes
  time: 0.972; rss: 203MB	codegen passes
  time: 0.001; rss: 198MB	codegen passes
time: 4.110; rss: 198MB	LLVM passes
  time: 0.101; rss: 200MB	running linker
time: 0.143; rss: 198MB	linking
rustc: x86_64-unknown-linux-gnu/stage2/lib/rustlib/x86_64-unknown-linux-gnu/lib/librustc_driver
time: 0.011; rss: 37MB	parsing
time: 0.003; rss: 37MB	configuration 1
time: 0.000; rss: 37MB	recursion limit
time: 0.000; rss: 37MB	gated macro checking
time: 0.000; rss: 37MB	crate injection
time: 0.004; rss: 41MB	macro loading
time: 0.000; rss: 41MB	plugin loading
time: 0.000; rss: 41MB	plugin registration
time: 0.027; rss: 42MB	expansion
time: 0.000; rss: 42MB	complete gated feature checking 1
time: 0.004; rss: 42MB	configuration 2
time: 0.000; rss: 42MB	gated configuration checking
time: 0.002; rss: 42MB	maybe building test harness
time: 0.002; rss: 42MB	prelude injection
time: 0.000; rss: 42MB	checking that all macro invocations are gone
time: 0.000; rss: 42MB	checking for inline asm in case the target doesn't support it
time: 0.000; rss: 42MB	complete gated feature checking 2
time: 0.002; rss: 43MB	assigning node ids and indexing ast
time: 0.034; rss: 80MB	external crate/lib resolution
time: 0.000; rss: 80MB	language item collection
time: 0.024; rss: 123MB	resolution
time: 0.000; rss: 123MB	lifetime resolution
time: 0.000; rss: 123MB	looking for entry point
time: 0.000; rss: 123MB	looking for plugin registrar
time: 0.001; rss: 123MB	region resolution
time: 0.000; rss: 123MB	loop checking
time: 0.000; rss: 123MB	static item recursion checking
time: 0.009; rss: 127MB	type collecting
time: 0.000; rss: 127MB	variance inference
time: 0.097; rss: 172MB	coherence checking
time: 0.005; rss: 172MB	wf checking (old)
time: 0.010; rss: 174MB	item-types checking
time: 0.305; rss: 194MB	item-bodies checking
time: 0.000; rss: 194MB	drop-impl checking
time: 0.008; rss: 194MB	wf checking (new)
time: 0.021; rss: 194MB	const checking
time: 0.002; rss: 194MB	privacy checking
time: 0.000; rss: 194MB	stability index
time: 0.001; rss: 194MB	intrinsic checking
time: 0.000; rss: 194MB	effect checking
time: 0.002; rss: 194MB	match checking
time: 0.001; rss: 194MB	liveness checking
time: 0.019; rss: 194MB	borrow checking
time: 0.016; rss: 194MB	rvalue checking
time: 0.000; rss: 194MB	reachability checking
time: 0.001; rss: 194MB	death checking
time: 0.004; rss: 194MB	stability checking
time: 0.000; rss: 194MB	unused lib feature checking
time: 0.009; rss: 194MB	lint checking
time: 0.002; rss: 194MB	resolving dependency formats
time: 2.812; rss: 434MB	translation
  time: 1.227; rss: 332MB	llvm function passes
  time: 35.187; rss: 378MB	llvm module passes
  time: 13.622; rss: 448MB	codegen passes
  time: 0.001; rss: 341MB	codegen passes
time: 50.770; rss: 341MB	LLVM passes
  time: 0.113; rss: 343MB	running linker
time: 0.502; rss: 340MB	linking
rustc: x86_64-unknown-linux-gnu/stage2/lib/rustlib/x86_64-unknown-linux-gnu/lib/librustdoc
time: 0.037; rss: 43MB	parsing
time: 0.013; rss: 43MB	configuration 1
time: 0.000; rss: 43MB	recursion limit
time: 0.001; rss: 43MB	gated macro checking
time: 0.000; rss: 43MB	crate injection
time: 0.004; rss: 45MB	macro loading
time: 0.000; rss: 45MB	plugin loading
time: 0.000; rss: 45MB	plugin registration
time: 0.187; rss: 58MB	expansion
time: 0.006; rss: 58MB	complete gated feature checking 1
time: 0.037; rss: 58MB	configuration 2
time: 0.000; rss: 58MB	gated configuration checking
time: 0.020; rss: 58MB	maybe building test harness
time: 0.020; rss: 58MB	prelude injection
time: 0.003; rss: 58MB	checking that all macro invocations are gone
time: 0.000; rss: 58MB	checking for inline asm in case the target doesn't support it
time: 0.006; rss: 58MB	complete gated feature checking 2
time: 0.024; rss: 61MB	assigning node ids and indexing ast
time: 0.041; rss: 99MB	external crate/lib resolution
time: 0.005; rss: 99MB	language item collection
time: 0.077; rss: 154MB	resolution
time: 0.005; rss: 153MB	lifetime resolution
time: 0.000; rss: 153MB	looking for entry point
time: 0.003; rss: 153MB	looking for plugin registrar
time: 0.014; rss: 157MB	region resolution
time: 0.003; rss: 157MB	loop checking
time: 0.003; rss: 157MB	static item recursion checking
time: 0.023; rss: 159MB	type collecting
time: 0.005; rss: 159MB	variance inference
time: 0.074; rss: 194MB	coherence checking
time: 0.020; rss: 194MB	wf checking (old)
time: 0.055; rss: 196MB	item-types checking
time: 2.147; rss: 272MB	item-bodies checking
time: 0.000; rss: 272MB	drop-impl checking
time: 0.091; rss: 272MB	wf checking (new)
time: 0.207; rss: 275MB	const checking
time: 0.021; rss: 275MB	privacy checking
time: 0.000; rss: 275MB	stability index
time: 0.006; rss: 275MB	intrinsic checking
time: 0.005; rss: 275MB	effect checking
time: 0.021; rss: 275MB	match checking
time: 0.017; rss: 275MB	liveness checking
time: 0.386; rss: 275MB	borrow checking
time: 0.289; rss: 275MB	rvalue checking
time: 0.003; rss: 275MB	reachability checking
time: 0.018; rss: 275MB	death checking
time: 0.025; rss: 275MB	stability checking
time: 0.000; rss: 275MB	unused lib feature checking
time: 0.078; rss: 275MB	lint checking
time: 0.002; rss: 275MB	resolving dependency formats
time: 5.435; rss: 574MB	translation
  time: 1.564; rss: 391MB	llvm function passes
  time: 39.741; rss: 434MB	llvm module passes
  time: 12.579; rss: 469MB	codegen passes
  time: 0.001; rss: 383MB	codegen passes
time: 54.748; rss: 383MB	LLVM passes
  time: 0.136; rss: 385MB	running linker
time: 0.538; rss: 384MB	linking
rustc: x86_64-unknown-linux-gnu/stage1/lib/rustlib/x86_64-unknown-linux-gnu/bin/rustbook
cp: x86_64-unknown-linux-gnu/stage2/bin/rustbook
rustbook: doc/book/index.html
rustbook: doc/nomicon/index.html
rustbook: doc/style/index.html
rustc: x86_64-unknown-linux-gnu/stage1/lib/rustlib/x86_64-unknown-linux-gnu/bin/error-index-generator
cp: x86_64-unknown-linux-gnu/stage2/bin/error-index-generator
error-index-generator: doc/error-index.html
version-info: doc/version_info.html
rustdoc: doc/not_found.html
rustdoc: doc/index.html
rustdoc: doc/intro.html
rustdoc: doc/tutorial.html
rustdoc: doc/complement-lang-faq.html
rustdoc: doc/complement-design-faq.html
rustdoc: doc/complement-project-faq.html
rustdoc: doc/rustdoc.html
rustdoc: doc/reference.html
rustdoc: doc/grammar.html
rustdoc: doc/guide-crates.html
rustdoc: doc/guide-error-handling.html
rustdoc: doc/guide-ffi.html
rustdoc: doc/guide-macros.html
rustdoc: doc/guide.html
rustdoc: doc/guide-ownership.html
rustdoc: doc/guide-plugins.html
rustdoc: doc/guide-pointers.html
rustdoc: doc/guide-strings.html
rustdoc: doc/guide-tasks.html
rustdoc: doc/guide-testing.html
rustdoc: doc/std/index.html
rustdoc: doc/alloc/index.html
rustdoc: doc/collections/index.html
rustdoc: doc/core/index.html
rustdoc: doc/libc/index.html
rustdoc: doc/rustc_unicode/index.html
