commit 09dd65c2f60ba635378d2e9afdb1ca4775d8e76c
Merge: 3f002a4 38d450f
Author: bors <bors@rust-lang.org>
Date:   Sat Aug 29 19:07:19 2015 +0000

    Auto merge of #28090 - mystor:derive-unsafe-trait, r=Manishearth
cfg: version 1.4.0-dev (09dd65c2f 2015-08-29)
cfg: build triple x86_64-unknown-linux-gnu
cfg: host triples x86_64-unknown-linux-gnu
cfg: target triples x86_64-unknown-linux-gnu
cfg: host for x86_64-unknown-linux-gnu is x86_64
cfg: os for x86_64-unknown-linux-gnu is unknown-linux-gnu
cfg: good valgrind for x86_64-unknown-linux-gnu is 1
cfg: using CC=gcc (CFG_CC)
cfg: disabling valgrind run-pass tests
rustc: x86_64-unknown-linux-gnu/stage0/lib/rustlib/x86_64-unknown-linux-gnu/lib/librustc_trans
rustc: x86_64-unknown-linux-gnu/stage0/lib/rustlib/x86_64-unknown-linux-gnu/lib/librustc_driver
rustc: x86_64-unknown-linux-gnu/stage0/lib/rustlib/x86_64-unknown-linux-gnu/bin/rustc
cp: x86_64-unknown-linux-gnu/stage1/lib/librustc_trans
cp: x86_64-unknown-linux-gnu/stage1/lib/librustc_driver
cp: x86_64-unknown-linux-gnu/stage1/bin/rustc
rustc: x86_64-unknown-linux-gnu/stage1/lib/rustlib/x86_64-unknown-linux-gnu/lib/libcore
rustc: x86_64-unknown-linux-gnu/stage1/lib/rustlib/x86_64-unknown-linux-gnu/lib/liblibc
rustc: x86_64-unknown-linux-gnu/stage1/lib/rustlib/x86_64-unknown-linux-gnu/lib/librand
rustc: x86_64-unknown-linux-gnu/stage1/lib/rustlib/x86_64-unknown-linux-gnu/lib/liballoc_system
rustc: x86_64-unknown-linux-gnu/stage1/lib/rustlib/x86_64-unknown-linux-gnu/lib/liballoc
rustc: x86_64-unknown-linux-gnu/stage1/lib/rustlib/x86_64-unknown-linux-gnu/lib/librustc_unicode
rustc: x86_64-unknown-linux-gnu/stage1/lib/rustlib/x86_64-unknown-linux-gnu/lib/libcollections
rustc: x86_64-unknown-linux-gnu/stage1/lib/rustlib/x86_64-unknown-linux-gnu/lib/liballoc_jemalloc
rustc: x86_64-unknown-linux-gnu/stage1/lib/rustlib/x86_64-unknown-linux-gnu/lib/libstd
rustc: x86_64-unknown-linux-gnu/stage1/lib/rustlib/x86_64-unknown-linux-gnu/lib/libarena
rustc: x86_64-unknown-linux-gnu/stage1/lib/rustlib/x86_64-unknown-linux-gnu/lib/libflate
rustc: x86_64-unknown-linux-gnu/stage1/lib/rustlib/x86_64-unknown-linux-gnu/lib/libgetopts
rustc: x86_64-unknown-linux-gnu/stage1/lib/rustlib/x86_64-unknown-linux-gnu/lib/libgraphviz
rustc: x86_64-unknown-linux-gnu/stage1/lib/rustlib/x86_64-unknown-linux-gnu/lib/liblog
rustc: x86_64-unknown-linux-gnu/stage1/lib/rustlib/x86_64-unknown-linux-gnu/lib/libterm
rustc: x86_64-unknown-linux-gnu/stage1/lib/rustlib/x86_64-unknown-linux-gnu/lib/libserialize
rustc: x86_64-unknown-linux-gnu/stage1/lib/rustlib/x86_64-unknown-linux-gnu/lib/libfmt_macros
rustc: x86_64-unknown-linux-gnu/stage1/lib/rustlib/x86_64-unknown-linux-gnu/lib/librustc_bitflags
rustc: x86_64-unknown-linux-gnu/stage1/lib/rustlib/x86_64-unknown-linux-gnu/lib/libsyntax
rustc: x86_64-unknown-linux-gnu/stage1/lib/rustlib/x86_64-unknown-linux-gnu/lib/librbml
rustc: x86_64-unknown-linux-gnu/stage1/lib/rustlib/x86_64-unknown-linux-gnu/lib/librustc_llvm
rustc: x86_64-unknown-linux-gnu/stage1/lib/rustlib/x86_64-unknown-linux-gnu/lib/librustc_back
rustc: x86_64-unknown-linux-gnu/stage1/lib/rustlib/x86_64-unknown-linux-gnu/lib/librustc_data_structures
rustc: x86_64-unknown-linux-gnu/stage1/lib/rustlib/x86_64-unknown-linux-gnu/lib/librustc
rustc: x86_64-unknown-linux-gnu/stage1/lib/rustlib/x86_64-unknown-linux-gnu/lib/librustc_borrowck
rustc: x86_64-unknown-linux-gnu/stage1/lib/rustlib/x86_64-unknown-linux-gnu/lib/librustc_platform_intrinsics
rustc: x86_64-unknown-linux-gnu/stage1/lib/rustlib/x86_64-unknown-linux-gnu/lib/librustc_typeck
rustc: x86_64-unknown-linux-gnu/stage1/lib/rustlib/x86_64-unknown-linux-gnu/lib/librustc_resolve
rustc: x86_64-unknown-linux-gnu/stage1/lib/rustlib/x86_64-unknown-linux-gnu/lib/librustc_trans
rustc: x86_64-unknown-linux-gnu/stage1/lib/rustlib/x86_64-unknown-linux-gnu/lib/librustc_privacy
rustc: x86_64-unknown-linux-gnu/stage1/lib/rustlib/x86_64-unknown-linux-gnu/lib/librustc_lint
rustc: x86_64-unknown-linux-gnu/stage1/lib/rustlib/x86_64-unknown-linux-gnu/lib/librustc_driver
rustc: x86_64-unknown-linux-gnu/stage1/lib/rustlib/x86_64-unknown-linux-gnu/bin/rustc
cp: x86_64-unknown-linux-gnu/stage2/lib/libstd
cp: x86_64-unknown-linux-gnu/stage2/lib/libarena
cp: x86_64-unknown-linux-gnu/stage2/lib/libflate
cp: x86_64-unknown-linux-gnu/stage2/lib/libgetopts
cp: x86_64-unknown-linux-gnu/stage2/lib/libgraphviz
cp: x86_64-unknown-linux-gnu/stage2/lib/liblog
cp: x86_64-unknown-linux-gnu/stage2/lib/libterm
cp: x86_64-unknown-linux-gnu/stage2/lib/libserialize
cp: x86_64-unknown-linux-gnu/stage2/lib/libfmt_macros
cp: x86_64-unknown-linux-gnu/stage2/lib/libsyntax
cp: x86_64-unknown-linux-gnu/stage2/lib/librbml
cp: x86_64-unknown-linux-gnu/stage2/lib/librustc_llvm
cp: x86_64-unknown-linux-gnu/stage2/lib/librustc_back
cp: x86_64-unknown-linux-gnu/stage2/lib/librustc_data_structures
cp: x86_64-unknown-linux-gnu/stage2/lib/librustc
cp: x86_64-unknown-linux-gnu/stage2/lib/librustc_borrowck
cp: x86_64-unknown-linux-gnu/stage2/lib/librustc_platform_intrinsics
cp: x86_64-unknown-linux-gnu/stage2/lib/librustc_typeck
cp: x86_64-unknown-linux-gnu/stage2/lib/librustc_resolve
cp: x86_64-unknown-linux-gnu/stage2/lib/librustc_trans
cp: x86_64-unknown-linux-gnu/stage2/lib/librustc_privacy
cp: x86_64-unknown-linux-gnu/stage2/lib/librustc_lint
cp: x86_64-unknown-linux-gnu/stage2/lib/librustc_driver
cp: x86_64-unknown-linux-gnu/stage2/bin/rustc
rustc: x86_64-unknown-linux-gnu/stage1/lib/rustlib/x86_64-unknown-linux-gnu/lib/libtest
rustc: x86_64-unknown-linux-gnu/stage1/lib/rustlib/x86_64-unknown-linux-gnu/lib/librustdoc
rustc: x86_64-unknown-linux-gnu/stage1/lib/rustlib/x86_64-unknown-linux-gnu/bin/rustdoc
cp: x86_64-unknown-linux-gnu/stage2/lib/libtest
cp: x86_64-unknown-linux-gnu/stage2/lib/librustdoc
cp: x86_64-unknown-linux-gnu/stage2/bin/rustdoc
rustc: x86_64-unknown-linux-gnu/stage2/lib/rustlib/x86_64-unknown-linux-gnu/lib/libcore
time: 0.069; rss: 54MB	parsing
time: 0.025; rss: 56MB	configuration 1
time: 0.000; rss: 56MB	recursion limit
time: 0.002; rss: 56MB	gated macro checking
time: 0.000; rss: 56MB	crate injection
time: 0.001; rss: 56MB	macro loading
time: 0.000; rss: 56MB	plugin loading
time: 0.000; rss: 56MB	plugin registration
time: 0.464; rss: 81MB	expansion
time: 0.011; rss: 81MB	complete gated feature checking 1
time: 0.094; rss: 81MB	configuration 2
time: 0.000; rss: 81MB	gated configuration checking
time: 0.048; rss: 81MB	maybe building test harness
time: 0.000; rss: 81MB	prelude injection
time: 0.005; rss: 81MB	checking that all macro invocations are gone
time: 0.000; rss: 81MB	checking for inline asm in case the target doesn't support it
time: 0.011; rss: 81MB	complete gated feature checking 2
time: 0.054; rss: 88MB	assigning node ids and indexing ast
time: 0.005; rss: 88MB	external crate/lib resolution
time: 0.010; rss: 88MB	language item collection
time: 0.081; rss: 104MB	resolution
time: 0.011; rss: 105MB	lifetime resolution
time: 0.000; rss: 105MB	looking for entry point
time: 0.005; rss: 105MB	looking for plugin registrar
time: 0.026; rss: 115MB	region resolution
time: 0.005; rss: 115MB	loop checking
time: 0.005; rss: 115MB	static item recursion checking
time: 0.060; rss: 120MB	type collecting
time: 0.010; rss: 120MB	variance inference
time: 0.619; rss: 131MB	coherence checking
time: 0.319; rss: 133MB	wf checking (old)
time: 0.494; rss: 137MB	item-types checking
time: 4.190; rss: 164MB	item-bodies checking
time: 0.000; rss: 164MB	drop-impl checking
time: 0.597; rss: 164MB	wf checking (new)
time: 0.138; rss: 166MB	const checking
time: 0.052; rss: 166MB	privacy checking
time: 0.005; rss: 166MB	stability index
time: 0.029; rss: 166MB	intrinsic checking
time: 0.010; rss: 166MB	effect checking
time: 0.047; rss: 166MB	match checking
time: 0.023; rss: 166MB	liveness checking
time: 0.275; rss: 167MB	borrow checking
time: 0.145; rss: 173MB	rvalue checking
time: 0.019; rss: 173MB	reachability checking
time: 0.036; rss: 173MB	death checking
time: 0.026; rss: 173MB	stability checking
time: 0.000; rss: 173MB	unused lib feature checking
time: 0.439; rss: 176MB	lint checking
time: 0.000; rss: 176MB	resolving dependency formats
time: 1.499; rss: 244MB	translation
  time: 0.198; rss: 120MB	llvm function passes
  time: 1.939; rss: 123MB	llvm module passes
  time: 1.484; rss: 127MB	codegen passes
  time: 0.003; rss: 121MB	codegen passes
time: 3.692; rss: 121MB	LLVM passes
time: 0.057; rss: 120MB	linking
rustc: x86_64-unknown-linux-gnu/stage2/lib/rustlib/x86_64-unknown-linux-gnu/lib/liblibc
time: 0.019; rss: 41MB	parsing
time: 0.004; rss: 38MB	configuration 1
time: 0.000; rss: 38MB	recursion limit
time: 0.000; rss: 38MB	gated macro checking
time: 0.000; rss: 38MB	crate injection
time: 0.001; rss: 38MB	macro loading
time: 0.000; rss: 38MB	plugin loading
time: 0.000; rss: 38MB	plugin registration
time: 0.009; rss: 39MB	expansion
time: 0.000; rss: 39MB	complete gated feature checking 1
time: 0.002; rss: 39MB	configuration 2
time: 0.000; rss: 39MB	gated configuration checking
time: 0.001; rss: 39MB	maybe building test harness
time: 0.001; rss: 39MB	prelude injection
time: 0.000; rss: 39MB	checking that all macro invocations are gone
time: 0.000; rss: 39MB	checking for inline asm in case the target doesn't support it
time: 0.000; rss: 39MB	complete gated feature checking 2
time: 0.001; rss: 39MB	assigning node ids and indexing ast
time: 0.000; rss: 39MB	external crate/lib resolution
time: 0.000; rss: 39MB	language item collection
time: 0.004; rss: 44MB	resolution
time: 0.000; rss: 44MB	lifetime resolution
time: 0.000; rss: 44MB	looking for entry point
time: 0.000; rss: 44MB	looking for plugin registrar
time: 0.000; rss: 44MB	region resolution
time: 0.000; rss: 44MB	loop checking
time: 0.000; rss: 44MB	static item recursion checking
time: 0.002; rss: 46MB	type collecting
time: 0.000; rss: 46MB	variance inference
time: 0.007; rss: 55MB	coherence checking
time: 0.002; rss: 55MB	wf checking (old)
time: 0.011; rss: 58MB	item-types checking
time: 0.016; rss: 59MB	item-bodies checking
time: 0.000; rss: 59MB	drop-impl checking
time: 0.003; rss: 59MB	wf checking (new)
time: 0.001; rss: 59MB	const checking
time: 0.001; rss: 59MB	privacy checking
time: 0.000; rss: 59MB	stability index
time: 0.000; rss: 59MB	intrinsic checking
time: 0.000; rss: 59MB	effect checking
time: 0.000; rss: 59MB	match checking
time: 0.000; rss: 59MB	liveness checking
time: 0.001; rss: 59MB	borrow checking
time: 0.001; rss: 59MB	rvalue checking
time: 0.000; rss: 59MB	reachability checking
time: 0.001; rss: 59MB	death checking
time: 0.000; rss: 59MB	stability checking
time: 0.000; rss: 59MB	unused lib feature checking
time: 0.005; rss: 60MB	lint checking
time: 0.000; rss: 60MB	resolving dependency formats
time: 0.035; rss: 73MB	translation
  time: 0.002; rss: 70MB	llvm function passes
  time: 0.009; rss: 70MB	llvm module passes
  time: 0.008; rss: 84MB	codegen passes
  time: 0.000; rss: 83MB	codegen passes
time: 0.022; rss: 83MB	LLVM passes
time: 0.001; rss: 83MB	linking
rustc: x86_64-unknown-linux-gnu/stage2/lib/rustlib/x86_64-unknown-linux-gnu/lib/librand
time: 0.011; rss: 37MB	parsing
time: 0.003; rss: 37MB	configuration 1
time: 0.000; rss: 37MB	recursion limit
time: 0.000; rss: 37MB	gated macro checking
time: 0.000; rss: 37MB	crate injection
time: 0.001; rss: 38MB	macro loading
time: 0.000; rss: 38MB	plugin loading
time: 0.000; rss: 38MB	plugin registration
time: 0.023; rss: 40MB	expansion
time: 0.000; rss: 40MB	complete gated feature checking 1
time: 0.005; rss: 40MB	configuration 2
time: 0.000; rss: 40MB	gated configuration checking
time: 0.002; rss: 40MB	maybe building test harness
time: 0.002; rss: 40MB	prelude injection
time: 0.000; rss: 40MB	checking that all macro invocations are gone
time: 0.000; rss: 40MB	checking for inline asm in case the target doesn't support it
time: 0.000; rss: 40MB	complete gated feature checking 2
time: 0.003; rss: 40MB	assigning node ids and indexing ast
time: 0.000; rss: 40MB	external crate/lib resolution
time: 0.000; rss: 40MB	language item collection
time: 0.007; rss: 49MB	resolution
time: 0.000; rss: 49MB	lifetime resolution
time: 0.000; rss: 49MB	looking for entry point
time: 0.000; rss: 49MB	looking for plugin registrar
time: 0.001; rss: 49MB	region resolution
time: 0.000; rss: 49MB	loop checking
time: 0.000; rss: 49MB	static item recursion checking
time: 0.003; rss: 49MB	type collecting
time: 0.000; rss: 49MB	variance inference
time: 0.035; rss: 64MB	coherence checking
time: 0.006; rss: 64MB	wf checking (old)
time: 0.016; rss: 68MB	item-types checking
time: 0.245; rss: 78MB	item-bodies checking
time: 0.000; rss: 78MB	drop-impl checking
time: 0.014; rss: 78MB	wf checking (new)
time: 0.009; rss: 78MB	const checking
time: 0.001; rss: 78MB	privacy checking
time: 0.000; rss: 78MB	stability index
time: 0.001; rss: 78MB	intrinsic checking
time: 0.000; rss: 78MB	effect checking
time: 0.001; rss: 78MB	match checking
time: 0.001; rss: 78MB	liveness checking
time: 0.019; rss: 81MB	borrow checking
time: 0.007; rss: 81MB	rvalue checking
time: 0.000; rss: 81MB	reachability checking
time: 0.001; rss: 81MB	death checking
time: 0.001; rss: 81MB	stability checking
time: 0.000; rss: 81MB	unused lib feature checking
time: 0.017; rss: 84MB	lint checking
time: 0.000; rss: 84MB	resolving dependency formats
time: 0.129; rss: 101MB	translation
  time: 0.021; rss: 81MB	llvm function passes
  time: 0.148; rss: 81MB	llvm module passes
  time: 0.052; rss: 86MB	codegen passes
  time: 0.000; rss: 85MB	codegen passes
time: 0.226; rss: 85MB	LLVM passes
time: 0.003; rss: 85MB	linking
rustc: x86_64-unknown-linux-gnu/stage2/lib/rustlib/x86_64-unknown-linux-gnu/lib/liballoc_system
time: 0.001; rss: 29MB	parsing
time: 0.000; rss: 33MB	configuration 1
time: 0.000; rss: 33MB	recursion limit
time: 0.000; rss: 33MB	gated macro checking
time: 0.000; rss: 33MB	crate injection
time: 0.001; rss: 33MB	macro loading
time: 0.000; rss: 33MB	plugin loading
time: 0.000; rss: 33MB	plugin registration
time: 0.001; rss: 33MB	expansion
time: 0.000; rss: 33MB	complete gated feature checking 1
time: 0.000; rss: 33MB	configuration 2
time: 0.000; rss: 33MB	gated configuration checking
time: 0.000; rss: 33MB	maybe building test harness
time: 0.000; rss: 33MB	prelude injection
time: 0.000; rss: 33MB	checking that all macro invocations are gone
time: 0.000; rss: 33MB	checking for inline asm in case the target doesn't support it
time: 0.000; rss: 33MB	complete gated feature checking 2
time: 0.000; rss: 33MB	assigning node ids and indexing ast
time: 0.000; rss: 33MB	external crate/lib resolution
time: 0.000; rss: 33MB	language item collection
time: 0.002; rss: 38MB	resolution
time: 0.000; rss: 38MB	lifetime resolution
time: 0.000; rss: 38MB	looking for entry point
time: 0.000; rss: 38MB	looking for plugin registrar
time: 0.000; rss: 38MB	region resolution
time: 0.000; rss: 38MB	loop checking
time: 0.000; rss: 38MB	static item recursion checking
time: 0.000; rss: 38MB	type collecting
time: 0.000; rss: 38MB	variance inference
time: 0.002; rss: 42MB	coherence checking
time: 0.000; rss: 42MB	wf checking (old)
time: 0.000; rss: 42MB	item-types checking
time: 0.012; rss: 48MB	item-bodies checking
time: 0.000; rss: 48MB	drop-impl checking
time: 0.000; rss: 48MB	wf checking (new)
time: 0.000; rss: 48MB	const checking
time: 0.000; rss: 48MB	privacy checking
time: 0.000; rss: 48MB	stability index
time: 0.000; rss: 48MB	intrinsic checking
time: 0.000; rss: 48MB	effect checking
time: 0.000; rss: 48MB	match checking
time: 0.000; rss: 48MB	liveness checking
time: 0.000; rss: 48MB	borrow checking
time: 0.000; rss: 48MB	rvalue checking
time: 0.000; rss: 48MB	reachability checking
time: 0.000; rss: 48MB	death checking
time: 0.000; rss: 48MB	stability checking
time: 0.000; rss: 48MB	unused lib feature checking
time: 0.000; rss: 48MB	lint checking
time: 0.000; rss: 48MB	resolving dependency formats
time: 0.004; rss: 63MB	translation
  time: 0.001; rss: 63MB	llvm function passes
  time: 0.003; rss: 63MB	llvm module passes
  time: 0.003; rss: 68MB	codegen passes
  time: 0.000; rss: 68MB	codegen passes
time: 0.009; rss: 68MB	LLVM passes
time: 0.001; rss: 68MB	linking
rustc: x86_64-unknown-linux-gnu/stage2/lib/rustlib/x86_64-unknown-linux-gnu/lib/liballoc
time: 0.010; rss: 31MB	parsing
time: 0.003; rss: 35MB	configuration 1
time: 0.000; rss: 35MB	recursion limit
time: 0.000; rss: 35MB	gated macro checking
time: 0.000; rss: 35MB	crate injection
time: 0.001; rss: 36MB	macro loading
time: 0.000; rss: 36MB	plugin loading
time: 0.000; rss: 36MB	plugin registration
time: 0.011; rss: 37MB	expansion
time: 0.000; rss: 37MB	complete gated feature checking 1
time: 0.003; rss: 37MB	configuration 2
time: 0.000; rss: 37MB	gated configuration checking
time: 0.001; rss: 37MB	maybe building test harness
time: 0.001; rss: 37MB	prelude injection
time: 0.000; rss: 37MB	checking that all macro invocations are gone
time: 0.000; rss: 37MB	checking for inline asm in case the target doesn't support it
time: 0.000; rss: 37MB	complete gated feature checking 2
time: 0.001; rss: 37MB	assigning node ids and indexing ast
time: 0.000; rss: 37MB	external crate/lib resolution
time: 0.000; rss: 37MB	language item collection
time: 0.007; rss: 51MB	resolution
time: 0.000; rss: 51MB	lifetime resolution
time: 0.000; rss: 51MB	looking for entry point
time: 0.000; rss: 51MB	looking for plugin registrar
time: 0.000; rss: 51MB	region resolution
time: 0.000; rss: 51MB	loop checking
time: 0.000; rss: 51MB	static item recursion checking
time: 0.003; rss: 53MB	type collecting
time: 0.000; rss: 53MB	variance inference
time: 0.043; rss: 69MB	coherence checking
time: 0.005; rss: 69MB	wf checking (old)
time: 0.004; rss: 69MB	item-types checking
time: 0.072; rss: 71MB	item-bodies checking
time: 0.000; rss: 71MB	drop-impl checking
time: 0.008; rss: 71MB	wf checking (new)
time: 0.005; rss: 71MB	const checking
time: 0.001; rss: 71MB	privacy checking
time: 0.000; rss: 71MB	stability index
time: 0.000; rss: 71MB	intrinsic checking
time: 0.000; rss: 71MB	effect checking
time: 0.001; rss: 71MB	match checking
time: 0.000; rss: 71MB	liveness checking
time: 0.008; rss: 71MB	borrow checking
time: 0.004; rss: 71MB	rvalue checking
time: 0.000; rss: 71MB	reachability checking
time: 0.001; rss: 71MB	death checking
time: 0.001; rss: 71MB	stability checking
time: 0.000; rss: 71MB	unused lib feature checking
time: 0.006; rss: 71MB	lint checking
time: 0.000; rss: 71MB	resolving dependency formats
time: 0.047; rss: 86MB	translation
  time: 0.002; rss: 74MB	llvm function passes
  time: 0.007; rss: 74MB	llvm module passes
  time: 0.005; rss: 79MB	codegen passes
  time: 0.000; rss: 79MB	codegen passes
time: 0.016; rss: 79MB	LLVM passes
time: 0.001; rss: 80MB	linking
rustc: x86_64-unknown-linux-gnu/stage2/lib/rustlib/x86_64-unknown-linux-gnu/lib/librustc_unicode
time: 0.033; rss: 41MB	parsing
time: 0.006; rss: 41MB	configuration 1
time: 0.000; rss: 41MB	recursion limit
time: 0.000; rss: 41MB	gated macro checking
time: 0.000; rss: 41MB	crate injection
time: 0.001; rss: 42MB	macro loading
time: 0.000; rss: 42MB	plugin loading
time: 0.000; rss: 42MB	plugin registration
time: 0.051; rss: 44MB	expansion
time: 0.000; rss: 44MB	complete gated feature checking 1
time: 0.006; rss: 44MB	configuration 2
time: 0.000; rss: 44MB	gated configuration checking
time: 0.003; rss: 44MB	maybe building test harness
time: 0.003; rss: 44MB	prelude injection
time: 0.000; rss: 44MB	checking that all macro invocations are gone
time: 0.000; rss: 44MB	checking for inline asm in case the target doesn't support it
time: 0.000; rss: 44MB	complete gated feature checking 2
time: 0.003; rss: 45MB	assigning node ids and indexing ast
time: 0.000; rss: 45MB	external crate/lib resolution
time: 0.000; rss: 45MB	language item collection
time: 0.005; rss: 53MB	resolution
time: 0.000; rss: 53MB	lifetime resolution
time: 0.000; rss: 53MB	looking for entry point
time: 0.000; rss: 53MB	looking for plugin registrar
time: 0.002; rss: 56MB	region resolution
time: 0.000; rss: 56MB	loop checking
time: 0.000; rss: 56MB	static item recursion checking
time: 0.002; rss: 57MB	type collecting
time: 0.000; rss: 57MB	variance inference
time: 0.041; rss: 70MB	coherence checking
time: 0.004; rss: 70MB	wf checking (old)
time: 0.049; rss: 72MB	item-types checking
time: 0.040; rss: 77MB	item-bodies checking
time: 0.000; rss: 77MB	drop-impl checking
time: 0.003; rss: 77MB	wf checking (new)
time: 0.012; rss: 77MB	const checking
time: 0.002; rss: 80MB	privacy checking
time: 0.000; rss: 80MB	stability index
time: 0.000; rss: 80MB	intrinsic checking
time: 0.000; rss: 80MB	effect checking
time: 0.001; rss: 80MB	match checking
time: 0.000; rss: 80MB	liveness checking
time: 0.003; rss: 80MB	borrow checking
time: 0.002; rss: 80MB	rvalue checking
time: 0.000; rss: 80MB	reachability checking
time: 0.001; rss: 80MB	death checking
time: 0.001; rss: 80MB	stability checking
time: 0.000; rss: 80MB	unused lib feature checking
time: 0.009; rss: 80MB	lint checking
time: 0.000; rss: 80MB	resolving dependency formats
time: 0.214; rss: 103MB	translation
  time: 0.015; rss: 79MB	llvm function passes
  time: 0.170; rss: 80MB	llvm module passes
  time: 0.074; rss: 83MB	codegen passes
  time: 0.001; rss: 82MB	codegen passes
time: 0.267; rss: 82MB	LLVM passes
time: 0.007; rss: 82MB	linking
rustc: x86_64-unknown-linux-gnu/stage2/lib/rustlib/x86_64-unknown-linux-gnu/lib/libcollections
time: 0.037; rss: 44MB	parsing
time: 0.014; rss: 44MB	configuration 1
time: 0.000; rss: 44MB	recursion limit
time: 0.001; rss: 44MB	gated macro checking
time: 0.000; rss: 44MB	crate injection
time: 0.001; rss: 44MB	macro loading
time: 0.000; rss: 44MB	plugin loading
time: 0.000; rss: 44MB	plugin registration
time: 0.090; rss: 47MB	expansion
time: 0.003; rss: 47MB	complete gated feature checking 1
time: 0.018; rss: 47MB	configuration 2
time: 0.000; rss: 47MB	gated configuration checking
time: 0.009; rss: 47MB	maybe building test harness
time: 0.008; rss: 47MB	prelude injection
time: 0.000; rss: 47MB	checking that all macro invocations are gone
time: 0.000; rss: 47MB	checking for inline asm in case the target doesn't support it
time: 0.002; rss: 47MB	complete gated feature checking 2
time: 0.009; rss: 48MB	assigning node ids and indexing ast
time: 0.001; rss: 48MB	external crate/lib resolution
time: 0.001; rss: 48MB	language item collection
time: 0.026; rss: 66MB	resolution
time: 0.002; rss: 65MB	lifetime resolution
time: 0.000; rss: 65MB	looking for entry point
time: 0.001; rss: 65MB	looking for plugin registrar
time: 0.004; rss: 65MB	region resolution
time: 0.001; rss: 65MB	loop checking
time: 0.001; rss: 65MB	static item recursion checking
time: 0.014; rss: 69MB	type collecting
time: 0.002; rss: 69MB	variance inference
time: 0.120; rss: 89MB	coherence checking
time: 0.043; rss: 89MB	wf checking (old)
time: 0.037; rss: 92MB	item-types checking
time: 1.192; rss: 117MB	item-bodies checking
time: 0.000; rss: 117MB	drop-impl checking
time: 0.105; rss: 117MB	wf checking (new)
time: 0.056; rss: 117MB	const checking
time: 0.009; rss: 117MB	privacy checking
time: 0.001; rss: 117MB	stability index
time: 0.006; rss: 117MB	intrinsic checking
time: 0.001; rss: 117MB	effect checking
time: 0.015; rss: 117MB	match checking
time: 0.004; rss: 117MB	liveness checking
time: 0.116; rss: 120MB	borrow checking
time: 0.096; rss: 120MB	rvalue checking
time: 0.003; rss: 120MB	reachability checking
time: 0.006; rss: 120MB	death checking
time: 0.008; rss: 120MB	stability checking
time: 0.000; rss: 120MB	unused lib feature checking
time: 0.119; rss: 120MB	lint checking
time: 0.000; rss: 120MB	resolving dependency formats
time: 0.452; rss: 153MB	translation
  time: 0.037; rss: 92MB	llvm function passes
  time: 0.420; rss: 95MB	llvm module passes
  time: 0.155; rss: 98MB	codegen passes
  time: 0.001; rss: 97MB	codegen passes
time: 0.622; rss: 97MB	LLVM passes
time: 0.013; rss: 97MB	linking
rustc: x86_64-unknown-linux-gnu/stage2/lib/rustlib/x86_64-unknown-linux-gnu/lib/liballoc_jemalloc
time: 0.000; rss: 29MB	parsing
time: 0.000; rss: 29MB	configuration 1
time: 0.000; rss: 33MB	recursion limit
time: 0.000; rss: 33MB	gated macro checking
time: 0.000; rss: 33MB	crate injection
time: 0.001; rss: 33MB	macro loading
time: 0.000; rss: 33MB	plugin loading
time: 0.000; rss: 33MB	plugin registration
time: 0.001; rss: 33MB	expansion
time: 0.000; rss: 33MB	complete gated feature checking 1
time: 0.000; rss: 33MB	configuration 2
time: 0.000; rss: 33MB	gated configuration checking
time: 0.000; rss: 33MB	maybe building test harness
time: 0.000; rss: 33MB	prelude injection
time: 0.000; rss: 33MB	checking that all macro invocations are gone
time: 0.000; rss: 33MB	checking for inline asm in case the target doesn't support it
time: 0.000; rss: 33MB	complete gated feature checking 2
time: 0.000; rss: 33MB	assigning node ids and indexing ast
time: 0.000; rss: 33MB	external crate/lib resolution
time: 0.000; rss: 33MB	language item collection
time: 0.002; rss: 37MB	resolution
time: 0.000; rss: 37MB	lifetime resolution
time: 0.000; rss: 37MB	looking for entry point
time: 0.000; rss: 37MB	looking for plugin registrar
time: 0.000; rss: 37MB	region resolution
time: 0.000; rss: 37MB	loop checking
time: 0.000; rss: 37MB	static item recursion checking
time: 0.000; rss: 37MB	type collecting
time: 0.000; rss: 37MB	variance inference
time: 0.002; rss: 42MB	coherence checking
time: 0.000; rss: 42MB	wf checking (old)
time: 0.000; rss: 42MB	item-types checking
time: 0.010; rss: 48MB	item-bodies checking
time: 0.000; rss: 48MB	drop-impl checking
time: 0.000; rss: 48MB	wf checking (new)
time: 0.000; rss: 48MB	const checking
time: 0.000; rss: 48MB	privacy checking
time: 0.000; rss: 48MB	stability index
time: 0.000; rss: 48MB	intrinsic checking
time: 0.000; rss: 48MB	effect checking
time: 0.000; rss: 48MB	match checking
time: 0.000; rss: 48MB	liveness checking
time: 0.000; rss: 48MB	borrow checking
time: 0.000; rss: 48MB	rvalue checking
time: 0.000; rss: 48MB	reachability checking
time: 0.000; rss: 48MB	death checking
time: 0.000; rss: 48MB	stability checking
time: 0.000; rss: 48MB	unused lib feature checking
time: 0.000; rss: 48MB	lint checking
time: 0.000; rss: 48MB	resolving dependency formats
time: 0.004; rss: 63MB	translation
  time: 0.001; rss: 63MB	llvm function passes
  time: 0.002; rss: 63MB	llvm module passes
  time: 0.003; rss: 68MB	codegen passes
  time: 0.000; rss: 68MB	codegen passes
time: 0.008; rss: 68MB	LLVM passes
time: 0.002; rss: 68MB	linking
rustc: x86_64-unknown-linux-gnu/stage2/lib/rustlib/x86_64-unknown-linux-gnu/lib/libstd
time: 0.148; rss: 75MB	parsing
time: 0.049; rss: 73MB	configuration 1
time: 0.000; rss: 73MB	recursion limit
time: 0.003; rss: 73MB	gated macro checking
time: 0.000; rss: 73MB	crate injection
time: 0.004; rss: 74MB	macro loading
time: 0.000; rss: 74MB	plugin loading
time: 0.000; rss: 74MB	plugin registration
time: 0.235; rss: 70MB	expansion
time: 0.008; rss: 70MB	complete gated feature checking 1
time: 0.048; rss: 70MB	configuration 2
time: 0.000; rss: 70MB	gated configuration checking
time: 0.024; rss: 70MB	maybe building test harness
time: 0.023; rss: 70MB	prelude injection
time: 0.003; rss: 70MB	checking that all macro invocations are gone
time: 0.000; rss: 70MB	checking for inline asm in case the target doesn't support it
time: 0.008; rss: 70MB	complete gated feature checking 2
time: 0.028; rss: 72MB	assigning node ids and indexing ast
time: 0.005; rss: 72MB	external crate/lib resolution
time: 0.005; rss: 72MB	language item collection
time: 0.070; rss: 106MB	resolution
time: 0.006; rss: 104MB	lifetime resolution
time: 0.000; rss: 104MB	looking for entry point
time: 0.003; rss: 104MB	looking for plugin registrar
time: 0.015; rss: 109MB	region resolution
time: 0.003; rss: 109MB	loop checking
time: 0.003; rss: 109MB	static item recursion checking
time: 0.030; rss: 114MB	type collecting
time: 0.007; rss: 114MB	variance inference
time: 0.121; rss: 140MB	coherence checking
time: 0.041; rss: 142MB	wf checking (old)
time: 0.070; rss: 142MB	item-types checking
time: 1.169; rss: 177MB	item-bodies checking
time: 0.000; rss: 177MB	drop-impl checking
time: 0.114; rss: 177MB	wf checking (new)
time: 0.109; rss: 177MB	const checking
time: 0.029; rss: 177MB	privacy checking
time: 0.002; rss: 177MB	stability index
time: 0.010; rss: 177MB	intrinsic checking
time: 0.005; rss: 177MB	effect checking
time: 0.025; rss: 177MB	match checking
time: 0.013; rss: 177MB	liveness checking
time: 0.194; rss: 177MB	borrow checking
time: 0.136; rss: 177MB	rvalue checking
time: 0.008; rss: 177MB	reachability checking
time: 0.020; rss: 177MB	death checking
time: 0.022; rss: 177MB	stability checking
time: 0.000; rss: 177MB	unused lib feature checking
time: 0.096; rss: 177MB	lint checking
time: 0.000; rss: 177MB	resolving dependency formats
time: 1.293; rss: 262MB	translation
  time: 0.317; rss: 157MB	llvm function passes
  time: 4.104; rss: 164MB	llvm module passes
  time: 1.771; rss: 168MB	codegen passes
  time: 0.002; rss: 157MB	codegen passes
time: 6.313; rss: 157MB	LLVM passes
  time: 0.001; rss: 157MB	altering collections-a5fc0d6c.rlib
  time: 0.000; rss: 157MB	altering alloc-a5fc0d6c.rlib
  time: 0.000; rss: 157MB	altering rustc_unicode-a5fc0d6c.rlib
  time: 0.001; rss: 157MB	altering alloc_jemalloc-a5fc0d6c.rlib
  time: 0.000; rss: 157MB	altering libc-a5fc0d6c.rlib
  time: 0.000; rss: 157MB	altering rand-a5fc0d6c.rlib
  time: 0.001; rss: 157MB	altering core-a5fc0d6c.rlib
  time: 0.144; rss: 161MB	running linker
time: 0.222; rss: 161MB	linking
rustc: x86_64-unknown-linux-gnu/stage2/lib/rustlib/x86_64-unknown-linux-gnu/lib/libflate
time: 0.001; rss: 30MB	parsing
time: 0.000; rss: 34MB	configuration 1
time: 0.000; rss: 34MB	recursion limit
time: 0.000; rss: 34MB	gated macro checking
time: 0.000; rss: 34MB	crate injection
time: 0.002; rss: 35MB	macro loading
time: 0.000; rss: 35MB	plugin loading
time: 0.000; rss: 35MB	plugin registration
time: 0.002; rss: 35MB	expansion
time: 0.000; rss: 35MB	complete gated feature checking 1
time: 0.000; rss: 35MB	configuration 2
time: 0.000; rss: 35MB	gated configuration checking
time: 0.000; rss: 35MB	maybe building test harness
time: 0.000; rss: 35MB	prelude injection
time: 0.000; rss: 35MB	checking that all macro invocations are gone
time: 0.000; rss: 35MB	checking for inline asm in case the target doesn't support it
time: 0.000; rss: 35MB	complete gated feature checking 2
time: 0.000; rss: 35MB	assigning node ids and indexing ast
time: 0.001; rss: 38MB	external crate/lib resolution
time: 0.000; rss: 38MB	language item collection
time: 0.005; rss: 46MB	resolution
time: 0.000; rss: 46MB	lifetime resolution
time: 0.000; rss: 46MB	looking for entry point
time: 0.000; rss: 46MB	looking for plugin registrar
time: 0.000; rss: 46MB	region resolution
time: 0.000; rss: 46MB	loop checking
time: 0.000; rss: 46MB	static item recursion checking
time: 0.001; rss: 50MB	type collecting
time: 0.000; rss: 50MB	variance inference
time: 0.030; rss: 74MB	coherence checking
time: 0.001; rss: 74MB	wf checking (old)
time: 0.001; rss: 74MB	item-types checking
time: 0.016; rss: 80MB	item-bodies checking
time: 0.000; rss: 80MB	drop-impl checking
time: 0.001; rss: 80MB	wf checking (new)
time: 0.000; rss: 80MB	const checking
time: 0.000; rss: 80MB	privacy checking
time: 0.000; rss: 80MB	stability index
time: 0.000; rss: 80MB	intrinsic checking
time: 0.000; rss: 80MB	effect checking
time: 0.000; rss: 80MB	match checking
time: 0.000; rss: 80MB	liveness checking
time: 0.001; rss: 80MB	borrow checking
time: 0.000; rss: 80MB	rvalue checking
time: 0.000; rss: 80MB	reachability checking
time: 0.000; rss: 80MB	death checking
time: 0.000; rss: 80MB	stability checking
time: 0.000; rss: 80MB	unused lib feature checking
time: 0.001; rss: 80MB	lint checking
time: 0.001; rss: 80MB	resolving dependency formats
time: 0.017; rss: 93MB	translation
  time: 0.003; rss: 88MB	llvm function passes
  time: 0.007; rss: 88MB	llvm module passes
  time: 0.007; rss: 93MB	codegen passes
  time: 0.000; rss: 93MB	codegen passes
time: 0.018; rss: 92MB	LLVM passes
  time: 0.022; rss: 96MB	running linker
time: 0.023; rss: 97MB	linking
rustc: x86_64-unknown-linux-gnu/stage2/lib/rustlib/x86_64-unknown-linux-gnu/lib/libarena
time: 0.002; rss: 29MB	parsing
time: 0.001; rss: 33MB	configuration 1
time: 0.000; rss: 33MB	recursion limit
time: 0.000; rss: 33MB	gated macro checking
time: 0.000; rss: 33MB	crate injection
time: 0.002; rss: 36MB	macro loading
time: 0.000; rss: 36MB	plugin loading
time: 0.000; rss: 36MB	plugin registration
time: 0.003; rss: 37MB	expansion
time: 0.000; rss: 37MB	complete gated feature checking 1
time: 0.001; rss: 37MB	configuration 2
time: 0.000; rss: 37MB	gated configuration checking
time: 0.000; rss: 37MB	maybe building test harness
time: 0.000; rss: 37MB	prelude injection
time: 0.000; rss: 37MB	checking that all macro invocations are gone
time: 0.000; rss: 37MB	checking for inline asm in case the target doesn't support it
time: 0.000; rss: 37MB	complete gated feature checking 2
time: 0.000; rss: 37MB	assigning node ids and indexing ast
time: 0.001; rss: 38MB	external crate/lib resolution
time: 0.000; rss: 38MB	language item collection
time: 0.003; rss: 46MB	resolution
time: 0.000; rss: 46MB	lifetime resolution
time: 0.000; rss: 46MB	looking for entry point
time: 0.000; rss: 46MB	looking for plugin registrar
time: 0.000; rss: 46MB	region resolution
time: 0.000; rss: 46MB	loop checking
time: 0.000; rss: 46MB	static item recursion checking
time: 0.001; rss: 46MB	type collecting
time: 0.000; rss: 46MB	variance inference
time: 0.020; rss: 69MB	coherence checking
time: 0.001; rss: 69MB	wf checking (old)
time: 0.000; rss: 69MB	item-types checking
time: 0.084; rss: 88MB	item-bodies checking
time: 0.000; rss: 88MB	drop-impl checking
time: 0.001; rss: 88MB	wf checking (new)
time: 0.002; rss: 88MB	const checking
time: 0.000; rss: 88MB	privacy checking
time: 0.000; rss: 88MB	stability index
time: 0.000; rss: 88MB	intrinsic checking
time: 0.000; rss: 88MB	effect checking
time: 0.000; rss: 88MB	match checking
time: 0.000; rss: 88MB	liveness checking
time: 0.002; rss: 92MB	borrow checking
time: 0.001; rss: 92MB	rvalue checking
time: 0.000; rss: 92MB	reachability checking
time: 0.000; rss: 92MB	death checking
time: 0.000; rss: 92MB	stability checking
time: 0.000; rss: 92MB	unused lib feature checking
time: 0.004; rss: 92MB	lint checking
time: 0.001; rss: 92MB	resolving dependency formats
time: 0.048; rss: 107MB	translation
  time: 0.010; rss: 89MB	llvm function passes
  time: 0.073; rss: 90MB	llvm module passes
  time: 0.028; rss: 94MB	codegen passes
  time: 0.000; rss: 94MB	codegen passes
time: 0.115; rss: 94MB	LLVM passes
  time: 0.016; rss: 100MB	running linker
time: 0.018; rss: 98MB	linking
rustc: x86_64-unknown-linux-gnu/stage2/lib/rustlib/x86_64-unknown-linux-gnu/lib/liblog
time: 0.002; rss: 29MB	parsing
time: 0.001; rss: 33MB	configuration 1
time: 0.000; rss: 33MB	recursion limit
time: 0.000; rss: 33MB	gated macro checking
time: 0.000; rss: 33MB	crate injection
time: 0.002; rss: 35MB	macro loading
time: 0.000; rss: 35MB	plugin loading
time: 0.000; rss: 35MB	plugin registration
time: 0.005; rss: 35MB	expansion
time: 0.000; rss: 35MB	complete gated feature checking 1
time: 0.001; rss: 35MB	configuration 2
time: 0.000; rss: 35MB	gated configuration checking
time: 0.000; rss: 35MB	maybe building test harness
time: 0.000; rss: 35MB	prelude injection
time: 0.000; rss: 35MB	checking that all macro invocations are gone
time: 0.000; rss: 35MB	checking for inline asm in case the target doesn't support it
time: 0.000; rss: 35MB	complete gated feature checking 2
time: 0.000; rss: 35MB	assigning node ids and indexing ast
time: 0.001; rss: 35MB	external crate/lib resolution
time: 0.000; rss: 35MB	language item collection
time: 0.004; rss: 50MB	resolution
time: 0.000; rss: 50MB	lifetime resolution
time: 0.000; rss: 50MB	looking for entry point
time: 0.000; rss: 50MB	looking for plugin registrar
time: 0.000; rss: 50MB	region resolution
time: 0.000; rss: 50MB	loop checking
time: 0.000; rss: 50MB	static item recursion checking
time: 0.002; rss: 50MB	type collecting
time: 0.000; rss: 50MB	variance inference
time: 0.026; rss: 73MB	coherence checking
time: 0.001; rss: 73MB	wf checking (old)
time: 0.002; rss: 73MB	item-types checking
time: 0.095; rss: 91MB	item-bodies checking
time: 0.000; rss: 91MB	drop-impl checking
time: 0.001; rss: 91MB	wf checking (new)
time: 0.005; rss: 91MB	const checking
time: 0.000; rss: 91MB	privacy checking
time: 0.000; rss: 91MB	stability index
time: 0.000; rss: 91MB	intrinsic checking
time: 0.000; rss: 91MB	effect checking
time: 0.000; rss: 91MB	match checking
time: 0.000; rss: 91MB	liveness checking
time: 0.002; rss: 91MB	borrow checking
time: 0.001; rss: 91MB	rvalue checking
time: 0.000; rss: 91MB	reachability checking
time: 0.000; rss: 91MB	death checking
time: 0.001; rss: 91MB	stability checking
time: 0.000; rss: 91MB	unused lib feature checking
time: 0.002; rss: 91MB	lint checking
time: 0.001; rss: 91MB	resolving dependency formats
time: 0.110; rss: 118MB	translation
  time: 0.029; rss: 94MB	llvm function passes
  time: 0.425; rss: 97MB	llvm module passes
  time: 0.096; rss: 100MB	codegen passes
  time: 0.000; rss: 100MB	codegen passes
time: 0.556; rss: 100MB	LLVM passes
  time: 0.020; rss: 106MB	running linker
time: 0.025; rss: 105MB	linking
rustc: x86_64-unknown-linux-gnu/stage2/lib/rustlib/x86_64-unknown-linux-gnu/lib/libterm
time: 0.008; rss: 35MB	parsing
time: 0.002; rss: 35MB	configuration 1
time: 0.000; rss: 35MB	recursion limit
time: 0.000; rss: 35MB	gated macro checking
time: 0.000; rss: 35MB	crate injection
time: 0.003; rss: 38MB	macro loading
time: 0.000; rss: 38MB	plugin loading
time: 0.000; rss: 38MB	plugin registration
time: 0.020; rss: 39MB	expansion
time: 0.000; rss: 39MB	complete gated feature checking 1
time: 0.003; rss: 39MB	configuration 2
time: 0.000; rss: 39MB	gated configuration checking
time: 0.001; rss: 39MB	maybe building test harness
time: 0.001; rss: 39MB	prelude injection
time: 0.000; rss: 39MB	checking that all macro invocations are gone
time: 0.000; rss: 39MB	checking for inline asm in case the target doesn't support it
time: 0.000; rss: 39MB	complete gated feature checking 2
time: 0.002; rss: 40MB	assigning node ids and indexing ast
time: 0.001; rss: 40MB	external crate/lib resolution
time: 0.000; rss: 40MB	language item collection
time: 0.007; rss: 54MB	resolution
time: 0.000; rss: 54MB	lifetime resolution
time: 0.000; rss: 54MB	looking for entry point
time: 0.000; rss: 54MB	looking for plugin registrar
time: 0.001; rss: 54MB	region resolution
time: 0.000; rss: 54MB	loop checking
time: 0.000; rss: 54MB	static item recursion checking
time: 0.002; rss: 54MB	type collecting
time: 0.000; rss: 54MB	variance inference
time: 0.024; rss: 75MB	coherence checking
time: 0.002; rss: 75MB	wf checking (old)
time: 0.016; rss: 79MB	item-types checking
time: 0.192; rss: 103MB	item-bodies checking
time: 0.000; rss: 103MB	drop-impl checking
time: 0.003; rss: 103MB	wf checking (new)
time: 0.007; rss: 103MB	const checking
time: 0.001; rss: 103MB	privacy checking
time: 0.000; rss: 103MB	stability index
time: 0.000; rss: 103MB	intrinsic checking
time: 0.000; rss: 103MB	effect checking
time: 0.001; rss: 103MB	match checking
time: 0.001; rss: 103MB	liveness checking
time: 0.012; rss: 103MB	borrow checking
time: 0.004; rss: 103MB	rvalue checking
time: 0.000; rss: 103MB	reachability checking
time: 0.001; rss: 103MB	death checking
time: 0.002; rss: 103MB	stability checking
time: 0.000; rss: 103MB	unused lib feature checking
time: 0.006; rss: 103MB	lint checking
time: 0.001; rss: 103MB	resolving dependency formats
time: 0.254; rss: 140MB	translation
  time: 0.077; rss: 105MB	llvm function passes
  time: 1.272; rss: 109MB	llvm module passes
  time: 0.486; rss: 130MB	codegen passes
  time: 0.001; rss: 129MB	codegen passes
time: 1.862; rss: 129MB	LLVM passes
  time: 0.027; rss: 133MB	running linker
time: 0.044; rss: 131MB	linking
rustc: x86_64-unknown-linux-gnu/stage2/lib/rustlib/x86_64-unknown-linux-gnu/lib/libserialize
time: 0.018; rss: 39MB	parsing
time: 0.006; rss: 38MB	configuration 1
time: 0.000; rss: 38MB	recursion limit
time: 0.000; rss: 38MB	gated macro checking
time: 0.000; rss: 38MB	crate injection
time: 0.003; rss: 40MB	macro loading
time: 0.000; rss: 40MB	plugin loading
time: 0.000; rss: 40MB	plugin registration
time: 0.074; rss: 45MB	expansion
time: 0.002; rss: 45MB	complete gated feature checking 1
time: 0.013; rss: 45MB	configuration 2
time: 0.000; rss: 45MB	gated configuration checking
time: 0.007; rss: 45MB	maybe building test harness
time: 0.006; rss: 45MB	prelude injection
time: 0.000; rss: 45MB	checking that all macro invocations are gone
time: 0.000; rss: 45MB	checking for inline asm in case the target doesn't support it
time: 0.001; rss: 45MB	complete gated feature checking 2
time: 0.007; rss: 48MB	assigning node ids and indexing ast
time: 0.002; rss: 48MB	external crate/lib resolution
time: 0.001; rss: 48MB	language item collection
time: 0.024; rss: 68MB	resolution
time: 0.001; rss: 69MB	lifetime resolution
time: 0.000; rss: 69MB	looking for entry point
time: 0.001; rss: 69MB	looking for plugin registrar
time: 0.004; rss: 71MB	region resolution
time: 0.001; rss: 71MB	loop checking
time: 0.001; rss: 71MB	static item recursion checking
time: 0.009; rss: 73MB	type collecting
time: 0.001; rss: 73MB	variance inference
time: 0.083; rss: 106MB	coherence checking
time: 0.015; rss: 106MB	wf checking (old)
time: 0.020; rss: 106MB	item-types checking
time: 0.849; rss: 127MB	item-bodies checking
time: 0.000; rss: 127MB	drop-impl checking
time: 0.053; rss: 127MB	wf checking (new)
time: 0.120; rss: 127MB	const checking
time: 0.005; rss: 127MB	privacy checking
time: 0.000; rss: 127MB	stability index
time: 0.003; rss: 127MB	intrinsic checking
time: 0.001; rss: 127MB	effect checking
time: 0.013; rss: 127MB	match checking
time: 0.004; rss: 127MB	liveness checking
time: 0.237; rss: 127MB	borrow checking
time: 0.165; rss: 127MB	rvalue checking
time: 0.002; rss: 127MB	reachability checking
time: 0.005; rss: 127MB	death checking
time: 0.007; rss: 127MB	stability checking
time: 0.000; rss: 127MB	unused lib feature checking
time: 0.028; rss: 127MB	lint checking
time: 0.001; rss: 127MB	resolving dependency formats
time: 0.460; rss: 172MB	translation
  time: 0.100; rss: 114MB	llvm function passes
  time: 2.803; rss: 118MB	llvm module passes
  time: 0.552; rss: 123MB	codegen passes
  time: 0.001; rss: 121MB	codegen passes
time: 3.489; rss: 121MB	LLVM passes
  time: 0.028; rss: 128MB	running linker
time: 0.051; rss: 125MB	linking
rustc: x86_64-unknown-linux-gnu/stage2/lib/rustlib/x86_64-unknown-linux-gnu/lib/libgetopts
time: 0.005; rss: 35MB	parsing
time: 0.001; rss: 35MB	configuration 1
time: 0.000; rss: 35MB	recursion limit
time: 0.000; rss: 35MB	gated macro checking
time: 0.000; rss: 35MB	crate injection
time: 0.002; rss: 37MB	macro loading
time: 0.000; rss: 37MB	plugin loading
time: 0.000; rss: 37MB	plugin registration
time: 0.012; rss: 39MB	expansion
time: 0.000; rss: 39MB	complete gated feature checking 1
time: 0.002; rss: 39MB	configuration 2
time: 0.000; rss: 39MB	gated configuration checking
time: 0.001; rss: 39MB	maybe building test harness
time: 0.001; rss: 39MB	prelude injection
time: 0.000; rss: 39MB	checking that all macro invocations are gone
time: 0.000; rss: 39MB	checking for inline asm in case the target doesn't support it
time: 0.000; rss: 39MB	complete gated feature checking 2
time: 0.001; rss: 39MB	assigning node ids and indexing ast
time: 0.001; rss: 39MB	external crate/lib resolution
time: 0.000; rss: 39MB	language item collection
time: 0.005; rss: 48MB	resolution
time: 0.000; rss: 49MB	lifetime resolution
time: 0.000; rss: 49MB	looking for entry point
time: 0.000; rss: 49MB	looking for plugin registrar
time: 0.001; rss: 49MB	region resolution
time: 0.000; rss: 49MB	loop checking
time: 0.000; rss: 49MB	static item recursion checking
time: 0.001; rss: 50MB	type collecting
time: 0.000; rss: 50MB	variance inference
time: 0.025; rss: 72MB	coherence checking
time: 0.002; rss: 72MB	wf checking (old)
time: 0.002; rss: 72MB	item-types checking
time: 0.137; rss: 95MB	item-bodies checking
time: 0.000; rss: 95MB	drop-impl checking
time: 0.003; rss: 95MB	wf checking (new)
time: 0.004; rss: 95MB	const checking
time: 0.001; rss: 95MB	privacy checking
time: 0.000; rss: 95MB	stability index
time: 0.000; rss: 95MB	intrinsic checking
time: 0.000; rss: 95MB	effect checking
time: 0.001; rss: 95MB	match checking
time: 0.001; rss: 95MB	liveness checking
time: 0.007; rss: 95MB	borrow checking
time: 0.003; rss: 95MB	rvalue checking
time: 0.000; rss: 95MB	reachability checking
time: 0.001; rss: 95MB	death checking
time: 0.001; rss: 95MB	stability checking
time: 0.000; rss: 95MB	unused lib feature checking
time: 0.005; rss: 95MB	lint checking
time: 0.001; rss: 95MB	resolving dependency formats
time: 0.191; rss: 123MB	translation
  time: 0.053; rss: 98MB	llvm function passes
  time: 0.955; rss: 101MB	llvm module passes
  time: 0.380; rss: 108MB	codegen passes
  time: 0.001; rss: 108MB	codegen passes
time: 1.406; rss: 108MB	LLVM passes
  time: 0.022; rss: 112MB	running linker
time: 0.035; rss: 112MB	linking
rustc: x86_64-unknown-linux-gnu/stage2/lib/rustlib/x86_64-unknown-linux-gnu/lib/librbml
time: 0.005; rss: 35MB	parsing
time: 0.002; rss: 35MB	configuration 1
time: 0.000; rss: 35MB	recursion limit
time: 0.000; rss: 35MB	gated macro checking
time: 0.000; rss: 35MB	crate injection
time: 0.003; rss: 36MB	macro loading
time: 0.000; rss: 36MB	plugin loading
time: 0.000; rss: 36MB	plugin registration
time: 0.021; rss: 40MB	expansion
time: 0.000; rss: 40MB	complete gated feature checking 1
time: 0.003; rss: 40MB	configuration 2
time: 0.000; rss: 40MB	gated configuration checking
time: 0.002; rss: 40MB	maybe building test harness
time: 0.002; rss: 40MB	prelude injection
time: 0.000; rss: 40MB	checking that all macro invocations are gone
time: 0.000; rss: 40MB	checking for inline asm in case the target doesn't support it
time: 0.000; rss: 40MB	complete gated feature checking 2
time: 0.002; rss: 40MB	assigning node ids and indexing ast
time: 0.002; rss: 40MB	external crate/lib resolution
time: 0.000; rss: 40MB	language item collection
time: 0.007; rss: 53MB	resolution
time: 0.000; rss: 52MB	lifetime resolution
time: 0.000; rss: 52MB	looking for entry point
time: 0.000; rss: 52MB	looking for plugin registrar
time: 0.001; rss: 52MB	region resolution
time: 0.000; rss: 52MB	loop checking
time: 0.000; rss: 52MB	static item recursion checking
time: 0.002; rss: 55MB	type collecting
time: 0.000; rss: 55MB	variance inference
time: 0.063; rss: 90MB	coherence checking
time: 0.002; rss: 90MB	wf checking (old)
time: 0.011; rss: 90MB	item-types checking
time: 0.149; rss: 103MB	item-bodies checking
time: 0.000; rss: 103MB	drop-impl checking
time: 0.008; rss: 106MB	wf checking (new)
time: 0.016; rss: 106MB	const checking
time: 0.001; rss: 106MB	privacy checking
time: 0.000; rss: 106MB	stability index
time: 0.001; rss: 106MB	intrinsic checking
time: 0.000; rss: 106MB	effect checking
time: 0.002; rss: 106MB	match checking
time: 0.001; rss: 106MB	liveness checking
time: 0.021; rss: 106MB	borrow checking
time: 0.014; rss: 106MB	rvalue checking
time: 0.000; rss: 106MB	reachability checking
time: 0.001; rss: 106MB	death checking
time: 0.002; rss: 106MB	stability checking
time: 0.000; rss: 106MB	unused lib feature checking
time: 0.007; rss: 106MB	lint checking
time: 0.001; rss: 106MB	resolving dependency formats
time: 0.098; rss: 126MB	translation
  time: 0.022; rss: 98MB	llvm function passes
  time: 0.217; rss: 101MB	llvm module passes
  time: 0.116; rss: 105MB	codegen passes
  time: 0.000; rss: 103MB	codegen passes
time: 0.363; rss: 103MB	LLVM passes
  time: 0.023; rss: 107MB	running linker
time: 0.029; rss: 107MB	linking
rustc: x86_64-unknown-linux-gnu/stage2/lib/rustlib/x86_64-unknown-linux-gnu/lib/libtest
time: 0.007; rss: 35MB	parsing
time: 0.002; rss: 35MB	configuration 1
time: 0.000; rss: 35MB	recursion limit
time: 0.000; rss: 35MB	gated macro checking
time: 0.000; rss: 35MB	crate injection
time: 0.002; rss: 37MB	macro loading
time: 0.000; rss: 37MB	plugin loading
time: 0.000; rss: 37MB	plugin registration
time: 0.017; rss: 39MB	expansion
time: 0.000; rss: 39MB	complete gated feature checking 1
time: 0.003; rss: 39MB	configuration 2
time: 0.000; rss: 39MB	gated configuration checking
time: 0.002; rss: 39MB	maybe building test harness
time: 0.001; rss: 39MB	prelude injection
time: 0.000; rss: 39MB	checking that all macro invocations are gone
time: 0.000; rss: 39MB	checking for inline asm in case the target doesn't support it
time: 0.000; rss: 39MB	complete gated feature checking 2
time: 0.002; rss: 39MB	assigning node ids and indexing ast
time: 0.002; rss: 39MB	external crate/lib resolution
time: 0.000; rss: 39MB	language item collection
time: 0.010; rss: 56MB	resolution
time: 0.000; rss: 56MB	lifetime resolution
time: 0.000; rss: 56MB	looking for entry point
time: 0.000; rss: 56MB	looking for plugin registrar
time: 0.001; rss: 56MB	region resolution
time: 0.000; rss: 56MB	loop checking
time: 0.000; rss: 56MB	static item recursion checking
time: 0.004; rss: 60MB	type collecting
time: 0.000; rss: 60MB	variance inference
time: 0.029; rss: 76MB	coherence checking
time: 0.002; rss: 76MB	wf checking (old)
time: 0.004; rss: 78MB	item-types checking
time: 0.205; rss: 108MB	item-bodies checking
time: 0.000; rss: 108MB	drop-impl checking
time: 0.006; rss: 108MB	wf checking (new)
time: 0.008; rss: 108MB	const checking
time: 0.001; rss: 108MB	privacy checking
time: 0.000; rss: 108MB	stability index
time: 0.000; rss: 108MB	intrinsic checking
time: 0.000; rss: 108MB	effect checking
time: 0.002; rss: 108MB	match checking
time: 0.001; rss: 108MB	liveness checking
time: 0.013; rss: 108MB	borrow checking
time: 0.007; rss: 108MB	rvalue checking
time: 0.000; rss: 108MB	reachability checking
time: 0.001; rss: 108MB	death checking
time: 0.002; rss: 108MB	stability checking
time: 0.000; rss: 108MB	unused lib feature checking
time: 0.008; rss: 108MB	lint checking
time: 0.001; rss: 108MB	resolving dependency formats
time: 0.441; rss: 153MB	translation
  time: 0.128; rss: 114MB	llvm function passes
  time: 2.681; rss: 132MB	llvm module passes
  time: 0.811; rss: 138MB	codegen passes
  time: 0.001; rss: 138MB	codegen passes
time: 3.669; rss: 138MB	LLVM passes
  time: 0.026; rss: 144MB	running linker
time: 0.056; rss: 142MB	linking
rustc: x86_64-unknown-linux-gnu/stage2/lib/rustlib/x86_64-unknown-linux-gnu/lib/libgraphviz
time: 0.002; rss: 29MB	parsing
time: 0.001; rss: 34MB	configuration 1
time: 0.000; rss: 34MB	recursion limit
time: 0.000; rss: 34MB	gated macro checking
time: 0.000; rss: 34MB	crate injection
time: 0.002; rss: 36MB	macro loading
time: 0.000; rss: 36MB	plugin loading
time: 0.000; rss: 36MB	plugin registration
time: 0.004; rss: 36MB	expansion
time: 0.000; rss: 36MB	complete gated feature checking 1
time: 0.001; rss: 36MB	configuration 2
time: 0.000; rss: 36MB	gated configuration checking
time: 0.000; rss: 36MB	maybe building test harness
time: 0.000; rss: 36MB	prelude injection
time: 0.000; rss: 36MB	checking that all macro invocations are gone
time: 0.000; rss: 36MB	checking for inline asm in case the target doesn't support it
time: 0.000; rss: 36MB	complete gated feature checking 2
time: 0.000; rss: 36MB	assigning node ids and indexing ast
time: 0.001; rss: 36MB	external crate/lib resolution
time: 0.000; rss: 36MB	language item collection
time: 0.004; rss: 47MB	resolution
time: 0.000; rss: 47MB	lifetime resolution
time: 0.000; rss: 47MB	looking for entry point
time: 0.000; rss: 47MB	looking for plugin registrar
time: 0.000; rss: 47MB	region resolution
time: 0.000; rss: 47MB	loop checking
time: 0.000; rss: 47MB	static item recursion checking
time: 0.001; rss: 50MB	type collecting
time: 0.000; rss: 50MB	variance inference
time: 0.024; rss: 69MB	coherence checking
time: 0.001; rss: 69MB	wf checking (old)
time: 0.001; rss: 69MB	item-types checking
time: 0.086; rss: 89MB	item-bodies checking
time: 0.000; rss: 89MB	drop-impl checking
time: 0.002; rss: 89MB	wf checking (new)
time: 0.002; rss: 89MB	const checking
time: 0.000; rss: 89MB	privacy checking
time: 0.000; rss: 89MB	stability index
time: 0.000; rss: 89MB	intrinsic checking
time: 0.000; rss: 89MB	effect checking
time: 0.001; rss: 93MB	match checking
time: 0.000; rss: 93MB	liveness checking
time: 0.003; rss: 93MB	borrow checking
time: 0.002; rss: 93MB	rvalue checking
time: 0.000; rss: 93MB	reachability checking
time: 0.000; rss: 93MB	death checking
time: 0.000; rss: 93MB	stability checking
time: 0.000; rss: 93MB	unused lib feature checking
time: 0.002; rss: 93MB	lint checking
time: 0.001; rss: 93MB	resolving dependency formats
time: 0.052; rss: 109MB	translation
  time: 0.011; rss: 90MB	llvm function passes
  time: 0.082; rss: 91MB	llvm module passes
  time: 0.025; rss: 95MB	codegen passes
  time: 0.000; rss: 95MB	codegen passes
time: 0.121; rss: 94MB	LLVM passes
  time: 0.019; rss: 101MB	running linker
time: 0.021; rss: 99MB	linking
rustc: x86_64-unknown-linux-gnu/stage2/lib/rustlib/x86_64-unknown-linux-gnu/lib/librustc_bitflags
time: 0.001; rss: 29MB	parsing
time: 0.000; rss: 29MB	configuration 1
time: 0.000; rss: 33MB	recursion limit
time: 0.000; rss: 33MB	gated macro checking
time: 0.000; rss: 33MB	crate injection
time: 0.001; rss: 33MB	macro loading
time: 0.000; rss: 33MB	plugin loading
time: 0.000; rss: 33MB	plugin registration
time: 0.001; rss: 35MB	expansion
time: 0.000; rss: 35MB	complete gated feature checking 1
time: 0.000; rss: 35MB	configuration 2
time: 0.000; rss: 35MB	gated configuration checking
time: 0.000; rss: 35MB	maybe building test harness
time: 0.000; rss: 35MB	prelude injection
time: 0.000; rss: 35MB	checking that all macro invocations are gone
time: 0.000; rss: 35MB	checking for inline asm in case the target doesn't support it
time: 0.000; rss: 35MB	complete gated feature checking 2
time: 0.000; rss: 35MB	assigning node ids and indexing ast
time: 0.000; rss: 35MB	external crate/lib resolution
time: 0.000; rss: 35MB	language item collection
time: 0.001; rss: 38MB	resolution
time: 0.000; rss: 38MB	lifetime resolution
time: 0.000; rss: 38MB	looking for entry point
time: 0.000; rss: 38MB	looking for plugin registrar
time: 0.000; rss: 38MB	region resolution
time: 0.000; rss: 38MB	loop checking
time: 0.000; rss: 38MB	static item recursion checking
time: 0.000; rss: 38MB	type collecting
time: 0.000; rss: 38MB	variance inference
time: 0.002; rss: 38MB	coherence checking
time: 0.000; rss: 42MB	wf checking (old)
time: 0.000; rss: 42MB	item-types checking
time: 0.000; rss: 42MB	item-bodies checking
time: 0.000; rss: 42MB	drop-impl checking
time: 0.000; rss: 42MB	wf checking (new)
time: 0.000; rss: 42MB	const checking
time: 0.000; rss: 42MB	privacy checking
time: 0.000; rss: 42MB	stability index
time: 0.000; rss: 42MB	intrinsic checking
time: 0.000; rss: 42MB	effect checking
time: 0.000; rss: 42MB	match checking
time: 0.000; rss: 42MB	liveness checking
time: 0.000; rss: 42MB	borrow checking
time: 0.000; rss: 42MB	rvalue checking
time: 0.000; rss: 42MB	reachability checking
time: 0.000; rss: 42MB	death checking
time: 0.000; rss: 42MB	stability checking
time: 0.000; rss: 42MB	unused lib feature checking
time: 0.000; rss: 42MB	lint checking
time: 0.000; rss: 42MB	resolving dependency formats
time: 0.003; rss: 51MB	translation
  time: 0.000; rss: 52MB	llvm function passes
  time: 0.000; rss: 52MB	llvm module passes
  time: 0.001; rss: 52MB	codegen passes
  time: 0.000; rss: 53MB	codegen passes
time: 0.002; rss: 53MB	LLVM passes
time: 0.001; rss: 53MB	linking
rustc: x86_64-unknown-linux-gnu/stage2/lib/rustlib/x86_64-unknown-linux-gnu/lib/libfmt_macros
time: 0.002; rss: 29MB	parsing
time: 0.001; rss: 33MB	configuration 1
time: 0.000; rss: 33MB	recursion limit
time: 0.000; rss: 33MB	gated macro checking
time: 0.000; rss: 33MB	crate injection
time: 0.003; rss: 36MB	macro loading
time: 0.000; rss: 36MB	plugin loading
time: 0.000; rss: 36MB	plugin registration
time: 0.005; rss: 37MB	expansion
time: 0.000; rss: 37MB	complete gated feature checking 1
time: 0.001; rss: 37MB	configuration 2
time: 0.000; rss: 37MB	gated configuration checking
time: 0.001; rss: 37MB	maybe building test harness
time: 0.000; rss: 37MB	prelude injection
time: 0.000; rss: 37MB	checking that all macro invocations are gone
time: 0.000; rss: 37MB	checking for inline asm in case the target doesn't support it
time: 0.000; rss: 37MB	complete gated feature checking 2
time: 0.001; rss: 37MB	assigning node ids and indexing ast
time: 0.001; rss: 37MB	external crate/lib resolution
time: 0.000; rss: 37MB	language item collection
time: 0.003; rss: 41MB	resolution
time: 0.000; rss: 41MB	lifetime resolution
time: 0.000; rss: 41MB	looking for entry point
time: 0.000; rss: 41MB	looking for plugin registrar
time: 0.000; rss: 47MB	region resolution
time: 0.000; rss: 47MB	loop checking
time: 0.000; rss: 47MB	static item recursion checking
time: 0.001; rss: 47MB	type collecting
time: 0.000; rss: 47MB	variance inference
time: 0.066; rss: 84MB	coherence checking
time: 0.002; rss: 86MB	wf checking (old)
time: 0.001; rss: 86MB	item-types checking
time: 0.039; rss: 88MB	item-bodies checking
time: 0.000; rss: 88MB	drop-impl checking
time: 0.001; rss: 88MB	wf checking (new)
time: 0.002; rss: 88MB	const checking
time: 0.000; rss: 88MB	privacy checking
time: 0.000; rss: 88MB	stability index
time: 0.000; rss: 88MB	intrinsic checking
time: 0.000; rss: 88MB	effect checking
time: 0.001; rss: 88MB	match checking
time: 0.000; rss: 88MB	liveness checking
time: 0.003; rss: 88MB	borrow checking
time: 0.001; rss: 88MB	rvalue checking
time: 0.000; rss: 88MB	reachability checking
time: 0.000; rss: 88MB	death checking
time: 0.000; rss: 88MB	stability checking
time: 0.000; rss: 88MB	unused lib feature checking
time: 0.002; rss: 88MB	lint checking
time: 0.001; rss: 88MB	resolving dependency formats
time: 0.068; rss: 111MB	translation
  time: 0.016; rss: 91MB	llvm function passes
  time: 0.257; rss: 95MB	llvm module passes
  time: 0.094; rss: 100MB	codegen passes
  time: 0.000; rss: 100MB	codegen passes
time: 0.373; rss: 100MB	LLVM passes
  time: 0.020; rss: 104MB	running linker
time: 0.025; rss: 104MB	linking
rustc: x86_64-unknown-linux-gnu/stage2/lib/rustlib/x86_64-unknown-linux-gnu/lib/libsyntax
time: 0.123; rss: 71MB	parsing
time: 0.042; rss: 71MB	configuration 1
time: 0.000; rss: 71MB	recursion limit
time: 0.003; rss: 71MB	gated macro checking
time: 0.000; rss: 71MB	crate injection
time: 0.006; rss: 73MB	macro loading
time: 0.000; rss: 73MB	plugin loading
time: 0.000; rss: 73MB	plugin registration
time: 0.615; rss: 107MB	expansion
time: 0.018; rss: 107MB	complete gated feature checking 1
time: 0.114; rss: 107MB	configuration 2
time: 0.000; rss: 107MB	gated configuration checking
time: 0.059; rss: 107MB	maybe building test harness
time: 0.054; rss: 107MB	prelude injection
time: 0.008; rss: 107MB	checking that all macro invocations are gone
time: 0.000; rss: 107MB	checking for inline asm in case the target doesn't support it
time: 0.018; rss: 107MB	complete gated feature checking 2
time: 0.070; rss: 118MB	assigning node ids and indexing ast
time: 0.011; rss: 118MB	external crate/lib resolution
time: 0.017; rss: 118MB	language item collection
time: 0.224; rss: 162MB	resolution
time: 0.015; rss: 155MB	lifetime resolution
time: 0.000; rss: 155MB	looking for entry point
time: 0.008; rss: 155MB	looking for plugin registrar
time: 0.051; rss: 172MB	region resolution
time: 0.009; rss: 172MB	loop checking
time: 0.009; rss: 172MB	static item recursion checking
time: 0.052; rss: 175MB	type collecting
time: 0.017; rss: 175MB	variance inference
time: 0.150; rss: 212MB	coherence checking
time: 0.049; rss: 214MB	wf checking (old)
time: 0.088; rss: 214MB	item-types checking
time: 7.372; rss: 319MB	item-bodies checking
time: 0.000; rss: 319MB	drop-impl checking
time: 0.352; rss: 319MB	wf checking (new)
time: 0.493; rss: 324MB	const checking
time: 0.083; rss: 324MB	privacy checking
time: 0.002; rss: 324MB	stability index
time: 0.024; rss: 324MB	intrinsic checking
time: 0.021; rss: 324MB	effect checking
time: 0.080; rss: 324MB	match checking
time: 0.062; rss: 326MB	liveness checking
time: 1.037; rss: 326MB	borrow checking
time: 0.661; rss: 326MB	rvalue checking
time: 0.022; rss: 326MB	reachability checking
time: 0.065; rss: 326MB	death checking
time: 0.066; rss: 326MB	stability checking
time: 0.000; rss: 326MB	unused lib feature checking
time: 0.262; rss: 326MB	lint checking
time: 0.001; rss: 326MB	resolving dependency formats
time: 5.938; rss: 692MB	translation
  time: 1.964; rss: 394MB	llvm function passes
  time: 48.741; rss: 514MB	llvm module passes
  time: 17.423; rss: 590MB	codegen passes
  time: 0.002; rss: 520MB	codegen passes
time: 69.415; rss: 520MB	LLVM passes
  time: 0.132; rss: 525MB	running linker
time: 0.704; rss: 523MB	linking
rustc: x86_64-unknown-linux-gnu/stage2/lib/rustlib/x86_64-unknown-linux-gnu/lib/librustc_llvm
time: 0.007; rss: 36MB	parsing
time: 0.001; rss: 36MB	configuration 1
time: 0.000; rss: 36MB	recursion limit
time: 0.000; rss: 36MB	gated macro checking
time: 0.000; rss: 36MB	crate injection
time: 0.003; rss: 39MB	macro loading
time: 0.000; rss: 39MB	plugin loading
time: 0.000; rss: 39MB	plugin registration
time: 0.014; rss: 41MB	expansion
time: 0.000; rss: 41MB	complete gated feature checking 1
time: 0.003; rss: 41MB	configuration 2
time: 0.000; rss: 41MB	gated configuration checking
time: 0.001; rss: 41MB	maybe building test harness
time: 0.002; rss: 41MB	prelude injection
time: 0.000; rss: 41MB	checking that all macro invocations are gone
time: 0.000; rss: 41MB	checking for inline asm in case the target doesn't support it
time: 0.000; rss: 41MB	complete gated feature checking 2
time: 0.002; rss: 42MB	assigning node ids and indexing ast
time: 0.001; rss: 42MB	external crate/lib resolution
time: 0.000; rss: 42MB	language item collection
time: 0.010; rss: 53MB	resolution
time: 0.000; rss: 53MB	lifetime resolution
time: 0.000; rss: 53MB	looking for entry point
time: 0.000; rss: 53MB	looking for plugin registrar
time: 0.001; rss: 53MB	region resolution
time: 0.000; rss: 53MB	loop checking
time: 0.000; rss: 53MB	static item recursion checking
time: 0.004; rss: 60MB	type collecting
time: 0.000; rss: 60MB	variance inference
time: 0.079; rss: 96MB	coherence checking
time: 0.003; rss: 96MB	wf checking (old)
time: 0.012; rss: 96MB	item-types checking
time: 0.090; rss: 100MB	item-bodies checking
time: 0.000; rss: 100MB	drop-impl checking
time: 0.003; rss: 100MB	wf checking (new)
time: 0.003; rss: 100MB	const checking
time: 0.001; rss: 100MB	privacy checking
time: 0.000; rss: 100MB	stability index
time: 0.000; rss: 100MB	intrinsic checking
time: 0.000; rss: 100MB	effect checking
time: 0.001; rss: 100MB	match checking
time: 0.000; rss: 100MB	liveness checking
time: 0.004; rss: 100MB	borrow checking
time: 0.002; rss: 100MB	rvalue checking
time: 0.000; rss: 100MB	reachability checking
time: 0.001; rss: 100MB	death checking
time: 0.001; rss: 100MB	stability checking
time: 0.000; rss: 100MB	unused lib feature checking
time: 0.005; rss: 100MB	lint checking
time: 0.001; rss: 100MB	resolving dependency formats
time: 0.093; rss: 121MB	translation
  time: 0.017; rss: 96MB	llvm function passes
  time: 0.093; rss: 98MB	llvm module passes
  time: 0.051; rss: 102MB	codegen passes
  time: 0.000; rss: 101MB	codegen passes
time: 0.165; rss: 101MB	LLVM passes
  time: 1.409; rss: 105MB	running linker
time: 1.463; rss: 105MB	linking
rustc: x86_64-unknown-linux-gnu/stage2/lib/rustlib/x86_64-unknown-linux-gnu/lib/librustc_back
time: 0.007; rss: 31MB	parsing
time: 0.002; rss: 35MB	configuration 1
time: 0.000; rss: 35MB	recursion limit
time: 0.000; rss: 35MB	gated macro checking
time: 0.000; rss: 35MB	crate injection
time: 0.003; rss: 37MB	macro loading
time: 0.000; rss: 37MB	plugin loading
time: 0.000; rss: 37MB	plugin registration
time: 0.031; rss: 42MB	expansion
time: 0.000; rss: 42MB	complete gated feature checking 1
time: 0.005; rss: 42MB	configuration 2
time: 0.000; rss: 42MB	gated configuration checking
time: 0.002; rss: 42MB	maybe building test harness
time: 0.002; rss: 42MB	prelude injection
time: 0.000; rss: 42MB	checking that all macro invocations are gone
time: 0.000; rss: 42MB	checking for inline asm in case the target doesn't support it
time: 0.000; rss: 42MB	complete gated feature checking 2
time: 0.003; rss: 42MB	assigning node ids and indexing ast
time: 0.004; rss: 72MB	external crate/lib resolution
time: 0.000; rss: 72MB	language item collection
time: 0.019; rss: 105MB	resolution
time: 0.000; rss: 105MB	lifetime resolution
time: 0.000; rss: 105MB	looking for entry point
time: 0.000; rss: 105MB	looking for plugin registrar
time: 0.001; rss: 105MB	region resolution
time: 0.000; rss: 105MB	loop checking
time: 0.000; rss: 105MB	static item recursion checking
time: 0.004; rss: 107MB	type collecting
time: 0.000; rss: 107MB	variance inference
time: 0.036; rss: 130MB	coherence checking
time: 0.002; rss: 130MB	wf checking (old)
time: 0.012; rss: 130MB	item-types checking
time: 0.307; rss: 163MB	item-bodies checking
time: 0.000; rss: 163MB	drop-impl checking
time: 0.005; rss: 163MB	wf checking (new)
time: 0.012; rss: 163MB	const checking
time: 0.001; rss: 163MB	privacy checking
time: 0.000; rss: 163MB	stability index
time: 0.000; rss: 163MB	intrinsic checking
time: 0.000; rss: 163MB	effect checking
time: 0.002; rss: 163MB	match checking
time: 0.002; rss: 168MB	liveness checking
time: 0.020; rss: 168MB	borrow checking
time: 0.008; rss: 168MB	rvalue checking
time: 0.000; rss: 168MB	reachability checking
time: 0.001; rss: 168MB	death checking
time: 0.003; rss: 168MB	stability checking
time: 0.000; rss: 168MB	unused lib feature checking
time: 0.012; rss: 168MB	lint checking
time: 0.001; rss: 168MB	resolving dependency formats
time: 0.544; rss: 226MB	translation
  time: 0.154; rss: 166MB	llvm function passes
  time: 2.806; rss: 173MB	llvm module passes
  time: 0.942; rss: 187MB	codegen passes
  time: 0.001; rss: 183MB	codegen passes
time: 3.975; rss: 183MB	LLVM passes
  time: 0.040; rss: 185MB	running linker
time: 0.080; rss: 182MB	linking
rustc: x86_64-unknown-linux-gnu/stage2/lib/rustlib/x86_64-unknown-linux-gnu/lib/librustc_data_structures
time: 0.007; rss: 32MB	parsing
time: 0.002; rss: 36MB	configuration 1
time: 0.000; rss: 36MB	recursion limit
time: 0.000; rss: 36MB	gated macro checking
time: 0.000; rss: 36MB	crate injection
time: 0.003; rss: 38MB	macro loading
time: 0.000; rss: 38MB	plugin loading
time: 0.000; rss: 38MB	plugin registration
time: 0.022; rss: 40MB	expansion
time: 0.000; rss: 40MB	complete gated feature checking 1
time: 0.003; rss: 40MB	configuration 2
time: 0.000; rss: 40MB	gated configuration checking
time: 0.001; rss: 40MB	maybe building test harness
time: 0.001; rss: 40MB	prelude injection
time: 0.000; rss: 40MB	checking that all macro invocations are gone
time: 0.000; rss: 40MB	checking for inline asm in case the target doesn't support it
time: 0.000; rss: 40MB	complete gated feature checking 2
time: 0.001; rss: 40MB	assigning node ids and indexing ast
time: 0.002; rss: 40MB	external crate/lib resolution
time: 0.000; rss: 40MB	language item collection
time: 0.007; rss: 55MB	resolution
time: 0.000; rss: 55MB	lifetime resolution
time: 0.000; rss: 55MB	looking for entry point
time: 0.000; rss: 55MB	looking for plugin registrar
time: 0.001; rss: 55MB	region resolution
time: 0.000; rss: 55MB	loop checking
time: 0.000; rss: 55MB	static item recursion checking
time: 0.002; rss: 55MB	type collecting
time: 0.000; rss: 55MB	variance inference
time: 0.076; rss: 93MB	coherence checking
time: 0.004; rss: 93MB	wf checking (old)
time: 0.005; rss: 93MB	item-types checking
time: 0.168; rss: 103MB	item-bodies checking
time: 0.000; rss: 103MB	drop-impl checking
time: 0.020; rss: 103MB	wf checking (new)
time: 0.010; rss: 103MB	const checking
time: 0.001; rss: 103MB	privacy checking
time: 0.000; rss: 103MB	stability index
time: 0.001; rss: 103MB	intrinsic checking
time: 0.000; rss: 103MB	effect checking
time: 0.002; rss: 103MB	match checking
time: 0.001; rss: 103MB	liveness checking
time: 0.016; rss: 103MB	borrow checking
time: 0.012; rss: 103MB	rvalue checking
time: 0.000; rss: 103MB	reachability checking
time: 0.001; rss: 103MB	death checking
time: 0.001; rss: 103MB	stability checking
time: 0.000; rss: 103MB	unused lib feature checking
time: 0.007; rss: 103MB	lint checking
time: 0.001; rss: 103MB	resolving dependency formats
time: 0.093; rss: 121MB	translation
  time: 0.011; rss: 96MB	llvm function passes
  time: 0.071; rss: 97MB	llvm module passes
  time: 0.030; rss: 101MB	codegen passes
  time: 0.000; rss: 101MB	codegen passes
time: 0.115; rss: 101MB	LLVM passes
  time: 0.022; rss: 105MB	running linker
time: 0.025; rss: 105MB	linking
rustc: x86_64-unknown-linux-gnu/stage2/lib/rustlib/x86_64-unknown-linux-gnu/lib/librustc
time: 0.172; rss: 83MB	parsing
time: 0.060; rss: 86MB	configuration 1
time: 0.000; rss: 86MB	recursion limit
time: 0.005; rss: 86MB	gated macro checking
time: 0.000; rss: 86MB	crate injection
time: 0.007; rss: 88MB	macro loading
time: 0.000; rss: 88MB	plugin loading
time: 0.000; rss: 88MB	plugin registration
time: 0.837; rss: 122MB	expansion
time: 0.024; rss: 122MB	complete gated feature checking 1
time: 0.145; rss: 122MB	configuration 2
time: 0.000; rss: 122MB	gated configuration checking
time: 0.074; rss: 122MB	maybe building test harness
time: 0.069; rss: 122MB	prelude injection
time: 0.011; rss: 122MB	checking that all macro invocations are gone
time: 0.000; rss: 122MB	checking for inline asm in case the target doesn't support it
time: 0.025; rss: 122MB	complete gated feature checking 2
time: 0.091; rss: 137MB	assigning node ids and indexing ast
time: 0.017; rss: 168MB	external crate/lib resolution
time: 0.023; rss: 168MB	language item collection
time: 0.273; rss: 250MB	resolution
time: 0.020; rss: 244MB	lifetime resolution
time: 0.000; rss: 244MB	looking for entry point
time: 0.011; rss: 244MB	looking for plugin registrar
time: 0.066; rss: 267MB	region resolution
time: 0.012; rss: 267MB	loop checking
time: 0.012; rss: 267MB	static item recursion checking
time: 0.079; rss: 270MB	type collecting
time: 0.024; rss: 270MB	variance inference
time: 0.196; rss: 310MB	coherence checking
time: 0.104; rss: 317MB	wf checking (old)
time: 0.237; rss: 325MB	item-types checking
time: 6.179; rss: 474MB	item-bodies checking
time: 0.000; rss: 474MB	drop-impl checking
time: 0.255; rss: 474MB	wf checking (new)
time: 0.441; rss: 481MB	const checking
time: 0.109; rss: 481MB	privacy checking
time: 0.002; rss: 481MB	stability index
time: 0.031; rss: 481MB	intrinsic checking
time: 0.024; rss: 481MB	effect checking
time: 0.087; rss: 481MB	match checking
time: 0.060; rss: 483MB	liveness checking
time: 0.648; rss: 483MB	borrow checking
time: 0.501; rss: 483MB	rvalue checking
time: 0.031; rss: 483MB	reachability checking
time: 0.081; rss: 483MB	death checking
time: 0.094; rss: 483MB	stability checking
time: 0.000; rss: 483MB	unused lib feature checking
time: 0.339; rss: 483MB	lint checking
time: 0.002; rss: 483MB	resolving dependency formats
time: 11.717; rss: 1118MB	translation
  time: 3.683; rss: 680MB	llvm function passes
  time: 83.817; rss: 784MB	llvm module passes
  time: 23.114; rss: 845MB	codegen passes
  time: 0.003; rss: 703MB	codegen passes
time: 112.844; rss: 703MB	LLVM passes
  time: 0.237; rss: 705MB	running linker
time: 1.093; rss: 702MB	linking
rustc: x86_64-unknown-linux-gnu/stage2/lib/rustlib/x86_64-unknown-linux-gnu/lib/librustc_platform_intrinsics
time: 0.004; rss: 35MB	parsing
time: 0.001; rss: 36MB	configuration 1
time: 0.000; rss: 36MB	recursion limit
time: 0.000; rss: 36MB	gated macro checking
time: 0.000; rss: 36MB	crate injection
time: 0.002; rss: 38MB	macro loading
time: 0.000; rss: 38MB	plugin loading
time: 0.000; rss: 38MB	plugin registration
time: 0.079; rss: 44MB	expansion
time: 0.000; rss: 44MB	complete gated feature checking 1
time: 0.005; rss: 44MB	configuration 2
time: 0.000; rss: 44MB	gated configuration checking
time: 0.002; rss: 44MB	maybe building test harness
time: 0.002; rss: 44MB	prelude injection
time: 0.000; rss: 44MB	checking that all macro invocations are gone
time: 0.000; rss: 44MB	checking for inline asm in case the target doesn't support it
time: 0.000; rss: 44MB	complete gated feature checking 2
time: 0.003; rss: 44MB	assigning node ids and indexing ast
time: 0.033; rss: 78MB	external crate/lib resolution
time: 0.000; rss: 78MB	language item collection
time: 0.009; rss: 95MB	resolution
time: 0.000; rss: 95MB	lifetime resolution
time: 0.000; rss: 95MB	looking for entry point
time: 0.000; rss: 95MB	looking for plugin registrar
time: 0.002; rss: 97MB	region resolution
time: 0.000; rss: 97MB	loop checking
time: 0.000; rss: 97MB	static item recursion checking
time: 0.007; rss: 110MB	type collecting
time: 0.000; rss: 110MB	variance inference
time: 0.042; rss: 146MB	coherence checking
time: 0.001; rss: 146MB	wf checking (old)
time: 0.000; rss: 146MB	item-types checking
time: 0.124; rss: 156MB	item-bodies checking
time: 0.000; rss: 156MB	drop-impl checking
time: 0.001; rss: 156MB	wf checking (new)
time: 0.007; rss: 156MB	const checking
time: 0.001; rss: 156MB	privacy checking
time: 0.000; rss: 156MB	stability index
time: 0.000; rss: 156MB	intrinsic checking
time: 0.000; rss: 156MB	effect checking
time: 0.004; rss: 156MB	match checking
time: 0.001; rss: 156MB	liveness checking
time: 0.018; rss: 157MB	borrow checking
time: 0.005; rss: 157MB	rvalue checking
time: 0.000; rss: 157MB	reachability checking
time: 0.001; rss: 157MB	death checking
time: 0.002; rss: 157MB	stability checking
time: 0.000; rss: 157MB	unused lib feature checking
time: 0.017; rss: 158MB	lint checking
time: 0.002; rss: 158MB	resolving dependency formats
time: 0.212; rss: 195MB	translation
  time: 0.052; rss: 162MB	llvm function passes
  time: 7.165; rss: 223MB	llvm module passes
  time: 1.806; rss: 224MB	codegen passes
  time: 0.001; rss: 203MB	codegen passes
time: 9.113; rss: 203MB	LLVM passes
  time: 0.045; rss: 207MB	running linker
time: 0.095; rss: 207MB	linking
rustc: x86_64-unknown-linux-gnu/stage2/lib/rustlib/x86_64-unknown-linux-gnu/lib/librustc_typeck
time: 0.070; rss: 54MB	parsing
time: 0.023; rss: 56MB	configuration 1
time: 0.000; rss: 56MB	recursion limit
time: 0.002; rss: 56MB	gated macro checking
time: 0.000; rss: 56MB	crate injection
time: 0.005; rss: 58MB	macro loading
time: 0.000; rss: 58MB	plugin loading
time: 0.000; rss: 58MB	plugin registration
time: 0.317; rss: 70MB	expansion
time: 0.008; rss: 70MB	complete gated feature checking 1
time: 0.047; rss: 70MB	configuration 2
time: 0.000; rss: 70MB	gated configuration checking
time: 0.024; rss: 70MB	maybe building test harness
time: 0.022; rss: 70MB	prelude injection
time: 0.004; rss: 70MB	checking that all macro invocations are gone
time: 0.000; rss: 70MB	checking for inline asm in case the target doesn't support it
time: 0.009; rss: 70MB	complete gated feature checking 2
time: 0.030; rss: 74MB	assigning node ids and indexing ast
time: 0.031; rss: 109MB	external crate/lib resolution
time: 0.007; rss: 109MB	language item collection
time: 0.108; rss: 162MB	resolution
time: 0.007; rss: 160MB	lifetime resolution
time: 0.000; rss: 160MB	looking for entry point
time: 0.004; rss: 160MB	looking for plugin registrar
time: 0.020; rss: 163MB	region resolution
time: 0.004; rss: 163MB	loop checking
time: 0.004; rss: 163MB	static item recursion checking
time: 0.030; rss: 168MB	type collecting
time: 0.008; rss: 168MB	variance inference
time: 0.140; rss: 215MB	coherence checking
time: 0.027; rss: 218MB	wf checking (old)
time: 0.098; rss: 225MB	item-types checking
time: 2.423; rss: 299MB	item-bodies checking
time: 0.000; rss: 299MB	drop-impl checking
time: 0.056; rss: 299MB	wf checking (new)
time: 0.157; rss: 299MB	const checking
time: 0.035; rss: 299MB	privacy checking
time: 0.000; rss: 299MB	stability index
time: 0.009; rss: 299MB	intrinsic checking
time: 0.008; rss: 299MB	effect checking
time: 0.023; rss: 299MB	match checking
time: 0.024; rss: 303MB	liveness checking
time: 0.197; rss: 303MB	borrow checking
time: 0.153; rss: 303MB	rvalue checking
time: 0.001; rss: 303MB	reachability checking
time: 0.025; rss: 303MB	death checking
time: 0.037; rss: 303MB	stability checking
time: 0.000; rss: 303MB	unused lib feature checking
time: 0.110; rss: 303MB	lint checking
time: 0.002; rss: 303MB	resolving dependency formats
time: 4.632; rss: 604MB	translation
  time: 1.447; rss: 371MB	llvm function passes
  time: 34.059; rss: 441MB	llvm module passes
  time: 9.555; rss: 472MB	codegen passes
  time: 0.001; rss: 402MB	codegen passes
time: 45.907; rss: 402MB	LLVM passes
  time: 0.129; rss: 406MB	running linker
time: 0.484; rss: 404MB	linking
rustc: x86_64-unknown-linux-gnu/stage2/lib/rustlib/x86_64-unknown-linux-gnu/lib/librustc_borrowck
time: 0.013; rss: 34MB	parsing
time: 0.004; rss: 38MB	configuration 1
time: 0.000; rss: 38MB	recursion limit
time: 0.000; rss: 38MB	gated macro checking
time: 0.000; rss: 38MB	crate injection
time: 0.004; rss: 40MB	macro loading
time: 0.000; rss: 40MB	plugin loading
time: 0.000; rss: 40MB	plugin registration
time: 0.061; rss: 45MB	expansion
time: 0.001; rss: 45MB	complete gated feature checking 1
time: 0.009; rss: 45MB	configuration 2
time: 0.000; rss: 45MB	gated configuration checking
time: 0.005; rss: 45MB	maybe building test harness
time: 0.004; rss: 45MB	prelude injection
time: 0.000; rss: 45MB	checking that all macro invocations are gone
time: 0.000; rss: 45MB	checking for inline asm in case the target doesn't support it
time: 0.001; rss: 45MB	complete gated feature checking 2
time: 0.005; rss: 48MB	assigning node ids and indexing ast
time: 0.031; rss: 79MB	external crate/lib resolution
time: 0.001; rss: 83MB	language item collection
time: 0.025; rss: 115MB	resolution
time: 0.001; rss: 115MB	lifetime resolution
time: 0.000; rss: 115MB	looking for entry point
time: 0.000; rss: 115MB	looking for plugin registrar
time: 0.003; rss: 115MB	region resolution
time: 0.000; rss: 115MB	loop checking
time: 0.000; rss: 115MB	static item recursion checking
time: 0.012; rss: 122MB	type collecting
time: 0.001; rss: 122MB	variance inference
time: 0.066; rss: 158MB	coherence checking
time: 0.007; rss: 158MB	wf checking (old)
time: 0.024; rss: 160MB	item-types checking
time: 0.460; rss: 199MB	item-bodies checking
time: 0.000; rss: 199MB	drop-impl checking
time: 0.012; rss: 199MB	wf checking (new)
time: 0.029; rss: 199MB	const checking
time: 0.004; rss: 199MB	privacy checking
time: 0.000; rss: 199MB	stability index
time: 0.001; rss: 199MB	intrinsic checking
time: 0.001; rss: 199MB	effect checking
time: 0.005; rss: 199MB	match checking
time: 0.003; rss: 199MB	liveness checking
time: 0.038; rss: 199MB	borrow checking
time: 0.023; rss: 199MB	rvalue checking
time: 0.000; rss: 199MB	reachability checking
time: 0.003; rss: 199MB	death checking
time: 0.006; rss: 199MB	stability checking
time: 0.000; rss: 199MB	unused lib feature checking
time: 0.022; rss: 199MB	lint checking
time: 0.002; rss: 199MB	resolving dependency formats
time: 0.793; rss: 266MB	translation
  time: 0.250; rss: 196MB	llvm function passes
  time: 4.456; rss: 204MB	llvm module passes
  time: 1.693; rss: 226MB	codegen passes
  time: 0.001; rss: 224MB	codegen passes
time: 6.513; rss: 224MB	LLVM passes
  time: 0.050; rss: 226MB	running linker
time: 0.111; rss: 223MB	linking
rustc: x86_64-unknown-linux-gnu/stage2/lib/rustlib/x86_64-unknown-linux-gnu/lib/librustc_resolve
time: 0.018; rss: 40MB	parsing
time: 0.006; rss: 40MB	configuration 1
time: 0.000; rss: 40MB	recursion limit
time: 0.000; rss: 40MB	gated macro checking
time: 0.000; rss: 40MB	crate injection
time: 0.004; rss: 44MB	macro loading
time: 0.000; rss: 44MB	plugin loading
time: 0.000; rss: 44MB	plugin registration
time: 0.079; rss: 49MB	expansion
time: 0.002; rss: 49MB	complete gated feature checking 1
time: 0.012; rss: 49MB	configuration 2
time: 0.000; rss: 49MB	gated configuration checking
time: 0.006; rss: 49MB	maybe building test harness
time: 0.006; rss: 49MB	prelude injection
time: 0.000; rss: 49MB	checking that all macro invocations are gone
time: 0.000; rss: 49MB	checking for inline asm in case the target doesn't support it
time: 0.001; rss: 49MB	complete gated feature checking 2
time: 0.007; rss: 49MB	assigning node ids and indexing ast
time: 0.033; rss: 80MB	external crate/lib resolution
time: 0.001; rss: 80MB	language item collection
time: 0.037; rss: 120MB	resolution
time: 0.001; rss: 119MB	lifetime resolution
time: 0.000; rss: 119MB	looking for entry point
time: 0.000; rss: 119MB	looking for plugin registrar
time: 0.004; rss: 122MB	region resolution
time: 0.001; rss: 122MB	loop checking
time: 0.001; rss: 122MB	static item recursion checking
time: 0.009; rss: 124MB	type collecting
time: 0.001; rss: 124MB	variance inference
time: 0.074; rss: 162MB	coherence checking
time: 0.007; rss: 162MB	wf checking (old)
time: 0.020; rss: 162MB	item-types checking
time: 0.577; rss: 205MB	item-bodies checking
time: 0.000; rss: 205MB	drop-impl checking
time: 0.014; rss: 205MB	wf checking (new)
time: 0.038; rss: 207MB	const checking
time: 0.005; rss: 207MB	privacy checking
time: 0.000; rss: 207MB	stability index
time: 0.002; rss: 207MB	intrinsic checking
time: 0.001; rss: 207MB	effect checking
time: 0.006; rss: 207MB	match checking
time: 0.005; rss: 207MB	liveness checking
time: 0.051; rss: 207MB	borrow checking
time: 0.030; rss: 212MB	rvalue checking
time: 0.000; rss: 212MB	reachability checking
time: 0.005; rss: 212MB	death checking
time: 0.008; rss: 212MB	stability checking
time: 0.000; rss: 212MB	unused lib feature checking
time: 0.030; rss: 212MB	lint checking
time: 0.002; rss: 212MB	resolving dependency formats
time: 1.272; rss: 316MB	translation
  time: 0.447; rss: 227MB	llvm function passes
  time: 7.475; rss: 244MB	llvm module passes
  time: 2.226; rss: 245MB	codegen passes
  time: 0.001; rss: 233MB	codegen passes
time: 10.328; rss: 233MB	LLVM passes
  time: 0.096; rss: 236MB	running linker
time: 0.179; rss: 233MB	linking
rustc: x86_64-unknown-linux-gnu/stage2/lib/rustlib/x86_64-unknown-linux-gnu/lib/librustc_trans
time: 0.118; rss: 71MB	parsing
time: 0.043; rss: 71MB	configuration 1
time: 0.000; rss: 71MB	recursion limit
time: 0.004; rss: 71MB	gated macro checking
time: 0.000; rss: 71MB	crate injection
time: 0.006; rss: 73MB	macro loading
time: 0.000; rss: 73MB	plugin loading
time: 0.000; rss: 73MB	plugin registration
time: 0.478; rss: 81MB	expansion
time: 0.014; rss: 81MB	complete gated feature checking 1
time: 0.071; rss: 81MB	configuration 2
time: 0.000; rss: 81MB	gated configuration checking
time: 0.037; rss: 81MB	maybe building test harness
time: 0.034; rss: 81MB	prelude injection
time: 0.006; rss: 81MB	checking that all macro invocations are gone
time: 0.000; rss: 81MB	checking for inline asm in case the target doesn't support it
time: 0.014; rss: 81MB	complete gated feature checking 2
time: 0.044; rss: 92MB	assigning node ids and indexing ast
time: 0.031; rss: 123MB	external crate/lib resolution
time: 0.011; rss: 123MB	language item collection
time: 0.170; rss: 195MB	resolution
time: 0.010; rss: 189MB	lifetime resolution
time: 0.000; rss: 189MB	looking for entry point
time: 0.005; rss: 189MB	looking for plugin registrar
time: 0.031; rss: 199MB	region resolution
time: 0.006; rss: 199MB	loop checking
time: 0.006; rss: 199MB	static item recursion checking
time: 0.041; rss: 206MB	type collecting
time: 0.012; rss: 206MB	variance inference
time: 0.145; rss: 245MB	coherence checking
time: 0.033; rss: 245MB	wf checking (old)
time: 0.100; rss: 251MB	item-types checking
time: 2.989; rss: 347MB	item-bodies checking
time: 0.000; rss: 347MB	drop-impl checking
time: 0.070; rss: 347MB	wf checking (new)
time: 0.189; rss: 349MB	const checking
time: 0.052; rss: 349MB	privacy checking
time: 0.001; rss: 349MB	stability index
time: 0.015; rss: 349MB	intrinsic checking
time: 0.012; rss: 349MB	effect checking
time: 0.035; rss: 349MB	match checking
time: 0.036; rss: 358MB	liveness checking
time: 0.290; rss: 354MB	borrow checking
time: 0.165; rss: 362MB	rvalue checking
time: 0.001; rss: 362MB	reachability checking
time: 0.036; rss: 362MB	death checking
time: 0.050; rss: 362MB	stability checking
time: 0.000; rss: 362MB	unused lib feature checking
time: 0.147; rss: 362MB	lint checking
time: 0.002; rss: 362MB	resolving dependency formats
time: 4.628; rss: 657MB	translation
  time: 1.529; rss: 390MB	llvm function passes
  time: 32.237; rss: 437MB	llvm module passes
  time: 10.689; rss: 468MB	codegen passes
  time: 0.001; rss: 407MB	codegen passes
time: 45.307; rss: 407MB	LLVM passes
  time: 0.136; rss: 412MB	running linker
time: 0.531; rss: 410MB	linking
rustc: x86_64-unknown-linux-gnu/stage2/lib/rustlib/x86_64-unknown-linux-gnu/lib/librustc_privacy
time: 0.004; rss: 35MB	parsing
time: 0.002; rss: 35MB	configuration 1
time: 0.000; rss: 35MB	recursion limit
time: 0.000; rss: 35MB	gated macro checking
time: 0.000; rss: 35MB	crate injection
time: 0.004; rss: 37MB	macro loading
time: 0.000; rss: 37MB	plugin loading
time: 0.000; rss: 37MB	plugin registration
time: 0.015; rss: 40MB	expansion
time: 0.000; rss: 40MB	complete gated feature checking 1
time: 0.003; rss: 40MB	configuration 2
time: 0.000; rss: 40MB	gated configuration checking
time: 0.001; rss: 40MB	maybe building test harness
time: 0.001; rss: 40MB	prelude injection
time: 0.000; rss: 40MB	checking that all macro invocations are gone
time: 0.000; rss: 40MB	checking for inline asm in case the target doesn't support it
time: 0.000; rss: 40MB	complete gated feature checking 2
time: 0.001; rss: 41MB	assigning node ids and indexing ast
time: 0.032; rss: 72MB	external crate/lib resolution
time: 0.000; rss: 72MB	language item collection
time: 0.011; rss: 101MB	resolution
time: 0.000; rss: 101MB	lifetime resolution
time: 0.000; rss: 101MB	looking for entry point
time: 0.000; rss: 101MB	looking for plugin registrar
time: 0.001; rss: 101MB	region resolution
time: 0.000; rss: 101MB	loop checking
time: 0.000; rss: 101MB	static item recursion checking
time: 0.007; rss: 106MB	type collecting
time: 0.000; rss: 106MB	variance inference
time: 0.020; rss: 123MB	coherence checking
time: 0.001; rss: 123MB	wf checking (old)
time: 0.007; rss: 123MB	item-types checking
time: 0.212; rss: 173MB	item-bodies checking
time: 0.000; rss: 173MB	drop-impl checking
time: 0.002; rss: 173MB	wf checking (new)
time: 0.008; rss: 173MB	const checking
time: 0.001; rss: 173MB	privacy checking
time: 0.000; rss: 173MB	stability index
time: 0.000; rss: 173MB	intrinsic checking
time: 0.000; rss: 173MB	effect checking
time: 0.001; rss: 173MB	match checking
time: 0.001; rss: 173MB	liveness checking
time: 0.010; rss: 173MB	borrow checking
time: 0.003; rss: 173MB	rvalue checking
time: 0.000; rss: 173MB	reachability checking
time: 0.001; rss: 173MB	death checking
time: 0.002; rss: 173MB	stability checking
time: 0.000; rss: 173MB	unused lib feature checking
time: 0.005; rss: 173MB	lint checking
time: 0.002; rss: 173MB	resolving dependency formats
time: 0.530; rss: 228MB	translation
  time: 0.145; rss: 180MB	llvm function passes
  time: 1.384; rss: 183MB	llvm module passes
  time: 0.424; rss: 184MB	codegen passes
  time: 0.001; rss: 184MB	codegen passes
time: 1.983; rss: 184MB	LLVM passes
  time: 0.044; rss: 188MB	running linker
time: 0.063; rss: 185MB	linking
rustc: x86_64-unknown-linux-gnu/stage2/lib/rustlib/x86_64-unknown-linux-gnu/lib/librustc_lint
time: 0.009; rss: 36MB	parsing
time: 0.003; rss: 36MB	configuration 1
time: 0.000; rss: 36MB	recursion limit
time: 0.000; rss: 36MB	gated macro checking
time: 0.000; rss: 36MB	crate injection
time: 0.032; rss: 75MB	macro loading
time: 0.000; rss: 75MB	plugin loading
time: 0.000; rss: 75MB	plugin registration
time: 0.027; rss: 77MB	expansion
time: 0.000; rss: 77MB	complete gated feature checking 1
time: 0.004; rss: 77MB	configuration 2
time: 0.000; rss: 77MB	gated configuration checking
time: 0.002; rss: 77MB	maybe building test harness
time: 0.002; rss: 77MB	prelude injection
time: 0.000; rss: 77MB	checking that all macro invocations are gone
time: 0.000; rss: 77MB	checking for inline asm in case the target doesn't support it
time: 0.000; rss: 77MB	complete gated feature checking 2
time: 0.002; rss: 78MB	assigning node ids and indexing ast
time: 0.003; rss: 78MB	external crate/lib resolution
time: 0.000; rss: 78MB	language item collection
time: 0.018; rss: 110MB	resolution
time: 0.000; rss: 110MB	lifetime resolution
time: 0.000; rss: 110MB	looking for entry point
time: 0.000; rss: 110MB	looking for plugin registrar
time: 0.001; rss: 110MB	region resolution
time: 0.000; rss: 110MB	loop checking
time: 0.000; rss: 110MB	static item recursion checking
time: 0.009; rss: 114MB	type collecting
time: 0.000; rss: 114MB	variance inference
time: 0.056; rss: 148MB	coherence checking
time: 0.003; rss: 148MB	wf checking (old)
time: 0.015; rss: 148MB	item-types checking
time: 0.241; rss: 181MB	item-bodies checking
time: 0.000; rss: 181MB	drop-impl checking
time: 0.006; rss: 181MB	wf checking (new)
time: 0.014; rss: 181MB	const checking
time: 0.001; rss: 181MB	privacy checking
time: 0.000; rss: 181MB	stability index
time: 0.000; rss: 181MB	intrinsic checking
time: 0.000; rss: 181MB	effect checking
time: 0.002; rss: 181MB	match checking
time: 0.001; rss: 181MB	liveness checking
time: 0.015; rss: 181MB	borrow checking
time: 0.006; rss: 181MB	rvalue checking
time: 0.000; rss: 181MB	reachability checking
time: 0.001; rss: 181MB	death checking
time: 0.003; rss: 181MB	stability checking
time: 0.000; rss: 181MB	unused lib feature checking
time: 0.009; rss: 181MB	lint checking
time: 0.002; rss: 181MB	resolving dependency formats
time: 0.819; rss: 256MB	translation
  time: 0.222; rss: 193MB	llvm function passes
  time: 2.777; rss: 198MB	llvm module passes
  time: 0.960; rss: 201MB	codegen passes
  time: 0.001; rss: 196MB	codegen passes
time: 4.028; rss: 196MB	LLVM passes
  time: 0.099; rss: 200MB	running linker
time: 0.141; rss: 197MB	linking
rustc: x86_64-unknown-linux-gnu/stage2/lib/rustlib/x86_64-unknown-linux-gnu/lib/librustc_driver
time: 0.011; rss: 37MB	parsing
time: 0.003; rss: 37MB	configuration 1
time: 0.000; rss: 37MB	recursion limit
time: 0.000; rss: 37MB	gated macro checking
time: 0.000; rss: 37MB	crate injection
time: 0.004; rss: 39MB	macro loading
time: 0.000; rss: 39MB	plugin loading
time: 0.000; rss: 39MB	plugin registration
time: 0.027; rss: 42MB	expansion
time: 0.000; rss: 42MB	complete gated feature checking 1
time: 0.004; rss: 42MB	configuration 2
time: 0.000; rss: 42MB	gated configuration checking
time: 0.002; rss: 42MB	maybe building test harness
time: 0.002; rss: 42MB	prelude injection
time: 0.000; rss: 42MB	checking that all macro invocations are gone
time: 0.000; rss: 42MB	checking for inline asm in case the target doesn't support it
time: 0.000; rss: 42MB	complete gated feature checking 2
time: 0.002; rss: 42MB	assigning node ids and indexing ast
time: 0.032; rss: 78MB	external crate/lib resolution
time: 0.000; rss: 78MB	language item collection
time: 0.025; rss: 124MB	resolution
time: 0.000; rss: 124MB	lifetime resolution
time: 0.000; rss: 124MB	looking for entry point
time: 0.000; rss: 124MB	looking for plugin registrar
time: 0.001; rss: 124MB	region resolution
time: 0.000; rss: 124MB	loop checking
time: 0.000; rss: 124MB	static item recursion checking
time: 0.010; rss: 128MB	type collecting
time: 0.000; rss: 128MB	variance inference
time: 0.107; rss: 176MB	coherence checking
time: 0.005; rss: 176MB	wf checking (old)
time: 0.010; rss: 176MB	item-types checking
time: 0.305; rss: 197MB	item-bodies checking
time: 0.000; rss: 197MB	drop-impl checking
time: 0.008; rss: 197MB	wf checking (new)
time: 0.021; rss: 197MB	const checking
time: 0.002; rss: 197MB	privacy checking
time: 0.000; rss: 197MB	stability index
time: 0.001; rss: 197MB	intrinsic checking
time: 0.000; rss: 197MB	effect checking
time: 0.002; rss: 197MB	match checking
time: 0.001; rss: 199MB	liveness checking
time: 0.019; rss: 199MB	borrow checking
time: 0.016; rss: 199MB	rvalue checking
time: 0.000; rss: 199MB	reachability checking
time: 0.001; rss: 199MB	death checking
time: 0.004; rss: 199MB	stability checking
time: 0.000; rss: 199MB	unused lib feature checking
time: 0.009; rss: 199MB	lint checking
time: 0.002; rss: 199MB	resolving dependency formats
time: 2.807; rss: 427MB	translation
  time: 1.169; rss: 326MB	llvm function passes
  time: 33.292; rss: 394MB	llvm module passes
  time: 12.728; rss: 458MB	codegen passes
  time: 0.001; rss: 387MB	codegen passes
time: 47.882; rss: 387MB	LLVM passes
  time: 0.118; rss: 389MB	running linker
time: 0.464; rss: 384MB	linking
rustc: x86_64-unknown-linux-gnu/stage2/lib/rustlib/x86_64-unknown-linux-gnu/lib/librustdoc
time: 0.037; rss: 44MB	parsing
time: 0.013; rss: 44MB	configuration 1
time: 0.000; rss: 44MB	recursion limit
time: 0.001; rss: 44MB	gated macro checking
time: 0.000; rss: 44MB	crate injection
time: 0.003; rss: 46MB	macro loading
time: 0.000; rss: 46MB	plugin loading
time: 0.000; rss: 46MB	plugin registration
time: 0.188; rss: 58MB	expansion
time: 0.006; rss: 58MB	complete gated feature checking 1
time: 0.037; rss: 58MB	configuration 2
time: 0.000; rss: 59MB	gated configuration checking
time: 0.019; rss: 59MB	maybe building test harness
time: 0.018; rss: 59MB	prelude injection
time: 0.002; rss: 59MB	checking that all macro invocations are gone
time: 0.000; rss: 59MB	checking for inline asm in case the target doesn't support it
time: 0.005; rss: 59MB	complete gated feature checking 2
time: 0.022; rss: 61MB	assigning node ids and indexing ast
time: 0.039; rss: 97MB	external crate/lib resolution
time: 0.005; rss: 97MB	language item collection
time: 0.079; rss: 155MB	resolution
time: 0.005; rss: 154MB	lifetime resolution
time: 0.000; rss: 154MB	looking for entry point
time: 0.003; rss: 154MB	looking for plugin registrar
time: 0.014; rss: 157MB	region resolution
time: 0.003; rss: 157MB	loop checking
time: 0.003; rss: 157MB	static item recursion checking
time: 0.023; rss: 159MB	type collecting
time: 0.005; rss: 159MB	variance inference
time: 0.075; rss: 195MB	coherence checking
time: 0.021; rss: 195MB	wf checking (old)
time: 0.057; rss: 198MB	item-types checking
time: 2.176; rss: 277MB	item-bodies checking
time: 0.000; rss: 277MB	drop-impl checking
time: 0.092; rss: 277MB	wf checking (new)
time: 0.206; rss: 279MB	const checking
time: 0.022; rss: 279MB	privacy checking
time: 0.000; rss: 279MB	stability index
time: 0.006; rss: 279MB	intrinsic checking
time: 0.005; rss: 279MB	effect checking
time: 0.021; rss: 279MB	match checking
time: 0.017; rss: 279MB	liveness checking
time: 0.387; rss: 279MB	borrow checking
time: 0.287; rss: 279MB	rvalue checking
time: 0.003; rss: 279MB	reachability checking
time: 0.018; rss: 279MB	death checking
time: 0.025; rss: 279MB	stability checking
time: 0.000; rss: 279MB	unused lib feature checking
time: 0.078; rss: 279MB	lint checking
time: 0.002; rss: 279MB	resolving dependency formats
time: 5.412; rss: 570MB	translation
  time: 1.472; rss: 377MB	llvm function passes
  time: 38.126; rss: 416MB	llvm module passes
  time: 12.014; rss: 452MB	codegen passes
  time: 0.001; rss: 369MB	codegen passes
time: 52.406; rss: 369MB	LLVM passes
  time: 0.131; rss: 372MB	running linker
time: 0.531; rss: 370MB	linking
rustc: x86_64-unknown-linux-gnu/stage1/lib/rustlib/x86_64-unknown-linux-gnu/bin/rustbook
cp: x86_64-unknown-linux-gnu/stage2/bin/rustbook
rustbook: doc/book/index.html
rustbook: doc/nomicon/index.html
rustbook: doc/style/index.html
rustc: x86_64-unknown-linux-gnu/stage1/lib/rustlib/x86_64-unknown-linux-gnu/bin/error-index-generator
cp: x86_64-unknown-linux-gnu/stage2/bin/error-index-generator
error-index-generator: doc/error-index.html
rustdoc: doc/not_found.html
rustdoc: doc/index.html
rustdoc: doc/intro.html
rustdoc: doc/tutorial.html
rustdoc: doc/complement-lang-faq.html
rustdoc: doc/complement-design-faq.html
rustdoc: doc/complement-project-faq.html
rustdoc: doc/rustdoc.html
rustdoc: doc/reference.html
rustdoc: doc/grammar.html
rustdoc: doc/guide-crates.html
rustdoc: doc/guide-error-handling.html
rustdoc: doc/guide-ffi.html
rustdoc: doc/guide-macros.html
rustdoc: doc/guide.html
rustdoc: doc/guide-ownership.html
rustdoc: doc/guide-plugins.html
rustdoc: doc/guide-pointers.html
rustdoc: doc/guide-strings.html
rustdoc: doc/guide-tasks.html
rustdoc: doc/guide-testing.html
rustdoc: doc/std/index.html
rustdoc: doc/alloc/index.html
rustdoc: doc/collections/index.html
rustdoc: doc/core/index.html
rustdoc: doc/libc/index.html
rustdoc: doc/rustc_unicode/index.html
