commit 000000
Author NA
Date:   2015-05-01
cfg: version 1.1.0-dev (built 2015-05-22)
cfg: build triple x86_64-unknown-linux-gnu
cfg: host triples x86_64-unknown-linux-gnu
cfg: target triples x86_64-unknown-linux-gnu
cfg: host for x86_64-unknown-linux-gnu is x86_64
cfg: os for x86_64-unknown-linux-gnu is unknown-linux-gnu
cfg: good valgrind for x86_64-unknown-linux-gnu is 1
cfg: using CC=gcc (CFG_CC)
cfg: enabling valgrind run-pass tests (CFG_ENABLE_VALGRIND_RPASS)
cfg: valgrind-rpass command set to 
cfg: no xelatex found, disabling LaTeX docs
cfg: no pandoc found, omitting PDF and EPUB docs
rustc: x86_64-unknown-linux-gnu/stage0/lib/rustlib/x86_64-unknown-linux-gnu/lib/librustc_trans
rustc: x86_64-unknown-linux-gnu/stage0/lib/rustlib/x86_64-unknown-linux-gnu/lib/librustc_driver
rustc: x86_64-unknown-linux-gnu/stage0/lib/rustlib/x86_64-unknown-linux-gnu/bin/rustc
cp: x86_64-unknown-linux-gnu/stage1/lib/librustc_trans
cp: x86_64-unknown-linux-gnu/stage1/lib/librustc_driver
cp: x86_64-unknown-linux-gnu/stage1/bin/rustc
rustc: x86_64-unknown-linux-gnu/stage1/lib/rustlib/x86_64-unknown-linux-gnu/lib/libcore
rustc: x86_64-unknown-linux-gnu/stage1/lib/rustlib/x86_64-unknown-linux-gnu/lib/liblibc
rustc: x86_64-unknown-linux-gnu/stage1/lib/rustlib/x86_64-unknown-linux-gnu/lib/librand
rustc: x86_64-unknown-linux-gnu/stage1/lib/rustlib/x86_64-unknown-linux-gnu/lib/liballoc
rustc: x86_64-unknown-linux-gnu/stage1/lib/rustlib/x86_64-unknown-linux-gnu/lib/librustc_unicode
rustc: x86_64-unknown-linux-gnu/stage1/lib/rustlib/x86_64-unknown-linux-gnu/lib/libcollections
rustc: x86_64-unknown-linux-gnu/stage1/lib/rustlib/x86_64-unknown-linux-gnu/lib/librustc_bitflags
rustc: x86_64-unknown-linux-gnu/stage1/lib/rustlib/x86_64-unknown-linux-gnu/lib/libstd
rustc: x86_64-unknown-linux-gnu/stage1/lib/rustlib/x86_64-unknown-linux-gnu/lib/libarena
rustc: x86_64-unknown-linux-gnu/stage1/lib/rustlib/x86_64-unknown-linux-gnu/lib/libflate
rustc: x86_64-unknown-linux-gnu/stage1/lib/rustlib/x86_64-unknown-linux-gnu/lib/libgetopts
rustc: x86_64-unknown-linux-gnu/stage1/lib/rustlib/x86_64-unknown-linux-gnu/lib/libgraphviz
rustc: x86_64-unknown-linux-gnu/stage1/lib/rustlib/x86_64-unknown-linux-gnu/lib/liblog
rustc: x86_64-unknown-linux-gnu/stage1/lib/rustlib/x86_64-unknown-linux-gnu/lib/libterm
rustc: x86_64-unknown-linux-gnu/stage1/lib/rustlib/x86_64-unknown-linux-gnu/lib/libserialize
rustc: x86_64-unknown-linux-gnu/stage1/lib/rustlib/x86_64-unknown-linux-gnu/lib/libfmt_macros
rustc: x86_64-unknown-linux-gnu/stage1/lib/rustlib/x86_64-unknown-linux-gnu/lib/libsyntax
rustc: x86_64-unknown-linux-gnu/stage1/lib/rustlib/x86_64-unknown-linux-gnu/lib/librbml
rustc: x86_64-unknown-linux-gnu/stage1/lib/rustlib/x86_64-unknown-linux-gnu/lib/librustc_llvm
rustc: x86_64-unknown-linux-gnu/stage1/lib/rustlib/x86_64-unknown-linux-gnu/lib/librustc_back
rustc: x86_64-unknown-linux-gnu/stage1/lib/rustlib/x86_64-unknown-linux-gnu/lib/librustc_data_structures
rustc: x86_64-unknown-linux-gnu/stage1/lib/rustlib/x86_64-unknown-linux-gnu/lib/librustc
rustc: x86_64-unknown-linux-gnu/stage1/lib/rustlib/x86_64-unknown-linux-gnu/lib/librustc_borrowck
rustc: x86_64-unknown-linux-gnu/stage1/lib/rustlib/x86_64-unknown-linux-gnu/lib/librustc_typeck
rustc: x86_64-unknown-linux-gnu/stage1/lib/rustlib/x86_64-unknown-linux-gnu/lib/librustc_resolve
rustc: x86_64-unknown-linux-gnu/stage1/lib/rustlib/x86_64-unknown-linux-gnu/lib/librustc_trans
rustc: x86_64-unknown-linux-gnu/stage1/lib/rustlib/x86_64-unknown-linux-gnu/lib/librustc_privacy
rustc: x86_64-unknown-linux-gnu/stage1/lib/rustlib/x86_64-unknown-linux-gnu/lib/librustc_lint
rustc: x86_64-unknown-linux-gnu/stage1/lib/rustlib/x86_64-unknown-linux-gnu/lib/librustc_driver
rustc: x86_64-unknown-linux-gnu/stage1/lib/rustlib/x86_64-unknown-linux-gnu/bin/rustc
cp: x86_64-unknown-linux-gnu/stage2/lib/libstd
cp: x86_64-unknown-linux-gnu/stage2/lib/libarena
cp: x86_64-unknown-linux-gnu/stage2/lib/libflate
cp: x86_64-unknown-linux-gnu/stage2/lib/libgetopts
cp: x86_64-unknown-linux-gnu/stage2/lib/libgraphviz
cp: x86_64-unknown-linux-gnu/stage2/lib/liblog
cp: x86_64-unknown-linux-gnu/stage2/lib/libterm
cp: x86_64-unknown-linux-gnu/stage2/lib/libserialize
cp: x86_64-unknown-linux-gnu/stage2/lib/libfmt_macros
cp: x86_64-unknown-linux-gnu/stage2/lib/libsyntax
cp: x86_64-unknown-linux-gnu/stage2/lib/librbml
cp: x86_64-unknown-linux-gnu/stage2/lib/librustc_llvm
cp: x86_64-unknown-linux-gnu/stage2/lib/librustc_back
cp: x86_64-unknown-linux-gnu/stage2/lib/librustc_data_structures
cp: x86_64-unknown-linux-gnu/stage2/lib/librustc
cp: x86_64-unknown-linux-gnu/stage2/lib/librustc_borrowck
cp: x86_64-unknown-linux-gnu/stage2/lib/librustc_typeck
cp: x86_64-unknown-linux-gnu/stage2/lib/librustc_resolve
cp: x86_64-unknown-linux-gnu/stage2/lib/librustc_trans
cp: x86_64-unknown-linux-gnu/stage2/lib/librustc_privacy
cp: x86_64-unknown-linux-gnu/stage2/lib/librustc_lint
cp: x86_64-unknown-linux-gnu/stage2/lib/librustc_driver
cp: x86_64-unknown-linux-gnu/stage2/bin/rustc
rustc: x86_64-unknown-linux-gnu/stage1/lib/rustlib/x86_64-unknown-linux-gnu/lib/libtest
rustc: x86_64-unknown-linux-gnu/stage1/lib/rustlib/x86_64-unknown-linux-gnu/lib/librustdoc
rustc: x86_64-unknown-linux-gnu/stage1/lib/rustlib/x86_64-unknown-linux-gnu/bin/rustdoc
cp: x86_64-unknown-linux-gnu/stage2/lib/libtest
cp: x86_64-unknown-linux-gnu/stage2/lib/librustdoc
cp: x86_64-unknown-linux-gnu/stage2/bin/rustdoc
rustc: x86_64-unknown-linux-gnu/stage2/lib/rustlib/x86_64-unknown-linux-gnu/lib/libcore
time: 0.060 	parsing
time: 0.000 	recursion limit
time: 0.022 	configuration 1
time: 0.001 	gated macro checking
time: 0.000 	crate injection
time: 0.000 	macro loading
time: 0.000 	plugin loading
time: 0.000 	plugin registration
time: 0.391 	expansion
time: 0.009 	complete gated feature checking 1
time: 0.096 	configuration 2
time: 0.049 	maybe building test harness
time: 0.000 	prelude injection
time: 0.004 	checking that all macro invocations are gone
time: 0.010 	complete gated feature checking 2
time: 0.052 	assigning node ids and indexing ast
time: 0.004 	external crate/lib resolution
time: 0.008 	language item collection
time: 0.080 	resolution
time: 0.009 	lifetime resolution
time: 0.000 	looking for entry point
time: 0.004 	looking for plugin registrar
time: 0.025 	region resolution
time: 0.004 	loop checking
time: 0.004 	static item recursion checking
time: 0.062 	type collecting
time: 0.008 	variance inference
time: 0.622 	coherence checking
time: 5.014 	type checking
time: 0.327 	const checking
time: 0.048 	privacy checking
time: 0.006 	stability index
time: 0.027 	intrinsic checking
time: 0.008 	effect checking
time: 0.087 	match checking
time: 0.022 	liveness checking
time: 0.631 	borrow checking
time: 0.408 	rvalue checking
time: 0.013 	reachability checking
time: 0.031 	death checking
time: 0.026 	stability checking
time: 0.000 	unused lib feature checking
time: 0.117 	lint checking
time: 0.000 	resolving dependency formats
time: 1.551 	translation
  time: 0.153 	llvm function passes
  time: 1.238 	llvm module passes
  time: 1.078 	codegen passes
  time: 0.006 	codegen passes
time: 2.520 	LLVM passes
time: 0.062 	linking
rustc: x86_64-unknown-linux-gnu/stage2/lib/rustlib/x86_64-unknown-linux-gnu/lib/liblibc
time: 0.021 	parsing
time: 0.000 	recursion limit
time: 0.004 	configuration 1
time: 0.000 	gated macro checking
time: 0.000 	crate injection
time: 0.000 	macro loading
time: 0.000 	plugin loading
time: 0.000 	plugin registration
time: 0.006 	expansion
time: 0.000 	complete gated feature checking 1
time: 0.001 	configuration 2
time: 0.000 	maybe building test harness
time: 0.000 	prelude injection
time: 0.000 	checking that all macro invocations are gone
time: 0.000 	complete gated feature checking 2
time: 0.001 	assigning node ids and indexing ast
time: 0.001 	external crate/lib resolution
time: 0.000 	language item collection
time: 0.002 	resolution
time: 0.000 	lifetime resolution
time: 0.000 	looking for entry point
time: 0.000 	looking for plugin registrar
time: 0.000 	region resolution
time: 0.000 	loop checking
time: 0.000 	static item recursion checking
time: 0.001 	type collecting
time: 0.000 	variance inference
time: 0.004 	coherence checking
time: 0.028 	type checking
time: 0.001 	const checking
time: 0.000 	privacy checking
time: 0.000 	stability index
time: 0.000 	intrinsic checking
time: 0.000 	effect checking
time: 0.000 	match checking
time: 0.000 	liveness checking
time: 0.001 	borrow checking
time: 0.001 	rvalue checking
time: 0.000 	reachability checking
time: 0.000 	death checking
time: 0.004 	stability checking
time: 0.000 	unused lib feature checking
time: 0.007 	lint checking
time: 0.000 	resolving dependency formats
time: 0.037 	translation
  time: 0.001 	llvm function passes
  time: 0.008 	llvm module passes
  time: 0.008 	codegen passes
  time: 0.000 	codegen passes
time: 0.021 	LLVM passes
time: 0.003 	linking
rustc: x86_64-unknown-linux-gnu/stage2/lib/rustlib/x86_64-unknown-linux-gnu/lib/librand
time: 0.011 	parsing
time: 0.000 	recursion limit
time: 0.003 	configuration 1
time: 0.000 	gated macro checking
time: 0.000 	crate injection
time: 0.001 	macro loading
time: 0.000 	plugin loading
time: 0.000 	plugin registration
time: 0.021 	expansion
time: 0.000 	complete gated feature checking 1
time: 0.005 	configuration 2
time: 0.002 	maybe building test harness
time: 0.000 	prelude injection
time: 0.000 	checking that all macro invocations are gone
time: 0.000 	complete gated feature checking 2
time: 0.002 	assigning node ids and indexing ast
time: 0.000 	external crate/lib resolution
time: 0.000 	language item collection
time: 0.007 	resolution
time: 0.000 	lifetime resolution
time: 0.000 	looking for entry point
time: 0.000 	looking for plugin registrar
time: 0.001 	region resolution
time: 0.000 	loop checking
time: 0.000 	static item recursion checking
time: 0.002 	type collecting
time: 0.000 	variance inference
time: 0.028 	coherence checking
time: 0.319 	type checking
time: 0.016 	const checking
time: 0.001 	privacy checking
time: 0.000 	stability index
time: 0.000 	intrinsic checking
time: 0.000 	effect checking
time: 0.002 	match checking
time: 0.001 	liveness checking
time: 0.029 	borrow checking
time: 0.016 	rvalue checking
time: 0.000 	reachability checking
time: 0.001 	death checking
time: 0.014 	stability checking
time: 0.000 	unused lib feature checking
time: 0.024 	lint checking
time: 0.000 	resolving dependency formats
time: 0.183 	translation
  time: 0.020 	llvm function passes
  time: 0.117 	llvm module passes
  time: 0.049 	codegen passes
  time: 0.000 	codegen passes
time: 0.192 	LLVM passes
time: 0.005 	linking
rustc: x86_64-unknown-linux-gnu/stage2/lib/rustlib/x86_64-unknown-linux-gnu/lib/liballoc
time: 0.008 	parsing
time: 0.000 	recursion limit
time: 0.002 	configuration 1
time: 0.000 	gated macro checking
time: 0.000 	crate injection
time: 0.001 	macro loading
time: 0.000 	plugin loading
time: 0.000 	plugin registration
time: 0.005 	expansion
time: 0.000 	complete gated feature checking 1
time: 0.002 	configuration 2
time: 0.001 	maybe building test harness
time: 0.000 	prelude injection
time: 0.000 	checking that all macro invocations are gone
time: 0.000 	complete gated feature checking 2
time: 0.001 	assigning node ids and indexing ast
time: 0.000 	external crate/lib resolution
time: 0.000 	language item collection
time: 0.006 	resolution
time: 0.000 	lifetime resolution
time: 0.000 	looking for entry point
time: 0.000 	looking for plugin registrar
time: 0.000 	region resolution
time: 0.000 	loop checking
time: 0.000 	static item recursion checking
time: 0.001 	type collecting
time: 0.000 	variance inference
time: 0.037 	coherence checking
time: 0.059 	type checking
time: 0.008 	const checking
time: 0.000 	privacy checking
time: 0.000 	stability index
time: 0.000 	intrinsic checking
time: 0.000 	effect checking
time: 0.001 	match checking
time: 0.000 	liveness checking
time: 0.015 	borrow checking
time: 0.009 	rvalue checking
time: 0.000 	reachability checking
time: 0.000 	death checking
time: 0.015 	stability checking
time: 0.000 	unused lib feature checking
time: 0.016 	lint checking
time: 0.000 	resolving dependency formats
time: 0.032 	translation
  time: 0.000 	llvm function passes
  time: 0.003 	llvm module passes
  time: 0.006 	codegen passes
  time: 0.000 	codegen passes
time: 0.013 	LLVM passes
time: 0.006 	linking
rustc: x86_64-unknown-linux-gnu/stage2/lib/rustlib/x86_64-unknown-linux-gnu/lib/librustc_unicode
time: 0.073 	parsing
time: 0.000 	recursion limit
time: 0.017 	configuration 1
time: 0.000 	gated macro checking
time: 0.000 	crate injection
time: 0.000 	macro loading
time: 0.000 	plugin loading
time: 0.000 	plugin registration
time: 0.074 	expansion
time: 0.001 	complete gated feature checking 1
time: 0.018 	configuration 2
time: 0.009 	maybe building test harness
time: 0.000 	prelude injection
time: 0.000 	checking that all macro invocations are gone
time: 0.000 	complete gated feature checking 2
time: 0.009 	assigning node ids and indexing ast
time: 0.001 	external crate/lib resolution
time: 0.001 	language item collection
time: 0.010 	resolution
time: 0.000 	lifetime resolution
time: 0.000 	looking for entry point
time: 0.000 	looking for plugin registrar
time: 0.012 	region resolution
time: 0.001 	loop checking
time: 0.001 	static item recursion checking
time: 0.002 	type collecting
time: 0.001 	variance inference
time: 0.038 	coherence checking
time: 0.169 	type checking
time: 0.046 	const checking
time: 0.004 	privacy checking
time: 0.000 	stability index
time: 0.001 	intrinsic checking
time: 0.000 	effect checking
time: 0.001 	match checking
time: 0.001 	liveness checking
time: 0.012 	borrow checking
time: 0.005 	rvalue checking
time: 0.000 	reachability checking
time: 0.002 	death checking
time: 0.011 	stability checking
time: 0.000 	unused lib feature checking
time: 0.033 	lint checking
time: 0.000 	resolving dependency formats
time: 0.473 	translation
  time: 0.020 	llvm function passes
  time: 0.204 	llvm module passes
  time: 0.097 	codegen passes
  time: 0.002 	codegen passes
time: 0.335 	LLVM passes
time: 0.017 	linking
rustc: x86_64-unknown-linux-gnu/stage2/lib/rustlib/x86_64-unknown-linux-gnu/lib/libcollections
time: 0.049 	parsing
time: 0.000 	recursion limit
time: 0.018 	configuration 1
time: 0.001 	gated macro checking
time: 0.000 	crate injection
time: 0.002 	macro loading
time: 0.000 	plugin loading
time: 0.000 	plugin registration
time: 0.096 	expansion
time: 0.003 	complete gated feature checking 1
time: 0.027 	configuration 2
time: 0.013 	maybe building test harness
time: 0.000 	prelude injection
time: 0.000 	checking that all macro invocations are gone
time: 0.002 	complete gated feature checking 2
time: 0.013 	assigning node ids and indexing ast
time: 0.001 	external crate/lib resolution
time: 0.001 	language item collection
time: 0.034 	resolution
time: 0.002 	lifetime resolution
time: 0.000 	looking for entry point
time: 0.001 	looking for plugin registrar
time: 0.007 	region resolution
time: 0.001 	loop checking
time: 0.000 	static item recursion checking
time: 0.015 	type collecting
time: 0.002 	variance inference
time: 0.129 	coherence checking
time: 1.743 	type checking
time: 0.141 	const checking
time: 0.010 	privacy checking
time: 0.001 	stability index
time: 0.007 	intrinsic checking
time: 0.002 	effect checking
time: 0.038 	match checking
time: 0.006 	liveness checking
time: 0.283 	borrow checking
time: 0.224 	rvalue checking
time: 0.004 	reachability checking
time: 0.008 	death checking
time: 0.141 	stability checking
time: 0.000 	unused lib feature checking
time: 0.152 	lint checking
time: 0.000 	resolving dependency formats
time: 0.978 	translation
  time: 0.070 	llvm function passes
  time: 0.828 	llvm module passes
  time: 0.382 	codegen passes
  time: 0.003 	codegen passes
time: 1.318 	LLVM passes
time: 0.044 	linking
rustc: x86_64-unknown-linux-gnu/stage2/lib/rustlib/x86_64-unknown-linux-gnu/lib/librustc_bitflags
time: 0.001 	parsing
time: 0.000 	recursion limit
time: 0.000 	configuration 1
time: 0.000 	gated macro checking
time: 0.000 	crate injection
time: 0.000 	macro loading
time: 0.000 	plugin loading
time: 0.000 	plugin registration
time: 0.000 	expansion
time: 0.000 	complete gated feature checking 1
time: 0.000 	configuration 2
time: 0.000 	maybe building test harness
time: 0.000 	prelude injection
time: 0.000 	checking that all macro invocations are gone
time: 0.000 	complete gated feature checking 2
time: 0.000 	assigning node ids and indexing ast
time: 0.000 	external crate/lib resolution
time: 0.000 	language item collection
time: 0.000 	resolution
time: 0.000 	lifetime resolution
time: 0.000 	looking for entry point
time: 0.000 	looking for plugin registrar
time: 0.000 	region resolution
time: 0.000 	loop checking
time: 0.000 	static item recursion checking
time: 0.000 	type collecting
time: 0.000 	variance inference
time: 0.000 	coherence checking
time: 0.000 	type checking
time: 0.000 	const checking
time: 0.000 	privacy checking
time: 0.000 	stability index
time: 0.000 	intrinsic checking
time: 0.000 	effect checking
time: 0.000 	match checking
time: 0.000 	liveness checking
time: 0.000 	borrow checking
time: 0.000 	rvalue checking
time: 0.000 	reachability checking
time: 0.000 	death checking
time: 0.000 	stability checking
time: 0.000 	unused lib feature checking
time: 0.000 	lint checking
time: 0.000 	resolving dependency formats
time: 0.001 	translation
  time: 0.000 	llvm function passes
  time: 0.000 	llvm module passes
  time: 0.000 	codegen passes
  time: 0.000 	codegen passes
time: 0.003 	LLVM passes
time: 0.002 	linking
rustc: x86_64-unknown-linux-gnu/stage2/lib/rustlib/x86_64-unknown-linux-gnu/lib/libstd
time: 0.156 	parsing
time: 0.000 	recursion limit
time: 0.050 	configuration 1
time: 0.002 	gated macro checking
time: 0.000 	crate injection
time: 0.005 	macro loading
time: 0.000 	plugin loading
time: 0.000 	plugin registration
time: 0.211 	expansion
time: 0.008 	complete gated feature checking 1
time: 0.054 	configuration 2
time: 0.026 	maybe building test harness
time: 0.000 	prelude injection
time: 0.002 	checking that all macro invocations are gone
time: 0.007 	complete gated feature checking 2
time: 0.028 	assigning node ids and indexing ast
time: 0.003 	external crate/lib resolution
time: 0.005 	language item collection
time: 0.070 	resolution
time: 0.005 	lifetime resolution
time: 0.000 	looking for entry point
time: 0.002 	looking for plugin registrar
time: 0.019 	region resolution
time: 0.003 	loop checking
time: 0.003 	static item recursion checking
time: 0.028 	type collecting
time: 0.006 	variance inference
time: 0.121 	coherence checking
time: 1.612 	type checking
time: 0.256 	const checking
time: 0.026 	privacy checking
time: 0.002 	stability index
time: 0.010 	intrinsic checking
time: 0.005 	effect checking
time: 0.040 	match checking
time: 0.014 	liveness checking
time: 0.355 	borrow checking
time: 0.288 	rvalue checking
time: 0.007 	reachability checking
time: 0.020 	death checking
time: 0.294 	stability checking
time: 0.000 	unused lib feature checking
time: 0.372 	lint checking
time: 0.000 	resolving dependency formats
time: 1.895 	translation
  time: 0.289 	llvm function passes
  time: 3.884 	llvm module passes
  time: 1.707 	codegen passes
  time: 0.004 	codegen passes
time: 6.003 	LLVM passes
  time: 0.180 	running linker
time: 0.268 	linking
rustc: x86_64-unknown-linux-gnu/stage2/lib/rustlib/x86_64-unknown-linux-gnu/lib/libflate
time: 0.000 	parsing
time: 0.000 	recursion limit
time: 0.000 	configuration 1
time: 0.000 	gated macro checking
time: 0.000 	crate injection
time: 0.005 	macro loading
time: 0.000 	plugin loading
time: 0.000 	plugin registration
time: 0.001 	expansion
time: 0.000 	complete gated feature checking 1
time: 0.000 	configuration 2
time: 0.000 	maybe building test harness
time: 0.000 	prelude injection
time: 0.000 	checking that all macro invocations are gone
time: 0.000 	complete gated feature checking 2
time: 0.000 	assigning node ids and indexing ast
time: 0.000 	external crate/lib resolution
time: 0.000 	language item collection
time: 0.004 	resolution
time: 0.000 	lifetime resolution
time: 0.000 	looking for entry point
time: 0.000 	looking for plugin registrar
time: 0.000 	region resolution
time: 0.000 	loop checking
time: 0.000 	static item recursion checking
time: 0.000 	type collecting
time: 0.000 	variance inference
time: 0.079 	coherence checking
time: 0.016 	type checking
time: 0.001 	const checking
time: 0.000 	privacy checking
time: 0.000 	stability index
time: 0.000 	intrinsic checking
time: 0.000 	effect checking
time: 0.000 	match checking
time: 0.000 	liveness checking
time: 0.000 	borrow checking
time: 0.000 	rvalue checking
time: 0.000 	reachability checking
time: 0.000 	death checking
time: 0.002 	stability checking
time: 0.000 	unused lib feature checking
time: 0.002 	lint checking
time: 0.000 	resolving dependency formats
time: 0.016 	translation
  time: 0.002 	llvm function passes
  time: 0.008 	llvm module passes
  time: 0.007 	codegen passes
  time: 0.000 	codegen passes
time: 0.020 	LLVM passes
  time: 0.019 	running linker
time: 0.023 	linking
rustc: x86_64-unknown-linux-gnu/stage2/lib/rustlib/x86_64-unknown-linux-gnu/lib/libarena
time: 0.002 	parsing
time: 0.000 	recursion limit
time: 0.000 	configuration 1
time: 0.000 	gated macro checking
time: 0.000 	crate injection
time: 0.005 	macro loading
time: 0.000 	plugin loading
time: 0.000 	plugin registration
time: 0.003 	expansion
time: 0.000 	complete gated feature checking 1
time: 0.000 	configuration 2
time: 0.000 	maybe building test harness
time: 0.000 	prelude injection
time: 0.000 	checking that all macro invocations are gone
time: 0.000 	complete gated feature checking 2
time: 0.000 	assigning node ids and indexing ast
time: 0.000 	external crate/lib resolution
time: 0.000 	language item collection
time: 0.003 	resolution
time: 0.000 	lifetime resolution
time: 0.000 	looking for entry point
time: 0.000 	looking for plugin registrar
time: 0.000 	region resolution
time: 0.000 	loop checking
time: 0.000 	static item recursion checking
time: 0.000 	type collecting
time: 0.000 	variance inference
time: 0.079 	coherence checking
time: 0.038 	type checking
time: 0.003 	const checking
time: 0.000 	privacy checking
time: 0.000 	stability index
time: 0.000 	intrinsic checking
time: 0.000 	effect checking
time: 0.000 	match checking
time: 0.000 	liveness checking
time: 0.004 	borrow checking
time: 0.003 	rvalue checking
time: 0.000 	reachability checking
time: 0.000 	death checking
time: 0.005 	stability checking
time: 0.000 	unused lib feature checking
time: 0.006 	lint checking
time: 0.000 	resolving dependency formats
time: 0.067 	translation
  time: 0.009 	llvm function passes
  time: 0.064 	llvm module passes
  time: 0.027 	codegen passes
  time: 0.000 	codegen passes
time: 0.105 	LLVM passes
  time: 0.015 	running linker
time: 0.019 	linking
rustc: x86_64-unknown-linux-gnu/stage2/lib/rustlib/x86_64-unknown-linux-gnu/lib/liblog
time: 0.002 	parsing
time: 0.000 	recursion limit
time: 0.000 	configuration 1
time: 0.000 	gated macro checking
time: 0.000 	crate injection
time: 0.005 	macro loading
time: 0.000 	plugin loading
time: 0.000 	plugin registration
time: 0.005 	expansion
time: 0.000 	complete gated feature checking 1
time: 0.000 	configuration 2
time: 0.000 	maybe building test harness
time: 0.000 	prelude injection
time: 0.000 	checking that all macro invocations are gone
time: 0.000 	complete gated feature checking 2
time: 0.000 	assigning node ids and indexing ast
time: 0.000 	external crate/lib resolution
time: 0.000 	language item collection
time: 0.003 	resolution
time: 0.000 	lifetime resolution
time: 0.000 	looking for entry point
time: 0.000 	looking for plugin registrar
time: 0.000 	region resolution
time: 0.000 	loop checking
time: 0.000 	static item recursion checking
time: 0.000 	type collecting
time: 0.000 	variance inference
time: 0.081 	coherence checking
time: 0.055 	type checking
time: 0.005 	const checking
time: 0.000 	privacy checking
time: 0.000 	stability index
time: 0.000 	intrinsic checking
time: 0.000 	effect checking
time: 0.000 	match checking
time: 0.000 	liveness checking
time: 0.002 	borrow checking
time: 0.002 	rvalue checking
time: 0.000 	reachability checking
time: 0.000 	death checking
time: 0.010 	stability checking
time: 0.000 	unused lib feature checking
time: 0.013 	lint checking
time: 0.000 	resolving dependency formats
time: 0.164 	translation
  time: 0.027 	llvm function passes
  time: 0.388 	llvm module passes
  time: 0.094 	codegen passes
  time: 0.000 	codegen passes
time: 0.517 	LLVM passes
  time: 0.019 	running linker
time: 0.026 	linking
rustc: x86_64-unknown-linux-gnu/stage2/lib/rustlib/x86_64-unknown-linux-gnu/lib/libterm
time: 0.008 	parsing
time: 0.000 	recursion limit
time: 0.002 	configuration 1
time: 0.000 	gated macro checking
time: 0.000 	crate injection
time: 0.006 	macro loading
time: 0.000 	plugin loading
time: 0.000 	plugin registration
time: 0.018 	expansion
time: 0.000 	complete gated feature checking 1
time: 0.003 	configuration 2
time: 0.001 	maybe building test harness
time: 0.001 	prelude injection
time: 0.000 	checking that all macro invocations are gone
time: 0.000 	complete gated feature checking 2
time: 0.001 	assigning node ids and indexing ast
time: 0.000 	external crate/lib resolution
time: 0.000 	language item collection
time: 0.007 	resolution
time: 0.000 	lifetime resolution
time: 0.000 	looking for entry point
time: 0.000 	looking for plugin registrar
time: 0.001 	region resolution
time: 0.000 	loop checking
time: 0.000 	static item recursion checking
time: 0.001 	type collecting
time: 0.000 	variance inference
time: 0.083 	coherence checking
time: 0.178 	type checking
time: 0.018 	const checking
time: 0.000 	privacy checking
time: 0.000 	stability index
time: 0.000 	intrinsic checking
time: 0.000 	effect checking
time: 0.001 	match checking
time: 0.001 	liveness checking
time: 0.016 	borrow checking
time: 0.011 	rvalue checking
time: 0.000 	reachability checking
time: 0.000 	death checking
time: 0.032 	stability checking
time: 0.000 	unused lib feature checking
time: 0.040 	lint checking
time: 0.000 	resolving dependency formats
time: 0.444 	translation
  time: 0.070 	llvm function passes
  time: 1.042 	llvm module passes
  time: 0.474 	codegen passes
  time: 0.000 	codegen passes
time: 1.613 	LLVM passes
  time: 0.029 	running linker
time: 0.051 	linking
rustc: x86_64-unknown-linux-gnu/stage2/lib/rustlib/x86_64-unknown-linux-gnu/lib/libserialize
time: 0.019 	parsing
time: 0.000 	recursion limit
time: 0.006 	configuration 1
time: 0.000 	gated macro checking
time: 0.000 	crate injection
time: 0.006 	macro loading
time: 0.000 	plugin loading
time: 0.000 	plugin registration
time: 0.072 	expansion
time: 0.001 	complete gated feature checking 1
time: 0.015 	configuration 2
time: 0.008 	maybe building test harness
time: 0.007 	prelude injection
time: 0.000 	checking that all macro invocations are gone
time: 0.000 	complete gated feature checking 2
time: 0.007 	assigning node ids and indexing ast
time: 0.000 	external crate/lib resolution
time: 0.000 	language item collection
time: 0.026 	resolution
time: 0.001 	lifetime resolution
time: 0.000 	looking for entry point
time: 0.000 	looking for plugin registrar
time: 0.005 	region resolution
time: 0.000 	loop checking
time: 0.000 	static item recursion checking
time: 0.008 	type collecting
time: 0.001 	variance inference
time: 0.087 	coherence checking
time: 1.161 	type checking
time: 0.245 	const checking
time: 0.005 	privacy checking
time: 0.000 	stability index
time: 0.002 	intrinsic checking
time: 0.001 	effect checking
time: 0.029 	match checking
time: 0.005 	liveness checking
time: 0.460 	borrow checking
time: 0.300 	rvalue checking
time: 0.002 	reachability checking
time: 0.006 	death checking
time: 0.113 	stability checking
time: 0.000 	unused lib feature checking
time: 0.135 	lint checking
time: 0.000 	resolving dependency formats
time: 0.679 	translation
  time: 0.088 	llvm function passes
  time: 1.731 	llvm module passes
  time: 0.550 	codegen passes
  time: 0.001 	codegen passes
time: 2.406 	LLVM passes
  time: 0.030 	running linker
time: 0.058 	linking
rustc: x86_64-unknown-linux-gnu/stage2/lib/rustlib/x86_64-unknown-linux-gnu/lib/libgetopts
time: 0.005 	parsing
time: 0.000 	recursion limit
time: 0.001 	configuration 1
time: 0.000 	gated macro checking
time: 0.000 	crate injection
time: 0.005 	macro loading
time: 0.000 	plugin loading
time: 0.000 	plugin registration
time: 0.012 	expansion
time: 0.000 	complete gated feature checking 1
time: 0.002 	configuration 2
time: 0.001 	maybe building test harness
time: 0.001 	prelude injection
time: 0.000 	checking that all macro invocations are gone
time: 0.000 	complete gated feature checking 2
time: 0.001 	assigning node ids and indexing ast
time: 0.000 	external crate/lib resolution
time: 0.000 	language item collection
time: 0.005 	resolution
time: 0.000 	lifetime resolution
time: 0.000 	looking for entry point
time: 0.000 	looking for plugin registrar
time: 0.000 	region resolution
time: 0.000 	loop checking
time: 0.000 	static item recursion checking
time: 0.000 	type collecting
time: 0.000 	variance inference
time: 0.081 	coherence checking
time: 0.127 	type checking
time: 0.010 	const checking
time: 0.000 	privacy checking
time: 0.000 	stability index
time: 0.000 	intrinsic checking
time: 0.000 	effect checking
time: 0.001 	match checking
time: 0.000 	liveness checking
time: 0.009 	borrow checking
time: 0.007 	rvalue checking
time: 0.000 	reachability checking
time: 0.000 	death checking
time: 0.017 	stability checking
time: 0.000 	unused lib feature checking
time: 0.021 	lint checking
time: 0.000 	resolving dependency formats
time: 0.393 	translation
  time: 0.049 	llvm function passes
  time: 0.921 	llvm module passes
  time: 0.404 	codegen passes
  time: 0.000 	codegen passes
time: 1.397 	LLVM passes
  time: 0.023 	running linker
time: 0.040 	linking
rustc: x86_64-unknown-linux-gnu/stage2/lib/rustlib/x86_64-unknown-linux-gnu/lib/librbml
time: 0.005 	parsing
time: 0.000 	recursion limit
time: 0.001 	configuration 1
time: 0.000 	gated macro checking
time: 0.000 	crate injection
time: 0.006 	macro loading
time: 0.000 	plugin loading
time: 0.000 	plugin registration
time: 0.021 	expansion
time: 0.000 	complete gated feature checking 1
time: 0.004 	configuration 2
time: 0.002 	maybe building test harness
time: 0.001 	prelude injection
time: 0.000 	checking that all macro invocations are gone
time: 0.000 	complete gated feature checking 2
time: 0.002 	assigning node ids and indexing ast
time: 0.000 	external crate/lib resolution
time: 0.000 	language item collection
time: 0.006 	resolution
time: 0.000 	lifetime resolution
time: 0.000 	looking for entry point
time: 0.000 	looking for plugin registrar
time: 0.001 	region resolution
time: 0.000 	loop checking
time: 0.000 	static item recursion checking
time: 0.001 	type collecting
time: 0.000 	variance inference
time: 0.083 	coherence checking
time: 0.171 	type checking
time: 0.034 	const checking
time: 0.001 	privacy checking
time: 0.000 	stability index
time: 0.000 	intrinsic checking
time: 0.000 	effect checking
time: 0.002 	match checking
time: 0.000 	liveness checking
time: 0.033 	borrow checking
time: 0.028 	rvalue checking
time: 0.000 	reachability checking
time: 0.000 	death checking
time: 0.058 	stability checking
time: 0.000 	unused lib feature checking
time: 0.061 	lint checking
time: 0.000 	resolving dependency formats
time: 0.130 	translation
  time: 0.020 	llvm function passes
  time: 0.203 	llvm module passes
  time: 0.120 	codegen passes
  time: 0.000 	codegen passes
time: 0.353 	LLVM passes
  time: 0.024 	running linker
time: 0.032 	linking
rustc: x86_64-unknown-linux-gnu/stage2/lib/rustlib/x86_64-unknown-linux-gnu/lib/libtest
time: 0.007 	parsing
time: 0.000 	recursion limit
time: 0.001 	configuration 1
time: 0.000 	gated macro checking
time: 0.000 	crate injection
time: 0.005 	macro loading
time: 0.000 	plugin loading
time: 0.000 	plugin registration
time: 0.016 	expansion
time: 0.000 	complete gated feature checking 1
time: 0.003 	configuration 2
time: 0.001 	maybe building test harness
time: 0.001 	prelude injection
time: 0.000 	checking that all macro invocations are gone
time: 0.000 	complete gated feature checking 2
time: 0.001 	assigning node ids and indexing ast
time: 0.001 	external crate/lib resolution
time: 0.000 	language item collection
time: 0.010 	resolution
time: 0.000 	lifetime resolution
time: 0.000 	looking for entry point
time: 0.000 	looking for plugin registrar
time: 0.001 	region resolution
time: 0.000 	loop checking
time: 0.000 	static item recursion checking
time: 0.001 	type collecting
time: 0.000 	variance inference
time: 0.086 	coherence checking
time: 0.198 	type checking
time: 0.024 	const checking
time: 0.001 	privacy checking
time: 0.000 	stability index
time: 0.000 	intrinsic checking
time: 0.000 	effect checking
time: 0.002 	match checking
time: 0.000 	liveness checking
time: 0.020 	borrow checking
time: 0.018 	rvalue checking
time: 0.000 	reachability checking
time: 0.000 	death checking
time: 0.033 	stability checking
time: 0.000 	unused lib feature checking
time: 0.038 	lint checking
time: 0.000 	resolving dependency formats
time: 0.849 	translation
  time: 0.122 	llvm function passes
  time: 2.289 	llvm module passes
  time: 0.775 	codegen passes
  time: 0.000 	codegen passes
time: 3.234 	LLVM passes
  time: 0.028 	running linker
time: 0.062 	linking
rustc: x86_64-unknown-linux-gnu/stage2/lib/rustlib/x86_64-unknown-linux-gnu/lib/libgraphviz
time: 0.002 	parsing
time: 0.000 	recursion limit
time: 0.000 	configuration 1
time: 0.000 	gated macro checking
time: 0.000 	crate injection
time: 0.005 	macro loading
time: 0.000 	plugin loading
time: 0.000 	plugin registration
time: 0.003 	expansion
time: 0.000 	complete gated feature checking 1
time: 0.000 	configuration 2
time: 0.000 	maybe building test harness
time: 0.000 	prelude injection
time: 0.000 	checking that all macro invocations are gone
time: 0.000 	complete gated feature checking 2
time: 0.000 	assigning node ids and indexing ast
time: 0.000 	external crate/lib resolution
time: 0.000 	language item collection
time: 0.003 	resolution
time: 0.000 	lifetime resolution
time: 0.000 	looking for entry point
time: 0.000 	looking for plugin registrar
time: 0.000 	region resolution
time: 0.000 	loop checking
time: 0.000 	static item recursion checking
time: 0.000 	type collecting
time: 0.000 	variance inference
time: 0.081 	coherence checking
time: 0.035 	type checking
time: 0.004 	const checking
time: 0.000 	privacy checking
time: 0.000 	stability index
time: 0.000 	intrinsic checking
time: 0.000 	effect checking
time: 0.000 	match checking
time: 0.000 	liveness checking
time: 0.004 	borrow checking
time: 0.004 	rvalue checking
time: 0.000 	reachability checking
time: 0.000 	death checking
time: 0.004 	stability checking
time: 0.000 	unused lib feature checking
time: 0.005 	lint checking
time: 0.000 	resolving dependency formats
time: 0.061 	translation
  time: 0.008 	llvm function passes
  time: 0.065 	llvm module passes
  time: 0.023 	codegen passes
  time: 0.000 	codegen passes
time: 0.100 	LLVM passes
  time: 0.015 	running linker
time: 0.019 	linking
rustc: x86_64-unknown-linux-gnu/stage2/lib/rustlib/x86_64-unknown-linux-gnu/lib/libfmt_macros
time: 0.002 	parsing
time: 0.000 	recursion limit
time: 0.000 	configuration 1
time: 0.000 	gated macro checking
time: 0.000 	crate injection
time: 0.006 	macro loading
time: 0.000 	plugin loading
time: 0.000 	plugin registration
time: 0.004 	expansion
time: 0.000 	complete gated feature checking 1
time: 0.001 	configuration 2
time: 0.000 	maybe building test harness
time: 0.000 	prelude injection
time: 0.000 	checking that all macro invocations are gone
time: 0.000 	complete gated feature checking 2
time: 0.000 	assigning node ids and indexing ast
time: 0.000 	external crate/lib resolution
time: 0.000 	language item collection
time: 0.003 	resolution
time: 0.000 	lifetime resolution
time: 0.000 	looking for entry point
time: 0.000 	looking for plugin registrar
time: 0.000 	region resolution
time: 0.000 	loop checking
time: 0.000 	static item recursion checking
time: 0.000 	type collecting
time: 0.000 	variance inference
time: 0.084 	coherence checking
time: 0.040 	type checking
time: 0.003 	const checking
time: 0.000 	privacy checking
time: 0.000 	stability index
time: 0.000 	intrinsic checking
time: 0.000 	effect checking
time: 0.000 	match checking
time: 0.000 	liveness checking
time: 0.003 	borrow checking
time: 0.002 	rvalue checking
time: 0.000 	reachability checking
time: 0.000 	death checking
time: 0.005 	stability checking
time: 0.000 	unused lib feature checking
time: 0.006 	lint checking
time: 0.000 	resolving dependency formats
time: 0.082 	translation
  time: 0.014 	llvm function passes
  time: 0.225 	llvm module passes
  time: 0.095 	codegen passes
  time: 0.000 	codegen passes
time: 0.342 	LLVM passes
  time: 0.020 	running linker
time: 0.026 	linking
rustc: x86_64-unknown-linux-gnu/stage2/lib/rustlib/x86_64-unknown-linux-gnu/lib/libsyntax
time: 0.130 	parsing
time: 0.000 	recursion limit
time: 0.050 	configuration 1
time: 0.003 	gated macro checking
time: 0.000 	crate injection
time: 0.009 	macro loading
time: 0.000 	plugin loading
time: 0.000 	plugin registration
time: 0.595 	expansion
time: 0.023 	complete gated feature checking 1
time: 0.141 	configuration 2
time: 0.072 	maybe building test harness
time: 0.067 	prelude injection
time: 0.010 	checking that all macro invocations are gone
time: 0.024 	complete gated feature checking 2
time: 0.083 	assigning node ids and indexing ast
time: 0.011 	external crate/lib resolution
time: 0.020 	language item collection
time: 0.258 	resolution
time: 0.014 	lifetime resolution
time: 0.000 	looking for entry point
time: 0.008 	looking for plugin registrar
time: 0.073 	region resolution
time: 0.008 	loop checking
time: 0.008 	static item recursion checking
time: 0.053 	type collecting
time: 0.018 	variance inference
time: 0.155 	coherence checking
time: 14.555 	type checking
time: 1.781 	const checking
time: 0.087 	privacy checking
time: 0.002 	stability index
time: 0.025 	intrinsic checking
time: 0.021 	effect checking
time: 0.148 	match checking
time: 0.068 	liveness checking
time: 2.706 	borrow checking
time: 1.689 	rvalue checking
time: 0.027 	reachability checking
time: 0.064 	death checking
time: 0.928 	stability checking
time: 0.000 	unused lib feature checking
time: 1.202 	lint checking
time: 0.000 	resolving dependency formats
time: 12.775 	translation
  time: 1.839 	llvm function passes
  time: 44.256 	llvm module passes
  time: 16.552 	codegen passes
  time: 0.005 	codegen passes
time: 63.930 	LLVM passes
  time: 0.166 	running linker
time: 0.757 	linking
rustc: x86_64-unknown-linux-gnu/stage2/lib/rustlib/x86_64-unknown-linux-gnu/lib/librustc_llvm
time: 0.007 	parsing
time: 0.000 	recursion limit
time: 0.001 	configuration 1
time: 0.000 	gated macro checking
time: 0.000 	crate injection
time: 0.006 	macro loading
time: 0.000 	plugin loading
time: 0.000 	plugin registration
time: 0.012 	expansion
time: 0.000 	complete gated feature checking 1
time: 0.003 	configuration 2
time: 0.001 	maybe building test harness
time: 0.001 	prelude injection
time: 0.000 	checking that all macro invocations are gone
time: 0.000 	complete gated feature checking 2
time: 0.002 	assigning node ids and indexing ast
time: 0.000 	external crate/lib resolution
time: 0.000 	language item collection
time: 0.010 	resolution
time: 0.000 	lifetime resolution
time: 0.000 	looking for entry point
time: 0.000 	looking for plugin registrar
time: 0.000 	region resolution
time: 0.000 	loop checking
time: 0.000 	static item recursion checking
time: 0.002 	type collecting
time: 0.000 	variance inference
time: 0.085 	coherence checking
time: 0.107 	type checking
time: 0.006 	const checking
time: 0.001 	privacy checking
time: 0.000 	stability index
time: 0.000 	intrinsic checking
time: 0.000 	effect checking
time: 0.001 	match checking
time: 0.000 	liveness checking
time: 0.005 	borrow checking
time: 0.004 	rvalue checking
time: 0.000 	reachability checking
time: 0.001 	death checking
time: 0.021 	stability checking
time: 0.000 	unused lib feature checking
time: 0.027 	lint checking
time: 0.000 	resolving dependency formats
time: 0.119 	translation
  time: 0.015 	llvm function passes
  time: 0.080 	llvm module passes
  time: 0.056 	codegen passes
  time: 0.000 	codegen passes
time: 0.157 	LLVM passes
  time: 1.302 	running linker
time: 1.532 	linking
rustc: x86_64-unknown-linux-gnu/stage2/lib/rustlib/x86_64-unknown-linux-gnu/lib/librustc_back
time: 0.009 	parsing
time: 0.000 	recursion limit
time: 0.002 	configuration 1
time: 0.000 	gated macro checking
time: 0.000 	crate injection
time: 0.006 	macro loading
time: 0.000 	plugin loading
time: 0.000 	plugin registration
time: 0.034 	expansion
time: 0.000 	complete gated feature checking 1
time: 0.006 	configuration 2
time: 0.003 	maybe building test harness
time: 0.002 	prelude injection
time: 0.000 	checking that all macro invocations are gone
time: 0.000 	complete gated feature checking 2
time: 0.003 	assigning node ids and indexing ast
time: 0.004 	external crate/lib resolution
time: 0.000 	language item collection
time: 0.021 	resolution
time: 0.000 	lifetime resolution
time: 0.000 	looking for entry point
time: 0.000 	looking for plugin registrar
time: 0.002 	region resolution
time: 0.000 	loop checking
time: 0.000 	static item recursion checking
time: 0.002 	type collecting
time: 0.000 	variance inference
time: 0.101 	coherence checking
time: 0.375 	type checking
time: 0.056 	const checking
time: 0.002 	privacy checking
time: 0.000 	stability index
time: 0.000 	intrinsic checking
time: 0.000 	effect checking
time: 0.002 	match checking
time: 0.002 	liveness checking
time: 0.032 	borrow checking
time: 0.026 	rvalue checking
time: 0.000 	reachability checking
time: 0.001 	death checking
time: 0.085 	stability checking
time: 0.000 	unused lib feature checking
time: 0.095 	lint checking
time: 0.000 	resolving dependency formats
time: 1.271 	translation
  time: 0.169 	llvm function passes
  time: 3.272 	llvm module passes
  time: 1.142 	codegen passes
  time: 0.000 	codegen passes
time: 4.685 	LLVM passes
  time: 0.081 	running linker
time: 0.140 	linking
rustc: x86_64-unknown-linux-gnu/stage2/lib/rustlib/x86_64-unknown-linux-gnu/lib/librustc_data_structures
time: 0.004 	parsing
time: 0.000 	recursion limit
time: 0.001 	configuration 1
time: 0.000 	gated macro checking
time: 0.000 	crate injection
time: 0.006 	macro loading
time: 0.000 	plugin loading
time: 0.000 	plugin registration
time: 0.008 	expansion
time: 0.000 	complete gated feature checking 1
time: 0.001 	configuration 2
time: 0.001 	maybe building test harness
time: 0.000 	prelude injection
time: 0.000 	checking that all macro invocations are gone
time: 0.000 	complete gated feature checking 2
time: 0.001 	assigning node ids and indexing ast
time: 0.000 	external crate/lib resolution
time: 0.000 	language item collection
time: 0.006 	resolution
time: 0.000 	lifetime resolution
time: 0.000 	looking for entry point
time: 0.000 	looking for plugin registrar
time: 0.000 	region resolution
time: 0.000 	loop checking
time: 0.000 	static item recursion checking
time: 0.001 	type collecting
time: 0.000 	variance inference
time: 0.087 	coherence checking
time: 0.165 	type checking
time: 0.020 	const checking
time: 0.000 	privacy checking
time: 0.000 	stability index
time: 0.000 	intrinsic checking
time: 0.000 	effect checking
time: 0.005 	match checking
time: 0.000 	liveness checking
time: 0.034 	borrow checking
time: 0.025 	rvalue checking
time: 0.000 	reachability checking
time: 0.000 	death checking
time: 0.016 	stability checking
time: 0.000 	unused lib feature checking
time: 0.017 	lint checking
time: 0.000 	resolving dependency formats
time: 0.073 	translation
  time: 0.004 	llvm function passes
  time: 0.022 	llvm module passes
  time: 0.007 	codegen passes
  time: 0.000 	codegen passes
time: 0.038 	LLVM passes
  time: 0.020 	running linker
time: 0.025 	linking
rustc: x86_64-unknown-linux-gnu/stage2/lib/rustlib/x86_64-unknown-linux-gnu/lib/librustc
time: 0.183 	parsing
time: 0.000 	recursion limit
time: 0.068 	configuration 1
time: 0.004 	gated macro checking
time: 0.000 	crate injection
time: 0.012 	macro loading
time: 0.000 	plugin loading
time: 0.000 	plugin registration
time: 0.741 	expansion
time: 0.025 	complete gated feature checking 1
time: 0.164 	configuration 2
time: 0.084 	maybe building test harness
time: 0.078 	prelude injection
time: 0.011 	checking that all macro invocations are gone
time: 0.025 	complete gated feature checking 2
time: 0.094 	assigning node ids and indexing ast
time: 0.014 	external crate/lib resolution
time: 0.022 	language item collection
time: 0.295 	resolution
time: 0.019 	lifetime resolution
time: 0.000 	looking for entry point
time: 0.011 	looking for plugin registrar
time: 0.088 	region resolution
time: 0.011 	loop checking
time: 0.011 	static item recursion checking
time: 0.073 	type collecting
time: 0.023 	variance inference
time: 0.191 	coherence checking
time: 10.396 	type checking
time: 2.034 	const checking
time: 0.114 	privacy checking
time: 0.003 	stability index
time: 0.031 	intrinsic checking
time: 0.023 	effect checking
time: 0.140 	match checking
time: 0.063 	liveness checking
time: 1.514 	borrow checking
time: 1.260 	rvalue checking
time: 0.027 	reachability checking
time: 0.080 	death checking
time: 1.410 	stability checking
time: 0.000 	unused lib feature checking
time: 1.720 	lint checking
time: 0.000 	resolving dependency formats
time: 26.482 	translation
  time: 3.839 	llvm function passes
  time: 77.585 	llvm module passes
  time: 22.868 	codegen passes
  time: 0.007 	codegen passes
time: 106.459 	LLVM passes
  time: 0.288 	running linker
time: 1.215 	linking
rustc: x86_64-unknown-linux-gnu/stage2/lib/rustlib/x86_64-unknown-linux-gnu/lib/librustc_typeck
time: 0.073 	parsing
time: 0.000 	recursion limit
time: 0.026 	configuration 1
time: 0.001 	gated macro checking
time: 0.000 	crate injection
time: 0.010 	macro loading
time: 0.000 	plugin loading
time: 0.000 	plugin registration
time: 0.285 	expansion
time: 0.008 	complete gated feature checking 1
time: 0.053 	configuration 2
time: 0.027 	maybe building test harness
time: 0.025 	prelude injection
time: 0.003 	checking that all macro invocations are gone
time: 0.007 	complete gated feature checking 2
time: 0.030 	assigning node ids and indexing ast
time: 0.028 	external crate/lib resolution
time: 0.007 	language item collection
time: 0.115 	resolution
time: 0.006 	lifetime resolution
time: 0.000 	looking for entry point
time: 0.003 	looking for plugin registrar
time: 0.027 	region resolution
time: 0.004 	loop checking
time: 0.003 	static item recursion checking
time: 0.020 	type collecting
time: 0.007 	variance inference
time: 0.148 	coherence checking
time: 4.447 	type checking
time: 1.301 	const checking
time: 0.059 	privacy checking
time: 0.000 	stability index
time: 0.010 	intrinsic checking
time: 0.007 	effect checking
time: 0.023 	match checking
time: 0.026 	liveness checking
time: 0.267 	borrow checking
time: 0.307 	rvalue checking
time: 0.000 	reachability checking
time: 0.047 	death checking
time: 0.695 	stability checking
time: 0.000 	unused lib feature checking
time: 0.813 	lint checking
time: 0.000 	resolving dependency formats
time: 11.714 	translation
  time: 1.423 	llvm function passes
  time: 27.787 	llvm module passes
  time: 7.544 	codegen passes
  time: 0.001 	codegen passes
time: 37.466 	LLVM passes
  time: 0.138 	running linker
time: 0.455 	linking
rustc: x86_64-unknown-linux-gnu/stage2/lib/rustlib/x86_64-unknown-linux-gnu/lib/librustc_borrowck
time: 0.015 	parsing
time: 0.000 	recursion limit
time: 0.005 	configuration 1
time: 0.000 	gated macro checking
time: 0.000 	crate injection
time: 0.009 	macro loading
time: 0.000 	plugin loading
time: 0.000 	plugin registration
time: 0.058 	expansion
time: 0.001 	complete gated feature checking 1
time: 0.011 	configuration 2
time: 0.005 	maybe building test harness
time: 0.005 	prelude injection
time: 0.000 	checking that all macro invocations are gone
time: 0.000 	complete gated feature checking 2
time: 0.005 	assigning node ids and indexing ast
time: 0.028 	external crate/lib resolution
time: 0.000 	language item collection
time: 0.027 	resolution
time: 0.000 	lifetime resolution
time: 0.000 	looking for entry point
time: 0.000 	looking for plugin registrar
time: 0.004 	region resolution
time: 0.000 	loop checking
time: 0.000 	static item recursion checking
time: 0.004 	type collecting
time: 0.000 	variance inference
time: 0.128 	coherence checking
time: 0.820 	type checking
time: 0.177 	const checking
time: 0.006 	privacy checking
time: 0.000 	stability index
time: 0.001 	intrinsic checking
time: 0.000 	effect checking
time: 0.005 	match checking
time: 0.003 	liveness checking
time: 0.055 	borrow checking
time: 0.056 	rvalue checking
time: 0.000 	reachability checking
time: 0.005 	death checking
time: 0.138 	stability checking
time: 0.000 	unused lib feature checking
time: 0.157 	lint checking
time: 0.000 	resolving dependency formats
time: 2.073 	translation
  time: 0.291 	llvm function passes
  time: 3.836 	llvm module passes
  time: 1.286 	codegen passes
  time: 0.000 	codegen passes
time: 5.522 	LLVM passes
  time: 0.058 	running linker
time: 0.119 	linking
rustc: x86_64-unknown-linux-gnu/stage2/lib/rustlib/x86_64-unknown-linux-gnu/lib/librustc_resolve
time: 0.018 	parsing
time: 0.000 	recursion limit
time: 0.005 	configuration 1
time: 0.000 	gated macro checking
time: 0.000 	crate injection
time: 0.009 	macro loading
time: 0.000 	plugin loading
time: 0.000 	plugin registration
time: 0.071 	expansion
time: 0.001 	complete gated feature checking 1
time: 0.013 	configuration 2
time: 0.006 	maybe building test harness
time: 0.006 	prelude injection
time: 0.000 	checking that all macro invocations are gone
time: 0.000 	complete gated feature checking 2
time: 0.006 	assigning node ids and indexing ast
time: 0.028 	external crate/lib resolution
time: 0.000 	language item collection
time: 0.037 	resolution
time: 0.000 	lifetime resolution
time: 0.000 	looking for entry point
time: 0.000 	looking for plugin registrar
time: 0.005 	region resolution
time: 0.000 	loop checking
time: 0.000 	static item recursion checking
time: 0.003 	type collecting
time: 0.000 	variance inference
time: 0.129 	coherence checking
time: 1.093 	type checking
time: 0.131 	const checking
time: 0.007 	privacy checking
time: 0.000 	stability index
time: 0.001 	intrinsic checking
time: 0.001 	effect checking
time: 0.005 	match checking
time: 0.005 	liveness checking
time: 0.068 	borrow checking
time: 0.056 	rvalue checking
time: 0.000 	reachability checking
time: 0.006 	death checking
time: 0.181 	stability checking
time: 0.000 	unused lib feature checking
time: 0.202 	lint checking
time: 0.000 	resolving dependency formats
time: 2.625 	translation
  time: 0.437 	llvm function passes
  time: 6.485 	llvm module passes
  time: 2.117 	codegen passes
  time: 0.000 	codegen passes
time: 9.204 	LLVM passes
  time: 0.102 	running linker
time: 0.191 	linking
rustc: x86_64-unknown-linux-gnu/stage2/lib/rustlib/x86_64-unknown-linux-gnu/lib/librustc_trans
time: 0.118 	parsing
time: 0.000 	recursion limit
time: 0.044 	configuration 1
time: 0.002 	gated macro checking
time: 0.000 	crate injection
time: 0.011 	macro loading
time: 0.000 	plugin loading
time: 0.000 	plugin registration
time: 0.382 	expansion
time: 0.012 	complete gated feature checking 1
time: 0.076 	configuration 2
time: 0.039 	maybe building test harness
time: 0.036 	prelude injection
time: 0.005 	checking that all macro invocations are gone
time: 0.012 	complete gated feature checking 2
time: 0.045 	assigning node ids and indexing ast
time: 0.027 	external crate/lib resolution
time: 0.011 	language item collection
time: 0.175 	resolution
time: 0.009 	lifetime resolution
time: 0.000 	looking for entry point
time: 0.005 	looking for plugin registrar
time: 0.041 	region resolution
time: 0.005 	loop checking
time: 0.005 	static item recursion checking
time: 0.029 	type collecting
time: 0.011 	variance inference
time: 0.155 	coherence checking
time: 4.621 	type checking
time: 1.770 	const checking
time: 0.066 	privacy checking
time: 0.001 	stability index
time: 0.016 	intrinsic checking
time: 0.012 	effect checking
time: 0.034 	match checking
time: 0.035 	liveness checking
time: 0.393 	borrow checking
time: 0.379 	rvalue checking
time: 0.000 	reachability checking
time: 0.047 	death checking
time: 0.722 	stability checking
time: 0.000 	unused lib feature checking
time: 0.836 	lint checking
time: 0.000 	resolving dependency formats
time: 11.527 	translation
  time: 1.576 	llvm function passes
  time: 28.366 	llvm module passes
  time: 9.126 	codegen passes
  time: 0.001 	codegen passes
time: 39.861 	LLVM passes
  time: 0.158 	running linker
time: 0.519 	linking
rustc: x86_64-unknown-linux-gnu/stage2/lib/rustlib/x86_64-unknown-linux-gnu/lib/librustc_privacy
time: 0.005 	parsing
time: 0.000 	recursion limit
time: 0.001 	configuration 1
time: 0.000 	gated macro checking
time: 0.000 	crate injection
time: 0.009 	macro loading
time: 0.000 	plugin loading
time: 0.000 	plugin registration
time: 0.016 	expansion
time: 0.000 	complete gated feature checking 1
time: 0.003 	configuration 2
time: 0.001 	maybe building test harness
time: 0.001 	prelude injection
time: 0.000 	checking that all macro invocations are gone
time: 0.000 	complete gated feature checking 2
time: 0.001 	assigning node ids and indexing ast
time: 0.029 	external crate/lib resolution
time: 0.000 	language item collection
time: 0.012 	resolution
time: 0.000 	lifetime resolution
time: 0.000 	looking for entry point
time: 0.000 	looking for plugin registrar
time: 0.001 	region resolution
time: 0.000 	loop checking
time: 0.000 	static item recursion checking
time: 0.000 	type collecting
time: 0.000 	variance inference
time: 0.122 	coherence checking
time: 0.247 	type checking
time: 0.038 	const checking
time: 0.002 	privacy checking
time: 0.000 	stability index
time: 0.000 	intrinsic checking
time: 0.000 	effect checking
time: 0.001 	match checking
time: 0.001 	liveness checking
time: 0.016 	borrow checking
time: 0.010 	rvalue checking
time: 0.000 	reachability checking
time: 0.002 	death checking
time: 0.049 	stability checking
time: 0.000 	unused lib feature checking
time: 0.053 	lint checking
time: 0.000 	resolving dependency formats
time: 1.114 	translation
  time: 0.153 	llvm function passes
  time: 1.171 	llvm module passes
  time: 0.372 	codegen passes
  time: 0.000 	codegen passes
time: 1.728 	LLVM passes
  time: 0.044 	running linker
time: 0.065 	linking
rustc: x86_64-unknown-linux-gnu/stage2/lib/rustlib/x86_64-unknown-linux-gnu/lib/librustc_lint
time: 0.008 	parsing
time: 0.000 	recursion limit
time: 0.002 	configuration 1
time: 0.000 	gated macro checking
time: 0.000 	crate injection
time: 0.037 	macro loading
time: 0.000 	plugin loading
time: 0.000 	plugin registration
time: 0.022 	expansion
time: 0.000 	complete gated feature checking 1
time: 0.004 	configuration 2
time: 0.002 	maybe building test harness
time: 0.002 	prelude injection
time: 0.000 	checking that all macro invocations are gone
time: 0.000 	complete gated feature checking 2
time: 0.002 	assigning node ids and indexing ast
time: 0.000 	external crate/lib resolution
time: 0.000 	language item collection
time: 0.017 	resolution
time: 0.000 	lifetime resolution
time: 0.000 	looking for entry point
time: 0.000 	looking for plugin registrar
time: 0.001 	region resolution
time: 0.000 	loop checking
time: 0.000 	static item recursion checking
time: 0.002 	type collecting
time: 0.000 	variance inference
time: 0.130 	coherence checking
time: 0.259 	type checking
time: 0.049 	const checking
time: 0.003 	privacy checking
time: 0.000 	stability index
time: 0.000 	intrinsic checking
time: 0.000 	effect checking
time: 0.001 	match checking
time: 0.001 	liveness checking
time: 0.021 	borrow checking
time: 0.012 	rvalue checking
time: 0.000 	reachability checking
time: 0.002 	death checking
time: 0.047 	stability checking
time: 0.000 	unused lib feature checking
time: 0.051 	lint checking
time: 0.000 	resolving dependency formats
time: 1.437 	translation
  time: 0.193 	llvm function passes
  time: 1.797 	llvm module passes
  time: 0.656 	codegen passes
  time: 0.000 	codegen passes
time: 2.696 	LLVM passes
  time: 0.100 	running linker
time: 0.137 	linking
rustc: x86_64-unknown-linux-gnu/stage2/lib/rustlib/x86_64-unknown-linux-gnu/lib/librustc_driver
time: 0.012 	parsing
time: 0.000 	recursion limit
time: 0.003 	configuration 1
time: 0.000 	gated macro checking
time: 0.000 	crate injection
time: 0.009 	macro loading
time: 0.000 	plugin loading
time: 0.000 	plugin registration
time: 0.025 	expansion
time: 0.000 	complete gated feature checking 1
time: 0.005 	configuration 2
time: 0.002 	maybe building test harness
time: 0.002 	prelude injection
time: 0.000 	checking that all macro invocations are gone
time: 0.000 	complete gated feature checking 2
time: 0.002 	assigning node ids and indexing ast
time: 0.032 	external crate/lib resolution
time: 0.000 	language item collection
time: 0.025 	resolution
time: 0.000 	lifetime resolution
time: 0.000 	looking for entry point
time: 0.000 	looking for plugin registrar
time: 0.001 	region resolution
time: 0.000 	loop checking
time: 0.000 	static item recursion checking
time: 0.002 	type collecting
time: 0.000 	variance inference
time: 0.140 	coherence checking
time: 0.619 	type checking
time: 0.141 	const checking
time: 0.003 	privacy checking
time: 0.000 	stability index
time: 0.000 	intrinsic checking
time: 0.000 	effect checking
time: 0.002 	match checking
time: 0.001 	liveness checking
time: 0.028 	borrow checking
time: 0.077 	rvalue checking
time: 0.000 	reachability checking
time: 0.003 	death checking
time: 0.067 	stability checking
time: 0.000 	unused lib feature checking
time: 0.076 	lint checking
time: 0.000 	resolving dependency formats
time: 6.029 	translation
  time: 0.983 	llvm function passes
  time: 18.194 	llvm module passes
  time: 4.398 	codegen passes
  time: 0.000 	codegen passes
time: 23.975 	LLVM passes
  time: 0.114 	running linker
time: 0.293 	linking
rustc: x86_64-unknown-linux-gnu/stage2/lib/rustlib/x86_64-unknown-linux-gnu/lib/librustdoc
time: 0.040 	parsing
time: 0.000 	recursion limit
time: 0.015 	configuration 1
time: 0.000 	gated macro checking
time: 0.000 	crate injection
time: 0.007 	macro loading
time: 0.000 	plugin loading
time: 0.000 	plugin registration
time: 0.182 	expansion
time: 0.006 	complete gated feature checking 1
time: 0.044 	configuration 2
time: 0.022 	maybe building test harness
time: 0.021 	prelude injection
time: 0.002 	checking that all macro invocations are gone
time: 0.005 	complete gated feature checking 2
time: 0.024 	assigning node ids and indexing ast
time: 0.040 	external crate/lib resolution
time: 0.005 	language item collection
time: 0.086 	resolution
time: 0.005 	lifetime resolution
time: 0.000 	looking for entry point
time: 0.002 	looking for plugin registrar
time: 0.020 	region resolution
time: 0.003 	loop checking
time: 0.003 	static item recursion checking
time: 0.016 	type collecting
time: 0.005 	variance inference
time: 0.162 	coherence checking
time: 5.788 	type checking
time: 1.114 	const checking
time: 0.028 	privacy checking
time: 0.000 	stability index
time: 0.006 	intrinsic checking
time: 0.005 	effect checking
time: 0.084 	match checking
time: 0.018 	liveness checking
time: 1.589 	borrow checking
time: 1.002 	rvalue checking
time: 0.002 	reachability checking
time: 0.020 	death checking
time: 0.433 	stability checking
time: 0.000 	unused lib feature checking
time: 0.511 	lint checking
time: 0.000 	resolving dependency formats
time: 14.310 	translation
  time: 1.378 	llvm function passes
  time: 33.914 	llvm module passes
  time: 10.116 	codegen passes
  time: 0.002 	codegen passes
time: 46.219 	LLVM passes
  time: 0.149 	running linker
time: 0.538 	linking
rustc: x86_64-unknown-linux-gnu/stage1/lib/rustlib/x86_64-unknown-linux-gnu/bin/rustbook
cp: x86_64-unknown-linux-gnu/stage2/bin/rustbook
rustbook: doc/book/index.html
rustbook: doc/style/index.html
rustdoc: doc/not_found.html
rustdoc: doc/index.html
rustdoc: doc/intro.html
rustdoc: doc/tutorial.html
rustdoc: doc/complement-lang-faq.html
rustdoc: doc/complement-design-faq.html
rustdoc: doc/complement-project-faq.html
rustdoc: doc/rustdoc.html
rustdoc: doc/reference.html
rustdoc: doc/grammar.html
rustdoc: doc/guide-crates.html
rustdoc: doc/guide-error-handling.html
rustdoc: doc/guide-ffi.html
rustdoc: doc/guide-macros.html
rustdoc: doc/guide.html
rustdoc: doc/guide-ownership.html
rustdoc: doc/guide-plugins.html
rustdoc: doc/guide-pointers.html
rustdoc: doc/guide-strings.html
rustdoc: doc/guide-tasks.html
rustdoc: doc/guide-testing.html
rustdoc: doc/std/index.html
rustdoc: doc/alloc/index.html
rustdoc: doc/collections/index.html
rustdoc: doc/core/index.html
rustdoc: doc/libc/index.html
rustdoc: doc/rustc_unicode/index.html
