commit aa00f2e972e8a620f77aeb457d1d1ae4e115bcac
Merge: 0250ff9 f9d4149
Author: bors <bors@rust-lang.org>
Date:   Wed Jun 17 06:56:15 2015 +0000

    Auto merge of #26025 - alexcrichton:update-llvm, r=brson
    
    This commit updates the LLVM submodule in use to the current HEAD of the LLVM
    repository. This is primarily being done to start picking up unwinding support
    for MSVC, which is currently unimplemented in the revision of LLVM we are using.
    Along the way a few changes had to be made:
    
    * As usual, lots of C++ debuginfo bindings in LLVM changed, so there were some
      significant changes to our RustWrapper.cpp
    * As usual, some pass management changed in LLVM, so clang was re-scrutinized to
      ensure that we're doing the same thing as clang.
    * Some optimization options are now passed directly into the
      `PassManagerBuilder` instead of through CLI switches to LLVM.
    * The `NoFramePointerElim` option was removed from LLVM, favoring instead the
      `no-frame-pointer-elim` function attribute instead.
    * The `LoopVectorize` option of the LLVM optimization passes has been disabled
      as it causes a divide-by-zero exception to happen in LLVM for zero-sized
      types. This is reported as https://llvm.org/bugs/show_bug.cgi?id=23763
    
    Additionally, LLVM has picked up some new optimizations which required fixing an
    existing soundness hole in the IR we generate. It appears that the current LLVM
    we use does not expose this hole. When an enum is moved, the previous slot in
    memory is overwritten with a bit pattern corresponding to "dropped". When the
    drop glue for this slot is run, however, the switch on the discriminant can
    often start executing the `unreachable` block of the switch due to the
    discriminant now being outside the normal range. This was patched over locally
    for now by having the `unreachable` block just change to a `ret void`.
cfg: version 1.2.0-dev (aa00f2e97 2015-06-17)
cfg: build triple x86_64-unknown-linux-gnu
cfg: host triples x86_64-unknown-linux-gnu
cfg: target triples x86_64-unknown-linux-gnu
cfg: host for x86_64-unknown-linux-gnu is x86_64
cfg: os for x86_64-unknown-linux-gnu is unknown-linux-gnu
cfg: good valgrind for x86_64-unknown-linux-gnu is 1
cfg: using CC=gcc (CFG_CC)
cfg: disabling valgrind run-pass tests
cfg: no xelatex found, disabling LaTeX docs
cfg: no pandoc found, omitting PDF and EPUB docs
rustc: x86_64-unknown-linux-gnu/stage0/lib/rustlib/x86_64-unknown-linux-gnu/lib/librustc_trans
rustc: x86_64-unknown-linux-gnu/stage0/lib/rustlib/x86_64-unknown-linux-gnu/lib/librustc_driver
rustc: x86_64-unknown-linux-gnu/stage0/lib/rustlib/x86_64-unknown-linux-gnu/bin/rustc
cp: x86_64-unknown-linux-gnu/stage1/lib/librustc_trans
cp: x86_64-unknown-linux-gnu/stage1/lib/librustc_driver
cp: x86_64-unknown-linux-gnu/stage1/bin/rustc
rustc: x86_64-unknown-linux-gnu/stage1/lib/rustlib/x86_64-unknown-linux-gnu/lib/libcore
rustc: x86_64-unknown-linux-gnu/stage1/lib/rustlib/x86_64-unknown-linux-gnu/lib/liblibc
rustc: x86_64-unknown-linux-gnu/stage1/lib/rustlib/x86_64-unknown-linux-gnu/lib/librand
rustc: x86_64-unknown-linux-gnu/stage1/lib/rustlib/x86_64-unknown-linux-gnu/lib/liballoc
rustc: x86_64-unknown-linux-gnu/stage1/lib/rustlib/x86_64-unknown-linux-gnu/lib/librustc_unicode
rustc: x86_64-unknown-linux-gnu/stage1/lib/rustlib/x86_64-unknown-linux-gnu/lib/libcollections
rustc: x86_64-unknown-linux-gnu/stage1/lib/rustlib/x86_64-unknown-linux-gnu/lib/librustc_bitflags
rustc: x86_64-unknown-linux-gnu/stage1/lib/rustlib/x86_64-unknown-linux-gnu/lib/libstd
rustc: x86_64-unknown-linux-gnu/stage1/lib/rustlib/x86_64-unknown-linux-gnu/lib/libarena
rustc: x86_64-unknown-linux-gnu/stage1/lib/rustlib/x86_64-unknown-linux-gnu/lib/libflate
rustc: x86_64-unknown-linux-gnu/stage1/lib/rustlib/x86_64-unknown-linux-gnu/lib/libgetopts
rustc: x86_64-unknown-linux-gnu/stage1/lib/rustlib/x86_64-unknown-linux-gnu/lib/libgraphviz
rustc: x86_64-unknown-linux-gnu/stage1/lib/rustlib/x86_64-unknown-linux-gnu/lib/liblog
rustc: x86_64-unknown-linux-gnu/stage1/lib/rustlib/x86_64-unknown-linux-gnu/lib/libterm
rustc: x86_64-unknown-linux-gnu/stage1/lib/rustlib/x86_64-unknown-linux-gnu/lib/libserialize
rustc: x86_64-unknown-linux-gnu/stage1/lib/rustlib/x86_64-unknown-linux-gnu/lib/libfmt_macros
rustc: x86_64-unknown-linux-gnu/stage1/lib/rustlib/x86_64-unknown-linux-gnu/lib/libsyntax
rustc: x86_64-unknown-linux-gnu/stage1/lib/rustlib/x86_64-unknown-linux-gnu/lib/librbml
rustc: x86_64-unknown-linux-gnu/stage1/lib/rustlib/x86_64-unknown-linux-gnu/lib/librustc_llvm
rustc: x86_64-unknown-linux-gnu/stage1/lib/rustlib/x86_64-unknown-linux-gnu/lib/librustc_back
rustc: x86_64-unknown-linux-gnu/stage1/lib/rustlib/x86_64-unknown-linux-gnu/lib/librustc_data_structures
rustc: x86_64-unknown-linux-gnu/stage1/lib/rustlib/x86_64-unknown-linux-gnu/lib/librustc
rustc: x86_64-unknown-linux-gnu/stage1/lib/rustlib/x86_64-unknown-linux-gnu/lib/librustc_borrowck
rustc: x86_64-unknown-linux-gnu/stage1/lib/rustlib/x86_64-unknown-linux-gnu/lib/librustc_typeck
rustc: x86_64-unknown-linux-gnu/stage1/lib/rustlib/x86_64-unknown-linux-gnu/lib/librustc_resolve
rustc: x86_64-unknown-linux-gnu/stage1/lib/rustlib/x86_64-unknown-linux-gnu/lib/librustc_trans
rustc: x86_64-unknown-linux-gnu/stage1/lib/rustlib/x86_64-unknown-linux-gnu/lib/librustc_privacy
rustc: x86_64-unknown-linux-gnu/stage1/lib/rustlib/x86_64-unknown-linux-gnu/lib/librustc_lint
rustc: x86_64-unknown-linux-gnu/stage1/lib/rustlib/x86_64-unknown-linux-gnu/lib/librustc_driver
rustc: x86_64-unknown-linux-gnu/stage1/lib/rustlib/x86_64-unknown-linux-gnu/bin/rustc
cp: x86_64-unknown-linux-gnu/stage2/lib/libstd
cp: x86_64-unknown-linux-gnu/stage2/lib/libarena
cp: x86_64-unknown-linux-gnu/stage2/lib/libflate
cp: x86_64-unknown-linux-gnu/stage2/lib/libgetopts
cp: x86_64-unknown-linux-gnu/stage2/lib/libgraphviz
cp: x86_64-unknown-linux-gnu/stage2/lib/liblog
cp: x86_64-unknown-linux-gnu/stage2/lib/libterm
cp: x86_64-unknown-linux-gnu/stage2/lib/libserialize
cp: x86_64-unknown-linux-gnu/stage2/lib/libfmt_macros
cp: x86_64-unknown-linux-gnu/stage2/lib/libsyntax
cp: x86_64-unknown-linux-gnu/stage2/lib/librbml
cp: x86_64-unknown-linux-gnu/stage2/lib/librustc_llvm
cp: x86_64-unknown-linux-gnu/stage2/lib/librustc_back
cp: x86_64-unknown-linux-gnu/stage2/lib/librustc_data_structures
cp: x86_64-unknown-linux-gnu/stage2/lib/librustc
cp: x86_64-unknown-linux-gnu/stage2/lib/librustc_borrowck
cp: x86_64-unknown-linux-gnu/stage2/lib/librustc_typeck
cp: x86_64-unknown-linux-gnu/stage2/lib/librustc_resolve
cp: x86_64-unknown-linux-gnu/stage2/lib/librustc_trans
cp: x86_64-unknown-linux-gnu/stage2/lib/librustc_privacy
cp: x86_64-unknown-linux-gnu/stage2/lib/librustc_lint
cp: x86_64-unknown-linux-gnu/stage2/lib/librustc_driver
cp: x86_64-unknown-linux-gnu/stage2/bin/rustc
cp: x86_64-unknown-linux-gnu/stage2/lib/rustlib/x86_64-unknown-linux-gnu/lib/libmorestack.a
cp: x86_64-unknown-linux-gnu/stage2/lib/rustlib/x86_64-unknown-linux-gnu/lib/libcompiler-rt.a
rustc: x86_64-unknown-linux-gnu/stage1/lib/rustlib/x86_64-unknown-linux-gnu/lib/libtest
compile: x86_64-unknown-linux-gnu/rt/hoedown/src/autolink.o
compile: x86_64-unknown-linux-gnu/rt/hoedown/src/buffer.o
compile: x86_64-unknown-linux-gnu/rt/hoedown/src/document.o
compile: x86_64-unknown-linux-gnu/rt/hoedown/src/escape.o
compile: x86_64-unknown-linux-gnu/rt/hoedown/src/html.o
compile: x86_64-unknown-linux-gnu/rt/hoedown/src/html_blocks.o
compile: x86_64-unknown-linux-gnu/rt/hoedown/src/html_smartypants.o
compile: x86_64-unknown-linux-gnu/rt/hoedown/src/stack.o
compile: x86_64-unknown-linux-gnu/rt/hoedown/src/version.o
link: x86_64-unknown-linux-gnu/rt/libhoedown.a
rustc: x86_64-unknown-linux-gnu/stage1/lib/rustlib/x86_64-unknown-linux-gnu/lib/librustdoc
rustc: x86_64-unknown-linux-gnu/stage1/lib/rustlib/x86_64-unknown-linux-gnu/bin/rustdoc
cp: x86_64-unknown-linux-gnu/stage2/lib/libtest
cp: x86_64-unknown-linux-gnu/stage2/lib/librustdoc
cp: x86_64-unknown-linux-gnu/stage2/bin/rustdoc
rustc: x86_64-unknown-linux-gnu/stage2/lib/rustlib/x86_64-unknown-linux-gnu/lib/libcore
time: 0.068 	parsing
time: 0.024 	configuration 1
time: 0.000 	recursion limit
time: 0.002 	gated macro checking
time: 0.000 	crate injection
time: 0.001 	macro loading
time: 0.000 	plugin loading
time: 0.000 	plugin registration
time: 0.460 	expansion
time: 0.011 	complete gated feature checking 1
time: 0.097 	configuration 2
time: 0.050 	maybe building test harness
time: 0.000 	prelude injection
time: 0.005 	checking that all macro invocations are gone
time: 0.012 	complete gated feature checking 2
time: 0.057 	assigning node ids and indexing ast
time: 0.005 	external crate/lib resolution
time: 0.010 	language item collection
time: 0.086 	resolution
time: 0.011 	lifetime resolution
time: 0.000 	looking for entry point
time: 0.005 	looking for plugin registrar
time: 0.029 	region resolution
time: 0.005 	loop checking
time: 0.005 	static item recursion checking
time: 0.068 	type collecting
time: 0.011 	variance inference
time: 0.647 	coherence checking
time: 5.271 	type checking
time: 0.167 	const checking
time: 0.054 	privacy checking
time: 0.004 	stability index
time: 0.028 	intrinsic checking
time: 0.010 	effect checking
time: 0.050 	match checking
time: 0.025 	liveness checking
time: 0.348 	borrow checking
time: 0.166 	rvalue checking
time: 0.018 	reachability checking
time: 0.035 	death checking
time: 0.027 	stability checking
time: 0.000 	unused lib feature checking
time: 0.122 	lint checking
time: 0.000 	resolving dependency formats
time: 1.583 	translation
  time: 0.191 	llvm function passes
  time: 1.582 	llvm module passes
  time: 1.331 	codegen passes
  time: 0.003 	codegen passes
time: 3.169 	LLVM passes
time: 0.075 	linking
rustc: x86_64-unknown-linux-gnu/stage2/lib/rustlib/x86_64-unknown-linux-gnu/lib/liblibc
time: 0.020 	parsing
time: 0.004 	configuration 1
time: 0.000 	recursion limit
time: 0.000 	gated macro checking
time: 0.000 	crate injection
time: 0.000 	macro loading
time: 0.000 	plugin loading
time: 0.000 	plugin registration
time: 0.009 	expansion
time: 0.000 	complete gated feature checking 1
time: 0.002 	configuration 2
time: 0.001 	maybe building test harness
time: 0.000 	prelude injection
time: 0.000 	checking that all macro invocations are gone
time: 0.000 	complete gated feature checking 2
time: 0.001 	assigning node ids and indexing ast
time: 0.000 	external crate/lib resolution
time: 0.000 	language item collection
time: 0.003 	resolution
time: 0.000 	lifetime resolution
time: 0.000 	looking for entry point
time: 0.000 	looking for plugin registrar
time: 0.000 	region resolution
time: 0.000 	loop checking
time: 0.000 	static item recursion checking
time: 0.002 	type collecting
time: 0.000 	variance inference
time: 0.005 	coherence checking
time: 0.032 	type checking
time: 0.001 	const checking
time: 0.001 	privacy checking
time: 0.000 	stability index
time: 0.000 	intrinsic checking
time: 0.000 	effect checking
time: 0.000 	match checking
time: 0.000 	liveness checking
time: 0.001 	borrow checking
time: 0.001 	rvalue checking
time: 0.000 	reachability checking
time: 0.001 	death checking
time: 0.001 	stability checking
time: 0.000 	unused lib feature checking
time: 0.004 	lint checking
time: 0.000 	resolving dependency formats
time: 0.036 	translation
  time: 0.002 	llvm function passes
  time: 0.009 	llvm module passes
  time: 0.008 	codegen passes
  time: 0.000 	codegen passes
time: 0.022 	LLVM passes
time: 0.004 	linking
rustc: x86_64-unknown-linux-gnu/stage2/lib/rustlib/x86_64-unknown-linux-gnu/lib/librand
time: 0.012 	parsing
time: 0.003 	configuration 1
time: 0.000 	recursion limit
time: 0.000 	gated macro checking
time: 0.000 	crate injection
time: 0.001 	macro loading
time: 0.000 	plugin loading
time: 0.000 	plugin registration
time: 0.024 	expansion
time: 0.000 	complete gated feature checking 1
time: 0.005 	configuration 2
time: 0.003 	maybe building test harness
time: 0.000 	prelude injection
time: 0.000 	checking that all macro invocations are gone
time: 0.000 	complete gated feature checking 2
time: 0.003 	assigning node ids and indexing ast
time: 0.000 	external crate/lib resolution
time: 0.000 	language item collection
time: 0.009 	resolution
time: 0.000 	lifetime resolution
time: 0.000 	looking for entry point
time: 0.000 	looking for plugin registrar
time: 0.002 	region resolution
time: 0.000 	loop checking
time: 0.000 	static item recursion checking
time: 0.003 	type collecting
time: 0.000 	variance inference
time: 0.031 	coherence checking
time: 0.328 	type checking
time: 0.012 	const checking
time: 0.002 	privacy checking
time: 0.000 	stability index
time: 0.001 	intrinsic checking
time: 0.000 	effect checking
time: 0.001 	match checking
time: 0.001 	liveness checking
time: 0.024 	borrow checking
time: 0.010 	rvalue checking
time: 0.000 	reachability checking
time: 0.001 	death checking
time: 0.002 	stability checking
time: 0.000 	unused lib feature checking
time: 0.009 	lint checking
time: 0.000 	resolving dependency formats
time: 0.170 	translation
  time: 0.023 	llvm function passes
  time: 0.154 	llvm module passes
  time: 0.053 	codegen passes
  time: 0.000 	codegen passes
time: 0.235 	LLVM passes
time: 0.006 	linking
rustc: x86_64-unknown-linux-gnu/stage2/lib/rustlib/x86_64-unknown-linux-gnu/lib/liballoc
time: 0.009 	parsing
time: 0.003 	configuration 1
time: 0.000 	recursion limit
time: 0.000 	gated macro checking
time: 0.000 	crate injection
time: 0.001 	macro loading
time: 0.000 	plugin loading
time: 0.000 	plugin registration
time: 0.008 	expansion
time: 0.000 	complete gated feature checking 1
time: 0.002 	configuration 2
time: 0.001 	maybe building test harness
time: 0.000 	prelude injection
time: 0.000 	checking that all macro invocations are gone
time: 0.000 	complete gated feature checking 2
time: 0.001 	assigning node ids and indexing ast
time: 0.000 	external crate/lib resolution
time: 0.000 	language item collection
time: 0.007 	resolution
time: 0.000 	lifetime resolution
time: 0.000 	looking for entry point
time: 0.000 	looking for plugin registrar
time: 0.000 	region resolution
time: 0.000 	loop checking
time: 0.000 	static item recursion checking
time: 0.002 	type collecting
time: 0.000 	variance inference
time: 0.041 	coherence checking
time: 0.064 	type checking
time: 0.005 	const checking
time: 0.000 	privacy checking
time: 0.000 	stability index
time: 0.000 	intrinsic checking
time: 0.000 	effect checking
time: 0.000 	match checking
time: 0.000 	liveness checking
time: 0.008 	borrow checking
time: 0.004 	rvalue checking
time: 0.000 	reachability checking
time: 0.000 	death checking
time: 0.001 	stability checking
time: 0.000 	unused lib feature checking
time: 0.003 	lint checking
time: 0.000 	resolving dependency formats
time: 0.032 	translation
  time: 0.001 	llvm function passes
  time: 0.004 	llvm module passes
  time: 0.007 	codegen passes
  time: 0.000 	codegen passes
time: 0.015 	LLVM passes
time: 0.007 	linking
rustc: x86_64-unknown-linux-gnu/stage2/lib/rustlib/x86_64-unknown-linux-gnu/lib/librustc_unicode
time: 0.089 	parsing
time: 0.020 	configuration 1
time: 0.000 	recursion limit
time: 0.001 	gated macro checking
time: 0.000 	crate injection
time: 0.001 	macro loading
time: 0.000 	plugin loading
time: 0.000 	plugin registration
time: 0.153 	expansion
time: 0.002 	complete gated feature checking 1
time: 0.021 	configuration 2
time: 0.011 	maybe building test harness
time: 0.000 	prelude injection
time: 0.001 	checking that all macro invocations are gone
time: 0.001 	complete gated feature checking 2
time: 0.013 	assigning node ids and indexing ast
time: 0.002 	external crate/lib resolution
time: 0.002 	language item collection
time: 0.011 	resolution
time: 0.001 	lifetime resolution
time: 0.000 	looking for entry point
time: 0.001 	looking for plugin registrar
time: 0.015 	region resolution
time: 0.001 	loop checking
time: 0.002 	static item recursion checking
time: 0.003 	type collecting
time: 0.002 	variance inference
time: 0.043 	coherence checking
time: 0.333 	type checking
time: 0.054 	const checking
time: 0.007 	privacy checking
time: 0.001 	stability index
time: 0.001 	intrinsic checking
time: 0.001 	effect checking
time: 0.002 	match checking
time: 0.002 	liveness checking
time: 0.013 	borrow checking
time: 0.004 	rvalue checking
time: 0.001 	reachability checking
time: 0.003 	death checking
time: 0.003 	stability checking
time: 0.000 	unused lib feature checking
time: 0.029 	lint checking
time: 0.000 	resolving dependency formats
time: 0.553 	translation
  time: 0.023 	llvm function passes
  time: 0.242 	llvm module passes
  time: 0.118 	codegen passes
  time: 0.001 	codegen passes
time: 0.398 	LLVM passes
time: 0.021 	linking
rustc: x86_64-unknown-linux-gnu/stage2/lib/rustlib/x86_64-unknown-linux-gnu/lib/libcollections
time: 0.053 	parsing
time: 0.019 	configuration 1
time: 0.000 	recursion limit
time: 0.001 	gated macro checking
time: 0.000 	crate injection
time: 0.001 	macro loading
time: 0.000 	plugin loading
time: 0.000 	plugin registration
time: 0.117 	expansion
time: 0.004 	complete gated feature checking 1
time: 0.026 	configuration 2
time: 0.013 	maybe building test harness
time: 0.000 	prelude injection
time: 0.001 	checking that all macro invocations are gone
time: 0.003 	complete gated feature checking 2
time: 0.014 	assigning node ids and indexing ast
time: 0.002 	external crate/lib resolution
time: 0.002 	language item collection
time: 0.036 	resolution
time: 0.002 	lifetime resolution
time: 0.000 	looking for entry point
time: 0.001 	looking for plugin registrar
time: 0.009 	region resolution
time: 0.002 	loop checking
time: 0.001 	static item recursion checking
time: 0.017 	type collecting
time: 0.003 	variance inference
time: 0.137 	coherence checking
time: 1.784 	type checking
time: 0.078 	const checking
time: 0.011 	privacy checking
time: 0.001 	stability index
time: 0.007 	intrinsic checking
time: 0.003 	effect checking
time: 0.022 	match checking
time: 0.007 	liveness checking
time: 0.168 	borrow checking
time: 0.121 	rvalue checking
time: 0.004 	reachability checking
time: 0.008 	death checking
time: 0.011 	stability checking
time: 0.000 	unused lib feature checking
time: 0.043 	lint checking
time: 0.000 	resolving dependency formats
time: 0.923 	translation
  time: 0.082 	llvm function passes
  time: 0.958 	llvm module passes
  time: 0.484 	codegen passes
  time: 0.001 	codegen passes
time: 1.566 	LLVM passes
time: 0.046 	linking
rustc: x86_64-unknown-linux-gnu/stage2/lib/rustlib/x86_64-unknown-linux-gnu/lib/librustc_bitflags
time: 0.001 	parsing
time: 0.000 	configuration 1
time: 0.000 	recursion limit
time: 0.000 	gated macro checking
time: 0.000 	crate injection
time: 0.000 	macro loading
time: 0.000 	plugin loading
time: 0.000 	plugin registration
time: 0.000 	expansion
time: 0.000 	complete gated feature checking 1
time: 0.000 	configuration 2
time: 0.000 	maybe building test harness
time: 0.000 	prelude injection
time: 0.000 	checking that all macro invocations are gone
time: 0.000 	complete gated feature checking 2
time: 0.000 	assigning node ids and indexing ast
time: 0.000 	external crate/lib resolution
time: 0.000 	language item collection
time: 0.000 	resolution
time: 0.000 	lifetime resolution
time: 0.000 	looking for entry point
time: 0.000 	looking for plugin registrar
time: 0.000 	region resolution
time: 0.000 	loop checking
time: 0.000 	static item recursion checking
time: 0.000 	type collecting
time: 0.000 	variance inference
time: 0.000 	coherence checking
time: 0.000 	type checking
time: 0.000 	const checking
time: 0.000 	privacy checking
time: 0.000 	stability index
time: 0.000 	intrinsic checking
time: 0.000 	effect checking
time: 0.000 	match checking
time: 0.000 	liveness checking
time: 0.000 	borrow checking
time: 0.000 	rvalue checking
time: 0.000 	reachability checking
time: 0.000 	death checking
time: 0.000 	stability checking
time: 0.000 	unused lib feature checking
time: 0.000 	lint checking
time: 0.000 	resolving dependency formats
time: 0.001 	translation
  time: 0.000 	llvm function passes
  time: 0.000 	llvm module passes
  time: 0.001 	codegen passes
  time: 0.000 	codegen passes
time: 0.003 	LLVM passes
time: 0.003 	linking
rustc: x86_64-unknown-linux-gnu/stage2/lib/rustlib/x86_64-unknown-linux-gnu/lib/libstd
time: 0.158 	parsing
time: 0.052 	configuration 1
time: 0.000 	recursion limit
time: 0.003 	gated macro checking
time: 0.000 	crate injection
time: 0.004 	macro loading
time: 0.000 	plugin loading
time: 0.000 	plugin registration
time: 0.258 	expansion
time: 0.011 	complete gated feature checking 1
time: 0.053 	configuration 2
time: 0.026 	maybe building test harness
time: 0.000 	prelude injection
time: 0.004 	checking that all macro invocations are gone
time: 0.010 	complete gated feature checking 2
time: 0.029 	assigning node ids and indexing ast
time: 0.004 	external crate/lib resolution
time: 0.006 	language item collection
time: 0.074 	resolution
time: 0.007 	lifetime resolution
time: 0.000 	looking for entry point
time: 0.004 	looking for plugin registrar
time: 0.020 	region resolution
time: 0.004 	loop checking
time: 0.004 	static item recursion checking
time: 0.033 	type collecting
time: 0.008 	variance inference
time: 0.129 	coherence checking
time: 1.650 	type checking
time: 0.149 	const checking
time: 0.029 	privacy checking
time: 0.002 	stability index
time: 0.010 	intrinsic checking
time: 0.006 	effect checking
time: 0.030 	match checking
time: 0.014 	liveness checking
time: 0.252 	borrow checking
time: 0.170 	rvalue checking
time: 0.008 	reachability checking
time: 0.020 	death checking
time: 0.022 	stability checking
time: 0.000 	unused lib feature checking
time: 0.090 	lint checking
time: 0.000 	resolving dependency formats
time: 1.640 	translation
  time: 0.322 	llvm function passes
  time: 4.537 	llvm module passes
  time: 1.856 	codegen passes
  time: 0.002 	codegen passes
time: 6.840 	LLVM passes
  time: 0.165 	running linker
time: 0.260 	linking
rustc: x86_64-unknown-linux-gnu/stage2/lib/rustlib/x86_64-unknown-linux-gnu/lib/libflate
time: 0.001 	parsing
time: 0.000 	configuration 1
time: 0.000 	recursion limit
time: 0.000 	gated macro checking
time: 0.000 	crate injection
time: 0.002 	macro loading
time: 0.000 	plugin loading
time: 0.000 	plugin registration
time: 0.002 	expansion
time: 0.000 	complete gated feature checking 1
time: 0.000 	configuration 2
time: 0.000 	maybe building test harness
time: 0.000 	prelude injection
time: 0.000 	checking that all macro invocations are gone
time: 0.000 	complete gated feature checking 2
time: 0.000 	assigning node ids and indexing ast
time: 0.000 	external crate/lib resolution
time: 0.000 	language item collection
time: 0.005 	resolution
time: 0.000 	lifetime resolution
time: 0.000 	looking for entry point
time: 0.000 	looking for plugin registrar
time: 0.000 	region resolution
time: 0.000 	loop checking
time: 0.000 	static item recursion checking
time: 0.000 	type collecting
time: 0.000 	variance inference
time: 0.025 	coherence checking
time: 0.019 	type checking
time: 0.001 	const checking
time: 0.000 	privacy checking
time: 0.000 	stability index
time: 0.000 	intrinsic checking
time: 0.000 	effect checking
time: 0.000 	match checking
time: 0.000 	liveness checking
time: 0.001 	borrow checking
time: 0.000 	rvalue checking
time: 0.000 	reachability checking
time: 0.000 	death checking
time: 0.000 	stability checking
time: 0.000 	unused lib feature checking
time: 0.001 	lint checking
time: 0.000 	resolving dependency formats
time: 0.019 	translation
  time: 0.003 	llvm function passes
  time: 0.009 	llvm module passes
  time: 0.007 	codegen passes
  time: 0.000 	codegen passes
time: 0.022 	LLVM passes
  time: 0.020 	running linker
time: 0.024 	linking
rustc: x86_64-unknown-linux-gnu/stage2/lib/rustlib/x86_64-unknown-linux-gnu/lib/libarena
time: 0.002 	parsing
time: 0.001 	configuration 1
time: 0.000 	recursion limit
time: 0.000 	gated macro checking
time: 0.000 	crate injection
time: 0.002 	macro loading
time: 0.000 	plugin loading
time: 0.000 	plugin registration
time: 0.003 	expansion
time: 0.000 	complete gated feature checking 1
time: 0.001 	configuration 2
time: 0.000 	maybe building test harness
time: 0.000 	prelude injection
time: 0.000 	checking that all macro invocations are gone
time: 0.000 	complete gated feature checking 2
time: 0.000 	assigning node ids and indexing ast
time: 0.000 	external crate/lib resolution
time: 0.000 	language item collection
time: 0.003 	resolution
time: 0.000 	lifetime resolution
time: 0.000 	looking for entry point
time: 0.000 	looking for plugin registrar
time: 0.000 	region resolution
time: 0.000 	loop checking
time: 0.000 	static item recursion checking
time: 0.001 	type collecting
time: 0.000 	variance inference
time: 0.015 	coherence checking
time: 0.095 	type checking
time: 0.003 	const checking
time: 0.000 	privacy checking
time: 0.000 	stability index
time: 0.000 	intrinsic checking
time: 0.000 	effect checking
time: 0.000 	match checking
time: 0.000 	liveness checking
time: 0.003 	borrow checking
time: 0.002 	rvalue checking
time: 0.000 	reachability checking
time: 0.000 	death checking
time: 0.001 	stability checking
time: 0.000 	unused lib feature checking
time: 0.003 	lint checking
time: 0.000 	resolving dependency formats
time: 0.063 	translation
  time: 0.011 	llvm function passes
  time: 0.074 	llvm module passes
  time: 0.029 	codegen passes
  time: 0.000 	codegen passes
time: 0.118 	LLVM passes
  time: 0.015 	running linker
time: 0.020 	linking
rustc: x86_64-unknown-linux-gnu/stage2/lib/rustlib/x86_64-unknown-linux-gnu/lib/liblog
time: 0.002 	parsing
time: 0.001 	configuration 1
time: 0.000 	recursion limit
time: 0.000 	gated macro checking
time: 0.000 	crate injection
time: 0.002 	macro loading
time: 0.000 	plugin loading
time: 0.000 	plugin registration
time: 0.006 	expansion
time: 0.000 	complete gated feature checking 1
time: 0.001 	configuration 2
time: 0.000 	maybe building test harness
time: 0.000 	prelude injection
time: 0.000 	checking that all macro invocations are gone
time: 0.000 	complete gated feature checking 2
time: 0.000 	assigning node ids and indexing ast
time: 0.000 	external crate/lib resolution
time: 0.000 	language item collection
time: 0.004 	resolution
time: 0.000 	lifetime resolution
time: 0.000 	looking for entry point
time: 0.000 	looking for plugin registrar
time: 0.000 	region resolution
time: 0.000 	loop checking
time: 0.000 	static item recursion checking
time: 0.001 	type collecting
time: 0.000 	variance inference
time: 0.021 	coherence checking
time: 0.114 	type checking
time: 0.006 	const checking
time: 0.000 	privacy checking
time: 0.000 	stability index
time: 0.000 	intrinsic checking
time: 0.000 	effect checking
time: 0.000 	match checking
time: 0.000 	liveness checking
time: 0.003 	borrow checking
time: 0.001 	rvalue checking
time: 0.000 	reachability checking
time: 0.000 	death checking
time: 0.001 	stability checking
time: 0.000 	unused lib feature checking
time: 0.002 	lint checking
time: 0.000 	resolving dependency formats
time: 0.149 	translation
  time: 0.029 	llvm function passes
  time: 0.442 	llvm module passes
  time: 0.101 	codegen passes
  time: 0.000 	codegen passes
time: 0.580 	LLVM passes
  time: 0.019 	running linker
time: 0.027 	linking
rustc: x86_64-unknown-linux-gnu/stage2/lib/rustlib/x86_64-unknown-linux-gnu/lib/libterm
time: 0.008 	parsing
time: 0.002 	configuration 1
time: 0.000 	recursion limit
time: 0.000 	gated macro checking
time: 0.000 	crate injection
time: 0.003 	macro loading
time: 0.000 	plugin loading
time: 0.000 	plugin registration
time: 0.020 	expansion
time: 0.000 	complete gated feature checking 1
time: 0.003 	configuration 2
time: 0.001 	maybe building test harness
time: 0.001 	prelude injection
time: 0.000 	checking that all macro invocations are gone
time: 0.000 	complete gated feature checking 2
time: 0.002 	assigning node ids and indexing ast
time: 0.000 	external crate/lib resolution
time: 0.000 	language item collection
time: 0.008 	resolution
time: 0.000 	lifetime resolution
time: 0.000 	looking for entry point
time: 0.000 	looking for plugin registrar
time: 0.001 	region resolution
time: 0.000 	loop checking
time: 0.000 	static item recursion checking
time: 0.001 	type collecting
time: 0.000 	variance inference
time: 0.019 	coherence checking
time: 0.265 	type checking
time: 0.011 	const checking
time: 0.001 	privacy checking
time: 0.000 	stability index
time: 0.000 	intrinsic checking
time: 0.000 	effect checking
time: 0.001 	match checking
time: 0.001 	liveness checking
time: 0.015 	borrow checking
time: 0.006 	rvalue checking
time: 0.000 	reachability checking
time: 0.001 	death checking
time: 0.002 	stability checking
time: 0.000 	unused lib feature checking
time: 0.007 	lint checking
time: 0.000 	resolving dependency formats
time: 0.405 	translation
  time: 0.077 	llvm function passes
  time: 1.293 	llvm module passes
  time: 0.540 	codegen passes
  time: 0.001 	codegen passes
time: 1.941 	LLVM passes
  time: 0.029 	running linker
time: 0.053 	linking
rustc: x86_64-unknown-linux-gnu/stage2/lib/rustlib/x86_64-unknown-linux-gnu/lib/libserialize
time: 0.020 	parsing
time: 0.006 	configuration 1
time: 0.000 	recursion limit
time: 0.000 	gated macro checking
time: 0.000 	crate injection
time: 0.003 	macro loading
time: 0.000 	plugin loading
time: 0.000 	plugin registration
time: 0.077 	expansion
time: 0.002 	complete gated feature checking 1
time: 0.013 	configuration 2
time: 0.007 	maybe building test harness
time: 0.006 	prelude injection
time: 0.000 	checking that all macro invocations are gone
time: 0.001 	complete gated feature checking 2
time: 0.008 	assigning node ids and indexing ast
time: 0.001 	external crate/lib resolution
time: 0.001 	language item collection
time: 0.027 	resolution
time: 0.001 	lifetime resolution
time: 0.000 	looking for entry point
time: 0.000 	looking for plugin registrar
time: 0.006 	region resolution
time: 0.001 	loop checking
time: 0.001 	static item recursion checking
time: 0.008 	type collecting
time: 0.001 	variance inference
time: 0.081 	coherence checking
time: 1.161 	type checking
time: 0.167 	const checking
time: 0.005 	privacy checking
time: 0.000 	stability index
time: 0.003 	intrinsic checking
time: 0.002 	effect checking
time: 0.020 	match checking
time: 0.006 	liveness checking
time: 0.329 	borrow checking
time: 0.184 	rvalue checking
time: 0.002 	reachability checking
time: 0.005 	death checking
time: 0.007 	stability checking
time: 0.000 	unused lib feature checking
time: 0.027 	lint checking
time: 0.000 	resolving dependency formats
time: 0.602 	translation
  time: 0.097 	llvm function passes
  time: 2.807 	llvm module passes
  time: 0.589 	codegen passes
  time: 0.001 	codegen passes
time: 3.529 	LLVM passes
  time: 0.031 	running linker
time: 0.061 	linking
rustc: x86_64-unknown-linux-gnu/stage2/lib/rustlib/x86_64-unknown-linux-gnu/lib/libgetopts
time: 0.005 	parsing
time: 0.001 	configuration 1
time: 0.000 	recursion limit
time: 0.000 	gated macro checking
time: 0.000 	crate injection
time: 0.002 	macro loading
time: 0.000 	plugin loading
time: 0.000 	plugin registration
time: 0.012 	expansion
time: 0.000 	complete gated feature checking 1
time: 0.002 	configuration 2
time: 0.001 	maybe building test harness
time: 0.001 	prelude injection
time: 0.000 	checking that all macro invocations are gone
time: 0.000 	complete gated feature checking 2
time: 0.001 	assigning node ids and indexing ast
time: 0.000 	external crate/lib resolution
time: 0.000 	language item collection
time: 0.006 	resolution
time: 0.000 	lifetime resolution
time: 0.000 	looking for entry point
time: 0.000 	looking for plugin registrar
time: 0.001 	region resolution
time: 0.000 	loop checking
time: 0.000 	static item recursion checking
time: 0.001 	type collecting
time: 0.000 	variance inference
time: 0.020 	coherence checking
time: 0.190 	type checking
time: 0.006 	const checking
time: 0.001 	privacy checking
time: 0.000 	stability index
time: 0.000 	intrinsic checking
time: 0.000 	effect checking
time: 0.001 	match checking
time: 0.001 	liveness checking
time: 0.010 	borrow checking
time: 0.004 	rvalue checking
time: 0.000 	reachability checking
time: 0.001 	death checking
time: 0.002 	stability checking
time: 0.000 	unused lib feature checking
time: 0.005 	lint checking
time: 0.000 	resolving dependency formats
time: 0.319 	translation
  time: 0.055 	llvm function passes
  time: 1.064 	llvm module passes
  time: 0.468 	codegen passes
  time: 0.001 	codegen passes
time: 1.612 	LLVM passes
  time: 0.024 	running linker
time: 0.042 	linking
rustc: x86_64-unknown-linux-gnu/stage2/lib/rustlib/x86_64-unknown-linux-gnu/lib/librbml
time: 0.006 	parsing
time: 0.002 	configuration 1
time: 0.000 	recursion limit
time: 0.000 	gated macro checking
time: 0.000 	crate injection
time: 0.003 	macro loading
time: 0.000 	plugin loading
time: 0.000 	plugin registration
time: 0.021 	expansion
time: 0.000 	complete gated feature checking 1
time: 0.003 	configuration 2
time: 0.002 	maybe building test harness
time: 0.001 	prelude injection
time: 0.000 	checking that all macro invocations are gone
time: 0.000 	complete gated feature checking 2
time: 0.002 	assigning node ids and indexing ast
time: 0.000 	external crate/lib resolution
time: 0.000 	language item collection
time: 0.007 	resolution
time: 0.000 	lifetime resolution
time: 0.000 	looking for entry point
time: 0.000 	looking for plugin registrar
time: 0.001 	region resolution
time: 0.000 	loop checking
time: 0.000 	static item recursion checking
time: 0.002 	type collecting
time: 0.000 	variance inference
time: 0.060 	coherence checking
time: 0.206 	type checking
time: 0.023 	const checking
time: 0.001 	privacy checking
time: 0.000 	stability index
time: 0.001 	intrinsic checking
time: 0.000 	effect checking
time: 0.002 	match checking
time: 0.001 	liveness checking
time: 0.029 	borrow checking
time: 0.018 	rvalue checking
time: 0.000 	reachability checking
time: 0.001 	death checking
time: 0.002 	stability checking
time: 0.000 	unused lib feature checking
time: 0.007 	lint checking
time: 0.000 	resolving dependency formats
time: 0.127 	translation
  time: 0.023 	llvm function passes
  time: 0.240 	llvm module passes
  time: 0.130 	codegen passes
  time: 0.001 	codegen passes
time: 0.403 	LLVM passes
  time: 0.025 	running linker
time: 0.035 	linking
rustc: x86_64-unknown-linux-gnu/stage2/lib/rustlib/x86_64-unknown-linux-gnu/lib/libtest
time: 0.007 	parsing
time: 0.002 	configuration 1
time: 0.000 	recursion limit
time: 0.000 	gated macro checking
time: 0.000 	crate injection
time: 0.002 	macro loading
time: 0.000 	plugin loading
time: 0.000 	plugin registration
time: 0.017 	expansion
time: 0.000 	complete gated feature checking 1
time: 0.003 	configuration 2
time: 0.002 	maybe building test harness
time: 0.001 	prelude injection
time: 0.000 	checking that all macro invocations are gone
time: 0.000 	complete gated feature checking 2
time: 0.002 	assigning node ids and indexing ast
time: 0.001 	external crate/lib resolution
time: 0.000 	language item collection
time: 0.011 	resolution
time: 0.000 	lifetime resolution
time: 0.000 	looking for entry point
time: 0.000 	looking for plugin registrar
time: 0.001 	region resolution
time: 0.000 	loop checking
time: 0.000 	static item recursion checking
time: 0.002 	type collecting
time: 0.000 	variance inference
time: 0.025 	coherence checking
time: 0.279 	type checking
time: 0.015 	const checking
time: 0.001 	privacy checking
time: 0.000 	stability index
time: 0.001 	intrinsic checking
time: 0.000 	effect checking
time: 0.002 	match checking
time: 0.001 	liveness checking
time: 0.018 	borrow checking
time: 0.010 	rvalue checking
time: 0.000 	reachability checking
time: 0.001 	death checking
time: 0.002 	stability checking
time: 0.000 	unused lib feature checking
time: 0.007 	lint checking
time: 0.000 	resolving dependency formats
time: 0.691 	translation
  time: 0.135 	llvm function passes
  time: 2.812 	llvm module passes
  time: 0.880 	codegen passes
  time: 0.001 	codegen passes
time: 3.886 	LLVM passes
  time: 0.030 	running linker
time: 0.067 	linking
rustc: x86_64-unknown-linux-gnu/stage2/lib/rustlib/x86_64-unknown-linux-gnu/lib/libgraphviz
time: 0.002 	parsing
time: 0.001 	configuration 1
time: 0.000 	recursion limit
time: 0.000 	gated macro checking
time: 0.000 	crate injection
time: 0.002 	macro loading
time: 0.000 	plugin loading
time: 0.000 	plugin registration
time: 0.003 	expansion
time: 0.000 	complete gated feature checking 1
time: 0.001 	configuration 2
time: 0.000 	maybe building test harness
time: 0.000 	prelude injection
time: 0.000 	checking that all macro invocations are gone
time: 0.000 	complete gated feature checking 2
time: 0.000 	assigning node ids and indexing ast
time: 0.000 	external crate/lib resolution
time: 0.000 	language item collection
time: 0.004 	resolution
time: 0.000 	lifetime resolution
time: 0.000 	looking for entry point
time: 0.000 	looking for plugin registrar
time: 0.000 	region resolution
time: 0.000 	loop checking
time: 0.000 	static item recursion checking
time: 0.001 	type collecting
time: 0.000 	variance inference
time: 0.020 	coherence checking
time: 0.096 	type checking
time: 0.002 	const checking
time: 0.000 	privacy checking
time: 0.000 	stability index
time: 0.000 	intrinsic checking
time: 0.000 	effect checking
time: 0.000 	match checking
time: 0.000 	liveness checking
time: 0.003 	borrow checking
time: 0.002 	rvalue checking
time: 0.000 	reachability checking
time: 0.000 	death checking
time: 0.001 	stability checking
time: 0.000 	unused lib feature checking
time: 0.001 	lint checking
time: 0.000 	resolving dependency formats
time: 0.066 	translation
  time: 0.011 	llvm function passes
  time: 0.090 	llvm module passes
  time: 0.027 	codegen passes
  time: 0.000 	codegen passes
time: 0.131 	LLVM passes
  time: 0.015 	running linker
time: 0.019 	linking
rustc: x86_64-unknown-linux-gnu/stage2/lib/rustlib/x86_64-unknown-linux-gnu/lib/libfmt_macros
time: 0.002 	parsing
time: 0.000 	configuration 1
time: 0.000 	recursion limit
time: 0.000 	gated macro checking
time: 0.000 	crate injection
time: 0.002 	macro loading
time: 0.000 	plugin loading
time: 0.000 	plugin registration
time: 0.005 	expansion
time: 0.000 	complete gated feature checking 1
time: 0.001 	configuration 2
time: 0.001 	maybe building test harness
time: 0.001 	prelude injection
time: 0.000 	checking that all macro invocations are gone
time: 0.000 	complete gated feature checking 2
time: 0.001 	assigning node ids and indexing ast
time: 0.000 	external crate/lib resolution
time: 0.000 	language item collection
time: 0.003 	resolution
time: 0.000 	lifetime resolution
time: 0.000 	looking for entry point
time: 0.000 	looking for plugin registrar
time: 0.000 	region resolution
time: 0.000 	loop checking
time: 0.000 	static item recursion checking
time: 0.001 	type collecting
time: 0.000 	variance inference
time: 0.064 	coherence checking
time: 0.048 	type checking
time: 0.002 	const checking
time: 0.000 	privacy checking
time: 0.000 	stability index
time: 0.000 	intrinsic checking
time: 0.000 	effect checking
time: 0.001 	match checking
time: 0.000 	liveness checking
time: 0.004 	borrow checking
time: 0.002 	rvalue checking
time: 0.000 	reachability checking
time: 0.000 	death checking
time: 0.001 	stability checking
time: 0.000 	unused lib feature checking
time: 0.002 	lint checking
time: 0.000 	resolving dependency formats
time: 0.088 	translation
  time: 0.016 	llvm function passes
  time: 0.263 	llvm module passes
  time: 0.100 	codegen passes
  time: 0.000 	codegen passes
time: 0.387 	LLVM passes
  time: 0.020 	running linker
time: 0.027 	linking
rustc: x86_64-unknown-linux-gnu/stage2/lib/rustlib/x86_64-unknown-linux-gnu/lib/libsyntax
time: 0.127 	parsing
time: 0.041 	configuration 1
time: 0.000 	recursion limit
time: 0.003 	gated macro checking
time: 0.000 	crate injection
time: 0.006 	macro loading
time: 0.000 	plugin loading
time: 0.000 	plugin registration
time: 0.620 	expansion
time: 0.020 	complete gated feature checking 1
time: 0.113 	configuration 2
time: 0.059 	maybe building test harness
time: 0.054 	prelude injection
time: 0.009 	checking that all macro invocations are gone
time: 0.020 	complete gated feature checking 2
time: 0.074 	assigning node ids and indexing ast
time: 0.010 	external crate/lib resolution
time: 0.019 	language item collection
time: 0.244 	resolution
time: 0.016 	lifetime resolution
time: 0.000 	looking for entry point
time: 0.009 	looking for plugin registrar
time: 0.074 	region resolution
time: 0.010 	loop checking
time: 0.010 	static item recursion checking
time: 0.057 	type collecting
time: 0.020 	variance inference
time: 0.155 	coherence checking
time: 14.006 	type checking
time: 1.198 	const checking
time: 0.092 	privacy checking
time: 0.002 	stability index
time: 0.026 	intrinsic checking
time: 0.023 	effect checking
time: 0.112 	match checking
time: 0.067 	liveness checking
time: 1.993 	borrow checking
time: 1.117 	rvalue checking
time: 0.024 	reachability checking
time: 0.066 	death checking
time: 0.077 	stability checking
time: 0.000 	unused lib feature checking
time: 0.268 	lint checking
time: 0.000 	resolving dependency formats
time: 9.000 	translation
  time: 1.983 	llvm function passes
  time: 53.035 	llvm module passes
  time: 18.076 	codegen passes
  time: 0.003 	codegen passes
time: 74.479 	LLVM passes
  time: 0.169 	running linker
time: 0.917 	linking
rustc: x86_64-unknown-linux-gnu/stage2/lib/rustlib/x86_64-unknown-linux-gnu/lib/librustc_llvm
time: 0.007 	parsing
time: 0.001 	configuration 1
time: 0.000 	recursion limit
time: 0.000 	gated macro checking
time: 0.000 	crate injection
time: 0.003 	macro loading
time: 0.000 	plugin loading
time: 0.000 	plugin registration
time: 0.014 	expansion
time: 0.000 	complete gated feature checking 1
time: 0.003 	configuration 2
time: 0.001 	maybe building test harness
time: 0.002 	prelude injection
time: 0.000 	checking that all macro invocations are gone
time: 0.000 	complete gated feature checking 2
time: 0.002 	assigning node ids and indexing ast
time: 0.000 	external crate/lib resolution
time: 0.000 	language item collection
time: 0.010 	resolution
time: 0.000 	lifetime resolution
time: 0.000 	looking for entry point
time: 0.000 	looking for plugin registrar
time: 0.001 	region resolution
time: 0.000 	loop checking
time: 0.000 	static item recursion checking
time: 0.003 	type collecting
time: 0.000 	variance inference
time: 0.076 	coherence checking
time: 0.120 	type checking
time: 0.005 	const checking
time: 0.001 	privacy checking
time: 0.000 	stability index
time: 0.000 	intrinsic checking
time: 0.000 	effect checking
time: 0.001 	match checking
time: 0.000 	liveness checking
time: 0.006 	borrow checking
time: 0.002 	rvalue checking
time: 0.000 	reachability checking
time: 0.001 	death checking
time: 0.001 	stability checking
time: 0.000 	unused lib feature checking
time: 0.006 	lint checking
time: 0.000 	resolving dependency formats
time: 0.113 	translation
  time: 0.017 	llvm function passes
  time: 0.090 	llvm module passes
  time: 0.055 	codegen passes
  time: 0.000 	codegen passes
time: 0.167 	LLVM passes
  time: 1.488 	running linker
time: 1.739 	linking
rustc: x86_64-unknown-linux-gnu/stage2/lib/rustlib/x86_64-unknown-linux-gnu/lib/librustc_back
time: 0.009 	parsing
time: 0.002 	configuration 1
time: 0.000 	recursion limit
time: 0.000 	gated macro checking
time: 0.000 	crate injection
time: 0.003 	macro loading
time: 0.000 	plugin loading
time: 0.000 	plugin registration
time: 0.034 	expansion
time: 0.001 	complete gated feature checking 1
time: 0.005 	configuration 2
time: 0.003 	maybe building test harness
time: 0.002 	prelude injection
time: 0.000 	checking that all macro invocations are gone
time: 0.000 	complete gated feature checking 2
time: 0.003 	assigning node ids and indexing ast
time: 0.003 	external crate/lib resolution
time: 0.000 	language item collection
time: 0.020 	resolution
time: 0.000 	lifetime resolution
time: 0.000 	looking for entry point
time: 0.000 	looking for plugin registrar
time: 0.002 	region resolution
time: 0.000 	loop checking
time: 0.000 	static item recursion checking
time: 0.002 	type collecting
time: 0.000 	variance inference
time: 0.029 	coherence checking
time: 0.498 	type checking
time: 0.035 	const checking
time: 0.002 	privacy checking
time: 0.000 	stability index
time: 0.001 	intrinsic checking
time: 0.000 	effect checking
time: 0.002 	match checking
time: 0.002 	liveness checking
time: 0.029 	borrow checking
time: 0.015 	rvalue checking
time: 0.000 	reachability checking
time: 0.002 	death checking
time: 0.005 	stability checking
time: 0.000 	unused lib feature checking
time: 0.013 	lint checking
time: 0.000 	resolving dependency formats
time: 1.077 	translation
  time: 0.185 	llvm function passes
  time: 4.029 	llvm module passes
  time: 1.262 	codegen passes
  time: 0.001 	codegen passes
time: 5.578 	LLVM passes
  time: 0.078 	running linker
time: 0.138 	linking
rustc: x86_64-unknown-linux-gnu/stage2/lib/rustlib/x86_64-unknown-linux-gnu/lib/librustc_data_structures
time: 0.004 	parsing
time: 0.001 	configuration 1
time: 0.000 	recursion limit
time: 0.000 	gated macro checking
time: 0.000 	crate injection
time: 0.003 	macro loading
time: 0.000 	plugin loading
time: 0.000 	plugin registration
time: 0.009 	expansion
time: 0.000 	complete gated feature checking 1
time: 0.002 	configuration 2
time: 0.001 	maybe building test harness
time: 0.001 	prelude injection
time: 0.000 	checking that all macro invocations are gone
time: 0.000 	complete gated feature checking 2
time: 0.001 	assigning node ids and indexing ast
time: 0.000 	external crate/lib resolution
time: 0.000 	language item collection
time: 0.006 	resolution
time: 0.000 	lifetime resolution
time: 0.000 	looking for entry point
time: 0.000 	looking for plugin registrar
time: 0.001 	region resolution
time: 0.000 	loop checking
time: 0.000 	static item recursion checking
time: 0.002 	type collecting
time: 0.000 	variance inference
time: 0.069 	coherence checking
time: 0.175 	type checking
time: 0.011 	const checking
time: 0.001 	privacy checking
time: 0.000 	stability index
time: 0.001 	intrinsic checking
time: 0.000 	effect checking
time: 0.003 	match checking
time: 0.000 	liveness checking
time: 0.018 	borrow checking
time: 0.013 	rvalue checking
time: 0.000 	reachability checking
time: 0.001 	death checking
time: 0.001 	stability checking
time: 0.000 	unused lib feature checking
time: 0.003 	lint checking
time: 0.000 	resolving dependency formats
time: 0.065 	translation
  time: 0.005 	llvm function passes
  time: 0.033 	llvm module passes
  time: 0.012 	codegen passes
  time: 0.000 	codegen passes
time: 0.053 	LLVM passes
  time: 0.017 	running linker
time: 0.021 	linking
rustc: x86_64-unknown-linux-gnu/stage2/lib/rustlib/x86_64-unknown-linux-gnu/lib/librustc
time: 0.186 	parsing
time: 0.062 	configuration 1
time: 0.000 	recursion limit
time: 0.004 	gated macro checking
time: 0.000 	crate injection
time: 0.008 	macro loading
time: 0.000 	plugin loading
time: 0.000 	plugin registration
time: 0.839 	expansion
time: 0.025 	complete gated feature checking 1
time: 0.143 	configuration 2
time: 0.075 	maybe building test harness
time: 0.068 	prelude injection
time: 0.012 	checking that all macro invocations are gone
time: 0.026 	complete gated feature checking 2
time: 0.093 	assigning node ids and indexing ast
time: 0.015 	external crate/lib resolution
time: 0.025 	language item collection
time: 0.296 	resolution
time: 0.021 	lifetime resolution
time: 0.000 	looking for entry point
time: 0.012 	looking for plugin registrar
time: 0.092 	region resolution
time: 0.012 	loop checking
time: 0.013 	static item recursion checking
time: 0.082 	type collecting
time: 0.026 	variance inference
time: 0.194 	coherence checking
time: 10.641 	type checking
time: 1.376 	const checking
time: 0.123 	privacy checking
time: 0.002 	stability index
time: 0.034 	intrinsic checking
time: 0.026 	effect checking
time: 0.106 	match checking
time: 0.066 	liveness checking
time: 1.196 	borrow checking
time: 0.823 	rvalue checking
time: 0.024 	reachability checking
time: 0.084 	death checking
time: 0.097 	stability checking
time: 0.000 	unused lib feature checking
time: 0.355 	lint checking
time: 0.000 	resolving dependency formats
time: 19.159 	translation
  time: 3.966 	llvm function passes
  time: 91.984 	llvm module passes
  time: 25.685 	codegen passes
  time: 0.004 	codegen passes
time: 123.964 	LLVM passes
  time: 0.313 	running linker
time: 1.323 	linking
rustc: x86_64-unknown-linux-gnu/stage2/lib/rustlib/x86_64-unknown-linux-gnu/lib/librustc_typeck
time: 0.075 	parsing
time: 0.025 	configuration 1
time: 0.000 	recursion limit
time: 0.002 	gated macro checking
time: 0.000 	crate injection
time: 0.005 	macro loading
time: 0.000 	plugin loading
time: 0.000 	plugin registration
time: 0.314 	expansion
time: 0.009 	complete gated feature checking 1
time: 0.045 	configuration 2
time: 0.023 	maybe building test harness
time: 0.021 	prelude injection
time: 0.004 	checking that all macro invocations are gone
time: 0.008 	complete gated feature checking 2
time: 0.030 	assigning node ids and indexing ast
time: 0.028 	external crate/lib resolution
time: 0.008 	language item collection
time: 0.112 	resolution
time: 0.007 	lifetime resolution
time: 0.000 	looking for entry point
time: 0.004 	looking for plugin registrar
time: 0.026 	region resolution
time: 0.004 	loop checking
time: 0.004 	static item recursion checking
time: 0.022 	type collecting
time: 0.008 	variance inference
time: 0.139 	coherence checking
time: 4.557 	type checking
time: 1.087 	const checking
time: 0.054 	privacy checking
time: 0.000 	stability index
time: 0.011 	intrinsic checking
time: 0.008 	effect checking
time: 0.022 	match checking
time: 0.027 	liveness checking
time: 0.255 	borrow checking
time: 0.201 	rvalue checking
time: 0.001 	reachability checking
time: 0.041 	death checking
time: 0.055 	stability checking
time: 0.000 	unused lib feature checking
time: 0.144 	lint checking
time: 0.000 	resolving dependency formats
time: 8.327 	translation
  time: 1.519 	llvm function passes
  time: 32.050 	llvm module passes
  time: 8.563 	codegen passes
  time: 0.001 	codegen passes
time: 42.864 	LLVM passes
  time: 0.149 	running linker
time: 0.487 	linking
rustc: x86_64-unknown-linux-gnu/stage2/lib/rustlib/x86_64-unknown-linux-gnu/lib/librustc_borrowck
time: 0.015 	parsing
time: 0.004 	configuration 1
time: 0.000 	recursion limit
time: 0.000 	gated macro checking
time: 0.000 	crate injection
time: 0.004 	macro loading
time: 0.000 	plugin loading
time: 0.000 	plugin registration
time: 0.063 	expansion
time: 0.001 	complete gated feature checking 1
time: 0.009 	configuration 2
time: 0.005 	maybe building test harness
time: 0.004 	prelude injection
time: 0.000 	checking that all macro invocations are gone
time: 0.001 	complete gated feature checking 2
time: 0.005 	assigning node ids and indexing ast
time: 0.028 	external crate/lib resolution
time: 0.001 	language item collection
time: 0.028 	resolution
time: 0.001 	lifetime resolution
time: 0.000 	looking for entry point
time: 0.000 	looking for plugin registrar
time: 0.004 	region resolution
time: 0.001 	loop checking
time: 0.000 	static item recursion checking
time: 0.005 	type collecting
time: 0.001 	variance inference
time: 0.060 	coherence checking
time: 0.741 	type checking
time: 0.137 	const checking
time: 0.006 	privacy checking
time: 0.000 	stability index
time: 0.001 	intrinsic checking
time: 0.001 	effect checking
time: 0.005 	match checking
time: 0.004 	liveness checking
time: 0.050 	borrow checking
time: 0.034 	rvalue checking
time: 0.000 	reachability checking
time: 0.006 	death checking
time: 0.009 	stability checking
time: 0.000 	unused lib feature checking
time: 0.026 	lint checking
time: 0.000 	resolving dependency formats
time: 1.621 	translation
  time: 0.296 	llvm function passes
  time: 4.124 	llvm module passes
  time: 1.353 	codegen passes
  time: 0.001 	codegen passes
time: 5.878 	LLVM passes
  time: 0.058 	running linker
time: 0.117 	linking
rustc: x86_64-unknown-linux-gnu/stage2/lib/rustlib/x86_64-unknown-linux-gnu/lib/librustc_resolve
time: 0.018 	parsing
time: 0.005 	configuration 1
time: 0.000 	recursion limit
time: 0.000 	gated macro checking
time: 0.000 	crate injection
time: 0.004 	macro loading
time: 0.000 	plugin loading
time: 0.000 	plugin registration
time: 0.073 	expansion
time: 0.002 	complete gated feature checking 1
time: 0.011 	configuration 2
time: 0.006 	maybe building test harness
time: 0.005 	prelude injection
time: 0.000 	checking that all macro invocations are gone
time: 0.001 	complete gated feature checking 2
time: 0.007 	assigning node ids and indexing ast
time: 0.028 	external crate/lib resolution
time: 0.001 	language item collection
time: 0.037 	resolution
time: 0.001 	lifetime resolution
time: 0.000 	looking for entry point
time: 0.000 	looking for plugin registrar
time: 0.005 	region resolution
time: 0.001 	loop checking
time: 0.000 	static item recursion checking
time: 0.005 	type collecting
time: 0.001 	variance inference
time: 0.061 	coherence checking
time: 0.920 	type checking
time: 0.071 	const checking
time: 0.007 	privacy checking
time: 0.000 	stability index
time: 0.002 	intrinsic checking
time: 0.001 	effect checking
time: 0.005 	match checking
time: 0.006 	liveness checking
time: 0.064 	borrow checking
time: 0.035 	rvalue checking
time: 0.000 	reachability checking
time: 0.005 	death checking
time: 0.009 	stability checking
time: 0.000 	unused lib feature checking
time: 0.030 	lint checking
time: 0.000 	resolving dependency formats
time: 2.166 	translation
  time: 0.460 	llvm function passes
  time: 7.500 	llvm module passes
  time: 2.284 	codegen passes
  time: 0.001 	codegen passes
time: 10.421 	LLVM passes
  time: 0.102 	running linker
time: 0.193 	linking
rustc: x86_64-unknown-linux-gnu/stage2/lib/rustlib/x86_64-unknown-linux-gnu/lib/librustc_trans
time: 0.120 	parsing
time: 0.038 	configuration 1
time: 0.000 	recursion limit
time: 0.003 	gated macro checking
time: 0.000 	crate injection
time: 0.006 	macro loading
time: 0.000 	plugin loading
time: 0.000 	plugin registration
time: 0.448 	expansion
time: 0.012 	complete gated feature checking 1
time: 0.065 	configuration 2
time: 0.034 	maybe building test harness
time: 0.031 	prelude injection
time: 0.006 	checking that all macro invocations are gone
time: 0.012 	complete gated feature checking 2
time: 0.043 	assigning node ids and indexing ast
time: 0.027 	external crate/lib resolution
time: 0.012 	language item collection
time: 0.174 	resolution
time: 0.010 	lifetime resolution
time: 0.000 	looking for entry point
time: 0.006 	looking for plugin registrar
time: 0.043 	region resolution
time: 0.006 	loop checking
time: 0.006 	static item recursion checking
time: 0.034 	type collecting
time: 0.012 	variance inference
time: 0.140 	coherence checking
time: 4.883 	type checking
time: 1.465 	const checking
time: 0.065 	privacy checking
time: 0.001 	stability index
time: 0.017 	intrinsic checking
time: 0.013 	effect checking
time: 0.032 	match checking
time: 0.037 	liveness checking
time: 0.379 	borrow checking
time: 0.225 	rvalue checking
time: 0.001 	reachability checking
time: 0.047 	death checking
time: 0.060 	stability checking
time: 0.000 	unused lib feature checking
time: 0.183 	lint checking
time: 0.000 	resolving dependency formats
time: 8.511 	translation
  time: 1.714 	llvm function passes
  time: 32.825 	llvm module passes
  time: 10.137 	codegen passes
  time: 0.001 	codegen passes
time: 45.517 	LLVM passes
  time: 0.164 	running linker
time: 0.551 	linking
rustc: x86_64-unknown-linux-gnu/stage2/lib/rustlib/x86_64-unknown-linux-gnu/lib/librustc_privacy
time: 0.005 	parsing
time: 0.002 	configuration 1
time: 0.000 	recursion limit
time: 0.000 	gated macro checking
time: 0.000 	crate injection
time: 0.004 	macro loading
time: 0.000 	plugin loading
time: 0.000 	plugin registration
time: 0.016 	expansion
time: 0.000 	complete gated feature checking 1
time: 0.003 	configuration 2
time: 0.001 	maybe building test harness
time: 0.001 	prelude injection
time: 0.000 	checking that all macro invocations are gone
time: 0.000 	complete gated feature checking 2
time: 0.002 	assigning node ids and indexing ast
time: 0.029 	external crate/lib resolution
time: 0.000 	language item collection
time: 0.013 	resolution
time: 0.000 	lifetime resolution
time: 0.000 	looking for entry point
time: 0.000 	looking for plugin registrar
time: 0.001 	region resolution
time: 0.000 	loop checking
time: 0.000 	static item recursion checking
time: 0.001 	type collecting
time: 0.000 	variance inference
time: 0.013 	coherence checking
time: 0.342 	type checking
time: 0.026 	const checking
time: 0.002 	privacy checking
time: 0.000 	stability index
time: 0.000 	intrinsic checking
time: 0.000 	effect checking
time: 0.001 	match checking
time: 0.001 	liveness checking
time: 0.015 	borrow checking
time: 0.005 	rvalue checking
time: 0.000 	reachability checking
time: 0.002 	death checking
time: 0.003 	stability checking
time: 0.000 	unused lib feature checking
time: 0.007 	lint checking
time: 0.000 	resolving dependency formats
time: 0.940 	translation
  time: 0.167 	llvm function passes
  time: 1.503 	llvm module passes
  time: 0.468 	codegen passes
  time: 0.001 	codegen passes
time: 2.172 	LLVM passes
  time: 0.047 	running linker
time: 0.069 	linking
rustc: x86_64-unknown-linux-gnu/stage2/lib/rustlib/x86_64-unknown-linux-gnu/lib/librustc_lint
time: 0.009 	parsing
time: 0.003 	configuration 1
time: 0.000 	recursion limit
time: 0.000 	gated macro checking
time: 0.000 	crate injection
time: 0.032 	macro loading
time: 0.000 	plugin loading
time: 0.000 	plugin registration
time: 0.026 	expansion
time: 0.000 	complete gated feature checking 1
time: 0.004 	configuration 2
time: 0.002 	maybe building test harness
time: 0.002 	prelude injection
time: 0.000 	checking that all macro invocations are gone
time: 0.000 	complete gated feature checking 2
time: 0.002 	assigning node ids and indexing ast
time: 0.000 	external crate/lib resolution
time: 0.000 	language item collection
time: 0.018 	resolution
time: 0.000 	lifetime resolution
time: 0.000 	looking for entry point
time: 0.000 	looking for plugin registrar
time: 0.002 	region resolution
time: 0.000 	loop checking
time: 0.000 	static item recursion checking
time: 0.002 	type collecting
time: 0.000 	variance inference
time: 0.048 	coherence checking
time: 0.348 	type checking
time: 0.030 	const checking
time: 0.003 	privacy checking
time: 0.000 	stability index
time: 0.001 	intrinsic checking
time: 0.000 	effect checking
time: 0.002 	match checking
time: 0.001 	liveness checking
time: 0.020 	borrow checking
time: 0.007 	rvalue checking
time: 0.000 	reachability checking
time: 0.002 	death checking
time: 0.005 	stability checking
time: 0.000 	unused lib feature checking
time: 0.010 	lint checking
time: 0.000 	resolving dependency formats
time: 1.201 	translation
  time: 0.218 	llvm function passes
  time: 2.165 	llvm module passes
  time: 0.703 	codegen passes
  time: 0.001 	codegen passes
time: 3.141 	LLVM passes
  time: 0.111 	running linker
time: 0.150 	linking
rustc: x86_64-unknown-linux-gnu/stage2/lib/rustlib/x86_64-unknown-linux-gnu/lib/librustc_driver
time: 0.012 	parsing
time: 0.003 	configuration 1
time: 0.000 	recursion limit
time: 0.000 	gated macro checking
time: 0.000 	crate injection
time: 0.004 	macro loading
time: 0.000 	plugin loading
time: 0.000 	plugin registration
time: 0.026 	expansion
time: 0.000 	complete gated feature checking 1
time: 0.004 	configuration 2
time: 0.002 	maybe building test harness
time: 0.002 	prelude injection
time: 0.000 	checking that all macro invocations are gone
time: 0.000 	complete gated feature checking 2
time: 0.003 	assigning node ids and indexing ast
time: 0.029 	external crate/lib resolution
time: 0.000 	language item collection
time: 0.026 	resolution
time: 0.000 	lifetime resolution
time: 0.000 	looking for entry point
time: 0.000 	looking for plugin registrar
time: 0.002 	region resolution
time: 0.000 	loop checking
time: 0.000 	static item recursion checking
time: 0.002 	type collecting
time: 0.000 	variance inference
time: 0.097 	coherence checking
time: 0.629 	type checking
time: 0.110 	const checking
time: 0.003 	privacy checking
time: 0.000 	stability index
time: 0.001 	intrinsic checking
time: 0.000 	effect checking
time: 0.002 	match checking
time: 0.001 	liveness checking
time: 0.026 	borrow checking
time: 0.049 	rvalue checking
time: 0.000 	reachability checking
time: 0.003 	death checking
time: 0.006 	stability checking
time: 0.000 	unused lib feature checking
time: 0.013 	lint checking
time: 0.000 	resolving dependency formats
time: 4.852 	translation
  time: 1.087 	llvm function passes
  time: 21.094 	llvm module passes
  time: 4.942 	codegen passes
  time: 0.001 	codegen passes
time: 27.565 	LLVM passes
  time: 0.126 	running linker
time: 0.322 	linking
rustc: x86_64-unknown-linux-gnu/stage2/lib/rustlib/x86_64-unknown-linux-gnu/lib/librustdoc
time: 0.039 	parsing
time: 0.013 	configuration 1
time: 0.000 	recursion limit
time: 0.001 	gated macro checking
time: 0.000 	crate injection
time: 0.003 	macro loading
time: 0.000 	plugin loading
time: 0.000 	plugin registration
time: 0.187 	expansion
time: 0.006 	complete gated feature checking 1
time: 0.037 	configuration 2
time: 0.019 	maybe building test harness
time: 0.018 	prelude injection
time: 0.003 	checking that all macro invocations are gone
time: 0.007 	complete gated feature checking 2
time: 0.024 	assigning node ids and indexing ast
time: 0.034 	external crate/lib resolution
time: 0.006 	language item collection
time: 0.085 	resolution
time: 0.005 	lifetime resolution
time: 0.000 	looking for entry point
time: 0.003 	looking for plugin registrar
time: 0.020 	region resolution
time: 0.003 	loop checking
time: 0.003 	static item recursion checking
time: 0.018 	type collecting
time: 0.007 	variance inference
time: 0.066 	coherence checking
time: 5.398 	type checking
time: 0.714 	const checking
time: 0.030 	privacy checking
time: 0.000 	stability index
time: 0.007 	intrinsic checking
time: 0.006 	effect checking
time: 0.060 	match checking
time: 0.018 	liveness checking
time: 1.153 	borrow checking
time: 0.682 	rvalue checking
time: 0.003 	reachability checking
time: 0.019 	death checking
time: 0.030 	stability checking
time: 0.000 	unused lib feature checking
time: 0.084 	lint checking
time: 0.000 	resolving dependency formats
time: 9.415 	translation
  time: 1.469 	llvm function passes
  time: 39.423 	llvm module passes
  time: 10.527 	codegen passes
  time: 0.001 	codegen passes
time: 52.205 	LLVM passes
  time: 0.155 	running linker
time: 0.552 	linking
rustc: x86_64-unknown-linux-gnu/stage1/lib/rustlib/x86_64-unknown-linux-gnu/bin/rustbook
cp: x86_64-unknown-linux-gnu/stage2/bin/rustbook
rustbook: doc/book/index.html
rustbook: doc/style/index.html
version-info: doc/version_info.html
rustdoc: doc/not_found.html
rustdoc: doc/index.html
rustdoc: doc/intro.html
rustdoc: doc/tutorial.html
rustdoc: doc/complement-lang-faq.html
rustdoc: doc/complement-design-faq.html
rustdoc: doc/complement-project-faq.html
rustdoc: doc/rustdoc.html
rustdoc: doc/reference.html
rustdoc: doc/grammar.html
rustdoc: doc/guide-crates.html
rustdoc: doc/guide-error-handling.html
rustdoc: doc/guide-ffi.html
rustdoc: doc/guide-macros.html
rustdoc: doc/guide.html
rustdoc: doc/guide-ownership.html
rustdoc: doc/guide-plugins.html
rustdoc: doc/guide-pointers.html
rustdoc: doc/guide-strings.html
rustdoc: doc/guide-tasks.html
rustdoc: doc/guide-testing.html
rustdoc: doc/std/index.html
rustdoc: doc/alloc/index.html
rustdoc: doc/collections/index.html
rustdoc: doc/core/index.html
rustdoc: doc/libc/index.html
rustdoc: doc/rustc_unicode/index.html
