commit ae75ef9e62b7df8c46865cfb907c56cab1f29f81
Merge: 4ad128b 20e1ea2
Author: bors <bors@rust-lang.org>
Date:   Tue Sep 1 09:12:52 2015 +0000

    Auto merge of #28137 - nrc:remove-non-multi, r=huonw
    
    This is a [breaking-change] for syntax extension authors. The fix is to use MultiModifier or MultiDecorator, which have the same functionality but are more flexible. Users of syntax extensions are unaffected.
cfg: version 1.4.0-dev (ae75ef9e6 2015-09-01)
cfg: build triple x86_64-unknown-linux-gnu
cfg: host triples x86_64-unknown-linux-gnu
cfg: target triples x86_64-unknown-linux-gnu
cfg: host for x86_64-unknown-linux-gnu is x86_64
cfg: os for x86_64-unknown-linux-gnu is unknown-linux-gnu
cfg: good valgrind for x86_64-unknown-linux-gnu is 1
cfg: using CC=gcc (CFG_CC)
cfg: disabling valgrind run-pass tests
rustc: x86_64-unknown-linux-gnu/stage0/lib/rustlib/x86_64-unknown-linux-gnu/lib/librustc_trans
rustc: x86_64-unknown-linux-gnu/stage0/lib/rustlib/x86_64-unknown-linux-gnu/lib/librustc_driver
rustc: x86_64-unknown-linux-gnu/stage0/lib/rustlib/x86_64-unknown-linux-gnu/bin/rustc
cp: x86_64-unknown-linux-gnu/stage1/lib/librustc_trans
cp: x86_64-unknown-linux-gnu/stage1/lib/librustc_driver
cp: x86_64-unknown-linux-gnu/stage1/bin/rustc
rustc: x86_64-unknown-linux-gnu/stage1/lib/rustlib/x86_64-unknown-linux-gnu/lib/libcore
rustc: x86_64-unknown-linux-gnu/stage1/lib/rustlib/x86_64-unknown-linux-gnu/lib/liblibc
rustc: x86_64-unknown-linux-gnu/stage1/lib/rustlib/x86_64-unknown-linux-gnu/lib/librand
rustc: x86_64-unknown-linux-gnu/stage1/lib/rustlib/x86_64-unknown-linux-gnu/lib/liballoc_system
rustc: x86_64-unknown-linux-gnu/stage1/lib/rustlib/x86_64-unknown-linux-gnu/lib/liballoc
rustc: x86_64-unknown-linux-gnu/stage1/lib/rustlib/x86_64-unknown-linux-gnu/lib/librustc_unicode
rustc: x86_64-unknown-linux-gnu/stage1/lib/rustlib/x86_64-unknown-linux-gnu/lib/libcollections
rustc: x86_64-unknown-linux-gnu/stage1/lib/rustlib/x86_64-unknown-linux-gnu/lib/liballoc_jemalloc
rustc: x86_64-unknown-linux-gnu/stage1/lib/rustlib/x86_64-unknown-linux-gnu/lib/libstd
rustc: x86_64-unknown-linux-gnu/stage1/lib/rustlib/x86_64-unknown-linux-gnu/lib/libarena
rustc: x86_64-unknown-linux-gnu/stage1/lib/rustlib/x86_64-unknown-linux-gnu/lib/libflate
rustc: x86_64-unknown-linux-gnu/stage1/lib/rustlib/x86_64-unknown-linux-gnu/lib/libgetopts
rustc: x86_64-unknown-linux-gnu/stage1/lib/rustlib/x86_64-unknown-linux-gnu/lib/libgraphviz
rustc: x86_64-unknown-linux-gnu/stage1/lib/rustlib/x86_64-unknown-linux-gnu/lib/liblog
rustc: x86_64-unknown-linux-gnu/stage1/lib/rustlib/x86_64-unknown-linux-gnu/lib/libterm
rustc: x86_64-unknown-linux-gnu/stage1/lib/rustlib/x86_64-unknown-linux-gnu/lib/libserialize
rustc: x86_64-unknown-linux-gnu/stage1/lib/rustlib/x86_64-unknown-linux-gnu/lib/libfmt_macros
rustc: x86_64-unknown-linux-gnu/stage1/lib/rustlib/x86_64-unknown-linux-gnu/lib/librustc_bitflags
rustc: x86_64-unknown-linux-gnu/stage1/lib/rustlib/x86_64-unknown-linux-gnu/lib/libsyntax
rustc: x86_64-unknown-linux-gnu/stage1/lib/rustlib/x86_64-unknown-linux-gnu/lib/librbml
rustc: x86_64-unknown-linux-gnu/stage1/lib/rustlib/x86_64-unknown-linux-gnu/lib/librustc_llvm
rustc: x86_64-unknown-linux-gnu/stage1/lib/rustlib/x86_64-unknown-linux-gnu/lib/librustc_back
rustc: x86_64-unknown-linux-gnu/stage1/lib/rustlib/x86_64-unknown-linux-gnu/lib/librustc_data_structures
rustc: x86_64-unknown-linux-gnu/stage1/lib/rustlib/x86_64-unknown-linux-gnu/lib/librustc
rustc: x86_64-unknown-linux-gnu/stage1/lib/rustlib/x86_64-unknown-linux-gnu/lib/librustc_borrowck
rustc: x86_64-unknown-linux-gnu/stage1/lib/rustlib/x86_64-unknown-linux-gnu/lib/librustc_platform_intrinsics
rustc: x86_64-unknown-linux-gnu/stage1/lib/rustlib/x86_64-unknown-linux-gnu/lib/librustc_typeck
rustc: x86_64-unknown-linux-gnu/stage1/lib/rustlib/x86_64-unknown-linux-gnu/lib/librustc_resolve
rustc: x86_64-unknown-linux-gnu/stage1/lib/rustlib/x86_64-unknown-linux-gnu/lib/librustc_trans
rustc: x86_64-unknown-linux-gnu/stage1/lib/rustlib/x86_64-unknown-linux-gnu/lib/librustc_privacy
rustc: x86_64-unknown-linux-gnu/stage1/lib/rustlib/x86_64-unknown-linux-gnu/lib/librustc_lint
rustc: x86_64-unknown-linux-gnu/stage1/lib/rustlib/x86_64-unknown-linux-gnu/lib/librustc_driver
rustc: x86_64-unknown-linux-gnu/stage1/lib/rustlib/x86_64-unknown-linux-gnu/bin/rustc
cp: x86_64-unknown-linux-gnu/stage2/lib/libstd
cp: x86_64-unknown-linux-gnu/stage2/lib/libarena
cp: x86_64-unknown-linux-gnu/stage2/lib/libflate
cp: x86_64-unknown-linux-gnu/stage2/lib/libgetopts
cp: x86_64-unknown-linux-gnu/stage2/lib/libgraphviz
cp: x86_64-unknown-linux-gnu/stage2/lib/liblog
cp: x86_64-unknown-linux-gnu/stage2/lib/libterm
cp: x86_64-unknown-linux-gnu/stage2/lib/libserialize
cp: x86_64-unknown-linux-gnu/stage2/lib/libfmt_macros
cp: x86_64-unknown-linux-gnu/stage2/lib/libsyntax
cp: x86_64-unknown-linux-gnu/stage2/lib/librbml
cp: x86_64-unknown-linux-gnu/stage2/lib/librustc_llvm
cp: x86_64-unknown-linux-gnu/stage2/lib/librustc_back
cp: x86_64-unknown-linux-gnu/stage2/lib/librustc_data_structures
cp: x86_64-unknown-linux-gnu/stage2/lib/librustc
cp: x86_64-unknown-linux-gnu/stage2/lib/librustc_borrowck
cp: x86_64-unknown-linux-gnu/stage2/lib/librustc_platform_intrinsics
cp: x86_64-unknown-linux-gnu/stage2/lib/librustc_typeck
cp: x86_64-unknown-linux-gnu/stage2/lib/librustc_resolve
cp: x86_64-unknown-linux-gnu/stage2/lib/librustc_trans
cp: x86_64-unknown-linux-gnu/stage2/lib/librustc_privacy
cp: x86_64-unknown-linux-gnu/stage2/lib/librustc_lint
cp: x86_64-unknown-linux-gnu/stage2/lib/librustc_driver
cp: x86_64-unknown-linux-gnu/stage2/bin/rustc
cp: x86_64-unknown-linux-gnu/stage2/lib/rustlib/x86_64-unknown-linux-gnu/lib/libcompiler-rt.a
rustc: x86_64-unknown-linux-gnu/stage1/lib/rustlib/x86_64-unknown-linux-gnu/lib/libtest
compile: x86_64-unknown-linux-gnu/rt/hoedown/src/autolink.o
compile: x86_64-unknown-linux-gnu/rt/hoedown/src/buffer.o
compile: x86_64-unknown-linux-gnu/rt/hoedown/src/document.o
compile: x86_64-unknown-linux-gnu/rt/hoedown/src/escape.o
compile: x86_64-unknown-linux-gnu/rt/hoedown/src/html.o
compile: x86_64-unknown-linux-gnu/rt/hoedown/src/html_blocks.o
compile: x86_64-unknown-linux-gnu/rt/hoedown/src/html_smartypants.o
compile: x86_64-unknown-linux-gnu/rt/hoedown/src/stack.o
compile: x86_64-unknown-linux-gnu/rt/hoedown/src/version.o
link: x86_64-unknown-linux-gnu/rt/libhoedown.a
rustc: x86_64-unknown-linux-gnu/stage1/lib/rustlib/x86_64-unknown-linux-gnu/lib/librustdoc
rustc: x86_64-unknown-linux-gnu/stage1/lib/rustlib/x86_64-unknown-linux-gnu/bin/rustdoc
cp: x86_64-unknown-linux-gnu/stage2/lib/libtest
cp: x86_64-unknown-linux-gnu/stage2/lib/librustdoc
cp: x86_64-unknown-linux-gnu/stage2/bin/rustdoc
rustc: x86_64-unknown-linux-gnu/stage2/lib/rustlib/x86_64-unknown-linux-gnu/lib/libcore
time: 0.069; rss: 54MB	parsing
time: 0.025; rss: 56MB	configuration 1
time: 0.000; rss: 56MB	recursion limit
time: 0.002; rss: 56MB	gated macro checking
time: 0.000; rss: 56MB	crate injection
time: 0.001; rss: 56MB	macro loading
time: 0.000; rss: 56MB	plugin loading
time: 0.000; rss: 56MB	plugin registration
time: 0.421; rss: 81MB	expansion
time: 0.011; rss: 81MB	complete gated feature checking 1
time: 0.094; rss: 81MB	configuration 2
time: 0.000; rss: 81MB	gated configuration checking
time: 0.048; rss: 81MB	maybe building test harness
time: 0.000; rss: 81MB	prelude injection
time: 0.005; rss: 81MB	checking that all macro invocations are gone
time: 0.000; rss: 81MB	checking for inline asm in case the target doesn't support it
time: 0.011; rss: 81MB	complete gated feature checking 2
time: 0.054; rss: 92MB	assigning node ids and indexing ast
time: 0.005; rss: 92MB	external crate/lib resolution
time: 0.010; rss: 92MB	language item collection
time: 0.081; rss: 109MB	resolution
time: 0.011; rss: 106MB	lifetime resolution
time: 0.000; rss: 106MB	looking for entry point
time: 0.005; rss: 106MB	looking for plugin registrar
time: 0.026; rss: 116MB	region resolution
time: 0.005; rss: 116MB	loop checking
time: 0.005; rss: 116MB	static item recursion checking
time: 0.059; rss: 120MB	type collecting
time: 0.010; rss: 120MB	variance inference
time: 0.616; rss: 131MB	coherence checking
time: 0.318; rss: 133MB	wf checking (old)
time: 0.502; rss: 137MB	item-types checking
time: 4.179; rss: 164MB	item-bodies checking
time: 0.000; rss: 164MB	drop-impl checking
time: 0.594; rss: 164MB	wf checking (new)
time: 0.141; rss: 173MB	const checking
time: 0.052; rss: 173MB	privacy checking
time: 0.004; rss: 173MB	stability index
time: 0.027; rss: 173MB	intrinsic checking
time: 0.010; rss: 173MB	effect checking
time: 0.046; rss: 173MB	match checking
time: 0.022; rss: 173MB	liveness checking
time: 0.275; rss: 173MB	borrow checking
time: 0.143; rss: 173MB	rvalue checking
time: 0.019; rss: 173MB	reachability checking
time: 0.035; rss: 173MB	death checking
time: 0.025; rss: 173MB	stability checking
time: 0.000; rss: 173MB	unused lib feature checking
time: 0.442; rss: 175MB	lint checking
time: 0.000; rss: 175MB	resolving dependency formats
time: 1.511; rss: 244MB	translation
  time: 0.194; rss: 119MB	llvm function passes
  time: 1.917; rss: 122MB	llvm module passes
  time: 1.471; rss: 126MB	codegen passes
  time: 0.003; rss: 120MB	codegen passes
time: 3.651; rss: 120MB	LLVM passes
time: 0.214; rss: 120MB	linking
rustc: x86_64-unknown-linux-gnu/stage2/lib/rustlib/x86_64-unknown-linux-gnu/lib/liblibc
time: 0.020; rss: 41MB	parsing
time: 0.004; rss: 38MB	configuration 1
time: 0.000; rss: 38MB	recursion limit
time: 0.000; rss: 38MB	gated macro checking
time: 0.000; rss: 38MB	crate injection
time: 0.001; rss: 38MB	macro loading
time: 0.000; rss: 38MB	plugin loading
time: 0.000; rss: 38MB	plugin registration
time: 0.007; rss: 39MB	expansion
time: 0.000; rss: 39MB	complete gated feature checking 1
time: 0.002; rss: 39MB	configuration 2
time: 0.000; rss: 39MB	gated configuration checking
time: 0.001; rss: 39MB	maybe building test harness
time: 0.001; rss: 39MB	prelude injection
time: 0.000; rss: 39MB	checking that all macro invocations are gone
time: 0.000; rss: 39MB	checking for inline asm in case the target doesn't support it
time: 0.000; rss: 39MB	complete gated feature checking 2
time: 0.001; rss: 40MB	assigning node ids and indexing ast
time: 0.000; rss: 40MB	external crate/lib resolution
time: 0.000; rss: 40MB	language item collection
time: 0.004; rss: 44MB	resolution
time: 0.000; rss: 44MB	lifetime resolution
time: 0.000; rss: 44MB	looking for entry point
time: 0.000; rss: 44MB	looking for plugin registrar
time: 0.000; rss: 44MB	region resolution
time: 0.000; rss: 44MB	loop checking
time: 0.000; rss: 44MB	static item recursion checking
time: 0.002; rss: 47MB	type collecting
time: 0.000; rss: 47MB	variance inference
time: 0.007; rss: 53MB	coherence checking
time: 0.002; rss: 53MB	wf checking (old)
time: 0.011; rss: 58MB	item-types checking
time: 0.016; rss: 59MB	item-bodies checking
time: 0.000; rss: 59MB	drop-impl checking
time: 0.003; rss: 59MB	wf checking (new)
time: 0.001; rss: 59MB	const checking
time: 0.001; rss: 59MB	privacy checking
time: 0.000; rss: 59MB	stability index
time: 0.000; rss: 59MB	intrinsic checking
time: 0.000; rss: 59MB	effect checking
time: 0.000; rss: 59MB	match checking
time: 0.000; rss: 59MB	liveness checking
time: 0.001; rss: 59MB	borrow checking
time: 0.000; rss: 59MB	rvalue checking
time: 0.000; rss: 59MB	reachability checking
time: 0.001; rss: 59MB	death checking
time: 0.000; rss: 59MB	stability checking
time: 0.000; rss: 59MB	unused lib feature checking
time: 0.004; rss: 60MB	lint checking
time: 0.000; rss: 60MB	resolving dependency formats
time: 0.035; rss: 73MB	translation
  time: 0.002; rss: 70MB	llvm function passes
  time: 0.009; rss: 70MB	llvm module passes
  time: 0.008; rss: 74MB	codegen passes
  time: 0.000; rss: 74MB	codegen passes
time: 0.021; rss: 74MB	LLVM passes
time: 0.001; rss: 75MB	linking
rustc: x86_64-unknown-linux-gnu/stage2/lib/rustlib/x86_64-unknown-linux-gnu/lib/librand
time: 0.011; rss: 37MB	parsing
time: 0.003; rss: 37MB	configuration 1
time: 0.000; rss: 37MB	recursion limit
time: 0.000; rss: 37MB	gated macro checking
time: 0.000; rss: 37MB	crate injection
time: 0.001; rss: 38MB	macro loading
time: 0.000; rss: 38MB	plugin loading
time: 0.000; rss: 38MB	plugin registration
time: 0.020; rss: 40MB	expansion
time: 0.000; rss: 40MB	complete gated feature checking 1
time: 0.005; rss: 40MB	configuration 2
time: 0.000; rss: 40MB	gated configuration checking
time: 0.002; rss: 40MB	maybe building test harness
time: 0.002; rss: 40MB	prelude injection
time: 0.000; rss: 40MB	checking that all macro invocations are gone
time: 0.000; rss: 40MB	checking for inline asm in case the target doesn't support it
time: 0.000; rss: 40MB	complete gated feature checking 2
time: 0.003; rss: 40MB	assigning node ids and indexing ast
time: 0.000; rss: 40MB	external crate/lib resolution
time: 0.000; rss: 40MB	language item collection
time: 0.007; rss: 48MB	resolution
time: 0.000; rss: 48MB	lifetime resolution
time: 0.000; rss: 48MB	looking for entry point
time: 0.000; rss: 48MB	looking for plugin registrar
time: 0.001; rss: 48MB	region resolution
time: 0.000; rss: 48MB	loop checking
time: 0.000; rss: 48MB	static item recursion checking
time: 0.002; rss: 52MB	type collecting
time: 0.000; rss: 52MB	variance inference
time: 0.034; rss: 66MB	coherence checking
time: 0.006; rss: 66MB	wf checking (old)
time: 0.015; rss: 66MB	item-types checking
time: 0.243; rss: 80MB	item-bodies checking
time: 0.000; rss: 80MB	drop-impl checking
time: 0.014; rss: 80MB	wf checking (new)
time: 0.009; rss: 80MB	const checking
time: 0.001; rss: 80MB	privacy checking
time: 0.000; rss: 80MB	stability index
time: 0.001; rss: 80MB	intrinsic checking
time: 0.000; rss: 80MB	effect checking
time: 0.001; rss: 80MB	match checking
time: 0.001; rss: 80MB	liveness checking
time: 0.019; rss: 82MB	borrow checking
time: 0.007; rss: 82MB	rvalue checking
time: 0.000; rss: 82MB	reachability checking
time: 0.001; rss: 82MB	death checking
time: 0.001; rss: 82MB	stability checking
time: 0.000; rss: 82MB	unused lib feature checking
time: 0.017; rss: 82MB	lint checking
time: 0.000; rss: 82MB	resolving dependency formats
time: 0.128; rss: 101MB	translation
  time: 0.021; rss: 81MB	llvm function passes
  time: 0.148; rss: 81MB	llvm module passes
  time: 0.051; rss: 86MB	codegen passes
  time: 0.000; rss: 85MB	codegen passes
time: 0.225; rss: 85MB	LLVM passes
time: 0.003; rss: 85MB	linking
rustc: x86_64-unknown-linux-gnu/stage2/lib/rustlib/x86_64-unknown-linux-gnu/lib/liballoc_system
time: 0.001; rss: 29MB	parsing
time: 0.000; rss: 29MB	configuration 1
time: 0.000; rss: 29MB	recursion limit
time: 0.000; rss: 29MB	gated macro checking
time: 0.000; rss: 29MB	crate injection
time: 0.001; rss: 33MB	macro loading
time: 0.000; rss: 33MB	plugin loading
time: 0.000; rss: 33MB	plugin registration
time: 0.001; rss: 33MB	expansion
time: 0.000; rss: 33MB	complete gated feature checking 1
time: 0.000; rss: 33MB	configuration 2
time: 0.000; rss: 33MB	gated configuration checking
time: 0.000; rss: 33MB	maybe building test harness
time: 0.000; rss: 33MB	prelude injection
time: 0.000; rss: 33MB	checking that all macro invocations are gone
time: 0.000; rss: 33MB	checking for inline asm in case the target doesn't support it
time: 0.000; rss: 33MB	complete gated feature checking 2
time: 0.000; rss: 33MB	assigning node ids and indexing ast
time: 0.000; rss: 33MB	external crate/lib resolution
time: 0.000; rss: 33MB	language item collection
time: 0.002; rss: 38MB	resolution
time: 0.000; rss: 38MB	lifetime resolution
time: 0.000; rss: 38MB	looking for entry point
time: 0.000; rss: 38MB	looking for plugin registrar
time: 0.000; rss: 38MB	region resolution
time: 0.000; rss: 38MB	loop checking
time: 0.000; rss: 38MB	static item recursion checking
time: 0.000; rss: 38MB	type collecting
time: 0.000; rss: 38MB	variance inference
time: 0.002; rss: 42MB	coherence checking
time: 0.000; rss: 42MB	wf checking (old)
time: 0.000; rss: 42MB	item-types checking
time: 0.012; rss: 48MB	item-bodies checking
time: 0.000; rss: 48MB	drop-impl checking
time: 0.000; rss: 48MB	wf checking (new)
time: 0.000; rss: 48MB	const checking
time: 0.000; rss: 48MB	privacy checking
time: 0.000; rss: 48MB	stability index
time: 0.000; rss: 48MB	intrinsic checking
time: 0.000; rss: 48MB	effect checking
time: 0.000; rss: 48MB	match checking
time: 0.000; rss: 48MB	liveness checking
time: 0.000; rss: 48MB	borrow checking
time: 0.000; rss: 48MB	rvalue checking
time: 0.000; rss: 48MB	reachability checking
time: 0.000; rss: 48MB	death checking
time: 0.000; rss: 48MB	stability checking
time: 0.000; rss: 48MB	unused lib feature checking
time: 0.000; rss: 48MB	lint checking
time: 0.000; rss: 48MB	resolving dependency formats
time: 0.004; rss: 62MB	translation
  time: 0.001; rss: 63MB	llvm function passes
  time: 0.003; rss: 63MB	llvm module passes
  time: 0.003; rss: 68MB	codegen passes
  time: 0.000; rss: 68MB	codegen passes
time: 0.008; rss: 68MB	LLVM passes
time: 0.001; rss: 68MB	linking
rustc: x86_64-unknown-linux-gnu/stage2/lib/rustlib/x86_64-unknown-linux-gnu/lib/liballoc
time: 0.009; rss: 36MB	parsing
time: 0.003; rss: 36MB	configuration 1
time: 0.000; rss: 36MB	recursion limit
time: 0.000; rss: 36MB	gated macro checking
time: 0.000; rss: 36MB	crate injection
time: 0.001; rss: 36MB	macro loading
time: 0.000; rss: 36MB	plugin loading
time: 0.000; rss: 36MB	plugin registration
time: 0.009; rss: 38MB	expansion
time: 0.000; rss: 38MB	complete gated feature checking 1
time: 0.003; rss: 38MB	configuration 2
time: 0.000; rss: 38MB	gated configuration checking
time: 0.001; rss: 37MB	maybe building test harness
time: 0.001; rss: 37MB	prelude injection
time: 0.000; rss: 37MB	checking that all macro invocations are gone
time: 0.000; rss: 37MB	checking for inline asm in case the target doesn't support it
time: 0.000; rss: 37MB	complete gated feature checking 2
time: 0.001; rss: 38MB	assigning node ids and indexing ast
time: 0.000; rss: 38MB	external crate/lib resolution
time: 0.000; rss: 38MB	language item collection
time: 0.007; rss: 51MB	resolution
time: 0.000; rss: 51MB	lifetime resolution
time: 0.000; rss: 51MB	looking for entry point
time: 0.000; rss: 51MB	looking for plugin registrar
time: 0.000; rss: 51MB	region resolution
time: 0.000; rss: 51MB	loop checking
time: 0.000; rss: 51MB	static item recursion checking
time: 0.003; rss: 51MB	type collecting
time: 0.000; rss: 51MB	variance inference
time: 0.044; rss: 70MB	coherence checking
time: 0.005; rss: 70MB	wf checking (old)
time: 0.004; rss: 70MB	item-types checking
time: 0.073; rss: 72MB	item-bodies checking
time: 0.000; rss: 72MB	drop-impl checking
time: 0.008; rss: 72MB	wf checking (new)
time: 0.005; rss: 72MB	const checking
time: 0.001; rss: 72MB	privacy checking
time: 0.000; rss: 72MB	stability index
time: 0.000; rss: 72MB	intrinsic checking
time: 0.000; rss: 72MB	effect checking
time: 0.001; rss: 72MB	match checking
time: 0.000; rss: 72MB	liveness checking
time: 0.008; rss: 72MB	borrow checking
time: 0.004; rss: 72MB	rvalue checking
time: 0.000; rss: 72MB	reachability checking
time: 0.001; rss: 72MB	death checking
time: 0.001; rss: 72MB	stability checking
time: 0.000; rss: 72MB	unused lib feature checking
time: 0.006; rss: 72MB	lint checking
time: 0.000; rss: 72MB	resolving dependency formats
time: 0.047; rss: 87MB	translation
  time: 0.002; rss: 75MB	llvm function passes
  time: 0.007; rss: 75MB	llvm module passes
  time: 0.005; rss: 80MB	codegen passes
  time: 0.000; rss: 79MB	codegen passes
time: 0.016; rss: 79MB	LLVM passes
time: 0.001; rss: 80MB	linking
rustc: x86_64-unknown-linux-gnu/stage2/lib/rustlib/x86_64-unknown-linux-gnu/lib/librustc_unicode
time: 0.033; rss: 41MB	parsing
time: 0.006; rss: 41MB	configuration 1
time: 0.000; rss: 41MB	recursion limit
time: 0.000; rss: 41MB	gated macro checking
time: 0.000; rss: 41MB	crate injection
time: 0.001; rss: 41MB	macro loading
time: 0.000; rss: 41MB	plugin loading
time: 0.000; rss: 41MB	plugin registration
time: 0.031; rss: 44MB	expansion
time: 0.000; rss: 44MB	complete gated feature checking 1
time: 0.005; rss: 44MB	configuration 2
time: 0.000; rss: 44MB	gated configuration checking
time: 0.003; rss: 44MB	maybe building test harness
time: 0.003; rss: 44MB	prelude injection
time: 0.000; rss: 44MB	checking that all macro invocations are gone
time: 0.000; rss: 44MB	checking for inline asm in case the target doesn't support it
time: 0.000; rss: 44MB	complete gated feature checking 2
time: 0.003; rss: 44MB	assigning node ids and indexing ast
time: 0.000; rss: 44MB	external crate/lib resolution
time: 0.000; rss: 44MB	language item collection
time: 0.005; rss: 53MB	resolution
time: 0.000; rss: 53MB	lifetime resolution
time: 0.000; rss: 53MB	looking for entry point
time: 0.000; rss: 53MB	looking for plugin registrar
time: 0.002; rss: 54MB	region resolution
time: 0.000; rss: 54MB	loop checking
time: 0.000; rss: 54MB	static item recursion checking
time: 0.002; rss: 56MB	type collecting
time: 0.000; rss: 56MB	variance inference
time: 0.041; rss: 70MB	coherence checking
time: 0.004; rss: 70MB	wf checking (old)
time: 0.050; rss: 72MB	item-types checking
time: 0.040; rss: 78MB	item-bodies checking
time: 0.000; rss: 78MB	drop-impl checking
time: 0.003; rss: 78MB	wf checking (new)
time: 0.012; rss: 78MB	const checking
time: 0.002; rss: 78MB	privacy checking
time: 0.000; rss: 78MB	stability index
time: 0.000; rss: 78MB	intrinsic checking
time: 0.000; rss: 78MB	effect checking
time: 0.001; rss: 78MB	match checking
time: 0.000; rss: 78MB	liveness checking
time: 0.003; rss: 78MB	borrow checking
time: 0.001; rss: 78MB	rvalue checking
time: 0.000; rss: 78MB	reachability checking
time: 0.001; rss: 78MB	death checking
time: 0.001; rss: 78MB	stability checking
time: 0.000; rss: 78MB	unused lib feature checking
time: 0.009; rss: 78MB	lint checking
time: 0.000; rss: 78MB	resolving dependency formats
time: 0.213; rss: 103MB	translation
  time: 0.015; rss: 79MB	llvm function passes
  time: 0.167; rss: 80MB	llvm module passes
  time: 0.075; rss: 83MB	codegen passes
  time: 0.001; rss: 83MB	codegen passes
time: 0.265; rss: 83MB	LLVM passes
time: 0.007; rss: 83MB	linking
rustc: x86_64-unknown-linux-gnu/stage2/lib/rustlib/x86_64-unknown-linux-gnu/lib/libcollections
time: 0.039; rss: 44MB	parsing
time: 0.014; rss: 44MB	configuration 1
time: 0.000; rss: 44MB	recursion limit
time: 0.001; rss: 44MB	gated macro checking
time: 0.000; rss: 44MB	crate injection
time: 0.001; rss: 44MB	macro loading
time: 0.000; rss: 44MB	plugin loading
time: 0.000; rss: 44MB	plugin registration
time: 0.073; rss: 48MB	expansion
time: 0.002; rss: 48MB	complete gated feature checking 1
time: 0.018; rss: 48MB	configuration 2
time: 0.000; rss: 48MB	gated configuration checking
time: 0.009; rss: 48MB	maybe building test harness
time: 0.008; rss: 48MB	prelude injection
time: 0.001; rss: 48MB	checking that all macro invocations are gone
time: 0.000; rss: 48MB	checking for inline asm in case the target doesn't support it
time: 0.002; rss: 48MB	complete gated feature checking 2
time: 0.009; rss: 49MB	assigning node ids and indexing ast
time: 0.001; rss: 49MB	external crate/lib resolution
time: 0.001; rss: 49MB	language item collection
time: 0.027; rss: 67MB	resolution
time: 0.001; rss: 67MB	lifetime resolution
time: 0.000; rss: 67MB	looking for entry point
time: 0.000; rss: 67MB	looking for plugin registrar
time: 0.003; rss: 67MB	region resolution
time: 0.001; rss: 67MB	loop checking
time: 0.000; rss: 67MB	static item recursion checking
time: 0.013; rss: 71MB	type collecting
time: 0.002; rss: 71MB	variance inference
time: 0.120; rss: 91MB	coherence checking
time: 0.042; rss: 91MB	wf checking (old)
time: 0.038; rss: 93MB	item-types checking
time: 1.183; rss: 118MB	item-bodies checking
time: 0.000; rss: 118MB	drop-impl checking
time: 0.104; rss: 118MB	wf checking (new)
time: 0.056; rss: 118MB	const checking
time: 0.007; rss: 118MB	privacy checking
time: 0.001; rss: 118MB	stability index
time: 0.006; rss: 118MB	intrinsic checking
time: 0.002; rss: 118MB	effect checking
time: 0.015; rss: 118MB	match checking
time: 0.005; rss: 118MB	liveness checking
time: 0.116; rss: 118MB	borrow checking
time: 0.098; rss: 118MB	rvalue checking
time: 0.003; rss: 118MB	reachability checking
time: 0.006; rss: 118MB	death checking
time: 0.008; rss: 118MB	stability checking
time: 0.000; rss: 118MB	unused lib feature checking
time: 0.116; rss: 118MB	lint checking
time: 0.000; rss: 118MB	resolving dependency formats
time: 0.452; rss: 153MB	translation
  time: 0.037; rss: 92MB	llvm function passes
  time: 0.418; rss: 95MB	llvm module passes
  time: 0.155; rss: 98MB	codegen passes
  time: 0.001; rss: 97MB	codegen passes
time: 0.620; rss: 97MB	LLVM passes
time: 0.012; rss: 97MB	linking
rustc: x86_64-unknown-linux-gnu/stage2/lib/rustlib/x86_64-unknown-linux-gnu/lib/liballoc_jemalloc
time: 0.000; rss: 29MB	parsing
time: 0.000; rss: 33MB	configuration 1
time: 0.000; rss: 33MB	recursion limit
time: 0.000; rss: 33MB	gated macro checking
time: 0.000; rss: 33MB	crate injection
time: 0.001; rss: 33MB	macro loading
time: 0.000; rss: 33MB	plugin loading
time: 0.000; rss: 33MB	plugin registration
time: 0.001; rss: 33MB	expansion
time: 0.000; rss: 33MB	complete gated feature checking 1
time: 0.000; rss: 33MB	configuration 2
time: 0.000; rss: 33MB	gated configuration checking
time: 0.000; rss: 33MB	maybe building test harness
time: 0.000; rss: 33MB	prelude injection
time: 0.000; rss: 33MB	checking that all macro invocations are gone
time: 0.000; rss: 33MB	checking for inline asm in case the target doesn't support it
time: 0.000; rss: 33MB	complete gated feature checking 2
time: 0.000; rss: 33MB	assigning node ids and indexing ast
time: 0.000; rss: 33MB	external crate/lib resolution
time: 0.000; rss: 33MB	language item collection
time: 0.002; rss: 37MB	resolution
time: 0.000; rss: 37MB	lifetime resolution
time: 0.000; rss: 37MB	looking for entry point
time: 0.000; rss: 37MB	looking for plugin registrar
time: 0.000; rss: 37MB	region resolution
time: 0.000; rss: 37MB	loop checking
time: 0.000; rss: 37MB	static item recursion checking
time: 0.000; rss: 37MB	type collecting
time: 0.000; rss: 37MB	variance inference
time: 0.002; rss: 42MB	coherence checking
time: 0.000; rss: 42MB	wf checking (old)
time: 0.000; rss: 42MB	item-types checking
time: 0.011; rss: 48MB	item-bodies checking
time: 0.000; rss: 48MB	drop-impl checking
time: 0.000; rss: 48MB	wf checking (new)
time: 0.000; rss: 48MB	const checking
time: 0.000; rss: 48MB	privacy checking
time: 0.000; rss: 48MB	stability index
time: 0.000; rss: 48MB	intrinsic checking
time: 0.000; rss: 48MB	effect checking
time: 0.000; rss: 48MB	match checking
time: 0.000; rss: 48MB	liveness checking
time: 0.000; rss: 48MB	borrow checking
time: 0.000; rss: 48MB	rvalue checking
time: 0.000; rss: 48MB	reachability checking
time: 0.000; rss: 48MB	death checking
time: 0.000; rss: 48MB	stability checking
time: 0.000; rss: 48MB	unused lib feature checking
time: 0.000; rss: 48MB	lint checking
time: 0.000; rss: 48MB	resolving dependency formats
time: 0.004; rss: 63MB	translation
  time: 0.001; rss: 63MB	llvm function passes
  time: 0.002; rss: 63MB	llvm module passes
  time: 0.003; rss: 68MB	codegen passes
  time: 0.000; rss: 68MB	codegen passes
time: 0.008; rss: 68MB	LLVM passes
time: 0.002; rss: 68MB	linking
rustc: x86_64-unknown-linux-gnu/stage2/lib/rustlib/x86_64-unknown-linux-gnu/lib/libstd
time: 0.149; rss: 75MB	parsing
time: 0.049; rss: 72MB	configuration 1
time: 0.000; rss: 72MB	recursion limit
time: 0.003; rss: 72MB	gated macro checking
time: 0.000; rss: 72MB	crate injection
time: 0.004; rss: 74MB	macro loading
time: 0.000; rss: 74MB	plugin loading
time: 0.000; rss: 74MB	plugin registration
time: 0.188; rss: 76MB	expansion
time: 0.008; rss: 76MB	complete gated feature checking 1
time: 0.047; rss: 76MB	configuration 2
time: 0.000; rss: 76MB	gated configuration checking
time: 0.024; rss: 76MB	maybe building test harness
time: 0.023; rss: 76MB	prelude injection
time: 0.003; rss: 76MB	checking that all macro invocations are gone
time: 0.000; rss: 76MB	checking for inline asm in case the target doesn't support it
time: 0.008; rss: 76MB	complete gated feature checking 2
time: 0.028; rss: 78MB	assigning node ids and indexing ast
time: 0.005; rss: 78MB	external crate/lib resolution
time: 0.007; rss: 78MB	language item collection
time: 0.069; rss: 110MB	resolution
time: 0.006; rss: 109MB	lifetime resolution
time: 0.000; rss: 109MB	looking for entry point
time: 0.003; rss: 109MB	looking for plugin registrar
time: 0.014; rss: 113MB	region resolution
time: 0.004; rss: 113MB	loop checking
time: 0.003; rss: 113MB	static item recursion checking
time: 0.029; rss: 117MB	type collecting
time: 0.007; rss: 117MB	variance inference
time: 0.120; rss: 138MB	coherence checking
time: 0.041; rss: 141MB	wf checking (old)
time: 0.071; rss: 141MB	item-types checking
time: 1.173; rss: 177MB	item-bodies checking
time: 0.000; rss: 177MB	drop-impl checking
time: 0.113; rss: 177MB	wf checking (new)
time: 0.111; rss: 177MB	const checking
time: 0.031; rss: 177MB	privacy checking
time: 0.002; rss: 177MB	stability index
time: 0.011; rss: 177MB	intrinsic checking
time: 0.006; rss: 177MB	effect checking
time: 0.025; rss: 177MB	match checking
time: 0.013; rss: 177MB	liveness checking
time: 0.194; rss: 177MB	borrow checking
time: 0.137; rss: 177MB	rvalue checking
time: 0.009; rss: 177MB	reachability checking
time: 0.020; rss: 177MB	death checking
time: 0.022; rss: 177MB	stability checking
time: 0.000; rss: 177MB	unused lib feature checking
time: 0.094; rss: 177MB	lint checking
time: 0.000; rss: 177MB	resolving dependency formats
time: 1.312; rss: 262MB	translation
  time: 0.316; rss: 157MB	llvm function passes
  time: 4.092; rss: 164MB	llvm module passes
  time: 1.745; rss: 168MB	codegen passes
  time: 0.002; rss: 157MB	codegen passes
time: 6.269; rss: 157MB	LLVM passes
  time: 0.001; rss: 157MB	altering collections-a5fc0d6c.rlib
  time: 0.000; rss: 157MB	altering alloc-a5fc0d6c.rlib
  time: 0.000; rss: 157MB	altering rustc_unicode-a5fc0d6c.rlib
  time: 0.001; rss: 157MB	altering alloc_jemalloc-a5fc0d6c.rlib
  time: 0.000; rss: 157MB	altering libc-a5fc0d6c.rlib
  time: 0.000; rss: 157MB	altering rand-a5fc0d6c.rlib
  time: 0.001; rss: 157MB	altering core-a5fc0d6c.rlib
  time: 0.149; rss: 166MB	running linker
time: 0.228; rss: 161MB	linking
rustc: x86_64-unknown-linux-gnu/stage2/lib/rustlib/x86_64-unknown-linux-gnu/lib/libflate
time: 0.001; rss: 29MB	parsing
time: 0.000; rss: 33MB	configuration 1
time: 0.000; rss: 33MB	recursion limit
time: 0.000; rss: 33MB	gated macro checking
time: 0.000; rss: 33MB	crate injection
time: 0.002; rss: 35MB	macro loading
time: 0.000; rss: 35MB	plugin loading
time: 0.000; rss: 35MB	plugin registration
time: 0.002; rss: 35MB	expansion
time: 0.000; rss: 35MB	complete gated feature checking 1
time: 0.000; rss: 35MB	configuration 2
time: 0.000; rss: 35MB	gated configuration checking
time: 0.000; rss: 35MB	maybe building test harness
time: 0.000; rss: 35MB	prelude injection
time: 0.000; rss: 35MB	checking that all macro invocations are gone
time: 0.000; rss: 35MB	checking for inline asm in case the target doesn't support it
time: 0.000; rss: 35MB	complete gated feature checking 2
time: 0.000; rss: 35MB	assigning node ids and indexing ast
time: 0.001; rss: 35MB	external crate/lib resolution
time: 0.000; rss: 35MB	language item collection
time: 0.005; rss: 48MB	resolution
time: 0.000; rss: 48MB	lifetime resolution
time: 0.000; rss: 48MB	looking for entry point
time: 0.000; rss: 48MB	looking for plugin registrar
time: 0.000; rss: 48MB	region resolution
time: 0.000; rss: 48MB	loop checking
time: 0.000; rss: 48MB	static item recursion checking
time: 0.001; rss: 48MB	type collecting
time: 0.000; rss: 48MB	variance inference
time: 0.030; rss: 76MB	coherence checking
time: 0.001; rss: 76MB	wf checking (old)
time: 0.001; rss: 76MB	item-types checking
time: 0.016; rss: 81MB	item-bodies checking
time: 0.000; rss: 81MB	drop-impl checking
time: 0.001; rss: 81MB	wf checking (new)
time: 0.000; rss: 81MB	const checking
time: 0.000; rss: 81MB	privacy checking
time: 0.000; rss: 81MB	stability index
time: 0.000; rss: 81MB	intrinsic checking
time: 0.000; rss: 81MB	effect checking
time: 0.000; rss: 81MB	match checking
time: 0.000; rss: 81MB	liveness checking
time: 0.001; rss: 81MB	borrow checking
time: 0.000; rss: 81MB	rvalue checking
time: 0.000; rss: 81MB	reachability checking
time: 0.000; rss: 81MB	death checking
time: 0.000; rss: 81MB	stability checking
time: 0.000; rss: 81MB	unused lib feature checking
time: 0.001; rss: 81MB	lint checking
time: 0.001; rss: 81MB	resolving dependency formats
time: 0.017; rss: 93MB	translation
  time: 0.003; rss: 88MB	llvm function passes
  time: 0.007; rss: 88MB	llvm module passes
  time: 0.006; rss: 93MB	codegen passes
  time: 0.000; rss: 93MB	codegen passes
time: 0.018; rss: 93MB	LLVM passes
  time: 0.020; rss: 97MB	running linker
time: 0.022; rss: 97MB	linking
rustc: x86_64-unknown-linux-gnu/stage2/lib/rustlib/x86_64-unknown-linux-gnu/lib/libarena
time: 0.002; rss: 33MB	parsing
time: 0.001; rss: 33MB	configuration 1
time: 0.000; rss: 33MB	recursion limit
time: 0.000; rss: 33MB	gated macro checking
time: 0.000; rss: 33MB	crate injection
time: 0.002; rss: 36MB	macro loading
time: 0.000; rss: 36MB	plugin loading
time: 0.000; rss: 36MB	plugin registration
time: 0.003; rss: 38MB	expansion
time: 0.000; rss: 38MB	complete gated feature checking 1
time: 0.001; rss: 38MB	configuration 2
time: 0.000; rss: 38MB	gated configuration checking
time: 0.000; rss: 38MB	maybe building test harness
time: 0.000; rss: 38MB	prelude injection
time: 0.000; rss: 38MB	checking that all macro invocations are gone
time: 0.000; rss: 38MB	checking for inline asm in case the target doesn't support it
time: 0.000; rss: 38MB	complete gated feature checking 2
time: 0.000; rss: 38MB	assigning node ids and indexing ast
time: 0.001; rss: 38MB	external crate/lib resolution
time: 0.000; rss: 38MB	language item collection
time: 0.003; rss: 46MB	resolution
time: 0.000; rss: 46MB	lifetime resolution
time: 0.000; rss: 46MB	looking for entry point
time: 0.000; rss: 46MB	looking for plugin registrar
time: 0.000; rss: 46MB	region resolution
time: 0.000; rss: 46MB	loop checking
time: 0.000; rss: 46MB	static item recursion checking
time: 0.001; rss: 46MB	type collecting
time: 0.000; rss: 46MB	variance inference
time: 0.020; rss: 68MB	coherence checking
time: 0.001; rss: 68MB	wf checking (old)
time: 0.000; rss: 68MB	item-types checking
time: 0.085; rss: 89MB	item-bodies checking
time: 0.000; rss: 89MB	drop-impl checking
time: 0.001; rss: 89MB	wf checking (new)
time: 0.002; rss: 89MB	const checking
time: 0.000; rss: 89MB	privacy checking
time: 0.000; rss: 89MB	stability index
time: 0.000; rss: 89MB	intrinsic checking
time: 0.000; rss: 89MB	effect checking
time: 0.000; rss: 89MB	match checking
time: 0.000; rss: 89MB	liveness checking
time: 0.002; rss: 89MB	borrow checking
time: 0.001; rss: 89MB	rvalue checking
time: 0.000; rss: 89MB	reachability checking
time: 0.000; rss: 89MB	death checking
time: 0.000; rss: 89MB	stability checking
time: 0.000; rss: 89MB	unused lib feature checking
time: 0.004; rss: 92MB	lint checking
time: 0.001; rss: 92MB	resolving dependency formats
time: 0.049; rss: 107MB	translation
  time: 0.010; rss: 89MB	llvm function passes
  time: 0.074; rss: 90MB	llvm module passes
  time: 0.028; rss: 94MB	codegen passes
  time: 0.000; rss: 93MB	codegen passes
time: 0.115; rss: 93MB	LLVM passes
  time: 0.015; rss: 97MB	running linker
time: 0.017; rss: 98MB	linking
rustc: x86_64-unknown-linux-gnu/stage2/lib/rustlib/x86_64-unknown-linux-gnu/lib/liblog
time: 0.002; rss: 33MB	parsing
time: 0.001; rss: 33MB	configuration 1
time: 0.000; rss: 33MB	recursion limit
time: 0.000; rss: 33MB	gated macro checking
time: 0.000; rss: 33MB	crate injection
time: 0.002; rss: 35MB	macro loading
time: 0.000; rss: 35MB	plugin loading
time: 0.000; rss: 35MB	plugin registration
time: 0.005; rss: 35MB	expansion
time: 0.000; rss: 35MB	complete gated feature checking 1
time: 0.001; rss: 35MB	configuration 2
time: 0.000; rss: 35MB	gated configuration checking
time: 0.000; rss: 35MB	maybe building test harness
time: 0.000; rss: 35MB	prelude injection
time: 0.000; rss: 35MB	checking that all macro invocations are gone
time: 0.000; rss: 35MB	checking for inline asm in case the target doesn't support it
time: 0.000; rss: 35MB	complete gated feature checking 2
time: 0.000; rss: 35MB	assigning node ids and indexing ast
time: 0.001; rss: 35MB	external crate/lib resolution
time: 0.000; rss: 35MB	language item collection
time: 0.004; rss: 50MB	resolution
time: 0.000; rss: 50MB	lifetime resolution
time: 0.000; rss: 50MB	looking for entry point
time: 0.000; rss: 50MB	looking for plugin registrar
time: 0.000; rss: 50MB	region resolution
time: 0.000; rss: 50MB	loop checking
time: 0.000; rss: 50MB	static item recursion checking
time: 0.002; rss: 50MB	type collecting
time: 0.000; rss: 50MB	variance inference
time: 0.026; rss: 74MB	coherence checking
time: 0.001; rss: 74MB	wf checking (old)
time: 0.002; rss: 74MB	item-types checking
time: 0.096; rss: 92MB	item-bodies checking
time: 0.000; rss: 92MB	drop-impl checking
time: 0.001; rss: 92MB	wf checking (new)
time: 0.005; rss: 92MB	const checking
time: 0.000; rss: 92MB	privacy checking
time: 0.000; rss: 92MB	stability index
time: 0.000; rss: 92MB	intrinsic checking
time: 0.000; rss: 92MB	effect checking
time: 0.000; rss: 92MB	match checking
time: 0.000; rss: 92MB	liveness checking
time: 0.002; rss: 92MB	borrow checking
time: 0.001; rss: 92MB	rvalue checking
time: 0.000; rss: 92MB	reachability checking
time: 0.000; rss: 92MB	death checking
time: 0.001; rss: 92MB	stability checking
time: 0.000; rss: 92MB	unused lib feature checking
time: 0.002; rss: 92MB	lint checking
time: 0.001; rss: 92MB	resolving dependency formats
time: 0.113; rss: 119MB	translation
  time: 0.029; rss: 95MB	llvm function passes
  time: 0.428; rss: 98MB	llvm module passes
  time: 0.097; rss: 101MB	codegen passes
  time: 0.000; rss: 101MB	codegen passes
time: 0.561; rss: 101MB	LLVM passes
  time: 0.019; rss: 105MB	running linker
time: 0.023; rss: 105MB	linking
rustc: x86_64-unknown-linux-gnu/stage2/lib/rustlib/x86_64-unknown-linux-gnu/lib/libterm
time: 0.008; rss: 35MB	parsing
time: 0.002; rss: 35MB	configuration 1
time: 0.000; rss: 35MB	recursion limit
time: 0.000; rss: 35MB	gated macro checking
time: 0.000; rss: 35MB	crate injection
time: 0.003; rss: 38MB	macro loading
time: 0.000; rss: 38MB	plugin loading
time: 0.000; rss: 38MB	plugin registration
time: 0.017; rss: 40MB	expansion
time: 0.000; rss: 40MB	complete gated feature checking 1
time: 0.003; rss: 40MB	configuration 2
time: 0.000; rss: 40MB	gated configuration checking
time: 0.001; rss: 40MB	maybe building test harness
time: 0.001; rss: 40MB	prelude injection
time: 0.000; rss: 40MB	checking that all macro invocations are gone
time: 0.000; rss: 40MB	checking for inline asm in case the target doesn't support it
time: 0.000; rss: 40MB	complete gated feature checking 2
time: 0.002; rss: 40MB	assigning node ids and indexing ast
time: 0.001; rss: 40MB	external crate/lib resolution
time: 0.000; rss: 40MB	language item collection
time: 0.007; rss: 54MB	resolution
time: 0.000; rss: 54MB	lifetime resolution
time: 0.000; rss: 54MB	looking for entry point
time: 0.000; rss: 54MB	looking for plugin registrar
time: 0.001; rss: 54MB	region resolution
time: 0.000; rss: 54MB	loop checking
time: 0.000; rss: 54MB	static item recursion checking
time: 0.002; rss: 54MB	type collecting
time: 0.000; rss: 54MB	variance inference
time: 0.024; rss: 75MB	coherence checking
time: 0.002; rss: 75MB	wf checking (old)
time: 0.017; rss: 79MB	item-types checking
time: 0.193; rss: 103MB	item-bodies checking
time: 0.000; rss: 103MB	drop-impl checking
time: 0.003; rss: 103MB	wf checking (new)
time: 0.007; rss: 103MB	const checking
time: 0.001; rss: 103MB	privacy checking
time: 0.000; rss: 103MB	stability index
time: 0.000; rss: 103MB	intrinsic checking
time: 0.000; rss: 103MB	effect checking
time: 0.001; rss: 103MB	match checking
time: 0.001; rss: 103MB	liveness checking
time: 0.011; rss: 103MB	borrow checking
time: 0.004; rss: 103MB	rvalue checking
time: 0.000; rss: 103MB	reachability checking
time: 0.001; rss: 103MB	death checking
time: 0.002; rss: 103MB	stability checking
time: 0.000; rss: 103MB	unused lib feature checking
time: 0.006; rss: 103MB	lint checking
time: 0.001; rss: 103MB	resolving dependency formats
time: 0.259; rss: 140MB	translation
  time: 0.080; rss: 104MB	llvm function passes
  time: 1.274; rss: 108MB	llvm module passes
  time: 0.487; rss: 117MB	codegen passes
  time: 0.001; rss: 117MB	codegen passes
time: 1.866; rss: 117MB	LLVM passes
  time: 0.027; rss: 119MB	running linker
time: 0.045; rss: 119MB	linking
rustc: x86_64-unknown-linux-gnu/stage2/lib/rustlib/x86_64-unknown-linux-gnu/lib/libserialize
time: 0.018; rss: 39MB	parsing
time: 0.006; rss: 38MB	configuration 1
time: 0.000; rss: 38MB	recursion limit
time: 0.000; rss: 38MB	gated macro checking
time: 0.000; rss: 38MB	crate injection
time: 0.003; rss: 41MB	macro loading
time: 0.000; rss: 41MB	plugin loading
time: 0.000; rss: 41MB	plugin registration
time: 0.069; rss: 45MB	expansion
time: 0.002; rss: 45MB	complete gated feature checking 1
time: 0.013; rss: 45MB	configuration 2
time: 0.000; rss: 45MB	gated configuration checking
time: 0.007; rss: 45MB	maybe building test harness
time: 0.006; rss: 45MB	prelude injection
time: 0.000; rss: 45MB	checking that all macro invocations are gone
time: 0.000; rss: 45MB	checking for inline asm in case the target doesn't support it
time: 0.001; rss: 45MB	complete gated feature checking 2
time: 0.008; rss: 48MB	assigning node ids and indexing ast
time: 0.002; rss: 48MB	external crate/lib resolution
time: 0.001; rss: 48MB	language item collection
time: 0.025; rss: 69MB	resolution
time: 0.001; rss: 69MB	lifetime resolution
time: 0.000; rss: 69MB	looking for entry point
time: 0.000; rss: 69MB	looking for plugin registrar
time: 0.004; rss: 71MB	region resolution
time: 0.001; rss: 71MB	loop checking
time: 0.001; rss: 71MB	static item recursion checking
time: 0.009; rss: 74MB	type collecting
time: 0.001; rss: 74MB	variance inference
time: 0.087; rss: 107MB	coherence checking
time: 0.016; rss: 107MB	wf checking (old)
time: 0.021; rss: 107MB	item-types checking
time: 0.870; rss: 130MB	item-bodies checking
time: 0.000; rss: 130MB	drop-impl checking
time: 0.054; rss: 130MB	wf checking (new)
time: 0.124; rss: 130MB	const checking
time: 0.005; rss: 130MB	privacy checking
time: 0.000; rss: 130MB	stability index
time: 0.003; rss: 130MB	intrinsic checking
time: 0.001; rss: 130MB	effect checking
time: 0.013; rss: 130MB	match checking
time: 0.005; rss: 130MB	liveness checking
time: 0.243; rss: 130MB	borrow checking
time: 0.171; rss: 130MB	rvalue checking
time: 0.002; rss: 130MB	reachability checking
time: 0.005; rss: 130MB	death checking
time: 0.006; rss: 130MB	stability checking
time: 0.000; rss: 130MB	unused lib feature checking
time: 0.028; rss: 130MB	lint checking
time: 0.001; rss: 130MB	resolving dependency formats
time: 0.460; rss: 173MB	translation
  time: 0.100; rss: 114MB	llvm function passes
  time: 2.778; rss: 118MB	llvm module passes
  time: 0.556; rss: 123MB	codegen passes
  time: 0.001; rss: 117MB	codegen passes
time: 3.468; rss: 117MB	LLVM passes
  time: 0.028; rss: 117MB	running linker
time: 0.050; rss: 116MB	linking
rustc: x86_64-unknown-linux-gnu/stage2/lib/rustlib/x86_64-unknown-linux-gnu/lib/libgetopts
time: 0.005; rss: 35MB	parsing
time: 0.001; rss: 35MB	configuration 1
time: 0.000; rss: 35MB	recursion limit
time: 0.000; rss: 35MB	gated macro checking
time: 0.000; rss: 35MB	crate injection
time: 0.002; rss: 37MB	macro loading
time: 0.000; rss: 37MB	plugin loading
time: 0.000; rss: 37MB	plugin registration
time: 0.011; rss: 39MB	expansion
time: 0.000; rss: 39MB	complete gated feature checking 1
time: 0.002; rss: 39MB	configuration 2
time: 0.000; rss: 39MB	gated configuration checking
time: 0.001; rss: 39MB	maybe building test harness
time: 0.001; rss: 39MB	prelude injection
time: 0.000; rss: 39MB	checking that all macro invocations are gone
time: 0.000; rss: 39MB	checking for inline asm in case the target doesn't support it
time: 0.000; rss: 39MB	complete gated feature checking 2
time: 0.001; rss: 40MB	assigning node ids and indexing ast
time: 0.001; rss: 40MB	external crate/lib resolution
time: 0.000; rss: 40MB	language item collection
time: 0.006; rss: 47MB	resolution
time: 0.000; rss: 49MB	lifetime resolution
time: 0.000; rss: 49MB	looking for entry point
time: 0.000; rss: 49MB	looking for plugin registrar
time: 0.001; rss: 51MB	region resolution
time: 0.000; rss: 51MB	loop checking
time: 0.000; rss: 51MB	static item recursion checking
time: 0.001; rss: 51MB	type collecting
time: 0.000; rss: 51MB	variance inference
time: 0.026; rss: 74MB	coherence checking
time: 0.002; rss: 74MB	wf checking (old)
time: 0.002; rss: 74MB	item-types checking
time: 0.142; rss: 95MB	item-bodies checking
time: 0.000; rss: 95MB	drop-impl checking
time: 0.003; rss: 95MB	wf checking (new)
time: 0.004; rss: 95MB	const checking
time: 0.001; rss: 95MB	privacy checking
time: 0.000; rss: 95MB	stability index
time: 0.000; rss: 95MB	intrinsic checking
time: 0.000; rss: 95MB	effect checking
time: 0.001; rss: 95MB	match checking
time: 0.001; rss: 95MB	liveness checking
time: 0.007; rss: 95MB	borrow checking
time: 0.003; rss: 95MB	rvalue checking
time: 0.000; rss: 95MB	reachability checking
time: 0.001; rss: 95MB	death checking
time: 0.001; rss: 95MB	stability checking
time: 0.000; rss: 95MB	unused lib feature checking
time: 0.005; rss: 95MB	lint checking
time: 0.001; rss: 95MB	resolving dependency formats
time: 0.195; rss: 123MB	translation
  time: 0.053; rss: 98MB	llvm function passes
  time: 0.961; rss: 102MB	llvm module passes
  time: 0.383; rss: 109MB	codegen passes
  time: 0.001; rss: 108MB	codegen passes
time: 1.416; rss: 108MB	LLVM passes
  time: 0.022; rss: 112MB	running linker
time: 0.035; rss: 112MB	linking
rustc: x86_64-unknown-linux-gnu/stage2/lib/rustlib/x86_64-unknown-linux-gnu/lib/librbml
time: 0.005; rss: 35MB	parsing
time: 0.002; rss: 35MB	configuration 1
time: 0.000; rss: 35MB	recursion limit
time: 0.000; rss: 35MB	gated macro checking
time: 0.000; rss: 35MB	crate injection
time: 0.003; rss: 36MB	macro loading
time: 0.000; rss: 36MB	plugin loading
time: 0.000; rss: 36MB	plugin registration
time: 0.019; rss: 40MB	expansion
time: 0.000; rss: 40MB	complete gated feature checking 1
time: 0.003; rss: 40MB	configuration 2
time: 0.000; rss: 40MB	gated configuration checking
time: 0.002; rss: 40MB	maybe building test harness
time: 0.002; rss: 40MB	prelude injection
time: 0.000; rss: 40MB	checking that all macro invocations are gone
time: 0.000; rss: 40MB	checking for inline asm in case the target doesn't support it
time: 0.000; rss: 40MB	complete gated feature checking 2
time: 0.002; rss: 40MB	assigning node ids and indexing ast
time: 0.002; rss: 40MB	external crate/lib resolution
time: 0.000; rss: 40MB	language item collection
time: 0.007; rss: 52MB	resolution
time: 0.000; rss: 51MB	lifetime resolution
time: 0.000; rss: 51MB	looking for entry point
time: 0.000; rss: 51MB	looking for plugin registrar
time: 0.001; rss: 52MB	region resolution
time: 0.000; rss: 52MB	loop checking
time: 0.000; rss: 52MB	static item recursion checking
time: 0.003; rss: 54MB	type collecting
time: 0.000; rss: 54MB	variance inference
time: 0.064; rss: 88MB	coherence checking
time: 0.002; rss: 88MB	wf checking (old)
time: 0.011; rss: 88MB	item-types checking
time: 0.150; rss: 101MB	item-bodies checking
time: 0.000; rss: 101MB	drop-impl checking
time: 0.008; rss: 103MB	wf checking (new)
time: 0.016; rss: 103MB	const checking
time: 0.001; rss: 103MB	privacy checking
time: 0.000; rss: 103MB	stability index
time: 0.001; rss: 103MB	intrinsic checking
time: 0.000; rss: 103MB	effect checking
time: 0.002; rss: 103MB	match checking
time: 0.001; rss: 103MB	liveness checking
time: 0.021; rss: 107MB	borrow checking
time: 0.014; rss: 107MB	rvalue checking
time: 0.000; rss: 107MB	reachability checking
time: 0.001; rss: 107MB	death checking
time: 0.002; rss: 107MB	stability checking
time: 0.000; rss: 107MB	unused lib feature checking
time: 0.007; rss: 107MB	lint checking
time: 0.001; rss: 107MB	resolving dependency formats
time: 0.099; rss: 126MB	translation
  time: 0.023; rss: 99MB	llvm function passes
  time: 0.217; rss: 101MB	llvm module passes
  time: 0.115; rss: 104MB	codegen passes
  time: 0.000; rss: 103MB	codegen passes
time: 0.362; rss: 103MB	LLVM passes
  time: 0.023; rss: 107MB	running linker
time: 0.029; rss: 107MB	linking
rustc: x86_64-unknown-linux-gnu/stage2/lib/rustlib/x86_64-unknown-linux-gnu/lib/libtest
time: 0.007; rss: 35MB	parsing
time: 0.002; rss: 35MB	configuration 1
time: 0.000; rss: 35MB	recursion limit
time: 0.000; rss: 35MB	gated macro checking
time: 0.000; rss: 35MB	crate injection
time: 0.002; rss: 37MB	macro loading
time: 0.000; rss: 37MB	plugin loading
time: 0.000; rss: 37MB	plugin registration
time: 0.015; rss: 39MB	expansion
time: 0.000; rss: 39MB	complete gated feature checking 1
time: 0.003; rss: 39MB	configuration 2
time: 0.000; rss: 39MB	gated configuration checking
time: 0.002; rss: 39MB	maybe building test harness
time: 0.001; rss: 39MB	prelude injection
time: 0.000; rss: 39MB	checking that all macro invocations are gone
time: 0.000; rss: 39MB	checking for inline asm in case the target doesn't support it
time: 0.000; rss: 39MB	complete gated feature checking 2
time: 0.002; rss: 39MB	assigning node ids and indexing ast
time: 0.002; rss: 39MB	external crate/lib resolution
time: 0.000; rss: 39MB	language item collection
time: 0.010; rss: 56MB	resolution
time: 0.000; rss: 56MB	lifetime resolution
time: 0.000; rss: 56MB	looking for entry point
time: 0.000; rss: 56MB	looking for plugin registrar
time: 0.001; rss: 56MB	region resolution
time: 0.000; rss: 56MB	loop checking
time: 0.000; rss: 56MB	static item recursion checking
time: 0.004; rss: 59MB	type collecting
time: 0.000; rss: 59MB	variance inference
time: 0.029; rss: 80MB	coherence checking
time: 0.002; rss: 80MB	wf checking (old)
time: 0.004; rss: 82MB	item-types checking
time: 0.208; rss: 107MB	item-bodies checking
time: 0.000; rss: 107MB	drop-impl checking
time: 0.006; rss: 107MB	wf checking (new)
time: 0.008; rss: 107MB	const checking
time: 0.001; rss: 107MB	privacy checking
time: 0.000; rss: 107MB	stability index
time: 0.000; rss: 107MB	intrinsic checking
time: 0.000; rss: 107MB	effect checking
time: 0.002; rss: 107MB	match checking
time: 0.001; rss: 107MB	liveness checking
time: 0.013; rss: 107MB	borrow checking
time: 0.007; rss: 107MB	rvalue checking
time: 0.000; rss: 107MB	reachability checking
time: 0.001; rss: 107MB	death checking
time: 0.002; rss: 107MB	stability checking
time: 0.000; rss: 107MB	unused lib feature checking
time: 0.008; rss: 107MB	lint checking
time: 0.001; rss: 107MB	resolving dependency formats
time: 0.447; rss: 153MB	translation
  time: 0.126; rss: 114MB	llvm function passes
  time: 2.681; rss: 130MB	llvm module passes
  time: 0.805; rss: 136MB	codegen passes
  time: 0.001; rss: 136MB	codegen passes
time: 3.660; rss: 136MB	LLVM passes
  time: 0.025; rss: 142MB	running linker
time: 0.055; rss: 139MB	linking
rustc: x86_64-unknown-linux-gnu/stage2/lib/rustlib/x86_64-unknown-linux-gnu/lib/libgraphviz
time: 0.003; rss: 29MB	parsing
time: 0.001; rss: 33MB	configuration 1
time: 0.000; rss: 33MB	recursion limit
time: 0.000; rss: 33MB	gated macro checking
time: 0.000; rss: 33MB	crate injection
time: 0.002; rss: 36MB	macro loading
time: 0.000; rss: 36MB	plugin loading
time: 0.000; rss: 36MB	plugin registration
time: 0.004; rss: 36MB	expansion
time: 0.000; rss: 36MB	complete gated feature checking 1
time: 0.001; rss: 36MB	configuration 2
time: 0.000; rss: 36MB	gated configuration checking
time: 0.000; rss: 36MB	maybe building test harness
time: 0.000; rss: 36MB	prelude injection
time: 0.000; rss: 36MB	checking that all macro invocations are gone
time: 0.000; rss: 36MB	checking for inline asm in case the target doesn't support it
time: 0.000; rss: 36MB	complete gated feature checking 2
time: 0.000; rss: 36MB	assigning node ids and indexing ast
time: 0.001; rss: 36MB	external crate/lib resolution
time: 0.000; rss: 38MB	language item collection
time: 0.004; rss: 46MB	resolution
time: 0.000; rss: 46MB	lifetime resolution
time: 0.000; rss: 46MB	looking for entry point
time: 0.000; rss: 46MB	looking for plugin registrar
time: 0.000; rss: 46MB	region resolution
time: 0.000; rss: 46MB	loop checking
time: 0.000; rss: 46MB	static item recursion checking
time: 0.001; rss: 50MB	type collecting
time: 0.000; rss: 50MB	variance inference
time: 0.024; rss: 69MB	coherence checking
time: 0.001; rss: 69MB	wf checking (old)
time: 0.001; rss: 69MB	item-types checking
time: 0.087; rss: 93MB	item-bodies checking
time: 0.000; rss: 93MB	drop-impl checking
time: 0.002; rss: 93MB	wf checking (new)
time: 0.002; rss: 93MB	const checking
time: 0.000; rss: 93MB	privacy checking
time: 0.000; rss: 93MB	stability index
time: 0.000; rss: 93MB	intrinsic checking
time: 0.000; rss: 93MB	effect checking
time: 0.001; rss: 93MB	match checking
time: 0.000; rss: 93MB	liveness checking
time: 0.003; rss: 93MB	borrow checking
time: 0.002; rss: 93MB	rvalue checking
time: 0.000; rss: 93MB	reachability checking
time: 0.000; rss: 93MB	death checking
time: 0.000; rss: 93MB	stability checking
time: 0.000; rss: 93MB	unused lib feature checking
time: 0.002; rss: 93MB	lint checking
time: 0.001; rss: 93MB	resolving dependency formats
time: 0.052; rss: 109MB	translation
  time: 0.011; rss: 90MB	llvm function passes
  time: 0.082; rss: 91MB	llvm module passes
  time: 0.025; rss: 96MB	codegen passes
  time: 0.000; rss: 95MB	codegen passes
time: 0.120; rss: 95MB	LLVM passes
  time: 0.020; rss: 99MB	running linker
time: 0.022; rss: 99MB	linking
rustc: x86_64-unknown-linux-gnu/stage2/lib/rustlib/x86_64-unknown-linux-gnu/lib/librustc_bitflags
time: 0.001; rss: 29MB	parsing
time: 0.000; rss: 33MB	configuration 1
time: 0.000; rss: 33MB	recursion limit
time: 0.000; rss: 33MB	gated macro checking
time: 0.000; rss: 33MB	crate injection
time: 0.001; rss: 33MB	macro loading
time: 0.000; rss: 33MB	plugin loading
time: 0.000; rss: 33MB	plugin registration
time: 0.001; rss: 35MB	expansion
time: 0.000; rss: 35MB	complete gated feature checking 1
time: 0.000; rss: 35MB	configuration 2
time: 0.000; rss: 35MB	gated configuration checking
time: 0.000; rss: 35MB	maybe building test harness
time: 0.000; rss: 35MB	prelude injection
time: 0.000; rss: 35MB	checking that all macro invocations are gone
time: 0.000; rss: 35MB	checking for inline asm in case the target doesn't support it
time: 0.000; rss: 35MB	complete gated feature checking 2
time: 0.000; rss: 35MB	assigning node ids and indexing ast
time: 0.000; rss: 36MB	external crate/lib resolution
time: 0.000; rss: 36MB	language item collection
time: 0.001; rss: 36MB	resolution
time: 0.000; rss: 36MB	lifetime resolution
time: 0.000; rss: 36MB	looking for entry point
time: 0.000; rss: 36MB	looking for plugin registrar
time: 0.000; rss: 36MB	region resolution
time: 0.000; rss: 36MB	loop checking
time: 0.000; rss: 36MB	static item recursion checking
time: 0.000; rss: 36MB	type collecting
time: 0.000; rss: 36MB	variance inference
time: 0.001; rss: 40MB	coherence checking
time: 0.000; rss: 40MB	wf checking (old)
time: 0.000; rss: 40MB	item-types checking
time: 0.000; rss: 40MB	item-bodies checking
time: 0.000; rss: 40MB	drop-impl checking
time: 0.000; rss: 40MB	wf checking (new)
time: 0.000; rss: 40MB	const checking
time: 0.000; rss: 40MB	privacy checking
time: 0.000; rss: 40MB	stability index
time: 0.000; rss: 40MB	intrinsic checking
time: 0.000; rss: 40MB	effect checking
time: 0.000; rss: 40MB	match checking
time: 0.000; rss: 40MB	liveness checking
time: 0.000; rss: 40MB	borrow checking
time: 0.000; rss: 40MB	rvalue checking
time: 0.000; rss: 40MB	reachability checking
time: 0.000; rss: 40MB	death checking
time: 0.000; rss: 40MB	stability checking
time: 0.000; rss: 40MB	unused lib feature checking
time: 0.000; rss: 40MB	lint checking
time: 0.000; rss: 40MB	resolving dependency formats
time: 0.002; rss: 51MB	translation
  time: 0.000; rss: 52MB	llvm function passes
  time: 0.000; rss: 52MB	llvm module passes
  time: 0.001; rss: 52MB	codegen passes
  time: 0.000; rss: 53MB	codegen passes
time: 0.002; rss: 53MB	LLVM passes
time: 0.001; rss: 53MB	linking
rustc: x86_64-unknown-linux-gnu/stage2/lib/rustlib/x86_64-unknown-linux-gnu/lib/libfmt_macros
time: 0.002; rss: 29MB	parsing
time: 0.000; rss: 33MB	configuration 1
time: 0.000; rss: 33MB	recursion limit
time: 0.000; rss: 33MB	gated macro checking
time: 0.000; rss: 33MB	crate injection
time: 0.002; rss: 36MB	macro loading
time: 0.000; rss: 36MB	plugin loading
time: 0.000; rss: 36MB	plugin registration
time: 0.005; rss: 37MB	expansion
time: 0.000; rss: 37MB	complete gated feature checking 1
time: 0.001; rss: 37MB	configuration 2
time: 0.000; rss: 37MB	gated configuration checking
time: 0.001; rss: 37MB	maybe building test harness
time: 0.000; rss: 37MB	prelude injection
time: 0.000; rss: 37MB	checking that all macro invocations are gone
time: 0.000; rss: 37MB	checking for inline asm in case the target doesn't support it
time: 0.000; rss: 37MB	complete gated feature checking 2
time: 0.001; rss: 37MB	assigning node ids and indexing ast
time: 0.001; rss: 37MB	external crate/lib resolution
time: 0.000; rss: 37MB	language item collection
time: 0.003; rss: 45MB	resolution
time: 0.000; rss: 45MB	lifetime resolution
time: 0.000; rss: 45MB	looking for entry point
time: 0.000; rss: 45MB	looking for plugin registrar
time: 0.000; rss: 47MB	region resolution
time: 0.000; rss: 47MB	loop checking
time: 0.000; rss: 47MB	static item recursion checking
time: 0.001; rss: 47MB	type collecting
time: 0.000; rss: 47MB	variance inference
time: 0.067; rss: 84MB	coherence checking
time: 0.002; rss: 84MB	wf checking (old)
time: 0.001; rss: 86MB	item-types checking
time: 0.038; rss: 89MB	item-bodies checking
time: 0.000; rss: 89MB	drop-impl checking
time: 0.001; rss: 89MB	wf checking (new)
time: 0.002; rss: 89MB	const checking
time: 0.000; rss: 89MB	privacy checking
time: 0.000; rss: 89MB	stability index
time: 0.000; rss: 89MB	intrinsic checking
time: 0.000; rss: 89MB	effect checking
time: 0.001; rss: 89MB	match checking
time: 0.000; rss: 89MB	liveness checking
time: 0.003; rss: 89MB	borrow checking
time: 0.001; rss: 89MB	rvalue checking
time: 0.000; rss: 89MB	reachability checking
time: 0.000; rss: 89MB	death checking
time: 0.000; rss: 89MB	stability checking
time: 0.000; rss: 89MB	unused lib feature checking
time: 0.002; rss: 89MB	lint checking
time: 0.001; rss: 89MB	resolving dependency formats
time: 0.069; rss: 111MB	translation
  time: 0.016; rss: 91MB	llvm function passes
  time: 0.255; rss: 95MB	llvm module passes
  time: 0.094; rss: 100MB	codegen passes
  time: 0.000; rss: 100MB	codegen passes
time: 0.371; rss: 100MB	LLVM passes
  time: 0.020; rss: 104MB	running linker
time: 0.024; rss: 104MB	linking
rustc: x86_64-unknown-linux-gnu/stage2/lib/rustlib/x86_64-unknown-linux-gnu/lib/libsyntax
time: 0.120; rss: 71MB	parsing
time: 0.042; rss: 71MB	configuration 1
time: 0.000; rss: 71MB	recursion limit
time: 0.003; rss: 71MB	gated macro checking
time: 0.000; rss: 71MB	crate injection
time: 0.006; rss: 73MB	macro loading
time: 0.000; rss: 73MB	plugin loading
time: 0.000; rss: 73MB	plugin registration
time: 0.543; rss: 109MB	expansion
time: 0.018; rss: 109MB	complete gated feature checking 1
time: 0.115; rss: 109MB	configuration 2
time: 0.000; rss: 109MB	gated configuration checking
time: 0.059; rss: 109MB	maybe building test harness
time: 0.054; rss: 109MB	prelude injection
time: 0.008; rss: 109MB	checking that all macro invocations are gone
time: 0.000; rss: 109MB	checking for inline asm in case the target doesn't support it
time: 0.018; rss: 109MB	complete gated feature checking 2
time: 0.070; rss: 122MB	assigning node ids and indexing ast
time: 0.010; rss: 122MB	external crate/lib resolution
time: 0.017; rss: 122MB	language item collection
time: 0.220; rss: 161MB	resolution
time: 0.015; rss: 155MB	lifetime resolution
time: 0.000; rss: 155MB	looking for entry point
time: 0.008; rss: 155MB	looking for plugin registrar
time: 0.051; rss: 172MB	region resolution
time: 0.009; rss: 172MB	loop checking
time: 0.009; rss: 172MB	static item recursion checking
time: 0.052; rss: 174MB	type collecting
time: 0.017; rss: 174MB	variance inference
time: 0.151; rss: 212MB	coherence checking
time: 0.049; rss: 214MB	wf checking (old)
time: 0.089; rss: 214MB	item-types checking
time: 7.370; rss: 317MB	item-bodies checking
time: 0.000; rss: 317MB	drop-impl checking
time: 0.355; rss: 317MB	wf checking (new)
time: 0.498; rss: 321MB	const checking
time: 0.083; rss: 321MB	privacy checking
time: 0.002; rss: 321MB	stability index
time: 0.024; rss: 321MB	intrinsic checking
time: 0.021; rss: 321MB	effect checking
time: 0.079; rss: 321MB	match checking
time: 0.061; rss: 328MB	liveness checking
time: 1.043; rss: 328MB	borrow checking
time: 0.667; rss: 328MB	rvalue checking
time: 0.027; rss: 328MB	reachability checking
time: 0.064; rss: 328MB	death checking
time: 0.066; rss: 328MB	stability checking
time: 0.000; rss: 328MB	unused lib feature checking
time: 0.262; rss: 328MB	lint checking
time: 0.001; rss: 328MB	resolving dependency formats
time: 5.970; rss: 679MB	translation
  time: 1.931; rss: 393MB	llvm function passes
  time: 47.694; rss: 511MB	llvm module passes
  time: 17.367; rss: 574MB	codegen passes
  time: 0.002; rss: 510MB	codegen passes
time: 68.272; rss: 510MB	LLVM passes
  time: 0.133; rss: 514MB	running linker
time: 0.703; rss: 512MB	linking
rustc: x86_64-unknown-linux-gnu/stage2/lib/rustlib/x86_64-unknown-linux-gnu/lib/librustc_llvm
time: 0.007; rss: 36MB	parsing
time: 0.001; rss: 36MB	configuration 1
time: 0.000; rss: 36MB	recursion limit
time: 0.000; rss: 36MB	gated macro checking
time: 0.000; rss: 36MB	crate injection
time: 0.003; rss: 38MB	macro loading
time: 0.000; rss: 38MB	plugin loading
time: 0.000; rss: 38MB	plugin registration
time: 0.012; rss: 42MB	expansion
time: 0.000; rss: 42MB	complete gated feature checking 1
time: 0.003; rss: 42MB	configuration 2
time: 0.000; rss: 42MB	gated configuration checking
time: 0.001; rss: 42MB	maybe building test harness
time: 0.002; rss: 42MB	prelude injection
time: 0.000; rss: 42MB	checking that all macro invocations are gone
time: 0.000; rss: 42MB	checking for inline asm in case the target doesn't support it
time: 0.000; rss: 42MB	complete gated feature checking 2
time: 0.002; rss: 42MB	assigning node ids and indexing ast
time: 0.001; rss: 42MB	external crate/lib resolution
time: 0.000; rss: 42MB	language item collection
time: 0.009; rss: 56MB	resolution
time: 0.000; rss: 56MB	lifetime resolution
time: 0.000; rss: 56MB	looking for entry point
time: 0.000; rss: 56MB	looking for plugin registrar
time: 0.001; rss: 56MB	region resolution
time: 0.000; rss: 56MB	loop checking
time: 0.000; rss: 56MB	static item recursion checking
time: 0.003; rss: 58MB	type collecting
time: 0.000; rss: 58MB	variance inference
time: 0.080; rss: 97MB	coherence checking
time: 0.003; rss: 97MB	wf checking (old)
time: 0.011; rss: 97MB	item-types checking
time: 0.091; rss: 101MB	item-bodies checking
time: 0.000; rss: 101MB	drop-impl checking
time: 0.003; rss: 101MB	wf checking (new)
time: 0.004; rss: 101MB	const checking
time: 0.001; rss: 101MB	privacy checking
time: 0.000; rss: 101MB	stability index
time: 0.000; rss: 101MB	intrinsic checking
time: 0.000; rss: 101MB	effect checking
time: 0.001; rss: 101MB	match checking
time: 0.000; rss: 101MB	liveness checking
time: 0.005; rss: 101MB	borrow checking
time: 0.002; rss: 101MB	rvalue checking
time: 0.001; rss: 101MB	reachability checking
time: 0.001; rss: 101MB	death checking
time: 0.001; rss: 101MB	stability checking
time: 0.000; rss: 101MB	unused lib feature checking
time: 0.006; rss: 101MB	lint checking
time: 0.001; rss: 101MB	resolving dependency formats
time: 0.093; rss: 122MB	translation
  time: 0.017; rss: 96MB	llvm function passes
  time: 0.091; rss: 98MB	llvm module passes
  time: 0.050; rss: 102MB	codegen passes
  time: 0.000; rss: 101MB	codegen passes
time: 0.162; rss: 101MB	LLVM passes
  time: 1.420; rss: 105MB	running linker
time: 1.474; rss: 105MB	linking
rustc: x86_64-unknown-linux-gnu/stage2/lib/rustlib/x86_64-unknown-linux-gnu/lib/librustc_back
time: 0.007; rss: 36MB	parsing
time: 0.002; rss: 36MB	configuration 1
time: 0.000; rss: 36MB	recursion limit
time: 0.000; rss: 36MB	gated macro checking
time: 0.000; rss: 36MB	crate injection
time: 0.003; rss: 38MB	macro loading
time: 0.000; rss: 38MB	plugin loading
time: 0.000; rss: 38MB	plugin registration
time: 0.028; rss: 42MB	expansion
time: 0.000; rss: 42MB	complete gated feature checking 1
time: 0.005; rss: 42MB	configuration 2
time: 0.000; rss: 42MB	gated configuration checking
time: 0.002; rss: 42MB	maybe building test harness
time: 0.002; rss: 42MB	prelude injection
time: 0.000; rss: 42MB	checking that all macro invocations are gone
time: 0.000; rss: 42MB	checking for inline asm in case the target doesn't support it
time: 0.000; rss: 42MB	complete gated feature checking 2
time: 0.003; rss: 43MB	assigning node ids and indexing ast
time: 0.004; rss: 73MB	external crate/lib resolution
time: 0.000; rss: 73MB	language item collection
time: 0.017; rss: 106MB	resolution
time: 0.000; rss: 106MB	lifetime resolution
time: 0.000; rss: 106MB	looking for entry point
time: 0.000; rss: 106MB	looking for plugin registrar
time: 0.001; rss: 106MB	region resolution
time: 0.000; rss: 106MB	loop checking
time: 0.000; rss: 106MB	static item recursion checking
time: 0.004; rss: 106MB	type collecting
time: 0.000; rss: 106MB	variance inference
time: 0.036; rss: 131MB	coherence checking
time: 0.002; rss: 131MB	wf checking (old)
time: 0.012; rss: 131MB	item-types checking
time: 0.312; rss: 164MB	item-bodies checking
time: 0.000; rss: 164MB	drop-impl checking
time: 0.005; rss: 164MB	wf checking (new)
time: 0.012; rss: 164MB	const checking
time: 0.001; rss: 164MB	privacy checking
time: 0.000; rss: 164MB	stability index
time: 0.000; rss: 164MB	intrinsic checking
time: 0.000; rss: 164MB	effect checking
time: 0.002; rss: 164MB	match checking
time: 0.002; rss: 169MB	liveness checking
time: 0.020; rss: 169MB	borrow checking
time: 0.008; rss: 169MB	rvalue checking
time: 0.000; rss: 169MB	reachability checking
time: 0.001; rss: 169MB	death checking
time: 0.003; rss: 169MB	stability checking
time: 0.000; rss: 169MB	unused lib feature checking
time: 0.012; rss: 169MB	lint checking
time: 0.001; rss: 169MB	resolving dependency formats
time: 0.545; rss: 227MB	translation
  time: 0.152; rss: 166MB	llvm function passes
  time: 2.801; rss: 174MB	llvm module passes
  time: 0.938; rss: 188MB	codegen passes
  time: 0.001; rss: 179MB	codegen passes
time: 3.964; rss: 179MB	LLVM passes
  time: 0.039; rss: 179MB	running linker
time: 0.079; rss: 179MB	linking
rustc: x86_64-unknown-linux-gnu/stage2/lib/rustlib/x86_64-unknown-linux-gnu/lib/librustc_data_structures
time: 0.007; rss: 31MB	parsing
time: 0.002; rss: 35MB	configuration 1
time: 0.000; rss: 35MB	recursion limit
time: 0.000; rss: 35MB	gated macro checking
time: 0.000; rss: 35MB	crate injection
time: 0.003; rss: 38MB	macro loading
time: 0.000; rss: 38MB	plugin loading
time: 0.000; rss: 38MB	plugin registration
time: 0.019; rss: 39MB	expansion
time: 0.000; rss: 39MB	complete gated feature checking 1
time: 0.003; rss: 39MB	configuration 2
time: 0.000; rss: 39MB	gated configuration checking
time: 0.001; rss: 40MB	maybe building test harness
time: 0.001; rss: 40MB	prelude injection
time: 0.000; rss: 40MB	checking that all macro invocations are gone
time: 0.000; rss: 40MB	checking for inline asm in case the target doesn't support it
time: 0.000; rss: 40MB	complete gated feature checking 2
time: 0.001; rss: 40MB	assigning node ids and indexing ast
time: 0.002; rss: 40MB	external crate/lib resolution
time: 0.000; rss: 40MB	language item collection
time: 0.007; rss: 54MB	resolution
time: 0.000; rss: 54MB	lifetime resolution
time: 0.000; rss: 54MB	looking for entry point
time: 0.000; rss: 54MB	looking for plugin registrar
time: 0.001; rss: 54MB	region resolution
time: 0.000; rss: 54MB	loop checking
time: 0.000; rss: 54MB	static item recursion checking
time: 0.003; rss: 57MB	type collecting
time: 0.000; rss: 57MB	variance inference
time: 0.077; rss: 91MB	coherence checking
time: 0.004; rss: 93MB	wf checking (old)
time: 0.005; rss: 93MB	item-types checking
time: 0.171; rss: 103MB	item-bodies checking
time: 0.000; rss: 103MB	drop-impl checking
time: 0.020; rss: 103MB	wf checking (new)
time: 0.010; rss: 103MB	const checking
time: 0.001; rss: 103MB	privacy checking
time: 0.000; rss: 103MB	stability index
time: 0.001; rss: 103MB	intrinsic checking
time: 0.000; rss: 103MB	effect checking
time: 0.002; rss: 103MB	match checking
time: 0.001; rss: 103MB	liveness checking
time: 0.017; rss: 103MB	borrow checking
time: 0.013; rss: 103MB	rvalue checking
time: 0.000; rss: 103MB	reachability checking
time: 0.001; rss: 103MB	death checking
time: 0.001; rss: 103MB	stability checking
time: 0.000; rss: 103MB	unused lib feature checking
time: 0.007; rss: 103MB	lint checking
time: 0.001; rss: 103MB	resolving dependency formats
time: 0.094; rss: 122MB	translation
  time: 0.011; rss: 96MB	llvm function passes
  time: 0.071; rss: 97MB	llvm module passes
  time: 0.029; rss: 102MB	codegen passes
  time: 0.000; rss: 101MB	codegen passes
time: 0.114; rss: 101MB	LLVM passes
  time: 0.021; rss: 107MB	running linker
time: 0.024; rss: 105MB	linking
rustc: x86_64-unknown-linux-gnu/stage2/lib/rustlib/x86_64-unknown-linux-gnu/lib/librustc
time: 0.170; rss: 84MB	parsing
time: 0.061; rss: 86MB	configuration 1
time: 0.000; rss: 86MB	recursion limit
time: 0.005; rss: 86MB	gated macro checking
time: 0.000; rss: 86MB	crate injection
time: 0.008; rss: 88MB	macro loading
time: 0.000; rss: 88MB	plugin loading
time: 0.000; rss: 88MB	plugin registration
time: 0.710; rss: 127MB	expansion
time: 0.023; rss: 127MB	complete gated feature checking 1
time: 0.144; rss: 127MB	configuration 2
time: 0.000; rss: 127MB	gated configuration checking
time: 0.074; rss: 127MB	maybe building test harness
time: 0.069; rss: 127MB	prelude injection
time: 0.011; rss: 127MB	checking that all macro invocations are gone
time: 0.000; rss: 127MB	checking for inline asm in case the target doesn't support it
time: 0.024; rss: 127MB	complete gated feature checking 2
time: 0.089; rss: 138MB	assigning node ids and indexing ast
time: 0.017; rss: 171MB	external crate/lib resolution
time: 0.022; rss: 171MB	language item collection
time: 0.265; rss: 251MB	resolution
time: 0.020; rss: 244MB	lifetime resolution
time: 0.000; rss: 244MB	looking for entry point
time: 0.011; rss: 244MB	looking for plugin registrar
time: 0.064; rss: 267MB	region resolution
time: 0.011; rss: 267MB	loop checking
time: 0.011; rss: 267MB	static item recursion checking
time: 0.076; rss: 267MB	type collecting
time: 0.023; rss: 267MB	variance inference
time: 0.192; rss: 307MB	coherence checking
time: 0.103; rss: 313MB	wf checking (old)
time: 0.243; rss: 322MB	item-types checking
time: 6.284; rss: 475MB	item-bodies checking
time: 0.000; rss: 475MB	drop-impl checking
time: 0.255; rss: 475MB	wf checking (new)
time: 0.447; rss: 483MB	const checking
time: 0.105; rss: 483MB	privacy checking
time: 0.002; rss: 483MB	stability index
time: 0.030; rss: 483MB	intrinsic checking
time: 0.024; rss: 483MB	effect checking
time: 0.086; rss: 483MB	match checking
time: 0.059; rss: 485MB	liveness checking
time: 0.653; rss: 485MB	borrow checking
time: 0.508; rss: 485MB	rvalue checking
time: 0.031; rss: 485MB	reachability checking
time: 0.078; rss: 485MB	death checking
time: 0.089; rss: 485MB	stability checking
time: 0.000; rss: 485MB	unused lib feature checking
time: 0.335; rss: 485MB	lint checking
time: 0.002; rss: 485MB	resolving dependency formats
time: 11.876; rss: 1114MB	translation
  time: 3.707; rss: 678MB	llvm function passes
  time: 83.695; rss: 817MB	llvm module passes
  time: 23.164; rss: 844MB	codegen passes
  time: 0.003; rss: 702MB	codegen passes
time: 112.656; rss: 702MB	LLVM passes
  time: 0.230; rss: 704MB	running linker
time: 1.091; rss: 701MB	linking
rustc: x86_64-unknown-linux-gnu/stage2/lib/rustlib/x86_64-unknown-linux-gnu/lib/librustc_platform_intrinsics
time: 0.025; rss: 43MB	parsing
time: 0.008; rss: 43MB	configuration 1
time: 0.000; rss: 43MB	recursion limit
time: 0.000; rss: 43MB	gated macro checking
time: 0.000; rss: 43MB	crate injection
time: 0.002; rss: 44MB	macro loading
time: 0.000; rss: 44MB	plugin loading
time: 0.000; rss: 44MB	plugin registration
time: 0.080; rss: 47MB	expansion
time: 0.001; rss: 47MB	complete gated feature checking 1
time: 0.011; rss: 47MB	configuration 2
time: 0.000; rss: 47MB	gated configuration checking
time: 0.006; rss: 47MB	maybe building test harness
time: 0.005; rss: 47MB	prelude injection
time: 0.000; rss: 47MB	checking that all macro invocations are gone
time: 0.000; rss: 47MB	checking for inline asm in case the target doesn't support it
time: 0.001; rss: 47MB	complete gated feature checking 2
time: 0.006; rss: 50MB	assigning node ids and indexing ast
time: 0.034; rss: 85MB	external crate/lib resolution
time: 0.002; rss: 85MB	language item collection
time: 0.015; rss: 100MB	resolution
time: 0.001; rss: 100MB	lifetime resolution
time: 0.000; rss: 100MB	looking for entry point
time: 0.000; rss: 100MB	looking for plugin registrar
time: 0.004; rss: 101MB	region resolution
time: 0.001; rss: 101MB	loop checking
time: 0.001; rss: 101MB	static item recursion checking
time: 0.009; rss: 115MB	type collecting
time: 0.001; rss: 115MB	variance inference
time: 0.045; rss: 148MB	coherence checking
time: 0.001; rss: 152MB	wf checking (old)
time: 0.001; rss: 152MB	item-types checking
time: 0.321; rss: 164MB	item-bodies checking
time: 0.000; rss: 164MB	drop-impl checking
time: 0.001; rss: 164MB	wf checking (new)
time: 0.019; rss: 164MB	const checking
time: 0.004; rss: 164MB	privacy checking
time: 0.000; rss: 164MB	stability index
time: 0.002; rss: 164MB	intrinsic checking
time: 0.002; rss: 164MB	effect checking
time: 0.016; rss: 164MB	match checking
time: 0.004; rss: 164MB	liveness checking
time: 0.045; rss: 166MB	borrow checking
time: 0.013; rss: 166MB	rvalue checking
time: 0.000; rss: 166MB	reachability checking
time: 0.004; rss: 166MB	death checking
time: 0.005; rss: 166MB	stability checking
time: 0.000; rss: 166MB	unused lib feature checking
time: 0.032; rss: 167MB	lint checking
time: 0.002; rss: 167MB	resolving dependency formats
time: 0.400; rss: 220MB	translation
  time: 0.134; rss: 175MB	llvm function passes
  time: 10.685; rss: 224MB	llvm module passes
  time: 4.156; rss: 301MB	codegen passes
  time: 0.001; rss: 286MB	codegen passes
time: 15.121; rss: 286MB	LLVM passes
  time: 0.060; rss: 290MB	running linker
time: 0.145; rss: 285MB	linking
rustc: x86_64-unknown-linux-gnu/stage2/lib/rustlib/x86_64-unknown-linux-gnu/lib/librustc_typeck
time: 0.071; rss: 54MB	parsing
time: 0.025; rss: 56MB	configuration 1
time: 0.000; rss: 56MB	recursion limit
time: 0.002; rss: 56MB	gated macro checking
time: 0.000; rss: 56MB	crate injection
time: 0.005; rss: 59MB	macro loading
time: 0.000; rss: 59MB	plugin loading
time: 0.000; rss: 59MB	plugin registration
time: 0.279; rss: 72MB	expansion
time: 0.010; rss: 72MB	complete gated feature checking 1
time: 0.049; rss: 72MB	configuration 2
time: 0.000; rss: 72MB	gated configuration checking
time: 0.025; rss: 72MB	maybe building test harness
time: 0.023; rss: 72MB	prelude injection
time: 0.004; rss: 72MB	checking that all macro invocations are gone
time: 0.000; rss: 72MB	checking for inline asm in case the target doesn't support it
time: 0.009; rss: 72MB	complete gated feature checking 2
time: 0.031; rss: 74MB	assigning node ids and indexing ast
time: 0.032; rss: 110MB	external crate/lib resolution
time: 0.008; rss: 110MB	language item collection
time: 0.105; rss: 161MB	resolution
time: 0.007; rss: 160MB	lifetime resolution
time: 0.000; rss: 160MB	looking for entry point
time: 0.004; rss: 160MB	looking for plugin registrar
time: 0.020; rss: 167MB	region resolution
time: 0.004; rss: 167MB	loop checking
time: 0.004; rss: 167MB	static item recursion checking
time: 0.029; rss: 172MB	type collecting
time: 0.008; rss: 172MB	variance inference
time: 0.140; rss: 214MB	coherence checking
time: 0.026; rss: 216MB	wf checking (old)
time: 0.100; rss: 221MB	item-types checking
time: 2.458; rss: 299MB	item-bodies checking
time: 0.000; rss: 299MB	drop-impl checking
time: 0.057; rss: 299MB	wf checking (new)
time: 0.163; rss: 299MB	const checking
time: 0.034; rss: 299MB	privacy checking
time: 0.000; rss: 299MB	stability index
time: 0.009; rss: 299MB	intrinsic checking
time: 0.008; rss: 299MB	effect checking
time: 0.023; rss: 299MB	match checking
time: 0.024; rss: 303MB	liveness checking
time: 0.198; rss: 303MB	borrow checking
time: 0.154; rss: 303MB	rvalue checking
time: 0.001; rss: 303MB	reachability checking
time: 0.025; rss: 303MB	death checking
time: 0.038; rss: 303MB	stability checking
time: 0.000; rss: 303MB	unused lib feature checking
time: 0.111; rss: 303MB	lint checking
time: 0.002; rss: 303MB	resolving dependency formats
time: 4.737; rss: 605MB	translation
  time: 1.459; rss: 371MB	llvm function passes
  time: 33.626; rss: 414MB	llvm module passes
  time: 9.371; rss: 429MB	codegen passes
  time: 0.001; rss: 381MB	codegen passes
time: 45.231; rss: 381MB	LLVM passes
  time: 0.127; rss: 385MB	running linker
time: 0.485; rss: 384MB	linking
rustc: x86_64-unknown-linux-gnu/stage2/lib/rustlib/x86_64-unknown-linux-gnu/lib/librustc_borrowck
time: 0.013; rss: 38MB	parsing
time: 0.004; rss: 38MB	configuration 1
time: 0.000; rss: 38MB	recursion limit
time: 0.000; rss: 38MB	gated macro checking
time: 0.000; rss: 38MB	crate injection
time: 0.004; rss: 41MB	macro loading
time: 0.000; rss: 41MB	plugin loading
time: 0.000; rss: 41MB	plugin registration
time: 0.053; rss: 45MB	expansion
time: 0.001; rss: 45MB	complete gated feature checking 1
time: 0.009; rss: 45MB	configuration 2
time: 0.000; rss: 45MB	gated configuration checking
time: 0.005; rss: 45MB	maybe building test harness
time: 0.004; rss: 45MB	prelude injection
time: 0.000; rss: 45MB	checking that all macro invocations are gone
time: 0.000; rss: 45MB	checking for inline asm in case the target doesn't support it
time: 0.001; rss: 45MB	complete gated feature checking 2
time: 0.005; rss: 48MB	assigning node ids and indexing ast
time: 0.031; rss: 79MB	external crate/lib resolution
time: 0.001; rss: 79MB	language item collection
time: 0.024; rss: 115MB	resolution
time: 0.001; rss: 115MB	lifetime resolution
time: 0.000; rss: 115MB	looking for entry point
time: 0.000; rss: 115MB	looking for plugin registrar
time: 0.003; rss: 115MB	region resolution
time: 0.000; rss: 115MB	loop checking
time: 0.000; rss: 115MB	static item recursion checking
time: 0.012; rss: 119MB	type collecting
time: 0.001; rss: 119MB	variance inference
time: 0.066; rss: 157MB	coherence checking
time: 0.007; rss: 157MB	wf checking (old)
time: 0.025; rss: 159MB	item-types checking
time: 0.466; rss: 198MB	item-bodies checking
time: 0.000; rss: 198MB	drop-impl checking
time: 0.012; rss: 198MB	wf checking (new)
time: 0.029; rss: 198MB	const checking
time: 0.004; rss: 198MB	privacy checking
time: 0.000; rss: 198MB	stability index
time: 0.001; rss: 198MB	intrinsic checking
time: 0.001; rss: 198MB	effect checking
time: 0.005; rss: 198MB	match checking
time: 0.003; rss: 198MB	liveness checking
time: 0.038; rss: 198MB	borrow checking
time: 0.024; rss: 198MB	rvalue checking
time: 0.000; rss: 198MB	reachability checking
time: 0.003; rss: 198MB	death checking
time: 0.006; rss: 198MB	stability checking
time: 0.000; rss: 198MB	unused lib feature checking
time: 0.022; rss: 198MB	lint checking
time: 0.002; rss: 198MB	resolving dependency formats
time: 0.797; rss: 267MB	translation
  time: 0.254; rss: 198MB	llvm function passes
  time: 4.411; rss: 220MB	llvm module passes
  time: 1.704; rss: 228MB	codegen passes
  time: 0.001; rss: 227MB	codegen passes
time: 6.481; rss: 227MB	LLVM passes
  time: 0.052; rss: 231MB	running linker
time: 0.114; rss: 229MB	linking
rustc: x86_64-unknown-linux-gnu/stage2/lib/rustlib/x86_64-unknown-linux-gnu/lib/librustc_resolve
time: 0.018; rss: 40MB	parsing
time: 0.006; rss: 40MB	configuration 1
time: 0.000; rss: 40MB	recursion limit
time: 0.000; rss: 40MB	gated macro checking
time: 0.000; rss: 40MB	crate injection
time: 0.004; rss: 43MB	macro loading
time: 0.000; rss: 43MB	plugin loading
time: 0.000; rss: 43MB	plugin registration
time: 0.072; rss: 49MB	expansion
time: 0.002; rss: 49MB	complete gated feature checking 1
time: 0.012; rss: 48MB	configuration 2
time: 0.000; rss: 48MB	gated configuration checking
time: 0.006; rss: 48MB	maybe building test harness
time: 0.006; rss: 48MB	prelude injection
time: 0.000; rss: 48MB	checking that all macro invocations are gone
time: 0.000; rss: 48MB	checking for inline asm in case the target doesn't support it
time: 0.001; rss: 48MB	complete gated feature checking 2
time: 0.007; rss: 49MB	assigning node ids and indexing ast
time: 0.032; rss: 80MB	external crate/lib resolution
time: 0.001; rss: 84MB	language item collection
time: 0.035; rss: 119MB	resolution
time: 0.001; rss: 119MB	lifetime resolution
time: 0.000; rss: 119MB	looking for entry point
time: 0.000; rss: 119MB	looking for plugin registrar
time: 0.004; rss: 122MB	region resolution
time: 0.001; rss: 122MB	loop checking
time: 0.001; rss: 122MB	static item recursion checking
time: 0.009; rss: 125MB	type collecting
time: 0.001; rss: 125MB	variance inference
time: 0.073; rss: 163MB	coherence checking
time: 0.006; rss: 163MB	wf checking (old)
time: 0.021; rss: 163MB	item-types checking
time: 0.587; rss: 206MB	item-bodies checking
time: 0.000; rss: 206MB	drop-impl checking
time: 0.014; rss: 206MB	wf checking (new)
time: 0.038; rss: 208MB	const checking
time: 0.005; rss: 208MB	privacy checking
time: 0.000; rss: 208MB	stability index
time: 0.001; rss: 208MB	intrinsic checking
time: 0.001; rss: 208MB	effect checking
time: 0.006; rss: 208MB	match checking
time: 0.005; rss: 208MB	liveness checking
time: 0.052; rss: 208MB	borrow checking
time: 0.030; rss: 213MB	rvalue checking
time: 0.000; rss: 213MB	reachability checking
time: 0.005; rss: 213MB	death checking
time: 0.008; rss: 213MB	stability checking
time: 0.000; rss: 213MB	unused lib feature checking
time: 0.030; rss: 213MB	lint checking
time: 0.002; rss: 213MB	resolving dependency formats
time: 1.292; rss: 317MB	translation
  time: 0.446; rss: 228MB	llvm function passes
  time: 7.464; rss: 245MB	llvm module passes
  time: 2.220; rss: 245MB	codegen passes
  time: 0.001; rss: 234MB	codegen passes
time: 10.304; rss: 234MB	LLVM passes
  time: 0.096; rss: 236MB	running linker
time: 0.180; rss: 233MB	linking
rustc: x86_64-unknown-linux-gnu/stage2/lib/rustlib/x86_64-unknown-linux-gnu/lib/librustc_trans
time: 0.118; rss: 71MB	parsing
time: 0.041; rss: 71MB	configuration 1
time: 0.000; rss: 71MB	recursion limit
time: 0.003; rss: 71MB	gated macro checking
time: 0.000; rss: 71MB	crate injection
time: 0.006; rss: 73MB	macro loading
time: 0.000; rss: 73MB	plugin loading
time: 0.000; rss: 73MB	plugin registration
time: 0.377; rss: 87MB	expansion
time: 0.012; rss: 87MB	complete gated feature checking 1
time: 0.068; rss: 87MB	configuration 2
time: 0.000; rss: 87MB	gated configuration checking
time: 0.035; rss: 87MB	maybe building test harness
time: 0.033; rss: 87MB	prelude injection
time: 0.005; rss: 87MB	checking that all macro invocations are gone
time: 0.000; rss: 87MB	checking for inline asm in case the target doesn't support it
time: 0.012; rss: 87MB	complete gated feature checking 2
time: 0.044; rss: 97MB	assigning node ids and indexing ast
time: 0.030; rss: 128MB	external crate/lib resolution
time: 0.011; rss: 128MB	language item collection
time: 0.166; rss: 200MB	resolution
time: 0.010; rss: 194MB	lifetime resolution
time: 0.000; rss: 194MB	looking for entry point
time: 0.005; rss: 194MB	looking for plugin registrar
time: 0.031; rss: 200MB	region resolution
time: 0.006; rss: 200MB	loop checking
time: 0.006; rss: 200MB	static item recursion checking
time: 0.041; rss: 203MB	type collecting
time: 0.011; rss: 203MB	variance inference
time: 0.145; rss: 243MB	coherence checking
time: 0.034; rss: 243MB	wf checking (old)
time: 0.090; rss: 247MB	item-types checking
time: 3.027; rss: 345MB	item-bodies checking
time: 0.000; rss: 345MB	drop-impl checking
time: 0.070; rss: 345MB	wf checking (new)
time: 0.191; rss: 345MB	const checking
time: 0.051; rss: 345MB	privacy checking
time: 0.001; rss: 345MB	stability index
time: 0.014; rss: 345MB	intrinsic checking
time: 0.013; rss: 345MB	effect checking
time: 0.034; rss: 345MB	match checking
time: 0.036; rss: 354MB	liveness checking
time: 0.291; rss: 354MB	borrow checking
time: 0.165; rss: 363MB	rvalue checking
time: 0.001; rss: 363MB	reachability checking
time: 0.037; rss: 363MB	death checking
time: 0.050; rss: 363MB	stability checking
time: 0.000; rss: 363MB	unused lib feature checking
time: 0.146; rss: 363MB	lint checking
time: 0.002; rss: 363MB	resolving dependency formats
time: 4.776; rss: 659MB	translation
  time: 1.530; rss: 391MB	llvm function passes
  time: 32.763; rss: 462MB	llvm module passes
  time: 10.837; rss: 494MB	codegen passes
  time: 0.001; rss: 410MB	codegen passes
time: 45.990; rss: 410MB	LLVM passes
  time: 0.142; rss: 412MB	running linker
time: 0.527; rss: 410MB	linking
rustc: x86_64-unknown-linux-gnu/stage2/lib/rustlib/x86_64-unknown-linux-gnu/lib/librustc_privacy
time: 0.005; rss: 35MB	parsing
time: 0.001; rss: 35MB	configuration 1
time: 0.000; rss: 35MB	recursion limit
time: 0.000; rss: 35MB	gated macro checking
time: 0.000; rss: 35MB	crate injection
time: 0.004; rss: 38MB	macro loading
time: 0.000; rss: 38MB	plugin loading
time: 0.000; rss: 38MB	plugin registration
time: 0.014; rss: 40MB	expansion
time: 0.000; rss: 40MB	complete gated feature checking 1
time: 0.002; rss: 40MB	configuration 2
time: 0.000; rss: 40MB	gated configuration checking
time: 0.001; rss: 40MB	maybe building test harness
time: 0.001; rss: 40MB	prelude injection
time: 0.000; rss: 40MB	checking that all macro invocations are gone
time: 0.000; rss: 40MB	checking for inline asm in case the target doesn't support it
time: 0.000; rss: 40MB	complete gated feature checking 2
time: 0.001; rss: 40MB	assigning node ids and indexing ast
time: 0.032; rss: 76MB	external crate/lib resolution
time: 0.000; rss: 76MB	language item collection
time: 0.011; rss: 101MB	resolution
time: 0.000; rss: 101MB	lifetime resolution
time: 0.000; rss: 101MB	looking for entry point
time: 0.000; rss: 101MB	looking for plugin registrar
time: 0.001; rss: 101MB	region resolution
time: 0.000; rss: 101MB	loop checking
time: 0.000; rss: 101MB	static item recursion checking
time: 0.007; rss: 108MB	type collecting
time: 0.000; rss: 108MB	variance inference
time: 0.021; rss: 126MB	coherence checking
time: 0.001; rss: 126MB	wf checking (old)
time: 0.007; rss: 126MB	item-types checking
time: 0.221; rss: 176MB	item-bodies checking
time: 0.000; rss: 176MB	drop-impl checking
time: 0.002; rss: 176MB	wf checking (new)
time: 0.008; rss: 176MB	const checking
time: 0.001; rss: 176MB	privacy checking
time: 0.000; rss: 176MB	stability index
time: 0.000; rss: 176MB	intrinsic checking
time: 0.000; rss: 176MB	effect checking
time: 0.001; rss: 176MB	match checking
time: 0.001; rss: 176MB	liveness checking
time: 0.011; rss: 176MB	borrow checking
time: 0.004; rss: 176MB	rvalue checking
time: 0.000; rss: 176MB	reachability checking
time: 0.001; rss: 176MB	death checking
time: 0.002; rss: 176MB	stability checking
time: 0.000; rss: 176MB	unused lib feature checking
time: 0.005; rss: 176MB	lint checking
time: 0.002; rss: 176MB	resolving dependency formats
time: 0.545; rss: 229MB	translation
  time: 0.149; rss: 181MB	llvm function passes
  time: 1.412; rss: 184MB	llvm module passes
  time: 0.427; rss: 184MB	codegen passes
  time: 0.001; rss: 185MB	codegen passes
time: 2.022; rss: 185MB	LLVM passes
  time: 0.047; rss: 187MB	running linker
time: 0.066; rss: 186MB	linking
rustc: x86_64-unknown-linux-gnu/stage2/lib/rustlib/x86_64-unknown-linux-gnu/lib/librustc_lint
time: 0.009; rss: 36MB	parsing
time: 0.003; rss: 36MB	configuration 1
time: 0.000; rss: 36MB	recursion limit
time: 0.000; rss: 36MB	gated macro checking
time: 0.000; rss: 36MB	crate injection
time: 0.033; rss: 75MB	macro loading
time: 0.000; rss: 75MB	plugin loading
time: 0.000; rss: 75MB	plugin registration
time: 0.024; rss: 77MB	expansion
time: 0.000; rss: 77MB	complete gated feature checking 1
time: 0.004; rss: 77MB	configuration 2
time: 0.000; rss: 77MB	gated configuration checking
time: 0.002; rss: 77MB	maybe building test harness
time: 0.002; rss: 77MB	prelude injection
time: 0.000; rss: 77MB	checking that all macro invocations are gone
time: 0.000; rss: 77MB	checking for inline asm in case the target doesn't support it
time: 0.000; rss: 77MB	complete gated feature checking 2
time: 0.002; rss: 77MB	assigning node ids and indexing ast
time: 0.003; rss: 77MB	external crate/lib resolution
time: 0.000; rss: 77MB	language item collection
time: 0.018; rss: 108MB	resolution
time: 0.000; rss: 109MB	lifetime resolution
time: 0.000; rss: 109MB	looking for entry point
time: 0.000; rss: 109MB	looking for plugin registrar
time: 0.001; rss: 109MB	region resolution
time: 0.000; rss: 109MB	loop checking
time: 0.000; rss: 109MB	static item recursion checking
time: 0.009; rss: 113MB	type collecting
time: 0.000; rss: 113MB	variance inference
time: 0.057; rss: 147MB	coherence checking
time: 0.003; rss: 147MB	wf checking (old)
time: 0.016; rss: 147MB	item-types checking
time: 0.243; rss: 180MB	item-bodies checking
time: 0.000; rss: 180MB	drop-impl checking
time: 0.006; rss: 180MB	wf checking (new)
time: 0.014; rss: 180MB	const checking
time: 0.001; rss: 180MB	privacy checking
time: 0.000; rss: 180MB	stability index
time: 0.000; rss: 180MB	intrinsic checking
time: 0.000; rss: 180MB	effect checking
time: 0.002; rss: 180MB	match checking
time: 0.001; rss: 180MB	liveness checking
time: 0.015; rss: 180MB	borrow checking
time: 0.006; rss: 180MB	rvalue checking
time: 0.000; rss: 180MB	reachability checking
time: 0.001; rss: 180MB	death checking
time: 0.003; rss: 180MB	stability checking
time: 0.000; rss: 180MB	unused lib feature checking
time: 0.009; rss: 180MB	lint checking
time: 0.002; rss: 180MB	resolving dependency formats
time: 0.834; rss: 257MB	translation
  time: 0.230; rss: 193MB	llvm function passes
  time: 2.831; rss: 213MB	llvm module passes
  time: 0.966; rss: 216MB	codegen passes
  time: 0.001; rss: 210MB	codegen passes
time: 4.098; rss: 210MB	LLVM passes
  time: 0.103; rss: 217MB	running linker
time: 0.144; rss: 214MB	linking
rustc: x86_64-unknown-linux-gnu/stage2/lib/rustlib/x86_64-unknown-linux-gnu/lib/librustc_driver
time: 0.012; rss: 37MB	parsing
time: 0.003; rss: 37MB	configuration 1
time: 0.000; rss: 37MB	recursion limit
time: 0.000; rss: 37MB	gated macro checking
time: 0.000; rss: 37MB	crate injection
time: 0.004; rss: 40MB	macro loading
time: 0.000; rss: 40MB	plugin loading
time: 0.000; rss: 40MB	plugin registration
time: 0.024; rss: 43MB	expansion
time: 0.000; rss: 43MB	complete gated feature checking 1
time: 0.004; rss: 43MB	configuration 2
time: 0.000; rss: 43MB	gated configuration checking
time: 0.002; rss: 43MB	maybe building test harness
time: 0.002; rss: 43MB	prelude injection
time: 0.000; rss: 43MB	checking that all macro invocations are gone
time: 0.000; rss: 43MB	checking for inline asm in case the target doesn't support it
time: 0.000; rss: 43MB	complete gated feature checking 2
time: 0.002; rss: 43MB	assigning node ids and indexing ast
time: 0.033; rss: 79MB	external crate/lib resolution
time: 0.000; rss: 79MB	language item collection
time: 0.024; rss: 124MB	resolution
time: 0.000; rss: 124MB	lifetime resolution
time: 0.000; rss: 124MB	looking for entry point
time: 0.000; rss: 124MB	looking for plugin registrar
time: 0.001; rss: 124MB	region resolution
time: 0.000; rss: 124MB	loop checking
time: 0.000; rss: 124MB	static item recursion checking
time: 0.009; rss: 128MB	type collecting
time: 0.000; rss: 128MB	variance inference
time: 0.107; rss: 174MB	coherence checking
time: 0.005; rss: 177MB	wf checking (old)
time: 0.010; rss: 177MB	item-types checking
time: 0.307; rss: 197MB	item-bodies checking
time: 0.000; rss: 197MB	drop-impl checking
time: 0.007; rss: 197MB	wf checking (new)
time: 0.021; rss: 197MB	const checking
time: 0.002; rss: 197MB	privacy checking
time: 0.000; rss: 197MB	stability index
time: 0.001; rss: 197MB	intrinsic checking
time: 0.000; rss: 197MB	effect checking
time: 0.002; rss: 197MB	match checking
time: 0.001; rss: 199MB	liveness checking
time: 0.019; rss: 199MB	borrow checking
time: 0.016; rss: 199MB	rvalue checking
time: 0.000; rss: 199MB	reachability checking
time: 0.001; rss: 199MB	death checking
time: 0.004; rss: 199MB	stability checking
time: 0.000; rss: 199MB	unused lib feature checking
time: 0.009; rss: 199MB	lint checking
time: 0.002; rss: 199MB	resolving dependency formats
time: 2.834; rss: 428MB	translation
  time: 1.145; rss: 326MB	llvm function passes
  time: 33.109; rss: 367MB	llvm module passes
  time: 12.662; rss: 435MB	codegen passes
  time: 0.001; rss: 347MB	codegen passes
time: 47.638; rss: 347MB	LLVM passes
  time: 0.113; rss: 351MB	running linker
time: 0.457; rss: 346MB	linking
rustc: x86_64-unknown-linux-gnu/stage2/lib/rustlib/x86_64-unknown-linux-gnu/lib/librustdoc
time: 0.037; rss: 44MB	parsing
time: 0.013; rss: 44MB	configuration 1
time: 0.000; rss: 44MB	recursion limit
time: 0.001; rss: 44MB	gated macro checking
time: 0.000; rss: 44MB	crate injection
time: 0.003; rss: 46MB	macro loading
time: 0.000; rss: 46MB	plugin loading
time: 0.000; rss: 46MB	plugin registration
time: 0.167; rss: 61MB	expansion
time: 0.006; rss: 61MB	complete gated feature checking 1
time: 0.037; rss: 61MB	configuration 2
time: 0.000; rss: 61MB	gated configuration checking
time: 0.019; rss: 61MB	maybe building test harness
time: 0.018; rss: 61MB	prelude injection
time: 0.002; rss: 61MB	checking that all macro invocations are gone
time: 0.000; rss: 61MB	checking for inline asm in case the target doesn't support it
time: 0.005; rss: 61MB	complete gated feature checking 2
time: 0.023; rss: 63MB	assigning node ids and indexing ast
time: 0.039; rss: 99MB	external crate/lib resolution
time: 0.005; rss: 99MB	language item collection
time: 0.079; rss: 154MB	resolution
time: 0.005; rss: 153MB	lifetime resolution
time: 0.000; rss: 153MB	looking for entry point
time: 0.002; rss: 153MB	looking for plugin registrar
time: 0.015; rss: 157MB	region resolution
time: 0.003; rss: 157MB	loop checking
time: 0.003; rss: 157MB	static item recursion checking
time: 0.023; rss: 162MB	type collecting
time: 0.005; rss: 162MB	variance inference
time: 0.075; rss: 193MB	coherence checking
time: 0.021; rss: 193MB	wf checking (old)
time: 0.058; rss: 200MB	item-types checking
time: 2.207; rss: 273MB	item-bodies checking
time: 0.000; rss: 273MB	drop-impl checking
time: 0.092; rss: 273MB	wf checking (new)
time: 0.210; rss: 275MB	const checking
time: 0.022; rss: 275MB	privacy checking
time: 0.000; rss: 275MB	stability index
time: 0.006; rss: 275MB	intrinsic checking
time: 0.005; rss: 275MB	effect checking
time: 0.021; rss: 275MB	match checking
time: 0.017; rss: 275MB	liveness checking
time: 0.392; rss: 275MB	borrow checking
time: 0.292; rss: 275MB	rvalue checking
time: 0.003; rss: 275MB	reachability checking
time: 0.018; rss: 277MB	death checking
time: 0.025; rss: 277MB	stability checking
time: 0.000; rss: 277MB	unused lib feature checking
time: 0.080; rss: 277MB	lint checking
time: 0.002; rss: 277MB	resolving dependency formats
time: 5.437; rss: 569MB	translation
  time: 1.459; rss: 376MB	llvm function passes
  time: 39.007; rss: 431MB	llvm module passes
  time: 12.411; rss: 474MB	codegen passes
  time: 0.001; rss: 396MB	codegen passes
time: 53.754; rss: 396MB	LLVM passes
  time: 0.132; rss: 398MB	running linker
time: 0.535; rss: 393MB	linking
rustc: x86_64-unknown-linux-gnu/stage1/lib/rustlib/x86_64-unknown-linux-gnu/bin/rustbook
cp: x86_64-unknown-linux-gnu/stage2/bin/rustbook
rustbook: doc/book/index.html
rustbook: doc/nomicon/index.html
rustbook: doc/style/index.html
rustc: x86_64-unknown-linux-gnu/stage1/lib/rustlib/x86_64-unknown-linux-gnu/bin/error-index-generator
cp: x86_64-unknown-linux-gnu/stage2/bin/error-index-generator
error-index-generator: doc/error-index.html
version-info: doc/version_info.html
rustdoc: doc/not_found.html
rustdoc: doc/index.html
rustdoc: doc/intro.html
rustdoc: doc/tutorial.html
rustdoc: doc/complement-lang-faq.html
rustdoc: doc/complement-design-faq.html
rustdoc: doc/complement-project-faq.html
rustdoc: doc/rustdoc.html
rustdoc: doc/reference.html
rustdoc: doc/grammar.html
rustdoc: doc/guide-crates.html
rustdoc: doc/guide-error-handling.html
rustdoc: doc/guide-ffi.html
rustdoc: doc/guide-macros.html
rustdoc: doc/guide.html
rustdoc: doc/guide-ownership.html
rustdoc: doc/guide-plugins.html
rustdoc: doc/guide-pointers.html
rustdoc: doc/guide-strings.html
rustdoc: doc/guide-tasks.html
rustdoc: doc/guide-testing.html
rustdoc: doc/std/index.html
rustdoc: doc/alloc/index.html
rustdoc: doc/collections/index.html
rustdoc: doc/core/index.html
rustdoc: doc/libc/index.html
rustdoc: doc/rustc_unicode/index.html
