commit e822a18ae7d55cefc332c6598a607cef0554ec77
Merge: 2f60268 16ec84b
Author: bors <bors@rust-lang.org>
Date:   Sun Aug 16 17:17:43 2015 +0000

    Auto merge of #27858 - rkruppe:rustdoc-codespans, r=alexcrichton
    
    Fixes #24746
cfg: version 1.4.0-dev (e822a18ae 2015-08-16)
cfg: build triple x86_64-unknown-linux-gnu
cfg: host triples x86_64-unknown-linux-gnu
cfg: target triples x86_64-unknown-linux-gnu
cfg: host for x86_64-unknown-linux-gnu is x86_64
cfg: os for x86_64-unknown-linux-gnu is unknown-linux-gnu
cfg: good valgrind for x86_64-unknown-linux-gnu is 1
cfg: using CC=gcc (CFG_CC)
cfg: disabling valgrind run-pass tests
rustc: x86_64-unknown-linux-gnu/stage0/lib/rustlib/x86_64-unknown-linux-gnu/lib/librustc_trans
rustc: x86_64-unknown-linux-gnu/stage0/lib/rustlib/x86_64-unknown-linux-gnu/lib/librustc_driver
rustc: x86_64-unknown-linux-gnu/stage0/lib/rustlib/x86_64-unknown-linux-gnu/bin/rustc
cp: x86_64-unknown-linux-gnu/stage1/lib/librustc_trans
cp: x86_64-unknown-linux-gnu/stage1/lib/librustc_driver
cp: x86_64-unknown-linux-gnu/stage1/bin/rustc
rustc: x86_64-unknown-linux-gnu/stage1/lib/rustlib/x86_64-unknown-linux-gnu/lib/libcore
rustc: x86_64-unknown-linux-gnu/stage1/lib/rustlib/x86_64-unknown-linux-gnu/lib/liblibc
rustc: x86_64-unknown-linux-gnu/stage1/lib/rustlib/x86_64-unknown-linux-gnu/lib/librand
rustc: x86_64-unknown-linux-gnu/stage1/lib/rustlib/x86_64-unknown-linux-gnu/lib/liballoc_system
rustc: x86_64-unknown-linux-gnu/stage1/lib/rustlib/x86_64-unknown-linux-gnu/lib/liballoc
rustc: x86_64-unknown-linux-gnu/stage1/lib/rustlib/x86_64-unknown-linux-gnu/lib/librustc_unicode
rustc: x86_64-unknown-linux-gnu/stage1/lib/rustlib/x86_64-unknown-linux-gnu/lib/libcollections
rustc: x86_64-unknown-linux-gnu/stage1/lib/rustlib/x86_64-unknown-linux-gnu/lib/liballoc_jemalloc
rustc: x86_64-unknown-linux-gnu/stage1/lib/rustlib/x86_64-unknown-linux-gnu/lib/libstd
rustc: x86_64-unknown-linux-gnu/stage1/lib/rustlib/x86_64-unknown-linux-gnu/lib/libarena
rustc: x86_64-unknown-linux-gnu/stage1/lib/rustlib/x86_64-unknown-linux-gnu/lib/libflate
rustc: x86_64-unknown-linux-gnu/stage1/lib/rustlib/x86_64-unknown-linux-gnu/lib/libgetopts
rustc: x86_64-unknown-linux-gnu/stage1/lib/rustlib/x86_64-unknown-linux-gnu/lib/libgraphviz
rustc: x86_64-unknown-linux-gnu/stage1/lib/rustlib/x86_64-unknown-linux-gnu/lib/liblog
rustc: x86_64-unknown-linux-gnu/stage1/lib/rustlib/x86_64-unknown-linux-gnu/lib/libterm
rustc: x86_64-unknown-linux-gnu/stage1/lib/rustlib/x86_64-unknown-linux-gnu/lib/libserialize
rustc: x86_64-unknown-linux-gnu/stage1/lib/rustlib/x86_64-unknown-linux-gnu/lib/libfmt_macros
rustc: x86_64-unknown-linux-gnu/stage1/lib/rustlib/x86_64-unknown-linux-gnu/lib/librustc_bitflags
rustc: x86_64-unknown-linux-gnu/stage1/lib/rustlib/x86_64-unknown-linux-gnu/lib/libsyntax
rustc: x86_64-unknown-linux-gnu/stage1/lib/rustlib/x86_64-unknown-linux-gnu/lib/librbml
rustc: x86_64-unknown-linux-gnu/stage1/lib/rustlib/x86_64-unknown-linux-gnu/lib/librustc_llvm
rustc: x86_64-unknown-linux-gnu/stage1/lib/rustlib/x86_64-unknown-linux-gnu/lib/librustc_back
rustc: x86_64-unknown-linux-gnu/stage1/lib/rustlib/x86_64-unknown-linux-gnu/lib/librustc_data_structures
rustc: x86_64-unknown-linux-gnu/stage1/lib/rustlib/x86_64-unknown-linux-gnu/lib/librustc
rustc: x86_64-unknown-linux-gnu/stage1/lib/rustlib/x86_64-unknown-linux-gnu/lib/librustc_borrowck
rustc: x86_64-unknown-linux-gnu/stage1/lib/rustlib/x86_64-unknown-linux-gnu/lib/librustc_typeck
rustc: x86_64-unknown-linux-gnu/stage1/lib/rustlib/x86_64-unknown-linux-gnu/lib/librustc_resolve
rustc: x86_64-unknown-linux-gnu/stage1/lib/rustlib/x86_64-unknown-linux-gnu/lib/librustc_trans
rustc: x86_64-unknown-linux-gnu/stage1/lib/rustlib/x86_64-unknown-linux-gnu/lib/librustc_privacy
rustc: x86_64-unknown-linux-gnu/stage1/lib/rustlib/x86_64-unknown-linux-gnu/lib/librustc_lint
rustc: x86_64-unknown-linux-gnu/stage1/lib/rustlib/x86_64-unknown-linux-gnu/lib/librustc_driver
rustc: x86_64-unknown-linux-gnu/stage1/lib/rustlib/x86_64-unknown-linux-gnu/bin/rustc
cp: x86_64-unknown-linux-gnu/stage2/lib/libstd
cp: x86_64-unknown-linux-gnu/stage2/lib/libarena
cp: x86_64-unknown-linux-gnu/stage2/lib/libflate
cp: x86_64-unknown-linux-gnu/stage2/lib/libgetopts
cp: x86_64-unknown-linux-gnu/stage2/lib/libgraphviz
cp: x86_64-unknown-linux-gnu/stage2/lib/liblog
cp: x86_64-unknown-linux-gnu/stage2/lib/libterm
cp: x86_64-unknown-linux-gnu/stage2/lib/libserialize
cp: x86_64-unknown-linux-gnu/stage2/lib/libfmt_macros
cp: x86_64-unknown-linux-gnu/stage2/lib/libsyntax
cp: x86_64-unknown-linux-gnu/stage2/lib/librbml
cp: x86_64-unknown-linux-gnu/stage2/lib/librustc_llvm
cp: x86_64-unknown-linux-gnu/stage2/lib/librustc_back
cp: x86_64-unknown-linux-gnu/stage2/lib/librustc_data_structures
cp: x86_64-unknown-linux-gnu/stage2/lib/librustc
cp: x86_64-unknown-linux-gnu/stage2/lib/librustc_borrowck
cp: x86_64-unknown-linux-gnu/stage2/lib/librustc_typeck
cp: x86_64-unknown-linux-gnu/stage2/lib/librustc_resolve
cp: x86_64-unknown-linux-gnu/stage2/lib/librustc_trans
cp: x86_64-unknown-linux-gnu/stage2/lib/librustc_privacy
cp: x86_64-unknown-linux-gnu/stage2/lib/librustc_lint
cp: x86_64-unknown-linux-gnu/stage2/lib/librustc_driver
cp: x86_64-unknown-linux-gnu/stage2/bin/rustc
rustc: x86_64-unknown-linux-gnu/stage1/lib/rustlib/x86_64-unknown-linux-gnu/lib/libtest
rustc: x86_64-unknown-linux-gnu/stage1/lib/rustlib/x86_64-unknown-linux-gnu/lib/librustdoc
rustc: x86_64-unknown-linux-gnu/stage1/lib/rustlib/x86_64-unknown-linux-gnu/bin/rustdoc
cp: x86_64-unknown-linux-gnu/stage2/lib/libtest
cp: x86_64-unknown-linux-gnu/stage2/lib/librustdoc
cp: x86_64-unknown-linux-gnu/stage2/bin/rustdoc
rustc: x86_64-unknown-linux-gnu/stage2/lib/rustlib/x86_64-unknown-linux-gnu/lib/libcore
time: 0.073; rss: 54MB	parsing
time: 0.024; rss: 56MB	configuration 1
time: 0.000; rss: 56MB	recursion limit
time: 0.002; rss: 56MB	gated macro checking
time: 0.000; rss: 56MB	crate injection
time: 0.001; rss: 56MB	macro loading
time: 0.000; rss: 56MB	plugin loading
time: 0.000; rss: 56MB	plugin registration
time: 0.461; rss: 79MB	expansion
time: 0.011; rss: 79MB	complete gated feature checking 1
time: 0.092; rss: 81MB	configuration 2
time: 0.047; rss: 81MB	maybe building test harness
time: 0.000; rss: 81MB	prelude injection
time: 0.005; rss: 81MB	checking that all macro invocations are gone
time: 0.011; rss: 81MB	complete gated feature checking 2
time: 0.053; rss: 87MB	assigning node ids and indexing ast
time: 0.005; rss: 87MB	external crate/lib resolution
time: 0.010; rss: 87MB	language item collection
time: 0.080; rss: 105MB	resolution
time: 0.011; rss: 105MB	lifetime resolution
time: 0.000; rss: 105MB	looking for entry point
time: 0.005; rss: 105MB	looking for plugin registrar
time: 0.029; rss: 113MB	region resolution
time: 0.005; rss: 113MB	loop checking
time: 0.005; rss: 113MB	static item recursion checking
time: 0.059; rss: 120MB	type collecting
time: 0.010; rss: 120MB	variance inference
time: 0.638; rss: 130MB	coherence checking
time: 0.373; rss: 133MB	wf checking (old)
time: 0.509; rss: 139MB	item-types checking
time: 4.473; rss: 171MB	item-bodies checking
time: 0.000; rss: 171MB	drop-impl checking
time: 0.756; rss: 173MB	wf checking (new)
time: 0.384; rss: 179MB	const checking
time: 0.052; rss: 179MB	privacy checking
time: 0.004; rss: 179MB	stability index
time: 0.032; rss: 179MB	intrinsic checking
time: 0.010; rss: 179MB	effect checking
time: 0.108; rss: 179MB	match checking
time: 0.022; rss: 179MB	liveness checking
time: 0.762; rss: 179MB	borrow checking
time: 0.377; rss: 179MB	rvalue checking
time: 0.017; rss: 179MB	reachability checking
time: 0.034; rss: 179MB	death checking
time: 0.025; rss: 179MB	stability checking
time: 0.000; rss: 179MB	unused lib feature checking
time: 0.475; rss: 179MB	lint checking
time: 0.000; rss: 179MB	resolving dependency formats
time: 1.516; rss: 258MB	translation
  time: 0.232; rss: 124MB	llvm function passes
  time: 1.951; rss: 127MB	llvm module passes
  time: 1.473; rss: 130MB	codegen passes
  time: 0.003; rss: 125MB	codegen passes
time: 3.727; rss: 125MB	LLVM passes
time: 0.056; rss: 124MB	linking
rustc: x86_64-unknown-linux-gnu/stage2/lib/rustlib/x86_64-unknown-linux-gnu/lib/liblibc
time: 0.020; rss: 39MB	parsing
time: 0.004; rss: 36MB	configuration 1
time: 0.000; rss: 36MB	recursion limit
time: 0.000; rss: 36MB	gated macro checking
time: 0.000; rss: 36MB	crate injection
time: 0.001; rss: 36MB	macro loading
time: 0.000; rss: 36MB	plugin loading
time: 0.000; rss: 36MB	plugin registration
time: 0.009; rss: 36MB	expansion
time: 0.000; rss: 36MB	complete gated feature checking 1
time: 0.002; rss: 36MB	configuration 2
time: 0.001; rss: 36MB	maybe building test harness
time: 0.001; rss: 36MB	prelude injection
time: 0.000; rss: 36MB	checking that all macro invocations are gone
time: 0.000; rss: 36MB	complete gated feature checking 2
time: 0.001; rss: 38MB	assigning node ids and indexing ast
time: 0.000; rss: 38MB	external crate/lib resolution
time: 0.000; rss: 38MB	language item collection
time: 0.004; rss: 42MB	resolution
time: 0.000; rss: 42MB	lifetime resolution
time: 0.000; rss: 42MB	looking for entry point
time: 0.000; rss: 42MB	looking for plugin registrar
time: 0.000; rss: 42MB	region resolution
time: 0.000; rss: 42MB	loop checking
time: 0.000; rss: 42MB	static item recursion checking
time: 0.001; rss: 44MB	type collecting
time: 0.000; rss: 44MB	variance inference
time: 0.006; rss: 53MB	coherence checking
time: 0.003; rss: 53MB	wf checking (old)
time: 0.011; rss: 55MB	item-types checking
time: 0.017; rss: 57MB	item-bodies checking
time: 0.000; rss: 57MB	drop-impl checking
time: 0.003; rss: 57MB	wf checking (new)
time: 0.003; rss: 57MB	const checking
time: 0.001; rss: 57MB	privacy checking
time: 0.000; rss: 57MB	stability index
time: 0.000; rss: 57MB	intrinsic checking
time: 0.000; rss: 57MB	effect checking
time: 0.000; rss: 57MB	match checking
time: 0.000; rss: 57MB	liveness checking
time: 0.003; rss: 57MB	borrow checking
time: 0.001; rss: 57MB	rvalue checking
time: 0.000; rss: 57MB	reachability checking
time: 0.001; rss: 57MB	death checking
time: 0.000; rss: 57MB	stability checking
time: 0.000; rss: 57MB	unused lib feature checking
time: 0.005; rss: 58MB	lint checking
time: 0.000; rss: 58MB	resolving dependency formats
time: 0.035; rss: 71MB	translation
  time: 0.002; rss: 68MB	llvm function passes
  time: 0.009; rss: 68MB	llvm module passes
  time: 0.008; rss: 72MB	codegen passes
  time: 0.000; rss: 72MB	codegen passes
time: 0.021; rss: 72MB	LLVM passes
time: 0.001; rss: 72MB	linking
rustc: x86_64-unknown-linux-gnu/stage2/lib/rustlib/x86_64-unknown-linux-gnu/lib/librand
time: 0.011; rss: 37MB	parsing
time: 0.003; rss: 37MB	configuration 1
time: 0.000; rss: 37MB	recursion limit
time: 0.000; rss: 37MB	gated macro checking
time: 0.000; rss: 37MB	crate injection
time: 0.001; rss: 38MB	macro loading
time: 0.000; rss: 38MB	plugin loading
time: 0.000; rss: 38MB	plugin registration
time: 0.023; rss: 39MB	expansion
time: 0.000; rss: 39MB	complete gated feature checking 1
time: 0.005; rss: 39MB	configuration 2
time: 0.002; rss: 40MB	maybe building test harness
time: 0.002; rss: 40MB	prelude injection
time: 0.000; rss: 40MB	checking that all macro invocations are gone
time: 0.000; rss: 40MB	complete gated feature checking 2
time: 0.003; rss: 40MB	assigning node ids and indexing ast
time: 0.000; rss: 40MB	external crate/lib resolution
time: 0.000; rss: 40MB	language item collection
time: 0.007; rss: 49MB	resolution
time: 0.000; rss: 49MB	lifetime resolution
time: 0.000; rss: 49MB	looking for entry point
time: 0.000; rss: 49MB	looking for plugin registrar
time: 0.001; rss: 49MB	region resolution
time: 0.000; rss: 49MB	loop checking
time: 0.000; rss: 49MB	static item recursion checking
time: 0.002; rss: 49MB	type collecting
time: 0.000; rss: 49MB	variance inference
time: 0.029; rss: 64MB	coherence checking
time: 0.007; rss: 64MB	wf checking (old)
time: 0.016; rss: 69MB	item-types checking
time: 0.260; rss: 79MB	item-bodies checking
time: 0.000; rss: 79MB	drop-impl checking
time: 0.016; rss: 79MB	wf checking (new)
time: 0.035; rss: 79MB	const checking
time: 0.001; rss: 79MB	privacy checking
time: 0.000; rss: 79MB	stability index
time: 0.001; rss: 79MB	intrinsic checking
time: 0.000; rss: 79MB	effect checking
time: 0.004; rss: 79MB	match checking
time: 0.001; rss: 79MB	liveness checking
time: 0.065; rss: 79MB	borrow checking
time: 0.030; rss: 79MB	rvalue checking
time: 0.000; rss: 79MB	reachability checking
time: 0.001; rss: 79MB	death checking
time: 0.001; rss: 79MB	stability checking
time: 0.000; rss: 79MB	unused lib feature checking
time: 0.018; rss: 83MB	lint checking
time: 0.000; rss: 83MB	resolving dependency formats
time: 0.131; rss: 100MB	translation
  time: 0.023; rss: 78MB	llvm function passes
  time: 0.145; rss: 79MB	llvm module passes
  time: 0.050; rss: 83MB	codegen passes
  time: 0.000; rss: 82MB	codegen passes
time: 0.222; rss: 82MB	LLVM passes
time: 0.003; rss: 83MB	linking
rustc: x86_64-unknown-linux-gnu/stage2/lib/rustlib/x86_64-unknown-linux-gnu/lib/liballoc_system
time: 0.001; rss: 29MB	parsing
time: 0.000; rss: 29MB	configuration 1
time: 0.000; rss: 34MB	recursion limit
time: 0.000; rss: 34MB	gated macro checking
time: 0.000; rss: 34MB	crate injection
time: 0.001; rss: 34MB	macro loading
time: 0.000; rss: 34MB	plugin loading
time: 0.000; rss: 34MB	plugin registration
time: 0.001; rss: 35MB	expansion
time: 0.000; rss: 35MB	complete gated feature checking 1
time: 0.000; rss: 35MB	configuration 2
time: 0.000; rss: 35MB	maybe building test harness
time: 0.000; rss: 35MB	prelude injection
time: 0.000; rss: 35MB	checking that all macro invocations are gone
time: 0.000; rss: 35MB	complete gated feature checking 2
time: 0.000; rss: 35MB	assigning node ids and indexing ast
time: 0.000; rss: 35MB	external crate/lib resolution
time: 0.000; rss: 35MB	language item collection
time: 0.002; rss: 39MB	resolution
time: 0.000; rss: 39MB	lifetime resolution
time: 0.000; rss: 39MB	looking for entry point
time: 0.000; rss: 39MB	looking for plugin registrar
time: 0.000; rss: 39MB	region resolution
time: 0.000; rss: 39MB	loop checking
time: 0.000; rss: 39MB	static item recursion checking
time: 0.000; rss: 39MB	type collecting
time: 0.000; rss: 39MB	variance inference
time: 0.001; rss: 39MB	coherence checking
time: 0.000; rss: 43MB	wf checking (old)
time: 0.000; rss: 43MB	item-types checking
time: 0.012; rss: 50MB	item-bodies checking
time: 0.000; rss: 50MB	drop-impl checking
time: 0.000; rss: 50MB	wf checking (new)
time: 0.001; rss: 50MB	const checking
time: 0.000; rss: 50MB	privacy checking
time: 0.000; rss: 50MB	stability index
time: 0.000; rss: 50MB	intrinsic checking
time: 0.000; rss: 50MB	effect checking
time: 0.000; rss: 50MB	match checking
time: 0.000; rss: 50MB	liveness checking
time: 0.001; rss: 50MB	borrow checking
time: 0.000; rss: 50MB	rvalue checking
time: 0.000; rss: 50MB	reachability checking
time: 0.000; rss: 50MB	death checking
time: 0.000; rss: 50MB	stability checking
time: 0.000; rss: 50MB	unused lib feature checking
time: 0.000; rss: 50MB	lint checking
time: 0.000; rss: 50MB	resolving dependency formats
time: 0.005; rss: 63MB	translation
  time: 0.001; rss: 63MB	llvm function passes
  time: 0.003; rss: 63MB	llvm module passes
  time: 0.003; rss: 68MB	codegen passes
  time: 0.000; rss: 68MB	codegen passes
time: 0.009; rss: 68MB	LLVM passes
time: 0.001; rss: 68MB	linking
rustc: x86_64-unknown-linux-gnu/stage2/lib/rustlib/x86_64-unknown-linux-gnu/lib/liballoc
time: 0.009; rss: 31MB	parsing
time: 0.003; rss: 36MB	configuration 1
time: 0.000; rss: 36MB	recursion limit
time: 0.000; rss: 36MB	gated macro checking
time: 0.000; rss: 36MB	crate injection
time: 0.001; rss: 36MB	macro loading
time: 0.000; rss: 36MB	plugin loading
time: 0.000; rss: 36MB	plugin registration
time: 0.011; rss: 37MB	expansion
time: 0.000; rss: 37MB	complete gated feature checking 1
time: 0.003; rss: 37MB	configuration 2
time: 0.001; rss: 37MB	maybe building test harness
time: 0.001; rss: 37MB	prelude injection
time: 0.000; rss: 37MB	checking that all macro invocations are gone
time: 0.000; rss: 37MB	complete gated feature checking 2
time: 0.001; rss: 37MB	assigning node ids and indexing ast
time: 0.000; rss: 37MB	external crate/lib resolution
time: 0.000; rss: 37MB	language item collection
time: 0.007; rss: 50MB	resolution
time: 0.000; rss: 50MB	lifetime resolution
time: 0.000; rss: 50MB	looking for entry point
time: 0.000; rss: 50MB	looking for plugin registrar
time: 0.000; rss: 50MB	region resolution
time: 0.000; rss: 50MB	loop checking
time: 0.000; rss: 50MB	static item recursion checking
time: 0.003; rss: 53MB	type collecting
time: 0.000; rss: 53MB	variance inference
time: 0.041; rss: 67MB	coherence checking
time: 0.005; rss: 67MB	wf checking (old)
time: 0.004; rss: 67MB	item-types checking
time: 0.072; rss: 69MB	item-bodies checking
time: 0.000; rss: 69MB	drop-impl checking
time: 0.010; rss: 69MB	wf checking (new)
time: 0.012; rss: 69MB	const checking
time: 0.001; rss: 69MB	privacy checking
time: 0.000; rss: 69MB	stability index
time: 0.001; rss: 69MB	intrinsic checking
time: 0.000; rss: 69MB	effect checking
time: 0.002; rss: 69MB	match checking
time: 0.000; rss: 69MB	liveness checking
time: 0.021; rss: 73MB	borrow checking
time: 0.011; rss: 73MB	rvalue checking
time: 0.000; rss: 73MB	reachability checking
time: 0.000; rss: 73MB	death checking
time: 0.001; rss: 73MB	stability checking
time: 0.000; rss: 73MB	unused lib feature checking
time: 0.007; rss: 73MB	lint checking
time: 0.000; rss: 73MB	resolving dependency formats
time: 0.046; rss: 86MB	translation
  time: 0.002; rss: 73MB	llvm function passes
  time: 0.007; rss: 73MB	llvm module passes
  time: 0.005; rss: 79MB	codegen passes
  time: 0.000; rss: 79MB	codegen passes
time: 0.016; rss: 79MB	LLVM passes
time: 0.001; rss: 79MB	linking
rustc: x86_64-unknown-linux-gnu/stage2/lib/rustlib/x86_64-unknown-linux-gnu/lib/librustc_unicode
time: 0.033; rss: 40MB	parsing
time: 0.006; rss: 40MB	configuration 1
time: 0.000; rss: 40MB	recursion limit
time: 0.000; rss: 40MB	gated macro checking
time: 0.000; rss: 40MB	crate injection
time: 0.001; rss: 40MB	macro loading
time: 0.000; rss: 40MB	plugin loading
time: 0.000; rss: 40MB	plugin registration
time: 0.050; rss: 43MB	expansion
time: 0.000; rss: 43MB	complete gated feature checking 1
time: 0.006; rss: 43MB	configuration 2
time: 0.003; rss: 43MB	maybe building test harness
time: 0.003; rss: 43MB	prelude injection
time: 0.000; rss: 43MB	checking that all macro invocations are gone
time: 0.000; rss: 43MB	complete gated feature checking 2
time: 0.003; rss: 44MB	assigning node ids and indexing ast
time: 0.000; rss: 44MB	external crate/lib resolution
time: 0.000; rss: 44MB	language item collection
time: 0.004; rss: 52MB	resolution
time: 0.000; rss: 52MB	lifetime resolution
time: 0.000; rss: 52MB	looking for entry point
time: 0.000; rss: 52MB	looking for plugin registrar
time: 0.003; rss: 54MB	region resolution
time: 0.000; rss: 54MB	loop checking
time: 0.000; rss: 54MB	static item recursion checking
time: 0.001; rss: 54MB	type collecting
time: 0.000; rss: 54MB	variance inference
time: 0.036; rss: 69MB	coherence checking
time: 0.003; rss: 69MB	wf checking (old)
time: 0.050; rss: 71MB	item-types checking
time: 0.035; rss: 76MB	item-bodies checking
time: 0.000; rss: 76MB	drop-impl checking
time: 0.003; rss: 76MB	wf checking (new)
time: 0.094; rss: 78MB	const checking
time: 0.001; rss: 78MB	privacy checking
time: 0.000; rss: 78MB	stability index
time: 0.000; rss: 78MB	intrinsic checking
time: 0.000; rss: 78MB	effect checking
time: 0.001; rss: 78MB	match checking
time: 0.000; rss: 78MB	liveness checking
time: 0.007; rss: 78MB	borrow checking
time: 0.004; rss: 78MB	rvalue checking
time: 0.000; rss: 78MB	reachability checking
time: 0.001; rss: 78MB	death checking
time: 0.001; rss: 78MB	stability checking
time: 0.000; rss: 78MB	unused lib feature checking
time: 0.009; rss: 78MB	lint checking
time: 0.000; rss: 78MB	resolving dependency formats
time: 0.208; rss: 102MB	translation
  time: 0.015; rss: 78MB	llvm function passes
  time: 0.167; rss: 79MB	llvm module passes
  time: 0.073; rss: 82MB	codegen passes
  time: 0.001; rss: 81MB	codegen passes
time: 0.263; rss: 81MB	LLVM passes
time: 0.007; rss: 81MB	linking
rustc: x86_64-unknown-linux-gnu/stage2/lib/rustlib/x86_64-unknown-linux-gnu/lib/libcollections
time: 0.037; rss: 44MB	parsing
time: 0.014; rss: 44MB	configuration 1
time: 0.000; rss: 44MB	recursion limit
time: 0.001; rss: 44MB	gated macro checking
time: 0.000; rss: 44MB	crate injection
time: 0.001; rss: 44MB	macro loading
time: 0.000; rss: 44MB	plugin loading
time: 0.000; rss: 44MB	plugin registration
time: 0.089; rss: 48MB	expansion
time: 0.002; rss: 48MB	complete gated feature checking 1
time: 0.018; rss: 47MB	configuration 2
time: 0.009; rss: 47MB	maybe building test harness
time: 0.008; rss: 47MB	prelude injection
time: 0.001; rss: 47MB	checking that all macro invocations are gone
time: 0.002; rss: 47MB	complete gated feature checking 2
time: 0.009; rss: 47MB	assigning node ids and indexing ast
time: 0.001; rss: 48MB	external crate/lib resolution
time: 0.001; rss: 48MB	language item collection
time: 0.026; rss: 66MB	resolution
time: 0.001; rss: 65MB	lifetime resolution
time: 0.000; rss: 65MB	looking for entry point
time: 0.000; rss: 65MB	looking for plugin registrar
time: 0.005; rss: 67MB	region resolution
time: 0.001; rss: 67MB	loop checking
time: 0.001; rss: 67MB	static item recursion checking
time: 0.014; rss: 72MB	type collecting
time: 0.002; rss: 72MB	variance inference
time: 0.114; rss: 89MB	coherence checking
time: 0.053; rss: 89MB	wf checking (old)
time: 0.038; rss: 91MB	item-types checking
time: 1.251; rss: 116MB	item-bodies checking
time: 0.000; rss: 116MB	drop-impl checking
time: 0.140; rss: 116MB	wf checking (new)
time: 0.106; rss: 116MB	const checking
time: 0.007; rss: 116MB	privacy checking
time: 0.001; rss: 116MB	stability index
time: 0.006; rss: 116MB	intrinsic checking
time: 0.001; rss: 116MB	effect checking
time: 0.033; rss: 116MB	match checking
time: 0.005; rss: 116MB	liveness checking
time: 0.217; rss: 116MB	borrow checking
time: 0.145; rss: 116MB	rvalue checking
time: 0.003; rss: 116MB	reachability checking
time: 0.006; rss: 116MB	death checking
time: 0.007; rss: 116MB	stability checking
time: 0.000; rss: 116MB	unused lib feature checking
time: 0.124; rss: 116MB	lint checking
time: 0.000; rss: 116MB	resolving dependency formats
time: 0.434; rss: 155MB	translation
  time: 0.040; rss: 91MB	llvm function passes
  time: 0.406; rss: 94MB	llvm module passes
  time: 0.152; rss: 98MB	codegen passes
  time: 0.001; rss: 96MB	codegen passes
time: 0.607; rss: 96MB	LLVM passes
time: 0.012; rss: 96MB	linking
rustc: x86_64-unknown-linux-gnu/stage2/lib/rustlib/x86_64-unknown-linux-gnu/lib/liballoc_jemalloc
time: 0.000; rss: 29MB	parsing
time: 0.000; rss: 29MB	configuration 1
time: 0.000; rss: 33MB	recursion limit
time: 0.000; rss: 33MB	gated macro checking
time: 0.000; rss: 33MB	crate injection
time: 0.001; rss: 33MB	macro loading
time: 0.000; rss: 33MB	plugin loading
time: 0.000; rss: 33MB	plugin registration
time: 0.001; rss: 33MB	expansion
time: 0.000; rss: 33MB	complete gated feature checking 1
time: 0.000; rss: 33MB	configuration 2
time: 0.000; rss: 33MB	maybe building test harness
time: 0.000; rss: 33MB	prelude injection
time: 0.000; rss: 33MB	checking that all macro invocations are gone
time: 0.000; rss: 33MB	complete gated feature checking 2
time: 0.000; rss: 33MB	assigning node ids and indexing ast
time: 0.000; rss: 33MB	external crate/lib resolution
time: 0.000; rss: 33MB	language item collection
time: 0.002; rss: 37MB	resolution
time: 0.000; rss: 37MB	lifetime resolution
time: 0.000; rss: 37MB	looking for entry point
time: 0.000; rss: 37MB	looking for plugin registrar
time: 0.000; rss: 37MB	region resolution
time: 0.000; rss: 37MB	loop checking
time: 0.000; rss: 37MB	static item recursion checking
time: 0.000; rss: 37MB	type collecting
time: 0.000; rss: 37MB	variance inference
time: 0.001; rss: 42MB	coherence checking
time: 0.000; rss: 42MB	wf checking (old)
time: 0.000; rss: 42MB	item-types checking
time: 0.010; rss: 48MB	item-bodies checking
time: 0.000; rss: 48MB	drop-impl checking
time: 0.000; rss: 48MB	wf checking (new)
time: 0.000; rss: 48MB	const checking
time: 0.000; rss: 48MB	privacy checking
time: 0.000; rss: 48MB	stability index
time: 0.000; rss: 48MB	intrinsic checking
time: 0.000; rss: 48MB	effect checking
time: 0.000; rss: 48MB	match checking
time: 0.000; rss: 48MB	liveness checking
time: 0.001; rss: 48MB	borrow checking
time: 0.000; rss: 48MB	rvalue checking
time: 0.000; rss: 48MB	reachability checking
time: 0.000; rss: 48MB	death checking
time: 0.000; rss: 48MB	stability checking
time: 0.000; rss: 48MB	unused lib feature checking
time: 0.000; rss: 48MB	lint checking
time: 0.000; rss: 48MB	resolving dependency formats
time: 0.004; rss: 62MB	translation
  time: 0.001; rss: 62MB	llvm function passes
  time: 0.002; rss: 62MB	llvm module passes
  time: 0.003; rss: 67MB	codegen passes
  time: 0.000; rss: 67MB	codegen passes
time: 0.008; rss: 67MB	LLVM passes
time: 0.002; rss: 68MB	linking
rustc: x86_64-unknown-linux-gnu/stage2/lib/rustlib/x86_64-unknown-linux-gnu/lib/libstd
time: 0.148; rss: 75MB	parsing
time: 0.048; rss: 72MB	configuration 1
time: 0.000; rss: 72MB	recursion limit
time: 0.003; rss: 72MB	gated macro checking
time: 0.000; rss: 72MB	crate injection
time: 0.004; rss: 74MB	macro loading
time: 0.000; rss: 74MB	plugin loading
time: 0.000; rss: 74MB	plugin registration
time: 0.250; rss: 71MB	expansion
time: 0.009; rss: 71MB	complete gated feature checking 1
time: 0.049; rss: 71MB	configuration 2
time: 0.024; rss: 71MB	maybe building test harness
time: 0.022; rss: 71MB	prelude injection
time: 0.003; rss: 71MB	checking that all macro invocations are gone
time: 0.008; rss: 71MB	complete gated feature checking 2
time: 0.028; rss: 74MB	assigning node ids and indexing ast
time: 0.005; rss: 74MB	external crate/lib resolution
time: 0.006; rss: 74MB	language item collection
time: 0.069; rss: 106MB	resolution
time: 0.006; rss: 104MB	lifetime resolution
time: 0.000; rss: 104MB	looking for entry point
time: 0.003; rss: 104MB	looking for plugin registrar
time: 0.019; rss: 111MB	region resolution
time: 0.004; rss: 111MB	loop checking
time: 0.003; rss: 111MB	static item recursion checking
time: 0.028; rss: 117MB	type collecting
time: 0.007; rss: 117MB	variance inference
time: 0.110; rss: 141MB	coherence checking
time: 0.050; rss: 143MB	wf checking (old)
time: 0.073; rss: 147MB	item-types checking
time: 1.278; rss: 181MB	item-bodies checking
time: 0.000; rss: 181MB	drop-impl checking
time: 0.147; rss: 181MB	wf checking (new)
time: 0.307; rss: 189MB	const checking
time: 0.030; rss: 189MB	privacy checking
time: 0.002; rss: 189MB	stability index
time: 0.011; rss: 189MB	intrinsic checking
time: 0.005; rss: 189MB	effect checking
time: 0.061; rss: 189MB	match checking
time: 0.013; rss: 189MB	liveness checking
time: 0.560; rss: 189MB	borrow checking
time: 0.320; rss: 189MB	rvalue checking
time: 0.008; rss: 189MB	reachability checking
time: 0.019; rss: 189MB	death checking
time: 0.022; rss: 189MB	stability checking
time: 0.000; rss: 189MB	unused lib feature checking
time: 0.097; rss: 189MB	lint checking
time: 0.000; rss: 189MB	resolving dependency formats
time: 1.327; rss: 273MB	translation
  time: 0.346; rss: 160MB	llvm function passes
  time: 4.079; rss: 167MB	llvm module passes
  time: 1.701; rss: 170MB	codegen passes
  time: 0.002; rss: 163MB	codegen passes
time: 6.242; rss: 163MB	LLVM passes
  time: 0.001; rss: 163MB	altering collections-a5fc0d6c.rlib
  time: 0.000; rss: 163MB	altering alloc-a5fc0d6c.rlib
  time: 0.000; rss: 163MB	altering rustc_unicode-a5fc0d6c.rlib
  time: 0.001; rss: 163MB	altering alloc_jemalloc-a5fc0d6c.rlib
  time: 0.000; rss: 163MB	altering libc-a5fc0d6c.rlib
  time: 0.000; rss: 163MB	altering rand-a5fc0d6c.rlib
  time: 0.001; rss: 163MB	altering core-a5fc0d6c.rlib
  time: 0.145; rss: 169MB	running linker
time: 0.223; rss: 166MB	linking
rustc: x86_64-unknown-linux-gnu/stage2/lib/rustlib/x86_64-unknown-linux-gnu/lib/libflate
time: 0.001; rss: 29MB	parsing
time: 0.000; rss: 33MB	configuration 1
time: 0.000; rss: 33MB	recursion limit
time: 0.000; rss: 33MB	gated macro checking
time: 0.000; rss: 33MB	crate injection
time: 0.003; rss: 35MB	macro loading
time: 0.000; rss: 35MB	plugin loading
time: 0.000; rss: 35MB	plugin registration
time: 0.002; rss: 35MB	expansion
time: 0.000; rss: 35MB	complete gated feature checking 1
time: 0.000; rss: 35MB	configuration 2
time: 0.000; rss: 35MB	maybe building test harness
time: 0.000; rss: 35MB	prelude injection
time: 0.000; rss: 35MB	checking that all macro invocations are gone
time: 0.000; rss: 35MB	complete gated feature checking 2
time: 0.000; rss: 35MB	assigning node ids and indexing ast
time: 0.001; rss: 38MB	external crate/lib resolution
time: 0.000; rss: 38MB	language item collection
time: 0.004; rss: 46MB	resolution
time: 0.000; rss: 46MB	lifetime resolution
time: 0.000; rss: 46MB	looking for entry point
time: 0.000; rss: 46MB	looking for plugin registrar
time: 0.000; rss: 46MB	region resolution
time: 0.000; rss: 46MB	loop checking
time: 0.000; rss: 46MB	static item recursion checking
time: 0.001; rss: 46MB	type collecting
time: 0.000; rss: 46MB	variance inference
time: 0.028; rss: 75MB	coherence checking
time: 0.001; rss: 75MB	wf checking (old)
time: 0.001; rss: 75MB	item-types checking
time: 0.016; rss: 77MB	item-bodies checking
time: 0.000; rss: 77MB	drop-impl checking
time: 0.001; rss: 77MB	wf checking (new)
time: 0.002; rss: 77MB	const checking
time: 0.000; rss: 77MB	privacy checking
time: 0.000; rss: 77MB	stability index
time: 0.000; rss: 77MB	intrinsic checking
time: 0.000; rss: 77MB	effect checking
time: 0.000; rss: 77MB	match checking
time: 0.000; rss: 77MB	liveness checking
time: 0.003; rss: 77MB	borrow checking
time: 0.001; rss: 77MB	rvalue checking
time: 0.000; rss: 77MB	reachability checking
time: 0.000; rss: 77MB	death checking
time: 0.000; rss: 77MB	stability checking
time: 0.000; rss: 77MB	unused lib feature checking
time: 0.001; rss: 77MB	lint checking
time: 0.001; rss: 77MB	resolving dependency formats
time: 0.017; rss: 92MB	translation
  time: 0.003; rss: 86MB	llvm function passes
  time: 0.007; rss: 86MB	llvm module passes
  time: 0.006; rss: 92MB	codegen passes
  time: 0.000; rss: 92MB	codegen passes
time: 0.018; rss: 92MB	LLVM passes
  time: 0.019; rss: 98MB	running linker
time: 0.021; rss: 96MB	linking
rustc: x86_64-unknown-linux-gnu/stage2/lib/rustlib/x86_64-unknown-linux-gnu/lib/libarena
time: 0.002; rss: 29MB	parsing
time: 0.001; rss: 33MB	configuration 1
time: 0.000; rss: 33MB	recursion limit
time: 0.000; rss: 33MB	gated macro checking
time: 0.000; rss: 33MB	crate injection
time: 0.003; rss: 35MB	macro loading
time: 0.000; rss: 35MB	plugin loading
time: 0.000; rss: 35MB	plugin registration
time: 0.003; rss: 37MB	expansion
time: 0.000; rss: 37MB	complete gated feature checking 1
time: 0.001; rss: 37MB	configuration 2
time: 0.000; rss: 37MB	maybe building test harness
time: 0.000; rss: 37MB	prelude injection
time: 0.000; rss: 37MB	checking that all macro invocations are gone
time: 0.000; rss: 37MB	complete gated feature checking 2
time: 0.000; rss: 37MB	assigning node ids and indexing ast
time: 0.001; rss: 37MB	external crate/lib resolution
time: 0.000; rss: 37MB	language item collection
time: 0.003; rss: 44MB	resolution
time: 0.000; rss: 44MB	lifetime resolution
time: 0.000; rss: 44MB	looking for entry point
time: 0.000; rss: 44MB	looking for plugin registrar
time: 0.000; rss: 44MB	region resolution
time: 0.000; rss: 44MB	loop checking
time: 0.000; rss: 44MB	static item recursion checking
time: 0.001; rss: 46MB	type collecting
time: 0.000; rss: 46MB	variance inference
time: 0.018; rss: 67MB	coherence checking
time: 0.001; rss: 67MB	wf checking (old)
time: 0.000; rss: 67MB	item-types checking
time: 0.078; rss: 88MB	item-bodies checking
time: 0.000; rss: 88MB	drop-impl checking
time: 0.001; rss: 88MB	wf checking (new)
time: 0.005; rss: 88MB	const checking
time: 0.000; rss: 88MB	privacy checking
time: 0.000; rss: 88MB	stability index
time: 0.000; rss: 88MB	intrinsic checking
time: 0.000; rss: 88MB	effect checking
time: 0.001; rss: 88MB	match checking
time: 0.000; rss: 88MB	liveness checking
time: 0.008; rss: 88MB	borrow checking
time: 0.004; rss: 88MB	rvalue checking
time: 0.000; rss: 88MB	reachability checking
time: 0.000; rss: 88MB	death checking
time: 0.000; rss: 88MB	stability checking
time: 0.000; rss: 88MB	unused lib feature checking
time: 0.004; rss: 88MB	lint checking
time: 0.001; rss: 88MB	resolving dependency formats
time: 0.050; rss: 106MB	translation
  time: 0.011; rss: 88MB	llvm function passes
  time: 0.075; rss: 89MB	llvm module passes
  time: 0.028; rss: 93MB	codegen passes
  time: 0.000; rss: 93MB	codegen passes
time: 0.117; rss: 93MB	LLVM passes
  time: 0.015; rss: 97MB	running linker
time: 0.017; rss: 97MB	linking
rustc: x86_64-unknown-linux-gnu/stage2/lib/rustlib/x86_64-unknown-linux-gnu/lib/liblog
time: 0.002; rss: 29MB	parsing
time: 0.001; rss: 33MB	configuration 1
time: 0.000; rss: 33MB	recursion limit
time: 0.000; rss: 33MB	gated macro checking
time: 0.000; rss: 33MB	crate injection
time: 0.003; rss: 35MB	macro loading
time: 0.000; rss: 35MB	plugin loading
time: 0.000; rss: 35MB	plugin registration
time: 0.005; rss: 37MB	expansion
time: 0.000; rss: 37MB	complete gated feature checking 1
time: 0.001; rss: 37MB	configuration 2
time: 0.000; rss: 37MB	maybe building test harness
time: 0.000; rss: 37MB	prelude injection
time: 0.000; rss: 37MB	checking that all macro invocations are gone
time: 0.000; rss: 37MB	complete gated feature checking 2
time: 0.000; rss: 37MB	assigning node ids and indexing ast
time: 0.001; rss: 37MB	external crate/lib resolution
time: 0.000; rss: 37MB	language item collection
time: 0.004; rss: 46MB	resolution
time: 0.000; rss: 46MB	lifetime resolution
time: 0.000; rss: 46MB	looking for entry point
time: 0.000; rss: 46MB	looking for plugin registrar
time: 0.000; rss: 46MB	region resolution
time: 0.000; rss: 46MB	loop checking
time: 0.000; rss: 46MB	static item recursion checking
time: 0.001; rss: 51MB	type collecting
time: 0.000; rss: 51MB	variance inference
time: 0.024; rss: 72MB	coherence checking
time: 0.001; rss: 72MB	wf checking (old)
time: 0.002; rss: 72MB	item-types checking
time: 0.093; rss: 93MB	item-bodies checking
time: 0.000; rss: 93MB	drop-impl checking
time: 0.001; rss: 93MB	wf checking (new)
time: 0.009; rss: 93MB	const checking
time: 0.000; rss: 93MB	privacy checking
time: 0.000; rss: 93MB	stability index
time: 0.000; rss: 93MB	intrinsic checking
time: 0.000; rss: 93MB	effect checking
time: 0.001; rss: 93MB	match checking
time: 0.000; rss: 93MB	liveness checking
time: 0.009; rss: 93MB	borrow checking
time: 0.004; rss: 93MB	rvalue checking
time: 0.000; rss: 93MB	reachability checking
time: 0.000; rss: 93MB	death checking
time: 0.001; rss: 93MB	stability checking
time: 0.000; rss: 93MB	unused lib feature checking
time: 0.002; rss: 93MB	lint checking
time: 0.001; rss: 93MB	resolving dependency formats
time: 0.118; rss: 117MB	translation
  time: 0.032; rss: 92MB	llvm function passes
  time: 0.432; rss: 95MB	llvm module passes
  time: 0.097; rss: 99MB	codegen passes
  time: 0.000; rss: 98MB	codegen passes
time: 0.568; rss: 98MB	LLVM passes
  time: 0.018; rss: 103MB	running linker
time: 0.023; rss: 103MB	linking
rustc: x86_64-unknown-linux-gnu/stage2/lib/rustlib/x86_64-unknown-linux-gnu/lib/libterm
time: 0.008; rss: 35MB	parsing
time: 0.002; rss: 35MB	configuration 1
time: 0.000; rss: 35MB	recursion limit
time: 0.000; rss: 35MB	gated macro checking
time: 0.000; rss: 35MB	crate injection
time: 0.003; rss: 38MB	macro loading
time: 0.000; rss: 38MB	plugin loading
time: 0.000; rss: 38MB	plugin registration
time: 0.020; rss: 39MB	expansion
time: 0.000; rss: 39MB	complete gated feature checking 1
time: 0.003; rss: 39MB	configuration 2
time: 0.001; rss: 39MB	maybe building test harness
time: 0.001; rss: 39MB	prelude injection
time: 0.000; rss: 39MB	checking that all macro invocations are gone
time: 0.000; rss: 39MB	complete gated feature checking 2
time: 0.002; rss: 40MB	assigning node ids and indexing ast
time: 0.001; rss: 40MB	external crate/lib resolution
time: 0.000; rss: 40MB	language item collection
time: 0.007; rss: 53MB	resolution
time: 0.000; rss: 53MB	lifetime resolution
time: 0.000; rss: 53MB	looking for entry point
time: 0.000; rss: 53MB	looking for plugin registrar
time: 0.001; rss: 54MB	region resolution
time: 0.000; rss: 54MB	loop checking
time: 0.000; rss: 54MB	static item recursion checking
time: 0.002; rss: 56MB	type collecting
time: 0.000; rss: 56MB	variance inference
time: 0.022; rss: 75MB	coherence checking
time: 0.002; rss: 75MB	wf checking (old)
time: 0.017; rss: 78MB	item-types checking
time: 0.203; rss: 102MB	item-bodies checking
time: 0.000; rss: 102MB	drop-impl checking
time: 0.004; rss: 102MB	wf checking (new)
time: 0.029; rss: 102MB	const checking
time: 0.001; rss: 102MB	privacy checking
time: 0.000; rss: 102MB	stability index
time: 0.000; rss: 102MB	intrinsic checking
time: 0.000; rss: 102MB	effect checking
time: 0.004; rss: 102MB	match checking
time: 0.001; rss: 104MB	liveness checking
time: 0.049; rss: 104MB	borrow checking
time: 0.022; rss: 104MB	rvalue checking
time: 0.000; rss: 104MB	reachability checking
time: 0.001; rss: 104MB	death checking
time: 0.002; rss: 104MB	stability checking
time: 0.000; rss: 104MB	unused lib feature checking
time: 0.006; rss: 104MB	lint checking
time: 0.001; rss: 104MB	resolving dependency formats
time: 0.281; rss: 140MB	translation
  time: 0.085; rss: 104MB	llvm function passes
  time: 1.281; rss: 108MB	llvm module passes
  time: 0.490; rss: 116MB	codegen passes
  time: 0.001; rss: 116MB	codegen passes
time: 1.881; rss: 116MB	LLVM passes
  time: 0.027; rss: 118MB	running linker
time: 0.045; rss: 116MB	linking
rustc: x86_64-unknown-linux-gnu/stage2/lib/rustlib/x86_64-unknown-linux-gnu/lib/libserialize
time: 0.018; rss: 39MB	parsing
time: 0.006; rss: 38MB	configuration 1
time: 0.000; rss: 38MB	recursion limit
time: 0.000; rss: 38MB	gated macro checking
time: 0.000; rss: 38MB	crate injection
time: 0.003; rss: 40MB	macro loading
time: 0.000; rss: 40MB	plugin loading
time: 0.000; rss: 40MB	plugin registration
time: 0.075; rss: 45MB	expansion
time: 0.001; rss: 45MB	complete gated feature checking 1
time: 0.013; rss: 45MB	configuration 2
time: 0.007; rss: 45MB	maybe building test harness
time: 0.006; rss: 45MB	prelude injection
time: 0.000; rss: 45MB	checking that all macro invocations are gone
time: 0.001; rss: 45MB	complete gated feature checking 2
time: 0.007; rss: 48MB	assigning node ids and indexing ast
time: 0.002; rss: 48MB	external crate/lib resolution
time: 0.001; rss: 48MB	language item collection
time: 0.024; rss: 67MB	resolution
time: 0.001; rss: 68MB	lifetime resolution
time: 0.000; rss: 68MB	looking for entry point
time: 0.001; rss: 68MB	looking for plugin registrar
time: 0.005; rss: 71MB	region resolution
time: 0.001; rss: 71MB	loop checking
time: 0.001; rss: 71MB	static item recursion checking
time: 0.008; rss: 73MB	type collecting
time: 0.001; rss: 73MB	variance inference
time: 0.076; rss: 104MB	coherence checking
time: 0.018; rss: 104MB	wf checking (old)
time: 0.021; rss: 104MB	item-types checking
time: 0.892; rss: 128MB	item-bodies checking
time: 0.000; rss: 128MB	drop-impl checking
time: 0.065; rss: 128MB	wf checking (new)
time: 0.215; rss: 133MB	const checking
time: 0.007; rss: 133MB	privacy checking
time: 0.000; rss: 133MB	stability index
time: 0.003; rss: 133MB	intrinsic checking
time: 0.001; rss: 133MB	effect checking
time: 0.054; rss: 133MB	match checking
time: 0.004; rss: 133MB	liveness checking
time: 0.418; rss: 133MB	borrow checking
time: 0.255; rss: 133MB	rvalue checking
time: 0.002; rss: 133MB	reachability checking
time: 0.005; rss: 133MB	death checking
time: 0.007; rss: 133MB	stability checking
time: 0.000; rss: 133MB	unused lib feature checking
time: 0.030; rss: 133MB	lint checking
time: 0.001; rss: 133MB	resolving dependency formats
time: 0.443; rss: 176MB	translation
  time: 0.103; rss: 114MB	llvm function passes
  time: 2.610; rss: 118MB	llvm module passes
  time: 0.527; rss: 122MB	codegen passes
  time: 0.001; rss: 117MB	codegen passes
time: 3.272; rss: 117MB	LLVM passes
  time: 0.028; rss: 119MB	running linker
time: 0.050; rss: 118MB	linking
rustc: x86_64-unknown-linux-gnu/stage2/lib/rustlib/x86_64-unknown-linux-gnu/lib/libgetopts
time: 0.005; rss: 35MB	parsing
time: 0.001; rss: 35MB	configuration 1
time: 0.000; rss: 35MB	recursion limit
time: 0.000; rss: 35MB	gated macro checking
time: 0.000; rss: 35MB	crate injection
time: 0.003; rss: 37MB	macro loading
time: 0.000; rss: 37MB	plugin loading
time: 0.000; rss: 37MB	plugin registration
time: 0.012; rss: 39MB	expansion
time: 0.000; rss: 39MB	complete gated feature checking 1
time: 0.002; rss: 39MB	configuration 2
time: 0.001; rss: 39MB	maybe building test harness
time: 0.001; rss: 39MB	prelude injection
time: 0.000; rss: 39MB	checking that all macro invocations are gone
time: 0.000; rss: 39MB	complete gated feature checking 2
time: 0.001; rss: 39MB	assigning node ids and indexing ast
time: 0.001; rss: 39MB	external crate/lib resolution
time: 0.000; rss: 39MB	language item collection
time: 0.005; rss: 47MB	resolution
time: 0.000; rss: 47MB	lifetime resolution
time: 0.000; rss: 47MB	looking for entry point
time: 0.000; rss: 47MB	looking for plugin registrar
time: 0.001; rss: 51MB	region resolution
time: 0.000; rss: 51MB	loop checking
time: 0.000; rss: 51MB	static item recursion checking
time: 0.001; rss: 51MB	type collecting
time: 0.000; rss: 51MB	variance inference
time: 0.022; rss: 71MB	coherence checking
time: 0.002; rss: 71MB	wf checking (old)
time: 0.002; rss: 71MB	item-types checking
time: 0.140; rss: 95MB	item-bodies checking
time: 0.000; rss: 95MB	drop-impl checking
time: 0.003; rss: 95MB	wf checking (new)
time: 0.014; rss: 97MB	const checking
time: 0.001; rss: 97MB	privacy checking
time: 0.000; rss: 97MB	stability index
time: 0.000; rss: 97MB	intrinsic checking
time: 0.000; rss: 97MB	effect checking
time: 0.002; rss: 97MB	match checking
time: 0.001; rss: 97MB	liveness checking
time: 0.025; rss: 97MB	borrow checking
time: 0.011; rss: 97MB	rvalue checking
time: 0.000; rss: 97MB	reachability checking
time: 0.000; rss: 97MB	death checking
time: 0.001; rss: 97MB	stability checking
time: 0.000; rss: 97MB	unused lib feature checking
time: 0.005; rss: 97MB	lint checking
time: 0.001; rss: 97MB	resolving dependency formats
time: 0.203; rss: 123MB	translation
  time: 0.059; rss: 97MB	llvm function passes
  time: 0.961; rss: 100MB	llvm module passes
  time: 0.381; rss: 107MB	codegen passes
  time: 0.000; rss: 107MB	codegen passes
time: 1.419; rss: 107MB	LLVM passes
  time: 0.022; rss: 113MB	running linker
time: 0.034; rss: 111MB	linking
rustc: x86_64-unknown-linux-gnu/stage2/lib/rustlib/x86_64-unknown-linux-gnu/lib/librbml
time: 0.005; rss: 35MB	parsing
time: 0.002; rss: 35MB	configuration 1
time: 0.000; rss: 35MB	recursion limit
time: 0.000; rss: 35MB	gated macro checking
time: 0.000; rss: 35MB	crate injection
time: 0.003; rss: 38MB	macro loading
time: 0.000; rss: 38MB	plugin loading
time: 0.000; rss: 38MB	plugin registration
time: 0.021; rss: 40MB	expansion
time: 0.000; rss: 40MB	complete gated feature checking 1
time: 0.003; rss: 40MB	configuration 2
time: 0.002; rss: 40MB	maybe building test harness
time: 0.002; rss: 40MB	prelude injection
time: 0.000; rss: 40MB	checking that all macro invocations are gone
time: 0.000; rss: 40MB	complete gated feature checking 2
time: 0.002; rss: 40MB	assigning node ids and indexing ast
time: 0.002; rss: 40MB	external crate/lib resolution
time: 0.000; rss: 40MB	language item collection
time: 0.006; rss: 52MB	resolution
time: 0.000; rss: 51MB	lifetime resolution
time: 0.000; rss: 51MB	looking for entry point
time: 0.000; rss: 51MB	looking for plugin registrar
time: 0.001; rss: 54MB	region resolution
time: 0.000; rss: 54MB	loop checking
time: 0.000; rss: 54MB	static item recursion checking
time: 0.002; rss: 56MB	type collecting
time: 0.000; rss: 56MB	variance inference
time: 0.054; rss: 88MB	coherence checking
time: 0.003; rss: 88MB	wf checking (old)
time: 0.011; rss: 88MB	item-types checking
time: 0.163; rss: 100MB	item-bodies checking
time: 0.000; rss: 100MB	drop-impl checking
time: 0.009; rss: 100MB	wf checking (new)
time: 0.047; rss: 102MB	const checking
time: 0.001; rss: 102MB	privacy checking
time: 0.000; rss: 102MB	stability index
time: 0.001; rss: 102MB	intrinsic checking
time: 0.000; rss: 102MB	effect checking
time: 0.007; rss: 102MB	match checking
time: 0.001; rss: 102MB	liveness checking
time: 0.082; rss: 102MB	borrow checking
time: 0.044; rss: 102MB	rvalue checking
time: 0.000; rss: 102MB	reachability checking
time: 0.001; rss: 102MB	death checking
time: 0.002; rss: 102MB	stability checking
time: 0.000; rss: 102MB	unused lib feature checking
time: 0.007; rss: 102MB	lint checking
time: 0.001; rss: 102MB	resolving dependency formats
time: 0.100; rss: 125MB	translation
  time: 0.025; rss: 98MB	llvm function passes
  time: 0.216; rss: 100MB	llvm module passes
  time: 0.116; rss: 104MB	codegen passes
  time: 0.000; rss: 103MB	codegen passes
time: 0.365; rss: 103MB	LLVM passes
  time: 0.023; rss: 109MB	running linker
time: 0.028; rss: 107MB	linking
rustc: x86_64-unknown-linux-gnu/stage2/lib/rustlib/x86_64-unknown-linux-gnu/lib/libtest
time: 0.007; rss: 34MB	parsing
time: 0.002; rss: 35MB	configuration 1
time: 0.000; rss: 35MB	recursion limit
time: 0.000; rss: 35MB	gated macro checking
time: 0.000; rss: 35MB	crate injection
time: 0.003; rss: 36MB	macro loading
time: 0.000; rss: 36MB	plugin loading
time: 0.000; rss: 36MB	plugin registration
time: 0.017; rss: 38MB	expansion
time: 0.000; rss: 38MB	complete gated feature checking 1
time: 0.003; rss: 38MB	configuration 2
time: 0.002; rss: 38MB	maybe building test harness
time: 0.001; rss: 38MB	prelude injection
time: 0.000; rss: 38MB	checking that all macro invocations are gone
time: 0.000; rss: 38MB	complete gated feature checking 2
time: 0.002; rss: 39MB	assigning node ids and indexing ast
time: 0.003; rss: 39MB	external crate/lib resolution
time: 0.000; rss: 40MB	language item collection
time: 0.010; rss: 55MB	resolution
time: 0.000; rss: 55MB	lifetime resolution
time: 0.000; rss: 55MB	looking for entry point
time: 0.000; rss: 55MB	looking for plugin registrar
time: 0.001; rss: 56MB	region resolution
time: 0.000; rss: 56MB	loop checking
time: 0.000; rss: 56MB	static item recursion checking
time: 0.003; rss: 59MB	type collecting
time: 0.000; rss: 59MB	variance inference
time: 0.027; rss: 80MB	coherence checking
time: 0.002; rss: 80MB	wf checking (old)
time: 0.004; rss: 80MB	item-types checking
time: 0.214; rss: 105MB	item-bodies checking
time: 0.000; rss: 105MB	drop-impl checking
time: 0.007; rss: 105MB	wf checking (new)
time: 0.032; rss: 105MB	const checking
time: 0.001; rss: 105MB	privacy checking
time: 0.000; rss: 105MB	stability index
time: 0.001; rss: 105MB	intrinsic checking
time: 0.000; rss: 105MB	effect checking
time: 0.006; rss: 105MB	match checking
time: 0.001; rss: 105MB	liveness checking
time: 0.057; rss: 105MB	borrow checking
time: 0.029; rss: 105MB	rvalue checking
time: 0.000; rss: 105MB	reachability checking
time: 0.001; rss: 105MB	death checking
time: 0.002; rss: 105MB	stability checking
time: 0.000; rss: 105MB	unused lib feature checking
time: 0.008; rss: 105MB	lint checking
time: 0.001; rss: 105MB	resolving dependency formats
time: 0.467; rss: 155MB	translation
  time: 0.140; rss: 114MB	llvm function passes
  time: 2.695; rss: 129MB	llvm module passes
  time: 0.812; rss: 134MB	codegen passes
  time: 0.001; rss: 134MB	codegen passes
time: 3.696; rss: 134MB	LLVM passes
  time: 0.025; rss: 136MB	running linker
time: 0.055; rss: 132MB	linking
rustc: x86_64-unknown-linux-gnu/stage2/lib/rustlib/x86_64-unknown-linux-gnu/lib/libgraphviz
time: 0.002; rss: 29MB	parsing
time: 0.001; rss: 34MB	configuration 1
time: 0.000; rss: 34MB	recursion limit
time: 0.000; rss: 34MB	gated macro checking
time: 0.000; rss: 34MB	crate injection
time: 0.003; rss: 36MB	macro loading
time: 0.000; rss: 36MB	plugin loading
time: 0.000; rss: 36MB	plugin registration
time: 0.004; rss: 37MB	expansion
time: 0.000; rss: 37MB	complete gated feature checking 1
time: 0.001; rss: 37MB	configuration 2
time: 0.000; rss: 37MB	maybe building test harness
time: 0.000; rss: 37MB	prelude injection
time: 0.000; rss: 37MB	checking that all macro invocations are gone
time: 0.000; rss: 37MB	complete gated feature checking 2
time: 0.000; rss: 37MB	assigning node ids and indexing ast
time: 0.001; rss: 37MB	external crate/lib resolution
time: 0.000; rss: 37MB	language item collection
time: 0.003; rss: 49MB	resolution
time: 0.000; rss: 49MB	lifetime resolution
time: 0.000; rss: 49MB	looking for entry point
time: 0.000; rss: 49MB	looking for plugin registrar
time: 0.000; rss: 49MB	region resolution
time: 0.000; rss: 49MB	loop checking
time: 0.000; rss: 49MB	static item recursion checking
time: 0.001; rss: 52MB	type collecting
time: 0.000; rss: 52MB	variance inference
time: 0.021; rss: 69MB	coherence checking
time: 0.001; rss: 71MB	wf checking (old)
time: 0.001; rss: 71MB	item-types checking
time: 0.082; rss: 89MB	item-bodies checking
time: 0.000; rss: 89MB	drop-impl checking
time: 0.003; rss: 89MB	wf checking (new)
time: 0.006; rss: 89MB	const checking
time: 0.000; rss: 89MB	privacy checking
time: 0.000; rss: 89MB	stability index
time: 0.000; rss: 89MB	intrinsic checking
time: 0.000; rss: 89MB	effect checking
time: 0.002; rss: 89MB	match checking
time: 0.000; rss: 89MB	liveness checking
time: 0.011; rss: 89MB	borrow checking
time: 0.006; rss: 89MB	rvalue checking
time: 0.000; rss: 89MB	reachability checking
time: 0.000; rss: 89MB	death checking
time: 0.000; rss: 89MB	stability checking
time: 0.000; rss: 89MB	unused lib feature checking
time: 0.002; rss: 89MB	lint checking
time: 0.001; rss: 89MB	resolving dependency formats
time: 0.054; rss: 108MB	translation
  time: 0.012; rss: 89MB	llvm function passes
  time: 0.081; rss: 90MB	llvm module passes
  time: 0.025; rss: 94MB	codegen passes
  time: 0.000; rss: 94MB	codegen passes
time: 0.121; rss: 94MB	LLVM passes
  time: 0.019; rss: 100MB	running linker
time: 0.021; rss: 98MB	linking
rustc: x86_64-unknown-linux-gnu/stage2/lib/rustlib/x86_64-unknown-linux-gnu/lib/librustc_bitflags
time: 0.001; rss: 29MB	parsing
time: 0.000; rss: 29MB	configuration 1
time: 0.000; rss: 33MB	recursion limit
time: 0.000; rss: 33MB	gated macro checking
time: 0.000; rss: 33MB	crate injection
time: 0.001; rss: 33MB	macro loading
time: 0.000; rss: 33MB	plugin loading
time: 0.000; rss: 33MB	plugin registration
time: 0.001; rss: 35MB	expansion
time: 0.000; rss: 35MB	complete gated feature checking 1
time: 0.000; rss: 35MB	configuration 2
time: 0.000; rss: 35MB	maybe building test harness
time: 0.000; rss: 35MB	prelude injection
time: 0.000; rss: 35MB	checking that all macro invocations are gone
time: 0.000; rss: 35MB	complete gated feature checking 2
time: 0.000; rss: 35MB	assigning node ids and indexing ast
time: 0.000; rss: 35MB	external crate/lib resolution
time: 0.000; rss: 35MB	language item collection
time: 0.001; rss: 35MB	resolution
time: 0.000; rss: 35MB	lifetime resolution
time: 0.000; rss: 35MB	looking for entry point
time: 0.000; rss: 35MB	looking for plugin registrar
time: 0.000; rss: 35MB	region resolution
time: 0.000; rss: 35MB	loop checking
time: 0.000; rss: 35MB	static item recursion checking
time: 0.000; rss: 39MB	type collecting
time: 0.000; rss: 39MB	variance inference
time: 0.001; rss: 39MB	coherence checking
time: 0.000; rss: 39MB	wf checking (old)
time: 0.000; rss: 39MB	item-types checking
time: 0.000; rss: 39MB	item-bodies checking
time: 0.000; rss: 39MB	drop-impl checking
time: 0.000; rss: 39MB	wf checking (new)
time: 0.000; rss: 39MB	const checking
time: 0.000; rss: 39MB	privacy checking
time: 0.000; rss: 39MB	stability index
time: 0.000; rss: 39MB	intrinsic checking
time: 0.000; rss: 39MB	effect checking
time: 0.000; rss: 39MB	match checking
time: 0.000; rss: 39MB	liveness checking
time: 0.000; rss: 39MB	borrow checking
time: 0.000; rss: 39MB	rvalue checking
time: 0.000; rss: 39MB	reachability checking
time: 0.000; rss: 39MB	death checking
time: 0.000; rss: 39MB	stability checking
time: 0.000; rss: 39MB	unused lib feature checking
time: 0.000; rss: 39MB	lint checking
time: 0.000; rss: 39MB	resolving dependency formats
time: 0.002; rss: 51MB	translation
  time: 0.000; rss: 52MB	llvm function passes
  time: 0.000; rss: 52MB	llvm module passes
  time: 0.001; rss: 52MB	codegen passes
  time: 0.000; rss: 53MB	codegen passes
time: 0.002; rss: 53MB	LLVM passes
time: 0.001; rss: 53MB	linking
rustc: x86_64-unknown-linux-gnu/stage2/lib/rustlib/x86_64-unknown-linux-gnu/lib/libfmt_macros
time: 0.002; rss: 29MB	parsing
time: 0.000; rss: 33MB	configuration 1
time: 0.000; rss: 33MB	recursion limit
time: 0.000; rss: 33MB	gated macro checking
time: 0.000; rss: 33MB	crate injection
time: 0.003; rss: 36MB	macro loading
time: 0.000; rss: 36MB	plugin loading
time: 0.000; rss: 36MB	plugin registration
time: 0.005; rss: 37MB	expansion
time: 0.000; rss: 37MB	complete gated feature checking 1
time: 0.001; rss: 37MB	configuration 2
time: 0.001; rss: 37MB	maybe building test harness
time: 0.000; rss: 37MB	prelude injection
time: 0.000; rss: 37MB	checking that all macro invocations are gone
time: 0.000; rss: 37MB	complete gated feature checking 2
time: 0.001; rss: 37MB	assigning node ids and indexing ast
time: 0.001; rss: 37MB	external crate/lib resolution
time: 0.000; rss: 37MB	language item collection
time: 0.003; rss: 44MB	resolution
time: 0.000; rss: 44MB	lifetime resolution
time: 0.000; rss: 44MB	looking for entry point
time: 0.000; rss: 44MB	looking for plugin registrar
time: 0.000; rss: 46MB	region resolution
time: 0.000; rss: 46MB	loop checking
time: 0.000; rss: 46MB	static item recursion checking
time: 0.001; rss: 46MB	type collecting
time: 0.000; rss: 46MB	variance inference
time: 0.057; rss: 80MB	coherence checking
time: 0.001; rss: 80MB	wf checking (old)
time: 0.001; rss: 80MB	item-types checking
time: 0.041; rss: 88MB	item-bodies checking
time: 0.000; rss: 88MB	drop-impl checking
time: 0.002; rss: 88MB	wf checking (new)
time: 0.006; rss: 88MB	const checking
time: 0.000; rss: 88MB	privacy checking
time: 0.000; rss: 88MB	stability index
time: 0.000; rss: 88MB	intrinsic checking
time: 0.000; rss: 88MB	effect checking
time: 0.001; rss: 88MB	match checking
time: 0.000; rss: 88MB	liveness checking
time: 0.010; rss: 88MB	borrow checking
time: 0.005; rss: 88MB	rvalue checking
time: 0.000; rss: 88MB	reachability checking
time: 0.000; rss: 88MB	death checking
time: 0.000; rss: 88MB	stability checking
time: 0.000; rss: 88MB	unused lib feature checking
time: 0.002; rss: 88MB	lint checking
time: 0.001; rss: 88MB	resolving dependency formats
time: 0.070; rss: 110MB	translation
  time: 0.018; rss: 90MB	llvm function passes
  time: 0.254; rss: 94MB	llvm module passes
  time: 0.093; rss: 99MB	codegen passes
  time: 0.000; rss: 99MB	codegen passes
time: 0.372; rss: 99MB	LLVM passes
  time: 0.019; rss: 105MB	running linker
time: 0.024; rss: 103MB	linking
rustc: x86_64-unknown-linux-gnu/stage2/lib/rustlib/x86_64-unknown-linux-gnu/lib/libsyntax
time: 0.120; rss: 71MB	parsing
time: 0.041; rss: 71MB	configuration 1
time: 0.000; rss: 71MB	recursion limit
time: 0.003; rss: 71MB	gated macro checking
time: 0.000; rss: 71MB	crate injection
time: 0.006; rss: 73MB	macro loading
time: 0.000; rss: 73MB	plugin loading
time: 0.000; rss: 73MB	plugin registration
time: 0.609; rss: 107MB	expansion
time: 0.017; rss: 107MB	complete gated feature checking 1
time: 0.112; rss: 107MB	configuration 2
time: 0.058; rss: 107MB	maybe building test harness
time: 0.054; rss: 107MB	prelude injection
time: 0.008; rss: 107MB	checking that all macro invocations are gone
time: 0.018; rss: 107MB	complete gated feature checking 2
time: 0.070; rss: 117MB	assigning node ids and indexing ast
time: 0.011; rss: 117MB	external crate/lib resolution
time: 0.017; rss: 117MB	language item collection
time: 0.219; rss: 161MB	resolution
time: 0.015; rss: 155MB	lifetime resolution
time: 0.000; rss: 155MB	looking for entry point
time: 0.008; rss: 155MB	looking for plugin registrar
time: 0.079; rss: 188MB	region resolution
time: 0.009; rss: 188MB	loop checking
time: 0.009; rss: 188MB	static item recursion checking
time: 0.050; rss: 191MB	type collecting
time: 0.018; rss: 191MB	variance inference
time: 0.141; rss: 226MB	coherence checking
time: 0.059; rss: 228MB	wf checking (old)
time: 0.091; rss: 230MB	item-types checking
time: 8.018; rss: 337MB	item-bodies checking
time: 0.000; rss: 337MB	drop-impl checking
time: 0.431; rss: 337MB	wf checking (new)
time: 1.638; rss: 354MB	const checking
time: 0.083; rss: 354MB	privacy checking
time: 0.002; rss: 354MB	stability index
time: 0.024; rss: 354MB	intrinsic checking
time: 0.021; rss: 354MB	effect checking
time: 0.379; rss: 354MB	match checking
time: 0.060; rss: 358MB	liveness checking
time: 3.216; rss: 358MB	borrow checking
time: 1.769; rss: 358MB	rvalue checking
time: 0.026; rss: 358MB	reachability checking
time: 0.061; rss: 358MB	death checking
time: 0.066; rss: 358MB	stability checking
time: 0.000; rss: 358MB	unused lib feature checking
time: 0.266; rss: 358MB	lint checking
time: 0.001; rss: 358MB	resolving dependency formats
time: 6.349; rss: 714MB	translation
  time: 2.091; rss: 416MB	llvm function passes
  time: 45.797; rss: 489MB	llvm module passes
  time: 16.687; rss: 545MB	codegen passes
  time: 0.002; rss: 509MB	codegen passes
time: 65.823; rss: 509MB	LLVM passes
  time: 0.129; rss: 511MB	running linker
time: 0.679; rss: 505MB	linking
rustc: x86_64-unknown-linux-gnu/stage2/lib/rustlib/x86_64-unknown-linux-gnu/lib/librustc_llvm
time: 0.007; rss: 36MB	parsing
time: 0.001; rss: 36MB	configuration 1
time: 0.000; rss: 36MB	recursion limit
time: 0.000; rss: 36MB	gated macro checking
time: 0.000; rss: 36MB	crate injection
time: 0.003; rss: 39MB	macro loading
time: 0.000; rss: 39MB	plugin loading
time: 0.000; rss: 39MB	plugin registration
time: 0.014; rss: 41MB	expansion
time: 0.000; rss: 41MB	complete gated feature checking 1
time: 0.003; rss: 41MB	configuration 2
time: 0.001; rss: 41MB	maybe building test harness
time: 0.002; rss: 41MB	prelude injection
time: 0.000; rss: 41MB	checking that all macro invocations are gone
time: 0.000; rss: 41MB	complete gated feature checking 2
time: 0.002; rss: 42MB	assigning node ids and indexing ast
time: 0.001; rss: 42MB	external crate/lib resolution
time: 0.000; rss: 42MB	language item collection
time: 0.009; rss: 54MB	resolution
time: 0.000; rss: 54MB	lifetime resolution
time: 0.000; rss: 54MB	looking for entry point
time: 0.000; rss: 54MB	looking for plugin registrar
time: 0.001; rss: 54MB	region resolution
time: 0.000; rss: 54MB	loop checking
time: 0.000; rss: 54MB	static item recursion checking
time: 0.003; rss: 60MB	type collecting
time: 0.000; rss: 60MB	variance inference
time: 0.071; rss: 91MB	coherence checking
time: 0.003; rss: 91MB	wf checking (old)
time: 0.012; rss: 93MB	item-types checking
time: 0.093; rss: 99MB	item-bodies checking
time: 0.000; rss: 99MB	drop-impl checking
time: 0.004; rss: 99MB	wf checking (new)
time: 0.011; rss: 99MB	const checking
time: 0.001; rss: 99MB	privacy checking
time: 0.000; rss: 99MB	stability index
time: 0.000; rss: 99MB	intrinsic checking
time: 0.000; rss: 99MB	effect checking
time: 0.002; rss: 99MB	match checking
time: 0.000; rss: 99MB	liveness checking
time: 0.016; rss: 99MB	borrow checking
time: 0.007; rss: 99MB	rvalue checking
time: 0.000; rss: 99MB	reachability checking
time: 0.001; rss: 99MB	death checking
time: 0.001; rss: 99MB	stability checking
time: 0.000; rss: 99MB	unused lib feature checking
time: 0.007; rss: 99MB	lint checking
time: 0.001; rss: 99MB	resolving dependency formats
time: 0.096; rss: 120MB	translation
  time: 0.020; rss: 95MB	llvm function passes
  time: 0.090; rss: 97MB	llvm module passes
  time: 0.052; rss: 101MB	codegen passes
  time: 0.000; rss: 100MB	codegen passes
time: 0.166; rss: 100MB	LLVM passes
  time: 1.424; rss: 104MB	running linker
time: 1.479; rss: 104MB	linking
rustc: x86_64-unknown-linux-gnu/stage2/lib/rustlib/x86_64-unknown-linux-gnu/lib/librustc_back
time: 0.007; rss: 31MB	parsing
time: 0.002; rss: 35MB	configuration 1
time: 0.000; rss: 35MB	recursion limit
time: 0.000; rss: 35MB	gated macro checking
time: 0.000; rss: 35MB	crate injection
time: 0.003; rss: 37MB	macro loading
time: 0.000; rss: 37MB	plugin loading
time: 0.000; rss: 37MB	plugin registration
time: 0.030; rss: 42MB	expansion
time: 0.000; rss: 42MB	complete gated feature checking 1
time: 0.004; rss: 42MB	configuration 2
time: 0.002; rss: 42MB	maybe building test harness
time: 0.002; rss: 42MB	prelude injection
time: 0.000; rss: 42MB	checking that all macro invocations are gone
time: 0.000; rss: 42MB	complete gated feature checking 2
time: 0.003; rss: 42MB	assigning node ids and indexing ast
time: 0.004; rss: 72MB	external crate/lib resolution
time: 0.000; rss: 72MB	language item collection
time: 0.017; rss: 104MB	resolution
time: 0.000; rss: 104MB	lifetime resolution
time: 0.000; rss: 104MB	looking for entry point
time: 0.000; rss: 104MB	looking for plugin registrar
time: 0.002; rss: 104MB	region resolution
time: 0.000; rss: 104MB	loop checking
time: 0.000; rss: 104MB	static item recursion checking
time: 0.004; rss: 108MB	type collecting
time: 0.000; rss: 108MB	variance inference
time: 0.034; rss: 128MB	coherence checking
time: 0.002; rss: 128MB	wf checking (old)
time: 0.012; rss: 128MB	item-types checking
time: 0.367; rss: 162MB	item-bodies checking
time: 0.000; rss: 162MB	drop-impl checking
time: 0.005; rss: 162MB	wf checking (new)
time: 0.049; rss: 162MB	const checking
time: 0.001; rss: 162MB	privacy checking
time: 0.000; rss: 162MB	stability index
time: 0.001; rss: 162MB	intrinsic checking
time: 0.000; rss: 162MB	effect checking
time: 0.004; rss: 162MB	match checking
time: 0.002; rss: 164MB	liveness checking
time: 0.079; rss: 164MB	borrow checking
time: 0.037; rss: 166MB	rvalue checking
time: 0.000; rss: 166MB	reachability checking
time: 0.001; rss: 166MB	death checking
time: 0.003; rss: 166MB	stability checking
time: 0.000; rss: 166MB	unused lib feature checking
time: 0.012; rss: 166MB	lint checking
time: 0.001; rss: 166MB	resolving dependency formats
time: 0.579; rss: 229MB	translation
  time: 0.168; rss: 167MB	llvm function passes
  time: 2.805; rss: 183MB	llvm module passes
  time: 0.931; rss: 196MB	codegen passes
  time: 0.001; rss: 188MB	codegen passes
time: 3.976; rss: 188MB	LLVM passes
  time: 0.039; rss: 190MB	running linker
time: 0.080; rss: 187MB	linking
rustc: x86_64-unknown-linux-gnu/stage2/lib/rustlib/x86_64-unknown-linux-gnu/lib/librustc_data_structures
time: 0.005; rss: 31MB	parsing
time: 0.001; rss: 35MB	configuration 1
time: 0.000; rss: 35MB	recursion limit
time: 0.000; rss: 35MB	gated macro checking
time: 0.000; rss: 35MB	crate injection
time: 0.003; rss: 38MB	macro loading
time: 0.000; rss: 38MB	plugin loading
time: 0.000; rss: 38MB	plugin registration
time: 0.010; rss: 38MB	expansion
time: 0.000; rss: 38MB	complete gated feature checking 1
time: 0.002; rss: 38MB	configuration 2
time: 0.001; rss: 38MB	maybe building test harness
time: 0.001; rss: 38MB	prelude injection
time: 0.000; rss: 38MB	checking that all macro invocations are gone
time: 0.000; rss: 38MB	complete gated feature checking 2
time: 0.001; rss: 38MB	assigning node ids and indexing ast
time: 0.002; rss: 38MB	external crate/lib resolution
time: 0.000; rss: 38MB	language item collection
time: 0.006; rss: 48MB	resolution
time: 0.000; rss: 48MB	lifetime resolution
time: 0.000; rss: 48MB	looking for entry point
time: 0.000; rss: 48MB	looking for plugin registrar
time: 0.000; rss: 48MB	region resolution
time: 0.000; rss: 48MB	loop checking
time: 0.000; rss: 48MB	static item recursion checking
time: 0.002; rss: 53MB	type collecting
time: 0.000; rss: 53MB	variance inference
time: 0.064; rss: 86MB	coherence checking
time: 0.009; rss: 86MB	wf checking (old)
time: 0.005; rss: 88MB	item-types checking
time: 0.151; rss: 99MB	item-bodies checking
time: 0.000; rss: 99MB	drop-impl checking
time: 0.083; rss: 99MB	wf checking (new)
time: 0.023; rss: 99MB	const checking
time: 0.001; rss: 99MB	privacy checking
time: 0.000; rss: 99MB	stability index
time: 0.001; rss: 99MB	intrinsic checking
time: 0.000; rss: 99MB	effect checking
time: 0.007; rss: 99MB	match checking
time: 0.000; rss: 99MB	liveness checking
time: 0.043; rss: 99MB	borrow checking
time: 0.025; rss: 99MB	rvalue checking
time: 0.000; rss: 99MB	reachability checking
time: 0.000; rss: 99MB	death checking
time: 0.001; rss: 99MB	stability checking
time: 0.000; rss: 99MB	unused lib feature checking
time: 0.008; rss: 99MB	lint checking
time: 0.001; rss: 99MB	resolving dependency formats
time: 0.056; rss: 117MB	translation
  time: 0.005; rss: 93MB	llvm function passes
  time: 0.023; rss: 95MB	llvm module passes
  time: 0.008; rss: 98MB	codegen passes
  time: 0.000; rss: 98MB	codegen passes
time: 0.038; rss: 98MB	LLVM passes
  time: 0.020; rss: 104MB	running linker
time: 0.022; rss: 102MB	linking
rustc: x86_64-unknown-linux-gnu/stage2/lib/rustlib/x86_64-unknown-linux-gnu/lib/librustc
time: 0.170; rss: 83MB	parsing
time: 0.060; rss: 83MB	configuration 1
time: 0.000; rss: 83MB	recursion limit
time: 0.004; rss: 83MB	gated macro checking
time: 0.000; rss: 83MB	crate injection
time: 0.008; rss: 87MB	macro loading
time: 0.000; rss: 87MB	plugin loading
time: 0.000; rss: 87MB	plugin registration
time: 0.834; rss: 124MB	expansion
time: 0.024; rss: 124MB	complete gated feature checking 1
time: 0.143; rss: 124MB	configuration 2
time: 0.074; rss: 124MB	maybe building test harness
time: 0.068; rss: 124MB	prelude injection
time: 0.011; rss: 124MB	checking that all macro invocations are gone
time: 0.024; rss: 124MB	complete gated feature checking 2
time: 0.090; rss: 137MB	assigning node ids and indexing ast
time: 0.017; rss: 171MB	external crate/lib resolution
time: 0.023; rss: 171MB	language item collection
time: 0.265; rss: 248MB	resolution
time: 0.020; rss: 242MB	lifetime resolution
time: 0.000; rss: 242MB	looking for entry point
time: 0.011; rss: 242MB	looking for plugin registrar
time: 0.093; rss: 277MB	region resolution
time: 0.011; rss: 277MB	loop checking
time: 0.012; rss: 277MB	static item recursion checking
time: 0.074; rss: 281MB	type collecting
time: 0.024; rss: 281MB	variance inference
time: 0.184; rss: 320MB	coherence checking
time: 0.124; rss: 326MB	wf checking (old)
time: 0.241; rss: 335MB	item-types checking
time: 7.359; rss: 498MB	item-bodies checking
time: 0.000; rss: 498MB	drop-impl checking
time: 0.327; rss: 500MB	wf checking (new)
time: 1.959; rss: 523MB	const checking
time: 0.106; rss: 523MB	privacy checking
time: 0.002; rss: 523MB	stability index
time: 0.031; rss: 523MB	intrinsic checking
time: 0.024; rss: 523MB	effect checking
time: 0.354; rss: 523MB	match checking
time: 0.059; rss: 523MB	liveness checking
time: 3.167; rss: 523MB	borrow checking
time: 1.771; rss: 523MB	rvalue checking
time: 0.025; rss: 523MB	reachability checking
time: 0.075; rss: 525MB	death checking
time: 0.090; rss: 527MB	stability checking
time: 0.000; rss: 527MB	unused lib feature checking
time: 0.341; rss: 527MB	lint checking
time: 0.002; rss: 527MB	resolving dependency formats
time: 13.077; rss: 1189MB	translation
  time: 4.059; rss: 721MB	llvm function passes
  time: 86.198; rss: 871MB	llvm module passes
  time: 23.807; rss: 885MB	codegen passes
  time: 0.003; rss: 766MB	codegen passes
time: 116.246; rss: 762MB	LLVM passes
  time: 0.238; rss: 764MB	running linker
time: 1.097; rss: 760MB	linking
rustc: x86_64-unknown-linux-gnu/stage2/lib/rustlib/x86_64-unknown-linux-gnu/lib/librustc_typeck
time: 0.070; rss: 54MB	parsing
time: 0.025; rss: 54MB	configuration 1
time: 0.000; rss: 54MB	recursion limit
time: 0.002; rss: 54MB	gated macro checking
time: 0.000; rss: 54MB	crate injection
time: 0.005; rss: 56MB	macro loading
time: 0.000; rss: 56MB	plugin loading
time: 0.000; rss: 56MB	plugin registration
time: 0.313; rss: 70MB	expansion
time: 0.008; rss: 70MB	complete gated feature checking 1
time: 0.046; rss: 70MB	configuration 2
time: 0.024; rss: 70MB	maybe building test harness
time: 0.022; rss: 70MB	prelude injection
time: 0.004; rss: 70MB	checking that all macro invocations are gone
time: 0.008; rss: 70MB	complete gated feature checking 2
time: 0.029; rss: 74MB	assigning node ids and indexing ast
time: 0.030; rss: 105MB	external crate/lib resolution
time: 0.008; rss: 110MB	language item collection
time: 0.103; rss: 158MB	resolution
time: 0.007; rss: 160MB	lifetime resolution
time: 0.000; rss: 160MB	looking for entry point
time: 0.004; rss: 160MB	looking for plugin registrar
time: 0.027; rss: 168MB	region resolution
time: 0.004; rss: 168MB	loop checking
time: 0.004; rss: 168MB	static item recursion checking
time: 0.027; rss: 170MB	type collecting
time: 0.008; rss: 170MB	variance inference
time: 0.129; rss: 215MB	coherence checking
time: 0.028; rss: 217MB	wf checking (old)
time: 0.098; rss: 225MB	item-types checking
time: 3.234; rss: 300MB	item-bodies checking
time: 0.000; rss: 300MB	drop-impl checking
time: 0.066; rss: 300MB	wf checking (new)
time: 0.574; rss: 311MB	const checking
time: 0.035; rss: 311MB	privacy checking
time: 0.000; rss: 311MB	stability index
time: 0.009; rss: 311MB	intrinsic checking
time: 0.008; rss: 311MB	effect checking
time: 0.069; rss: 311MB	match checking
time: 0.023; rss: 313MB	liveness checking
time: 0.833; rss: 313MB	borrow checking
time: 0.469; rss: 313MB	rvalue checking
time: 0.001; rss: 313MB	reachability checking
time: 0.023; rss: 313MB	death checking
time: 0.037; rss: 313MB	stability checking
time: 0.000; rss: 313MB	unused lib feature checking
time: 0.108; rss: 313MB	lint checking
time: 0.002; rss: 313MB	resolving dependency formats
time: 5.233; rss: 626MB	translation
  time: 1.561; rss: 384MB	llvm function passes
  time: 34.056; rss: 421MB	llvm module passes
  time: 9.622; rss: 424MB	codegen passes
  time: 0.001; rss: 373MB	codegen passes
time: 46.056; rss: 373MB	LLVM passes
  time: 0.141; rss: 378MB	running linker
time: 0.495; rss: 383MB	linking
rustc: x86_64-unknown-linux-gnu/stage2/lib/rustlib/x86_64-unknown-linux-gnu/lib/librustc_borrowck
time: 0.014; rss: 37MB	parsing
time: 0.004; rss: 37MB	configuration 1
time: 0.000; rss: 37MB	recursion limit
time: 0.000; rss: 37MB	gated macro checking
time: 0.000; rss: 37MB	crate injection
time: 0.004; rss: 40MB	macro loading
time: 0.000; rss: 40MB	plugin loading
time: 0.000; rss: 40MB	plugin registration
time: 0.060; rss: 45MB	expansion
time: 0.001; rss: 45MB	complete gated feature checking 1
time: 0.009; rss: 45MB	configuration 2
time: 0.005; rss: 45MB	maybe building test harness
time: 0.004; rss: 45MB	prelude injection
time: 0.000; rss: 45MB	checking that all macro invocations are gone
time: 0.001; rss: 45MB	complete gated feature checking 2
time: 0.005; rss: 47MB	assigning node ids and indexing ast
time: 0.031; rss: 79MB	external crate/lib resolution
time: 0.001; rss: 79MB	language item collection
time: 0.024; rss: 115MB	resolution
time: 0.001; rss: 114MB	lifetime resolution
time: 0.000; rss: 114MB	looking for entry point
time: 0.000; rss: 114MB	looking for plugin registrar
time: 0.004; rss: 116MB	region resolution
time: 0.001; rss: 116MB	loop checking
time: 0.000; rss: 116MB	static item recursion checking
time: 0.010; rss: 122MB	type collecting
time: 0.001; rss: 122MB	variance inference
time: 0.063; rss: 159MB	coherence checking
time: 0.008; rss: 159MB	wf checking (old)
time: 0.024; rss: 159MB	item-types checking
time: 0.527; rss: 197MB	item-bodies checking
time: 0.000; rss: 197MB	drop-impl checking
time: 0.014; rss: 197MB	wf checking (new)
time: 0.104; rss: 197MB	const checking
time: 0.004; rss: 197MB	privacy checking
time: 0.000; rss: 197MB	stability index
time: 0.001; rss: 197MB	intrinsic checking
time: 0.001; rss: 197MB	effect checking
time: 0.014; rss: 197MB	match checking
time: 0.004; rss: 197MB	liveness checking
time: 0.143; rss: 197MB	borrow checking
time: 0.076; rss: 197MB	rvalue checking
time: 0.000; rss: 197MB	reachability checking
time: 0.003; rss: 197MB	death checking
time: 0.006; rss: 197MB	stability checking
time: 0.000; rss: 197MB	unused lib feature checking
time: 0.022; rss: 197MB	lint checking
time: 0.002; rss: 197MB	resolving dependency formats
time: 0.892; rss: 270MB	translation
  time: 0.281; rss: 197MB	llvm function passes
  time: 4.465; rss: 206MB	llvm module passes
  time: 1.720; rss: 212MB	codegen passes
  time: 0.001; rss: 211MB	codegen passes
time: 6.580; rss: 211MB	LLVM passes
  time: 0.053; rss: 213MB	running linker
time: 0.113; rss: 210MB	linking
rustc: x86_64-unknown-linux-gnu/stage2/lib/rustlib/x86_64-unknown-linux-gnu/lib/librustc_resolve
time: 0.018; rss: 40MB	parsing
time: 0.006; rss: 40MB	configuration 1
time: 0.000; rss: 40MB	recursion limit
time: 0.000; rss: 40MB	gated macro checking
time: 0.000; rss: 40MB	crate injection
time: 0.005; rss: 43MB	macro loading
time: 0.000; rss: 43MB	plugin loading
time: 0.000; rss: 43MB	plugin registration
time: 0.078; rss: 49MB	expansion
time: 0.002; rss: 49MB	complete gated feature checking 1
time: 0.012; rss: 49MB	configuration 2
time: 0.006; rss: 49MB	maybe building test harness
time: 0.005; rss: 49MB	prelude injection
time: 0.000; rss: 49MB	checking that all macro invocations are gone
time: 0.001; rss: 49MB	complete gated feature checking 2
time: 0.007; rss: 49MB	assigning node ids and indexing ast
time: 0.031; rss: 80MB	external crate/lib resolution
time: 0.001; rss: 80MB	language item collection
time: 0.034; rss: 116MB	resolution
time: 0.001; rss: 116MB	lifetime resolution
time: 0.000; rss: 116MB	looking for entry point
time: 0.000; rss: 116MB	looking for plugin registrar
time: 0.006; rss: 124MB	region resolution
time: 0.001; rss: 124MB	loop checking
time: 0.001; rss: 124MB	static item recursion checking
time: 0.008; rss: 129MB	type collecting
time: 0.001; rss: 129MB	variance inference
time: 0.070; rss: 164MB	coherence checking
time: 0.007; rss: 164MB	wf checking (old)
time: 0.021; rss: 164MB	item-types checking
time: 0.670; rss: 206MB	item-bodies checking
time: 0.000; rss: 206MB	drop-impl checking
time: 0.017; rss: 206MB	wf checking (new)
time: 0.189; rss: 210MB	const checking
time: 0.005; rss: 210MB	privacy checking
time: 0.000; rss: 210MB	stability index
time: 0.002; rss: 210MB	intrinsic checking
time: 0.001; rss: 210MB	effect checking
time: 0.037; rss: 210MB	match checking
time: 0.006; rss: 210MB	liveness checking
time: 0.309; rss: 210MB	borrow checking
time: 0.155; rss: 210MB	rvalue checking
time: 0.000; rss: 210MB	reachability checking
time: 0.005; rss: 210MB	death checking
time: 0.008; rss: 210MB	stability checking
time: 0.000; rss: 210MB	unused lib feature checking
time: 0.030; rss: 210MB	lint checking
time: 0.002; rss: 210MB	resolving dependency formats
time: 1.459; rss: 323MB	translation
  time: 0.495; rss: 230MB	llvm function passes
  time: 7.472; rss: 247MB	llvm module passes
  time: 2.213; rss: 251MB	codegen passes
  time: 0.001; rss: 242MB	codegen passes
time: 10.354; rss: 242MB	LLVM passes
  time: 0.103; rss: 246MB	running linker
time: 0.184; rss: 243MB	linking
rustc: x86_64-unknown-linux-gnu/stage2/lib/rustlib/x86_64-unknown-linux-gnu/lib/librustc_trans
time: 0.115; rss: 69MB	parsing
time: 0.040; rss: 69MB	configuration 1
time: 0.000; rss: 69MB	recursion limit
time: 0.003; rss: 69MB	gated macro checking
time: 0.000; rss: 69MB	crate injection
time: 0.007; rss: 71MB	macro loading
time: 0.000; rss: 71MB	plugin loading
time: 0.000; rss: 71MB	plugin registration
time: 0.451; rss: 82MB	expansion
time: 0.012; rss: 82MB	complete gated feature checking 1
time: 0.067; rss: 82MB	configuration 2
time: 0.035; rss: 82MB	maybe building test harness
time: 0.032; rss: 82MB	prelude injection
time: 0.006; rss: 82MB	checking that all macro invocations are gone
time: 0.012; rss: 82MB	complete gated feature checking 2
time: 0.043; rss: 91MB	assigning node ids and indexing ast
time: 0.030; rss: 122MB	external crate/lib resolution
time: 0.011; rss: 122MB	language item collection
time: 0.164; rss: 193MB	resolution
time: 0.010; rss: 185MB	lifetime resolution
time: 0.000; rss: 185MB	looking for entry point
time: 0.006; rss: 185MB	looking for plugin registrar
time: 0.043; rss: 203MB	region resolution
time: 0.006; rss: 203MB	loop checking
time: 0.006; rss: 203MB	static item recursion checking
time: 0.039; rss: 210MB	type collecting
time: 0.012; rss: 210MB	variance inference
time: 0.136; rss: 247MB	coherence checking
time: 0.037; rss: 249MB	wf checking (old)
time: 0.099; rss: 253MB	item-types checking
time: 3.669; rss: 343MB	item-bodies checking
time: 0.000; rss: 343MB	drop-impl checking
time: 0.085; rss: 343MB	wf checking (new)
time: 0.753; rss: 362MB	const checking
time: 0.051; rss: 362MB	privacy checking
time: 0.001; rss: 362MB	stability index
time: 0.014; rss: 362MB	intrinsic checking
time: 0.012; rss: 362MB	effect checking
time: 0.103; rss: 362MB	match checking
time: 0.035; rss: 370MB	liveness checking
time: 1.080; rss: 370MB	borrow checking
time: 0.542; rss: 370MB	rvalue checking
time: 0.001; rss: 370MB	reachability checking
time: 0.035; rss: 370MB	death checking
time: 0.049; rss: 370MB	stability checking
time: 0.000; rss: 370MB	unused lib feature checking
time: 0.149; rss: 370MB	lint checking
time: 0.002; rss: 370MB	resolving dependency formats
time: 5.245; rss: 677MB	translation
  time: 1.693; rss: 401MB	llvm function passes
  time: 32.626; rss: 455MB	llvm module passes
  time: 10.692; rss: 458MB	codegen passes
  time: 0.001; rss: 399MB	codegen passes
time: 45.867; rss: 398MB	LLVM passes
  time: 0.131; rss: 402MB	running linker
time: 0.519; rss: 400MB	linking
rustc: x86_64-unknown-linux-gnu/stage2/lib/rustlib/x86_64-unknown-linux-gnu/lib/librustc_privacy
time: 0.005; rss: 34MB	parsing
time: 0.001; rss: 34MB	configuration 1
time: 0.000; rss: 34MB	recursion limit
time: 0.000; rss: 34MB	gated macro checking
time: 0.000; rss: 34MB	crate injection
time: 0.004; rss: 38MB	macro loading
time: 0.000; rss: 38MB	plugin loading
time: 0.000; rss: 38MB	plugin registration
time: 0.015; rss: 40MB	expansion
time: 0.000; rss: 40MB	complete gated feature checking 1
time: 0.002; rss: 40MB	configuration 2
time: 0.001; rss: 40MB	maybe building test harness
time: 0.001; rss: 40MB	prelude injection
time: 0.000; rss: 40MB	checking that all macro invocations are gone
time: 0.000; rss: 40MB	complete gated feature checking 2
time: 0.001; rss: 40MB	assigning node ids and indexing ast
time: 0.032; rss: 75MB	external crate/lib resolution
time: 0.000; rss: 75MB	language item collection
time: 0.010; rss: 100MB	resolution
time: 0.000; rss: 100MB	lifetime resolution
time: 0.000; rss: 100MB	looking for entry point
time: 0.000; rss: 100MB	looking for plugin registrar
time: 0.001; rss: 100MB	region resolution
time: 0.000; rss: 100MB	loop checking
time: 0.000; rss: 100MB	static item recursion checking
time: 0.006; rss: 108MB	type collecting
time: 0.000; rss: 108MB	variance inference
time: 0.018; rss: 125MB	coherence checking
time: 0.001; rss: 125MB	wf checking (old)
time: 0.007; rss: 125MB	item-types checking
time: 0.230; rss: 171MB	item-bodies checking
time: 0.000; rss: 171MB	drop-impl checking
time: 0.003; rss: 171MB	wf checking (new)
time: 0.030; rss: 171MB	const checking
time: 0.001; rss: 171MB	privacy checking
time: 0.000; rss: 171MB	stability index
time: 0.000; rss: 171MB	intrinsic checking
time: 0.000; rss: 171MB	effect checking
time: 0.003; rss: 171MB	match checking
time: 0.001; rss: 171MB	liveness checking
time: 0.038; rss: 171MB	borrow checking
time: 0.017; rss: 171MB	rvalue checking
time: 0.000; rss: 171MB	reachability checking
time: 0.001; rss: 171MB	death checking
time: 0.002; rss: 171MB	stability checking
time: 0.000; rss: 171MB	unused lib feature checking
time: 0.005; rss: 171MB	lint checking
time: 0.002; rss: 171MB	resolving dependency formats
time: 0.595; rss: 233MB	translation
  time: 0.169; rss: 181MB	llvm function passes
  time: 1.400; rss: 184MB	llvm module passes
  time: 0.426; rss: 185MB	codegen passes
  time: 0.001; rss: 185MB	codegen passes
time: 2.025; rss: 185MB	LLVM passes
  time: 0.044; rss: 189MB	running linker
time: 0.062; rss: 187MB	linking
rustc: x86_64-unknown-linux-gnu/stage2/lib/rustlib/x86_64-unknown-linux-gnu/lib/librustc_lint
time: 0.009; rss: 36MB	parsing
time: 0.003; rss: 36MB	configuration 1
time: 0.000; rss: 36MB	recursion limit
time: 0.000; rss: 36MB	gated macro checking
time: 0.000; rss: 36MB	crate injection
time: 0.033; rss: 75MB	macro loading
time: 0.000; rss: 75MB	plugin loading
time: 0.000; rss: 75MB	plugin registration
time: 0.027; rss: 76MB	expansion
time: 0.000; rss: 76MB	complete gated feature checking 1
time: 0.004; rss: 76MB	configuration 2
time: 0.002; rss: 76MB	maybe building test harness
time: 0.002; rss: 76MB	prelude injection
time: 0.000; rss: 76MB	checking that all macro invocations are gone
time: 0.000; rss: 76MB	complete gated feature checking 2
time: 0.002; rss: 77MB	assigning node ids and indexing ast
time: 0.003; rss: 77MB	external crate/lib resolution
time: 0.000; rss: 77MB	language item collection
time: 0.017; rss: 108MB	resolution
time: 0.000; rss: 109MB	lifetime resolution
time: 0.000; rss: 109MB	looking for entry point
time: 0.000; rss: 109MB	looking for plugin registrar
time: 0.001; rss: 108MB	region resolution
time: 0.000; rss: 108MB	loop checking
time: 0.000; rss: 108MB	static item recursion checking
time: 0.007; rss: 114MB	type collecting
time: 0.000; rss: 114MB	variance inference
time: 0.054; rss: 145MB	coherence checking
time: 0.003; rss: 145MB	wf checking (old)
time: 0.016; rss: 145MB	item-types checking
time: 0.260; rss: 178MB	item-bodies checking
time: 0.000; rss: 178MB	drop-impl checking
time: 0.007; rss: 178MB	wf checking (new)
time: 0.054; rss: 180MB	const checking
time: 0.002; rss: 180MB	privacy checking
time: 0.000; rss: 180MB	stability index
time: 0.000; rss: 180MB	intrinsic checking
time: 0.000; rss: 180MB	effect checking
time: 0.005; rss: 180MB	match checking
time: 0.001; rss: 180MB	liveness checking
time: 0.048; rss: 180MB	borrow checking
time: 0.022; rss: 180MB	rvalue checking
time: 0.000; rss: 180MB	reachability checking
time: 0.001; rss: 180MB	death checking
time: 0.003; rss: 180MB	stability checking
time: 0.000; rss: 180MB	unused lib feature checking
time: 0.009; rss: 180MB	lint checking
time: 0.002; rss: 180MB	resolving dependency formats
time: 0.904; rss: 261MB	translation
  time: 0.256; rss: 194MB	llvm function passes
  time: 2.700; rss: 208MB	llvm module passes
  time: 0.939; rss: 212MB	codegen passes
  time: 0.001; rss: 206MB	codegen passes
time: 3.962; rss: 206MB	LLVM passes
  time: 0.098; rss: 208MB	running linker
time: 0.139; rss: 204MB	linking
rustc: x86_64-unknown-linux-gnu/stage2/lib/rustlib/x86_64-unknown-linux-gnu/lib/librustc_driver
time: 0.011; rss: 37MB	parsing
time: 0.003; rss: 37MB	configuration 1
time: 0.000; rss: 37MB	recursion limit
time: 0.000; rss: 37MB	gated macro checking
time: 0.000; rss: 37MB	crate injection
time: 0.004; rss: 39MB	macro loading
time: 0.000; rss: 39MB	plugin loading
time: 0.000; rss: 39MB	plugin registration
time: 0.026; rss: 42MB	expansion
time: 0.000; rss: 42MB	complete gated feature checking 1
time: 0.004; rss: 42MB	configuration 2
time: 0.002; rss: 42MB	maybe building test harness
time: 0.002; rss: 42MB	prelude injection
time: 0.000; rss: 42MB	checking that all macro invocations are gone
time: 0.000; rss: 42MB	complete gated feature checking 2
time: 0.002; rss: 42MB	assigning node ids and indexing ast
time: 0.033; rss: 78MB	external crate/lib resolution
time: 0.000; rss: 78MB	language item collection
time: 0.024; rss: 121MB	resolution
time: 0.000; rss: 121MB	lifetime resolution
time: 0.000; rss: 121MB	looking for entry point
time: 0.000; rss: 121MB	looking for plugin registrar
time: 0.002; rss: 123MB	region resolution
time: 0.000; rss: 123MB	loop checking
time: 0.000; rss: 123MB	static item recursion checking
time: 0.008; rss: 127MB	type collecting
time: 0.000; rss: 127MB	variance inference
time: 0.096; rss: 171MB	coherence checking
time: 0.006; rss: 171MB	wf checking (old)
time: 0.010; rss: 173MB	item-types checking
time: 0.361; rss: 196MB	item-bodies checking
time: 0.000; rss: 196MB	drop-impl checking
time: 0.008; rss: 196MB	wf checking (new)
time: 0.093; rss: 196MB	const checking
time: 0.002; rss: 196MB	privacy checking
time: 0.000; rss: 196MB	stability index
time: 0.001; rss: 196MB	intrinsic checking
time: 0.000; rss: 196MB	effect checking
time: 0.009; rss: 196MB	match checking
time: 0.001; rss: 196MB	liveness checking
time: 0.116; rss: 196MB	borrow checking
time: 0.065; rss: 196MB	rvalue checking
time: 0.000; rss: 196MB	reachability checking
time: 0.001; rss: 196MB	death checking
time: 0.004; rss: 196MB	stability checking
time: 0.000; rss: 196MB	unused lib feature checking
time: 0.009; rss: 196MB	lint checking
time: 0.002; rss: 196MB	resolving dependency formats
time: 3.234; rss: 438MB	translation
  time: 1.270; rss: 336MB	llvm function passes
  time: 36.678; rss: 379MB	llvm module passes
  time: 13.681; rss: 439MB	codegen passes
  time: 0.001; rss: 336MB	codegen passes
time: 52.373; rss: 336MB	LLVM passes
  time: 0.111; rss: 338MB	running linker
time: 0.469; rss: 337MB	linking
rustc: x86_64-unknown-linux-gnu/stage2/lib/rustlib/x86_64-unknown-linux-gnu/lib/librustdoc
time: 0.037; rss: 44MB	parsing
time: 0.013; rss: 44MB	configuration 1
time: 0.000; rss: 44MB	recursion limit
time: 0.001; rss: 44MB	gated macro checking
time: 0.000; rss: 44MB	crate injection
time: 0.004; rss: 46MB	macro loading
time: 0.000; rss: 46MB	plugin loading
time: 0.000; rss: 46MB	plugin registration
time: 0.185; rss: 59MB	expansion
time: 0.006; rss: 59MB	complete gated feature checking 1
time: 0.037; rss: 59MB	configuration 2
time: 0.019; rss: 59MB	maybe building test harness
time: 0.018; rss: 59MB	prelude injection
time: 0.002; rss: 59MB	checking that all macro invocations are gone
time: 0.005; rss: 59MB	complete gated feature checking 2
time: 0.022; rss: 61MB	assigning node ids and indexing ast
time: 0.039; rss: 97MB	external crate/lib resolution
time: 0.005; rss: 97MB	language item collection
time: 0.078; rss: 156MB	resolution
time: 0.005; rss: 152MB	lifetime resolution
time: 0.000; rss: 152MB	looking for entry point
time: 0.002; rss: 152MB	looking for plugin registrar
time: 0.020; rss: 161MB	region resolution
time: 0.003; rss: 161MB	loop checking
time: 0.003; rss: 161MB	static item recursion checking
time: 0.021; rss: 168MB	type collecting
time: 0.005; rss: 168MB	variance inference
time: 0.074; rss: 199MB	coherence checking
time: 0.023; rss: 199MB	wf checking (old)
time: 0.058; rss: 201MB	item-types checking
time: 2.577; rss: 283MB	item-bodies checking
time: 0.000; rss: 283MB	drop-impl checking
time: 0.108; rss: 283MB	wf checking (new)
time: 1.025; rss: 283MB	const checking
time: 0.021; rss: 283MB	privacy checking
time: 0.000; rss: 283MB	stability index
time: 0.006; rss: 283MB	intrinsic checking
time: 0.005; rss: 283MB	effect checking
time: 0.251; rss: 283MB	match checking
time: 0.017; rss: 283MB	liveness checking
time: 1.772; rss: 283MB	borrow checking
time: 0.993; rss: 283MB	rvalue checking
time: 0.003; rss: 283MB	reachability checking
time: 0.017; rss: 283MB	death checking
time: 0.025; rss: 283MB	stability checking
time: 0.000; rss: 283MB	unused lib feature checking
time: 0.079; rss: 283MB	lint checking
time: 0.002; rss: 283MB	resolving dependency formats
time: 6.228; rss: 590MB	translation
  time: 1.565; rss: 388MB	llvm function passes
  time: 40.267; rss: 444MB	llvm module passes
  time: 12.425; rss: 480MB	codegen passes
  time: 0.001; rss: 446MB	codegen passes
time: 55.088; rss: 446MB	LLVM passes
  time: 0.131; rss: 455MB	running linker
time: 0.537; rss: 450MB	linking
rustc: x86_64-unknown-linux-gnu/stage1/lib/rustlib/x86_64-unknown-linux-gnu/bin/rustbook
cp: x86_64-unknown-linux-gnu/stage2/bin/rustbook
rustbook: doc/book/index.html
rustbook: doc/nomicon/index.html
rustbook: doc/style/index.html
rustc: x86_64-unknown-linux-gnu/stage1/lib/rustlib/x86_64-unknown-linux-gnu/bin/error-index-generator
cp: x86_64-unknown-linux-gnu/stage2/bin/error-index-generator
error-index-generator: doc/error-index.html
rustdoc: doc/not_found.html
rustdoc: doc/index.html
rustdoc: doc/intro.html
rustdoc: doc/tutorial.html
rustdoc: doc/complement-lang-faq.html
rustdoc: doc/complement-design-faq.html
rustdoc: doc/complement-project-faq.html
rustdoc: doc/rustdoc.html
rustdoc: doc/reference.html
rustdoc: doc/grammar.html
rustdoc: doc/guide-crates.html
rustdoc: doc/guide-error-handling.html
rustdoc: doc/guide-ffi.html
rustdoc: doc/guide-macros.html
rustdoc: doc/guide.html
rustdoc: doc/guide-ownership.html
rustdoc: doc/guide-plugins.html
rustdoc: doc/guide-pointers.html
rustdoc: doc/guide-strings.html
rustdoc: doc/guide-tasks.html
rustdoc: doc/guide-testing.html
rustdoc: doc/std/index.html
rustdoc: doc/alloc/index.html
rustdoc: doc/collections/index.html
rustdoc: doc/core/index.html
rustdoc: doc/libc/index.html
rustdoc: doc/rustc_unicode/index.html
