commit 17b6fcd4589f678700c71bc88daabb5ba2d80bf0
Merge: b28f0b1 2367caf
Author: bors <bors@rust-lang.org>
Date:   Thu Aug 27 18:30:47 2015 +0000

    Auto merge of #28031 - durka:patch-6, r=alexcrichton
    
    It was pointing at the issue for `placement_new_protocol`.
cfg: version 1.4.0-dev (17b6fcd45 2015-08-27)
cfg: build triple x86_64-unknown-linux-gnu
cfg: host triples x86_64-unknown-linux-gnu
cfg: target triples x86_64-unknown-linux-gnu
cfg: host for x86_64-unknown-linux-gnu is x86_64
cfg: os for x86_64-unknown-linux-gnu is unknown-linux-gnu
cfg: good valgrind for x86_64-unknown-linux-gnu is 1
cfg: using CC=gcc (CFG_CC)
cfg: disabling valgrind run-pass tests
rustc: x86_64-unknown-linux-gnu/stage0/lib/rustlib/x86_64-unknown-linux-gnu/lib/librustc_trans
rustc: x86_64-unknown-linux-gnu/stage0/lib/rustlib/x86_64-unknown-linux-gnu/lib/librustc_driver
rustc: x86_64-unknown-linux-gnu/stage0/lib/rustlib/x86_64-unknown-linux-gnu/bin/rustc
cp: x86_64-unknown-linux-gnu/stage1/lib/librustc_trans
cp: x86_64-unknown-linux-gnu/stage1/lib/librustc_driver
cp: x86_64-unknown-linux-gnu/stage1/bin/rustc
rustc: x86_64-unknown-linux-gnu/stage1/lib/rustlib/x86_64-unknown-linux-gnu/lib/libcore
rustc: x86_64-unknown-linux-gnu/stage1/lib/rustlib/x86_64-unknown-linux-gnu/lib/liblibc
rustc: x86_64-unknown-linux-gnu/stage1/lib/rustlib/x86_64-unknown-linux-gnu/lib/librand
rustc: x86_64-unknown-linux-gnu/stage1/lib/rustlib/x86_64-unknown-linux-gnu/lib/liballoc_system
rustc: x86_64-unknown-linux-gnu/stage1/lib/rustlib/x86_64-unknown-linux-gnu/lib/liballoc
rustc: x86_64-unknown-linux-gnu/stage1/lib/rustlib/x86_64-unknown-linux-gnu/lib/librustc_unicode
rustc: x86_64-unknown-linux-gnu/stage1/lib/rustlib/x86_64-unknown-linux-gnu/lib/libcollections
rustc: x86_64-unknown-linux-gnu/stage1/lib/rustlib/x86_64-unknown-linux-gnu/lib/liballoc_jemalloc
rustc: x86_64-unknown-linux-gnu/stage1/lib/rustlib/x86_64-unknown-linux-gnu/lib/libstd
rustc: x86_64-unknown-linux-gnu/stage1/lib/rustlib/x86_64-unknown-linux-gnu/lib/libarena
rustc: x86_64-unknown-linux-gnu/stage1/lib/rustlib/x86_64-unknown-linux-gnu/lib/libflate
rustc: x86_64-unknown-linux-gnu/stage1/lib/rustlib/x86_64-unknown-linux-gnu/lib/libgetopts
rustc: x86_64-unknown-linux-gnu/stage1/lib/rustlib/x86_64-unknown-linux-gnu/lib/libgraphviz
rustc: x86_64-unknown-linux-gnu/stage1/lib/rustlib/x86_64-unknown-linux-gnu/lib/liblog
rustc: x86_64-unknown-linux-gnu/stage1/lib/rustlib/x86_64-unknown-linux-gnu/lib/libterm
rustc: x86_64-unknown-linux-gnu/stage1/lib/rustlib/x86_64-unknown-linux-gnu/lib/libserialize
rustc: x86_64-unknown-linux-gnu/stage1/lib/rustlib/x86_64-unknown-linux-gnu/lib/libfmt_macros
rustc: x86_64-unknown-linux-gnu/stage1/lib/rustlib/x86_64-unknown-linux-gnu/lib/librustc_bitflags
rustc: x86_64-unknown-linux-gnu/stage1/lib/rustlib/x86_64-unknown-linux-gnu/lib/libsyntax
rustc: x86_64-unknown-linux-gnu/stage1/lib/rustlib/x86_64-unknown-linux-gnu/lib/librbml
rustc: x86_64-unknown-linux-gnu/stage1/lib/rustlib/x86_64-unknown-linux-gnu/lib/librustc_llvm
rustc: x86_64-unknown-linux-gnu/stage1/lib/rustlib/x86_64-unknown-linux-gnu/lib/librustc_back
rustc: x86_64-unknown-linux-gnu/stage1/lib/rustlib/x86_64-unknown-linux-gnu/lib/librustc_data_structures
rustc: x86_64-unknown-linux-gnu/stage1/lib/rustlib/x86_64-unknown-linux-gnu/lib/librustc
rustc: x86_64-unknown-linux-gnu/stage1/lib/rustlib/x86_64-unknown-linux-gnu/lib/librustc_borrowck
rustc: x86_64-unknown-linux-gnu/stage1/lib/rustlib/x86_64-unknown-linux-gnu/lib/librustc_platform_intrinsics
rustc: x86_64-unknown-linux-gnu/stage1/lib/rustlib/x86_64-unknown-linux-gnu/lib/librustc_typeck
rustc: x86_64-unknown-linux-gnu/stage1/lib/rustlib/x86_64-unknown-linux-gnu/lib/librustc_resolve
rustc: x86_64-unknown-linux-gnu/stage1/lib/rustlib/x86_64-unknown-linux-gnu/lib/librustc_trans
rustc: x86_64-unknown-linux-gnu/stage1/lib/rustlib/x86_64-unknown-linux-gnu/lib/librustc_privacy
rustc: x86_64-unknown-linux-gnu/stage1/lib/rustlib/x86_64-unknown-linux-gnu/lib/librustc_lint
rustc: x86_64-unknown-linux-gnu/stage1/lib/rustlib/x86_64-unknown-linux-gnu/lib/librustc_driver
rustc: x86_64-unknown-linux-gnu/stage1/lib/rustlib/x86_64-unknown-linux-gnu/bin/rustc
cp: x86_64-unknown-linux-gnu/stage2/lib/libstd
cp: x86_64-unknown-linux-gnu/stage2/lib/libarena
cp: x86_64-unknown-linux-gnu/stage2/lib/libflate
cp: x86_64-unknown-linux-gnu/stage2/lib/libgetopts
cp: x86_64-unknown-linux-gnu/stage2/lib/libgraphviz
cp: x86_64-unknown-linux-gnu/stage2/lib/liblog
cp: x86_64-unknown-linux-gnu/stage2/lib/libterm
cp: x86_64-unknown-linux-gnu/stage2/lib/libserialize
cp: x86_64-unknown-linux-gnu/stage2/lib/libfmt_macros
cp: x86_64-unknown-linux-gnu/stage2/lib/libsyntax
cp: x86_64-unknown-linux-gnu/stage2/lib/librbml
cp: x86_64-unknown-linux-gnu/stage2/lib/librustc_llvm
cp: x86_64-unknown-linux-gnu/stage2/lib/librustc_back
cp: x86_64-unknown-linux-gnu/stage2/lib/librustc_data_structures
cp: x86_64-unknown-linux-gnu/stage2/lib/librustc
cp: x86_64-unknown-linux-gnu/stage2/lib/librustc_borrowck
cp: x86_64-unknown-linux-gnu/stage2/lib/librustc_platform_intrinsics
cp: x86_64-unknown-linux-gnu/stage2/lib/librustc_typeck
cp: x86_64-unknown-linux-gnu/stage2/lib/librustc_resolve
cp: x86_64-unknown-linux-gnu/stage2/lib/librustc_trans
cp: x86_64-unknown-linux-gnu/stage2/lib/librustc_privacy
cp: x86_64-unknown-linux-gnu/stage2/lib/librustc_lint
cp: x86_64-unknown-linux-gnu/stage2/lib/librustc_driver
cp: x86_64-unknown-linux-gnu/stage2/bin/rustc
rustc: x86_64-unknown-linux-gnu/stage1/lib/rustlib/x86_64-unknown-linux-gnu/lib/libtest
rustc: x86_64-unknown-linux-gnu/stage1/lib/rustlib/x86_64-unknown-linux-gnu/lib/librustdoc
rustc: x86_64-unknown-linux-gnu/stage1/lib/rustlib/x86_64-unknown-linux-gnu/bin/rustdoc
cp: x86_64-unknown-linux-gnu/stage2/lib/libtest
cp: x86_64-unknown-linux-gnu/stage2/lib/librustdoc
cp: x86_64-unknown-linux-gnu/stage2/bin/rustdoc
rustc: x86_64-unknown-linux-gnu/stage2/lib/rustlib/x86_64-unknown-linux-gnu/lib/libcore
time: 0.070; rss: 54MB	parsing
time: 0.025; rss: 56MB	configuration 1
time: 0.000; rss: 56MB	recursion limit
time: 0.002; rss: 56MB	gated macro checking
time: 0.000; rss: 56MB	crate injection
time: 0.001; rss: 56MB	macro loading
time: 0.000; rss: 56MB	plugin loading
time: 0.000; rss: 56MB	plugin registration
time: 0.466; rss: 81MB	expansion
time: 0.011; rss: 81MB	complete gated feature checking 1
time: 0.094; rss: 81MB	configuration 2
time: 0.000; rss: 81MB	gated configuration checking
time: 0.048; rss: 81MB	maybe building test harness
time: 0.000; rss: 81MB	prelude injection
time: 0.005; rss: 81MB	checking that all macro invocations are gone
time: 0.000; rss: 81MB	checking for inline asm in case the target doesn't support it
time: 0.011; rss: 81MB	complete gated feature checking 2
time: 0.053; rss: 88MB	assigning node ids and indexing ast
time: 0.005; rss: 88MB	external crate/lib resolution
time: 0.010; rss: 88MB	language item collection
time: 0.080; rss: 104MB	resolution
time: 0.011; rss: 104MB	lifetime resolution
time: 0.000; rss: 104MB	looking for entry point
time: 0.005; rss: 104MB	looking for plugin registrar
time: 0.025; rss: 111MB	region resolution
time: 0.005; rss: 111MB	loop checking
time: 0.005; rss: 111MB	static item recursion checking
time: 0.060; rss: 119MB	type collecting
time: 0.010; rss: 119MB	variance inference
time: 0.620; rss: 130MB	coherence checking
time: 0.321; rss: 132MB	wf checking (old)
time: 0.507; rss: 136MB	item-types checking
time: 4.244; rss: 163MB	item-bodies checking
time: 0.000; rss: 163MB	drop-impl checking
time: 0.601; rss: 163MB	wf checking (new)
time: 0.139; rss: 165MB	const checking
time: 0.053; rss: 165MB	privacy checking
time: 0.005; rss: 165MB	stability index
time: 0.029; rss: 165MB	intrinsic checking
time: 0.010; rss: 165MB	effect checking
time: 0.047; rss: 165MB	match checking
time: 0.022; rss: 165MB	liveness checking
time: 0.276; rss: 165MB	borrow checking
time: 0.145; rss: 165MB	rvalue checking
time: 0.018; rss: 165MB	reachability checking
time: 0.036; rss: 165MB	death checking
time: 0.026; rss: 165MB	stability checking
time: 0.000; rss: 165MB	unused lib feature checking
time: 0.445; rss: 165MB	lint checking
time: 0.000; rss: 165MB	resolving dependency formats
time: 1.520; rss: 248MB	translation
  time: 0.235; rss: 125MB	llvm function passes
  time: 1.933; rss: 128MB	llvm module passes
  time: 1.503; rss: 131MB	codegen passes
  time: 0.003; rss: 126MB	codegen passes
time: 3.743; rss: 126MB	LLVM passes
time: 0.058; rss: 125MB	linking
rustc: x86_64-unknown-linux-gnu/stage2/lib/rustlib/x86_64-unknown-linux-gnu/lib/liblibc
time: 0.020; rss: 41MB	parsing
time: 0.004; rss: 38MB	configuration 1
time: 0.000; rss: 38MB	recursion limit
time: 0.000; rss: 38MB	gated macro checking
time: 0.000; rss: 38MB	crate injection
time: 0.001; rss: 38MB	macro loading
time: 0.000; rss: 38MB	plugin loading
time: 0.000; rss: 38MB	plugin registration
time: 0.009; rss: 39MB	expansion
time: 0.000; rss: 39MB	complete gated feature checking 1
time: 0.002; rss: 39MB	configuration 2
time: 0.000; rss: 39MB	gated configuration checking
time: 0.001; rss: 39MB	maybe building test harness
time: 0.001; rss: 39MB	prelude injection
time: 0.000; rss: 39MB	checking that all macro invocations are gone
time: 0.000; rss: 39MB	checking for inline asm in case the target doesn't support it
time: 0.000; rss: 39MB	complete gated feature checking 2
time: 0.001; rss: 39MB	assigning node ids and indexing ast
time: 0.000; rss: 39MB	external crate/lib resolution
time: 0.000; rss: 39MB	language item collection
time: 0.004; rss: 44MB	resolution
time: 0.000; rss: 44MB	lifetime resolution
time: 0.000; rss: 44MB	looking for entry point
time: 0.000; rss: 44MB	looking for plugin registrar
time: 0.000; rss: 44MB	region resolution
time: 0.000; rss: 44MB	loop checking
time: 0.000; rss: 44MB	static item recursion checking
time: 0.001; rss: 46MB	type collecting
time: 0.000; rss: 46MB	variance inference
time: 0.007; rss: 55MB	coherence checking
time: 0.002; rss: 55MB	wf checking (old)
time: 0.011; rss: 58MB	item-types checking
time: 0.016; rss: 60MB	item-bodies checking
time: 0.000; rss: 60MB	drop-impl checking
time: 0.003; rss: 60MB	wf checking (new)
time: 0.001; rss: 60MB	const checking
time: 0.001; rss: 60MB	privacy checking
time: 0.000; rss: 60MB	stability index
time: 0.000; rss: 60MB	intrinsic checking
time: 0.000; rss: 60MB	effect checking
time: 0.000; rss: 60MB	match checking
time: 0.000; rss: 60MB	liveness checking
time: 0.001; rss: 60MB	borrow checking
time: 0.000; rss: 60MB	rvalue checking
time: 0.000; rss: 60MB	reachability checking
time: 0.001; rss: 60MB	death checking
time: 0.000; rss: 60MB	stability checking
time: 0.000; rss: 60MB	unused lib feature checking
time: 0.005; rss: 60MB	lint checking
time: 0.000; rss: 60MB	resolving dependency formats
time: 0.035; rss: 73MB	translation
  time: 0.002; rss: 70MB	llvm function passes
  time: 0.009; rss: 70MB	llvm module passes
  time: 0.008; rss: 75MB	codegen passes
  time: 0.000; rss: 74MB	codegen passes
time: 0.021; rss: 74MB	LLVM passes
time: 0.001; rss: 74MB	linking
rustc: x86_64-unknown-linux-gnu/stage2/lib/rustlib/x86_64-unknown-linux-gnu/lib/librand
time: 0.011; rss: 37MB	parsing
time: 0.003; rss: 37MB	configuration 1
time: 0.000; rss: 37MB	recursion limit
time: 0.000; rss: 37MB	gated macro checking
time: 0.000; rss: 37MB	crate injection
time: 0.001; rss: 39MB	macro loading
time: 0.000; rss: 39MB	plugin loading
time: 0.000; rss: 39MB	plugin registration
time: 0.024; rss: 40MB	expansion
time: 0.000; rss: 40MB	complete gated feature checking 1
time: 0.005; rss: 40MB	configuration 2
time: 0.000; rss: 40MB	gated configuration checking
time: 0.002; rss: 40MB	maybe building test harness
time: 0.002; rss: 40MB	prelude injection
time: 0.000; rss: 40MB	checking that all macro invocations are gone
time: 0.000; rss: 40MB	checking for inline asm in case the target doesn't support it
time: 0.000; rss: 40MB	complete gated feature checking 2
time: 0.003; rss: 40MB	assigning node ids and indexing ast
time: 0.000; rss: 40MB	external crate/lib resolution
time: 0.000; rss: 40MB	language item collection
time: 0.007; rss: 50MB	resolution
time: 0.000; rss: 50MB	lifetime resolution
time: 0.000; rss: 50MB	looking for entry point
time: 0.000; rss: 50MB	looking for plugin registrar
time: 0.001; rss: 50MB	region resolution
time: 0.000; rss: 50MB	loop checking
time: 0.000; rss: 50MB	static item recursion checking
time: 0.002; rss: 50MB	type collecting
time: 0.000; rss: 50MB	variance inference
time: 0.033; rss: 66MB	coherence checking
time: 0.006; rss: 66MB	wf checking (old)
time: 0.015; rss: 66MB	item-types checking
time: 0.241; rss: 81MB	item-bodies checking
time: 0.000; rss: 81MB	drop-impl checking
time: 0.014; rss: 81MB	wf checking (new)
time: 0.009; rss: 81MB	const checking
time: 0.001; rss: 81MB	privacy checking
time: 0.000; rss: 81MB	stability index
time: 0.001; rss: 81MB	intrinsic checking
time: 0.000; rss: 81MB	effect checking
time: 0.001; rss: 81MB	match checking
time: 0.001; rss: 81MB	liveness checking
time: 0.019; rss: 83MB	borrow checking
time: 0.007; rss: 83MB	rvalue checking
time: 0.000; rss: 83MB	reachability checking
time: 0.001; rss: 83MB	death checking
time: 0.001; rss: 83MB	stability checking
time: 0.000; rss: 83MB	unused lib feature checking
time: 0.017; rss: 83MB	lint checking
time: 0.000; rss: 83MB	resolving dependency formats
time: 0.129; rss: 101MB	translation
  time: 0.022; rss: 80MB	llvm function passes
  time: 0.147; rss: 81MB	llvm module passes
  time: 0.052; rss: 86MB	codegen passes
  time: 0.000; rss: 85MB	codegen passes
time: 0.226; rss: 85MB	LLVM passes
time: 0.003; rss: 85MB	linking
rustc: x86_64-unknown-linux-gnu/stage2/lib/rustlib/x86_64-unknown-linux-gnu/lib/liballoc_system
time: 0.001; rss: 29MB	parsing
time: 0.000; rss: 33MB	configuration 1
time: 0.000; rss: 33MB	recursion limit
time: 0.000; rss: 33MB	gated macro checking
time: 0.000; rss: 33MB	crate injection
time: 0.001; rss: 33MB	macro loading
time: 0.000; rss: 33MB	plugin loading
time: 0.000; rss: 33MB	plugin registration
time: 0.001; rss: 35MB	expansion
time: 0.000; rss: 35MB	complete gated feature checking 1
time: 0.000; rss: 35MB	configuration 2
time: 0.000; rss: 35MB	gated configuration checking
time: 0.000; rss: 35MB	maybe building test harness
time: 0.000; rss: 35MB	prelude injection
time: 0.000; rss: 35MB	checking that all macro invocations are gone
time: 0.000; rss: 35MB	checking for inline asm in case the target doesn't support it
time: 0.000; rss: 35MB	complete gated feature checking 2
time: 0.000; rss: 35MB	assigning node ids and indexing ast
time: 0.000; rss: 35MB	external crate/lib resolution
time: 0.000; rss: 35MB	language item collection
time: 0.002; rss: 39MB	resolution
time: 0.000; rss: 39MB	lifetime resolution
time: 0.000; rss: 39MB	looking for entry point
time: 0.000; rss: 39MB	looking for plugin registrar
time: 0.000; rss: 39MB	region resolution
time: 0.000; rss: 39MB	loop checking
time: 0.000; rss: 39MB	static item recursion checking
time: 0.000; rss: 39MB	type collecting
time: 0.000; rss: 39MB	variance inference
time: 0.002; rss: 43MB	coherence checking
time: 0.000; rss: 43MB	wf checking (old)
time: 0.000; rss: 43MB	item-types checking
time: 0.012; rss: 50MB	item-bodies checking
time: 0.000; rss: 50MB	drop-impl checking
time: 0.000; rss: 50MB	wf checking (new)
time: 0.000; rss: 50MB	const checking
time: 0.000; rss: 50MB	privacy checking
time: 0.000; rss: 50MB	stability index
time: 0.000; rss: 50MB	intrinsic checking
time: 0.000; rss: 50MB	effect checking
time: 0.000; rss: 50MB	match checking
time: 0.000; rss: 50MB	liveness checking
time: 0.000; rss: 50MB	borrow checking
time: 0.000; rss: 50MB	rvalue checking
time: 0.000; rss: 50MB	reachability checking
time: 0.000; rss: 50MB	death checking
time: 0.000; rss: 50MB	stability checking
time: 0.000; rss: 50MB	unused lib feature checking
time: 0.000; rss: 50MB	lint checking
time: 0.000; rss: 50MB	resolving dependency formats
time: 0.004; rss: 63MB	translation
  time: 0.001; rss: 64MB	llvm function passes
  time: 0.003; rss: 64MB	llvm module passes
  time: 0.003; rss: 69MB	codegen passes
  time: 0.000; rss: 69MB	codegen passes
time: 0.009; rss: 69MB	LLVM passes
time: 0.001; rss: 69MB	linking
rustc: x86_64-unknown-linux-gnu/stage2/lib/rustlib/x86_64-unknown-linux-gnu/lib/liballoc
time: 0.010; rss: 31MB	parsing
time: 0.003; rss: 35MB	configuration 1
time: 0.000; rss: 35MB	recursion limit
time: 0.000; rss: 35MB	gated macro checking
time: 0.000; rss: 35MB	crate injection
time: 0.001; rss: 36MB	macro loading
time: 0.000; rss: 36MB	plugin loading
time: 0.000; rss: 36MB	plugin registration
time: 0.011; rss: 37MB	expansion
time: 0.000; rss: 37MB	complete gated feature checking 1
time: 0.003; rss: 37MB	configuration 2
time: 0.000; rss: 37MB	gated configuration checking
time: 0.001; rss: 37MB	maybe building test harness
time: 0.001; rss: 37MB	prelude injection
time: 0.000; rss: 37MB	checking that all macro invocations are gone
time: 0.000; rss: 37MB	checking for inline asm in case the target doesn't support it
time: 0.000; rss: 37MB	complete gated feature checking 2
time: 0.001; rss: 37MB	assigning node ids and indexing ast
time: 0.000; rss: 37MB	external crate/lib resolution
time: 0.000; rss: 37MB	language item collection
time: 0.007; rss: 51MB	resolution
time: 0.000; rss: 51MB	lifetime resolution
time: 0.000; rss: 51MB	looking for entry point
time: 0.000; rss: 51MB	looking for plugin registrar
time: 0.000; rss: 51MB	region resolution
time: 0.000; rss: 51MB	loop checking
time: 0.000; rss: 51MB	static item recursion checking
time: 0.003; rss: 53MB	type collecting
time: 0.000; rss: 53MB	variance inference
time: 0.043; rss: 68MB	coherence checking
time: 0.005; rss: 68MB	wf checking (old)
time: 0.003; rss: 68MB	item-types checking
time: 0.071; rss: 70MB	item-bodies checking
time: 0.000; rss: 70MB	drop-impl checking
time: 0.008; rss: 70MB	wf checking (new)
time: 0.005; rss: 70MB	const checking
time: 0.001; rss: 70MB	privacy checking
time: 0.000; rss: 70MB	stability index
time: 0.000; rss: 70MB	intrinsic checking
time: 0.000; rss: 70MB	effect checking
time: 0.001; rss: 70MB	match checking
time: 0.000; rss: 70MB	liveness checking
time: 0.008; rss: 70MB	borrow checking
time: 0.004; rss: 70MB	rvalue checking
time: 0.000; rss: 70MB	reachability checking
time: 0.001; rss: 70MB	death checking
time: 0.001; rss: 70MB	stability checking
time: 0.000; rss: 70MB	unused lib feature checking
time: 0.006; rss: 70MB	lint checking
time: 0.000; rss: 70MB	resolving dependency formats
time: 0.047; rss: 86MB	translation
  time: 0.002; rss: 74MB	llvm function passes
  time: 0.007; rss: 74MB	llvm module passes
  time: 0.004; rss: 79MB	codegen passes
  time: 0.000; rss: 79MB	codegen passes
time: 0.016; rss: 79MB	LLVM passes
time: 0.001; rss: 79MB	linking
rustc: x86_64-unknown-linux-gnu/stage2/lib/rustlib/x86_64-unknown-linux-gnu/lib/librustc_unicode
time: 0.033; rss: 41MB	parsing
time: 0.006; rss: 41MB	configuration 1
time: 0.000; rss: 41MB	recursion limit
time: 0.000; rss: 41MB	gated macro checking
time: 0.000; rss: 41MB	crate injection
time: 0.001; rss: 41MB	macro loading
time: 0.000; rss: 41MB	plugin loading
time: 0.000; rss: 41MB	plugin registration
time: 0.051; rss: 44MB	expansion
time: 0.000; rss: 44MB	complete gated feature checking 1
time: 0.006; rss: 44MB	configuration 2
time: 0.000; rss: 44MB	gated configuration checking
time: 0.003; rss: 44MB	maybe building test harness
time: 0.003; rss: 44MB	prelude injection
time: 0.000; rss: 44MB	checking that all macro invocations are gone
time: 0.000; rss: 44MB	checking for inline asm in case the target doesn't support it
time: 0.000; rss: 44MB	complete gated feature checking 2
time: 0.003; rss: 45MB	assigning node ids and indexing ast
time: 0.000; rss: 45MB	external crate/lib resolution
time: 0.000; rss: 45MB	language item collection
time: 0.004; rss: 53MB	resolution
time: 0.000; rss: 53MB	lifetime resolution
time: 0.000; rss: 53MB	looking for entry point
time: 0.000; rss: 53MB	looking for plugin registrar
time: 0.002; rss: 56MB	region resolution
time: 0.000; rss: 56MB	loop checking
time: 0.000; rss: 56MB	static item recursion checking
time: 0.002; rss: 56MB	type collecting
time: 0.000; rss: 58MB	variance inference
time: 0.041; rss: 70MB	coherence checking
time: 0.004; rss: 70MB	wf checking (old)
time: 0.048; rss: 72MB	item-types checking
time: 0.039; rss: 78MB	item-bodies checking
time: 0.000; rss: 78MB	drop-impl checking
time: 0.003; rss: 78MB	wf checking (new)
time: 0.011; rss: 78MB	const checking
time: 0.001; rss: 78MB	privacy checking
time: 0.000; rss: 78MB	stability index
time: 0.000; rss: 78MB	intrinsic checking
time: 0.000; rss: 78MB	effect checking
time: 0.001; rss: 78MB	match checking
time: 0.000; rss: 78MB	liveness checking
time: 0.003; rss: 78MB	borrow checking
time: 0.002; rss: 78MB	rvalue checking
time: 0.000; rss: 78MB	reachability checking
time: 0.001; rss: 78MB	death checking
time: 0.001; rss: 78MB	stability checking
time: 0.000; rss: 78MB	unused lib feature checking
time: 0.008; rss: 78MB	lint checking
time: 0.000; rss: 78MB	resolving dependency formats
time: 0.213; rss: 103MB	translation
  time: 0.016; rss: 79MB	llvm function passes
  time: 0.172; rss: 80MB	llvm module passes
  time: 0.073; rss: 83MB	codegen passes
  time: 0.001; rss: 82MB	codegen passes
time: 0.269; rss: 82MB	LLVM passes
time: 0.007; rss: 82MB	linking
rustc: x86_64-unknown-linux-gnu/stage2/lib/rustlib/x86_64-unknown-linux-gnu/lib/libcollections
time: 0.038; rss: 44MB	parsing
time: 0.014; rss: 44MB	configuration 1
time: 0.000; rss: 44MB	recursion limit
time: 0.001; rss: 44MB	gated macro checking
time: 0.000; rss: 44MB	crate injection
time: 0.001; rss: 44MB	macro loading
time: 0.000; rss: 44MB	plugin loading
time: 0.000; rss: 44MB	plugin registration
time: 0.087; rss: 48MB	expansion
time: 0.002; rss: 48MB	complete gated feature checking 1
time: 0.018; rss: 48MB	configuration 2
time: 0.000; rss: 48MB	gated configuration checking
time: 0.009; rss: 48MB	maybe building test harness
time: 0.008; rss: 48MB	prelude injection
time: 0.001; rss: 48MB	checking that all macro invocations are gone
time: 0.000; rss: 48MB	checking for inline asm in case the target doesn't support it
time: 0.002; rss: 48MB	complete gated feature checking 2
time: 0.009; rss: 49MB	assigning node ids and indexing ast
time: 0.001; rss: 49MB	external crate/lib resolution
time: 0.001; rss: 49MB	language item collection
time: 0.025; rss: 67MB	resolution
time: 0.002; rss: 66MB	lifetime resolution
time: 0.000; rss: 66MB	looking for entry point
time: 0.001; rss: 66MB	looking for plugin registrar
time: 0.004; rss: 67MB	region resolution
time: 0.001; rss: 67MB	loop checking
time: 0.001; rss: 67MB	static item recursion checking
time: 0.014; rss: 71MB	type collecting
time: 0.002; rss: 71MB	variance inference
time: 0.121; rss: 89MB	coherence checking
time: 0.043; rss: 89MB	wf checking (old)
time: 0.037; rss: 94MB	item-types checking
time: 1.172; rss: 115MB	item-bodies checking
time: 0.000; rss: 115MB	drop-impl checking
time: 0.105; rss: 115MB	wf checking (new)
time: 0.054; rss: 119MB	const checking
time: 0.007; rss: 119MB	privacy checking
time: 0.001; rss: 119MB	stability index
time: 0.006; rss: 119MB	intrinsic checking
time: 0.001; rss: 119MB	effect checking
time: 0.014; rss: 119MB	match checking
time: 0.004; rss: 119MB	liveness checking
time: 0.107; rss: 119MB	borrow checking
time: 0.088; rss: 119MB	rvalue checking
time: 0.003; rss: 119MB	reachability checking
time: 0.006; rss: 119MB	death checking
time: 0.008; rss: 119MB	stability checking
time: 0.000; rss: 119MB	unused lib feature checking
time: 0.116; rss: 119MB	lint checking
time: 0.000; rss: 119MB	resolving dependency formats
time: 0.450; rss: 154MB	translation
  time: 0.042; rss: 92MB	llvm function passes
  time: 0.418; rss: 95MB	llvm module passes
  time: 0.154; rss: 99MB	codegen passes
  time: 0.001; rss: 97MB	codegen passes
time: 0.623; rss: 97MB	LLVM passes
time: 0.012; rss: 97MB	linking
rustc: x86_64-unknown-linux-gnu/stage2/lib/rustlib/x86_64-unknown-linux-gnu/lib/liballoc_jemalloc
time: 0.000; rss: 29MB	parsing
time: 0.000; rss: 33MB	configuration 1
time: 0.000; rss: 33MB	recursion limit
time: 0.000; rss: 33MB	gated macro checking
time: 0.000; rss: 33MB	crate injection
time: 0.001; rss: 33MB	macro loading
time: 0.000; rss: 33MB	plugin loading
time: 0.000; rss: 33MB	plugin registration
time: 0.001; rss: 33MB	expansion
time: 0.000; rss: 33MB	complete gated feature checking 1
time: 0.000; rss: 33MB	configuration 2
time: 0.000; rss: 33MB	gated configuration checking
time: 0.000; rss: 33MB	maybe building test harness
time: 0.000; rss: 33MB	prelude injection
time: 0.000; rss: 33MB	checking that all macro invocations are gone
time: 0.000; rss: 33MB	checking for inline asm in case the target doesn't support it
time: 0.000; rss: 33MB	complete gated feature checking 2
time: 0.000; rss: 33MB	assigning node ids and indexing ast
time: 0.000; rss: 33MB	external crate/lib resolution
time: 0.000; rss: 33MB	language item collection
time: 0.002; rss: 37MB	resolution
time: 0.000; rss: 37MB	lifetime resolution
time: 0.000; rss: 37MB	looking for entry point
time: 0.000; rss: 37MB	looking for plugin registrar
time: 0.000; rss: 37MB	region resolution
time: 0.000; rss: 37MB	loop checking
time: 0.000; rss: 37MB	static item recursion checking
time: 0.000; rss: 37MB	type collecting
time: 0.000; rss: 37MB	variance inference
time: 0.002; rss: 42MB	coherence checking
time: 0.000; rss: 42MB	wf checking (old)
time: 0.000; rss: 42MB	item-types checking
time: 0.010; rss: 48MB	item-bodies checking
time: 0.000; rss: 48MB	drop-impl checking
time: 0.000; rss: 48MB	wf checking (new)
time: 0.000; rss: 48MB	const checking
time: 0.000; rss: 48MB	privacy checking
time: 0.000; rss: 48MB	stability index
time: 0.000; rss: 48MB	intrinsic checking
time: 0.000; rss: 48MB	effect checking
time: 0.000; rss: 48MB	match checking
time: 0.000; rss: 48MB	liveness checking
time: 0.000; rss: 48MB	borrow checking
time: 0.000; rss: 48MB	rvalue checking
time: 0.000; rss: 48MB	reachability checking
time: 0.000; rss: 48MB	death checking
time: 0.000; rss: 48MB	stability checking
time: 0.000; rss: 48MB	unused lib feature checking
time: 0.000; rss: 48MB	lint checking
time: 0.000; rss: 48MB	resolving dependency formats
time: 0.004; rss: 63MB	translation
  time: 0.001; rss: 63MB	llvm function passes
  time: 0.002; rss: 63MB	llvm module passes
  time: 0.003; rss: 68MB	codegen passes
  time: 0.000; rss: 68MB	codegen passes
time: 0.008; rss: 68MB	LLVM passes
time: 0.002; rss: 69MB	linking
rustc: x86_64-unknown-linux-gnu/stage2/lib/rustlib/x86_64-unknown-linux-gnu/lib/libstd
time: 0.151; rss: 75MB	parsing
time: 0.049; rss: 72MB	configuration 1
time: 0.000; rss: 72MB	recursion limit
time: 0.003; rss: 72MB	gated macro checking
time: 0.000; rss: 72MB	crate injection
time: 0.004; rss: 74MB	macro loading
time: 0.000; rss: 74MB	plugin loading
time: 0.000; rss: 74MB	plugin registration
time: 0.233; rss: 70MB	expansion
time: 0.008; rss: 70MB	complete gated feature checking 1
time: 0.047; rss: 70MB	configuration 2
time: 0.000; rss: 70MB	gated configuration checking
time: 0.024; rss: 70MB	maybe building test harness
time: 0.022; rss: 70MB	prelude injection
time: 0.003; rss: 70MB	checking that all macro invocations are gone
time: 0.000; rss: 70MB	checking for inline asm in case the target doesn't support it
time: 0.008; rss: 70MB	complete gated feature checking 2
time: 0.027; rss: 73MB	assigning node ids and indexing ast
time: 0.004; rss: 73MB	external crate/lib resolution
time: 0.006; rss: 73MB	language item collection
time: 0.068; rss: 107MB	resolution
time: 0.006; rss: 105MB	lifetime resolution
time: 0.000; rss: 105MB	looking for entry point
time: 0.003; rss: 105MB	looking for plugin registrar
time: 0.014; rss: 109MB	region resolution
time: 0.003; rss: 109MB	loop checking
time: 0.003; rss: 109MB	static item recursion checking
time: 0.028; rss: 114MB	type collecting
time: 0.007; rss: 114MB	variance inference
time: 0.120; rss: 138MB	coherence checking
time: 0.040; rss: 140MB	wf checking (old)
time: 0.070; rss: 140MB	item-types checking
time: 1.149; rss: 177MB	item-bodies checking
time: 0.000; rss: 177MB	drop-impl checking
time: 0.110; rss: 177MB	wf checking (new)
time: 0.109; rss: 177MB	const checking
time: 0.028; rss: 177MB	privacy checking
time: 0.002; rss: 177MB	stability index
time: 0.010; rss: 177MB	intrinsic checking
time: 0.005; rss: 177MB	effect checking
time: 0.024; rss: 177MB	match checking
time: 0.013; rss: 177MB	liveness checking
time: 0.194; rss: 177MB	borrow checking
time: 0.135; rss: 177MB	rvalue checking
time: 0.009; rss: 177MB	reachability checking
time: 0.020; rss: 177MB	death checking
time: 0.021; rss: 177MB	stability checking
time: 0.000; rss: 177MB	unused lib feature checking
time: 0.096; rss: 177MB	lint checking
time: 0.000; rss: 177MB	resolving dependency formats
time: 1.304; rss: 265MB	translation
  time: 0.345; rss: 161MB	llvm function passes
  time: 4.104; rss: 167MB	llvm module passes
  time: 1.744; rss: 171MB	codegen passes
  time: 0.002; rss: 161MB	codegen passes
time: 6.311; rss: 161MB	LLVM passes
  time: 0.001; rss: 161MB	altering collections-a5fc0d6c.rlib
  time: 0.000; rss: 161MB	altering alloc-a5fc0d6c.rlib
  time: 0.000; rss: 161MB	altering rustc_unicode-a5fc0d6c.rlib
  time: 0.001; rss: 161MB	altering alloc_jemalloc-a5fc0d6c.rlib
  time: 0.000; rss: 161MB	altering libc-a5fc0d6c.rlib
  time: 0.000; rss: 161MB	altering rand-a5fc0d6c.rlib
  time: 0.001; rss: 161MB	altering core-a5fc0d6c.rlib
  time: 0.157; rss: 163MB	running linker
time: 0.235; rss: 163MB	linking
rustc: x86_64-unknown-linux-gnu/stage2/lib/rustlib/x86_64-unknown-linux-gnu/lib/libflate
time: 0.001; rss: 29MB	parsing
time: 0.000; rss: 33MB	configuration 1
time: 0.000; rss: 33MB	recursion limit
time: 0.000; rss: 33MB	gated macro checking
time: 0.000; rss: 33MB	crate injection
time: 0.002; rss: 35MB	macro loading
time: 0.000; rss: 35MB	plugin loading
time: 0.000; rss: 35MB	plugin registration
time: 0.002; rss: 36MB	expansion
time: 0.000; rss: 36MB	complete gated feature checking 1
time: 0.000; rss: 36MB	configuration 2
time: 0.000; rss: 36MB	gated configuration checking
time: 0.000; rss: 36MB	maybe building test harness
time: 0.000; rss: 36MB	prelude injection
time: 0.000; rss: 36MB	checking that all macro invocations are gone
time: 0.000; rss: 36MB	checking for inline asm in case the target doesn't support it
time: 0.000; rss: 36MB	complete gated feature checking 2
time: 0.000; rss: 36MB	assigning node ids and indexing ast
time: 0.001; rss: 38MB	external crate/lib resolution
time: 0.000; rss: 38MB	language item collection
time: 0.004; rss: 46MB	resolution
time: 0.000; rss: 46MB	lifetime resolution
time: 0.000; rss: 46MB	looking for entry point
time: 0.000; rss: 46MB	looking for plugin registrar
time: 0.000; rss: 46MB	region resolution
time: 0.000; rss: 46MB	loop checking
time: 0.000; rss: 46MB	static item recursion checking
time: 0.001; rss: 46MB	type collecting
time: 0.000; rss: 46MB	variance inference
time: 0.030; rss: 75MB	coherence checking
time: 0.001; rss: 75MB	wf checking (old)
time: 0.001; rss: 75MB	item-types checking
time: 0.016; rss: 81MB	item-bodies checking
time: 0.000; rss: 81MB	drop-impl checking
time: 0.001; rss: 81MB	wf checking (new)
time: 0.000; rss: 81MB	const checking
time: 0.000; rss: 81MB	privacy checking
time: 0.000; rss: 81MB	stability index
time: 0.000; rss: 81MB	intrinsic checking
time: 0.000; rss: 81MB	effect checking
time: 0.000; rss: 81MB	match checking
time: 0.000; rss: 81MB	liveness checking
time: 0.001; rss: 81MB	borrow checking
time: 0.000; rss: 81MB	rvalue checking
time: 0.000; rss: 81MB	reachability checking
time: 0.000; rss: 81MB	death checking
time: 0.000; rss: 81MB	stability checking
time: 0.000; rss: 81MB	unused lib feature checking
time: 0.001; rss: 81MB	lint checking
time: 0.001; rss: 81MB	resolving dependency formats
time: 0.017; rss: 93MB	translation
  time: 0.003; rss: 87MB	llvm function passes
  time: 0.007; rss: 87MB	llvm module passes
  time: 0.006; rss: 92MB	codegen passes
  time: 0.000; rss: 92MB	codegen passes
time: 0.018; rss: 92MB	LLVM passes
  time: 0.019; rss: 96MB	running linker
time: 0.020; rss: 96MB	linking
rustc: x86_64-unknown-linux-gnu/stage2/lib/rustlib/x86_64-unknown-linux-gnu/lib/libarena
time: 0.002; rss: 29MB	parsing
time: 0.001; rss: 33MB	configuration 1
time: 0.000; rss: 33MB	recursion limit
time: 0.000; rss: 33MB	gated macro checking
time: 0.000; rss: 33MB	crate injection
time: 0.002; rss: 37MB	macro loading
time: 0.000; rss: 37MB	plugin loading
time: 0.000; rss: 37MB	plugin registration
time: 0.003; rss: 38MB	expansion
time: 0.000; rss: 38MB	complete gated feature checking 1
time: 0.001; rss: 38MB	configuration 2
time: 0.000; rss: 38MB	gated configuration checking
time: 0.000; rss: 38MB	maybe building test harness
time: 0.000; rss: 38MB	prelude injection
time: 0.000; rss: 38MB	checking that all macro invocations are gone
time: 0.000; rss: 38MB	checking for inline asm in case the target doesn't support it
time: 0.000; rss: 38MB	complete gated feature checking 2
time: 0.000; rss: 38MB	assigning node ids and indexing ast
time: 0.001; rss: 38MB	external crate/lib resolution
time: 0.000; rss: 38MB	language item collection
time: 0.003; rss: 45MB	resolution
time: 0.000; rss: 45MB	lifetime resolution
time: 0.000; rss: 45MB	looking for entry point
time: 0.000; rss: 45MB	looking for plugin registrar
time: 0.000; rss: 45MB	region resolution
time: 0.000; rss: 45MB	loop checking
time: 0.000; rss: 45MB	static item recursion checking
time: 0.001; rss: 48MB	type collecting
time: 0.000; rss: 48MB	variance inference
time: 0.020; rss: 68MB	coherence checking
time: 0.001; rss: 68MB	wf checking (old)
time: 0.000; rss: 68MB	item-types checking
time: 0.083; rss: 91MB	item-bodies checking
time: 0.000; rss: 91MB	drop-impl checking
time: 0.001; rss: 91MB	wf checking (new)
time: 0.002; rss: 91MB	const checking
time: 0.000; rss: 91MB	privacy checking
time: 0.000; rss: 91MB	stability index
time: 0.000; rss: 91MB	intrinsic checking
time: 0.000; rss: 91MB	effect checking
time: 0.000; rss: 91MB	match checking
time: 0.000; rss: 91MB	liveness checking
time: 0.002; rss: 91MB	borrow checking
time: 0.001; rss: 91MB	rvalue checking
time: 0.000; rss: 91MB	reachability checking
time: 0.000; rss: 91MB	death checking
time: 0.000; rss: 91MB	stability checking
time: 0.000; rss: 91MB	unused lib feature checking
time: 0.004; rss: 91MB	lint checking
time: 0.001; rss: 91MB	resolving dependency formats
time: 0.049; rss: 107MB	translation
  time: 0.011; rss: 89MB	llvm function passes
  time: 0.074; rss: 91MB	llvm module passes
  time: 0.028; rss: 95MB	codegen passes
  time: 0.000; rss: 94MB	codegen passes
time: 0.115; rss: 94MB	LLVM passes
  time: 0.015; rss: 98MB	running linker
time: 0.017; rss: 98MB	linking
rustc: x86_64-unknown-linux-gnu/stage2/lib/rustlib/x86_64-unknown-linux-gnu/lib/liblog
time: 0.002; rss: 30MB	parsing
time: 0.001; rss: 34MB	configuration 1
time: 0.000; rss: 34MB	recursion limit
time: 0.000; rss: 34MB	gated macro checking
time: 0.000; rss: 34MB	crate injection
time: 0.002; rss: 35MB	macro loading
time: 0.000; rss: 35MB	plugin loading
time: 0.000; rss: 35MB	plugin registration
time: 0.005; rss: 37MB	expansion
time: 0.000; rss: 37MB	complete gated feature checking 1
time: 0.001; rss: 37MB	configuration 2
time: 0.000; rss: 37MB	gated configuration checking
time: 0.000; rss: 37MB	maybe building test harness
time: 0.000; rss: 37MB	prelude injection
time: 0.000; rss: 37MB	checking that all macro invocations are gone
time: 0.000; rss: 37MB	checking for inline asm in case the target doesn't support it
time: 0.000; rss: 37MB	complete gated feature checking 2
time: 0.000; rss: 37MB	assigning node ids and indexing ast
time: 0.001; rss: 37MB	external crate/lib resolution
time: 0.000; rss: 37MB	language item collection
time: 0.004; rss: 47MB	resolution
time: 0.000; rss: 47MB	lifetime resolution
time: 0.000; rss: 47MB	looking for entry point
time: 0.000; rss: 47MB	looking for plugin registrar
time: 0.000; rss: 47MB	region resolution
time: 0.000; rss: 47MB	loop checking
time: 0.000; rss: 47MB	static item recursion checking
time: 0.002; rss: 52MB	type collecting
time: 0.000; rss: 52MB	variance inference
time: 0.026; rss: 73MB	coherence checking
time: 0.001; rss: 73MB	wf checking (old)
time: 0.002; rss: 73MB	item-types checking
time: 0.095; rss: 92MB	item-bodies checking
time: 0.000; rss: 92MB	drop-impl checking
time: 0.001; rss: 92MB	wf checking (new)
time: 0.005; rss: 92MB	const checking
time: 0.000; rss: 92MB	privacy checking
time: 0.000; rss: 92MB	stability index
time: 0.000; rss: 92MB	intrinsic checking
time: 0.000; rss: 92MB	effect checking
time: 0.000; rss: 92MB	match checking
time: 0.000; rss: 92MB	liveness checking
time: 0.002; rss: 92MB	borrow checking
time: 0.001; rss: 92MB	rvalue checking
time: 0.000; rss: 92MB	reachability checking
time: 0.000; rss: 92MB	death checking
time: 0.001; rss: 92MB	stability checking
time: 0.000; rss: 92MB	unused lib feature checking
time: 0.002; rss: 92MB	lint checking
time: 0.001; rss: 92MB	resolving dependency formats
time: 0.112; rss: 117MB	translation
  time: 0.032; rss: 92MB	llvm function passes
  time: 0.428; rss: 96MB	llvm module passes
  time: 0.096; rss: 99MB	codegen passes
  time: 0.000; rss: 98MB	codegen passes
time: 0.562; rss: 98MB	LLVM passes
  time: 0.019; rss: 103MB	running linker
time: 0.023; rss: 103MB	linking
rustc: x86_64-unknown-linux-gnu/stage2/lib/rustlib/x86_64-unknown-linux-gnu/lib/libterm
time: 0.008; rss: 35MB	parsing
time: 0.002; rss: 35MB	configuration 1
time: 0.000; rss: 35MB	recursion limit
time: 0.000; rss: 35MB	gated macro checking
time: 0.000; rss: 35MB	crate injection
time: 0.003; rss: 38MB	macro loading
time: 0.000; rss: 38MB	plugin loading
time: 0.000; rss: 38MB	plugin registration
time: 0.020; rss: 40MB	expansion
time: 0.000; rss: 40MB	complete gated feature checking 1
time: 0.003; rss: 40MB	configuration 2
time: 0.000; rss: 40MB	gated configuration checking
time: 0.001; rss: 40MB	maybe building test harness
time: 0.001; rss: 40MB	prelude injection
time: 0.000; rss: 40MB	checking that all macro invocations are gone
time: 0.000; rss: 40MB	checking for inline asm in case the target doesn't support it
time: 0.000; rss: 40MB	complete gated feature checking 2
time: 0.002; rss: 40MB	assigning node ids and indexing ast
time: 0.002; rss: 40MB	external crate/lib resolution
time: 0.000; rss: 40MB	language item collection
time: 0.007; rss: 54MB	resolution
time: 0.000; rss: 54MB	lifetime resolution
time: 0.000; rss: 54MB	looking for entry point
time: 0.000; rss: 54MB	looking for plugin registrar
time: 0.001; rss: 54MB	region resolution
time: 0.000; rss: 54MB	loop checking
time: 0.000; rss: 54MB	static item recursion checking
time: 0.002; rss: 54MB	type collecting
time: 0.000; rss: 54MB	variance inference
time: 0.023; rss: 75MB	coherence checking
time: 0.002; rss: 75MB	wf checking (old)
time: 0.016; rss: 79MB	item-types checking
time: 0.191; rss: 101MB	item-bodies checking
time: 0.000; rss: 101MB	drop-impl checking
time: 0.003; rss: 101MB	wf checking (new)
time: 0.007; rss: 101MB	const checking
time: 0.001; rss: 101MB	privacy checking
time: 0.000; rss: 101MB	stability index
time: 0.000; rss: 101MB	intrinsic checking
time: 0.000; rss: 101MB	effect checking
time: 0.001; rss: 105MB	match checking
time: 0.001; rss: 105MB	liveness checking
time: 0.012; rss: 105MB	borrow checking
time: 0.004; rss: 105MB	rvalue checking
time: 0.000; rss: 105MB	reachability checking
time: 0.001; rss: 105MB	death checking
time: 0.002; rss: 105MB	stability checking
time: 0.000; rss: 105MB	unused lib feature checking
time: 0.006; rss: 105MB	lint checking
time: 0.001; rss: 105MB	resolving dependency formats
time: 0.260; rss: 141MB	translation
  time: 0.083; rss: 105MB	llvm function passes
  time: 1.284; rss: 110MB	llvm module passes
  time: 0.486; rss: 117MB	codegen passes
  time: 0.001; rss: 116MB	codegen passes
time: 1.880; rss: 116MB	LLVM passes
  time: 0.026; rss: 118MB	running linker
time: 0.043; rss: 118MB	linking
rustc: x86_64-unknown-linux-gnu/stage2/lib/rustlib/x86_64-unknown-linux-gnu/lib/libserialize
time: 0.018; rss: 39MB	parsing
time: 0.006; rss: 38MB	configuration 1
time: 0.000; rss: 38MB	recursion limit
time: 0.000; rss: 38MB	gated macro checking
time: 0.000; rss: 38MB	crate injection
time: 0.003; rss: 41MB	macro loading
time: 0.000; rss: 41MB	plugin loading
time: 0.000; rss: 41MB	plugin registration
time: 0.075; rss: 45MB	expansion
time: 0.002; rss: 45MB	complete gated feature checking 1
time: 0.013; rss: 45MB	configuration 2
time: 0.000; rss: 45MB	gated configuration checking
time: 0.007; rss: 45MB	maybe building test harness
time: 0.006; rss: 45MB	prelude injection
time: 0.000; rss: 45MB	checking that all macro invocations are gone
time: 0.000; rss: 45MB	checking for inline asm in case the target doesn't support it
time: 0.001; rss: 45MB	complete gated feature checking 2
time: 0.007; rss: 48MB	assigning node ids and indexing ast
time: 0.002; rss: 48MB	external crate/lib resolution
time: 0.001; rss: 48MB	language item collection
time: 0.024; rss: 68MB	resolution
time: 0.001; rss: 69MB	lifetime resolution
time: 0.000; rss: 69MB	looking for entry point
time: 0.001; rss: 69MB	looking for plugin registrar
time: 0.004; rss: 71MB	region resolution
time: 0.001; rss: 71MB	loop checking
time: 0.001; rss: 71MB	static item recursion checking
time: 0.009; rss: 73MB	type collecting
time: 0.001; rss: 73MB	variance inference
time: 0.084; rss: 105MB	coherence checking
time: 0.015; rss: 105MB	wf checking (old)
time: 0.020; rss: 105MB	item-types checking
time: 0.870; rss: 128MB	item-bodies checking
time: 0.000; rss: 128MB	drop-impl checking
time: 0.054; rss: 129MB	wf checking (new)
time: 0.121; rss: 129MB	const checking
time: 0.006; rss: 129MB	privacy checking
time: 0.000; rss: 129MB	stability index
time: 0.003; rss: 129MB	intrinsic checking
time: 0.001; rss: 129MB	effect checking
time: 0.013; rss: 129MB	match checking
time: 0.004; rss: 129MB	liveness checking
time: 0.237; rss: 129MB	borrow checking
time: 0.164; rss: 129MB	rvalue checking
time: 0.002; rss: 129MB	reachability checking
time: 0.006; rss: 129MB	death checking
time: 0.007; rss: 129MB	stability checking
time: 0.000; rss: 129MB	unused lib feature checking
time: 0.029; rss: 129MB	lint checking
time: 0.001; rss: 129MB	resolving dependency formats
time: 0.494; rss: 169MB	translation
  time: 0.106; rss: 114MB	llvm function passes
  time: 2.679; rss: 118MB	llvm module passes
  time: 0.554; rss: 123MB	codegen passes
  time: 0.001; rss: 122MB	codegen passes
time: 3.372; rss: 122MB	LLVM passes
  time: 0.031; rss: 124MB	running linker
time: 0.054; rss: 123MB	linking
rustc: x86_64-unknown-linux-gnu/stage2/lib/rustlib/x86_64-unknown-linux-gnu/lib/libgetopts
time: 0.005; rss: 35MB	parsing
time: 0.001; rss: 35MB	configuration 1
time: 0.000; rss: 35MB	recursion limit
time: 0.000; rss: 35MB	gated macro checking
time: 0.000; rss: 35MB	crate injection
time: 0.002; rss: 37MB	macro loading
time: 0.000; rss: 37MB	plugin loading
time: 0.000; rss: 37MB	plugin registration
time: 0.012; rss: 38MB	expansion
time: 0.000; rss: 38MB	complete gated feature checking 1
time: 0.002; rss: 38MB	configuration 2
time: 0.000; rss: 38MB	gated configuration checking
time: 0.001; rss: 38MB	maybe building test harness
time: 0.001; rss: 38MB	prelude injection
time: 0.000; rss: 38MB	checking that all macro invocations are gone
time: 0.000; rss: 38MB	checking for inline asm in case the target doesn't support it
time: 0.000; rss: 38MB	complete gated feature checking 2
time: 0.001; rss: 39MB	assigning node ids and indexing ast
time: 0.001; rss: 39MB	external crate/lib resolution
time: 0.000; rss: 39MB	language item collection
time: 0.005; rss: 48MB	resolution
time: 0.000; rss: 48MB	lifetime resolution
time: 0.000; rss: 48MB	looking for entry point
time: 0.000; rss: 48MB	looking for plugin registrar
time: 0.001; rss: 48MB	region resolution
time: 0.000; rss: 48MB	loop checking
time: 0.000; rss: 49MB	static item recursion checking
time: 0.001; rss: 49MB	type collecting
time: 0.000; rss: 49MB	variance inference
time: 0.024; rss: 72MB	coherence checking
time: 0.002; rss: 72MB	wf checking (old)
time: 0.002; rss: 72MB	item-types checking
time: 0.138; rss: 92MB	item-bodies checking
time: 0.000; rss: 92MB	drop-impl checking
time: 0.003; rss: 92MB	wf checking (new)
time: 0.004; rss: 92MB	const checking
time: 0.001; rss: 92MB	privacy checking
time: 0.000; rss: 92MB	stability index
time: 0.000; rss: 92MB	intrinsic checking
time: 0.000; rss: 92MB	effect checking
time: 0.001; rss: 92MB	match checking
time: 0.001; rss: 92MB	liveness checking
time: 0.007; rss: 92MB	borrow checking
time: 0.003; rss: 92MB	rvalue checking
time: 0.000; rss: 92MB	reachability checking
time: 0.001; rss: 96MB	death checking
time: 0.001; rss: 96MB	stability checking
time: 0.000; rss: 96MB	unused lib feature checking
time: 0.005; rss: 96MB	lint checking
time: 0.001; rss: 96MB	resolving dependency formats
time: 0.194; rss: 124MB	translation
  time: 0.058; rss: 99MB	llvm function passes
  time: 0.962; rss: 102MB	llvm module passes
  time: 0.382; rss: 109MB	codegen passes
  time: 0.001; rss: 108MB	codegen passes
time: 1.421; rss: 108MB	LLVM passes
  time: 0.027; rss: 115MB	running linker
time: 0.040; rss: 112MB	linking
rustc: x86_64-unknown-linux-gnu/stage2/lib/rustlib/x86_64-unknown-linux-gnu/lib/librbml
time: 0.006; rss: 34MB	parsing
time: 0.002; rss: 35MB	configuration 1
time: 0.000; rss: 35MB	recursion limit
time: 0.000; rss: 35MB	gated macro checking
time: 0.000; rss: 35MB	crate injection
time: 0.003; rss: 36MB	macro loading
time: 0.000; rss: 36MB	plugin loading
time: 0.000; rss: 36MB	plugin registration
time: 0.021; rss: 40MB	expansion
time: 0.000; rss: 40MB	complete gated feature checking 1
time: 0.003; rss: 40MB	configuration 2
time: 0.000; rss: 40MB	gated configuration checking
time: 0.002; rss: 40MB	maybe building test harness
time: 0.002; rss: 40MB	prelude injection
time: 0.000; rss: 40MB	checking that all macro invocations are gone
time: 0.000; rss: 40MB	checking for inline asm in case the target doesn't support it
time: 0.000; rss: 40MB	complete gated feature checking 2
time: 0.002; rss: 40MB	assigning node ids and indexing ast
time: 0.002; rss: 40MB	external crate/lib resolution
time: 0.000; rss: 40MB	language item collection
time: 0.006; rss: 51MB	resolution
time: 0.000; rss: 51MB	lifetime resolution
time: 0.000; rss: 51MB	looking for entry point
time: 0.000; rss: 51MB	looking for plugin registrar
time: 0.001; rss: 52MB	region resolution
time: 0.000; rss: 52MB	loop checking
time: 0.000; rss: 52MB	static item recursion checking
time: 0.002; rss: 54MB	type collecting
time: 0.000; rss: 54MB	variance inference
time: 0.068; rss: 88MB	coherence checking
time: 0.003; rss: 89MB	wf checking (old)
time: 0.011; rss: 89MB	item-types checking
time: 0.168; rss: 103MB	item-bodies checking
time: 0.000; rss: 103MB	drop-impl checking
time: 0.008; rss: 103MB	wf checking (new)
time: 0.016; rss: 103MB	const checking
time: 0.001; rss: 103MB	privacy checking
time: 0.000; rss: 103MB	stability index
time: 0.001; rss: 103MB	intrinsic checking
time: 0.000; rss: 103MB	effect checking
time: 0.002; rss: 103MB	match checking
time: 0.001; rss: 103MB	liveness checking
time: 0.022; rss: 103MB	borrow checking
time: 0.014; rss: 103MB	rvalue checking
time: 0.000; rss: 103MB	reachability checking
time: 0.001; rss: 103MB	death checking
time: 0.002; rss: 103MB	stability checking
time: 0.000; rss: 103MB	unused lib feature checking
time: 0.007; rss: 103MB	lint checking
time: 0.001; rss: 103MB	resolving dependency formats
time: 0.107; rss: 123MB	translation
  time: 0.025; rss: 97MB	llvm function passes
  time: 0.217; rss: 100MB	llvm module passes
  time: 0.113; rss: 103MB	codegen passes
  time: 0.000; rss: 102MB	codegen passes
time: 0.363; rss: 102MB	LLVM passes
  time: 0.029; rss: 106MB	running linker
time: 0.035; rss: 106MB	linking
rustc: x86_64-unknown-linux-gnu/stage2/lib/rustlib/x86_64-unknown-linux-gnu/lib/libtest
time: 0.007; rss: 35MB	parsing
time: 0.002; rss: 35MB	configuration 1
time: 0.000; rss: 35MB	recursion limit
time: 0.000; rss: 35MB	gated macro checking
time: 0.000; rss: 35MB	crate injection
time: 0.002; rss: 37MB	macro loading
time: 0.000; rss: 37MB	plugin loading
time: 0.000; rss: 37MB	plugin registration
time: 0.017; rss: 39MB	expansion
time: 0.000; rss: 39MB	complete gated feature checking 1
time: 0.003; rss: 39MB	configuration 2
time: 0.000; rss: 39MB	gated configuration checking
time: 0.002; rss: 39MB	maybe building test harness
time: 0.001; rss: 39MB	prelude injection
time: 0.000; rss: 39MB	checking that all macro invocations are gone
time: 0.000; rss: 39MB	checking for inline asm in case the target doesn't support it
time: 0.000; rss: 39MB	complete gated feature checking 2
time: 0.002; rss: 39MB	assigning node ids and indexing ast
time: 0.002; rss: 40MB	external crate/lib resolution
time: 0.000; rss: 40MB	language item collection
time: 0.010; rss: 55MB	resolution
time: 0.000; rss: 55MB	lifetime resolution
time: 0.000; rss: 55MB	looking for entry point
time: 0.000; rss: 55MB	looking for plugin registrar
time: 0.001; rss: 55MB	region resolution
time: 0.000; rss: 55MB	loop checking
time: 0.000; rss: 55MB	static item recursion checking
time: 0.004; rss: 58MB	type collecting
time: 0.000; rss: 58MB	variance inference
time: 0.028; rss: 79MB	coherence checking
time: 0.002; rss: 79MB	wf checking (old)
time: 0.004; rss: 81MB	item-types checking
time: 0.244; rss: 106MB	item-bodies checking
time: 0.000; rss: 106MB	drop-impl checking
time: 0.006; rss: 106MB	wf checking (new)
time: 0.009; rss: 107MB	const checking
time: 0.001; rss: 107MB	privacy checking
time: 0.000; rss: 107MB	stability index
time: 0.000; rss: 107MB	intrinsic checking
time: 0.000; rss: 107MB	effect checking
time: 0.002; rss: 107MB	match checking
time: 0.001; rss: 107MB	liveness checking
time: 0.013; rss: 107MB	borrow checking
time: 0.007; rss: 107MB	rvalue checking
time: 0.000; rss: 107MB	reachability checking
time: 0.001; rss: 107MB	death checking
time: 0.002; rss: 107MB	stability checking
time: 0.000; rss: 107MB	unused lib feature checking
time: 0.008; rss: 107MB	lint checking
time: 0.001; rss: 107MB	resolving dependency formats
time: 0.486; rss: 152MB	translation
  time: 0.138; rss: 114MB	llvm function passes
  time: 2.666; rss: 118MB	llvm module passes
  time: 0.819; rss: 124MB	codegen passes
  time: 0.001; rss: 124MB	codegen passes
time: 3.673; rss: 124MB	LLVM passes
  time: 0.031; rss: 128MB	running linker
time: 0.061; rss: 126MB	linking
rustc: x86_64-unknown-linux-gnu/stage2/lib/rustlib/x86_64-unknown-linux-gnu/lib/libgraphviz
time: 0.003; rss: 29MB	parsing
time: 0.001; rss: 33MB	configuration 1
time: 0.000; rss: 33MB	recursion limit
time: 0.000; rss: 33MB	gated macro checking
time: 0.000; rss: 33MB	crate injection
time: 0.002; rss: 36MB	macro loading
time: 0.000; rss: 36MB	plugin loading
time: 0.000; rss: 36MB	plugin registration
time: 0.004; rss: 37MB	expansion
time: 0.000; rss: 37MB	complete gated feature checking 1
time: 0.001; rss: 37MB	configuration 2
time: 0.000; rss: 37MB	gated configuration checking
time: 0.000; rss: 37MB	maybe building test harness
time: 0.000; rss: 37MB	prelude injection
time: 0.000; rss: 37MB	checking that all macro invocations are gone
time: 0.000; rss: 37MB	checking for inline asm in case the target doesn't support it
time: 0.000; rss: 37MB	complete gated feature checking 2
time: 0.000; rss: 37MB	assigning node ids and indexing ast
time: 0.001; rss: 37MB	external crate/lib resolution
time: 0.000; rss: 37MB	language item collection
time: 0.004; rss: 49MB	resolution
time: 0.000; rss: 49MB	lifetime resolution
time: 0.000; rss: 49MB	looking for entry point
time: 0.000; rss: 49MB	looking for plugin registrar
time: 0.000; rss: 49MB	region resolution
time: 0.000; rss: 49MB	loop checking
time: 0.000; rss: 49MB	static item recursion checking
time: 0.001; rss: 52MB	type collecting
time: 0.000; rss: 52MB	variance inference
time: 0.024; rss: 69MB	coherence checking
time: 0.001; rss: 69MB	wf checking (old)
time: 0.001; rss: 69MB	item-types checking
time: 0.114; rss: 91MB	item-bodies checking
time: 0.000; rss: 91MB	drop-impl checking
time: 0.002; rss: 91MB	wf checking (new)
time: 0.002; rss: 91MB	const checking
time: 0.000; rss: 91MB	privacy checking
time: 0.000; rss: 91MB	stability index
time: 0.000; rss: 91MB	intrinsic checking
time: 0.000; rss: 91MB	effect checking
time: 0.001; rss: 91MB	match checking
time: 0.000; rss: 91MB	liveness checking
time: 0.003; rss: 91MB	borrow checking
time: 0.002; rss: 91MB	rvalue checking
time: 0.000; rss: 91MB	reachability checking
time: 0.000; rss: 91MB	death checking
time: 0.000; rss: 91MB	stability checking
time: 0.000; rss: 91MB	unused lib feature checking
time: 0.002; rss: 91MB	lint checking
time: 0.001; rss: 91MB	resolving dependency formats
time: 0.058; rss: 108MB	translation
  time: 0.012; rss: 90MB	llvm function passes
  time: 0.083; rss: 90MB	llvm module passes
  time: 0.025; rss: 95MB	codegen passes
  time: 0.000; rss: 94MB	codegen passes
time: 0.123; rss: 94MB	LLVM passes
  time: 0.027; rss: 96MB	running linker
time: 0.029; rss: 96MB	linking
rustc: x86_64-unknown-linux-gnu/stage2/lib/rustlib/x86_64-unknown-linux-gnu/lib/librustc_bitflags
time: 0.001; rss: 30MB	parsing
time: 0.000; rss: 34MB	configuration 1
time: 0.000; rss: 34MB	recursion limit
time: 0.000; rss: 34MB	gated macro checking
time: 0.000; rss: 34MB	crate injection
time: 0.001; rss: 34MB	macro loading
time: 0.000; rss: 34MB	plugin loading
time: 0.000; rss: 34MB	plugin registration
time: 0.001; rss: 35MB	expansion
time: 0.000; rss: 35MB	complete gated feature checking 1
time: 0.000; rss: 35MB	configuration 2
time: 0.000; rss: 35MB	gated configuration checking
time: 0.000; rss: 35MB	maybe building test harness
time: 0.000; rss: 35MB	prelude injection
time: 0.000; rss: 35MB	checking that all macro invocations are gone
time: 0.000; rss: 35MB	checking for inline asm in case the target doesn't support it
time: 0.000; rss: 35MB	complete gated feature checking 2
time: 0.000; rss: 35MB	assigning node ids and indexing ast
time: 0.000; rss: 35MB	external crate/lib resolution
time: 0.000; rss: 35MB	language item collection
time: 0.001; rss: 35MB	resolution
time: 0.000; rss: 35MB	lifetime resolution
time: 0.000; rss: 35MB	looking for entry point
time: 0.000; rss: 35MB	looking for plugin registrar
time: 0.000; rss: 35MB	region resolution
time: 0.000; rss: 35MB	loop checking
time: 0.000; rss: 35MB	static item recursion checking
time: 0.000; rss: 39MB	type collecting
time: 0.000; rss: 39MB	variance inference
time: 0.002; rss: 39MB	coherence checking
time: 0.000; rss: 39MB	wf checking (old)
time: 0.000; rss: 39MB	item-types checking
time: 0.000; rss: 39MB	item-bodies checking
time: 0.000; rss: 39MB	drop-impl checking
time: 0.000; rss: 39MB	wf checking (new)
time: 0.000; rss: 39MB	const checking
time: 0.000; rss: 39MB	privacy checking
time: 0.000; rss: 39MB	stability index
time: 0.000; rss: 39MB	intrinsic checking
time: 0.000; rss: 39MB	effect checking
time: 0.000; rss: 39MB	match checking
time: 0.000; rss: 39MB	liveness checking
time: 0.000; rss: 39MB	borrow checking
time: 0.000; rss: 39MB	rvalue checking
time: 0.000; rss: 39MB	reachability checking
time: 0.000; rss: 39MB	death checking
time: 0.000; rss: 39MB	stability checking
time: 0.000; rss: 39MB	unused lib feature checking
time: 0.000; rss: 39MB	lint checking
time: 0.000; rss: 39MB	resolving dependency formats
time: 0.002; rss: 51MB	translation
  time: 0.000; rss: 52MB	llvm function passes
  time: 0.000; rss: 52MB	llvm module passes
  time: 0.001; rss: 52MB	codegen passes
  time: 0.000; rss: 54MB	codegen passes
time: 0.002; rss: 54MB	LLVM passes
time: 0.001; rss: 54MB	linking
rustc: x86_64-unknown-linux-gnu/stage2/lib/rustlib/x86_64-unknown-linux-gnu/lib/libfmt_macros
time: 0.002; rss: 29MB	parsing
time: 0.001; rss: 33MB	configuration 1
time: 0.000; rss: 33MB	recursion limit
time: 0.000; rss: 33MB	gated macro checking
time: 0.000; rss: 33MB	crate injection
time: 0.002; rss: 36MB	macro loading
time: 0.000; rss: 36MB	plugin loading
time: 0.000; rss: 36MB	plugin registration
time: 0.005; rss: 38MB	expansion
time: 0.000; rss: 38MB	complete gated feature checking 1
time: 0.001; rss: 38MB	configuration 2
time: 0.000; rss: 38MB	gated configuration checking
time: 0.001; rss: 38MB	maybe building test harness
time: 0.000; rss: 38MB	prelude injection
time: 0.000; rss: 38MB	checking that all macro invocations are gone
time: 0.000; rss: 38MB	checking for inline asm in case the target doesn't support it
time: 0.000; rss: 38MB	complete gated feature checking 2
time: 0.001; rss: 38MB	assigning node ids and indexing ast
time: 0.001; rss: 38MB	external crate/lib resolution
time: 0.000; rss: 38MB	language item collection
time: 0.003; rss: 42MB	resolution
time: 0.000; rss: 42MB	lifetime resolution
time: 0.000; rss: 42MB	looking for entry point
time: 0.000; rss: 42MB	looking for plugin registrar
time: 0.003; rss: 45MB	region resolution
time: 0.000; rss: 45MB	loop checking
time: 0.000; rss: 45MB	static item recursion checking
time: 0.001; rss: 45MB	type collecting
time: 0.000; rss: 45MB	variance inference
time: 0.089; rss: 84MB	coherence checking
time: 0.005; rss: 84MB	wf checking (old)
time: 0.001; rss: 84MB	item-types checking
time: 0.044; rss: 89MB	item-bodies checking
time: 0.000; rss: 89MB	drop-impl checking
time: 0.001; rss: 89MB	wf checking (new)
time: 0.002; rss: 89MB	const checking
time: 0.000; rss: 89MB	privacy checking
time: 0.000; rss: 89MB	stability index
time: 0.000; rss: 89MB	intrinsic checking
time: 0.000; rss: 89MB	effect checking
time: 0.001; rss: 90MB	match checking
time: 0.000; rss: 90MB	liveness checking
time: 0.003; rss: 90MB	borrow checking
time: 0.002; rss: 90MB	rvalue checking
time: 0.000; rss: 90MB	reachability checking
time: 0.000; rss: 90MB	death checking
time: 0.000; rss: 90MB	stability checking
time: 0.000; rss: 90MB	unused lib feature checking
time: 0.002; rss: 90MB	lint checking
time: 0.001; rss: 90MB	resolving dependency formats
time: 0.078; rss: 110MB	translation
  time: 0.017; rss: 91MB	llvm function passes
  time: 0.253; rss: 94MB	llvm module passes
  time: 0.092; rss: 99MB	codegen passes
  time: 0.000; rss: 99MB	codegen passes
time: 0.368; rss: 99MB	LLVM passes
  time: 0.022; rss: 101MB	running linker
time: 0.026; rss: 101MB	linking
rustc: x86_64-unknown-linux-gnu/stage2/lib/rustlib/x86_64-unknown-linux-gnu/lib/libsyntax
time: 0.122; rss: 71MB	parsing
time: 0.043; rss: 71MB	configuration 1
time: 0.000; rss: 71MB	recursion limit
time: 0.003; rss: 71MB	gated macro checking
time: 0.000; rss: 71MB	crate injection
time: 0.006; rss: 73MB	macro loading
time: 0.000; rss: 73MB	plugin loading
time: 0.000; rss: 73MB	plugin registration
time: 0.616; rss: 109MB	expansion
time: 0.018; rss: 109MB	complete gated feature checking 1
time: 0.117; rss: 109MB	configuration 2
time: 0.000; rss: 109MB	gated configuration checking
time: 0.059; rss: 109MB	maybe building test harness
time: 0.054; rss: 109MB	prelude injection
time: 0.009; rss: 109MB	checking that all macro invocations are gone
time: 0.000; rss: 109MB	checking for inline asm in case the target doesn't support it
time: 0.019; rss: 109MB	complete gated feature checking 2
time: 0.092; rss: 117MB	assigning node ids and indexing ast
time: 0.011; rss: 117MB	external crate/lib resolution
time: 0.018; rss: 117MB	language item collection
time: 0.258; rss: 158MB	resolution
time: 0.015; rss: 153MB	lifetime resolution
time: 0.000; rss: 153MB	looking for entry point
time: 0.009; rss: 153MB	looking for plugin registrar
time: 0.088; rss: 168MB	region resolution
time: 0.009; rss: 168MB	loop checking
time: 0.009; rss: 168MB	static item recursion checking
time: 0.054; rss: 172MB	type collecting
time: 0.018; rss: 172MB	variance inference
time: 0.178; rss: 208MB	coherence checking
time: 0.052; rss: 209MB	wf checking (old)
time: 0.089; rss: 211MB	item-types checking
time: 7.810; rss: 306MB	item-bodies checking
time: 0.000; rss: 306MB	drop-impl checking
time: 0.365; rss: 306MB	wf checking (new)
time: 0.527; rss: 311MB	const checking
time: 0.089; rss: 311MB	privacy checking
time: 0.002; rss: 311MB	stability index
time: 0.026; rss: 311MB	intrinsic checking
time: 0.022; rss: 311MB	effect checking
time: 0.083; rss: 311MB	match checking
time: 0.088; rss: 314MB	liveness checking
time: 1.063; rss: 314MB	borrow checking
time: 0.684; rss: 315MB	rvalue checking
time: 0.023; rss: 315MB	reachability checking
time: 0.070; rss: 315MB	death checking
time: 0.072; rss: 315MB	stability checking
time: 0.000; rss: 315MB	unused lib feature checking
time: 0.270; rss: 315MB	lint checking
time: 0.001; rss: 315MB	resolving dependency formats
time: 6.492; rss: 676MB	translation
  time: 2.130; rss: 408MB	llvm function passes
  time: 48.950; rss: 490MB	llvm module passes
  time: 17.572; rss: 534MB	codegen passes
  time: 0.002; rss: 478MB	codegen passes
time: 70.124; rss: 478MB	LLVM passes
  time: 0.140; rss: 480MB	running linker
time: 0.723; rss: 479MB	linking
rustc: x86_64-unknown-linux-gnu/stage2/lib/rustlib/x86_64-unknown-linux-gnu/lib/librustc_llvm
time: 0.007; rss: 37MB	parsing
time: 0.001; rss: 37MB	configuration 1
time: 0.000; rss: 37MB	recursion limit
time: 0.000; rss: 37MB	gated macro checking
time: 0.000; rss: 37MB	crate injection
time: 0.003; rss: 39MB	macro loading
time: 0.000; rss: 39MB	plugin loading
time: 0.000; rss: 39MB	plugin registration
time: 0.014; rss: 42MB	expansion
time: 0.000; rss: 42MB	complete gated feature checking 1
time: 0.003; rss: 42MB	configuration 2
time: 0.000; rss: 42MB	gated configuration checking
time: 0.001; rss: 42MB	maybe building test harness
time: 0.002; rss: 42MB	prelude injection
time: 0.000; rss: 42MB	checking that all macro invocations are gone
time: 0.000; rss: 42MB	checking for inline asm in case the target doesn't support it
time: 0.000; rss: 42MB	complete gated feature checking 2
time: 0.002; rss: 42MB	assigning node ids and indexing ast
time: 0.001; rss: 42MB	external crate/lib resolution
time: 0.000; rss: 42MB	language item collection
time: 0.010; rss: 54MB	resolution
time: 0.000; rss: 54MB	lifetime resolution
time: 0.000; rss: 54MB	looking for entry point
time: 0.000; rss: 54MB	looking for plugin registrar
time: 0.001; rss: 54MB	region resolution
time: 0.000; rss: 54MB	loop checking
time: 0.000; rss: 54MB	static item recursion checking
time: 0.004; rss: 61MB	type collecting
time: 0.000; rss: 61MB	variance inference
time: 0.079; rss: 94MB	coherence checking
time: 0.003; rss: 94MB	wf checking (old)
time: 0.012; rss: 94MB	item-types checking
time: 0.092; rss: 101MB	item-bodies checking
time: 0.000; rss: 101MB	drop-impl checking
time: 0.003; rss: 101MB	wf checking (new)
time: 0.004; rss: 101MB	const checking
time: 0.001; rss: 101MB	privacy checking
time: 0.000; rss: 101MB	stability index
time: 0.000; rss: 101MB	intrinsic checking
time: 0.000; rss: 101MB	effect checking
time: 0.001; rss: 101MB	match checking
time: 0.000; rss: 101MB	liveness checking
time: 0.005; rss: 101MB	borrow checking
time: 0.002; rss: 101MB	rvalue checking
time: 0.000; rss: 101MB	reachability checking
time: 0.001; rss: 101MB	death checking
time: 0.001; rss: 101MB	stability checking
time: 0.000; rss: 101MB	unused lib feature checking
time: 0.006; rss: 101MB	lint checking
time: 0.001; rss: 101MB	resolving dependency formats
time: 0.095; rss: 122MB	translation
  time: 0.020; rss: 97MB	llvm function passes
  time: 0.094; rss: 98MB	llvm module passes
  time: 0.051; rss: 103MB	codegen passes
  time: 0.000; rss: 102MB	codegen passes
time: 0.169; rss: 102MB	LLVM passes
  time: 1.421; rss: 108MB	running linker
time: 1.479; rss: 106MB	linking
rustc: x86_64-unknown-linux-gnu/stage2/lib/rustlib/x86_64-unknown-linux-gnu/lib/librustc_back
time: 0.007; rss: 31MB	parsing
time: 0.002; rss: 35MB	configuration 1
time: 0.000; rss: 35MB	recursion limit
time: 0.000; rss: 35MB	gated macro checking
time: 0.000; rss: 35MB	crate injection
time: 0.003; rss: 37MB	macro loading
time: 0.000; rss: 37MB	plugin loading
time: 0.000; rss: 37MB	plugin registration
time: 0.031; rss: 42MB	expansion
time: 0.001; rss: 42MB	complete gated feature checking 1
time: 0.005; rss: 42MB	configuration 2
time: 0.000; rss: 42MB	gated configuration checking
time: 0.002; rss: 42MB	maybe building test harness
time: 0.002; rss: 42MB	prelude injection
time: 0.000; rss: 42MB	checking that all macro invocations are gone
time: 0.000; rss: 42MB	checking for inline asm in case the target doesn't support it
time: 0.000; rss: 42MB	complete gated feature checking 2
time: 0.003; rss: 42MB	assigning node ids and indexing ast
time: 0.004; rss: 72MB	external crate/lib resolution
time: 0.000; rss: 72MB	language item collection
time: 0.018; rss: 105MB	resolution
time: 0.000; rss: 104MB	lifetime resolution
time: 0.000; rss: 104MB	looking for entry point
time: 0.000; rss: 104MB	looking for plugin registrar
time: 0.002; rss: 105MB	region resolution
time: 0.000; rss: 105MB	loop checking
time: 0.000; rss: 105MB	static item recursion checking
time: 0.004; rss: 107MB	type collecting
time: 0.000; rss: 107MB	variance inference
time: 0.035; rss: 129MB	coherence checking
time: 0.002; rss: 129MB	wf checking (old)
time: 0.012; rss: 129MB	item-types checking
time: 0.309; rss: 162MB	item-bodies checking
time: 0.000; rss: 162MB	drop-impl checking
time: 0.005; rss: 162MB	wf checking (new)
time: 0.012; rss: 162MB	const checking
time: 0.001; rss: 162MB	privacy checking
time: 0.000; rss: 162MB	stability index
time: 0.000; rss: 162MB	intrinsic checking
time: 0.000; rss: 162MB	effect checking
time: 0.002; rss: 162MB	match checking
time: 0.002; rss: 166MB	liveness checking
time: 0.020; rss: 166MB	borrow checking
time: 0.008; rss: 166MB	rvalue checking
time: 0.000; rss: 166MB	reachability checking
time: 0.001; rss: 166MB	death checking
time: 0.003; rss: 166MB	stability checking
time: 0.000; rss: 166MB	unused lib feature checking
time: 0.012; rss: 166MB	lint checking
time: 0.001; rss: 166MB	resolving dependency formats
time: 0.546; rss: 228MB	translation
  time: 0.167; rss: 167MB	llvm function passes
  time: 2.794; rss: 175MB	llvm module passes
  time: 0.945; rss: 188MB	codegen passes
  time: 0.001; rss: 186MB	codegen passes
time: 3.980; rss: 186MB	LLVM passes
  time: 0.041; rss: 188MB	running linker
time: 0.081; rss: 185MB	linking
rustc: x86_64-unknown-linux-gnu/stage2/lib/rustlib/x86_64-unknown-linux-gnu/lib/librustc_data_structures
time: 0.006; rss: 31MB	parsing
time: 0.002; rss: 35MB	configuration 1
time: 0.000; rss: 35MB	recursion limit
time: 0.000; rss: 35MB	gated macro checking
time: 0.000; rss: 35MB	crate injection
time: 0.003; rss: 37MB	macro loading
time: 0.000; rss: 37MB	plugin loading
time: 0.000; rss: 37MB	plugin registration
time: 0.022; rss: 40MB	expansion
time: 0.000; rss: 40MB	complete gated feature checking 1
time: 0.003; rss: 40MB	configuration 2
time: 0.000; rss: 40MB	gated configuration checking
time: 0.001; rss: 40MB	maybe building test harness
time: 0.001; rss: 40MB	prelude injection
time: 0.000; rss: 40MB	checking that all macro invocations are gone
time: 0.000; rss: 40MB	checking for inline asm in case the target doesn't support it
time: 0.000; rss: 40MB	complete gated feature checking 2
time: 0.001; rss: 40MB	assigning node ids and indexing ast
time: 0.002; rss: 40MB	external crate/lib resolution
time: 0.000; rss: 40MB	language item collection
time: 0.007; rss: 55MB	resolution
time: 0.000; rss: 55MB	lifetime resolution
time: 0.000; rss: 55MB	looking for entry point
time: 0.000; rss: 55MB	looking for plugin registrar
time: 0.001; rss: 55MB	region resolution
time: 0.000; rss: 55MB	loop checking
time: 0.000; rss: 55MB	static item recursion checking
time: 0.002; rss: 55MB	type collecting
time: 0.000; rss: 55MB	variance inference
time: 0.075; rss: 96MB	coherence checking
time: 0.004; rss: 96MB	wf checking (old)
time: 0.005; rss: 96MB	item-types checking
time: 0.170; rss: 102MB	item-bodies checking
time: 0.000; rss: 102MB	drop-impl checking
time: 0.020; rss: 102MB	wf checking (new)
time: 0.010; rss: 102MB	const checking
time: 0.001; rss: 102MB	privacy checking
time: 0.000; rss: 102MB	stability index
time: 0.001; rss: 102MB	intrinsic checking
time: 0.000; rss: 102MB	effect checking
time: 0.002; rss: 102MB	match checking
time: 0.001; rss: 102MB	liveness checking
time: 0.016; rss: 102MB	borrow checking
time: 0.012; rss: 102MB	rvalue checking
time: 0.000; rss: 102MB	reachability checking
time: 0.001; rss: 102MB	death checking
time: 0.001; rss: 102MB	stability checking
time: 0.000; rss: 102MB	unused lib feature checking
time: 0.007; rss: 102MB	lint checking
time: 0.001; rss: 102MB	resolving dependency formats
time: 0.094; rss: 121MB	translation
  time: 0.013; rss: 96MB	llvm function passes
  time: 0.070; rss: 97MB	llvm module passes
  time: 0.029; rss: 101MB	codegen passes
  time: 0.000; rss: 101MB	codegen passes
time: 0.115; rss: 100MB	LLVM passes
  time: 0.021; rss: 105MB	running linker
time: 0.024; rss: 105MB	linking
rustc: x86_64-unknown-linux-gnu/stage2/lib/rustlib/x86_64-unknown-linux-gnu/lib/librustc
time: 0.174; rss: 83MB	parsing
time: 0.060; rss: 85MB	configuration 1
time: 0.000; rss: 85MB	recursion limit
time: 0.004; rss: 85MB	gated macro checking
time: 0.000; rss: 85MB	crate injection
time: 0.007; rss: 88MB	macro loading
time: 0.000; rss: 88MB	plugin loading
time: 0.000; rss: 88MB	plugin registration
time: 0.842; rss: 124MB	expansion
time: 0.024; rss: 124MB	complete gated feature checking 1
time: 0.144; rss: 124MB	configuration 2
time: 0.000; rss: 124MB	gated configuration checking
time: 0.074; rss: 124MB	maybe building test harness
time: 0.069; rss: 124MB	prelude injection
time: 0.011; rss: 124MB	checking that all macro invocations are gone
time: 0.000; rss: 124MB	checking for inline asm in case the target doesn't support it
time: 0.024; rss: 124MB	complete gated feature checking 2
time: 0.089; rss: 137MB	assigning node ids and indexing ast
time: 0.017; rss: 170MB	external crate/lib resolution
time: 0.022; rss: 170MB	language item collection
time: 0.271; rss: 250MB	resolution
time: 0.020; rss: 244MB	lifetime resolution
time: 0.000; rss: 244MB	looking for entry point
time: 0.011; rss: 244MB	looking for plugin registrar
time: 0.072; rss: 265MB	region resolution
time: 0.011; rss: 265MB	loop checking
time: 0.012; rss: 265MB	static item recursion checking
time: 0.076; rss: 268MB	type collecting
time: 0.024; rss: 268MB	variance inference
time: 0.234; rss: 307MB	coherence checking
time: 0.110; rss: 312MB	wf checking (old)
time: 0.255; rss: 320MB	item-types checking
time: 6.681; rss: 457MB	item-bodies checking
time: 0.000; rss: 457MB	drop-impl checking
time: 0.261; rss: 458MB	wf checking (new)
time: 0.475; rss: 465MB	const checking
time: 0.107; rss: 465MB	privacy checking
time: 0.002; rss: 465MB	stability index
time: 0.030; rss: 465MB	intrinsic checking
time: 0.024; rss: 465MB	effect checking
time: 0.087; rss: 465MB	match checking
time: 0.061; rss: 468MB	liveness checking
time: 0.673; rss: 468MB	borrow checking
time: 0.524; rss: 469MB	rvalue checking
time: 0.026; rss: 469MB	reachability checking
time: 0.080; rss: 469MB	death checking
time: 0.091; rss: 469MB	stability checking
time: 0.000; rss: 469MB	unused lib feature checking
time: 0.343; rss: 469MB	lint checking
time: 0.002; rss: 469MB	resolving dependency formats
time: 12.761; rss: 1133MB	translation
  time: 3.927; rss: 716MB	llvm function passes
  time: 83.860; rss: 801MB	llvm module passes
  time: 23.334; rss: 817MB	codegen passes
  time: 0.003; rss: 679MB	codegen passes
time: 113.424; rss: 679MB	LLVM passes
  time: 0.249; rss: 683MB	running linker
time: 1.107; rss: 694MB	linking
rustc: x86_64-unknown-linux-gnu/stage2/lib/rustlib/x86_64-unknown-linux-gnu/lib/librustc_platform_intrinsics
time: 0.004; rss: 35MB	parsing
time: 0.001; rss: 35MB	configuration 1
time: 0.000; rss: 35MB	recursion limit
time: 0.000; rss: 35MB	gated macro checking
time: 0.000; rss: 35MB	crate injection
time: 0.002; rss: 38MB	macro loading
time: 0.000; rss: 38MB	plugin loading
time: 0.000; rss: 38MB	plugin registration
time: 0.080; rss: 44MB	expansion
time: 0.000; rss: 44MB	complete gated feature checking 1
time: 0.005; rss: 44MB	configuration 2
time: 0.000; rss: 44MB	gated configuration checking
time: 0.002; rss: 44MB	maybe building test harness
time: 0.002; rss: 44MB	prelude injection
time: 0.000; rss: 44MB	checking that all macro invocations are gone
time: 0.000; rss: 44MB	checking for inline asm in case the target doesn't support it
time: 0.000; rss: 44MB	complete gated feature checking 2
time: 0.003; rss: 44MB	assigning node ids and indexing ast
time: 0.034; rss: 78MB	external crate/lib resolution
time: 0.000; rss: 78MB	language item collection
time: 0.009; rss: 95MB	resolution
time: 0.000; rss: 94MB	lifetime resolution
time: 0.000; rss: 94MB	looking for entry point
time: 0.000; rss: 94MB	looking for plugin registrar
time: 0.002; rss: 97MB	region resolution
time: 0.000; rss: 97MB	loop checking
time: 0.000; rss: 97MB	static item recursion checking
time: 0.007; rss: 109MB	type collecting
time: 0.000; rss: 109MB	variance inference
time: 0.042; rss: 147MB	coherence checking
time: 0.001; rss: 147MB	wf checking (old)
time: 0.000; rss: 147MB	item-types checking
time: 0.124; rss: 153MB	item-bodies checking
time: 0.000; rss: 153MB	drop-impl checking
time: 0.001; rss: 153MB	wf checking (new)
time: 0.007; rss: 153MB	const checking
time: 0.001; rss: 153MB	privacy checking
time: 0.000; rss: 153MB	stability index
time: 0.000; rss: 153MB	intrinsic checking
time: 0.000; rss: 153MB	effect checking
time: 0.004; rss: 153MB	match checking
time: 0.001; rss: 153MB	liveness checking
time: 0.017; rss: 156MB	borrow checking
time: 0.005; rss: 156MB	rvalue checking
time: 0.000; rss: 156MB	reachability checking
time: 0.001; rss: 156MB	death checking
time: 0.002; rss: 156MB	stability checking
time: 0.000; rss: 156MB	unused lib feature checking
time: 0.017; rss: 157MB	lint checking
time: 0.002; rss: 157MB	resolving dependency formats
time: 0.213; rss: 196MB	translation
  time: 0.055; rss: 162MB	llvm function passes
  time: 6.952; rss: 222MB	llvm module passes
  time: 1.801; rss: 253MB	codegen passes
  time: 0.001; rss: 201MB	codegen passes
time: 8.894; rss: 201MB	LLVM passes
  time: 0.045; rss: 208MB	running linker
time: 0.095; rss: 203MB	linking
rustc: x86_64-unknown-linux-gnu/stage2/lib/rustlib/x86_64-unknown-linux-gnu/lib/librustc_typeck
time: 0.072; rss: 54MB	parsing
time: 0.025; rss: 56MB	configuration 1
time: 0.000; rss: 56MB	recursion limit
time: 0.002; rss: 56MB	gated macro checking
time: 0.000; rss: 56MB	crate injection
time: 0.005; rss: 58MB	macro loading
time: 0.000; rss: 58MB	plugin loading
time: 0.000; rss: 58MB	plugin registration
time: 0.330; rss: 70MB	expansion
time: 0.008; rss: 70MB	complete gated feature checking 1
time: 0.047; rss: 70MB	configuration 2
time: 0.000; rss: 70MB	gated configuration checking
time: 0.024; rss: 70MB	maybe building test harness
time: 0.023; rss: 70MB	prelude injection
time: 0.004; rss: 70MB	checking that all macro invocations are gone
time: 0.000; rss: 70MB	checking for inline asm in case the target doesn't support it
time: 0.008; rss: 70MB	complete gated feature checking 2
time: 0.030; rss: 74MB	assigning node ids and indexing ast
time: 0.032; rss: 109MB	external crate/lib resolution
time: 0.007; rss: 109MB	language item collection
time: 0.103; rss: 159MB	resolution
time: 0.007; rss: 161MB	lifetime resolution
time: 0.000; rss: 161MB	looking for entry point
time: 0.004; rss: 161MB	looking for plugin registrar
time: 0.020; rss: 163MB	region resolution
time: 0.004; rss: 163MB	loop checking
time: 0.004; rss: 163MB	static item recursion checking
time: 0.030; rss: 166MB	type collecting
time: 0.008; rss: 166MB	variance inference
time: 0.162; rss: 214MB	coherence checking
time: 0.029; rss: 215MB	wf checking (old)
time: 0.105; rss: 219MB	item-types checking
time: 2.592; rss: 289MB	item-bodies checking
time: 0.000; rss: 289MB	drop-impl checking
time: 0.058; rss: 289MB	wf checking (new)
time: 0.168; rss: 292MB	const checking
time: 0.034; rss: 292MB	privacy checking
time: 0.000; rss: 292MB	stability index
time: 0.008; rss: 292MB	intrinsic checking
time: 0.008; rss: 292MB	effect checking
time: 0.023; rss: 292MB	match checking
time: 0.025; rss: 296MB	liveness checking
time: 0.203; rss: 296MB	borrow checking
time: 0.160; rss: 297MB	rvalue checking
time: 0.001; rss: 297MB	reachability checking
time: 0.026; rss: 297MB	death checking
time: 0.039; rss: 297MB	stability checking
time: 0.000; rss: 297MB	unused lib feature checking
time: 0.114; rss: 297MB	lint checking
time: 0.002; rss: 297MB	resolving dependency formats
time: 5.067; rss: 600MB	translation
  time: 1.560; rss: 380MB	llvm function passes
  time: 34.126; rss: 424MB	llvm module passes
  time: 9.749; rss: 427MB	codegen passes
  time: 0.001; rss: 364MB	codegen passes
time: 46.313; rss: 364MB	LLVM passes
  time: 0.138; rss: 366MB	running linker
time: 0.500; rss: 365MB	linking
rustc: x86_64-unknown-linux-gnu/stage2/lib/rustlib/x86_64-unknown-linux-gnu/lib/librustc_borrowck
time: 0.014; rss: 34MB	parsing
time: 0.004; rss: 38MB	configuration 1
time: 0.000; rss: 38MB	recursion limit
time: 0.000; rss: 38MB	gated macro checking
time: 0.000; rss: 38MB	crate injection
time: 0.004; rss: 39MB	macro loading
time: 0.000; rss: 39MB	plugin loading
time: 0.000; rss: 39MB	plugin registration
time: 0.061; rss: 45MB	expansion
time: 0.001; rss: 45MB	complete gated feature checking 1
time: 0.009; rss: 45MB	configuration 2
time: 0.000; rss: 45MB	gated configuration checking
time: 0.005; rss: 45MB	maybe building test harness
time: 0.004; rss: 45MB	prelude injection
time: 0.000; rss: 45MB	checking that all macro invocations are gone
time: 0.000; rss: 45MB	checking for inline asm in case the target doesn't support it
time: 0.001; rss: 45MB	complete gated feature checking 2
time: 0.005; rss: 48MB	assigning node ids and indexing ast
time: 0.031; rss: 79MB	external crate/lib resolution
time: 0.001; rss: 79MB	language item collection
time: 0.024; rss: 115MB	resolution
time: 0.001; rss: 114MB	lifetime resolution
time: 0.000; rss: 114MB	looking for entry point
time: 0.000; rss: 114MB	looking for plugin registrar
time: 0.003; rss: 114MB	region resolution
time: 0.000; rss: 114MB	loop checking
time: 0.000; rss: 114MB	static item recursion checking
time: 0.012; rss: 119MB	type collecting
time: 0.001; rss: 119MB	variance inference
time: 0.065; rss: 157MB	coherence checking
time: 0.007; rss: 157MB	wf checking (old)
time: 0.025; rss: 159MB	item-types checking
time: 0.486; rss: 195MB	item-bodies checking
time: 0.000; rss: 195MB	drop-impl checking
time: 0.012; rss: 195MB	wf checking (new)
time: 0.030; rss: 195MB	const checking
time: 0.005; rss: 195MB	privacy checking
time: 0.000; rss: 195MB	stability index
time: 0.001; rss: 195MB	intrinsic checking
time: 0.001; rss: 195MB	effect checking
time: 0.005; rss: 195MB	match checking
time: 0.004; rss: 196MB	liveness checking
time: 0.039; rss: 196MB	borrow checking
time: 0.024; rss: 196MB	rvalue checking
time: 0.000; rss: 196MB	reachability checking
time: 0.004; rss: 196MB	death checking
time: 0.007; rss: 196MB	stability checking
time: 0.000; rss: 196MB	unused lib feature checking
time: 0.022; rss: 196MB	lint checking
time: 0.002; rss: 196MB	resolving dependency formats
time: 0.854; rss: 264MB	translation
  time: 0.274; rss: 197MB	llvm function passes
  time: 4.421; rss: 215MB	llvm module passes
  time: 1.712; rss: 221MB	codegen passes
  time: 0.001; rss: 220MB	codegen passes
time: 6.520; rss: 220MB	LLVM passes
  time: 0.051; rss: 220MB	running linker
time: 0.114; rss: 220MB	linking
rustc: x86_64-unknown-linux-gnu/stage2/lib/rustlib/x86_64-unknown-linux-gnu/lib/librustc_resolve
time: 0.018; rss: 40MB	parsing
time: 0.006; rss: 40MB	configuration 1
time: 0.000; rss: 40MB	recursion limit
time: 0.000; rss: 40MB	gated macro checking
time: 0.000; rss: 40MB	crate injection
time: 0.004; rss: 43MB	macro loading
time: 0.000; rss: 43MB	plugin loading
time: 0.000; rss: 43MB	plugin registration
time: 0.078; rss: 50MB	expansion
time: 0.002; rss: 50MB	complete gated feature checking 1
time: 0.012; rss: 49MB	configuration 2
time: 0.000; rss: 49MB	gated configuration checking
time: 0.006; rss: 49MB	maybe building test harness
time: 0.005; rss: 49MB	prelude injection
time: 0.000; rss: 49MB	checking that all macro invocations are gone
time: 0.000; rss: 49MB	checking for inline asm in case the target doesn't support it
time: 0.001; rss: 49MB	complete gated feature checking 2
time: 0.007; rss: 49MB	assigning node ids and indexing ast
time: 0.032; rss: 85MB	external crate/lib resolution
time: 0.001; rss: 85MB	language item collection
time: 0.035; rss: 117MB	resolution
time: 0.001; rss: 117MB	lifetime resolution
time: 0.000; rss: 117MB	looking for entry point
time: 0.000; rss: 117MB	looking for plugin registrar
time: 0.004; rss: 119MB	region resolution
time: 0.001; rss: 119MB	loop checking
time: 0.001; rss: 119MB	static item recursion checking
time: 0.009; rss: 128MB	type collecting
time: 0.001; rss: 128MB	variance inference
time: 0.072; rss: 165MB	coherence checking
time: 0.006; rss: 165MB	wf checking (old)
time: 0.021; rss: 166MB	item-types checking
time: 0.599; rss: 203MB	item-bodies checking
time: 0.000; rss: 203MB	drop-impl checking
time: 0.014; rss: 203MB	wf checking (new)
time: 0.040; rss: 204MB	const checking
time: 0.005; rss: 204MB	privacy checking
time: 0.000; rss: 204MB	stability index
time: 0.002; rss: 204MB	intrinsic checking
time: 0.001; rss: 204MB	effect checking
time: 0.006; rss: 204MB	match checking
time: 0.006; rss: 205MB	liveness checking
time: 0.053; rss: 205MB	borrow checking
time: 0.032; rss: 209MB	rvalue checking
time: 0.000; rss: 209MB	reachability checking
time: 0.005; rss: 209MB	death checking
time: 0.008; rss: 209MB	stability checking
time: 0.000; rss: 209MB	unused lib feature checking
time: 0.031; rss: 209MB	lint checking
time: 0.002; rss: 209MB	resolving dependency formats
time: 1.371; rss: 312MB	translation
  time: 0.473; rss: 230MB	llvm function passes
  time: 7.459; rss: 242MB	llvm module passes
  time: 2.215; rss: 242MB	codegen passes
  time: 0.001; rss: 232MB	codegen passes
time: 10.322; rss: 232MB	LLVM passes
  time: 0.100; rss: 234MB	running linker
time: 0.183; rss: 231MB	linking
rustc: x86_64-unknown-linux-gnu/stage2/lib/rustlib/x86_64-unknown-linux-gnu/lib/librustc_trans
time: 0.117; rss: 71MB	parsing
time: 0.041; rss: 71MB	configuration 1
time: 0.000; rss: 71MB	recursion limit
time: 0.003; rss: 71MB	gated macro checking
time: 0.000; rss: 71MB	crate injection
time: 0.006; rss: 73MB	macro loading
time: 0.000; rss: 73MB	plugin loading
time: 0.000; rss: 73MB	plugin registration
time: 0.461; rss: 83MB	expansion
time: 0.012; rss: 83MB	complete gated feature checking 1
time: 0.068; rss: 83MB	configuration 2
time: 0.000; rss: 83MB	gated configuration checking
time: 0.035; rss: 83MB	maybe building test harness
time: 0.032; rss: 83MB	prelude injection
time: 0.006; rss: 83MB	checking that all macro invocations are gone
time: 0.000; rss: 83MB	checking for inline asm in case the target doesn't support it
time: 0.012; rss: 83MB	complete gated feature checking 2
time: 0.044; rss: 93MB	assigning node ids and indexing ast
time: 0.031; rss: 125MB	external crate/lib resolution
time: 0.011; rss: 125MB	language item collection
time: 0.171; rss: 193MB	resolution
time: 0.010; rss: 187MB	lifetime resolution
time: 0.000; rss: 187MB	looking for entry point
time: 0.006; rss: 187MB	looking for plugin registrar
time: 0.031; rss: 198MB	region resolution
time: 0.006; rss: 198MB	loop checking
time: 0.006; rss: 198MB	static item recursion checking
time: 0.042; rss: 203MB	type collecting
time: 0.012; rss: 203MB	variance inference
time: 0.150; rss: 242MB	coherence checking
time: 0.035; rss: 243MB	wf checking (old)
time: 0.102; rss: 249MB	item-types checking
time: 3.166; rss: 344MB	item-bodies checking
time: 0.000; rss: 344MB	drop-impl checking
time: 0.074; rss: 344MB	wf checking (new)
time: 0.201; rss: 344MB	const checking
time: 0.052; rss: 344MB	privacy checking
time: 0.001; rss: 344MB	stability index
time: 0.014; rss: 344MB	intrinsic checking
time: 0.013; rss: 344MB	effect checking
time: 0.034; rss: 344MB	match checking
time: 0.038; rss: 357MB	liveness checking
time: 0.296; rss: 357MB	borrow checking
time: 0.170; rss: 366MB	rvalue checking
time: 0.001; rss: 366MB	reachability checking
time: 0.038; rss: 366MB	death checking
time: 0.052; rss: 366MB	stability checking
time: 0.000; rss: 366MB	unused lib feature checking
time: 0.156; rss: 366MB	lint checking
time: 0.002; rss: 366MB	resolving dependency formats
time: 4.792; rss: 664MB	translation
  time: 1.638; rss: 402MB	llvm function passes
  time: 32.241; rss: 440MB	llvm module passes
  time: 10.768; rss: 448MB	codegen passes
  time: 0.001; rss: 385MB	codegen passes
time: 45.505; rss: 385MB	LLVM passes
  time: 0.134; rss: 394MB	running linker
time: 0.536; rss: 390MB	linking
rustc: x86_64-unknown-linux-gnu/stage2/lib/rustlib/x86_64-unknown-linux-gnu/lib/librustc_privacy
time: 0.005; rss: 35MB	parsing
time: 0.001; rss: 35MB	configuration 1
time: 0.000; rss: 35MB	recursion limit
time: 0.000; rss: 35MB	gated macro checking
time: 0.000; rss: 35MB	crate injection
time: 0.004; rss: 38MB	macro loading
time: 0.000; rss: 38MB	plugin loading
time: 0.000; rss: 38MB	plugin registration
time: 0.015; rss: 40MB	expansion
time: 0.000; rss: 40MB	complete gated feature checking 1
time: 0.002; rss: 40MB	configuration 2
time: 0.000; rss: 40MB	gated configuration checking
time: 0.001; rss: 41MB	maybe building test harness
time: 0.001; rss: 41MB	prelude injection
time: 0.000; rss: 41MB	checking that all macro invocations are gone
time: 0.000; rss: 41MB	checking for inline asm in case the target doesn't support it
time: 0.000; rss: 41MB	complete gated feature checking 2
time: 0.001; rss: 41MB	assigning node ids and indexing ast
time: 0.033; rss: 76MB	external crate/lib resolution
time: 0.000; rss: 76MB	language item collection
time: 0.010; rss: 101MB	resolution
time: 0.000; rss: 101MB	lifetime resolution
time: 0.000; rss: 101MB	looking for entry point
time: 0.000; rss: 101MB	looking for plugin registrar
time: 0.001; rss: 101MB	region resolution
time: 0.000; rss: 101MB	loop checking
time: 0.000; rss: 101MB	static item recursion checking
time: 0.007; rss: 108MB	type collecting
time: 0.000; rss: 108MB	variance inference
time: 0.020; rss: 122MB	coherence checking
time: 0.001; rss: 122MB	wf checking (old)
time: 0.007; rss: 126MB	item-types checking
time: 0.214; rss: 172MB	item-bodies checking
time: 0.000; rss: 172MB	drop-impl checking
time: 0.002; rss: 172MB	wf checking (new)
time: 0.008; rss: 172MB	const checking
time: 0.001; rss: 172MB	privacy checking
time: 0.000; rss: 172MB	stability index
time: 0.000; rss: 172MB	intrinsic checking
time: 0.000; rss: 172MB	effect checking
time: 0.001; rss: 172MB	match checking
time: 0.001; rss: 172MB	liveness checking
time: 0.011; rss: 176MB	borrow checking
time: 0.004; rss: 176MB	rvalue checking
time: 0.000; rss: 176MB	reachability checking
time: 0.001; rss: 176MB	death checking
time: 0.002; rss: 176MB	stability checking
time: 0.000; rss: 176MB	unused lib feature checking
time: 0.005; rss: 176MB	lint checking
time: 0.002; rss: 176MB	resolving dependency formats
time: 0.534; rss: 230MB	translation
  time: 0.162; rss: 182MB	llvm function passes
  time: 1.405; rss: 185MB	llvm module passes
  time: 0.425; rss: 185MB	codegen passes
  time: 0.001; rss: 186MB	codegen passes
time: 2.022; rss: 186MB	LLVM passes
  time: 0.044; rss: 188MB	running linker
time: 0.063; rss: 188MB	linking
rustc: x86_64-unknown-linux-gnu/stage2/lib/rustlib/x86_64-unknown-linux-gnu/lib/librustc_lint
time: 0.009; rss: 36MB	parsing
time: 0.003; rss: 36MB	configuration 1
time: 0.000; rss: 36MB	recursion limit
time: 0.000; rss: 36MB	gated macro checking
time: 0.000; rss: 36MB	crate injection
time: 0.033; rss: 75MB	macro loading
time: 0.000; rss: 75MB	plugin loading
time: 0.000; rss: 75MB	plugin registration
time: 0.027; rss: 77MB	expansion
time: 0.000; rss: 77MB	complete gated feature checking 1
time: 0.004; rss: 77MB	configuration 2
time: 0.000; rss: 77MB	gated configuration checking
time: 0.002; rss: 77MB	maybe building test harness
time: 0.002; rss: 77MB	prelude injection
time: 0.000; rss: 77MB	checking that all macro invocations are gone
time: 0.000; rss: 77MB	checking for inline asm in case the target doesn't support it
time: 0.000; rss: 77MB	complete gated feature checking 2
time: 0.002; rss: 78MB	assigning node ids and indexing ast
time: 0.003; rss: 78MB	external crate/lib resolution
time: 0.000; rss: 78MB	language item collection
time: 0.018; rss: 110MB	resolution
time: 0.000; rss: 110MB	lifetime resolution
time: 0.000; rss: 110MB	looking for entry point
time: 0.000; rss: 110MB	looking for plugin registrar
time: 0.001; rss: 110MB	region resolution
time: 0.000; rss: 110MB	loop checking
time: 0.000; rss: 110MB	static item recursion checking
time: 0.009; rss: 114MB	type collecting
time: 0.000; rss: 114MB	variance inference
time: 0.056; rss: 147MB	coherence checking
time: 0.003; rss: 147MB	wf checking (old)
time: 0.016; rss: 147MB	item-types checking
time: 0.245; rss: 180MB	item-bodies checking
time: 0.000; rss: 180MB	drop-impl checking
time: 0.006; rss: 180MB	wf checking (new)
time: 0.014; rss: 180MB	const checking
time: 0.001; rss: 180MB	privacy checking
time: 0.000; rss: 180MB	stability index
time: 0.000; rss: 180MB	intrinsic checking
time: 0.000; rss: 180MB	effect checking
time: 0.002; rss: 180MB	match checking
time: 0.001; rss: 180MB	liveness checking
time: 0.015; rss: 180MB	borrow checking
time: 0.006; rss: 180MB	rvalue checking
time: 0.000; rss: 180MB	reachability checking
time: 0.001; rss: 180MB	death checking
time: 0.003; rss: 180MB	stability checking
time: 0.000; rss: 180MB	unused lib feature checking
time: 0.010; rss: 180MB	lint checking
time: 0.002; rss: 180MB	resolving dependency formats
time: 0.840; rss: 261MB	translation
  time: 0.262; rss: 197MB	llvm function passes
  time: 2.803; rss: 216MB	llvm module passes
  time: 0.961; rss: 220MB	codegen passes
  time: 0.001; rss: 214MB	codegen passes
time: 4.095; rss: 214MB	LLVM passes
  time: 0.100; rss: 216MB	running linker
time: 0.141; rss: 212MB	linking
rustc: x86_64-unknown-linux-gnu/stage2/lib/rustlib/x86_64-unknown-linux-gnu/lib/librustc_driver
time: 0.011; rss: 37MB	parsing
time: 0.003; rss: 37MB	configuration 1
time: 0.000; rss: 37MB	recursion limit
time: 0.000; rss: 37MB	gated macro checking
time: 0.000; rss: 37MB	crate injection
time: 0.004; rss: 40MB	macro loading
time: 0.000; rss: 40MB	plugin loading
time: 0.000; rss: 40MB	plugin registration
time: 0.027; rss: 42MB	expansion
time: 0.000; rss: 42MB	complete gated feature checking 1
time: 0.004; rss: 42MB	configuration 2
time: 0.000; rss: 42MB	gated configuration checking
time: 0.002; rss: 42MB	maybe building test harness
time: 0.002; rss: 42MB	prelude injection
time: 0.000; rss: 42MB	checking that all macro invocations are gone
time: 0.000; rss: 42MB	checking for inline asm in case the target doesn't support it
time: 0.000; rss: 42MB	complete gated feature checking 2
time: 0.002; rss: 43MB	assigning node ids and indexing ast
time: 0.033; rss: 79MB	external crate/lib resolution
time: 0.000; rss: 79MB	language item collection
time: 0.024; rss: 123MB	resolution
time: 0.000; rss: 123MB	lifetime resolution
time: 0.000; rss: 123MB	looking for entry point
time: 0.000; rss: 123MB	looking for plugin registrar
time: 0.001; rss: 123MB	region resolution
time: 0.000; rss: 123MB	loop checking
time: 0.000; rss: 123MB	static item recursion checking
time: 0.009; rss: 127MB	type collecting
time: 0.000; rss: 127MB	variance inference
time: 0.106; rss: 174MB	coherence checking
time: 0.005; rss: 176MB	wf checking (old)
time: 0.010; rss: 176MB	item-types checking
time: 0.306; rss: 197MB	item-bodies checking
time: 0.000; rss: 197MB	drop-impl checking
time: 0.007; rss: 197MB	wf checking (new)
time: 0.021; rss: 197MB	const checking
time: 0.002; rss: 197MB	privacy checking
time: 0.000; rss: 197MB	stability index
time: 0.001; rss: 197MB	intrinsic checking
time: 0.000; rss: 197MB	effect checking
time: 0.002; rss: 197MB	match checking
time: 0.001; rss: 197MB	liveness checking
time: 0.019; rss: 199MB	borrow checking
time: 0.017; rss: 199MB	rvalue checking
time: 0.000; rss: 199MB	reachability checking
time: 0.001; rss: 199MB	death checking
time: 0.004; rss: 199MB	stability checking
time: 0.000; rss: 199MB	unused lib feature checking
time: 0.009; rss: 199MB	lint checking
time: 0.002; rss: 199MB	resolving dependency formats
time: 2.840; rss: 434MB	translation
  time: 1.224; rss: 333MB	llvm function passes
  time: 33.228; rss: 373MB	llvm module passes
  time: 12.857; rss: 435MB	codegen passes
  time: 0.001; rss: 333MB	codegen passes
time: 48.038; rss: 333MB	LLVM passes
  time: 0.113; rss: 335MB	running linker
time: 0.459; rss: 333MB	linking
rustc: x86_64-unknown-linux-gnu/stage2/lib/rustlib/x86_64-unknown-linux-gnu/lib/librustdoc
time: 0.038; rss: 44MB	parsing
time: 0.013; rss: 44MB	configuration 1
time: 0.000; rss: 44MB	recursion limit
time: 0.001; rss: 44MB	gated macro checking
time: 0.000; rss: 44MB	crate injection
time: 0.003; rss: 46MB	macro loading
time: 0.000; rss: 46MB	plugin loading
time: 0.000; rss: 46MB	plugin registration
time: 0.187; rss: 59MB	expansion
time: 0.006; rss: 59MB	complete gated feature checking 1
time: 0.037; rss: 59MB	configuration 2
time: 0.000; rss: 59MB	gated configuration checking
time: 0.019; rss: 59MB	maybe building test harness
time: 0.018; rss: 59MB	prelude injection
time: 0.002; rss: 59MB	checking that all macro invocations are gone
time: 0.000; rss: 59MB	checking for inline asm in case the target doesn't support it
time: 0.005; rss: 59MB	complete gated feature checking 2
time: 0.022; rss: 61MB	assigning node ids and indexing ast
time: 0.039; rss: 99MB	external crate/lib resolution
time: 0.005; rss: 99MB	language item collection
time: 0.078; rss: 155MB	resolution
time: 0.005; rss: 154MB	lifetime resolution
time: 0.000; rss: 154MB	looking for entry point
time: 0.002; rss: 154MB	looking for plugin registrar
time: 0.014; rss: 158MB	region resolution
time: 0.003; rss: 158MB	loop checking
time: 0.003; rss: 158MB	static item recursion checking
time: 0.023; rss: 161MB	type collecting
time: 0.005; rss: 161MB	variance inference
time: 0.075; rss: 197MB	coherence checking
time: 0.020; rss: 197MB	wf checking (old)
time: 0.058; rss: 199MB	item-types checking
time: 2.217; rss: 275MB	item-bodies checking
time: 0.000; rss: 275MB	drop-impl checking
time: 0.093; rss: 275MB	wf checking (new)
time: 0.210; rss: 277MB	const checking
time: 0.021; rss: 277MB	privacy checking
time: 0.000; rss: 277MB	stability index
time: 0.005; rss: 277MB	intrinsic checking
time: 0.005; rss: 277MB	effect checking
time: 0.021; rss: 277MB	match checking
time: 0.016; rss: 277MB	liveness checking
time: 0.396; rss: 277MB	borrow checking
time: 0.293; rss: 277MB	rvalue checking
time: 0.003; rss: 277MB	reachability checking
time: 0.018; rss: 277MB	death checking
time: 0.024; rss: 277MB	stability checking
time: 0.000; rss: 277MB	unused lib feature checking
time: 0.079; rss: 277MB	lint checking
time: 0.002; rss: 277MB	resolving dependency formats
time: 5.538; rss: 580MB	translation
  time: 1.543; rss: 388MB	llvm function passes
  time: 39.271; rss: 436MB	llvm module passes
  time: 12.256; rss: 474MB	codegen passes
  time: 0.001; rss: 392MB	codegen passes
time: 53.900; rss: 392MB	LLVM passes
  time: 0.133; rss: 395MB	running linker
time: 0.536; rss: 393MB	linking
rustc: x86_64-unknown-linux-gnu/stage1/lib/rustlib/x86_64-unknown-linux-gnu/bin/rustbook
cp: x86_64-unknown-linux-gnu/stage2/bin/rustbook
rustbook: doc/book/index.html
rustbook: doc/nomicon/index.html
rustbook: doc/style/index.html
rustc: x86_64-unknown-linux-gnu/stage1/lib/rustlib/x86_64-unknown-linux-gnu/bin/error-index-generator
cp: x86_64-unknown-linux-gnu/stage2/bin/error-index-generator
error-index-generator: doc/error-index.html
rustdoc: doc/not_found.html
rustdoc: doc/index.html
rustdoc: doc/intro.html
rustdoc: doc/tutorial.html
rustdoc: doc/complement-lang-faq.html
rustdoc: doc/complement-design-faq.html
rustdoc: doc/complement-project-faq.html
rustdoc: doc/rustdoc.html
rustdoc: doc/reference.html
rustdoc: doc/grammar.html
rustdoc: doc/guide-crates.html
rustdoc: doc/guide-error-handling.html
rustdoc: doc/guide-ffi.html
rustdoc: doc/guide-macros.html
rustdoc: doc/guide.html
rustdoc: doc/guide-ownership.html
rustdoc: doc/guide-plugins.html
rustdoc: doc/guide-pointers.html
rustdoc: doc/guide-strings.html
rustdoc: doc/guide-tasks.html
rustdoc: doc/guide-testing.html
rustdoc: doc/std/index.html
rustdoc: doc/alloc/index.html
rustdoc: doc/collections/index.html
rustdoc: doc/core/index.html
rustdoc: doc/libc/index.html
rustdoc: doc/rustc_unicode/index.html
