commit e4c64a1499de8a14a34f77c844b7fc1f7cabffd6
Merge: fe85342 f21655e
Author: bors <bors@rust-lang.org>
Date:   Wed May 27 00:42:55 2015 +0000

    Auto merge of #25713 - Stebalien:pattern, r=alexcrichton
    
    Needed to support:
    
    ```rust
    match X {
      pattern if Y ...
    }
    
    for pattern in Y {}
    ```
    
    IMO, this shouldn't require an RFC because it can't interfere with any future language changes (because `pattern if` and `pattern in` are already legal in rust) and can't cause any ambiguity.
cfg: version 1.2.0-dev (e4c64a149 2015-05-27) (built 2015-05-26)
cfg: build triple x86_64-unknown-linux-gnu
cfg: host triples x86_64-unknown-linux-gnu
cfg: target triples x86_64-unknown-linux-gnu
cfg: host for x86_64-unknown-linux-gnu is x86_64
cfg: os for x86_64-unknown-linux-gnu is unknown-linux-gnu
cfg: good valgrind for x86_64-unknown-linux-gnu is 1
cfg: using CC=gcc (CFG_CC)
cfg: disabling valgrind run-pass tests
cfg: no xelatex found, disabling LaTeX docs
cfg: no pandoc found, omitting PDF and EPUB docs
rustc: x86_64-unknown-linux-gnu/stage0/lib/rustlib/x86_64-unknown-linux-gnu/lib/librustc_trans
rustc: x86_64-unknown-linux-gnu/stage0/lib/rustlib/x86_64-unknown-linux-gnu/lib/librustc_driver
rustc: x86_64-unknown-linux-gnu/stage0/lib/rustlib/x86_64-unknown-linux-gnu/bin/rustc
cp: x86_64-unknown-linux-gnu/stage1/lib/librustc_trans
cp: x86_64-unknown-linux-gnu/stage1/lib/librustc_driver
cp: x86_64-unknown-linux-gnu/stage1/bin/rustc
rustc: x86_64-unknown-linux-gnu/stage1/lib/rustlib/x86_64-unknown-linux-gnu/lib/libcore
rustc: x86_64-unknown-linux-gnu/stage1/lib/rustlib/x86_64-unknown-linux-gnu/lib/liblibc
rustc: x86_64-unknown-linux-gnu/stage1/lib/rustlib/x86_64-unknown-linux-gnu/lib/librand
rustc: x86_64-unknown-linux-gnu/stage1/lib/rustlib/x86_64-unknown-linux-gnu/lib/liballoc
rustc: x86_64-unknown-linux-gnu/stage1/lib/rustlib/x86_64-unknown-linux-gnu/lib/librustc_unicode
rustc: x86_64-unknown-linux-gnu/stage1/lib/rustlib/x86_64-unknown-linux-gnu/lib/libcollections
rustc: x86_64-unknown-linux-gnu/stage1/lib/rustlib/x86_64-unknown-linux-gnu/lib/librustc_bitflags
rustc: x86_64-unknown-linux-gnu/stage1/lib/rustlib/x86_64-unknown-linux-gnu/lib/libstd
rustc: x86_64-unknown-linux-gnu/stage1/lib/rustlib/x86_64-unknown-linux-gnu/lib/libarena
rustc: x86_64-unknown-linux-gnu/stage1/lib/rustlib/x86_64-unknown-linux-gnu/lib/libflate
rustc: x86_64-unknown-linux-gnu/stage1/lib/rustlib/x86_64-unknown-linux-gnu/lib/libgetopts
rustc: x86_64-unknown-linux-gnu/stage1/lib/rustlib/x86_64-unknown-linux-gnu/lib/libgraphviz
rustc: x86_64-unknown-linux-gnu/stage1/lib/rustlib/x86_64-unknown-linux-gnu/lib/liblog
rustc: x86_64-unknown-linux-gnu/stage1/lib/rustlib/x86_64-unknown-linux-gnu/lib/libterm
rustc: x86_64-unknown-linux-gnu/stage1/lib/rustlib/x86_64-unknown-linux-gnu/lib/libserialize
rustc: x86_64-unknown-linux-gnu/stage1/lib/rustlib/x86_64-unknown-linux-gnu/lib/libfmt_macros
rustc: x86_64-unknown-linux-gnu/stage1/lib/rustlib/x86_64-unknown-linux-gnu/lib/libsyntax
rustc: x86_64-unknown-linux-gnu/stage1/lib/rustlib/x86_64-unknown-linux-gnu/lib/librbml
rustc: x86_64-unknown-linux-gnu/stage1/lib/rustlib/x86_64-unknown-linux-gnu/lib/librustc_llvm
rustc: x86_64-unknown-linux-gnu/stage1/lib/rustlib/x86_64-unknown-linux-gnu/lib/librustc_back
rustc: x86_64-unknown-linux-gnu/stage1/lib/rustlib/x86_64-unknown-linux-gnu/lib/librustc_data_structures
rustc: x86_64-unknown-linux-gnu/stage1/lib/rustlib/x86_64-unknown-linux-gnu/lib/librustc
rustc: x86_64-unknown-linux-gnu/stage1/lib/rustlib/x86_64-unknown-linux-gnu/lib/librustc_borrowck
rustc: x86_64-unknown-linux-gnu/stage1/lib/rustlib/x86_64-unknown-linux-gnu/lib/librustc_typeck
rustc: x86_64-unknown-linux-gnu/stage1/lib/rustlib/x86_64-unknown-linux-gnu/lib/librustc_resolve
rustc: x86_64-unknown-linux-gnu/stage1/lib/rustlib/x86_64-unknown-linux-gnu/lib/librustc_trans
rustc: x86_64-unknown-linux-gnu/stage1/lib/rustlib/x86_64-unknown-linux-gnu/lib/librustc_privacy
rustc: x86_64-unknown-linux-gnu/stage1/lib/rustlib/x86_64-unknown-linux-gnu/lib/librustc_lint
rustc: x86_64-unknown-linux-gnu/stage1/lib/rustlib/x86_64-unknown-linux-gnu/lib/librustc_driver
rustc: x86_64-unknown-linux-gnu/stage1/lib/rustlib/x86_64-unknown-linux-gnu/bin/rustc
cp: x86_64-unknown-linux-gnu/stage2/lib/libstd
cp: x86_64-unknown-linux-gnu/stage2/lib/libarena
cp: x86_64-unknown-linux-gnu/stage2/lib/libflate
cp: x86_64-unknown-linux-gnu/stage2/lib/libgetopts
cp: x86_64-unknown-linux-gnu/stage2/lib/libgraphviz
cp: x86_64-unknown-linux-gnu/stage2/lib/liblog
cp: x86_64-unknown-linux-gnu/stage2/lib/libterm
cp: x86_64-unknown-linux-gnu/stage2/lib/libserialize
cp: x86_64-unknown-linux-gnu/stage2/lib/libfmt_macros
cp: x86_64-unknown-linux-gnu/stage2/lib/libsyntax
cp: x86_64-unknown-linux-gnu/stage2/lib/librbml
cp: x86_64-unknown-linux-gnu/stage2/lib/librustc_llvm
cp: x86_64-unknown-linux-gnu/stage2/lib/librustc_back
cp: x86_64-unknown-linux-gnu/stage2/lib/librustc_data_structures
cp: x86_64-unknown-linux-gnu/stage2/lib/librustc
cp: x86_64-unknown-linux-gnu/stage2/lib/librustc_borrowck
cp: x86_64-unknown-linux-gnu/stage2/lib/librustc_typeck
cp: x86_64-unknown-linux-gnu/stage2/lib/librustc_resolve
cp: x86_64-unknown-linux-gnu/stage2/lib/librustc_trans
cp: x86_64-unknown-linux-gnu/stage2/lib/librustc_privacy
cp: x86_64-unknown-linux-gnu/stage2/lib/librustc_lint
cp: x86_64-unknown-linux-gnu/stage2/lib/librustc_driver
cp: x86_64-unknown-linux-gnu/stage2/bin/rustc
rustc: x86_64-unknown-linux-gnu/stage1/lib/rustlib/x86_64-unknown-linux-gnu/lib/libtest
rustc: x86_64-unknown-linux-gnu/stage1/lib/rustlib/x86_64-unknown-linux-gnu/lib/librustdoc
rustc: x86_64-unknown-linux-gnu/stage1/lib/rustlib/x86_64-unknown-linux-gnu/bin/rustdoc
cp: x86_64-unknown-linux-gnu/stage2/lib/libtest
cp: x86_64-unknown-linux-gnu/stage2/lib/librustdoc
cp: x86_64-unknown-linux-gnu/stage2/bin/rustdoc
rustc: x86_64-unknown-linux-gnu/stage2/lib/rustlib/x86_64-unknown-linux-gnu/lib/libcore
time: 0.069 	parsing
time: 0.026 	configuration 1
time: 0.000 	recursion limit
time: 0.002 	gated macro checking
time: 0.000 	crate injection
time: 0.001 	macro loading
time: 0.000 	plugin loading
time: 0.000 	plugin registration
time: 0.468 	expansion
time: 0.011 	complete gated feature checking 1
time: 0.098 	configuration 2
time: 0.050 	maybe building test harness
time: 0.000 	prelude injection
time: 0.005 	checking that all macro invocations are gone
time: 0.012 	complete gated feature checking 2
time: 0.057 	assigning node ids and indexing ast
time: 0.005 	external crate/lib resolution
time: 0.010 	language item collection
time: 0.086 	resolution
time: 0.011 	lifetime resolution
time: 0.000 	looking for entry point
time: 0.005 	looking for plugin registrar
time: 0.029 	region resolution
time: 0.005 	loop checking
time: 0.005 	static item recursion checking
time: 0.065 	type collecting
time: 0.010 	variance inference
time: 0.690 	coherence checking
time: 5.662 	type checking
time: 0.365 	const checking
time: 0.054 	privacy checking
time: 0.005 	stability index
time: 0.030 	intrinsic checking
time: 0.010 	effect checking
time: 0.092 	match checking
time: 0.026 	liveness checking
time: 0.664 	borrow checking
time: 0.440 	rvalue checking
time: 0.016 	reachability checking
time: 0.034 	death checking
time: 0.027 	stability checking
time: 0.000 	unused lib feature checking
time: 0.132 	lint checking
time: 0.000 	resolving dependency formats
time: 1.660 	translation
  time: 0.179 	llvm function passes
  time: 1.391 	llvm module passes
  time: 1.243 	codegen passes
  time: 0.008 	codegen passes
time: 2.876 	LLVM passes
time: 0.073 	linking
rustc: x86_64-unknown-linux-gnu/stage2/lib/rustlib/x86_64-unknown-linux-gnu/lib/liblibc
time: 0.021 	parsing
time: 0.004 	configuration 1
time: 0.000 	recursion limit
time: 0.000 	gated macro checking
time: 0.000 	crate injection
time: 0.000 	macro loading
time: 0.000 	plugin loading
time: 0.000 	plugin registration
time: 0.009 	expansion
time: 0.000 	complete gated feature checking 1
time: 0.002 	configuration 2
time: 0.001 	maybe building test harness
time: 0.000 	prelude injection
time: 0.000 	checking that all macro invocations are gone
time: 0.000 	complete gated feature checking 2
time: 0.001 	assigning node ids and indexing ast
time: 0.000 	external crate/lib resolution
time: 0.000 	language item collection
time: 0.003 	resolution
time: 0.000 	lifetime resolution
time: 0.000 	looking for entry point
time: 0.000 	looking for plugin registrar
time: 0.000 	region resolution
time: 0.000 	loop checking
time: 0.000 	static item recursion checking
time: 0.001 	type collecting
time: 0.000 	variance inference
time: 0.004 	coherence checking
time: 0.033 	type checking
time: 0.002 	const checking
time: 0.001 	privacy checking
time: 0.000 	stability index
time: 0.000 	intrinsic checking
time: 0.000 	effect checking
time: 0.000 	match checking
time: 0.000 	liveness checking
time: 0.002 	borrow checking
time: 0.001 	rvalue checking
time: 0.000 	reachability checking
time: 0.001 	death checking
time: 0.000 	stability checking
time: 0.000 	unused lib feature checking
time: 0.004 	lint checking
time: 0.000 	resolving dependency formats
time: 0.038 	translation
  time: 0.002 	llvm function passes
  time: 0.008 	llvm module passes
  time: 0.008 	codegen passes
  time: 0.001 	codegen passes
time: 0.021 	LLVM passes
time: 0.004 	linking
rustc: x86_64-unknown-linux-gnu/stage2/lib/rustlib/x86_64-unknown-linux-gnu/lib/librand
time: 0.012 	parsing
time: 0.003 	configuration 1
time: 0.000 	recursion limit
time: 0.000 	gated macro checking
time: 0.000 	crate injection
time: 0.001 	macro loading
time: 0.000 	plugin loading
time: 0.000 	plugin registration
time: 0.025 	expansion
time: 0.000 	complete gated feature checking 1
time: 0.005 	configuration 2
time: 0.003 	maybe building test harness
time: 0.000 	prelude injection
time: 0.000 	checking that all macro invocations are gone
time: 0.000 	complete gated feature checking 2
time: 0.003 	assigning node ids and indexing ast
time: 0.000 	external crate/lib resolution
time: 0.000 	language item collection
time: 0.007 	resolution
time: 0.000 	lifetime resolution
time: 0.000 	looking for entry point
time: 0.000 	looking for plugin registrar
time: 0.001 	region resolution
time: 0.000 	loop checking
time: 0.000 	static item recursion checking
time: 0.002 	type collecting
time: 0.000 	variance inference
time: 0.028 	coherence checking
time: 0.351 	type checking
time: 0.018 	const checking
time: 0.002 	privacy checking
time: 0.000 	stability index
time: 0.001 	intrinsic checking
time: 0.000 	effect checking
time: 0.002 	match checking
time: 0.001 	liveness checking
time: 0.030 	borrow checking
time: 0.018 	rvalue checking
time: 0.000 	reachability checking
time: 0.001 	death checking
time: 0.002 	stability checking
time: 0.000 	unused lib feature checking
time: 0.009 	lint checking
time: 0.000 	resolving dependency formats
time: 0.187 	translation
  time: 0.021 	llvm function passes
  time: 0.120 	llvm module passes
  time: 0.048 	codegen passes
  time: 0.001 	codegen passes
time: 0.194 	LLVM passes
time: 0.006 	linking
rustc: x86_64-unknown-linux-gnu/stage2/lib/rustlib/x86_64-unknown-linux-gnu/lib/liballoc
time: 0.012 	parsing
time: 0.004 	configuration 1
time: 0.000 	recursion limit
time: 0.000 	gated macro checking
time: 0.000 	crate injection
time: 0.001 	macro loading
time: 0.000 	plugin loading
time: 0.000 	plugin registration
time: 0.009 	expansion
time: 0.000 	complete gated feature checking 1
time: 0.002 	configuration 2
time: 0.001 	maybe building test harness
time: 0.000 	prelude injection
time: 0.000 	checking that all macro invocations are gone
time: 0.000 	complete gated feature checking 2
time: 0.001 	assigning node ids and indexing ast
time: 0.000 	external crate/lib resolution
time: 0.000 	language item collection
time: 0.007 	resolution
time: 0.000 	lifetime resolution
time: 0.000 	looking for entry point
time: 0.000 	looking for plugin registrar
time: 0.000 	region resolution
time: 0.000 	loop checking
time: 0.000 	static item recursion checking
time: 0.002 	type collecting
time: 0.000 	variance inference
time: 0.039 	coherence checking
time: 0.068 	type checking
time: 0.010 	const checking
time: 0.000 	privacy checking
time: 0.000 	stability index
time: 0.001 	intrinsic checking
time: 0.000 	effect checking
time: 0.001 	match checking
time: 0.000 	liveness checking
time: 0.015 	borrow checking
time: 0.009 	rvalue checking
time: 0.000 	reachability checking
time: 0.000 	death checking
time: 0.001 	stability checking
time: 0.000 	unused lib feature checking
time: 0.003 	lint checking
time: 0.000 	resolving dependency formats
time: 0.033 	translation
  time: 0.001 	llvm function passes
  time: 0.003 	llvm module passes
  time: 0.006 	codegen passes
  time: 0.001 	codegen passes
time: 0.014 	LLVM passes
time: 0.007 	linking
rustc: x86_64-unknown-linux-gnu/stage2/lib/rustlib/x86_64-unknown-linux-gnu/lib/librustc_unicode
time: 0.074 	parsing
time: 0.017 	configuration 1
time: 0.000 	recursion limit
time: 0.001 	gated macro checking
time: 0.000 	crate injection
time: 0.000 	macro loading
time: 0.000 	plugin loading
time: 0.000 	plugin registration
time: 0.122 	expansion
time: 0.001 	complete gated feature checking 1
time: 0.017 	configuration 2
time: 0.009 	maybe building test harness
time: 0.000 	prelude injection
time: 0.001 	checking that all macro invocations are gone
time: 0.001 	complete gated feature checking 2
time: 0.010 	assigning node ids and indexing ast
time: 0.001 	external crate/lib resolution
time: 0.001 	language item collection
time: 0.010 	resolution
time: 0.001 	lifetime resolution
time: 0.000 	looking for entry point
time: 0.001 	looking for plugin registrar
time: 0.012 	region resolution
time: 0.001 	loop checking
time: 0.001 	static item recursion checking
time: 0.002 	type collecting
time: 0.001 	variance inference
time: 0.037 	coherence checking
time: 0.339 	type checking
time: 0.047 	const checking
time: 0.005 	privacy checking
time: 0.001 	stability index
time: 0.001 	intrinsic checking
time: 0.001 	effect checking
time: 0.002 	match checking
time: 0.001 	liveness checking
time: 0.012 	borrow checking
time: 0.006 	rvalue checking
time: 0.000 	reachability checking
time: 0.002 	death checking
time: 0.002 	stability checking
time: 0.000 	unused lib feature checking
time: 0.026 	lint checking
time: 0.000 	resolving dependency formats
time: 0.474 	translation
  time: 0.021 	llvm function passes
  time: 0.204 	llvm module passes
  time: 0.098 	codegen passes
  time: 0.002 	codegen passes
time: 0.336 	LLVM passes
time: 0.018 	linking
rustc: x86_64-unknown-linux-gnu/stage2/lib/rustlib/x86_64-unknown-linux-gnu/lib/libcollections
time: 0.055 	parsing
time: 0.020 	configuration 1
time: 0.000 	recursion limit
time: 0.001 	gated macro checking
time: 0.000 	crate injection
time: 0.002 	macro loading
time: 0.000 	plugin loading
time: 0.000 	plugin registration
time: 0.124 	expansion
time: 0.005 	complete gated feature checking 1
time: 0.027 	configuration 2
time: 0.013 	maybe building test harness
time: 0.000 	prelude injection
time: 0.001 	checking that all macro invocations are gone
time: 0.003 	complete gated feature checking 2
time: 0.014 	assigning node ids and indexing ast
time: 0.002 	external crate/lib resolution
time: 0.002 	language item collection
time: 0.035 	resolution
time: 0.002 	lifetime resolution
time: 0.000 	looking for entry point
time: 0.001 	looking for plugin registrar
time: 0.009 	region resolution
time: 0.002 	loop checking
time: 0.001 	static item recursion checking
time: 0.016 	type collecting
time: 0.003 	variance inference
time: 0.134 	coherence checking
time: 1.928 	type checking
time: 0.154 	const checking
time: 0.011 	privacy checking
time: 0.001 	stability index
time: 0.007 	intrinsic checking
time: 0.002 	effect checking
time: 0.042 	match checking
time: 0.007 	liveness checking
time: 0.296 	borrow checking
time: 0.233 	rvalue checking
time: 0.004 	reachability checking
time: 0.008 	death checking
time: 0.010 	stability checking
time: 0.000 	unused lib feature checking
time: 0.044 	lint checking
time: 0.000 	resolving dependency formats
time: 1.024 	translation
  time: 0.081 	llvm function passes
  time: 0.823 	llvm module passes
  time: 0.391 	codegen passes
  time: 0.003 	codegen passes
time: 1.334 	LLVM passes
time: 0.046 	linking
rustc: x86_64-unknown-linux-gnu/stage2/lib/rustlib/x86_64-unknown-linux-gnu/lib/librustc_bitflags
time: 0.001 	parsing
time: 0.000 	configuration 1
time: 0.000 	recursion limit
time: 0.000 	gated macro checking
time: 0.000 	crate injection
time: 0.000 	macro loading
time: 0.000 	plugin loading
time: 0.000 	plugin registration
time: 0.000 	expansion
time: 0.000 	complete gated feature checking 1
time: 0.000 	configuration 2
time: 0.000 	maybe building test harness
time: 0.000 	prelude injection
time: 0.000 	checking that all macro invocations are gone
time: 0.000 	complete gated feature checking 2
time: 0.000 	assigning node ids and indexing ast
time: 0.000 	external crate/lib resolution
time: 0.000 	language item collection
time: 0.000 	resolution
time: 0.000 	lifetime resolution
time: 0.000 	looking for entry point
time: 0.000 	looking for plugin registrar
time: 0.000 	region resolution
time: 0.000 	loop checking
time: 0.000 	static item recursion checking
time: 0.000 	type collecting
time: 0.000 	variance inference
time: 0.000 	coherence checking
time: 0.000 	type checking
time: 0.000 	const checking
time: 0.000 	privacy checking
time: 0.000 	stability index
time: 0.000 	intrinsic checking
time: 0.000 	effect checking
time: 0.000 	match checking
time: 0.000 	liveness checking
time: 0.000 	borrow checking
time: 0.000 	rvalue checking
time: 0.000 	reachability checking
time: 0.000 	death checking
time: 0.000 	stability checking
time: 0.000 	unused lib feature checking
time: 0.000 	lint checking
time: 0.000 	resolving dependency formats
time: 0.001 	translation
  time: 0.000 	llvm function passes
  time: 0.000 	llvm module passes
  time: 0.001 	codegen passes
  time: 0.000 	codegen passes
time: 0.003 	LLVM passes
time: 0.002 	linking
rustc: x86_64-unknown-linux-gnu/stage2/lib/rustlib/x86_64-unknown-linux-gnu/lib/libstd
time: 0.158 	parsing
time: 0.050 	configuration 1
time: 0.000 	recursion limit
time: 0.002 	gated macro checking
time: 0.000 	crate injection
time: 0.004 	macro loading
time: 0.000 	plugin loading
time: 0.000 	plugin registration
time: 0.254 	expansion
time: 0.008 	complete gated feature checking 1
time: 0.052 	configuration 2
time: 0.025 	maybe building test harness
time: 0.000 	prelude injection
time: 0.003 	checking that all macro invocations are gone
time: 0.007 	complete gated feature checking 2
time: 0.029 	assigning node ids and indexing ast
time: 0.003 	external crate/lib resolution
time: 0.005 	language item collection
time: 0.069 	resolution
time: 0.005 	lifetime resolution
time: 0.000 	looking for entry point
time: 0.002 	looking for plugin registrar
time: 0.019 	region resolution
time: 0.003 	loop checking
time: 0.003 	static item recursion checking
time: 0.029 	type collecting
time: 0.007 	variance inference
time: 0.117 	coherence checking
time: 1.808 	type checking
time: 0.271 	const checking
time: 0.028 	privacy checking
time: 0.002 	stability index
time: 0.010 	intrinsic checking
time: 0.005 	effect checking
time: 0.042 	match checking
time: 0.015 	liveness checking
time: 0.362 	borrow checking
time: 0.309 	rvalue checking
time: 0.008 	reachability checking
time: 0.020 	death checking
time: 0.020 	stability checking
time: 0.000 	unused lib feature checking
time: 0.093 	lint checking
time: 0.000 	resolving dependency formats
time: 1.887 	translation
  time: 0.297 	llvm function passes
  time: 3.835 	llvm module passes
  time: 1.711 	codegen passes
  time: 0.004 	codegen passes
time: 5.966 	LLVM passes
  time: 0.188 	running linker
time: 0.277 	linking
rustc: x86_64-unknown-linux-gnu/stage2/lib/rustlib/x86_64-unknown-linux-gnu/lib/libflate
time: 0.001 	parsing
time: 0.000 	configuration 1
time: 0.000 	recursion limit
time: 0.000 	gated macro checking
time: 0.000 	crate injection
time: 0.002 	macro loading
time: 0.000 	plugin loading
time: 0.000 	plugin registration
time: 0.002 	expansion
time: 0.000 	complete gated feature checking 1
time: 0.000 	configuration 2
time: 0.000 	maybe building test harness
time: 0.000 	prelude injection
time: 0.000 	checking that all macro invocations are gone
time: 0.000 	complete gated feature checking 2
time: 0.000 	assigning node ids and indexing ast
time: 0.000 	external crate/lib resolution
time: 0.000 	language item collection
time: 0.004 	resolution
time: 0.000 	lifetime resolution
time: 0.000 	looking for entry point
time: 0.000 	looking for plugin registrar
time: 0.000 	region resolution
time: 0.000 	loop checking
time: 0.000 	static item recursion checking
time: 0.000 	type collecting
time: 0.000 	variance inference
time: 0.024 	coherence checking
time: 0.020 	type checking
time: 0.001 	const checking
time: 0.000 	privacy checking
time: 0.000 	stability index
time: 0.000 	intrinsic checking
time: 0.000 	effect checking
time: 0.000 	match checking
time: 0.000 	liveness checking
time: 0.001 	borrow checking
time: 0.001 	rvalue checking
time: 0.000 	reachability checking
time: 0.000 	death checking
time: 0.000 	stability checking
time: 0.000 	unused lib feature checking
time: 0.001 	lint checking
time: 0.000 	resolving dependency formats
time: 0.020 	translation
  time: 0.003 	llvm function passes
  time: 0.008 	llvm module passes
  time: 0.007 	codegen passes
  time: 0.000 	codegen passes
time: 0.021 	LLVM passes
  time: 0.021 	running linker
time: 0.024 	linking
rustc: x86_64-unknown-linux-gnu/stage2/lib/rustlib/x86_64-unknown-linux-gnu/lib/libarena
time: 0.002 	parsing
time: 0.001 	configuration 1
time: 0.000 	recursion limit
time: 0.000 	gated macro checking
time: 0.000 	crate injection
time: 0.003 	macro loading
time: 0.000 	plugin loading
time: 0.000 	plugin registration
time: 0.003 	expansion
time: 0.000 	complete gated feature checking 1
time: 0.001 	configuration 2
time: 0.000 	maybe building test harness
time: 0.000 	prelude injection
time: 0.000 	checking that all macro invocations are gone
time: 0.000 	complete gated feature checking 2
time: 0.000 	assigning node ids and indexing ast
time: 0.000 	external crate/lib resolution
time: 0.000 	language item collection
time: 0.003 	resolution
time: 0.000 	lifetime resolution
time: 0.000 	looking for entry point
time: 0.000 	looking for plugin registrar
time: 0.000 	region resolution
time: 0.000 	loop checking
time: 0.000 	static item recursion checking
time: 0.001 	type collecting
time: 0.000 	variance inference
time: 0.014 	coherence checking
time: 0.095 	type checking
time: 0.004 	const checking
time: 0.000 	privacy checking
time: 0.000 	stability index
time: 0.000 	intrinsic checking
time: 0.000 	effect checking
time: 0.001 	match checking
time: 0.000 	liveness checking
time: 0.005 	borrow checking
time: 0.004 	rvalue checking
time: 0.000 	reachability checking
time: 0.000 	death checking
time: 0.001 	stability checking
time: 0.000 	unused lib feature checking
time: 0.003 	lint checking
time: 0.000 	resolving dependency formats
time: 0.070 	translation
  time: 0.010 	llvm function passes
  time: 0.066 	llvm module passes
  time: 0.028 	codegen passes
  time: 0.000 	codegen passes
time: 0.108 	LLVM passes
  time: 0.016 	running linker
time: 0.020 	linking
rustc: x86_64-unknown-linux-gnu/stage2/lib/rustlib/x86_64-unknown-linux-gnu/lib/liblog
time: 0.003 	parsing
time: 0.001 	configuration 1
time: 0.000 	recursion limit
time: 0.000 	gated macro checking
time: 0.000 	crate injection
time: 0.003 	macro loading
time: 0.000 	plugin loading
time: 0.000 	plugin registration
time: 0.006 	expansion
time: 0.000 	complete gated feature checking 1
time: 0.001 	configuration 2
time: 0.001 	maybe building test harness
time: 0.000 	prelude injection
time: 0.000 	checking that all macro invocations are gone
time: 0.000 	complete gated feature checking 2
time: 0.001 	assigning node ids and indexing ast
time: 0.000 	external crate/lib resolution
time: 0.000 	language item collection
time: 0.004 	resolution
time: 0.000 	lifetime resolution
time: 0.000 	looking for entry point
time: 0.000 	looking for plugin registrar
time: 0.000 	region resolution
time: 0.000 	loop checking
time: 0.000 	static item recursion checking
time: 0.001 	type collecting
time: 0.000 	variance inference
time: 0.020 	coherence checking
time: 0.116 	type checking
time: 0.007 	const checking
time: 0.000 	privacy checking
time: 0.000 	stability index
time: 0.000 	intrinsic checking
time: 0.000 	effect checking
time: 0.000 	match checking
time: 0.000 	liveness checking
time: 0.003 	borrow checking
time: 0.003 	rvalue checking
time: 0.000 	reachability checking
time: 0.000 	death checking
time: 0.001 	stability checking
time: 0.000 	unused lib feature checking
time: 0.002 	lint checking
time: 0.000 	resolving dependency formats
time: 0.173 	translation
  time: 0.028 	llvm function passes
  time: 0.390 	llvm module passes
  time: 0.093 	codegen passes
  time: 0.000 	codegen passes
time: 0.518 	LLVM passes
  time: 0.020 	running linker
time: 0.028 	linking
rustc: x86_64-unknown-linux-gnu/stage2/lib/rustlib/x86_64-unknown-linux-gnu/lib/libterm
time: 0.009 	parsing
time: 0.002 	configuration 1
time: 0.000 	recursion limit
time: 0.000 	gated macro checking
time: 0.000 	crate injection
time: 0.003 	macro loading
time: 0.000 	plugin loading
time: 0.000 	plugin registration
time: 0.021 	expansion
time: 0.000 	complete gated feature checking 1
time: 0.003 	configuration 2
time: 0.002 	maybe building test harness
time: 0.001 	prelude injection
time: 0.000 	checking that all macro invocations are gone
time: 0.000 	complete gated feature checking 2
time: 0.002 	assigning node ids and indexing ast
time: 0.000 	external crate/lib resolution
time: 0.000 	language item collection
time: 0.007 	resolution
time: 0.000 	lifetime resolution
time: 0.000 	looking for entry point
time: 0.000 	looking for plugin registrar
time: 0.001 	region resolution
time: 0.000 	loop checking
time: 0.000 	static item recursion checking
time: 0.001 	type collecting
time: 0.000 	variance inference
time: 0.018 	coherence checking
time: 0.276 	type checking
time: 0.020 	const checking
time: 0.001 	privacy checking
time: 0.000 	stability index
time: 0.000 	intrinsic checking
time: 0.000 	effect checking
time: 0.002 	match checking
time: 0.001 	liveness checking
time: 0.016 	borrow checking
time: 0.012 	rvalue checking
time: 0.000 	reachability checking
time: 0.001 	death checking
time: 0.002 	stability checking
time: 0.000 	unused lib feature checking
time: 0.007 	lint checking
time: 0.000 	resolving dependency formats
time: 0.460 	translation
  time: 0.075 	llvm function passes
  time: 1.073 	llvm module passes
  time: 0.482 	codegen passes
  time: 0.001 	codegen passes
time: 1.657 	LLVM passes
  time: 0.029 	running linker
time: 0.051 	linking
rustc: x86_64-unknown-linux-gnu/stage2/lib/rustlib/x86_64-unknown-linux-gnu/lib/libserialize
time: 0.020 	parsing
time: 0.006 	configuration 1
time: 0.000 	recursion limit
time: 0.000 	gated macro checking
time: 0.000 	crate injection
time: 0.003 	macro loading
time: 0.000 	plugin loading
time: 0.000 	plugin registration
time: 0.078 	expansion
time: 0.002 	complete gated feature checking 1
time: 0.014 	configuration 2
time: 0.007 	maybe building test harness
time: 0.006 	prelude injection
time: 0.000 	checking that all macro invocations are gone
time: 0.001 	complete gated feature checking 2
time: 0.008 	assigning node ids and indexing ast
time: 0.001 	external crate/lib resolution
time: 0.001 	language item collection
time: 0.027 	resolution
time: 0.001 	lifetime resolution
time: 0.000 	looking for entry point
time: 0.000 	looking for plugin registrar
time: 0.006 	region resolution
time: 0.001 	loop checking
time: 0.000 	static item recursion checking
time: 0.008 	type collecting
time: 0.001 	variance inference
time: 0.076 	coherence checking
time: 1.310 	type checking
time: 0.256 	const checking
time: 0.005 	privacy checking
time: 0.000 	stability index
time: 0.003 	intrinsic checking
time: 0.001 	effect checking
time: 0.030 	match checking
time: 0.006 	liveness checking
time: 0.475 	borrow checking
time: 0.318 	rvalue checking
time: 0.002 	reachability checking
time: 0.005 	death checking
time: 0.007 	stability checking
time: 0.000 	unused lib feature checking
time: 0.027 	lint checking
time: 0.000 	resolving dependency formats
time: 0.684 	translation
  time: 0.090 	llvm function passes
  time: 1.693 	llvm module passes
  time: 0.549 	codegen passes
  time: 0.001 	codegen passes
time: 2.367 	LLVM passes
  time: 0.031 	running linker
time: 0.059 	linking
rustc: x86_64-unknown-linux-gnu/stage2/lib/rustlib/x86_64-unknown-linux-gnu/lib/libgetopts
time: 0.005 	parsing
time: 0.001 	configuration 1
time: 0.000 	recursion limit
time: 0.000 	gated macro checking
time: 0.000 	crate injection
time: 0.003 	macro loading
time: 0.000 	plugin loading
time: 0.000 	plugin registration
time: 0.013 	expansion
time: 0.000 	complete gated feature checking 1
time: 0.002 	configuration 2
time: 0.001 	maybe building test harness
time: 0.001 	prelude injection
time: 0.000 	checking that all macro invocations are gone
time: 0.000 	complete gated feature checking 2
time: 0.001 	assigning node ids and indexing ast
time: 0.000 	external crate/lib resolution
time: 0.000 	language item collection
time: 0.005 	resolution
time: 0.000 	lifetime resolution
time: 0.000 	looking for entry point
time: 0.000 	looking for plugin registrar
time: 0.001 	region resolution
time: 0.000 	loop checking
time: 0.000 	static item recursion checking
time: 0.001 	type collecting
time: 0.000 	variance inference
time: 0.018 	coherence checking
time: 0.199 	type checking
time: 0.011 	const checking
time: 0.001 	privacy checking
time: 0.000 	stability index
time: 0.000 	intrinsic checking
time: 0.000 	effect checking
time: 0.001 	match checking
time: 0.001 	liveness checking
time: 0.010 	borrow checking
time: 0.007 	rvalue checking
time: 0.000 	reachability checking
time: 0.001 	death checking
time: 0.001 	stability checking
time: 0.000 	unused lib feature checking
time: 0.005 	lint checking
time: 0.000 	resolving dependency formats
time: 0.409 	translation
  time: 0.051 	llvm function passes
  time: 0.922 	llvm module passes
  time: 0.402 	codegen passes
  time: 0.001 	codegen passes
time: 1.397 	LLVM passes
  time: 0.023 	running linker
time: 0.040 	linking
rustc: x86_64-unknown-linux-gnu/stage2/lib/rustlib/x86_64-unknown-linux-gnu/lib/librbml
time: 0.006 	parsing
time: 0.002 	configuration 1
time: 0.000 	recursion limit
time: 0.000 	gated macro checking
time: 0.000 	crate injection
time: 0.003 	macro loading
time: 0.000 	plugin loading
time: 0.000 	plugin registration
time: 0.023 	expansion
time: 0.000 	complete gated feature checking 1
time: 0.003 	configuration 2
time: 0.002 	maybe building test harness
time: 0.002 	prelude injection
time: 0.000 	checking that all macro invocations are gone
time: 0.000 	complete gated feature checking 2
time: 0.002 	assigning node ids and indexing ast
time: 0.000 	external crate/lib resolution
time: 0.000 	language item collection
time: 0.007 	resolution
time: 0.000 	lifetime resolution
time: 0.000 	looking for entry point
time: 0.000 	looking for plugin registrar
time: 0.002 	region resolution
time: 0.000 	loop checking
time: 0.000 	static item recursion checking
time: 0.002 	type collecting
time: 0.000 	variance inference
time: 0.057 	coherence checking
time: 0.226 	type checking
time: 0.037 	const checking
time: 0.001 	privacy checking
time: 0.000 	stability index
time: 0.001 	intrinsic checking
time: 0.000 	effect checking
time: 0.002 	match checking
time: 0.001 	liveness checking
time: 0.035 	borrow checking
time: 0.030 	rvalue checking
time: 0.000 	reachability checking
time: 0.001 	death checking
time: 0.002 	stability checking
time: 0.000 	unused lib feature checking
time: 0.007 	lint checking
time: 0.000 	resolving dependency formats
time: 0.139 	translation
  time: 0.021 	llvm function passes
  time: 0.209 	llvm module passes
  time: 0.124 	codegen passes
  time: 0.001 	codegen passes
time: 0.362 	LLVM passes
  time: 0.025 	running linker
time: 0.034 	linking
rustc: x86_64-unknown-linux-gnu/stage2/lib/rustlib/x86_64-unknown-linux-gnu/lib/libtest
time: 0.008 	parsing
time: 0.002 	configuration 1
time: 0.000 	recursion limit
time: 0.000 	gated macro checking
time: 0.000 	crate injection
time: 0.003 	macro loading
time: 0.000 	plugin loading
time: 0.000 	plugin registration
time: 0.018 	expansion
time: 0.000 	complete gated feature checking 1
time: 0.003 	configuration 2
time: 0.002 	maybe building test harness
time: 0.002 	prelude injection
time: 0.000 	checking that all macro invocations are gone
time: 0.000 	complete gated feature checking 2
time: 0.002 	assigning node ids and indexing ast
time: 0.001 	external crate/lib resolution
time: 0.000 	language item collection
time: 0.010 	resolution
time: 0.000 	lifetime resolution
time: 0.000 	looking for entry point
time: 0.000 	looking for plugin registrar
time: 0.001 	region resolution
time: 0.000 	loop checking
time: 0.000 	static item recursion checking
time: 0.002 	type collecting
time: 0.000 	variance inference
time: 0.023 	coherence checking
time: 0.294 	type checking
time: 0.027 	const checking
time: 0.001 	privacy checking
time: 0.000 	stability index
time: 0.000 	intrinsic checking
time: 0.000 	effect checking
time: 0.002 	match checking
time: 0.001 	liveness checking
time: 0.021 	borrow checking
time: 0.020 	rvalue checking
time: 0.000 	reachability checking
time: 0.001 	death checking
time: 0.002 	stability checking
time: 0.000 	unused lib feature checking
time: 0.007 	lint checking
time: 0.000 	resolving dependency formats
time: 0.892 	translation
  time: 0.125 	llvm function passes
  time: 2.492 	llvm module passes
  time: 0.823 	codegen passes
  time: 0.001 	codegen passes
time: 3.492 	LLVM passes
  time: 0.029 	running linker
time: 0.065 	linking
rustc: x86_64-unknown-linux-gnu/stage2/lib/rustlib/x86_64-unknown-linux-gnu/lib/libgraphviz
time: 0.002 	parsing
time: 0.001 	configuration 1
time: 0.000 	recursion limit
time: 0.000 	gated macro checking
time: 0.000 	crate injection
time: 0.003 	macro loading
time: 0.000 	plugin loading
time: 0.000 	plugin registration
time: 0.003 	expansion
time: 0.000 	complete gated feature checking 1
time: 0.001 	configuration 2
time: 0.000 	maybe building test harness
time: 0.000 	prelude injection
time: 0.000 	checking that all macro invocations are gone
time: 0.000 	complete gated feature checking 2
time: 0.000 	assigning node ids and indexing ast
time: 0.000 	external crate/lib resolution
time: 0.000 	language item collection
time: 0.003 	resolution
time: 0.000 	lifetime resolution
time: 0.000 	looking for entry point
time: 0.000 	looking for plugin registrar
time: 0.000 	region resolution
time: 0.000 	loop checking
time: 0.000 	static item recursion checking
time: 0.001 	type collecting
time: 0.000 	variance inference
time: 0.017 	coherence checking
time: 0.094 	type checking
time: 0.004 	const checking
time: 0.000 	privacy checking
time: 0.000 	stability index
time: 0.000 	intrinsic checking
time: 0.000 	effect checking
time: 0.001 	match checking
time: 0.000 	liveness checking
time: 0.004 	borrow checking
time: 0.005 	rvalue checking
time: 0.000 	reachability checking
time: 0.000 	death checking
time: 0.001 	stability checking
time: 0.000 	unused lib feature checking
time: 0.001 	lint checking
time: 0.000 	resolving dependency formats
time: 0.066 	translation
  time: 0.009 	llvm function passes
  time: 0.064 	llvm module passes
  time: 0.022 	codegen passes
  time: 0.000 	codegen passes
time: 0.098 	LLVM passes
  time: 0.016 	running linker
time: 0.020 	linking
rustc: x86_64-unknown-linux-gnu/stage2/lib/rustlib/x86_64-unknown-linux-gnu/lib/libfmt_macros
time: 0.002 	parsing
time: 0.001 	configuration 1
time: 0.000 	recursion limit
time: 0.000 	gated macro checking
time: 0.000 	crate injection
time: 0.003 	macro loading
time: 0.000 	plugin loading
time: 0.000 	plugin registration
time: 0.005 	expansion
time: 0.000 	complete gated feature checking 1
time: 0.001 	configuration 2
time: 0.001 	maybe building test harness
time: 0.001 	prelude injection
time: 0.000 	checking that all macro invocations are gone
time: 0.000 	complete gated feature checking 2
time: 0.001 	assigning node ids and indexing ast
time: 0.000 	external crate/lib resolution
time: 0.000 	language item collection
time: 0.003 	resolution
time: 0.000 	lifetime resolution
time: 0.000 	looking for entry point
time: 0.000 	looking for plugin registrar
time: 0.000 	region resolution
time: 0.000 	loop checking
time: 0.000 	static item recursion checking
time: 0.001 	type collecting
time: 0.000 	variance inference
time: 0.062 	coherence checking
time: 0.049 	type checking
time: 0.004 	const checking
time: 0.000 	privacy checking
time: 0.000 	stability index
time: 0.000 	intrinsic checking
time: 0.000 	effect checking
time: 0.001 	match checking
time: 0.000 	liveness checking
time: 0.004 	borrow checking
time: 0.003 	rvalue checking
time: 0.000 	reachability checking
time: 0.000 	death checking
time: 0.001 	stability checking
time: 0.000 	unused lib feature checking
time: 0.002 	lint checking
time: 0.000 	resolving dependency formats
time: 0.093 	translation
  time: 0.015 	llvm function passes
  time: 0.225 	llvm module passes
  time: 0.098 	codegen passes
  time: 0.001 	codegen passes
time: 0.345 	LLVM passes
  time: 0.021 	running linker
time: 0.028 	linking
rustc: x86_64-unknown-linux-gnu/stage2/lib/rustlib/x86_64-unknown-linux-gnu/lib/libsyntax
time: 0.133 	parsing
time: 0.044 	configuration 1
time: 0.000 	recursion limit
time: 0.003 	gated macro checking
time: 0.000 	crate injection
time: 0.006 	macro loading
time: 0.000 	plugin loading
time: 0.000 	plugin registration
time: 0.645 	expansion
time: 0.020 	complete gated feature checking 1
time: 0.122 	configuration 2
time: 0.064 	maybe building test harness
time: 0.058 	prelude injection
time: 0.009 	checking that all macro invocations are gone
time: 0.021 	complete gated feature checking 2
time: 0.080 	assigning node ids and indexing ast
time: 0.010 	external crate/lib resolution
time: 0.018 	language item collection
time: 0.252 	resolution
time: 0.016 	lifetime resolution
time: 0.000 	looking for entry point
time: 0.009 	looking for plugin registrar
time: 0.082 	region resolution
time: 0.009 	loop checking
time: 0.009 	static item recursion checking
time: 0.056 	type collecting
time: 0.019 	variance inference
time: 0.152 	coherence checking
time: 15.729 	type checking
time: 1.873 	const checking
time: 0.092 	privacy checking
time: 0.002 	stability index
time: 0.026 	intrinsic checking
time: 0.023 	effect checking
time: 0.150 	match checking
time: 0.069 	liveness checking
time: 2.781 	borrow checking
time: 1.799 	rvalue checking
time: 0.025 	reachability checking
time: 0.067 	death checking
time: 0.074 	stability checking
time: 0.000 	unused lib feature checking
time: 0.312 	lint checking
time: 0.000 	resolving dependency formats
time: 13.531 	translation
  time: 1.895 	llvm function passes
  time: 45.467 	llvm module passes
  time: 17.553 	codegen passes
  time: 0.006 	codegen passes
time: 66.288 	LLVM passes
  time: 0.172 	running linker
time: 0.810 	linking
rustc: x86_64-unknown-linux-gnu/stage2/lib/rustlib/x86_64-unknown-linux-gnu/lib/librustc_llvm
time: 0.008 	parsing
time: 0.001 	configuration 1
time: 0.000 	recursion limit
time: 0.000 	gated macro checking
time: 0.000 	crate injection
time: 0.003 	macro loading
time: 0.000 	plugin loading
time: 0.000 	plugin registration
time: 0.014 	expansion
time: 0.000 	complete gated feature checking 1
time: 0.003 	configuration 2
time: 0.001 	maybe building test harness
time: 0.002 	prelude injection
time: 0.000 	checking that all macro invocations are gone
time: 0.000 	complete gated feature checking 2
time: 0.002 	assigning node ids and indexing ast
time: 0.000 	external crate/lib resolution
time: 0.000 	language item collection
time: 0.010 	resolution
time: 0.000 	lifetime resolution
time: 0.000 	looking for entry point
time: 0.000 	looking for plugin registrar
time: 0.001 	region resolution
time: 0.000 	loop checking
time: 0.000 	static item recursion checking
time: 0.003 	type collecting
time: 0.000 	variance inference
time: 0.072 	coherence checking
time: 0.120 	type checking
time: 0.007 	const checking
time: 0.001 	privacy checking
time: 0.000 	stability index
time: 0.000 	intrinsic checking
time: 0.000 	effect checking
time: 0.001 	match checking
time: 0.000 	liveness checking
time: 0.006 	borrow checking
time: 0.004 	rvalue checking
time: 0.000 	reachability checking
time: 0.001 	death checking
time: 0.001 	stability checking
time: 0.000 	unused lib feature checking
time: 0.006 	lint checking
time: 0.000 	resolving dependency formats
time: 0.125 	translation
  time: 0.016 	llvm function passes
  time: 0.080 	llvm module passes
  time: 0.057 	codegen passes
  time: 0.001 	codegen passes
time: 0.157 	LLVM passes
  time: 1.303 	running linker
time: 1.534 	linking
rustc: x86_64-unknown-linux-gnu/stage2/lib/rustlib/x86_64-unknown-linux-gnu/lib/librustc_back
time: 0.009 	parsing
time: 0.003 	configuration 1
time: 0.000 	recursion limit
time: 0.000 	gated macro checking
time: 0.000 	crate injection
time: 0.003 	macro loading
time: 0.000 	plugin loading
time: 0.000 	plugin registration
time: 0.036 	expansion
time: 0.001 	complete gated feature checking 1
time: 0.006 	configuration 2
time: 0.003 	maybe building test harness
time: 0.003 	prelude injection
time: 0.000 	checking that all macro invocations are gone
time: 0.000 	complete gated feature checking 2
time: 0.003 	assigning node ids and indexing ast
time: 0.003 	external crate/lib resolution
time: 0.000 	language item collection
time: 0.020 	resolution
time: 0.000 	lifetime resolution
time: 0.000 	looking for entry point
time: 0.000 	looking for plugin registrar
time: 0.002 	region resolution
time: 0.000 	loop checking
time: 0.000 	static item recursion checking
time: 0.002 	type collecting
time: 0.000 	variance inference
time: 0.028 	coherence checking
time: 0.517 	type checking
time: 0.059 	const checking
time: 0.002 	privacy checking
time: 0.000 	stability index
time: 0.001 	intrinsic checking
time: 0.000 	effect checking
time: 0.002 	match checking
time: 0.002 	liveness checking
time: 0.034 	borrow checking
time: 0.028 	rvalue checking
time: 0.000 	reachability checking
time: 0.002 	death checking
time: 0.004 	stability checking
time: 0.000 	unused lib feature checking
time: 0.014 	lint checking
time: 0.000 	resolving dependency formats
time: 1.311 	translation
  time: 0.178 	llvm function passes
  time: 3.381 	llvm module passes
  time: 1.197 	codegen passes
  time: 0.001 	codegen passes
time: 4.857 	LLVM passes
  time: 0.086 	running linker
time: 0.145 	linking
rustc: x86_64-unknown-linux-gnu/stage2/lib/rustlib/x86_64-unknown-linux-gnu/lib/librustc_data_structures
time: 0.005 	parsing
time: 0.001 	configuration 1
time: 0.000 	recursion limit
time: 0.000 	gated macro checking
time: 0.000 	crate injection
time: 0.003 	macro loading
time: 0.000 	plugin loading
time: 0.000 	plugin registration
time: 0.010 	expansion
time: 0.000 	complete gated feature checking 1
time: 0.002 	configuration 2
time: 0.001 	maybe building test harness
time: 0.001 	prelude injection
time: 0.000 	checking that all macro invocations are gone
time: 0.000 	complete gated feature checking 2
time: 0.001 	assigning node ids and indexing ast
time: 0.000 	external crate/lib resolution
time: 0.000 	language item collection
time: 0.006 	resolution
time: 0.000 	lifetime resolution
time: 0.000 	looking for entry point
time: 0.000 	looking for plugin registrar
time: 0.000 	region resolution
time: 0.000 	loop checking
time: 0.000 	static item recursion checking
time: 0.002 	type collecting
time: 0.000 	variance inference
time: 0.065 	coherence checking
time: 0.190 	type checking
time: 0.023 	const checking
time: 0.001 	privacy checking
time: 0.000 	stability index
time: 0.001 	intrinsic checking
time: 0.000 	effect checking
time: 0.006 	match checking
time: 0.000 	liveness checking
time: 0.036 	borrow checking
time: 0.027 	rvalue checking
time: 0.000 	reachability checking
time: 0.000 	death checking
time: 0.001 	stability checking
time: 0.000 	unused lib feature checking
time: 0.003 	lint checking
time: 0.000 	resolving dependency formats
time: 0.074 	translation
  time: 0.005 	llvm function passes
  time: 0.022 	llvm module passes
  time: 0.008 	codegen passes
  time: 0.001 	codegen passes
time: 0.039 	LLVM passes
  time: 0.022 	running linker
time: 0.026 	linking
rustc: x86_64-unknown-linux-gnu/stage2/lib/rustlib/x86_64-unknown-linux-gnu/lib/librustc
time: 0.189 	parsing
time: 0.063 	configuration 1
time: 0.000 	recursion limit
time: 0.004 	gated macro checking
time: 0.000 	crate injection
time: 0.008 	macro loading
time: 0.000 	plugin loading
time: 0.000 	plugin registration
time: 0.850 	expansion
time: 0.025 	complete gated feature checking 1
time: 0.147 	configuration 2
time: 0.077 	maybe building test harness
time: 0.070 	prelude injection
time: 0.011 	checking that all macro invocations are gone
time: 0.025 	complete gated feature checking 2
time: 0.096 	assigning node ids and indexing ast
time: 0.014 	external crate/lib resolution
time: 0.023 	language item collection
time: 0.290 	resolution
time: 0.019 	lifetime resolution
time: 0.000 	looking for entry point
time: 0.011 	looking for plugin registrar
time: 0.090 	region resolution
time: 0.011 	loop checking
time: 0.012 	static item recursion checking
time: 0.073 	type collecting
time: 0.025 	variance inference
time: 0.185 	coherence checking
time: 11.457 	type checking
time: 2.143 	const checking
time: 0.115 	privacy checking
time: 0.002 	stability index
time: 0.033 	intrinsic checking
time: 0.024 	effect checking
time: 0.147 	match checking
time: 0.065 	liveness checking
time: 1.577 	borrow checking
time: 1.320 	rvalue checking
time: 0.030 	reachability checking
time: 0.079 	death checking
time: 0.088 	stability checking
time: 0.000 	unused lib feature checking
time: 0.353 	lint checking
time: 0.000 	resolving dependency formats
time: 26.967 	translation
  time: 3.740 	llvm function passes
  time: 79.214 	llvm module passes
  time: 23.323 	codegen passes
  time: 0.008 	codegen passes
time: 108.462 	LLVM passes
  time: 0.311 	running linker
time: 1.307 	linking
rustc: x86_64-unknown-linux-gnu/stage2/lib/rustlib/x86_64-unknown-linux-gnu/lib/librustc_typeck
time: 0.075 	parsing
time: 0.024 	configuration 1
time: 0.000 	recursion limit
time: 0.002 	gated macro checking
time: 0.000 	crate injection
time: 0.005 	macro loading
time: 0.000 	plugin loading
time: 0.000 	plugin registration
time: 0.319 	expansion
time: 0.009 	complete gated feature checking 1
time: 0.047 	configuration 2
time: 0.025 	maybe building test harness
time: 0.023 	prelude injection
time: 0.004 	checking that all macro invocations are gone
time: 0.009 	complete gated feature checking 2
time: 0.032 	assigning node ids and indexing ast
time: 0.026 	external crate/lib resolution
time: 0.008 	language item collection
time: 0.110 	resolution
time: 0.006 	lifetime resolution
time: 0.000 	looking for entry point
time: 0.004 	looking for plugin registrar
time: 0.025 	region resolution
time: 0.004 	loop checking
time: 0.004 	static item recursion checking
time: 0.021 	type collecting
time: 0.008 	variance inference
time: 0.127 	coherence checking
time: 4.897 	type checking
time: 1.246 	const checking
time: 0.055 	privacy checking
time: 0.000 	stability index
time: 0.011 	intrinsic checking
time: 0.008 	effect checking
time: 0.024 	match checking
time: 0.026 	liveness checking
time: 0.272 	borrow checking
time: 0.322 	rvalue checking
time: 0.001 	reachability checking
time: 0.041 	death checking
time: 0.052 	stability checking
time: 0.000 	unused lib feature checking
time: 0.144 	lint checking
time: 0.000 	resolving dependency formats
time: 12.115 	translation
  time: 1.490 	llvm function passes
  time: 28.268 	llvm module passes
  time: 7.877 	codegen passes
  time: 0.002 	codegen passes
time: 38.351 	LLVM passes
  time: 0.152 	running linker
time: 0.477 	linking
rustc: x86_64-unknown-linux-gnu/stage2/lib/rustlib/x86_64-unknown-linux-gnu/lib/librustc_borrowck
time: 0.016 	parsing
time: 0.004 	configuration 1
time: 0.000 	recursion limit
time: 0.000 	gated macro checking
time: 0.000 	crate injection
time: 0.004 	macro loading
time: 0.000 	plugin loading
time: 0.000 	plugin registration
time: 0.065 	expansion
time: 0.001 	complete gated feature checking 1
time: 0.010 	configuration 2
time: 0.005 	maybe building test harness
time: 0.005 	prelude injection
time: 0.000 	checking that all macro invocations are gone
time: 0.001 	complete gated feature checking 2
time: 0.006 	assigning node ids and indexing ast
time: 0.027 	external crate/lib resolution
time: 0.001 	language item collection
time: 0.028 	resolution
time: 0.001 	lifetime resolution
time: 0.000 	looking for entry point
time: 0.000 	looking for plugin registrar
time: 0.004 	region resolution
time: 0.001 	loop checking
time: 0.000 	static item recursion checking
time: 0.004 	type collecting
time: 0.001 	variance inference
time: 0.055 	coherence checking
time: 0.774 	type checking
time: 0.175 	const checking
time: 0.007 	privacy checking
time: 0.000 	stability index
time: 0.001 	intrinsic checking
time: 0.001 	effect checking
time: 0.005 	match checking
time: 0.004 	liveness checking
time: 0.055 	borrow checking
time: 0.060 	rvalue checking
time: 0.000 	reachability checking
time: 0.005 	death checking
time: 0.008 	stability checking
time: 0.000 	unused lib feature checking
time: 0.027 	lint checking
time: 0.000 	resolving dependency formats
time: 2.038 	translation
  time: 0.291 	llvm function passes
  time: 3.828 	llvm module passes
  time: 1.312 	codegen passes
  time: 0.001 	codegen passes
time: 5.547 	LLVM passes
  time: 0.059 	running linker
time: 0.120 	linking
rustc: x86_64-unknown-linux-gnu/stage2/lib/rustlib/x86_64-unknown-linux-gnu/lib/librustc_resolve
time: 0.018 	parsing
time: 0.006 	configuration 1
time: 0.000 	recursion limit
time: 0.000 	gated macro checking
time: 0.000 	crate injection
time: 0.005 	macro loading
time: 0.000 	plugin loading
time: 0.000 	plugin registration
time: 0.076 	expansion
time: 0.002 	complete gated feature checking 1
time: 0.012 	configuration 2
time: 0.006 	maybe building test harness
time: 0.006 	prelude injection
time: 0.000 	checking that all macro invocations are gone
time: 0.001 	complete gated feature checking 2
time: 0.007 	assigning node ids and indexing ast
time: 0.027 	external crate/lib resolution
time: 0.001 	language item collection
time: 0.036 	resolution
time: 0.001 	lifetime resolution
time: 0.000 	looking for entry point
time: 0.000 	looking for plugin registrar
time: 0.005 	region resolution
time: 0.001 	loop checking
time: 0.000 	static item recursion checking
time: 0.004 	type collecting
time: 0.001 	variance inference
time: 0.057 	coherence checking
time: 0.999 	type checking
time: 0.139 	const checking
time: 0.007 	privacy checking
time: 0.000 	stability index
time: 0.002 	intrinsic checking
time: 0.001 	effect checking
time: 0.006 	match checking
time: 0.005 	liveness checking
time: 0.068 	borrow checking
time: 0.061 	rvalue checking
time: 0.000 	reachability checking
time: 0.005 	death checking
time: 0.008 	stability checking
time: 0.000 	unused lib feature checking
time: 0.030 	lint checking
time: 0.000 	resolving dependency formats
time: 2.703 	translation
  time: 0.437 	llvm function passes
  time: 6.550 	llvm module passes
  time: 2.132 	codegen passes
  time: 0.001 	codegen passes
time: 9.293 	LLVM passes
  time: 0.107 	running linker
time: 0.197 	linking
rustc: x86_64-unknown-linux-gnu/stage2/lib/rustlib/x86_64-unknown-linux-gnu/lib/librustc_trans
time: 0.120 	parsing
time: 0.041 	configuration 1
time: 0.000 	recursion limit
time: 0.003 	gated macro checking
time: 0.000 	crate injection
time: 0.007 	macro loading
time: 0.000 	plugin loading
time: 0.000 	plugin registration
time: 0.456 	expansion
time: 0.012 	complete gated feature checking 1
time: 0.068 	configuration 2
time: 0.035 	maybe building test harness
time: 0.032 	prelude injection
time: 0.006 	checking that all macro invocations are gone
time: 0.012 	complete gated feature checking 2
time: 0.046 	assigning node ids and indexing ast
time: 0.026 	external crate/lib resolution
time: 0.011 	language item collection
time: 0.172 	resolution
time: 0.009 	lifetime resolution
time: 0.000 	looking for entry point
time: 0.006 	looking for plugin registrar
time: 0.043 	region resolution
time: 0.006 	loop checking
time: 0.006 	static item recursion checking
time: 0.030 	type collecting
time: 0.012 	variance inference
time: 0.135 	coherence checking
time: 5.238 	type checking
time: 1.720 	const checking
time: 0.063 	privacy checking
time: 0.001 	stability index
time: 0.017 	intrinsic checking
time: 0.013 	effect checking
time: 0.035 	match checking
time: 0.036 	liveness checking
time: 0.414 	borrow checking
time: 0.389 	rvalue checking
time: 0.001 	reachability checking
time: 0.045 	death checking
time: 0.057 	stability checking
time: 0.000 	unused lib feature checking
time: 0.189 	lint checking
time: 0.000 	resolving dependency formats
time: 11.941 	translation
  time: 1.633 	llvm function passes
  time: 28.613 	llvm module passes
  time: 9.339 	codegen passes
  time: 0.002 	codegen passes
time: 40.387 	LLVM passes
  time: 0.161 	running linker
time: 0.529 	linking
rustc: x86_64-unknown-linux-gnu/stage2/lib/rustlib/x86_64-unknown-linux-gnu/lib/librustc_privacy
time: 0.005 	parsing
time: 0.002 	configuration 1
time: 0.000 	recursion limit
time: 0.000 	gated macro checking
time: 0.000 	crate injection
time: 0.004 	macro loading
time: 0.000 	plugin loading
time: 0.000 	plugin registration
time: 0.017 	expansion
time: 0.000 	complete gated feature checking 1
time: 0.003 	configuration 2
time: 0.001 	maybe building test harness
time: 0.001 	prelude injection
time: 0.000 	checking that all macro invocations are gone
time: 0.000 	complete gated feature checking 2
time: 0.002 	assigning node ids and indexing ast
time: 0.028 	external crate/lib resolution
time: 0.000 	language item collection
time: 0.012 	resolution
time: 0.000 	lifetime resolution
time: 0.000 	looking for entry point
time: 0.000 	looking for plugin registrar
time: 0.001 	region resolution
time: 0.000 	loop checking
time: 0.000 	static item recursion checking
time: 0.001 	type collecting
time: 0.000 	variance inference
time: 0.012 	coherence checking
time: 0.353 	type checking
time: 0.038 	const checking
time: 0.002 	privacy checking
time: 0.000 	stability index
time: 0.000 	intrinsic checking
time: 0.000 	effect checking
time: 0.001 	match checking
time: 0.001 	liveness checking
time: 0.016 	borrow checking
time: 0.010 	rvalue checking
time: 0.000 	reachability checking
time: 0.002 	death checking
time: 0.003 	stability checking
time: 0.000 	unused lib feature checking
time: 0.007 	lint checking
time: 0.000 	resolving dependency formats
time: 1.135 	translation
  time: 0.162 	llvm function passes
  time: 1.175 	llvm module passes
  time: 0.374 	codegen passes
  time: 0.001 	codegen passes
time: 1.743 	LLVM passes
  time: 0.046 	running linker
time: 0.068 	linking
rustc: x86_64-unknown-linux-gnu/stage2/lib/rustlib/x86_64-unknown-linux-gnu/lib/librustc_lint
time: 0.009 	parsing
time: 0.003 	configuration 1
time: 0.000 	recursion limit
time: 0.000 	gated macro checking
time: 0.000 	crate injection
time: 0.031 	macro loading
time: 0.000 	plugin loading
time: 0.000 	plugin registration
time: 0.027 	expansion
time: 0.000 	complete gated feature checking 1
time: 0.004 	configuration 2
time: 0.002 	maybe building test harness
time: 0.002 	prelude injection
time: 0.000 	checking that all macro invocations are gone
time: 0.000 	complete gated feature checking 2
time: 0.003 	assigning node ids and indexing ast
time: 0.000 	external crate/lib resolution
time: 0.000 	language item collection
time: 0.018 	resolution
time: 0.000 	lifetime resolution
time: 0.000 	looking for entry point
time: 0.000 	looking for plugin registrar
time: 0.002 	region resolution
time: 0.000 	loop checking
time: 0.000 	static item recursion checking
time: 0.002 	type collecting
time: 0.000 	variance inference
time: 0.045 	coherence checking
time: 0.375 	type checking
time: 0.053 	const checking
time: 0.003 	privacy checking
time: 0.000 	stability index
time: 0.001 	intrinsic checking
time: 0.000 	effect checking
time: 0.002 	match checking
time: 0.001 	liveness checking
time: 0.021 	borrow checking
time: 0.014 	rvalue checking
time: 0.000 	reachability checking
time: 0.002 	death checking
time: 0.005 	stability checking
time: 0.000 	unused lib feature checking
time: 0.010 	lint checking
time: 0.000 	resolving dependency formats
time: 1.493 	translation
  time: 0.210 	llvm function passes
  time: 1.887 	llvm module passes
  time: 0.681 	codegen passes
  time: 0.001 	codegen passes
time: 2.830 	LLVM passes
  time: 0.107 	running linker
time: 0.145 	linking
rustc: x86_64-unknown-linux-gnu/stage2/lib/rustlib/x86_64-unknown-linux-gnu/lib/librustc_driver
time: 0.013 	parsing
time: 0.004 	configuration 1
time: 0.000 	recursion limit
time: 0.000 	gated macro checking
time: 0.000 	crate injection
time: 0.004 	macro loading
time: 0.000 	plugin loading
time: 0.000 	plugin registration
time: 0.027 	expansion
time: 0.000 	complete gated feature checking 1
time: 0.004 	configuration 2
time: 0.002 	maybe building test harness
time: 0.002 	prelude injection
time: 0.000 	checking that all macro invocations are gone
time: 0.000 	complete gated feature checking 2
time: 0.003 	assigning node ids and indexing ast
time: 0.028 	external crate/lib resolution
time: 0.000 	language item collection
time: 0.025 	resolution
time: 0.000 	lifetime resolution
time: 0.000 	looking for entry point
time: 0.000 	looking for plugin registrar
time: 0.002 	region resolution
time: 0.000 	loop checking
time: 0.000 	static item recursion checking
time: 0.002 	type collecting
time: 0.000 	variance inference
time: 0.092 	coherence checking
time: 0.678 	type checking
time: 0.142 	const checking
time: 0.003 	privacy checking
time: 0.000 	stability index
time: 0.001 	intrinsic checking
time: 0.000 	effect checking
time: 0.002 	match checking
time: 0.001 	liveness checking
time: 0.027 	borrow checking
time: 0.082 	rvalue checking
time: 0.000 	reachability checking
time: 0.003 	death checking
time: 0.006 	stability checking
time: 0.000 	unused lib feature checking
time: 0.013 	lint checking
time: 0.000 	resolving dependency formats
time: 6.088 	translation
  time: 1.024 	llvm function passes
  time: 18.044 	llvm module passes
  time: 4.530 	codegen passes
  time: 0.001 	codegen passes
time: 24.016 	LLVM passes
  time: 0.119 	running linker
time: 0.300 	linking
rustc: x86_64-unknown-linux-gnu/stage2/lib/rustlib/x86_64-unknown-linux-gnu/lib/librustdoc
time: 0.041 	parsing
time: 0.014 	configuration 1
time: 0.000 	recursion limit
time: 0.001 	gated macro checking
time: 0.000 	crate injection
time: 0.003 	macro loading
time: 0.000 	plugin loading
time: 0.000 	plugin registration
time: 0.198 	expansion
time: 0.007 	complete gated feature checking 1
time: 0.039 	configuration 2
time: 0.020 	maybe building test harness
time: 0.019 	prelude injection
time: 0.003 	checking that all macro invocations are gone
time: 0.005 	complete gated feature checking 2
time: 0.025 	assigning node ids and indexing ast
time: 0.034 	external crate/lib resolution
time: 0.006 	language item collection
time: 0.085 	resolution
time: 0.005 	lifetime resolution
time: 0.000 	looking for entry point
time: 0.003 	looking for plugin registrar
time: 0.020 	region resolution
time: 0.003 	loop checking
time: 0.003 	static item recursion checking
time: 0.017 	type collecting
time: 0.006 	variance inference
time: 0.062 	coherence checking
time: 6.360 	type checking
time: 1.144 	const checking
time: 0.029 	privacy checking
time: 0.000 	stability index
time: 0.006 	intrinsic checking
time: 0.005 	effect checking
time: 0.086 	match checking
time: 0.019 	liveness checking
time: 1.628 	borrow checking
time: 1.046 	rvalue checking
time: 0.003 	reachability checking
time: 0.020 	death checking
time: 0.028 	stability checking
time: 0.000 	unused lib feature checking
time: 0.090 	lint checking
time: 0.000 	resolving dependency formats
time: 15.009 	translation
  time: 1.365 	llvm function passes
  time: 35.617 	llvm module passes
  time: 10.365 	codegen passes
  time: 0.002 	codegen passes
time: 48.189 	LLVM passes
  time: 0.156 	running linker
time: 0.551 	linking
rustc: x86_64-unknown-linux-gnu/stage1/lib/rustlib/x86_64-unknown-linux-gnu/bin/rustbook
cp: x86_64-unknown-linux-gnu/stage2/bin/rustbook
rustbook: doc/book/index.html
rustbook: doc/style/index.html
rustdoc: doc/not_found.html
rustdoc: doc/index.html
rustdoc: doc/intro.html
rustdoc: doc/tutorial.html
rustdoc: doc/complement-lang-faq.html
rustdoc: doc/complement-design-faq.html
rustdoc: doc/complement-project-faq.html
rustdoc: doc/rustdoc.html
rustdoc: doc/reference.html
rustdoc: doc/grammar.html
rustdoc: doc/guide-crates.html
rustdoc: doc/guide-error-handling.html
rustdoc: doc/guide-ffi.html
rustdoc: doc/guide-macros.html
rustdoc: doc/guide.html
rustdoc: doc/guide-ownership.html
rustdoc: doc/guide-plugins.html
rustdoc: doc/guide-pointers.html
rustdoc: doc/guide-strings.html
rustdoc: doc/guide-tasks.html
rustdoc: doc/guide-testing.html
rustdoc: doc/std/index.html
rustdoc: doc/alloc/index.html
rustdoc: doc/collections/index.html
rustdoc: doc/core/index.html
rustdoc: doc/libc/index.html
rustdoc: doc/rustc_unicode/index.html
