commit 000000
Author NA
Date:   2015-05-18
cfg: version 1.2.0-dev (built 2015-05-23)
cfg: build triple x86_64-unknown-linux-gnu
cfg: host triples x86_64-unknown-linux-gnu
cfg: target triples x86_64-unknown-linux-gnu
cfg: host for x86_64-unknown-linux-gnu is x86_64
cfg: os for x86_64-unknown-linux-gnu is unknown-linux-gnu
cfg: good valgrind for x86_64-unknown-linux-gnu is 1
cfg: using CC=gcc (CFG_CC)
cfg: disabling valgrind run-pass tests
cfg: no xelatex found, disabling LaTeX docs
cfg: no pandoc found, omitting PDF and EPUB docs
rustc: x86_64-unknown-linux-gnu/stage0/lib/rustlib/x86_64-unknown-linux-gnu/lib/librustc_trans
rustc: x86_64-unknown-linux-gnu/stage0/lib/rustlib/x86_64-unknown-linux-gnu/lib/librustc_driver
rustc: x86_64-unknown-linux-gnu/stage0/lib/rustlib/x86_64-unknown-linux-gnu/bin/rustc
cp: x86_64-unknown-linux-gnu/stage1/lib/librustc_trans
cp: x86_64-unknown-linux-gnu/stage1/lib/librustc_driver
cp: x86_64-unknown-linux-gnu/stage1/bin/rustc
rustc: x86_64-unknown-linux-gnu/stage1/lib/rustlib/x86_64-unknown-linux-gnu/lib/libcore
rustc: x86_64-unknown-linux-gnu/stage1/lib/rustlib/x86_64-unknown-linux-gnu/lib/liblibc
rustc: x86_64-unknown-linux-gnu/stage1/lib/rustlib/x86_64-unknown-linux-gnu/lib/librand
rustc: x86_64-unknown-linux-gnu/stage1/lib/rustlib/x86_64-unknown-linux-gnu/lib/liballoc
rustc: x86_64-unknown-linux-gnu/stage1/lib/rustlib/x86_64-unknown-linux-gnu/lib/librustc_unicode
rustc: x86_64-unknown-linux-gnu/stage1/lib/rustlib/x86_64-unknown-linux-gnu/lib/libcollections
rustc: x86_64-unknown-linux-gnu/stage1/lib/rustlib/x86_64-unknown-linux-gnu/lib/librustc_bitflags
rustc: x86_64-unknown-linux-gnu/stage1/lib/rustlib/x86_64-unknown-linux-gnu/lib/libstd
rustc: x86_64-unknown-linux-gnu/stage1/lib/rustlib/x86_64-unknown-linux-gnu/lib/libarena
rustc: x86_64-unknown-linux-gnu/stage1/lib/rustlib/x86_64-unknown-linux-gnu/lib/libflate
rustc: x86_64-unknown-linux-gnu/stage1/lib/rustlib/x86_64-unknown-linux-gnu/lib/libgetopts
rustc: x86_64-unknown-linux-gnu/stage1/lib/rustlib/x86_64-unknown-linux-gnu/lib/libgraphviz
rustc: x86_64-unknown-linux-gnu/stage1/lib/rustlib/x86_64-unknown-linux-gnu/lib/liblog
rustc: x86_64-unknown-linux-gnu/stage1/lib/rustlib/x86_64-unknown-linux-gnu/lib/libterm
rustc: x86_64-unknown-linux-gnu/stage1/lib/rustlib/x86_64-unknown-linux-gnu/lib/libserialize
rustc: x86_64-unknown-linux-gnu/stage1/lib/rustlib/x86_64-unknown-linux-gnu/lib/libfmt_macros
rustc: x86_64-unknown-linux-gnu/stage1/lib/rustlib/x86_64-unknown-linux-gnu/lib/libsyntax
rustc: x86_64-unknown-linux-gnu/stage1/lib/rustlib/x86_64-unknown-linux-gnu/lib/librbml
rustc: x86_64-unknown-linux-gnu/stage1/lib/rustlib/x86_64-unknown-linux-gnu/lib/librustc_llvm
rustc: x86_64-unknown-linux-gnu/stage1/lib/rustlib/x86_64-unknown-linux-gnu/lib/librustc_back
rustc: x86_64-unknown-linux-gnu/stage1/lib/rustlib/x86_64-unknown-linux-gnu/lib/librustc_data_structures
rustc: x86_64-unknown-linux-gnu/stage1/lib/rustlib/x86_64-unknown-linux-gnu/lib/librustc
rustc: x86_64-unknown-linux-gnu/stage1/lib/rustlib/x86_64-unknown-linux-gnu/lib/librustc_borrowck
rustc: x86_64-unknown-linux-gnu/stage1/lib/rustlib/x86_64-unknown-linux-gnu/lib/librustc_typeck
rustc: x86_64-unknown-linux-gnu/stage1/lib/rustlib/x86_64-unknown-linux-gnu/lib/librustc_resolve
rustc: x86_64-unknown-linux-gnu/stage1/lib/rustlib/x86_64-unknown-linux-gnu/lib/librustc_trans
rustc: x86_64-unknown-linux-gnu/stage1/lib/rustlib/x86_64-unknown-linux-gnu/lib/librustc_privacy
rustc: x86_64-unknown-linux-gnu/stage1/lib/rustlib/x86_64-unknown-linux-gnu/lib/librustc_lint
rustc: x86_64-unknown-linux-gnu/stage1/lib/rustlib/x86_64-unknown-linux-gnu/lib/librustc_driver
rustc: x86_64-unknown-linux-gnu/stage1/lib/rustlib/x86_64-unknown-linux-gnu/bin/rustc
cp: x86_64-unknown-linux-gnu/stage2/lib/libstd
cp: x86_64-unknown-linux-gnu/stage2/lib/libarena
cp: x86_64-unknown-linux-gnu/stage2/lib/libflate
cp: x86_64-unknown-linux-gnu/stage2/lib/libgetopts
cp: x86_64-unknown-linux-gnu/stage2/lib/libgraphviz
cp: x86_64-unknown-linux-gnu/stage2/lib/liblog
cp: x86_64-unknown-linux-gnu/stage2/lib/libterm
cp: x86_64-unknown-linux-gnu/stage2/lib/libserialize
cp: x86_64-unknown-linux-gnu/stage2/lib/libfmt_macros
cp: x86_64-unknown-linux-gnu/stage2/lib/libsyntax
cp: x86_64-unknown-linux-gnu/stage2/lib/librbml
cp: x86_64-unknown-linux-gnu/stage2/lib/librustc_llvm
cp: x86_64-unknown-linux-gnu/stage2/lib/librustc_back
cp: x86_64-unknown-linux-gnu/stage2/lib/librustc_data_structures
cp: x86_64-unknown-linux-gnu/stage2/lib/librustc
cp: x86_64-unknown-linux-gnu/stage2/lib/librustc_borrowck
cp: x86_64-unknown-linux-gnu/stage2/lib/librustc_typeck
cp: x86_64-unknown-linux-gnu/stage2/lib/librustc_resolve
cp: x86_64-unknown-linux-gnu/stage2/lib/librustc_trans
cp: x86_64-unknown-linux-gnu/stage2/lib/librustc_privacy
cp: x86_64-unknown-linux-gnu/stage2/lib/librustc_lint
cp: x86_64-unknown-linux-gnu/stage2/lib/librustc_driver
cp: x86_64-unknown-linux-gnu/stage2/bin/rustc
rustc: x86_64-unknown-linux-gnu/stage1/lib/rustlib/x86_64-unknown-linux-gnu/lib/libtest
rustc: x86_64-unknown-linux-gnu/stage1/lib/rustlib/x86_64-unknown-linux-gnu/lib/librustdoc
rustc: x86_64-unknown-linux-gnu/stage1/lib/rustlib/x86_64-unknown-linux-gnu/bin/rustdoc
cp: x86_64-unknown-linux-gnu/stage2/lib/libtest
cp: x86_64-unknown-linux-gnu/stage2/lib/librustdoc
cp: x86_64-unknown-linux-gnu/stage2/bin/rustdoc
rustc: x86_64-unknown-linux-gnu/stage2/lib/rustlib/x86_64-unknown-linux-gnu/lib/libcore
time: 0.071 	parsing
time: 0.025 	configuration 1
time: 0.000 	recursion limit
time: 0.002 	gated macro checking
time: 0.000 	crate injection
time: 0.001 	macro loading
time: 0.000 	plugin loading
time: 0.000 	plugin registration
time: 0.484 	expansion
time: 0.011 	complete gated feature checking 1
time: 0.104 	configuration 2
time: 0.054 	maybe building test harness
time: 0.000 	prelude injection
time: 0.005 	checking that all macro invocations are gone
time: 0.011 	complete gated feature checking 2
time: 0.057 	assigning node ids and indexing ast
time: 0.005 	external crate/lib resolution
time: 0.010 	language item collection
time: 0.085 	resolution
time: 0.011 	lifetime resolution
time: 0.000 	looking for entry point
time: 0.005 	looking for plugin registrar
time: 0.028 	region resolution
time: 0.005 	loop checking
time: 0.005 	static item recursion checking
time: 0.064 	type collecting
time: 0.010 	variance inference
time: 0.686 	coherence checking
time: 5.586 	type checking
time: 0.357 	const checking
time: 0.053 	privacy checking
time: 0.007 	stability index
time: 0.029 	intrinsic checking
time: 0.010 	effect checking
time: 0.090 	match checking
time: 0.026 	liveness checking
time: 0.662 	borrow checking
time: 0.438 	rvalue checking
time: 0.017 	reachability checking
time: 0.034 	death checking
time: 0.029 	stability checking
time: 0.000 	unused lib feature checking
time: 0.128 	lint checking
time: 0.000 	resolving dependency formats
time: 1.652 	translation
  time: 0.176 	llvm function passes
  time: 1.378 	llvm module passes
  time: 1.212 	codegen passes
  time: 0.007 	codegen passes
time: 2.826 	LLVM passes
time: 0.070 	linking
rustc: x86_64-unknown-linux-gnu/stage2/lib/rustlib/x86_64-unknown-linux-gnu/lib/liblibc
time: 0.022 	parsing
time: 0.004 	configuration 1
time: 0.000 	recursion limit
time: 0.000 	gated macro checking
time: 0.000 	crate injection
time: 0.000 	macro loading
time: 0.000 	plugin loading
time: 0.000 	plugin registration
time: 0.009 	expansion
time: 0.000 	complete gated feature checking 1
time: 0.002 	configuration 2
time: 0.001 	maybe building test harness
time: 0.000 	prelude injection
time: 0.000 	checking that all macro invocations are gone
time: 0.000 	complete gated feature checking 2
time: 0.001 	assigning node ids and indexing ast
time: 0.001 	external crate/lib resolution
time: 0.000 	language item collection
time: 0.003 	resolution
time: 0.000 	lifetime resolution
time: 0.000 	looking for entry point
time: 0.000 	looking for plugin registrar
time: 0.000 	region resolution
time: 0.000 	loop checking
time: 0.000 	static item recursion checking
time: 0.001 	type collecting
time: 0.000 	variance inference
time: 0.004 	coherence checking
time: 0.033 	type checking
time: 0.002 	const checking
time: 0.001 	privacy checking
time: 0.000 	stability index
time: 0.000 	intrinsic checking
time: 0.000 	effect checking
time: 0.000 	match checking
time: 0.000 	liveness checking
time: 0.002 	borrow checking
time: 0.001 	rvalue checking
time: 0.000 	reachability checking
time: 0.001 	death checking
time: 0.005 	stability checking
time: 0.000 	unused lib feature checking
time: 0.008 	lint checking
time: 0.000 	resolving dependency formats
time: 0.038 	translation
  time: 0.002 	llvm function passes
  time: 0.008 	llvm module passes
  time: 0.008 	codegen passes
  time: 0.001 	codegen passes
time: 0.021 	LLVM passes
time: 0.004 	linking
rustc: x86_64-unknown-linux-gnu/stage2/lib/rustlib/x86_64-unknown-linux-gnu/lib/librand
time: 0.013 	parsing
time: 0.004 	configuration 1
time: 0.000 	recursion limit
time: 0.000 	gated macro checking
time: 0.000 	crate injection
time: 0.002 	macro loading
time: 0.000 	plugin loading
time: 0.000 	plugin registration
time: 0.026 	expansion
time: 0.000 	complete gated feature checking 1
time: 0.006 	configuration 2
time: 0.003 	maybe building test harness
time: 0.000 	prelude injection
time: 0.000 	checking that all macro invocations are gone
time: 0.000 	complete gated feature checking 2
time: 0.003 	assigning node ids and indexing ast
time: 0.000 	external crate/lib resolution
time: 0.000 	language item collection
time: 0.007 	resolution
time: 0.000 	lifetime resolution
time: 0.000 	looking for entry point
time: 0.000 	looking for plugin registrar
time: 0.001 	region resolution
time: 0.000 	loop checking
time: 0.000 	static item recursion checking
time: 0.002 	type collecting
time: 0.000 	variance inference
time: 0.028 	coherence checking
time: 0.348 	type checking
time: 0.017 	const checking
time: 0.002 	privacy checking
time: 0.000 	stability index
time: 0.001 	intrinsic checking
time: 0.000 	effect checking
time: 0.002 	match checking
time: 0.001 	liveness checking
time: 0.030 	borrow checking
time: 0.017 	rvalue checking
time: 0.000 	reachability checking
time: 0.001 	death checking
time: 0.015 	stability checking
time: 0.000 	unused lib feature checking
time: 0.024 	lint checking
time: 0.000 	resolving dependency formats
time: 0.187 	translation
  time: 0.021 	llvm function passes
  time: 0.119 	llvm module passes
  time: 0.049 	codegen passes
  time: 0.001 	codegen passes
time: 0.194 	LLVM passes
time: 0.006 	linking
rustc: x86_64-unknown-linux-gnu/stage2/lib/rustlib/x86_64-unknown-linux-gnu/lib/liballoc
time: 0.012 	parsing
time: 0.004 	configuration 1
time: 0.000 	recursion limit
time: 0.000 	gated macro checking
time: 0.000 	crate injection
time: 0.002 	macro loading
time: 0.000 	plugin loading
time: 0.000 	plugin registration
time: 0.008 	expansion
time: 0.000 	complete gated feature checking 1
time: 0.002 	configuration 2
time: 0.001 	maybe building test harness
time: 0.000 	prelude injection
time: 0.000 	checking that all macro invocations are gone
time: 0.000 	complete gated feature checking 2
time: 0.001 	assigning node ids and indexing ast
time: 0.000 	external crate/lib resolution
time: 0.000 	language item collection
time: 0.007 	resolution
time: 0.000 	lifetime resolution
time: 0.000 	looking for entry point
time: 0.000 	looking for plugin registrar
time: 0.000 	region resolution
time: 0.000 	loop checking
time: 0.000 	static item recursion checking
time: 0.002 	type collecting
time: 0.000 	variance inference
time: 0.038 	coherence checking
time: 0.067 	type checking
time: 0.009 	const checking
time: 0.000 	privacy checking
time: 0.000 	stability index
time: 0.000 	intrinsic checking
time: 0.000 	effect checking
time: 0.002 	match checking
time: 0.000 	liveness checking
time: 0.014 	borrow checking
time: 0.009 	rvalue checking
time: 0.000 	reachability checking
time: 0.000 	death checking
time: 0.018 	stability checking
time: 0.000 	unused lib feature checking
time: 0.019 	lint checking
time: 0.000 	resolving dependency formats
time: 0.033 	translation
  time: 0.001 	llvm function passes
  time: 0.003 	llvm module passes
  time: 0.006 	codegen passes
  time: 0.001 	codegen passes
time: 0.014 	LLVM passes
time: 0.007 	linking
rustc: x86_64-unknown-linux-gnu/stage2/lib/rustlib/x86_64-unknown-linux-gnu/lib/librustc_unicode
time: 0.078 	parsing
time: 0.018 	configuration 1
time: 0.000 	recursion limit
time: 0.001 	gated macro checking
time: 0.000 	crate injection
time: 0.000 	macro loading
time: 0.000 	plugin loading
time: 0.000 	plugin registration
time: 0.123 	expansion
time: 0.001 	complete gated feature checking 1
time: 0.018 	configuration 2
time: 0.009 	maybe building test harness
time: 0.000 	prelude injection
time: 0.001 	checking that all macro invocations are gone
time: 0.001 	complete gated feature checking 2
time: 0.010 	assigning node ids and indexing ast
time: 0.002 	external crate/lib resolution
time: 0.001 	language item collection
time: 0.010 	resolution
time: 0.001 	lifetime resolution
time: 0.000 	looking for entry point
time: 0.001 	looking for plugin registrar
time: 0.012 	region resolution
time: 0.001 	loop checking
time: 0.001 	static item recursion checking
time: 0.002 	type collecting
time: 0.001 	variance inference
time: 0.038 	coherence checking
time: 0.328 	type checking
time: 0.046 	const checking
time: 0.005 	privacy checking
time: 0.001 	stability index
time: 0.001 	intrinsic checking
time: 0.001 	effect checking
time: 0.002 	match checking
time: 0.001 	liveness checking
time: 0.012 	borrow checking
time: 0.006 	rvalue checking
time: 0.001 	reachability checking
time: 0.002 	death checking
time: 0.012 	stability checking
time: 0.000 	unused lib feature checking
time: 0.033 	lint checking
time: 0.000 	resolving dependency formats
time: 0.476 	translation
  time: 0.020 	llvm function passes
  time: 0.202 	llvm module passes
  time: 0.097 	codegen passes
  time: 0.002 	codegen passes
time: 0.333 	LLVM passes
time: 0.017 	linking
rustc: x86_64-unknown-linux-gnu/stage2/lib/rustlib/x86_64-unknown-linux-gnu/lib/libcollections
time: 0.053 	parsing
time: 0.020 	configuration 1
time: 0.000 	recursion limit
time: 0.001 	gated macro checking
time: 0.000 	crate injection
time: 0.002 	macro loading
time: 0.000 	plugin loading
time: 0.000 	plugin registration
time: 0.125 	expansion
time: 0.003 	complete gated feature checking 1
time: 0.028 	configuration 2
time: 0.014 	maybe building test harness
time: 0.000 	prelude injection
time: 0.001 	checking that all macro invocations are gone
time: 0.003 	complete gated feature checking 2
time: 0.014 	assigning node ids and indexing ast
time: 0.002 	external crate/lib resolution
time: 0.002 	language item collection
time: 0.040 	resolution
time: 0.003 	lifetime resolution
time: 0.000 	looking for entry point
time: 0.001 	looking for plugin registrar
time: 0.009 	region resolution
time: 0.002 	loop checking
time: 0.001 	static item recursion checking
time: 0.016 	type collecting
time: 0.003 	variance inference
time: 0.138 	coherence checking
time: 1.926 	type checking
time: 0.149 	const checking
time: 0.011 	privacy checking
time: 0.001 	stability index
time: 0.007 	intrinsic checking
time: 0.003 	effect checking
time: 0.041 	match checking
time: 0.007 	liveness checking
time: 0.299 	borrow checking
time: 0.233 	rvalue checking
time: 0.004 	reachability checking
time: 0.009 	death checking
time: 0.141 	stability checking
time: 0.000 	unused lib feature checking
time: 0.161 	lint checking
time: 0.000 	resolving dependency formats
time: 1.038 	translation
  time: 0.078 	llvm function passes
  time: 0.795 	llvm module passes
  time: 0.387 	codegen passes
  time: 0.003 	codegen passes
time: 1.298 	LLVM passes
time: 0.044 	linking
rustc: x86_64-unknown-linux-gnu/stage2/lib/rustlib/x86_64-unknown-linux-gnu/lib/librustc_bitflags
time: 0.001 	parsing
time: 0.000 	configuration 1
time: 0.000 	recursion limit
time: 0.000 	gated macro checking
time: 0.000 	crate injection
time: 0.000 	macro loading
time: 0.000 	plugin loading
time: 0.000 	plugin registration
time: 0.000 	expansion
time: 0.000 	complete gated feature checking 1
time: 0.000 	configuration 2
time: 0.000 	maybe building test harness
time: 0.000 	prelude injection
time: 0.000 	checking that all macro invocations are gone
time: 0.000 	complete gated feature checking 2
time: 0.000 	assigning node ids and indexing ast
time: 0.000 	external crate/lib resolution
time: 0.000 	language item collection
time: 0.000 	resolution
time: 0.000 	lifetime resolution
time: 0.000 	looking for entry point
time: 0.000 	looking for plugin registrar
time: 0.000 	region resolution
time: 0.000 	loop checking
time: 0.000 	static item recursion checking
time: 0.000 	type collecting
time: 0.000 	variance inference
time: 0.000 	coherence checking
time: 0.000 	type checking
time: 0.000 	const checking
time: 0.000 	privacy checking
time: 0.000 	stability index
time: 0.000 	intrinsic checking
time: 0.000 	effect checking
time: 0.000 	match checking
time: 0.000 	liveness checking
time: 0.000 	borrow checking
time: 0.000 	rvalue checking
time: 0.000 	reachability checking
time: 0.000 	death checking
time: 0.000 	stability checking
time: 0.000 	unused lib feature checking
time: 0.000 	lint checking
time: 0.000 	resolving dependency formats
time: 0.001 	translation
  time: 0.000 	llvm function passes
  time: 0.000 	llvm module passes
  time: 0.001 	codegen passes
  time: 0.000 	codegen passes
time: 0.003 	LLVM passes
time: 0.003 	linking
rustc: x86_64-unknown-linux-gnu/stage2/lib/rustlib/x86_64-unknown-linux-gnu/lib/libstd
time: 0.164 	parsing
time: 0.052 	configuration 1
time: 0.000 	recursion limit
time: 0.002 	gated macro checking
time: 0.000 	crate injection
time: 0.006 	macro loading
time: 0.000 	plugin loading
time: 0.000 	plugin registration
time: 0.264 	expansion
time: 0.008 	complete gated feature checking 1
time: 0.055 	configuration 2
time: 0.027 	maybe building test harness
time: 0.000 	prelude injection
time: 0.003 	checking that all macro invocations are gone
time: 0.008 	complete gated feature checking 2
time: 0.030 	assigning node ids and indexing ast
time: 0.003 	external crate/lib resolution
time: 0.005 	language item collection
time: 0.070 	resolution
time: 0.006 	lifetime resolution
time: 0.000 	looking for entry point
time: 0.003 	looking for plugin registrar
time: 0.020 	region resolution
time: 0.003 	loop checking
time: 0.003 	static item recursion checking
time: 0.028 	type collecting
time: 0.007 	variance inference
time: 0.118 	coherence checking
time: 1.799 	type checking
time: 0.322 	const checking
time: 0.039 	privacy checking
time: 0.003 	stability index
time: 0.014 	intrinsic checking
time: 0.007 	effect checking
time: 0.059 	match checking
time: 0.019 	liveness checking
time: 0.502 	borrow checking
time: 0.342 	rvalue checking
time: 0.008 	reachability checking
time: 0.020 	death checking
time: 0.288 	stability checking
time: 0.000 	unused lib feature checking
time: 0.345 	lint checking
time: 0.000 	resolving dependency formats
time: 1.899 	translation
  time: 0.292 	llvm function passes
  time: 3.888 	llvm module passes
  time: 1.698 	codegen passes
  time: 0.004 	codegen passes
time: 5.998 	LLVM passes
  time: 0.183 	running linker
time: 0.271 	linking
rustc: x86_64-unknown-linux-gnu/stage2/lib/rustlib/x86_64-unknown-linux-gnu/lib/libflate
time: 0.001 	parsing
time: 0.000 	configuration 1
time: 0.000 	recursion limit
time: 0.000 	gated macro checking
time: 0.000 	crate injection
time: 0.006 	macro loading
time: 0.000 	plugin loading
time: 0.000 	plugin registration
time: 0.002 	expansion
time: 0.000 	complete gated feature checking 1
time: 0.000 	configuration 2
time: 0.000 	maybe building test harness
time: 0.000 	prelude injection
time: 0.000 	checking that all macro invocations are gone
time: 0.000 	complete gated feature checking 2
time: 0.000 	assigning node ids and indexing ast
time: 0.000 	external crate/lib resolution
time: 0.000 	language item collection
time: 0.005 	resolution
time: 0.000 	lifetime resolution
time: 0.000 	looking for entry point
time: 0.000 	looking for plugin registrar
time: 0.000 	region resolution
time: 0.000 	loop checking
time: 0.000 	static item recursion checking
time: 0.000 	type collecting
time: 0.000 	variance inference
time: 0.023 	coherence checking
time: 0.020 	type checking
time: 0.001 	const checking
time: 0.000 	privacy checking
time: 0.000 	stability index
time: 0.000 	intrinsic checking
time: 0.000 	effect checking
time: 0.000 	match checking
time: 0.000 	liveness checking
time: 0.001 	borrow checking
time: 0.001 	rvalue checking
time: 0.000 	reachability checking
time: 0.000 	death checking
time: 0.003 	stability checking
time: 0.000 	unused lib feature checking
time: 0.003 	lint checking
time: 0.000 	resolving dependency formats
time: 0.018 	translation
  time: 0.003 	llvm function passes
  time: 0.008 	llvm module passes
  time: 0.007 	codegen passes
  time: 0.000 	codegen passes
time: 0.021 	LLVM passes
  time: 0.021 	running linker
time: 0.025 	linking
rustc: x86_64-unknown-linux-gnu/stage2/lib/rustlib/x86_64-unknown-linux-gnu/lib/libarena
time: 0.002 	parsing
time: 0.001 	configuration 1
time: 0.000 	recursion limit
time: 0.000 	gated macro checking
time: 0.000 	crate injection
time: 0.006 	macro loading
time: 0.000 	plugin loading
time: 0.000 	plugin registration
time: 0.004 	expansion
time: 0.000 	complete gated feature checking 1
time: 0.001 	configuration 2
time: 0.000 	maybe building test harness
time: 0.000 	prelude injection
time: 0.000 	checking that all macro invocations are gone
time: 0.000 	complete gated feature checking 2
time: 0.000 	assigning node ids and indexing ast
time: 0.000 	external crate/lib resolution
time: 0.000 	language item collection
time: 0.003 	resolution
time: 0.000 	lifetime resolution
time: 0.000 	looking for entry point
time: 0.000 	looking for plugin registrar
time: 0.000 	region resolution
time: 0.000 	loop checking
time: 0.000 	static item recursion checking
time: 0.000 	type collecting
time: 0.000 	variance inference
time: 0.014 	coherence checking
time: 0.094 	type checking
time: 0.004 	const checking
time: 0.000 	privacy checking
time: 0.000 	stability index
time: 0.000 	intrinsic checking
time: 0.000 	effect checking
time: 0.001 	match checking
time: 0.000 	liveness checking
time: 0.005 	borrow checking
time: 0.004 	rvalue checking
time: 0.000 	reachability checking
time: 0.000 	death checking
time: 0.005 	stability checking
time: 0.000 	unused lib feature checking
time: 0.008 	lint checking
time: 0.000 	resolving dependency formats
time: 0.068 	translation
  time: 0.010 	llvm function passes
  time: 0.066 	llvm module passes
  time: 0.027 	codegen passes
  time: 0.000 	codegen passes
time: 0.107 	LLVM passes
  time: 0.016 	running linker
time: 0.020 	linking
rustc: x86_64-unknown-linux-gnu/stage2/lib/rustlib/x86_64-unknown-linux-gnu/lib/liblog
time: 0.003 	parsing
time: 0.001 	configuration 1
time: 0.000 	recursion limit
time: 0.000 	gated macro checking
time: 0.000 	crate injection
time: 0.006 	macro loading
time: 0.000 	plugin loading
time: 0.000 	plugin registration
time: 0.006 	expansion
time: 0.000 	complete gated feature checking 1
time: 0.001 	configuration 2
time: 0.001 	maybe building test harness
time: 0.000 	prelude injection
time: 0.000 	checking that all macro invocations are gone
time: 0.000 	complete gated feature checking 2
time: 0.001 	assigning node ids and indexing ast
time: 0.000 	external crate/lib resolution
time: 0.000 	language item collection
time: 0.004 	resolution
time: 0.000 	lifetime resolution
time: 0.000 	looking for entry point
time: 0.000 	looking for plugin registrar
time: 0.000 	region resolution
time: 0.000 	loop checking
time: 0.000 	static item recursion checking
time: 0.001 	type collecting
time: 0.000 	variance inference
time: 0.020 	coherence checking
time: 0.114 	type checking
time: 0.005 	const checking
time: 0.000 	privacy checking
time: 0.000 	stability index
time: 0.000 	intrinsic checking
time: 0.000 	effect checking
time: 0.000 	match checking
time: 0.000 	liveness checking
time: 0.003 	borrow checking
time: 0.003 	rvalue checking
time: 0.000 	reachability checking
time: 0.000 	death checking
time: 0.010 	stability checking
time: 0.000 	unused lib feature checking
time: 0.012 	lint checking
time: 0.000 	resolving dependency formats
time: 0.170 	translation
  time: 0.027 	llvm function passes
  time: 0.396 	llvm module passes
  time: 0.095 	codegen passes
  time: 0.001 	codegen passes
time: 0.525 	LLVM passes
  time: 0.020 	running linker
time: 0.028 	linking
rustc: x86_64-unknown-linux-gnu/stage2/lib/rustlib/x86_64-unknown-linux-gnu/lib/libterm
time: 0.009 	parsing
time: 0.002 	configuration 1
time: 0.000 	recursion limit
time: 0.000 	gated macro checking
time: 0.000 	crate injection
time: 0.007 	macro loading
time: 0.000 	plugin loading
time: 0.000 	plugin registration
time: 0.022 	expansion
time: 0.000 	complete gated feature checking 1
time: 0.003 	configuration 2
time: 0.002 	maybe building test harness
time: 0.002 	prelude injection
time: 0.000 	checking that all macro invocations are gone
time: 0.000 	complete gated feature checking 2
time: 0.002 	assigning node ids and indexing ast
time: 0.000 	external crate/lib resolution
time: 0.000 	language item collection
time: 0.007 	resolution
time: 0.000 	lifetime resolution
time: 0.000 	looking for entry point
time: 0.000 	looking for plugin registrar
time: 0.001 	region resolution
time: 0.000 	loop checking
time: 0.000 	static item recursion checking
time: 0.001 	type collecting
time: 0.000 	variance inference
time: 0.017 	coherence checking
time: 0.272 	type checking
time: 0.019 	const checking
time: 0.001 	privacy checking
time: 0.000 	stability index
time: 0.000 	intrinsic checking
time: 0.000 	effect checking
time: 0.002 	match checking
time: 0.001 	liveness checking
time: 0.016 	borrow checking
time: 0.011 	rvalue checking
time: 0.000 	reachability checking
time: 0.001 	death checking
time: 0.033 	stability checking
time: 0.000 	unused lib feature checking
time: 0.038 	lint checking
time: 0.000 	resolving dependency formats
time: 0.460 	translation
  time: 0.073 	llvm function passes
  time: 1.093 	llvm module passes
  time: 0.490 	codegen passes
  time: 0.001 	codegen passes
time: 1.685 	LLVM passes
  time: 0.029 	running linker
time: 0.051 	linking
rustc: x86_64-unknown-linux-gnu/stage2/lib/rustlib/x86_64-unknown-linux-gnu/lib/libserialize
time: 0.021 	parsing
time: 0.007 	configuration 1
time: 0.000 	recursion limit
time: 0.000 	gated macro checking
time: 0.000 	crate injection
time: 0.007 	macro loading
time: 0.000 	plugin loading
time: 0.000 	plugin registration
time: 0.083 	expansion
time: 0.002 	complete gated feature checking 1
time: 0.016 	configuration 2
time: 0.008 	maybe building test harness
time: 0.007 	prelude injection
time: 0.000 	checking that all macro invocations are gone
time: 0.001 	complete gated feature checking 2
time: 0.008 	assigning node ids and indexing ast
time: 0.000 	external crate/lib resolution
time: 0.001 	language item collection
time: 0.026 	resolution
time: 0.001 	lifetime resolution
time: 0.000 	looking for entry point
time: 0.001 	looking for plugin registrar
time: 0.005 	region resolution
time: 0.001 	loop checking
time: 0.001 	static item recursion checking
time: 0.008 	type collecting
time: 0.001 	variance inference
time: 0.078 	coherence checking
time: 1.290 	type checking
time: 0.255 	const checking
time: 0.005 	privacy checking
time: 0.000 	stability index
time: 0.003 	intrinsic checking
time: 0.001 	effect checking
time: 0.030 	match checking
time: 0.006 	liveness checking
time: 0.468 	borrow checking
time: 0.312 	rvalue checking
time: 0.002 	reachability checking
time: 0.005 	death checking
time: 0.113 	stability checking
time: 0.000 	unused lib feature checking
time: 0.135 	lint checking
time: 0.000 	resolving dependency formats
time: 0.680 	translation
  time: 0.088 	llvm function passes
  time: 1.720 	llvm module passes
  time: 0.552 	codegen passes
  time: 0.001 	codegen passes
time: 2.396 	LLVM passes
  time: 0.031 	running linker
time: 0.059 	linking
rustc: x86_64-unknown-linux-gnu/stage2/lib/rustlib/x86_64-unknown-linux-gnu/lib/libgetopts
time: 0.006 	parsing
time: 0.002 	configuration 1
time: 0.000 	recursion limit
time: 0.000 	gated macro checking
time: 0.000 	crate injection
time: 0.006 	macro loading
time: 0.000 	plugin loading
time: 0.000 	plugin registration
time: 0.013 	expansion
time: 0.000 	complete gated feature checking 1
time: 0.003 	configuration 2
time: 0.001 	maybe building test harness
time: 0.001 	prelude injection
time: 0.000 	checking that all macro invocations are gone
time: 0.000 	complete gated feature checking 2
time: 0.001 	assigning node ids and indexing ast
time: 0.000 	external crate/lib resolution
time: 0.000 	language item collection
time: 0.005 	resolution
time: 0.000 	lifetime resolution
time: 0.000 	looking for entry point
time: 0.000 	looking for plugin registrar
time: 0.001 	region resolution
time: 0.000 	loop checking
time: 0.000 	static item recursion checking
time: 0.001 	type collecting
time: 0.000 	variance inference
time: 0.018 	coherence checking
time: 0.199 	type checking
time: 0.010 	const checking
time: 0.001 	privacy checking
time: 0.000 	stability index
time: 0.000 	intrinsic checking
time: 0.000 	effect checking
time: 0.001 	match checking
time: 0.001 	liveness checking
time: 0.009 	borrow checking
time: 0.007 	rvalue checking
time: 0.000 	reachability checking
time: 0.000 	death checking
time: 0.018 	stability checking
time: 0.000 	unused lib feature checking
time: 0.022 	lint checking
time: 0.000 	resolving dependency formats
time: 0.412 	translation
  time: 0.050 	llvm function passes
  time: 0.930 	llvm module passes
  time: 0.403 	codegen passes
  time: 0.001 	codegen passes
time: 1.405 	LLVM passes
  time: 0.024 	running linker
time: 0.040 	linking
rustc: x86_64-unknown-linux-gnu/stage2/lib/rustlib/x86_64-unknown-linux-gnu/lib/librbml
time: 0.006 	parsing
time: 0.002 	configuration 1
time: 0.000 	recursion limit
time: 0.000 	gated macro checking
time: 0.000 	crate injection
time: 0.007 	macro loading
time: 0.000 	plugin loading
time: 0.000 	plugin registration
time: 0.024 	expansion
time: 0.000 	complete gated feature checking 1
time: 0.004 	configuration 2
time: 0.002 	maybe building test harness
time: 0.002 	prelude injection
time: 0.000 	checking that all macro invocations are gone
time: 0.000 	complete gated feature checking 2
time: 0.002 	assigning node ids and indexing ast
time: 0.001 	external crate/lib resolution
time: 0.000 	language item collection
time: 0.007 	resolution
time: 0.000 	lifetime resolution
time: 0.000 	looking for entry point
time: 0.000 	looking for plugin registrar
time: 0.001 	region resolution
time: 0.000 	loop checking
time: 0.000 	static item recursion checking
time: 0.002 	type collecting
time: 0.000 	variance inference
time: 0.010 	coherence checking
time: 0.221 	type checking
time: 0.036 	const checking
time: 0.001 	privacy checking
time: 0.000 	stability index
time: 0.001 	intrinsic checking
time: 0.000 	effect checking
time: 0.003 	match checking
time: 0.001 	liveness checking
time: 0.035 	borrow checking
time: 0.031 	rvalue checking
time: 0.000 	reachability checking
time: 0.001 	death checking
time: 0.056 	stability checking
time: 0.000 	unused lib feature checking
time: 0.064 	lint checking
time: 0.000 	resolving dependency formats
time: 0.181 	translation
  time: 0.021 	llvm function passes
  time: 0.206 	llvm module passes
  time: 0.120 	codegen passes
  time: 0.001 	codegen passes
time: 0.356 	LLVM passes
  time: 0.024 	running linker
time: 0.033 	linking
rustc: x86_64-unknown-linux-gnu/stage2/lib/rustlib/x86_64-unknown-linux-gnu/lib/libtest
time: 0.008 	parsing
time: 0.002 	configuration 1
time: 0.000 	recursion limit
time: 0.000 	gated macro checking
time: 0.000 	crate injection
time: 0.006 	macro loading
time: 0.000 	plugin loading
time: 0.000 	plugin registration
time: 0.019 	expansion
time: 0.000 	complete gated feature checking 1
time: 0.004 	configuration 2
time: 0.002 	maybe building test harness
time: 0.002 	prelude injection
time: 0.000 	checking that all macro invocations are gone
time: 0.000 	complete gated feature checking 2
time: 0.002 	assigning node ids and indexing ast
time: 0.001 	external crate/lib resolution
time: 0.000 	language item collection
time: 0.010 	resolution
time: 0.000 	lifetime resolution
time: 0.000 	looking for entry point
time: 0.000 	looking for plugin registrar
time: 0.001 	region resolution
time: 0.000 	loop checking
time: 0.000 	static item recursion checking
time: 0.002 	type collecting
time: 0.000 	variance inference
time: 0.023 	coherence checking
time: 0.291 	type checking
time: 0.026 	const checking
time: 0.001 	privacy checking
time: 0.000 	stability index
time: 0.000 	intrinsic checking
time: 0.000 	effect checking
time: 0.002 	match checking
time: 0.001 	liveness checking
time: 0.021 	borrow checking
time: 0.019 	rvalue checking
time: 0.000 	reachability checking
time: 0.001 	death checking
time: 0.033 	stability checking
time: 0.000 	unused lib feature checking
time: 0.042 	lint checking
time: 0.000 	resolving dependency formats
time: 0.893 	translation
  time: 0.124 	llvm function passes
  time: 2.328 	llvm module passes
  time: 0.792 	codegen passes
  time: 0.001 	codegen passes
time: 3.294 	LLVM passes
  time: 0.029 	running linker
time: 0.063 	linking
rustc: x86_64-unknown-linux-gnu/stage2/lib/rustlib/x86_64-unknown-linux-gnu/lib/libgraphviz
time: 0.002 	parsing
time: 0.001 	configuration 1
time: 0.000 	recursion limit
time: 0.000 	gated macro checking
time: 0.000 	crate injection
time: 0.006 	macro loading
time: 0.000 	plugin loading
time: 0.000 	plugin registration
time: 0.003 	expansion
time: 0.000 	complete gated feature checking 1
time: 0.001 	configuration 2
time: 0.000 	maybe building test harness
time: 0.000 	prelude injection
time: 0.000 	checking that all macro invocations are gone
time: 0.000 	complete gated feature checking 2
time: 0.000 	assigning node ids and indexing ast
time: 0.000 	external crate/lib resolution
time: 0.000 	language item collection
time: 0.003 	resolution
time: 0.000 	lifetime resolution
time: 0.000 	looking for entry point
time: 0.000 	looking for plugin registrar
time: 0.000 	region resolution
time: 0.000 	loop checking
time: 0.000 	static item recursion checking
time: 0.001 	type collecting
time: 0.000 	variance inference
time: 0.017 	coherence checking
time: 0.093 	type checking
time: 0.004 	const checking
time: 0.000 	privacy checking
time: 0.000 	stability index
time: 0.000 	intrinsic checking
time: 0.000 	effect checking
time: 0.001 	match checking
time: 0.000 	liveness checking
time: 0.004 	borrow checking
time: 0.005 	rvalue checking
time: 0.000 	reachability checking
time: 0.000 	death checking
time: 0.004 	stability checking
time: 0.000 	unused lib feature checking
time: 0.005 	lint checking
time: 0.000 	resolving dependency formats
time: 0.064 	translation
  time: 0.009 	llvm function passes
  time: 0.065 	llvm module passes
  time: 0.022 	codegen passes
  time: 0.000 	codegen passes
time: 0.099 	LLVM passes
  time: 0.016 	running linker
time: 0.020 	linking
rustc: x86_64-unknown-linux-gnu/stage2/lib/rustlib/x86_64-unknown-linux-gnu/lib/libfmt_macros
time: 0.002 	parsing
time: 0.001 	configuration 1
time: 0.000 	recursion limit
time: 0.000 	gated macro checking
time: 0.000 	crate injection
time: 0.006 	macro loading
time: 0.000 	plugin loading
time: 0.000 	plugin registration
time: 0.005 	expansion
time: 0.000 	complete gated feature checking 1
time: 0.001 	configuration 2
time: 0.001 	maybe building test harness
time: 0.001 	prelude injection
time: 0.000 	checking that all macro invocations are gone
time: 0.000 	complete gated feature checking 2
time: 0.001 	assigning node ids and indexing ast
time: 0.000 	external crate/lib resolution
time: 0.000 	language item collection
time: 0.003 	resolution
time: 0.000 	lifetime resolution
time: 0.000 	looking for entry point
time: 0.000 	looking for plugin registrar
time: 0.000 	region resolution
time: 0.000 	loop checking
time: 0.000 	static item recursion checking
time: 0.001 	type collecting
time: 0.000 	variance inference
time: 0.062 	coherence checking
time: 0.048 	type checking
time: 0.004 	const checking
time: 0.000 	privacy checking
time: 0.000 	stability index
time: 0.000 	intrinsic checking
time: 0.000 	effect checking
time: 0.001 	match checking
time: 0.000 	liveness checking
time: 0.004 	borrow checking
time: 0.003 	rvalue checking
time: 0.000 	reachability checking
time: 0.000 	death checking
time: 0.006 	stability checking
time: 0.000 	unused lib feature checking
time: 0.008 	lint checking
time: 0.000 	resolving dependency formats
time: 0.091 	translation
  time: 0.015 	llvm function passes
  time: 0.227 	llvm module passes
  time: 0.098 	codegen passes
  time: 0.001 	codegen passes
time: 0.346 	LLVM passes
  time: 0.020 	running linker
time: 0.027 	linking
rustc: x86_64-unknown-linux-gnu/stage2/lib/rustlib/x86_64-unknown-linux-gnu/lib/libsyntax
time: 0.142 	parsing
time: 0.050 	configuration 1
time: 0.000 	recursion limit
time: 0.003 	gated macro checking
time: 0.000 	crate injection
time: 0.010 	macro loading
time: 0.000 	plugin loading
time: 0.000 	plugin registration
time: 0.701 	expansion
time: 0.019 	complete gated feature checking 1
time: 0.139 	configuration 2
time: 0.071 	maybe building test harness
time: 0.067 	prelude injection
time: 0.009 	checking that all macro invocations are gone
time: 0.020 	complete gated feature checking 2
time: 0.079 	assigning node ids and indexing ast
time: 0.010 	external crate/lib resolution
time: 0.018 	language item collection
time: 0.251 	resolution
time: 0.015 	lifetime resolution
time: 0.000 	looking for entry point
time: 0.009 	looking for plugin registrar
time: 0.080 	region resolution
time: 0.009 	loop checking
time: 0.009 	static item recursion checking
time: 0.054 	type collecting
time: 0.019 	variance inference
time: 0.149 	coherence checking
time: 15.548 	type checking
time: 1.788 	const checking
time: 0.088 	privacy checking
time: 0.003 	stability index
time: 0.025 	intrinsic checking
time: 0.022 	effect checking
time: 0.148 	match checking
time: 0.067 	liveness checking
time: 2.688 	borrow checking
time: 1.763 	rvalue checking
time: 0.028 	reachability checking
time: 0.063 	death checking
time: 0.960 	stability checking
time: 0.000 	unused lib feature checking
time: 1.216 	lint checking
time: 0.000 	resolving dependency formats
time: 13.291 	translation
  time: 1.892 	llvm function passes
  time: 43.634 	llvm module passes
  time: 16.204 	codegen passes
  time: 0.006 	codegen passes
time: 62.990 	LLVM passes
  time: 0.166 	running linker
time: 0.745 	linking
rustc: x86_64-unknown-linux-gnu/stage2/lib/rustlib/x86_64-unknown-linux-gnu/lib/librustc_llvm
time: 0.008 	parsing
time: 0.001 	configuration 1
time: 0.000 	recursion limit
time: 0.000 	gated macro checking
time: 0.000 	crate injection
time: 0.007 	macro loading
time: 0.000 	plugin loading
time: 0.000 	plugin registration
time: 0.015 	expansion
time: 0.000 	complete gated feature checking 1
time: 0.003 	configuration 2
time: 0.001 	maybe building test harness
time: 0.002 	prelude injection
time: 0.000 	checking that all macro invocations are gone
time: 0.000 	complete gated feature checking 2
time: 0.002 	assigning node ids and indexing ast
time: 0.000 	external crate/lib resolution
time: 0.000 	language item collection
time: 0.009 	resolution
time: 0.000 	lifetime resolution
time: 0.000 	looking for entry point
time: 0.000 	looking for plugin registrar
time: 0.001 	region resolution
time: 0.000 	loop checking
time: 0.000 	static item recursion checking
time: 0.003 	type collecting
time: 0.000 	variance inference
time: 0.072 	coherence checking
time: 0.118 	type checking
time: 0.007 	const checking
time: 0.001 	privacy checking
time: 0.000 	stability index
time: 0.000 	intrinsic checking
time: 0.000 	effect checking
time: 0.001 	match checking
time: 0.000 	liveness checking
time: 0.006 	borrow checking
time: 0.004 	rvalue checking
time: 0.000 	reachability checking
time: 0.001 	death checking
time: 0.022 	stability checking
time: 0.000 	unused lib feature checking
time: 0.026 	lint checking
time: 0.000 	resolving dependency formats
time: 0.122 	translation
  time: 0.016 	llvm function passes
  time: 0.082 	llvm module passes
  time: 0.056 	codegen passes
  time: 0.001 	codegen passes
time: 0.158 	LLVM passes
  time: 1.307 	running linker
time: 1.537 	linking
rustc: x86_64-unknown-linux-gnu/stage2/lib/rustlib/x86_64-unknown-linux-gnu/lib/librustc_back
time: 0.010 	parsing
time: 0.003 	configuration 1
time: 0.000 	recursion limit
time: 0.000 	gated macro checking
time: 0.000 	crate injection
time: 0.007 	macro loading
time: 0.000 	plugin loading
time: 0.000 	plugin registration
time: 0.038 	expansion
time: 0.000 	complete gated feature checking 1
time: 0.006 	configuration 2
time: 0.003 	maybe building test harness
time: 0.003 	prelude injection
time: 0.000 	checking that all macro invocations are gone
time: 0.000 	complete gated feature checking 2
time: 0.003 	assigning node ids and indexing ast
time: 0.004 	external crate/lib resolution
time: 0.000 	language item collection
time: 0.019 	resolution
time: 0.000 	lifetime resolution
time: 0.000 	looking for entry point
time: 0.000 	looking for plugin registrar
time: 0.002 	region resolution
time: 0.000 	loop checking
time: 0.000 	static item recursion checking
time: 0.002 	type collecting
time: 0.000 	variance inference
time: 0.028 	coherence checking
time: 0.490 	type checking
time: 0.056 	const checking
time: 0.002 	privacy checking
time: 0.000 	stability index
time: 0.001 	intrinsic checking
time: 0.000 	effect checking
time: 0.002 	match checking
time: 0.002 	liveness checking
time: 0.032 	borrow checking
time: 0.028 	rvalue checking
time: 0.000 	reachability checking
time: 0.002 	death checking
time: 0.085 	stability checking
time: 0.000 	unused lib feature checking
time: 0.096 	lint checking
time: 0.000 	resolving dependency formats
time: 1.314 	translation
  time: 0.175 	llvm function passes
  time: 3.258 	llvm module passes
  time: 1.167 	codegen passes
  time: 0.001 	codegen passes
time: 4.696 	LLVM passes
  time: 0.083 	running linker
time: 0.140 	linking
rustc: x86_64-unknown-linux-gnu/stage2/lib/rustlib/x86_64-unknown-linux-gnu/lib/librustc_data_structures
time: 0.005 	parsing
time: 0.001 	configuration 1
time: 0.000 	recursion limit
time: 0.000 	gated macro checking
time: 0.000 	crate injection
time: 0.007 	macro loading
time: 0.000 	plugin loading
time: 0.000 	plugin registration
time: 0.010 	expansion
time: 0.000 	complete gated feature checking 1
time: 0.002 	configuration 2
time: 0.001 	maybe building test harness
time: 0.001 	prelude injection
time: 0.000 	checking that all macro invocations are gone
time: 0.000 	complete gated feature checking 2
time: 0.001 	assigning node ids and indexing ast
time: 0.000 	external crate/lib resolution
time: 0.000 	language item collection
time: 0.006 	resolution
time: 0.000 	lifetime resolution
time: 0.000 	looking for entry point
time: 0.000 	looking for plugin registrar
time: 0.000 	region resolution
time: 0.000 	loop checking
time: 0.000 	static item recursion checking
time: 0.002 	type collecting
time: 0.000 	variance inference
time: 0.065 	coherence checking
time: 0.189 	type checking
time: 0.022 	const checking
time: 0.001 	privacy checking
time: 0.000 	stability index
time: 0.001 	intrinsic checking
time: 0.000 	effect checking
time: 0.006 	match checking
time: 0.000 	liveness checking
time: 0.036 	borrow checking
time: 0.027 	rvalue checking
time: 0.000 	reachability checking
time: 0.000 	death checking
time: 0.016 	stability checking
time: 0.000 	unused lib feature checking
time: 0.018 	lint checking
time: 0.000 	resolving dependency formats
time: 0.074 	translation
  time: 0.005 	llvm function passes
  time: 0.022 	llvm module passes
  time: 0.008 	codegen passes
  time: 0.001 	codegen passes
time: 0.038 	LLVM passes
  time: 0.021 	running linker
time: 0.025 	linking
rustc: x86_64-unknown-linux-gnu/stage2/lib/rustlib/x86_64-unknown-linux-gnu/lib/librustc
time: 0.188 	parsing
time: 0.071 	configuration 1
time: 0.000 	recursion limit
time: 0.004 	gated macro checking
time: 0.000 	crate injection
time: 0.013 	macro loading
time: 0.000 	plugin loading
time: 0.000 	plugin registration
time: 0.898 	expansion
time: 0.025 	complete gated feature checking 1
time: 0.165 	configuration 2
time: 0.085 	maybe building test harness
time: 0.081 	prelude injection
time: 0.011 	checking that all macro invocations are gone
time: 0.026 	complete gated feature checking 2
time: 0.095 	assigning node ids and indexing ast
time: 0.015 	external crate/lib resolution
time: 0.023 	language item collection
time: 0.289 	resolution
time: 0.019 	lifetime resolution
time: 0.000 	looking for entry point
time: 0.011 	looking for plugin registrar
time: 0.089 	region resolution
time: 0.011 	loop checking
time: 0.012 	static item recursion checking
time: 0.074 	type collecting
time: 0.024 	variance inference
time: 0.183 	coherence checking
time: 11.415 	type checking
time: 2.069 	const checking
time: 0.115 	privacy checking
time: 0.004 	stability index
time: 0.033 	intrinsic checking
time: 0.024 	effect checking
time: 0.142 	match checking
time: 0.064 	liveness checking
time: 1.515 	borrow checking
time: 1.297 	rvalue checking
time: 0.023 	reachability checking
time: 0.078 	death checking
time: 1.426 	stability checking
time: 0.000 	unused lib feature checking
time: 1.793 	lint checking
time: 0.000 	resolving dependency formats
time: 27.033 	translation
  time: 3.710 	llvm function passes
  time: 77.142 	llvm module passes
  time: 22.570 	codegen passes
  time: 0.007 	codegen passes
time: 105.513 	LLVM passes
  time: 0.287 	running linker
time: 1.205 	linking
rustc: x86_64-unknown-linux-gnu/stage2/lib/rustlib/x86_64-unknown-linux-gnu/lib/librustc_typeck
time: 0.079 	parsing
time: 0.027 	configuration 1
time: 0.000 	recursion limit
time: 0.002 	gated macro checking
time: 0.000 	crate injection
time: 0.011 	macro loading
time: 0.000 	plugin loading
time: 0.000 	plugin registration
time: 0.339 	expansion
time: 0.009 	complete gated feature checking 1
time: 0.053 	configuration 2
time: 0.027 	maybe building test harness
time: 0.026 	prelude injection
time: 0.004 	checking that all macro invocations are gone
time: 0.007 	complete gated feature checking 2
time: 0.031 	assigning node ids and indexing ast
time: 0.028 	external crate/lib resolution
time: 0.007 	language item collection
time: 0.110 	resolution
time: 0.006 	lifetime resolution
time: 0.000 	looking for entry point
time: 0.004 	looking for plugin registrar
time: 0.025 	region resolution
time: 0.004 	loop checking
time: 0.004 	static item recursion checking
time: 0.020 	type collecting
time: 0.007 	variance inference
time: 0.127 	coherence checking
time: 4.814 	type checking
time: 1.240 	const checking
time: 0.054 	privacy checking
time: 0.001 	stability index
time: 0.011 	intrinsic checking
time: 0.008 	effect checking
time: 0.023 	match checking
time: 0.026 	liveness checking
time: 0.260 	borrow checking
time: 0.316 	rvalue checking
time: 0.000 	reachability checking
time: 0.042 	death checking
time: 0.678 	stability checking
time: 0.000 	unused lib feature checking
time: 0.782 	lint checking
time: 0.000 	resolving dependency formats
time: 12.303 	translation
  time: 1.450 	llvm function passes
  time: 28.359 	llvm module passes
  time: 7.655 	codegen passes
  time: 0.002 	codegen passes
time: 38.182 	LLVM passes
  time: 0.140 	running linker
time: 0.458 	linking
rustc: x86_64-unknown-linux-gnu/stage2/lib/rustlib/x86_64-unknown-linux-gnu/lib/librustc_borrowck
time: 0.016 	parsing
time: 0.005 	configuration 1
time: 0.000 	recursion limit
time: 0.000 	gated macro checking
time: 0.000 	crate injection
time: 0.009 	macro loading
time: 0.000 	plugin loading
time: 0.000 	plugin registration
time: 0.069 	expansion
time: 0.002 	complete gated feature checking 1
time: 0.011 	configuration 2
time: 0.006 	maybe building test harness
time: 0.005 	prelude injection
time: 0.000 	checking that all macro invocations are gone
time: 0.001 	complete gated feature checking 2
time: 0.006 	assigning node ids and indexing ast
time: 0.029 	external crate/lib resolution
time: 0.002 	language item collection
time: 0.028 	resolution
time: 0.001 	lifetime resolution
time: 0.000 	looking for entry point
time: 0.000 	looking for plugin registrar
time: 0.004 	region resolution
time: 0.001 	loop checking
time: 0.000 	static item recursion checking
time: 0.004 	type collecting
time: 0.001 	variance inference
time: 0.055 	coherence checking
time: 0.774 	type checking
time: 0.171 	const checking
time: 0.006 	privacy checking
time: 0.000 	stability index
time: 0.002 	intrinsic checking
time: 0.001 	effect checking
time: 0.005 	match checking
time: 0.004 	liveness checking
time: 0.055 	borrow checking
time: 0.060 	rvalue checking
time: 0.000 	reachability checking
time: 0.005 	death checking
time: 0.128 	stability checking
time: 0.000 	unused lib feature checking
time: 0.151 	lint checking
time: 0.000 	resolving dependency formats
time: 2.062 	translation
  time: 0.289 	llvm function passes
  time: 3.865 	llvm module passes
  time: 1.337 	codegen passes
  time: 0.001 	codegen passes
time: 5.602 	LLVM passes
  time: 0.059 	running linker
time: 0.120 	linking
rustc: x86_64-unknown-linux-gnu/stage2/lib/rustlib/x86_64-unknown-linux-gnu/lib/librustc_resolve
time: 0.020 	parsing
time: 0.006 	configuration 1
time: 0.000 	recursion limit
time: 0.000 	gated macro checking
time: 0.000 	crate injection
time: 0.010 	macro loading
time: 0.000 	plugin loading
time: 0.000 	plugin registration
time: 0.083 	expansion
time: 0.002 	complete gated feature checking 1
time: 0.014 	configuration 2
time: 0.007 	maybe building test harness
time: 0.006 	prelude injection
time: 0.000 	checking that all macro invocations are gone
time: 0.001 	complete gated feature checking 2
time: 0.007 	assigning node ids and indexing ast
time: 0.029 	external crate/lib resolution
time: 0.002 	language item collection
time: 0.036 	resolution
time: 0.001 	lifetime resolution
time: 0.000 	looking for entry point
time: 0.001 	looking for plugin registrar
time: 0.006 	region resolution
time: 0.001 	loop checking
time: 0.001 	static item recursion checking
time: 0.004 	type collecting
time: 0.001 	variance inference
time: 0.058 	coherence checking
time: 0.990 	type checking
time: 0.132 	const checking
time: 0.007 	privacy checking
time: 0.000 	stability index
time: 0.002 	intrinsic checking
time: 0.001 	effect checking
time: 0.006 	match checking
time: 0.006 	liveness checking
time: 0.068 	borrow checking
time: 0.061 	rvalue checking
time: 0.000 	reachability checking
time: 0.005 	death checking
time: 0.183 	stability checking
time: 0.000 	unused lib feature checking
time: 0.207 	lint checking
time: 0.000 	resolving dependency formats
time: 2.686 	translation
  time: 0.443 	llvm function passes
  time: 6.532 	llvm module passes
  time: 2.037 	codegen passes
  time: 0.001 	codegen passes
time: 9.174 	LLVM passes
  time: 0.101 	running linker
time: 0.186 	linking
rustc: x86_64-unknown-linux-gnu/stage2/lib/rustlib/x86_64-unknown-linux-gnu/lib/librustc_trans
time: 0.128 	parsing
time: 0.046 	configuration 1
time: 0.000 	recursion limit
time: 0.003 	gated macro checking
time: 0.000 	crate injection
time: 0.012 	macro loading
time: 0.000 	plugin loading
time: 0.000 	plugin registration
time: 0.485 	expansion
time: 0.013 	complete gated feature checking 1
time: 0.077 	configuration 2
time: 0.039 	maybe building test harness
time: 0.037 	prelude injection
time: 0.006 	checking that all macro invocations are gone
time: 0.013 	complete gated feature checking 2
time: 0.045 	assigning node ids and indexing ast
time: 0.028 	external crate/lib resolution
time: 0.011 	language item collection
time: 0.178 	resolution
time: 0.010 	lifetime resolution
time: 0.000 	looking for entry point
time: 0.006 	looking for plugin registrar
time: 0.043 	region resolution
time: 0.006 	loop checking
time: 0.006 	static item recursion checking
time: 0.031 	type collecting
time: 0.012 	variance inference
time: 0.134 	coherence checking
time: 5.166 	type checking
time: 1.687 	const checking
time: 0.063 	privacy checking
time: 0.001 	stability index
time: 0.017 	intrinsic checking
time: 0.012 	effect checking
time: 0.037 	match checking
time: 0.039 	liveness checking
time: 0.391 	borrow checking
time: 0.376 	rvalue checking
time: 0.001 	reachability checking
time: 0.046 	death checking
time: 0.705 	stability checking
time: 0.000 	unused lib feature checking
time: 0.895 	lint checking
time: 0.000 	resolving dependency formats
time: 11.861 	translation
  time: 1.632 	llvm function passes
  time: 28.166 	llvm module passes
  time: 9.122 	codegen passes
  time: 0.002 	codegen passes
time: 39.745 	LLVM passes
  time: 0.158 	running linker
time: 0.517 	linking
rustc: x86_64-unknown-linux-gnu/stage2/lib/rustlib/x86_64-unknown-linux-gnu/lib/librustc_privacy
time: 0.005 	parsing
time: 0.002 	configuration 1
time: 0.000 	recursion limit
time: 0.000 	gated macro checking
time: 0.000 	crate injection
time: 0.009 	macro loading
time: 0.000 	plugin loading
time: 0.000 	plugin registration
time: 0.018 	expansion
time: 0.000 	complete gated feature checking 1
time: 0.003 	configuration 2
time: 0.002 	maybe building test harness
time: 0.001 	prelude injection
time: 0.000 	checking that all macro invocations are gone
time: 0.000 	complete gated feature checking 2
time: 0.002 	assigning node ids and indexing ast
time: 0.029 	external crate/lib resolution
time: 0.000 	language item collection
time: 0.012 	resolution
time: 0.000 	lifetime resolution
time: 0.000 	looking for entry point
time: 0.000 	looking for plugin registrar
time: 0.001 	region resolution
time: 0.000 	loop checking
time: 0.000 	static item recursion checking
time: 0.001 	type collecting
time: 0.000 	variance inference
time: 0.012 	coherence checking
time: 0.356 	type checking
time: 0.036 	const checking
time: 0.002 	privacy checking
time: 0.000 	stability index
time: 0.000 	intrinsic checking
time: 0.000 	effect checking
time: 0.001 	match checking
time: 0.001 	liveness checking
time: 0.016 	borrow checking
time: 0.010 	rvalue checking
time: 0.000 	reachability checking
time: 0.002 	death checking
time: 0.049 	stability checking
time: 0.000 	unused lib feature checking
time: 0.054 	lint checking
time: 0.000 	resolving dependency formats
time: 1.139 	translation
  time: 0.159 	llvm function passes
  time: 1.165 	llvm module passes
  time: 0.370 	codegen passes
  time: 0.001 	codegen passes
time: 1.723 	LLVM passes
  time: 0.047 	running linker
time: 0.068 	linking
rustc: x86_64-unknown-linux-gnu/stage2/lib/rustlib/x86_64-unknown-linux-gnu/lib/librustc_lint
time: 0.009 	parsing
time: 0.003 	configuration 1
time: 0.000 	recursion limit
time: 0.000 	gated macro checking
time: 0.000 	crate injection
time: 0.038 	macro loading
time: 0.000 	plugin loading
time: 0.000 	plugin registration
time: 0.028 	expansion
time: 0.000 	complete gated feature checking 1
time: 0.005 	configuration 2
time: 0.002 	maybe building test harness
time: 0.002 	prelude injection
time: 0.000 	checking that all macro invocations are gone
time: 0.000 	complete gated feature checking 2
time: 0.002 	assigning node ids and indexing ast
time: 0.000 	external crate/lib resolution
time: 0.000 	language item collection
time: 0.018 	resolution
time: 0.000 	lifetime resolution
time: 0.000 	looking for entry point
time: 0.000 	looking for plugin registrar
time: 0.002 	region resolution
time: 0.000 	loop checking
time: 0.000 	static item recursion checking
time: 0.002 	type collecting
time: 0.000 	variance inference
time: 0.046 	coherence checking
time: 0.366 	type checking
time: 0.049 	const checking
time: 0.003 	privacy checking
time: 0.000 	stability index
time: 0.001 	intrinsic checking
time: 0.000 	effect checking
time: 0.002 	match checking
time: 0.001 	liveness checking
time: 0.020 	borrow checking
time: 0.014 	rvalue checking
time: 0.000 	reachability checking
time: 0.002 	death checking
time: 0.047 	stability checking
time: 0.000 	unused lib feature checking
time: 0.058 	lint checking
time: 0.000 	resolving dependency formats
time: 1.495 	translation
  time: 0.203 	llvm function passes
  time: 1.852 	llvm module passes
  time: 0.665 	codegen passes
  time: 0.001 	codegen passes
time: 2.771 	LLVM passes
  time: 0.106 	running linker
time: 0.142 	linking
rustc: x86_64-unknown-linux-gnu/stage2/lib/rustlib/x86_64-unknown-linux-gnu/lib/librustc_driver
time: 0.013 	parsing
time: 0.004 	configuration 1
time: 0.000 	recursion limit
time: 0.000 	gated macro checking
time: 0.000 	crate injection
time: 0.009 	macro loading
time: 0.000 	plugin loading
time: 0.000 	plugin registration
time: 0.029 	expansion
time: 0.000 	complete gated feature checking 1
time: 0.005 	configuration 2
time: 0.003 	maybe building test harness
time: 0.002 	prelude injection
time: 0.000 	checking that all macro invocations are gone
time: 0.000 	complete gated feature checking 2
time: 0.003 	assigning node ids and indexing ast
time: 0.032 	external crate/lib resolution
time: 0.000 	language item collection
time: 0.024 	resolution
time: 0.000 	lifetime resolution
time: 0.000 	looking for entry point
time: 0.000 	looking for plugin registrar
time: 0.002 	region resolution
time: 0.000 	loop checking
time: 0.000 	static item recursion checking
time: 0.002 	type collecting
time: 0.000 	variance inference
time: 0.091 	coherence checking
time: 0.672 	type checking
time: 0.133 	const checking
time: 0.003 	privacy checking
time: 0.000 	stability index
time: 0.001 	intrinsic checking
time: 0.000 	effect checking
time: 0.002 	match checking
time: 0.001 	liveness checking
time: 0.027 	borrow checking
time: 0.083 	rvalue checking
time: 0.000 	reachability checking
time: 0.003 	death checking
time: 0.068 	stability checking
time: 0.000 	unused lib feature checking
time: 0.077 	lint checking
time: 0.000 	resolving dependency formats
time: 6.008 	translation
  time: 1.000 	llvm function passes
  time: 17.926 	llvm module passes
  time: 4.416 	codegen passes
  time: 0.001 	codegen passes
time: 23.744 	LLVM passes
  time: 0.118 	running linker
time: 0.295 	linking
rustc: x86_64-unknown-linux-gnu/stage2/lib/rustlib/x86_64-unknown-linux-gnu/lib/librustdoc
time: 0.041 	parsing
time: 0.015 	configuration 1
time: 0.000 	recursion limit
time: 0.001 	gated macro checking
time: 0.000 	crate injection
time: 0.007 	macro loading
time: 0.000 	plugin loading
time: 0.000 	plugin registration
time: 0.210 	expansion
time: 0.006 	complete gated feature checking 1
time: 0.045 	configuration 2
time: 0.023 	maybe building test harness
time: 0.022 	prelude injection
time: 0.002 	checking that all macro invocations are gone
time: 0.005 	complete gated feature checking 2
time: 0.025 	assigning node ids and indexing ast
time: 0.040 	external crate/lib resolution
time: 0.006 	language item collection
time: 0.084 	resolution
time: 0.005 	lifetime resolution
time: 0.000 	looking for entry point
time: 0.003 	looking for plugin registrar
time: 0.019 	region resolution
time: 0.003 	loop checking
time: 0.003 	static item recursion checking
time: 0.017 	type collecting
time: 0.005 	variance inference
time: 0.062 	coherence checking
time: 6.308 	type checking
time: 1.105 	const checking
time: 0.028 	privacy checking
time: 0.001 	stability index
time: 0.006 	intrinsic checking
time: 0.005 	effect checking
time: 0.084 	match checking
time: 0.019 	liveness checking
time: 1.578 	borrow checking
time: 1.025 	rvalue checking
time: 0.003 	reachability checking
time: 0.019 	death checking
time: 0.425 	stability checking
time: 0.000 	unused lib feature checking
time: 0.522 	lint checking
time: 0.000 	resolving dependency formats
time: 14.934 	translation
  time: 1.382 	llvm function passes
  time: 34.110 	llvm module passes
  time: 10.324 	codegen passes
  time: 0.002 	codegen passes
time: 46.623 	LLVM passes
  time: 0.150 	running linker
time: 0.535 	linking
rustc: x86_64-unknown-linux-gnu/stage1/lib/rustlib/x86_64-unknown-linux-gnu/bin/rustbook
cp: x86_64-unknown-linux-gnu/stage2/bin/rustbook
rustbook: doc/book/index.html
rustbook: doc/style/index.html
rustc: x86_64-unknown-linux-gnu/stage1/lib/rustlib/x86_64-unknown-linux-gnu/bin/error-index-generator
cp: x86_64-unknown-linux-gnu/stage2/bin/error-index-generator
error-index-generator: doc/error-index.html
rustdoc: doc/not_found.html
rustdoc: doc/index.html
rustdoc: doc/intro.html
rustdoc: doc/tutorial.html
rustdoc: doc/complement-lang-faq.html
rustdoc: doc/complement-design-faq.html
rustdoc: doc/complement-project-faq.html
rustdoc: doc/rustdoc.html
rustdoc: doc/reference.html
rustdoc: doc/grammar.html
rustdoc: doc/guide-crates.html
rustdoc: doc/guide-error-handling.html
rustdoc: doc/guide-ffi.html
rustdoc: doc/guide-macros.html
rustdoc: doc/guide.html
rustdoc: doc/guide-ownership.html
rustdoc: doc/guide-plugins.html
rustdoc: doc/guide-pointers.html
rustdoc: doc/guide-strings.html
rustdoc: doc/guide-tasks.html
rustdoc: doc/guide-testing.html
rustdoc: doc/std/index.html
rustdoc: doc/alloc/index.html
rustdoc: doc/collections/index.html
rustdoc: doc/core/index.html
rustdoc: doc/libc/index.html
rustdoc: doc/rustc_unicode/index.html
