commit 9cb7b3ffb6522a5fa4d3666b5859d4122c918e44
Merge: 16d0378 eb3566f
Author: bors <bors@rust-lang.org>
Date:   Mon Jun 1 00:45:44 2015 +0000

    Auto merge of #25922 - tshepang:better-map-or-doc, r=Gankro
    
    `def` is also ambiguous
cfg: version 1.2.0-dev (9cb7b3ffb 2015-06-01) (built 2015-05-31)
cfg: build triple x86_64-unknown-linux-gnu
cfg: host triples x86_64-unknown-linux-gnu
cfg: target triples x86_64-unknown-linux-gnu
cfg: host for x86_64-unknown-linux-gnu is x86_64
cfg: os for x86_64-unknown-linux-gnu is unknown-linux-gnu
cfg: good valgrind for x86_64-unknown-linux-gnu is 1
cfg: using CC=gcc (CFG_CC)
cfg: disabling valgrind run-pass tests
cfg: no xelatex found, disabling LaTeX docs
cfg: no pandoc found, omitting PDF and EPUB docs
rustc: x86_64-unknown-linux-gnu/stage0/lib/rustlib/x86_64-unknown-linux-gnu/lib/librustc_trans
rustc: x86_64-unknown-linux-gnu/stage0/lib/rustlib/x86_64-unknown-linux-gnu/lib/librustc_driver
rustc: x86_64-unknown-linux-gnu/stage0/lib/rustlib/x86_64-unknown-linux-gnu/bin/rustc
cp: x86_64-unknown-linux-gnu/stage1/lib/librustc_trans
cp: x86_64-unknown-linux-gnu/stage1/lib/librustc_driver
cp: x86_64-unknown-linux-gnu/stage1/bin/rustc
rustc: x86_64-unknown-linux-gnu/stage1/lib/rustlib/x86_64-unknown-linux-gnu/lib/libcore
rustc: x86_64-unknown-linux-gnu/stage1/lib/rustlib/x86_64-unknown-linux-gnu/lib/liblibc
rustc: x86_64-unknown-linux-gnu/stage1/lib/rustlib/x86_64-unknown-linux-gnu/lib/librand
rustc: x86_64-unknown-linux-gnu/stage1/lib/rustlib/x86_64-unknown-linux-gnu/lib/liballoc
rustc: x86_64-unknown-linux-gnu/stage1/lib/rustlib/x86_64-unknown-linux-gnu/lib/librustc_unicode
rustc: x86_64-unknown-linux-gnu/stage1/lib/rustlib/x86_64-unknown-linux-gnu/lib/libcollections
rustc: x86_64-unknown-linux-gnu/stage1/lib/rustlib/x86_64-unknown-linux-gnu/lib/librustc_bitflags
rustc: x86_64-unknown-linux-gnu/stage1/lib/rustlib/x86_64-unknown-linux-gnu/lib/libstd
rustc: x86_64-unknown-linux-gnu/stage1/lib/rustlib/x86_64-unknown-linux-gnu/lib/libarena
rustc: x86_64-unknown-linux-gnu/stage1/lib/rustlib/x86_64-unknown-linux-gnu/lib/libflate
rustc: x86_64-unknown-linux-gnu/stage1/lib/rustlib/x86_64-unknown-linux-gnu/lib/libgetopts
rustc: x86_64-unknown-linux-gnu/stage1/lib/rustlib/x86_64-unknown-linux-gnu/lib/libgraphviz
rustc: x86_64-unknown-linux-gnu/stage1/lib/rustlib/x86_64-unknown-linux-gnu/lib/liblog
rustc: x86_64-unknown-linux-gnu/stage1/lib/rustlib/x86_64-unknown-linux-gnu/lib/libterm
rustc: x86_64-unknown-linux-gnu/stage1/lib/rustlib/x86_64-unknown-linux-gnu/lib/libserialize
rustc: x86_64-unknown-linux-gnu/stage1/lib/rustlib/x86_64-unknown-linux-gnu/lib/libfmt_macros
rustc: x86_64-unknown-linux-gnu/stage1/lib/rustlib/x86_64-unknown-linux-gnu/lib/libsyntax
rustc: x86_64-unknown-linux-gnu/stage1/lib/rustlib/x86_64-unknown-linux-gnu/lib/librbml
rustc: x86_64-unknown-linux-gnu/stage1/lib/rustlib/x86_64-unknown-linux-gnu/lib/librustc_llvm
rustc: x86_64-unknown-linux-gnu/stage1/lib/rustlib/x86_64-unknown-linux-gnu/lib/librustc_back
rustc: x86_64-unknown-linux-gnu/stage1/lib/rustlib/x86_64-unknown-linux-gnu/lib/librustc_data_structures
rustc: x86_64-unknown-linux-gnu/stage1/lib/rustlib/x86_64-unknown-linux-gnu/lib/librustc
rustc: x86_64-unknown-linux-gnu/stage1/lib/rustlib/x86_64-unknown-linux-gnu/lib/librustc_borrowck
rustc: x86_64-unknown-linux-gnu/stage1/lib/rustlib/x86_64-unknown-linux-gnu/lib/librustc_typeck
rustc: x86_64-unknown-linux-gnu/stage1/lib/rustlib/x86_64-unknown-linux-gnu/lib/librustc_resolve
rustc: x86_64-unknown-linux-gnu/stage1/lib/rustlib/x86_64-unknown-linux-gnu/lib/librustc_trans
rustc: x86_64-unknown-linux-gnu/stage1/lib/rustlib/x86_64-unknown-linux-gnu/lib/librustc_privacy
rustc: x86_64-unknown-linux-gnu/stage1/lib/rustlib/x86_64-unknown-linux-gnu/lib/librustc_lint
rustc: x86_64-unknown-linux-gnu/stage1/lib/rustlib/x86_64-unknown-linux-gnu/lib/librustc_driver
rustc: x86_64-unknown-linux-gnu/stage1/lib/rustlib/x86_64-unknown-linux-gnu/bin/rustc
cp: x86_64-unknown-linux-gnu/stage2/lib/libstd
cp: x86_64-unknown-linux-gnu/stage2/lib/libarena
cp: x86_64-unknown-linux-gnu/stage2/lib/libflate
cp: x86_64-unknown-linux-gnu/stage2/lib/libgetopts
cp: x86_64-unknown-linux-gnu/stage2/lib/libgraphviz
cp: x86_64-unknown-linux-gnu/stage2/lib/liblog
cp: x86_64-unknown-linux-gnu/stage2/lib/libterm
cp: x86_64-unknown-linux-gnu/stage2/lib/libserialize
cp: x86_64-unknown-linux-gnu/stage2/lib/libfmt_macros
cp: x86_64-unknown-linux-gnu/stage2/lib/libsyntax
cp: x86_64-unknown-linux-gnu/stage2/lib/librbml
cp: x86_64-unknown-linux-gnu/stage2/lib/librustc_llvm
cp: x86_64-unknown-linux-gnu/stage2/lib/librustc_back
cp: x86_64-unknown-linux-gnu/stage2/lib/librustc_data_structures
cp: x86_64-unknown-linux-gnu/stage2/lib/librustc
cp: x86_64-unknown-linux-gnu/stage2/lib/librustc_borrowck
cp: x86_64-unknown-linux-gnu/stage2/lib/librustc_typeck
cp: x86_64-unknown-linux-gnu/stage2/lib/librustc_resolve
cp: x86_64-unknown-linux-gnu/stage2/lib/librustc_trans
cp: x86_64-unknown-linux-gnu/stage2/lib/librustc_privacy
cp: x86_64-unknown-linux-gnu/stage2/lib/librustc_lint
cp: x86_64-unknown-linux-gnu/stage2/lib/librustc_driver
cp: x86_64-unknown-linux-gnu/stage2/bin/rustc
rustc: x86_64-unknown-linux-gnu/stage1/lib/rustlib/x86_64-unknown-linux-gnu/lib/libtest
rustc: x86_64-unknown-linux-gnu/stage1/lib/rustlib/x86_64-unknown-linux-gnu/lib/librustdoc
rustc: x86_64-unknown-linux-gnu/stage1/lib/rustlib/x86_64-unknown-linux-gnu/bin/rustdoc
cp: x86_64-unknown-linux-gnu/stage2/lib/libtest
cp: x86_64-unknown-linux-gnu/stage2/lib/librustdoc
cp: x86_64-unknown-linux-gnu/stage2/bin/rustdoc
rustc: x86_64-unknown-linux-gnu/stage2/lib/rustlib/x86_64-unknown-linux-gnu/lib/libcore
time: 0.069 	parsing
time: 0.024 	configuration 1
time: 0.000 	recursion limit
time: 0.002 	gated macro checking
time: 0.000 	crate injection
time: 0.001 	macro loading
time: 0.000 	plugin loading
time: 0.000 	plugin registration
time: 0.467 	expansion
time: 0.011 	complete gated feature checking 1
time: 0.098 	configuration 2
time: 0.050 	maybe building test harness
time: 0.000 	prelude injection
time: 0.005 	checking that all macro invocations are gone
time: 0.012 	complete gated feature checking 2
time: 0.058 	assigning node ids and indexing ast
time: 0.005 	external crate/lib resolution
time: 0.010 	language item collection
time: 0.087 	resolution
time: 0.011 	lifetime resolution
time: 0.000 	looking for entry point
time: 0.005 	looking for plugin registrar
time: 0.029 	region resolution
time: 0.005 	loop checking
time: 0.005 	static item recursion checking
time: 0.064 	type collecting
time: 0.010 	variance inference
time: 0.690 	coherence checking
time: 5.647 	type checking
time: 0.379 	const checking
time: 0.054 	privacy checking
time: 0.005 	stability index
time: 0.030 	intrinsic checking
time: 0.010 	effect checking
time: 0.095 	match checking
time: 0.026 	liveness checking
time: 0.687 	borrow checking
time: 0.439 	rvalue checking
time: 0.018 	reachability checking
time: 0.035 	death checking
time: 0.028 	stability checking
time: 0.000 	unused lib feature checking
time: 0.126 	lint checking
time: 0.000 	resolving dependency formats
time: 1.703 	translation
  time: 0.178 	llvm function passes
  time: 1.369 	llvm module passes
  time: 1.232 	codegen passes
  time: 0.007 	codegen passes
time: 2.842 	LLVM passes
time: 0.072 	linking
rustc: x86_64-unknown-linux-gnu/stage2/lib/rustlib/x86_64-unknown-linux-gnu/lib/liblibc
time: 0.021 	parsing
time: 0.004 	configuration 1
time: 0.000 	recursion limit
time: 0.000 	gated macro checking
time: 0.000 	crate injection
time: 0.000 	macro loading
time: 0.000 	plugin loading
time: 0.000 	plugin registration
time: 0.009 	expansion
time: 0.000 	complete gated feature checking 1
time: 0.002 	configuration 2
time: 0.001 	maybe building test harness
time: 0.000 	prelude injection
time: 0.000 	checking that all macro invocations are gone
time: 0.000 	complete gated feature checking 2
time: 0.001 	assigning node ids and indexing ast
time: 0.000 	external crate/lib resolution
time: 0.000 	language item collection
time: 0.003 	resolution
time: 0.000 	lifetime resolution
time: 0.000 	looking for entry point
time: 0.000 	looking for plugin registrar
time: 0.000 	region resolution
time: 0.000 	loop checking
time: 0.000 	static item recursion checking
time: 0.001 	type collecting
time: 0.000 	variance inference
time: 0.005 	coherence checking
time: 0.034 	type checking
time: 0.002 	const checking
time: 0.001 	privacy checking
time: 0.000 	stability index
time: 0.000 	intrinsic checking
time: 0.000 	effect checking
time: 0.000 	match checking
time: 0.000 	liveness checking
time: 0.002 	borrow checking
time: 0.001 	rvalue checking
time: 0.000 	reachability checking
time: 0.001 	death checking
time: 0.000 	stability checking
time: 0.000 	unused lib feature checking
time: 0.004 	lint checking
time: 0.000 	resolving dependency formats
time: 0.039 	translation
  time: 0.002 	llvm function passes
  time: 0.008 	llvm module passes
  time: 0.008 	codegen passes
  time: 0.001 	codegen passes
time: 0.021 	LLVM passes
time: 0.004 	linking
rustc: x86_64-unknown-linux-gnu/stage2/lib/rustlib/x86_64-unknown-linux-gnu/lib/librand
time: 0.012 	parsing
time: 0.003 	configuration 1
time: 0.000 	recursion limit
time: 0.000 	gated macro checking
time: 0.000 	crate injection
time: 0.001 	macro loading
time: 0.000 	plugin loading
time: 0.000 	plugin registration
time: 0.025 	expansion
time: 0.000 	complete gated feature checking 1
time: 0.005 	configuration 2
time: 0.003 	maybe building test harness
time: 0.000 	prelude injection
time: 0.000 	checking that all macro invocations are gone
time: 0.000 	complete gated feature checking 2
time: 0.003 	assigning node ids and indexing ast
time: 0.000 	external crate/lib resolution
time: 0.000 	language item collection
time: 0.007 	resolution
time: 0.000 	lifetime resolution
time: 0.000 	looking for entry point
time: 0.000 	looking for plugin registrar
time: 0.001 	region resolution
time: 0.000 	loop checking
time: 0.000 	static item recursion checking
time: 0.002 	type collecting
time: 0.000 	variance inference
time: 0.031 	coherence checking
time: 0.355 	type checking
time: 0.018 	const checking
time: 0.002 	privacy checking
time: 0.000 	stability index
time: 0.001 	intrinsic checking
time: 0.000 	effect checking
time: 0.002 	match checking
time: 0.001 	liveness checking
time: 0.030 	borrow checking
time: 0.018 	rvalue checking
time: 0.000 	reachability checking
time: 0.001 	death checking
time: 0.002 	stability checking
time: 0.000 	unused lib feature checking
time: 0.010 	lint checking
time: 0.000 	resolving dependency formats
time: 0.191 	translation
  time: 0.021 	llvm function passes
  time: 0.121 	llvm module passes
  time: 0.049 	codegen passes
  time: 0.001 	codegen passes
time: 0.197 	LLVM passes
time: 0.006 	linking
rustc: x86_64-unknown-linux-gnu/stage2/lib/rustlib/x86_64-unknown-linux-gnu/lib/liballoc
time: 0.009 	parsing
time: 0.003 	configuration 1
time: 0.000 	recursion limit
time: 0.000 	gated macro checking
time: 0.000 	crate injection
time: 0.001 	macro loading
time: 0.000 	plugin loading
time: 0.000 	plugin registration
time: 0.009 	expansion
time: 0.000 	complete gated feature checking 1
time: 0.002 	configuration 2
time: 0.001 	maybe building test harness
time: 0.000 	prelude injection
time: 0.000 	checking that all macro invocations are gone
time: 0.000 	complete gated feature checking 2
time: 0.001 	assigning node ids and indexing ast
time: 0.000 	external crate/lib resolution
time: 0.000 	language item collection
time: 0.007 	resolution
time: 0.000 	lifetime resolution
time: 0.000 	looking for entry point
time: 0.000 	looking for plugin registrar
time: 0.000 	region resolution
time: 0.000 	loop checking
time: 0.000 	static item recursion checking
time: 0.002 	type collecting
time: 0.000 	variance inference
time: 0.042 	coherence checking
time: 0.068 	type checking
time: 0.010 	const checking
time: 0.000 	privacy checking
time: 0.000 	stability index
time: 0.001 	intrinsic checking
time: 0.000 	effect checking
time: 0.001 	match checking
time: 0.000 	liveness checking
time: 0.015 	borrow checking
time: 0.010 	rvalue checking
time: 0.000 	reachability checking
time: 0.000 	death checking
time: 0.001 	stability checking
time: 0.000 	unused lib feature checking
time: 0.003 	lint checking
time: 0.000 	resolving dependency formats
time: 0.033 	translation
  time: 0.001 	llvm function passes
  time: 0.003 	llvm module passes
  time: 0.006 	codegen passes
  time: 0.001 	codegen passes
time: 0.014 	LLVM passes
time: 0.007 	linking
rustc: x86_64-unknown-linux-gnu/stage2/lib/rustlib/x86_64-unknown-linux-gnu/lib/librustc_unicode
time: 0.075 	parsing
time: 0.017 	configuration 1
time: 0.000 	recursion limit
time: 0.001 	gated macro checking
time: 0.000 	crate injection
time: 0.001 	macro loading
time: 0.000 	plugin loading
time: 0.000 	plugin registration
time: 0.125 	expansion
time: 0.001 	complete gated feature checking 1
time: 0.017 	configuration 2
time: 0.010 	maybe building test harness
time: 0.000 	prelude injection
time: 0.001 	checking that all macro invocations are gone
time: 0.001 	complete gated feature checking 2
time: 0.010 	assigning node ids and indexing ast
time: 0.001 	external crate/lib resolution
time: 0.001 	language item collection
time: 0.011 	resolution
time: 0.001 	lifetime resolution
time: 0.000 	looking for entry point
time: 0.001 	looking for plugin registrar
time: 0.012 	region resolution
time: 0.001 	loop checking
time: 0.001 	static item recursion checking
time: 0.002 	type collecting
time: 0.001 	variance inference
time: 0.041 	coherence checking
time: 0.338 	type checking
time: 0.047 	const checking
time: 0.005 	privacy checking
time: 0.001 	stability index
time: 0.001 	intrinsic checking
time: 0.001 	effect checking
time: 0.002 	match checking
time: 0.001 	liveness checking
time: 0.013 	borrow checking
time: 0.006 	rvalue checking
time: 0.001 	reachability checking
time: 0.003 	death checking
time: 0.002 	stability checking
time: 0.000 	unused lib feature checking
time: 0.023 	lint checking
time: 0.000 	resolving dependency formats
time: 0.484 	translation
  time: 0.021 	llvm function passes
  time: 0.205 	llvm module passes
  time: 0.098 	codegen passes
  time: 0.002 	codegen passes
time: 0.338 	LLVM passes
time: 0.017 	linking
rustc: x86_64-unknown-linux-gnu/stage2/lib/rustlib/x86_64-unknown-linux-gnu/lib/libcollections
time: 0.053 	parsing
time: 0.019 	configuration 1
time: 0.000 	recursion limit
time: 0.001 	gated macro checking
time: 0.000 	crate injection
time: 0.001 	macro loading
time: 0.000 	plugin loading
time: 0.000 	plugin registration
time: 0.122 	expansion
time: 0.004 	complete gated feature checking 1
time: 0.027 	configuration 2
time: 0.013 	maybe building test harness
time: 0.000 	prelude injection
time: 0.001 	checking that all macro invocations are gone
time: 0.003 	complete gated feature checking 2
time: 0.015 	assigning node ids and indexing ast
time: 0.002 	external crate/lib resolution
time: 0.002 	language item collection
time: 0.036 	resolution
time: 0.002 	lifetime resolution
time: 0.000 	looking for entry point
time: 0.001 	looking for plugin registrar
time: 0.009 	region resolution
time: 0.002 	loop checking
time: 0.001 	static item recursion checking
time: 0.016 	type collecting
time: 0.003 	variance inference
time: 0.142 	coherence checking
time: 1.943 	type checking
time: 0.157 	const checking
time: 0.011 	privacy checking
time: 0.001 	stability index
time: 0.007 	intrinsic checking
time: 0.003 	effect checking
time: 0.041 	match checking
time: 0.007 	liveness checking
time: 0.302 	borrow checking
time: 0.240 	rvalue checking
time: 0.005 	reachability checking
time: 0.008 	death checking
time: 0.011 	stability checking
time: 0.000 	unused lib feature checking
time: 0.044 	lint checking
time: 0.000 	resolving dependency formats
time: 1.038 	translation
  time: 0.079 	llvm function passes
  time: 0.821 	llvm module passes
  time: 0.391 	codegen passes
  time: 0.003 	codegen passes
time: 1.330 	LLVM passes
time: 0.045 	linking
rustc: x86_64-unknown-linux-gnu/stage2/lib/rustlib/x86_64-unknown-linux-gnu/lib/librustc_bitflags
time: 0.001 	parsing
time: 0.000 	configuration 1
time: 0.000 	recursion limit
time: 0.000 	gated macro checking
time: 0.000 	crate injection
time: 0.000 	macro loading
time: 0.000 	plugin loading
time: 0.000 	plugin registration
time: 0.000 	expansion
time: 0.000 	complete gated feature checking 1
time: 0.000 	configuration 2
time: 0.000 	maybe building test harness
time: 0.000 	prelude injection
time: 0.000 	checking that all macro invocations are gone
time: 0.000 	complete gated feature checking 2
time: 0.000 	assigning node ids and indexing ast
time: 0.000 	external crate/lib resolution
time: 0.000 	language item collection
time: 0.000 	resolution
time: 0.000 	lifetime resolution
time: 0.000 	looking for entry point
time: 0.000 	looking for plugin registrar
time: 0.000 	region resolution
time: 0.000 	loop checking
time: 0.000 	static item recursion checking
time: 0.000 	type collecting
time: 0.000 	variance inference
time: 0.000 	coherence checking
time: 0.000 	type checking
time: 0.000 	const checking
time: 0.000 	privacy checking
time: 0.000 	stability index
time: 0.000 	intrinsic checking
time: 0.000 	effect checking
time: 0.000 	match checking
time: 0.000 	liveness checking
time: 0.000 	borrow checking
time: 0.000 	rvalue checking
time: 0.000 	reachability checking
time: 0.000 	death checking
time: 0.000 	stability checking
time: 0.000 	unused lib feature checking
time: 0.000 	lint checking
time: 0.000 	resolving dependency formats
time: 0.001 	translation
  time: 0.000 	llvm function passes
  time: 0.000 	llvm module passes
  time: 0.001 	codegen passes
  time: 0.000 	codegen passes
time: 0.003 	LLVM passes
time: 0.002 	linking
rustc: x86_64-unknown-linux-gnu/stage2/lib/rustlib/x86_64-unknown-linux-gnu/lib/libstd
time: 0.161 	parsing
time: 0.050 	configuration 1
time: 0.000 	recursion limit
time: 0.002 	gated macro checking
time: 0.000 	crate injection
time: 0.004 	macro loading
time: 0.000 	plugin loading
time: 0.000 	plugin registration
time: 0.255 	expansion
time: 0.009 	complete gated feature checking 1
time: 0.051 	configuration 2
time: 0.025 	maybe building test harness
time: 0.000 	prelude injection
time: 0.003 	checking that all macro invocations are gone
time: 0.007 	complete gated feature checking 2
time: 0.029 	assigning node ids and indexing ast
time: 0.003 	external crate/lib resolution
time: 0.005 	language item collection
time: 0.071 	resolution
time: 0.006 	lifetime resolution
time: 0.000 	looking for entry point
time: 0.003 	looking for plugin registrar
time: 0.019 	region resolution
time: 0.003 	loop checking
time: 0.003 	static item recursion checking
time: 0.029 	type collecting
time: 0.007 	variance inference
time: 0.124 	coherence checking
time: 1.840 	type checking
time: 0.280 	const checking
time: 0.028 	privacy checking
time: 0.002 	stability index
time: 0.010 	intrinsic checking
time: 0.005 	effect checking
time: 0.042 	match checking
time: 0.015 	liveness checking
time: 0.367 	borrow checking
time: 0.316 	rvalue checking
time: 0.008 	reachability checking
time: 0.020 	death checking
time: 0.024 	stability checking
time: 0.000 	unused lib feature checking
time: 0.099 	lint checking
time: 0.000 	resolving dependency formats
time: 1.921 	translation
  time: 0.298 	llvm function passes
  time: 3.937 	llvm module passes
  time: 1.722 	codegen passes
  time: 0.004 	codegen passes
time: 6.080 	LLVM passes
  time: 0.185 	running linker
time: 0.274 	linking
rustc: x86_64-unknown-linux-gnu/stage2/lib/rustlib/x86_64-unknown-linux-gnu/lib/libflate
time: 0.001 	parsing
time: 0.000 	configuration 1
time: 0.000 	recursion limit
time: 0.000 	gated macro checking
time: 0.000 	crate injection
time: 0.002 	macro loading
time: 0.000 	plugin loading
time: 0.000 	plugin registration
time: 0.002 	expansion
time: 0.000 	complete gated feature checking 1
time: 0.000 	configuration 2
time: 0.000 	maybe building test harness
time: 0.000 	prelude injection
time: 0.000 	checking that all macro invocations are gone
time: 0.000 	complete gated feature checking 2
time: 0.000 	assigning node ids and indexing ast
time: 0.000 	external crate/lib resolution
time: 0.000 	language item collection
time: 0.005 	resolution
time: 0.000 	lifetime resolution
time: 0.000 	looking for entry point
time: 0.000 	looking for plugin registrar
time: 0.000 	region resolution
time: 0.000 	loop checking
time: 0.000 	static item recursion checking
time: 0.000 	type collecting
time: 0.000 	variance inference
time: 0.025 	coherence checking
time: 0.020 	type checking
time: 0.001 	const checking
time: 0.000 	privacy checking
time: 0.000 	stability index
time: 0.000 	intrinsic checking
time: 0.000 	effect checking
time: 0.000 	match checking
time: 0.000 	liveness checking
time: 0.001 	borrow checking
time: 0.001 	rvalue checking
time: 0.000 	reachability checking
time: 0.000 	death checking
time: 0.000 	stability checking
time: 0.000 	unused lib feature checking
time: 0.001 	lint checking
time: 0.000 	resolving dependency formats
time: 0.021 	translation
  time: 0.003 	llvm function passes
  time: 0.008 	llvm module passes
  time: 0.007 	codegen passes
  time: 0.000 	codegen passes
time: 0.021 	LLVM passes
  time: 0.020 	running linker
time: 0.023 	linking
rustc: x86_64-unknown-linux-gnu/stage2/lib/rustlib/x86_64-unknown-linux-gnu/lib/libarena
time: 0.002 	parsing
time: 0.001 	configuration 1
time: 0.000 	recursion limit
time: 0.000 	gated macro checking
time: 0.000 	crate injection
time: 0.002 	macro loading
time: 0.000 	plugin loading
time: 0.000 	plugin registration
time: 0.003 	expansion
time: 0.000 	complete gated feature checking 1
time: 0.001 	configuration 2
time: 0.000 	maybe building test harness
time: 0.000 	prelude injection
time: 0.000 	checking that all macro invocations are gone
time: 0.000 	complete gated feature checking 2
time: 0.000 	assigning node ids and indexing ast
time: 0.000 	external crate/lib resolution
time: 0.000 	language item collection
time: 0.003 	resolution
time: 0.000 	lifetime resolution
time: 0.000 	looking for entry point
time: 0.000 	looking for plugin registrar
time: 0.000 	region resolution
time: 0.000 	loop checking
time: 0.000 	static item recursion checking
time: 0.001 	type collecting
time: 0.000 	variance inference
time: 0.015 	coherence checking
time: 0.099 	type checking
time: 0.005 	const checking
time: 0.000 	privacy checking
time: 0.000 	stability index
time: 0.000 	intrinsic checking
time: 0.000 	effect checking
time: 0.001 	match checking
time: 0.000 	liveness checking
time: 0.005 	borrow checking
time: 0.004 	rvalue checking
time: 0.000 	reachability checking
time: 0.000 	death checking
time: 0.001 	stability checking
time: 0.000 	unused lib feature checking
time: 0.003 	lint checking
time: 0.000 	resolving dependency formats
time: 0.071 	translation
  time: 0.010 	llvm function passes
  time: 0.065 	llvm module passes
  time: 0.028 	codegen passes
  time: 0.000 	codegen passes
time: 0.107 	LLVM passes
  time: 0.016 	running linker
time: 0.020 	linking
rustc: x86_64-unknown-linux-gnu/stage2/lib/rustlib/x86_64-unknown-linux-gnu/lib/liblog
time: 0.002 	parsing
time: 0.001 	configuration 1
time: 0.000 	recursion limit
time: 0.000 	gated macro checking
time: 0.000 	crate injection
time: 0.002 	macro loading
time: 0.000 	plugin loading
time: 0.000 	plugin registration
time: 0.005 	expansion
time: 0.000 	complete gated feature checking 1
time: 0.001 	configuration 2
time: 0.001 	maybe building test harness
time: 0.000 	prelude injection
time: 0.000 	checking that all macro invocations are gone
time: 0.000 	complete gated feature checking 2
time: 0.001 	assigning node ids and indexing ast
time: 0.000 	external crate/lib resolution
time: 0.000 	language item collection
time: 0.004 	resolution
time: 0.000 	lifetime resolution
time: 0.000 	looking for entry point
time: 0.000 	looking for plugin registrar
time: 0.000 	region resolution
time: 0.000 	loop checking
time: 0.000 	static item recursion checking
time: 0.001 	type collecting
time: 0.000 	variance inference
time: 0.022 	coherence checking
time: 0.119 	type checking
time: 0.008 	const checking
time: 0.000 	privacy checking
time: 0.000 	stability index
time: 0.000 	intrinsic checking
time: 0.000 	effect checking
time: 0.000 	match checking
time: 0.000 	liveness checking
time: 0.003 	borrow checking
time: 0.003 	rvalue checking
time: 0.000 	reachability checking
time: 0.000 	death checking
time: 0.001 	stability checking
time: 0.000 	unused lib feature checking
time: 0.002 	lint checking
time: 0.000 	resolving dependency formats
time: 0.173 	translation
  time: 0.027 	llvm function passes
  time: 0.388 	llvm module passes
  time: 0.093 	codegen passes
  time: 0.000 	codegen passes
time: 0.516 	LLVM passes
  time: 0.020 	running linker
time: 0.028 	linking
rustc: x86_64-unknown-linux-gnu/stage2/lib/rustlib/x86_64-unknown-linux-gnu/lib/libterm
time: 0.008 	parsing
time: 0.002 	configuration 1
time: 0.000 	recursion limit
time: 0.000 	gated macro checking
time: 0.000 	crate injection
time: 0.003 	macro loading
time: 0.000 	plugin loading
time: 0.000 	plugin registration
time: 0.021 	expansion
time: 0.000 	complete gated feature checking 1
time: 0.003 	configuration 2
time: 0.002 	maybe building test harness
time: 0.001 	prelude injection
time: 0.000 	checking that all macro invocations are gone
time: 0.000 	complete gated feature checking 2
time: 0.002 	assigning node ids and indexing ast
time: 0.000 	external crate/lib resolution
time: 0.000 	language item collection
time: 0.008 	resolution
time: 0.000 	lifetime resolution
time: 0.000 	looking for entry point
time: 0.000 	looking for plugin registrar
time: 0.001 	region resolution
time: 0.000 	loop checking
time: 0.000 	static item recursion checking
time: 0.001 	type collecting
time: 0.000 	variance inference
time: 0.020 	coherence checking
time: 0.285 	type checking
time: 0.020 	const checking
time: 0.001 	privacy checking
time: 0.000 	stability index
time: 0.000 	intrinsic checking
time: 0.000 	effect checking
time: 0.002 	match checking
time: 0.001 	liveness checking
time: 0.017 	borrow checking
time: 0.012 	rvalue checking
time: 0.000 	reachability checking
time: 0.001 	death checking
time: 0.002 	stability checking
time: 0.000 	unused lib feature checking
time: 0.007 	lint checking
time: 0.000 	resolving dependency formats
time: 0.477 	translation
  time: 0.074 	llvm function passes
  time: 1.081 	llvm module passes
  time: 0.484 	codegen passes
  time: 0.001 	codegen passes
time: 1.665 	LLVM passes
  time: 0.029 	running linker
time: 0.050 	linking
rustc: x86_64-unknown-linux-gnu/stage2/lib/rustlib/x86_64-unknown-linux-gnu/lib/libserialize
time: 0.019 	parsing
time: 0.007 	configuration 1
time: 0.000 	recursion limit
time: 0.000 	gated macro checking
time: 0.000 	crate injection
time: 0.003 	macro loading
time: 0.000 	plugin loading
time: 0.000 	plugin registration
time: 0.077 	expansion
time: 0.002 	complete gated feature checking 1
time: 0.014 	configuration 2
time: 0.007 	maybe building test harness
time: 0.006 	prelude injection
time: 0.000 	checking that all macro invocations are gone
time: 0.001 	complete gated feature checking 2
time: 0.009 	assigning node ids and indexing ast
time: 0.001 	external crate/lib resolution
time: 0.001 	language item collection
time: 0.029 	resolution
time: 0.001 	lifetime resolution
time: 0.000 	looking for entry point
time: 0.000 	looking for plugin registrar
time: 0.006 	region resolution
time: 0.001 	loop checking
time: 0.001 	static item recursion checking
time: 0.008 	type collecting
time: 0.001 	variance inference
time: 0.085 	coherence checking
time: 1.320 	type checking
time: 0.270 	const checking
time: 0.005 	privacy checking
time: 0.000 	stability index
time: 0.003 	intrinsic checking
time: 0.001 	effect checking
time: 0.032 	match checking
time: 0.006 	liveness checking
time: 0.464 	borrow checking
time: 0.303 	rvalue checking
time: 0.002 	reachability checking
time: 0.004 	death checking
time: 0.007 	stability checking
time: 0.000 	unused lib feature checking
time: 0.029 	lint checking
time: 0.000 	resolving dependency formats
time: 0.706 	translation
  time: 0.089 	llvm function passes
  time: 1.680 	llvm module passes
  time: 0.545 	codegen passes
  time: 0.001 	codegen passes
time: 2.349 	LLVM passes
  time: 0.031 	running linker
time: 0.059 	linking
rustc: x86_64-unknown-linux-gnu/stage2/lib/rustlib/x86_64-unknown-linux-gnu/lib/libgetopts
time: 0.005 	parsing
time: 0.001 	configuration 1
time: 0.000 	recursion limit
time: 0.000 	gated macro checking
time: 0.000 	crate injection
time: 0.002 	macro loading
time: 0.000 	plugin loading
time: 0.000 	plugin registration
time: 0.013 	expansion
time: 0.000 	complete gated feature checking 1
time: 0.002 	configuration 2
time: 0.001 	maybe building test harness
time: 0.001 	prelude injection
time: 0.000 	checking that all macro invocations are gone
time: 0.000 	complete gated feature checking 2
time: 0.001 	assigning node ids and indexing ast
time: 0.000 	external crate/lib resolution
time: 0.000 	language item collection
time: 0.006 	resolution
time: 0.000 	lifetime resolution
time: 0.000 	looking for entry point
time: 0.000 	looking for plugin registrar
time: 0.001 	region resolution
time: 0.000 	loop checking
time: 0.000 	static item recursion checking
time: 0.001 	type collecting
time: 0.000 	variance inference
time: 0.020 	coherence checking
time: 0.210 	type checking
time: 0.011 	const checking
time: 0.001 	privacy checking
time: 0.000 	stability index
time: 0.000 	intrinsic checking
time: 0.000 	effect checking
time: 0.001 	match checking
time: 0.001 	liveness checking
time: 0.010 	borrow checking
time: 0.007 	rvalue checking
time: 0.000 	reachability checking
time: 0.001 	death checking
time: 0.002 	stability checking
time: 0.000 	unused lib feature checking
time: 0.005 	lint checking
time: 0.000 	resolving dependency formats
time: 0.419 	translation
  time: 0.052 	llvm function passes
  time: 0.924 	llvm module passes
  time: 0.398 	codegen passes
  time: 0.001 	codegen passes
time: 1.395 	LLVM passes
  time: 0.024 	running linker
time: 0.041 	linking
rustc: x86_64-unknown-linux-gnu/stage2/lib/rustlib/x86_64-unknown-linux-gnu/lib/librbml
time: 0.006 	parsing
time: 0.002 	configuration 1
time: 0.000 	recursion limit
time: 0.000 	gated macro checking
time: 0.000 	crate injection
time: 0.003 	macro loading
time: 0.000 	plugin loading
time: 0.000 	plugin registration
time: 0.022 	expansion
time: 0.000 	complete gated feature checking 1
time: 0.003 	configuration 2
time: 0.002 	maybe building test harness
time: 0.002 	prelude injection
time: 0.000 	checking that all macro invocations are gone
time: 0.000 	complete gated feature checking 2
time: 0.002 	assigning node ids and indexing ast
time: 0.000 	external crate/lib resolution
time: 0.000 	language item collection
time: 0.007 	resolution
time: 0.000 	lifetime resolution
time: 0.000 	looking for entry point
time: 0.000 	looking for plugin registrar
time: 0.002 	region resolution
time: 0.000 	loop checking
time: 0.000 	static item recursion checking
time: 0.002 	type collecting
time: 0.000 	variance inference
time: 0.061 	coherence checking
time: 0.229 	type checking
time: 0.037 	const checking
time: 0.001 	privacy checking
time: 0.000 	stability index
time: 0.001 	intrinsic checking
time: 0.000 	effect checking
time: 0.003 	match checking
time: 0.001 	liveness checking
time: 0.036 	borrow checking
time: 0.031 	rvalue checking
time: 0.000 	reachability checking
time: 0.001 	death checking
time: 0.002 	stability checking
time: 0.000 	unused lib feature checking
time: 0.007 	lint checking
time: 0.000 	resolving dependency formats
time: 0.141 	translation
  time: 0.021 	llvm function passes
  time: 0.206 	llvm module passes
  time: 0.124 	codegen passes
  time: 0.001 	codegen passes
time: 0.360 	LLVM passes
  time: 0.025 	running linker
time: 0.034 	linking
rustc: x86_64-unknown-linux-gnu/stage2/lib/rustlib/x86_64-unknown-linux-gnu/lib/libtest
time: 0.008 	parsing
time: 0.002 	configuration 1
time: 0.000 	recursion limit
time: 0.000 	gated macro checking
time: 0.000 	crate injection
time: 0.002 	macro loading
time: 0.000 	plugin loading
time: 0.000 	plugin registration
time: 0.017 	expansion
time: 0.000 	complete gated feature checking 1
time: 0.003 	configuration 2
time: 0.002 	maybe building test harness
time: 0.002 	prelude injection
time: 0.000 	checking that all macro invocations are gone
time: 0.000 	complete gated feature checking 2
time: 0.002 	assigning node ids and indexing ast
time: 0.001 	external crate/lib resolution
time: 0.000 	language item collection
time: 0.011 	resolution
time: 0.000 	lifetime resolution
time: 0.000 	looking for entry point
time: 0.000 	looking for plugin registrar
time: 0.001 	region resolution
time: 0.000 	loop checking
time: 0.000 	static item recursion checking
time: 0.002 	type collecting
time: 0.000 	variance inference
time: 0.025 	coherence checking
time: 0.298 	type checking
time: 0.027 	const checking
time: 0.001 	privacy checking
time: 0.000 	stability index
time: 0.000 	intrinsic checking
time: 0.000 	effect checking
time: 0.002 	match checking
time: 0.001 	liveness checking
time: 0.021 	borrow checking
time: 0.019 	rvalue checking
time: 0.000 	reachability checking
time: 0.001 	death checking
time: 0.002 	stability checking
time: 0.000 	unused lib feature checking
time: 0.008 	lint checking
time: 0.000 	resolving dependency formats
time: 0.907 	translation
  time: 0.122 	llvm function passes
  time: 2.499 	llvm module passes
  time: 0.823 	codegen passes
  time: 0.001 	codegen passes
time: 3.496 	LLVM passes
  time: 0.029 	running linker
time: 0.064 	linking
rustc: x86_64-unknown-linux-gnu/stage2/lib/rustlib/x86_64-unknown-linux-gnu/lib/libgraphviz
time: 0.002 	parsing
time: 0.001 	configuration 1
time: 0.000 	recursion limit
time: 0.000 	gated macro checking
time: 0.000 	crate injection
time: 0.002 	macro loading
time: 0.000 	plugin loading
time: 0.000 	plugin registration
time: 0.003 	expansion
time: 0.000 	complete gated feature checking 1
time: 0.001 	configuration 2
time: 0.000 	maybe building test harness
time: 0.000 	prelude injection
time: 0.000 	checking that all macro invocations are gone
time: 0.000 	complete gated feature checking 2
time: 0.000 	assigning node ids and indexing ast
time: 0.000 	external crate/lib resolution
time: 0.000 	language item collection
time: 0.003 	resolution
time: 0.000 	lifetime resolution
time: 0.000 	looking for entry point
time: 0.000 	looking for plugin registrar
time: 0.000 	region resolution
time: 0.000 	loop checking
time: 0.000 	static item recursion checking
time: 0.001 	type collecting
time: 0.000 	variance inference
time: 0.019 	coherence checking
time: 0.098 	type checking
time: 0.005 	const checking
time: 0.000 	privacy checking
time: 0.000 	stability index
time: 0.000 	intrinsic checking
time: 0.000 	effect checking
time: 0.001 	match checking
time: 0.000 	liveness checking
time: 0.004 	borrow checking
time: 0.005 	rvalue checking
time: 0.000 	reachability checking
time: 0.000 	death checking
time: 0.001 	stability checking
time: 0.000 	unused lib feature checking
time: 0.001 	lint checking
time: 0.000 	resolving dependency formats
time: 0.068 	translation
  time: 0.009 	llvm function passes
  time: 0.065 	llvm module passes
  time: 0.022 	codegen passes
  time: 0.000 	codegen passes
time: 0.100 	LLVM passes
  time: 0.016 	running linker
time: 0.020 	linking
rustc: x86_64-unknown-linux-gnu/stage2/lib/rustlib/x86_64-unknown-linux-gnu/lib/libfmt_macros
time: 0.002 	parsing
time: 0.001 	configuration 1
time: 0.000 	recursion limit
time: 0.000 	gated macro checking
time: 0.000 	crate injection
time: 0.002 	macro loading
time: 0.000 	plugin loading
time: 0.000 	plugin registration
time: 0.005 	expansion
time: 0.000 	complete gated feature checking 1
time: 0.001 	configuration 2
time: 0.001 	maybe building test harness
time: 0.001 	prelude injection
time: 0.000 	checking that all macro invocations are gone
time: 0.000 	complete gated feature checking 2
time: 0.001 	assigning node ids and indexing ast
time: 0.000 	external crate/lib resolution
time: 0.000 	language item collection
time: 0.003 	resolution
time: 0.000 	lifetime resolution
time: 0.000 	looking for entry point
time: 0.000 	looking for plugin registrar
time: 0.000 	region resolution
time: 0.000 	loop checking
time: 0.000 	static item recursion checking
time: 0.000 	type collecting
time: 0.000 	variance inference
time: 0.064 	coherence checking
time: 0.050 	type checking
time: 0.004 	const checking
time: 0.000 	privacy checking
time: 0.000 	stability index
time: 0.000 	intrinsic checking
time: 0.000 	effect checking
time: 0.001 	match checking
time: 0.000 	liveness checking
time: 0.004 	borrow checking
time: 0.003 	rvalue checking
time: 0.000 	reachability checking
time: 0.000 	death checking
time: 0.001 	stability checking
time: 0.000 	unused lib feature checking
time: 0.002 	lint checking
time: 0.000 	resolving dependency formats
time: 0.095 	translation
  time: 0.015 	llvm function passes
  time: 0.224 	llvm module passes
  time: 0.096 	codegen passes
  time: 0.001 	codegen passes
time: 0.342 	LLVM passes
  time: 0.020 	running linker
time: 0.027 	linking
rustc: x86_64-unknown-linux-gnu/stage2/lib/rustlib/x86_64-unknown-linux-gnu/lib/libsyntax
time: 0.136 	parsing
time: 0.045 	configuration 1
time: 0.000 	recursion limit
time: 0.003 	gated macro checking
time: 0.000 	crate injection
time: 0.006 	macro loading
time: 0.000 	plugin loading
time: 0.000 	plugin registration
time: 0.650 	expansion
time: 0.019 	complete gated feature checking 1
time: 0.121 	configuration 2
time: 0.063 	maybe building test harness
time: 0.058 	prelude injection
time: 0.009 	checking that all macro invocations are gone
time: 0.020 	complete gated feature checking 2
time: 0.079 	assigning node ids and indexing ast
time: 0.010 	external crate/lib resolution
time: 0.018 	language item collection
time: 0.253 	resolution
time: 0.015 	lifetime resolution
time: 0.000 	looking for entry point
time: 0.009 	looking for plugin registrar
time: 0.081 	region resolution
time: 0.009 	loop checking
time: 0.009 	static item recursion checking
time: 0.054 	type collecting
time: 0.019 	variance inference
time: 0.158 	coherence checking
time: 15.772 	type checking
time: 1.854 	const checking
time: 0.090 	privacy checking
time: 0.002 	stability index
time: 0.026 	intrinsic checking
time: 0.023 	effect checking
time: 0.150 	match checking
time: 0.069 	liveness checking
time: 2.730 	borrow checking
time: 1.773 	rvalue checking
time: 0.024 	reachability checking
time: 0.065 	death checking
time: 0.075 	stability checking
time: 0.000 	unused lib feature checking
time: 0.304 	lint checking
time: 0.000 	resolving dependency formats
time: 13.553 	translation
  time: 1.906 	llvm function passes
  time: 45.593 	llvm module passes
  time: 17.471 	codegen passes
  time: 0.007 	codegen passes
time: 66.353 	LLVM passes
  time: 0.171 	running linker
time: 0.810 	linking
rustc: x86_64-unknown-linux-gnu/stage2/lib/rustlib/x86_64-unknown-linux-gnu/lib/librustc_llvm
time: 0.008 	parsing
time: 0.001 	configuration 1
time: 0.000 	recursion limit
time: 0.000 	gated macro checking
time: 0.000 	crate injection
time: 0.003 	macro loading
time: 0.000 	plugin loading
time: 0.000 	plugin registration
time: 0.014 	expansion
time: 0.000 	complete gated feature checking 1
time: 0.003 	configuration 2
time: 0.001 	maybe building test harness
time: 0.002 	prelude injection
time: 0.000 	checking that all macro invocations are gone
time: 0.000 	complete gated feature checking 2
time: 0.002 	assigning node ids and indexing ast
time: 0.000 	external crate/lib resolution
time: 0.000 	language item collection
time: 0.010 	resolution
time: 0.000 	lifetime resolution
time: 0.000 	looking for entry point
time: 0.000 	looking for plugin registrar
time: 0.001 	region resolution
time: 0.000 	loop checking
time: 0.000 	static item recursion checking
time: 0.003 	type collecting
time: 0.000 	variance inference
time: 0.079 	coherence checking
time: 0.123 	type checking
time: 0.008 	const checking
time: 0.001 	privacy checking
time: 0.000 	stability index
time: 0.000 	intrinsic checking
time: 0.000 	effect checking
time: 0.001 	match checking
time: 0.000 	liveness checking
time: 0.006 	borrow checking
time: 0.004 	rvalue checking
time: 0.000 	reachability checking
time: 0.001 	death checking
time: 0.001 	stability checking
time: 0.000 	unused lib feature checking
time: 0.007 	lint checking
time: 0.000 	resolving dependency formats
time: 0.127 	translation
  time: 0.016 	llvm function passes
  time: 0.080 	llvm module passes
  time: 0.057 	codegen passes
  time: 0.001 	codegen passes
time: 0.158 	LLVM passes
  time: 1.317 	running linker
time: 1.548 	linking
rustc: x86_64-unknown-linux-gnu/stage2/lib/rustlib/x86_64-unknown-linux-gnu/lib/librustc_back
time: 0.010 	parsing
time: 0.002 	configuration 1
time: 0.000 	recursion limit
time: 0.000 	gated macro checking
time: 0.000 	crate injection
time: 0.003 	macro loading
time: 0.000 	plugin loading
time: 0.000 	plugin registration
time: 0.037 	expansion
time: 0.001 	complete gated feature checking 1
time: 0.006 	configuration 2
time: 0.003 	maybe building test harness
time: 0.003 	prelude injection
time: 0.000 	checking that all macro invocations are gone
time: 0.000 	complete gated feature checking 2
time: 0.003 	assigning node ids and indexing ast
time: 0.003 	external crate/lib resolution
time: 0.000 	language item collection
time: 0.020 	resolution
time: 0.000 	lifetime resolution
time: 0.000 	looking for entry point
time: 0.000 	looking for plugin registrar
time: 0.002 	region resolution
time: 0.000 	loop checking
time: 0.000 	static item recursion checking
time: 0.002 	type collecting
time: 0.000 	variance inference
time: 0.031 	coherence checking
time: 0.530 	type checking
time: 0.061 	const checking
time: 0.002 	privacy checking
time: 0.000 	stability index
time: 0.001 	intrinsic checking
time: 0.000 	effect checking
time: 0.002 	match checking
time: 0.002 	liveness checking
time: 0.034 	borrow checking
time: 0.028 	rvalue checking
time: 0.000 	reachability checking
time: 0.002 	death checking
time: 0.005 	stability checking
time: 0.000 	unused lib feature checking
time: 0.014 	lint checking
time: 0.000 	resolving dependency formats
time: 1.342 	translation
  time: 0.182 	llvm function passes
  time: 3.365 	llvm module passes
  time: 1.182 	codegen passes
  time: 0.001 	codegen passes
time: 4.825 	LLVM passes
  time: 0.082 	running linker
time: 0.140 	linking
rustc: x86_64-unknown-linux-gnu/stage2/lib/rustlib/x86_64-unknown-linux-gnu/lib/librustc_data_structures
time: 0.005 	parsing
time: 0.001 	configuration 1
time: 0.000 	recursion limit
time: 0.000 	gated macro checking
time: 0.000 	crate injection
time: 0.003 	macro loading
time: 0.000 	plugin loading
time: 0.000 	plugin registration
time: 0.010 	expansion
time: 0.000 	complete gated feature checking 1
time: 0.002 	configuration 2
time: 0.001 	maybe building test harness
time: 0.001 	prelude injection
time: 0.000 	checking that all macro invocations are gone
time: 0.000 	complete gated feature checking 2
time: 0.001 	assigning node ids and indexing ast
time: 0.000 	external crate/lib resolution
time: 0.000 	language item collection
time: 0.006 	resolution
time: 0.000 	lifetime resolution
time: 0.000 	looking for entry point
time: 0.000 	looking for plugin registrar
time: 0.000 	region resolution
time: 0.000 	loop checking
time: 0.000 	static item recursion checking
time: 0.002 	type collecting
time: 0.000 	variance inference
time: 0.069 	coherence checking
time: 0.195 	type checking
time: 0.023 	const checking
time: 0.001 	privacy checking
time: 0.000 	stability index
time: 0.001 	intrinsic checking
time: 0.000 	effect checking
time: 0.006 	match checking
time: 0.000 	liveness checking
time: 0.036 	borrow checking
time: 0.028 	rvalue checking
time: 0.000 	reachability checking
time: 0.000 	death checking
time: 0.001 	stability checking
time: 0.000 	unused lib feature checking
time: 0.003 	lint checking
time: 0.000 	resolving dependency formats
time: 0.075 	translation
  time: 0.005 	llvm function passes
  time: 0.022 	llvm module passes
  time: 0.008 	codegen passes
  time: 0.001 	codegen passes
time: 0.038 	LLVM passes
  time: 0.022 	running linker
time: 0.026 	linking
rustc: x86_64-unknown-linux-gnu/stage2/lib/rustlib/x86_64-unknown-linux-gnu/lib/librustc
time: 0.188 	parsing
time: 0.063 	configuration 1
time: 0.000 	recursion limit
time: 0.004 	gated macro checking
time: 0.000 	crate injection
time: 0.008 	macro loading
time: 0.000 	plugin loading
time: 0.000 	plugin registration
time: 0.849 	expansion
time: 0.025 	complete gated feature checking 1
time: 0.147 	configuration 2
time: 0.076 	maybe building test harness
time: 0.070 	prelude injection
time: 0.011 	checking that all macro invocations are gone
time: 0.025 	complete gated feature checking 2
time: 0.096 	assigning node ids and indexing ast
time: 0.014 	external crate/lib resolution
time: 0.023 	language item collection
time: 0.292 	resolution
time: 0.020 	lifetime resolution
time: 0.000 	looking for entry point
time: 0.011 	looking for plugin registrar
time: 0.090 	region resolution
time: 0.011 	loop checking
time: 0.012 	static item recursion checking
time: 0.073 	type collecting
time: 0.024 	variance inference
time: 0.195 	coherence checking
time: 11.689 	type checking
time: 2.182 	const checking
time: 0.116 	privacy checking
time: 0.002 	stability index
time: 0.033 	intrinsic checking
time: 0.025 	effect checking
time: 0.145 	match checking
time: 0.065 	liveness checking
time: 1.569 	borrow checking
time: 1.335 	rvalue checking
time: 0.025 	reachability checking
time: 0.080 	death checking
time: 0.095 	stability checking
time: 0.000 	unused lib feature checking
time: 0.365 	lint checking
time: 0.000 	resolving dependency formats
time: 27.852 	translation
  time: 3.820 	llvm function passes
  time: 79.187 	llvm module passes
  time: 23.050 	codegen passes
  time: 0.008 	codegen passes
time: 108.248 	LLVM passes
  time: 0.316 	running linker
time: 1.248 	linking
rustc: x86_64-unknown-linux-gnu/stage2/lib/rustlib/x86_64-unknown-linux-gnu/lib/librustc_typeck
time: 0.075 	parsing
time: 0.024 	configuration 1
time: 0.000 	recursion limit
time: 0.002 	gated macro checking
time: 0.000 	crate injection
time: 0.005 	macro loading
time: 0.000 	plugin loading
time: 0.000 	plugin registration
time: 0.321 	expansion
time: 0.008 	complete gated feature checking 1
time: 0.048 	configuration 2
time: 0.025 	maybe building test harness
time: 0.023 	prelude injection
time: 0.003 	checking that all macro invocations are gone
time: 0.008 	complete gated feature checking 2
time: 0.032 	assigning node ids and indexing ast
time: 0.026 	external crate/lib resolution
time: 0.007 	language item collection
time: 0.113 	resolution
time: 0.007 	lifetime resolution
time: 0.000 	looking for entry point
time: 0.004 	looking for plugin registrar
time: 0.026 	region resolution
time: 0.004 	loop checking
time: 0.004 	static item recursion checking
time: 0.021 	type collecting
time: 0.008 	variance inference
time: 0.135 	coherence checking
time: 4.996 	type checking
time: 1.283 	const checking
time: 0.054 	privacy checking
time: 0.000 	stability index
time: 0.011 	intrinsic checking
time: 0.008 	effect checking
time: 0.024 	match checking
time: 0.026 	liveness checking
time: 0.270 	borrow checking
time: 0.324 	rvalue checking
time: 0.001 	reachability checking
time: 0.041 	death checking
time: 0.054 	stability checking
time: 0.000 	unused lib feature checking
time: 0.150 	lint checking
time: 0.000 	resolving dependency formats
time: 12.628 	translation
  time: 1.470 	llvm function passes
  time: 27.881 	llvm module passes
  time: 7.889 	codegen passes
  time: 0.002 	codegen passes
time: 37.952 	LLVM passes
  time: 0.145 	running linker
time: 0.481 	linking
rustc: x86_64-unknown-linux-gnu/stage2/lib/rustlib/x86_64-unknown-linux-gnu/lib/librustc_borrowck
time: 0.015 	parsing
time: 0.004 	configuration 1
time: 0.000 	recursion limit
time: 0.000 	gated macro checking
time: 0.000 	crate injection
time: 0.004 	macro loading
time: 0.000 	plugin loading
time: 0.000 	plugin registration
time: 0.065 	expansion
time: 0.001 	complete gated feature checking 1
time: 0.010 	configuration 2
time: 0.005 	maybe building test harness
time: 0.005 	prelude injection
time: 0.000 	checking that all macro invocations are gone
time: 0.001 	complete gated feature checking 2
time: 0.006 	assigning node ids and indexing ast
time: 0.027 	external crate/lib resolution
time: 0.001 	language item collection
time: 0.029 	resolution
time: 0.001 	lifetime resolution
time: 0.000 	looking for entry point
time: 0.000 	looking for plugin registrar
time: 0.004 	region resolution
time: 0.001 	loop checking
time: 0.000 	static item recursion checking
time: 0.004 	type collecting
time: 0.001 	variance inference
time: 0.059 	coherence checking
time: 0.800 	type checking
time: 0.182 	const checking
time: 0.006 	privacy checking
time: 0.000 	stability index
time: 0.001 	intrinsic checking
time: 0.001 	effect checking
time: 0.006 	match checking
time: 0.004 	liveness checking
time: 0.055 	borrow checking
time: 0.061 	rvalue checking
time: 0.000 	reachability checking
time: 0.005 	death checking
time: 0.009 	stability checking
time: 0.000 	unused lib feature checking
time: 0.028 	lint checking
time: 0.000 	resolving dependency formats
time: 2.113 	translation
  time: 0.291 	llvm function passes
  time: 3.861 	llvm module passes
  time: 1.309 	codegen passes
  time: 0.001 	codegen passes
time: 5.570 	LLVM passes
  time: 0.056 	running linker
time: 0.116 	linking
rustc: x86_64-unknown-linux-gnu/stage2/lib/rustlib/x86_64-unknown-linux-gnu/lib/librustc_resolve
time: 0.019 	parsing
time: 0.006 	configuration 1
time: 0.000 	recursion limit
time: 0.000 	gated macro checking
time: 0.000 	crate injection
time: 0.005 	macro loading
time: 0.000 	plugin loading
time: 0.000 	plugin registration
time: 0.078 	expansion
time: 0.002 	complete gated feature checking 1
time: 0.012 	configuration 2
time: 0.006 	maybe building test harness
time: 0.006 	prelude injection
time: 0.000 	checking that all macro invocations are gone
time: 0.001 	complete gated feature checking 2
time: 0.007 	assigning node ids and indexing ast
time: 0.026 	external crate/lib resolution
time: 0.001 	language item collection
time: 0.037 	resolution
time: 0.001 	lifetime resolution
time: 0.000 	looking for entry point
time: 0.000 	looking for plugin registrar
time: 0.005 	region resolution
time: 0.001 	loop checking
time: 0.000 	static item recursion checking
time: 0.004 	type collecting
time: 0.001 	variance inference
time: 0.061 	coherence checking
time: 1.022 	type checking
time: 0.142 	const checking
time: 0.007 	privacy checking
time: 0.000 	stability index
time: 0.002 	intrinsic checking
time: 0.001 	effect checking
time: 0.006 	match checking
time: 0.006 	liveness checking
time: 0.069 	borrow checking
time: 0.061 	rvalue checking
time: 0.000 	reachability checking
time: 0.005 	death checking
time: 0.009 	stability checking
time: 0.000 	unused lib feature checking
time: 0.030 	lint checking
time: 0.000 	resolving dependency formats
time: 2.725 	translation
  time: 0.437 	llvm function passes
  time: 6.295 	llvm module passes
  time: 2.138 	codegen passes
  time: 0.001 	codegen passes
time: 9.041 	LLVM passes
  time: 0.100 	running linker
time: 0.189 	linking
rustc: x86_64-unknown-linux-gnu/stage2/lib/rustlib/x86_64-unknown-linux-gnu/lib/librustc_trans
time: 0.124 	parsing
time: 0.041 	configuration 1
time: 0.000 	recursion limit
time: 0.003 	gated macro checking
time: 0.000 	crate injection
time: 0.006 	macro loading
time: 0.000 	plugin loading
time: 0.000 	plugin registration
time: 0.460 	expansion
time: 0.012 	complete gated feature checking 1
time: 0.068 	configuration 2
time: 0.035 	maybe building test harness
time: 0.032 	prelude injection
time: 0.006 	checking that all macro invocations are gone
time: 0.013 	complete gated feature checking 2
time: 0.046 	assigning node ids and indexing ast
time: 0.026 	external crate/lib resolution
time: 0.011 	language item collection
time: 0.176 	resolution
time: 0.010 	lifetime resolution
time: 0.000 	looking for entry point
time: 0.006 	looking for plugin registrar
time: 0.043 	region resolution
time: 0.006 	loop checking
time: 0.006 	static item recursion checking
time: 0.031 	type collecting
time: 0.012 	variance inference
time: 0.143 	coherence checking
time: 5.318 	type checking
time: 1.748 	const checking
time: 0.065 	privacy checking
time: 0.001 	stability index
time: 0.018 	intrinsic checking
time: 0.013 	effect checking
time: 0.037 	match checking
time: 0.038 	liveness checking
time: 0.401 	borrow checking
time: 0.385 	rvalue checking
time: 0.001 	reachability checking
time: 0.046 	death checking
time: 0.061 	stability checking
time: 0.000 	unused lib feature checking
time: 0.190 	lint checking
time: 0.000 	resolving dependency formats
time: 12.249 	translation
  time: 1.613 	llvm function passes
  time: 28.983 	llvm module passes
  time: 9.271 	codegen passes
  time: 0.002 	codegen passes
time: 40.707 	LLVM passes
  time: 0.153 	running linker
time: 0.518 	linking
rustc: x86_64-unknown-linux-gnu/stage2/lib/rustlib/x86_64-unknown-linux-gnu/lib/librustc_privacy
time: 0.005 	parsing
time: 0.002 	configuration 1
time: 0.000 	recursion limit
time: 0.000 	gated macro checking
time: 0.000 	crate injection
time: 0.004 	macro loading
time: 0.000 	plugin loading
time: 0.000 	plugin registration
time: 0.017 	expansion
time: 0.000 	complete gated feature checking 1
time: 0.003 	configuration 2
time: 0.001 	maybe building test harness
time: 0.001 	prelude injection
time: 0.000 	checking that all macro invocations are gone
time: 0.000 	complete gated feature checking 2
time: 0.002 	assigning node ids and indexing ast
time: 0.028 	external crate/lib resolution
time: 0.000 	language item collection
time: 0.013 	resolution
time: 0.000 	lifetime resolution
time: 0.000 	looking for entry point
time: 0.000 	looking for plugin registrar
time: 0.001 	region resolution
time: 0.000 	loop checking
time: 0.000 	static item recursion checking
time: 0.001 	type collecting
time: 0.000 	variance inference
time: 0.013 	coherence checking
time: 0.370 	type checking
time: 0.039 	const checking
time: 0.002 	privacy checking
time: 0.000 	stability index
time: 0.000 	intrinsic checking
time: 0.000 	effect checking
time: 0.001 	match checking
time: 0.001 	liveness checking
time: 0.016 	borrow checking
time: 0.011 	rvalue checking
time: 0.000 	reachability checking
time: 0.002 	death checking
time: 0.003 	stability checking
time: 0.000 	unused lib feature checking
time: 0.007 	lint checking
time: 0.000 	resolving dependency formats
time: 1.171 	translation
  time: 0.158 	llvm function passes
  time: 1.154 	llvm module passes
  time: 0.371 	codegen passes
  time: 0.001 	codegen passes
time: 1.714 	LLVM passes
  time: 0.047 	running linker
time: 0.068 	linking
rustc: x86_64-unknown-linux-gnu/stage2/lib/rustlib/x86_64-unknown-linux-gnu/lib/librustc_lint
time: 0.009 	parsing
time: 0.003 	configuration 1
time: 0.000 	recursion limit
time: 0.000 	gated macro checking
time: 0.000 	crate injection
time: 0.030 	macro loading
time: 0.000 	plugin loading
time: 0.000 	plugin registration
time: 0.026 	expansion
time: 0.000 	complete gated feature checking 1
time: 0.004 	configuration 2
time: 0.002 	maybe building test harness
time: 0.002 	prelude injection
time: 0.000 	checking that all macro invocations are gone
time: 0.000 	complete gated feature checking 2
time: 0.003 	assigning node ids and indexing ast
time: 0.000 	external crate/lib resolution
time: 0.000 	language item collection
time: 0.019 	resolution
time: 0.000 	lifetime resolution
time: 0.000 	looking for entry point
time: 0.000 	looking for plugin registrar
time: 0.002 	region resolution
time: 0.000 	loop checking
time: 0.000 	static item recursion checking
time: 0.002 	type collecting
time: 0.000 	variance inference
time: 0.049 	coherence checking
time: 0.388 	type checking
time: 0.055 	const checking
time: 0.003 	privacy checking
time: 0.000 	stability index
time: 0.001 	intrinsic checking
time: 0.000 	effect checking
time: 0.002 	match checking
time: 0.001 	liveness checking
time: 0.021 	borrow checking
time: 0.014 	rvalue checking
time: 0.000 	reachability checking
time: 0.002 	death checking
time: 0.005 	stability checking
time: 0.000 	unused lib feature checking
time: 0.011 	lint checking
time: 0.000 	resolving dependency formats
time: 1.526 	translation
  time: 0.212 	llvm function passes
  time: 1.870 	llvm module passes
  time: 0.679 	codegen passes
  time: 0.001 	codegen passes
time: 2.812 	LLVM passes
  time: 0.105 	running linker
time: 0.142 	linking
rustc: x86_64-unknown-linux-gnu/stage2/lib/rustlib/x86_64-unknown-linux-gnu/lib/librustc_driver
time: 0.012 	parsing
time: 0.003 	configuration 1
time: 0.000 	recursion limit
time: 0.000 	gated macro checking
time: 0.000 	crate injection
time: 0.004 	macro loading
time: 0.000 	plugin loading
time: 0.000 	plugin registration
time: 0.027 	expansion
time: 0.000 	complete gated feature checking 1
time: 0.004 	configuration 2
time: 0.002 	maybe building test harness
time: 0.002 	prelude injection
time: 0.000 	checking that all macro invocations are gone
time: 0.000 	complete gated feature checking 2
time: 0.003 	assigning node ids and indexing ast
time: 0.028 	external crate/lib resolution
time: 0.000 	language item collection
time: 0.026 	resolution
time: 0.000 	lifetime resolution
time: 0.000 	looking for entry point
time: 0.000 	looking for plugin registrar
time: 0.002 	region resolution
time: 0.000 	loop checking
time: 0.000 	static item recursion checking
time: 0.002 	type collecting
time: 0.000 	variance inference
time: 0.098 	coherence checking
time: 0.696 	type checking
time: 0.145 	const checking
time: 0.004 	privacy checking
time: 0.000 	stability index
time: 0.001 	intrinsic checking
time: 0.000 	effect checking
time: 0.002 	match checking
time: 0.002 	liveness checking
time: 0.027 	borrow checking
time: 0.083 	rvalue checking
time: 0.000 	reachability checking
time: 0.003 	death checking
time: 0.006 	stability checking
time: 0.000 	unused lib feature checking
time: 0.014 	lint checking
time: 0.000 	resolving dependency formats
time: 6.182 	translation
  time: 1.012 	llvm function passes
  time: 18.088 	llvm module passes
  time: 4.433 	codegen passes
  time: 0.001 	codegen passes
time: 23.943 	LLVM passes
  time: 0.117 	running linker
time: 0.296 	linking
rustc: x86_64-unknown-linux-gnu/stage2/lib/rustlib/x86_64-unknown-linux-gnu/lib/librustdoc
time: 0.040 	parsing
time: 0.014 	configuration 1
time: 0.000 	recursion limit
time: 0.001 	gated macro checking
time: 0.000 	crate injection
time: 0.003 	macro loading
time: 0.000 	plugin loading
time: 0.000 	plugin registration
time: 0.195 	expansion
time: 0.006 	complete gated feature checking 1
time: 0.038 	configuration 2
time: 0.020 	maybe building test harness
time: 0.018 	prelude injection
time: 0.003 	checking that all macro invocations are gone
time: 0.005 	complete gated feature checking 2
time: 0.024 	assigning node ids and indexing ast
time: 0.034 	external crate/lib resolution
time: 0.005 	language item collection
time: 0.086 	resolution
time: 0.005 	lifetime resolution
time: 0.000 	looking for entry point
time: 0.003 	looking for plugin registrar
time: 0.020 	region resolution
time: 0.003 	loop checking
time: 0.003 	static item recursion checking
time: 0.016 	type collecting
time: 0.005 	variance inference
time: 0.065 	coherence checking
time: 6.395 	type checking
time: 1.167 	const checking
time: 0.029 	privacy checking
time: 0.000 	stability index
time: 0.006 	intrinsic checking
time: 0.005 	effect checking
time: 0.087 	match checking
time: 0.019 	liveness checking
time: 1.646 	borrow checking
time: 1.058 	rvalue checking
time: 0.003 	reachability checking
time: 0.019 	death checking
time: 0.029 	stability checking
time: 0.000 	unused lib feature checking
time: 0.095 	lint checking
time: 0.000 	resolving dependency formats
time: 15.287 	translation
  time: 1.395 	llvm function passes
  time: 35.177 	llvm module passes
  time: 10.264 	codegen passes
  time: 0.002 	codegen passes
time: 47.640 	LLVM passes
  time: 0.148 	running linker
time: 0.532 	linking
rustc: x86_64-unknown-linux-gnu/stage1/lib/rustlib/x86_64-unknown-linux-gnu/bin/rustbook
cp: x86_64-unknown-linux-gnu/stage2/bin/rustbook
rustbook: doc/book/index.html
rustbook: doc/style/index.html
rustdoc: doc/not_found.html
rustdoc: doc/index.html
rustdoc: doc/intro.html
rustdoc: doc/tutorial.html
rustdoc: doc/complement-lang-faq.html
rustdoc: doc/complement-design-faq.html
rustdoc: doc/complement-project-faq.html
rustdoc: doc/rustdoc.html
rustdoc: doc/reference.html
rustdoc: doc/grammar.html
rustdoc: doc/guide-crates.html
rustdoc: doc/guide-error-handling.html
rustdoc: doc/guide-ffi.html
rustdoc: doc/guide-macros.html
rustdoc: doc/guide.html
rustdoc: doc/guide-ownership.html
rustdoc: doc/guide-plugins.html
rustdoc: doc/guide-pointers.html
rustdoc: doc/guide-strings.html
rustdoc: doc/guide-tasks.html
rustdoc: doc/guide-testing.html
rustdoc: doc/std/index.html
rustdoc: doc/alloc/index.html
rustdoc: doc/collections/index.html
rustdoc: doc/core/index.html
rustdoc: doc/libc/index.html
rustdoc: doc/rustc_unicode/index.html
