commit 42a59aef710c66e17627e00cc4d00cf29a7b46ed
Merge: 99c2f77 177531e
Author: bors <bors@rust-lang.org>
Date:   Fri May 29 05:34:28 2015 +0000

    Auto merge of #25832 - edunham:document-gh-issue-tags, r=alexcrichton
    
    I took a guess at what they mean, but could be totally wrong. Please comment, and I'll update the PR with corrections!
cfg: version 1.2.0-dev (42a59aef7 2015-05-29) (built 2015-05-29)
cfg: build triple x86_64-unknown-linux-gnu
cfg: host triples x86_64-unknown-linux-gnu
cfg: target triples x86_64-unknown-linux-gnu
cfg: host for x86_64-unknown-linux-gnu is x86_64
cfg: os for x86_64-unknown-linux-gnu is unknown-linux-gnu
cfg: good valgrind for x86_64-unknown-linux-gnu is 1
cfg: using CC=gcc (CFG_CC)
cfg: disabling valgrind run-pass tests
cfg: no xelatex found, disabling LaTeX docs
cfg: no pandoc found, omitting PDF and EPUB docs
rustc: x86_64-unknown-linux-gnu/stage0/lib/rustlib/x86_64-unknown-linux-gnu/lib/librustc_trans
rustc: x86_64-unknown-linux-gnu/stage0/lib/rustlib/x86_64-unknown-linux-gnu/lib/librustc_driver
rustc: x86_64-unknown-linux-gnu/stage0/lib/rustlib/x86_64-unknown-linux-gnu/bin/rustc
cp: x86_64-unknown-linux-gnu/stage1/lib/librustc_trans
cp: x86_64-unknown-linux-gnu/stage1/lib/librustc_driver
cp: x86_64-unknown-linux-gnu/stage1/bin/rustc
rustc: x86_64-unknown-linux-gnu/stage1/lib/rustlib/x86_64-unknown-linux-gnu/lib/libcore
rustc: x86_64-unknown-linux-gnu/stage1/lib/rustlib/x86_64-unknown-linux-gnu/lib/liblibc
rustc: x86_64-unknown-linux-gnu/stage1/lib/rustlib/x86_64-unknown-linux-gnu/lib/librand
rustc: x86_64-unknown-linux-gnu/stage1/lib/rustlib/x86_64-unknown-linux-gnu/lib/liballoc
rustc: x86_64-unknown-linux-gnu/stage1/lib/rustlib/x86_64-unknown-linux-gnu/lib/librustc_unicode
rustc: x86_64-unknown-linux-gnu/stage1/lib/rustlib/x86_64-unknown-linux-gnu/lib/libcollections
rustc: x86_64-unknown-linux-gnu/stage1/lib/rustlib/x86_64-unknown-linux-gnu/lib/librustc_bitflags
rustc: x86_64-unknown-linux-gnu/stage1/lib/rustlib/x86_64-unknown-linux-gnu/lib/libstd
rustc: x86_64-unknown-linux-gnu/stage1/lib/rustlib/x86_64-unknown-linux-gnu/lib/libarena
rustc: x86_64-unknown-linux-gnu/stage1/lib/rustlib/x86_64-unknown-linux-gnu/lib/libflate
rustc: x86_64-unknown-linux-gnu/stage1/lib/rustlib/x86_64-unknown-linux-gnu/lib/libgetopts
rustc: x86_64-unknown-linux-gnu/stage1/lib/rustlib/x86_64-unknown-linux-gnu/lib/libgraphviz
rustc: x86_64-unknown-linux-gnu/stage1/lib/rustlib/x86_64-unknown-linux-gnu/lib/liblog
rustc: x86_64-unknown-linux-gnu/stage1/lib/rustlib/x86_64-unknown-linux-gnu/lib/libterm
rustc: x86_64-unknown-linux-gnu/stage1/lib/rustlib/x86_64-unknown-linux-gnu/lib/libserialize
rustc: x86_64-unknown-linux-gnu/stage1/lib/rustlib/x86_64-unknown-linux-gnu/lib/libfmt_macros
rustc: x86_64-unknown-linux-gnu/stage1/lib/rustlib/x86_64-unknown-linux-gnu/lib/libsyntax
rustc: x86_64-unknown-linux-gnu/stage1/lib/rustlib/x86_64-unknown-linux-gnu/lib/librbml
rustc: x86_64-unknown-linux-gnu/stage1/lib/rustlib/x86_64-unknown-linux-gnu/lib/librustc_llvm
rustc: x86_64-unknown-linux-gnu/stage1/lib/rustlib/x86_64-unknown-linux-gnu/lib/librustc_back
rustc: x86_64-unknown-linux-gnu/stage1/lib/rustlib/x86_64-unknown-linux-gnu/lib/librustc_data_structures
rustc: x86_64-unknown-linux-gnu/stage1/lib/rustlib/x86_64-unknown-linux-gnu/lib/librustc
rustc: x86_64-unknown-linux-gnu/stage1/lib/rustlib/x86_64-unknown-linux-gnu/lib/librustc_borrowck
rustc: x86_64-unknown-linux-gnu/stage1/lib/rustlib/x86_64-unknown-linux-gnu/lib/librustc_typeck
rustc: x86_64-unknown-linux-gnu/stage1/lib/rustlib/x86_64-unknown-linux-gnu/lib/librustc_resolve
rustc: x86_64-unknown-linux-gnu/stage1/lib/rustlib/x86_64-unknown-linux-gnu/lib/librustc_trans
rustc: x86_64-unknown-linux-gnu/stage1/lib/rustlib/x86_64-unknown-linux-gnu/lib/librustc_privacy
rustc: x86_64-unknown-linux-gnu/stage1/lib/rustlib/x86_64-unknown-linux-gnu/lib/librustc_lint
rustc: x86_64-unknown-linux-gnu/stage1/lib/rustlib/x86_64-unknown-linux-gnu/lib/librustc_driver
rustc: x86_64-unknown-linux-gnu/stage1/lib/rustlib/x86_64-unknown-linux-gnu/bin/rustc
cp: x86_64-unknown-linux-gnu/stage2/lib/libstd
cp: x86_64-unknown-linux-gnu/stage2/lib/libarena
cp: x86_64-unknown-linux-gnu/stage2/lib/libflate
cp: x86_64-unknown-linux-gnu/stage2/lib/libgetopts
cp: x86_64-unknown-linux-gnu/stage2/lib/libgraphviz
cp: x86_64-unknown-linux-gnu/stage2/lib/liblog
cp: x86_64-unknown-linux-gnu/stage2/lib/libterm
cp: x86_64-unknown-linux-gnu/stage2/lib/libserialize
cp: x86_64-unknown-linux-gnu/stage2/lib/libfmt_macros
cp: x86_64-unknown-linux-gnu/stage2/lib/libsyntax
cp: x86_64-unknown-linux-gnu/stage2/lib/librbml
cp: x86_64-unknown-linux-gnu/stage2/lib/librustc_llvm
cp: x86_64-unknown-linux-gnu/stage2/lib/librustc_back
cp: x86_64-unknown-linux-gnu/stage2/lib/librustc_data_structures
cp: x86_64-unknown-linux-gnu/stage2/lib/librustc
cp: x86_64-unknown-linux-gnu/stage2/lib/librustc_borrowck
cp: x86_64-unknown-linux-gnu/stage2/lib/librustc_typeck
cp: x86_64-unknown-linux-gnu/stage2/lib/librustc_resolve
cp: x86_64-unknown-linux-gnu/stage2/lib/librustc_trans
cp: x86_64-unknown-linux-gnu/stage2/lib/librustc_privacy
cp: x86_64-unknown-linux-gnu/stage2/lib/librustc_lint
cp: x86_64-unknown-linux-gnu/stage2/lib/librustc_driver
cp: x86_64-unknown-linux-gnu/stage2/bin/rustc
cp: x86_64-unknown-linux-gnu/stage2/lib/rustlib/x86_64-unknown-linux-gnu/lib/libmorestack.a
cp: x86_64-unknown-linux-gnu/stage2/lib/rustlib/x86_64-unknown-linux-gnu/lib/libcompiler-rt.a
rustc: x86_64-unknown-linux-gnu/stage1/lib/rustlib/x86_64-unknown-linux-gnu/lib/libtest
compile: x86_64-unknown-linux-gnu/rt/hoedown/src/autolink.o
compile: x86_64-unknown-linux-gnu/rt/hoedown/src/buffer.o
compile: x86_64-unknown-linux-gnu/rt/hoedown/src/document.o
compile: x86_64-unknown-linux-gnu/rt/hoedown/src/escape.o
compile: x86_64-unknown-linux-gnu/rt/hoedown/src/html.o
compile: x86_64-unknown-linux-gnu/rt/hoedown/src/html_blocks.o
compile: x86_64-unknown-linux-gnu/rt/hoedown/src/html_smartypants.o
compile: x86_64-unknown-linux-gnu/rt/hoedown/src/stack.o
compile: x86_64-unknown-linux-gnu/rt/hoedown/src/version.o
link: x86_64-unknown-linux-gnu/rt/libhoedown.a
rustc: x86_64-unknown-linux-gnu/stage1/lib/rustlib/x86_64-unknown-linux-gnu/lib/librustdoc
rustc: x86_64-unknown-linux-gnu/stage1/lib/rustlib/x86_64-unknown-linux-gnu/bin/rustdoc
cp: x86_64-unknown-linux-gnu/stage2/lib/libtest
cp: x86_64-unknown-linux-gnu/stage2/lib/librustdoc
cp: x86_64-unknown-linux-gnu/stage2/bin/rustdoc
rustc: x86_64-unknown-linux-gnu/stage2/lib/rustlib/x86_64-unknown-linux-gnu/lib/libcore
time: 0.071 	parsing
time: 0.024 	configuration 1
time: 0.000 	recursion limit
time: 0.002 	gated macro checking
time: 0.000 	crate injection
time: 0.001 	macro loading
time: 0.000 	plugin loading
time: 0.000 	plugin registration
time: 0.475 	expansion
time: 0.011 	complete gated feature checking 1
time: 0.097 	configuration 2
time: 0.050 	maybe building test harness
time: 0.000 	prelude injection
time: 0.005 	checking that all macro invocations are gone
time: 0.012 	complete gated feature checking 2
time: 0.057 	assigning node ids and indexing ast
time: 0.005 	external crate/lib resolution
time: 0.010 	language item collection
time: 0.086 	resolution
time: 0.011 	lifetime resolution
time: 0.000 	looking for entry point
time: 0.005 	looking for plugin registrar
time: 0.028 	region resolution
time: 0.005 	loop checking
time: 0.005 	static item recursion checking
time: 0.065 	type collecting
time: 0.010 	variance inference
time: 0.690 	coherence checking
time: 5.625 	type checking
time: 0.364 	const checking
time: 0.053 	privacy checking
time: 0.005 	stability index
time: 0.029 	intrinsic checking
time: 0.010 	effect checking
time: 0.091 	match checking
time: 0.026 	liveness checking
time: 0.679 	borrow checking
time: 0.435 	rvalue checking
time: 0.019 	reachability checking
time: 0.034 	death checking
time: 0.027 	stability checking
time: 0.000 	unused lib feature checking
time: 0.133 	lint checking
time: 0.000 	resolving dependency formats
time: 1.660 	translation
  time: 0.179 	llvm function passes
  time: 1.390 	llvm module passes
  time: 1.229 	codegen passes
  time: 0.008 	codegen passes
time: 2.860 	LLVM passes
time: 0.072 	linking
rustc: x86_64-unknown-linux-gnu/stage2/lib/rustlib/x86_64-unknown-linux-gnu/lib/liblibc
time: 0.021 	parsing
time: 0.004 	configuration 1
time: 0.000 	recursion limit
time: 0.000 	gated macro checking
time: 0.000 	crate injection
time: 0.000 	macro loading
time: 0.000 	plugin loading
time: 0.000 	plugin registration
time: 0.009 	expansion
time: 0.000 	complete gated feature checking 1
time: 0.002 	configuration 2
time: 0.001 	maybe building test harness
time: 0.000 	prelude injection
time: 0.000 	checking that all macro invocations are gone
time: 0.000 	complete gated feature checking 2
time: 0.001 	assigning node ids and indexing ast
time: 0.000 	external crate/lib resolution
time: 0.000 	language item collection
time: 0.003 	resolution
time: 0.000 	lifetime resolution
time: 0.000 	looking for entry point
time: 0.000 	looking for plugin registrar
time: 0.000 	region resolution
time: 0.000 	loop checking
time: 0.000 	static item recursion checking
time: 0.001 	type collecting
time: 0.000 	variance inference
time: 0.004 	coherence checking
time: 0.033 	type checking
time: 0.002 	const checking
time: 0.001 	privacy checking
time: 0.000 	stability index
time: 0.000 	intrinsic checking
time: 0.000 	effect checking
time: 0.000 	match checking
time: 0.000 	liveness checking
time: 0.002 	borrow checking
time: 0.001 	rvalue checking
time: 0.000 	reachability checking
time: 0.001 	death checking
time: 0.000 	stability checking
time: 0.000 	unused lib feature checking
time: 0.004 	lint checking
time: 0.000 	resolving dependency formats
time: 0.038 	translation
  time: 0.002 	llvm function passes
  time: 0.008 	llvm module passes
  time: 0.008 	codegen passes
  time: 0.001 	codegen passes
time: 0.021 	LLVM passes
time: 0.004 	linking
rustc: x86_64-unknown-linux-gnu/stage2/lib/rustlib/x86_64-unknown-linux-gnu/lib/librand
time: 0.012 	parsing
time: 0.003 	configuration 1
time: 0.000 	recursion limit
time: 0.000 	gated macro checking
time: 0.000 	crate injection
time: 0.001 	macro loading
time: 0.000 	plugin loading
time: 0.000 	plugin registration
time: 0.025 	expansion
time: 0.000 	complete gated feature checking 1
time: 0.005 	configuration 2
time: 0.003 	maybe building test harness
time: 0.000 	prelude injection
time: 0.000 	checking that all macro invocations are gone
time: 0.000 	complete gated feature checking 2
time: 0.003 	assigning node ids and indexing ast
time: 0.000 	external crate/lib resolution
time: 0.000 	language item collection
time: 0.007 	resolution
time: 0.000 	lifetime resolution
time: 0.000 	looking for entry point
time: 0.000 	looking for plugin registrar
time: 0.001 	region resolution
time: 0.000 	loop checking
time: 0.000 	static item recursion checking
time: 0.002 	type collecting
time: 0.000 	variance inference
time: 0.028 	coherence checking
time: 0.359 	type checking
time: 0.018 	const checking
time: 0.002 	privacy checking
time: 0.000 	stability index
time: 0.001 	intrinsic checking
time: 0.000 	effect checking
time: 0.002 	match checking
time: 0.001 	liveness checking
time: 0.030 	borrow checking
time: 0.018 	rvalue checking
time: 0.000 	reachability checking
time: 0.001 	death checking
time: 0.002 	stability checking
time: 0.000 	unused lib feature checking
time: 0.009 	lint checking
time: 0.000 	resolving dependency formats
time: 0.187 	translation
  time: 0.021 	llvm function passes
  time: 0.118 	llvm module passes
  time: 0.049 	codegen passes
  time: 0.001 	codegen passes
time: 0.193 	LLVM passes
time: 0.006 	linking
rustc: x86_64-unknown-linux-gnu/stage2/lib/rustlib/x86_64-unknown-linux-gnu/lib/liballoc
time: 0.009 	parsing
time: 0.003 	configuration 1
time: 0.000 	recursion limit
time: 0.000 	gated macro checking
time: 0.000 	crate injection
time: 0.001 	macro loading
time: 0.000 	plugin loading
time: 0.000 	plugin registration
time: 0.008 	expansion
time: 0.000 	complete gated feature checking 1
time: 0.002 	configuration 2
time: 0.001 	maybe building test harness
time: 0.000 	prelude injection
time: 0.000 	checking that all macro invocations are gone
time: 0.000 	complete gated feature checking 2
time: 0.001 	assigning node ids and indexing ast
time: 0.000 	external crate/lib resolution
time: 0.000 	language item collection
time: 0.007 	resolution
time: 0.000 	lifetime resolution
time: 0.000 	looking for entry point
time: 0.000 	looking for plugin registrar
time: 0.000 	region resolution
time: 0.000 	loop checking
time: 0.000 	static item recursion checking
time: 0.002 	type collecting
time: 0.000 	variance inference
time: 0.038 	coherence checking
time: 0.068 	type checking
time: 0.010 	const checking
time: 0.000 	privacy checking
time: 0.000 	stability index
time: 0.001 	intrinsic checking
time: 0.000 	effect checking
time: 0.002 	match checking
time: 0.000 	liveness checking
time: 0.015 	borrow checking
time: 0.010 	rvalue checking
time: 0.000 	reachability checking
time: 0.000 	death checking
time: 0.001 	stability checking
time: 0.000 	unused lib feature checking
time: 0.003 	lint checking
time: 0.000 	resolving dependency formats
time: 0.033 	translation
  time: 0.001 	llvm function passes
  time: 0.003 	llvm module passes
  time: 0.006 	codegen passes
  time: 0.001 	codegen passes
time: 0.014 	LLVM passes
time: 0.007 	linking
rustc: x86_64-unknown-linux-gnu/stage2/lib/rustlib/x86_64-unknown-linux-gnu/lib/librustc_unicode
time: 0.074 	parsing
time: 0.017 	configuration 1
time: 0.000 	recursion limit
time: 0.001 	gated macro checking
time: 0.000 	crate injection
time: 0.000 	macro loading
time: 0.000 	plugin loading
time: 0.000 	plugin registration
time: 0.124 	expansion
time: 0.001 	complete gated feature checking 1
time: 0.017 	configuration 2
time: 0.009 	maybe building test harness
time: 0.000 	prelude injection
time: 0.001 	checking that all macro invocations are gone
time: 0.001 	complete gated feature checking 2
time: 0.010 	assigning node ids and indexing ast
time: 0.001 	external crate/lib resolution
time: 0.001 	language item collection
time: 0.010 	resolution
time: 0.001 	lifetime resolution
time: 0.000 	looking for entry point
time: 0.001 	looking for plugin registrar
time: 0.013 	region resolution
time: 0.001 	loop checking
time: 0.001 	static item recursion checking
time: 0.002 	type collecting
time: 0.001 	variance inference
time: 0.038 	coherence checking
time: 0.333 	type checking
time: 0.047 	const checking
time: 0.005 	privacy checking
time: 0.001 	stability index
time: 0.001 	intrinsic checking
time: 0.001 	effect checking
time: 0.002 	match checking
time: 0.002 	liveness checking
time: 0.012 	borrow checking
time: 0.006 	rvalue checking
time: 0.000 	reachability checking
time: 0.003 	death checking
time: 0.002 	stability checking
time: 0.000 	unused lib feature checking
time: 0.023 	lint checking
time: 0.000 	resolving dependency formats
time: 0.479 	translation
  time: 0.021 	llvm function passes
  time: 0.204 	llvm module passes
  time: 0.098 	codegen passes
  time: 0.002 	codegen passes
time: 0.337 	LLVM passes
time: 0.018 	linking
rustc: x86_64-unknown-linux-gnu/stage2/lib/rustlib/x86_64-unknown-linux-gnu/lib/libcollections
time: 0.053 	parsing
time: 0.019 	configuration 1
time: 0.000 	recursion limit
time: 0.001 	gated macro checking
time: 0.000 	crate injection
time: 0.001 	macro loading
time: 0.000 	plugin loading
time: 0.000 	plugin registration
time: 0.121 	expansion
time: 0.004 	complete gated feature checking 1
time: 0.027 	configuration 2
time: 0.013 	maybe building test harness
time: 0.000 	prelude injection
time: 0.001 	checking that all macro invocations are gone
time: 0.003 	complete gated feature checking 2
time: 0.014 	assigning node ids and indexing ast
time: 0.002 	external crate/lib resolution
time: 0.002 	language item collection
time: 0.035 	resolution
time: 0.002 	lifetime resolution
time: 0.000 	looking for entry point
time: 0.001 	looking for plugin registrar
time: 0.009 	region resolution
time: 0.002 	loop checking
time: 0.001 	static item recursion checking
time: 0.016 	type collecting
time: 0.003 	variance inference
time: 0.136 	coherence checking
time: 1.950 	type checking
time: 0.154 	const checking
time: 0.011 	privacy checking
time: 0.001 	stability index
time: 0.007 	intrinsic checking
time: 0.002 	effect checking
time: 0.042 	match checking
time: 0.007 	liveness checking
time: 0.300 	borrow checking
time: 0.240 	rvalue checking
time: 0.005 	reachability checking
time: 0.009 	death checking
time: 0.010 	stability checking
time: 0.000 	unused lib feature checking
time: 0.046 	lint checking
time: 0.000 	resolving dependency formats
time: 1.028 	translation
  time: 0.078 	llvm function passes
  time: 0.823 	llvm module passes
  time: 0.393 	codegen passes
  time: 0.003 	codegen passes
time: 1.335 	LLVM passes
time: 0.046 	linking
rustc: x86_64-unknown-linux-gnu/stage2/lib/rustlib/x86_64-unknown-linux-gnu/lib/librustc_bitflags
time: 0.001 	parsing
time: 0.000 	configuration 1
time: 0.000 	recursion limit
time: 0.000 	gated macro checking
time: 0.000 	crate injection
time: 0.000 	macro loading
time: 0.000 	plugin loading
time: 0.000 	plugin registration
time: 0.000 	expansion
time: 0.000 	complete gated feature checking 1
time: 0.000 	configuration 2
time: 0.000 	maybe building test harness
time: 0.000 	prelude injection
time: 0.000 	checking that all macro invocations are gone
time: 0.000 	complete gated feature checking 2
time: 0.000 	assigning node ids and indexing ast
time: 0.000 	external crate/lib resolution
time: 0.000 	language item collection
time: 0.000 	resolution
time: 0.000 	lifetime resolution
time: 0.000 	looking for entry point
time: 0.000 	looking for plugin registrar
time: 0.000 	region resolution
time: 0.000 	loop checking
time: 0.000 	static item recursion checking
time: 0.000 	type collecting
time: 0.000 	variance inference
time: 0.000 	coherence checking
time: 0.000 	type checking
time: 0.000 	const checking
time: 0.000 	privacy checking
time: 0.000 	stability index
time: 0.000 	intrinsic checking
time: 0.000 	effect checking
time: 0.000 	match checking
time: 0.000 	liveness checking
time: 0.000 	borrow checking
time: 0.000 	rvalue checking
time: 0.000 	reachability checking
time: 0.000 	death checking
time: 0.000 	stability checking
time: 0.000 	unused lib feature checking
time: 0.000 	lint checking
time: 0.000 	resolving dependency formats
time: 0.001 	translation
  time: 0.000 	llvm function passes
  time: 0.000 	llvm module passes
  time: 0.001 	codegen passes
  time: 0.000 	codegen passes
time: 0.003 	LLVM passes
time: 0.003 	linking
rustc: x86_64-unknown-linux-gnu/stage2/lib/rustlib/x86_64-unknown-linux-gnu/lib/libstd
time: 0.159 	parsing
time: 0.050 	configuration 1
time: 0.000 	recursion limit
time: 0.003 	gated macro checking
time: 0.000 	crate injection
time: 0.004 	macro loading
time: 0.000 	plugin loading
time: 0.000 	plugin registration
time: 0.252 	expansion
time: 0.008 	complete gated feature checking 1
time: 0.051 	configuration 2
time: 0.025 	maybe building test harness
time: 0.000 	prelude injection
time: 0.003 	checking that all macro invocations are gone
time: 0.009 	complete gated feature checking 2
time: 0.028 	assigning node ids and indexing ast
time: 0.003 	external crate/lib resolution
time: 0.005 	language item collection
time: 0.069 	resolution
time: 0.006 	lifetime resolution
time: 0.000 	looking for entry point
time: 0.003 	looking for plugin registrar
time: 0.019 	region resolution
time: 0.003 	loop checking
time: 0.003 	static item recursion checking
time: 0.030 	type collecting
time: 0.006 	variance inference
time: 0.118 	coherence checking
time: 1.834 	type checking
time: 0.276 	const checking
time: 0.028 	privacy checking
time: 0.002 	stability index
time: 0.010 	intrinsic checking
time: 0.005 	effect checking
time: 0.042 	match checking
time: 0.015 	liveness checking
time: 0.366 	borrow checking
time: 0.312 	rvalue checking
time: 0.008 	reachability checking
time: 0.020 	death checking
time: 0.021 	stability checking
time: 0.000 	unused lib feature checking
time: 0.093 	lint checking
time: 0.000 	resolving dependency formats
time: 2.155 	translation
  time: 0.296 	llvm function passes
  time: 3.910 	llvm module passes
  time: 1.704 	codegen passes
  time: 0.004 	codegen passes
time: 6.038 	LLVM passes
  time: 0.185 	running linker
time: 0.274 	linking
rustc: x86_64-unknown-linux-gnu/stage2/lib/rustlib/x86_64-unknown-linux-gnu/lib/libflate
time: 0.001 	parsing
time: 0.000 	configuration 1
time: 0.000 	recursion limit
time: 0.000 	gated macro checking
time: 0.000 	crate injection
time: 0.002 	macro loading
time: 0.000 	plugin loading
time: 0.000 	plugin registration
time: 0.002 	expansion
time: 0.000 	complete gated feature checking 1
time: 0.000 	configuration 2
time: 0.000 	maybe building test harness
time: 0.000 	prelude injection
time: 0.000 	checking that all macro invocations are gone
time: 0.000 	complete gated feature checking 2
time: 0.000 	assigning node ids and indexing ast
time: 0.000 	external crate/lib resolution
time: 0.000 	language item collection
time: 0.004 	resolution
time: 0.000 	lifetime resolution
time: 0.000 	looking for entry point
time: 0.000 	looking for plugin registrar
time: 0.000 	region resolution
time: 0.000 	loop checking
time: 0.000 	static item recursion checking
time: 0.000 	type collecting
time: 0.000 	variance inference
time: 0.023 	coherence checking
time: 0.020 	type checking
time: 0.001 	const checking
time: 0.000 	privacy checking
time: 0.000 	stability index
time: 0.000 	intrinsic checking
time: 0.000 	effect checking
time: 0.000 	match checking
time: 0.000 	liveness checking
time: 0.001 	borrow checking
time: 0.001 	rvalue checking
time: 0.000 	reachability checking
time: 0.000 	death checking
time: 0.000 	stability checking
time: 0.000 	unused lib feature checking
time: 0.001 	lint checking
time: 0.000 	resolving dependency formats
time: 0.020 	translation
  time: 0.003 	llvm function passes
  time: 0.009 	llvm module passes
  time: 0.007 	codegen passes
  time: 0.000 	codegen passes
time: 0.021 	LLVM passes
  time: 0.020 	running linker
time: 0.023 	linking
rustc: x86_64-unknown-linux-gnu/stage2/lib/rustlib/x86_64-unknown-linux-gnu/lib/libarena
time: 0.002 	parsing
time: 0.001 	configuration 1
time: 0.000 	recursion limit
time: 0.000 	gated macro checking
time: 0.000 	crate injection
time: 0.002 	macro loading
time: 0.000 	plugin loading
time: 0.000 	plugin registration
time: 0.003 	expansion
time: 0.000 	complete gated feature checking 1
time: 0.001 	configuration 2
time: 0.000 	maybe building test harness
time: 0.000 	prelude injection
time: 0.000 	checking that all macro invocations are gone
time: 0.000 	complete gated feature checking 2
time: 0.000 	assigning node ids and indexing ast
time: 0.000 	external crate/lib resolution
time: 0.000 	language item collection
time: 0.003 	resolution
time: 0.000 	lifetime resolution
time: 0.000 	looking for entry point
time: 0.000 	looking for plugin registrar
time: 0.000 	region resolution
time: 0.000 	loop checking
time: 0.000 	static item recursion checking
time: 0.000 	type collecting
time: 0.000 	variance inference
time: 0.014 	coherence checking
time: 0.095 	type checking
time: 0.005 	const checking
time: 0.000 	privacy checking
time: 0.000 	stability index
time: 0.000 	intrinsic checking
time: 0.000 	effect checking
time: 0.001 	match checking
time: 0.000 	liveness checking
time: 0.005 	borrow checking
time: 0.004 	rvalue checking
time: 0.000 	reachability checking
time: 0.000 	death checking
time: 0.001 	stability checking
time: 0.000 	unused lib feature checking
time: 0.003 	lint checking
time: 0.000 	resolving dependency formats
time: 0.069 	translation
  time: 0.010 	llvm function passes
  time: 0.066 	llvm module passes
  time: 0.027 	codegen passes
  time: 0.000 	codegen passes
time: 0.107 	LLVM passes
  time: 0.015 	running linker
time: 0.020 	linking
rustc: x86_64-unknown-linux-gnu/stage2/lib/rustlib/x86_64-unknown-linux-gnu/lib/liblog
time: 0.003 	parsing
time: 0.001 	configuration 1
time: 0.000 	recursion limit
time: 0.000 	gated macro checking
time: 0.000 	crate injection
time: 0.002 	macro loading
time: 0.000 	plugin loading
time: 0.000 	plugin registration
time: 0.006 	expansion
time: 0.000 	complete gated feature checking 1
time: 0.001 	configuration 2
time: 0.000 	maybe building test harness
time: 0.000 	prelude injection
time: 0.000 	checking that all macro invocations are gone
time: 0.000 	complete gated feature checking 2
time: 0.001 	assigning node ids and indexing ast
time: 0.000 	external crate/lib resolution
time: 0.000 	language item collection
time: 0.004 	resolution
time: 0.000 	lifetime resolution
time: 0.000 	looking for entry point
time: 0.000 	looking for plugin registrar
time: 0.000 	region resolution
time: 0.000 	loop checking
time: 0.000 	static item recursion checking
time: 0.001 	type collecting
time: 0.000 	variance inference
time: 0.020 	coherence checking
time: 0.115 	type checking
time: 0.008 	const checking
time: 0.000 	privacy checking
time: 0.000 	stability index
time: 0.000 	intrinsic checking
time: 0.000 	effect checking
time: 0.000 	match checking
time: 0.000 	liveness checking
time: 0.003 	borrow checking
time: 0.003 	rvalue checking
time: 0.000 	reachability checking
time: 0.000 	death checking
time: 0.001 	stability checking
time: 0.000 	unused lib feature checking
time: 0.002 	lint checking
time: 0.000 	resolving dependency formats
time: 0.168 	translation
  time: 0.028 	llvm function passes
  time: 0.393 	llvm module passes
  time: 0.094 	codegen passes
  time: 0.000 	codegen passes
time: 0.522 	LLVM passes
  time: 0.020 	running linker
time: 0.027 	linking
rustc: x86_64-unknown-linux-gnu/stage2/lib/rustlib/x86_64-unknown-linux-gnu/lib/libterm
time: 0.009 	parsing
time: 0.002 	configuration 1
time: 0.000 	recursion limit
time: 0.000 	gated macro checking
time: 0.000 	crate injection
time: 0.003 	macro loading
time: 0.000 	plugin loading
time: 0.000 	plugin registration
time: 0.021 	expansion
time: 0.000 	complete gated feature checking 1
time: 0.003 	configuration 2
time: 0.002 	maybe building test harness
time: 0.001 	prelude injection
time: 0.000 	checking that all macro invocations are gone
time: 0.000 	complete gated feature checking 2
time: 0.002 	assigning node ids and indexing ast
time: 0.000 	external crate/lib resolution
time: 0.000 	language item collection
time: 0.007 	resolution
time: 0.000 	lifetime resolution
time: 0.000 	looking for entry point
time: 0.000 	looking for plugin registrar
time: 0.001 	region resolution
time: 0.000 	loop checking
time: 0.000 	static item recursion checking
time: 0.001 	type collecting
time: 0.000 	variance inference
time: 0.017 	coherence checking
time: 0.275 	type checking
time: 0.019 	const checking
time: 0.001 	privacy checking
time: 0.000 	stability index
time: 0.000 	intrinsic checking
time: 0.000 	effect checking
time: 0.002 	match checking
time: 0.001 	liveness checking
time: 0.016 	borrow checking
time: 0.011 	rvalue checking
time: 0.000 	reachability checking
time: 0.001 	death checking
time: 0.002 	stability checking
time: 0.000 	unused lib feature checking
time: 0.007 	lint checking
time: 0.000 	resolving dependency formats
time: 0.458 	translation
  time: 0.074 	llvm function passes
  time: 1.070 	llvm module passes
  time: 0.482 	codegen passes
  time: 0.001 	codegen passes
time: 1.657 	LLVM passes
  time: 0.030 	running linker
time: 0.053 	linking
rustc: x86_64-unknown-linux-gnu/stage2/lib/rustlib/x86_64-unknown-linux-gnu/lib/libserialize
time: 0.020 	parsing
time: 0.006 	configuration 1
time: 0.000 	recursion limit
time: 0.000 	gated macro checking
time: 0.000 	crate injection
time: 0.003 	macro loading
time: 0.000 	plugin loading
time: 0.000 	plugin registration
time: 0.077 	expansion
time: 0.002 	complete gated feature checking 1
time: 0.013 	configuration 2
time: 0.007 	maybe building test harness
time: 0.006 	prelude injection
time: 0.000 	checking that all macro invocations are gone
time: 0.001 	complete gated feature checking 2
time: 0.008 	assigning node ids and indexing ast
time: 0.001 	external crate/lib resolution
time: 0.001 	language item collection
time: 0.026 	resolution
time: 0.001 	lifetime resolution
time: 0.000 	looking for entry point
time: 0.000 	looking for plugin registrar
time: 0.006 	region resolution
time: 0.001 	loop checking
time: 0.000 	static item recursion checking
time: 0.008 	type collecting
time: 0.001 	variance inference
time: 0.077 	coherence checking
time: 1.310 	type checking
time: 0.261 	const checking
time: 0.005 	privacy checking
time: 0.000 	stability index
time: 0.003 	intrinsic checking
time: 0.001 	effect checking
time: 0.030 	match checking
time: 0.006 	liveness checking
time: 0.474 	borrow checking
time: 0.311 	rvalue checking
time: 0.002 	reachability checking
time: 0.004 	death checking
time: 0.007 	stability checking
time: 0.000 	unused lib feature checking
time: 0.028 	lint checking
time: 0.000 	resolving dependency formats
time: 0.681 	translation
  time: 0.089 	llvm function passes
  time: 1.710 	llvm module passes
  time: 0.549 	codegen passes
  time: 0.002 	codegen passes
time: 2.385 	LLVM passes
  time: 0.031 	running linker
time: 0.060 	linking
rustc: x86_64-unknown-linux-gnu/stage2/lib/rustlib/x86_64-unknown-linux-gnu/lib/libgetopts
time: 0.005 	parsing
time: 0.002 	configuration 1
time: 0.000 	recursion limit
time: 0.000 	gated macro checking
time: 0.000 	crate injection
time: 0.002 	macro loading
time: 0.000 	plugin loading
time: 0.000 	plugin registration
time: 0.013 	expansion
time: 0.000 	complete gated feature checking 1
time: 0.002 	configuration 2
time: 0.001 	maybe building test harness
time: 0.001 	prelude injection
time: 0.000 	checking that all macro invocations are gone
time: 0.000 	complete gated feature checking 2
time: 0.001 	assigning node ids and indexing ast
time: 0.000 	external crate/lib resolution
time: 0.000 	language item collection
time: 0.005 	resolution
time: 0.000 	lifetime resolution
time: 0.000 	looking for entry point
time: 0.000 	looking for plugin registrar
time: 0.001 	region resolution
time: 0.000 	loop checking
time: 0.000 	static item recursion checking
time: 0.001 	type collecting
time: 0.000 	variance inference
time: 0.018 	coherence checking
time: 0.198 	type checking
time: 0.011 	const checking
time: 0.001 	privacy checking
time: 0.000 	stability index
time: 0.000 	intrinsic checking
time: 0.000 	effect checking
time: 0.001 	match checking
time: 0.001 	liveness checking
time: 0.010 	borrow checking
time: 0.007 	rvalue checking
time: 0.000 	reachability checking
time: 0.001 	death checking
time: 0.001 	stability checking
time: 0.000 	unused lib feature checking
time: 0.004 	lint checking
time: 0.000 	resolving dependency formats
time: 0.408 	translation
  time: 0.051 	llvm function passes
  time: 0.934 	llvm module passes
  time: 0.402 	codegen passes
  time: 0.001 	codegen passes
time: 1.409 	LLVM passes
  time: 0.023 	running linker
time: 0.039 	linking
rustc: x86_64-unknown-linux-gnu/stage2/lib/rustlib/x86_64-unknown-linux-gnu/lib/librbml
time: 0.006 	parsing
time: 0.002 	configuration 1
time: 0.000 	recursion limit
time: 0.000 	gated macro checking
time: 0.000 	crate injection
time: 0.003 	macro loading
time: 0.000 	plugin loading
time: 0.000 	plugin registration
time: 0.023 	expansion
time: 0.000 	complete gated feature checking 1
time: 0.003 	configuration 2
time: 0.002 	maybe building test harness
time: 0.002 	prelude injection
time: 0.000 	checking that all macro invocations are gone
time: 0.000 	complete gated feature checking 2
time: 0.002 	assigning node ids and indexing ast
time: 0.000 	external crate/lib resolution
time: 0.000 	language item collection
time: 0.007 	resolution
time: 0.000 	lifetime resolution
time: 0.000 	looking for entry point
time: 0.000 	looking for plugin registrar
time: 0.002 	region resolution
time: 0.000 	loop checking
time: 0.000 	static item recursion checking
time: 0.002 	type collecting
time: 0.000 	variance inference
time: 0.057 	coherence checking
time: 0.226 	type checking
time: 0.038 	const checking
time: 0.001 	privacy checking
time: 0.000 	stability index
time: 0.001 	intrinsic checking
time: 0.000 	effect checking
time: 0.002 	match checking
time: 0.001 	liveness checking
time: 0.035 	borrow checking
time: 0.029 	rvalue checking
time: 0.000 	reachability checking
time: 0.001 	death checking
time: 0.002 	stability checking
time: 0.000 	unused lib feature checking
time: 0.007 	lint checking
time: 0.000 	resolving dependency formats
time: 0.138 	translation
  time: 0.022 	llvm function passes
  time: 0.205 	llvm module passes
  time: 0.122 	codegen passes
  time: 0.001 	codegen passes
time: 0.358 	LLVM passes
  time: 0.024 	running linker
time: 0.034 	linking
rustc: x86_64-unknown-linux-gnu/stage2/lib/rustlib/x86_64-unknown-linux-gnu/lib/libtest
time: 0.007 	parsing
time: 0.002 	configuration 1
time: 0.000 	recursion limit
time: 0.000 	gated macro checking
time: 0.000 	crate injection
time: 0.002 	macro loading
time: 0.000 	plugin loading
time: 0.000 	plugin registration
time: 0.017 	expansion
time: 0.000 	complete gated feature checking 1
time: 0.003 	configuration 2
time: 0.002 	maybe building test harness
time: 0.002 	prelude injection
time: 0.000 	checking that all macro invocations are gone
time: 0.000 	complete gated feature checking 2
time: 0.002 	assigning node ids and indexing ast
time: 0.001 	external crate/lib resolution
time: 0.000 	language item collection
time: 0.011 	resolution
time: 0.000 	lifetime resolution
time: 0.000 	looking for entry point
time: 0.000 	looking for plugin registrar
time: 0.001 	region resolution
time: 0.000 	loop checking
time: 0.000 	static item recursion checking
time: 0.002 	type collecting
time: 0.000 	variance inference
time: 0.024 	coherence checking
time: 0.295 	type checking
time: 0.027 	const checking
time: 0.001 	privacy checking
time: 0.000 	stability index
time: 0.000 	intrinsic checking
time: 0.000 	effect checking
time: 0.002 	match checking
time: 0.001 	liveness checking
time: 0.021 	borrow checking
time: 0.019 	rvalue checking
time: 0.000 	reachability checking
time: 0.001 	death checking
time: 0.002 	stability checking
time: 0.000 	unused lib feature checking
time: 0.007 	lint checking
time: 0.000 	resolving dependency formats
time: 0.885 	translation
  time: 0.122 	llvm function passes
  time: 2.498 	llvm module passes
  time: 0.817 	codegen passes
  time: 0.001 	codegen passes
time: 3.488 	LLVM passes
  time: 0.029 	running linker
time: 0.064 	linking
rustc: x86_64-unknown-linux-gnu/stage2/lib/rustlib/x86_64-unknown-linux-gnu/lib/libgraphviz
time: 0.002 	parsing
time: 0.001 	configuration 1
time: 0.000 	recursion limit
time: 0.000 	gated macro checking
time: 0.000 	crate injection
time: 0.002 	macro loading
time: 0.000 	plugin loading
time: 0.000 	plugin registration
time: 0.003 	expansion
time: 0.000 	complete gated feature checking 1
time: 0.001 	configuration 2
time: 0.000 	maybe building test harness
time: 0.000 	prelude injection
time: 0.000 	checking that all macro invocations are gone
time: 0.000 	complete gated feature checking 2
time: 0.000 	assigning node ids and indexing ast
time: 0.000 	external crate/lib resolution
time: 0.000 	language item collection
time: 0.003 	resolution
time: 0.000 	lifetime resolution
time: 0.000 	looking for entry point
time: 0.000 	looking for plugin registrar
time: 0.000 	region resolution
time: 0.000 	loop checking
time: 0.000 	static item recursion checking
time: 0.001 	type collecting
time: 0.000 	variance inference
time: 0.017 	coherence checking
time: 0.095 	type checking
time: 0.005 	const checking
time: 0.000 	privacy checking
time: 0.000 	stability index
time: 0.000 	intrinsic checking
time: 0.000 	effect checking
time: 0.001 	match checking
time: 0.000 	liveness checking
time: 0.004 	borrow checking
time: 0.005 	rvalue checking
time: 0.000 	reachability checking
time: 0.000 	death checking
time: 0.001 	stability checking
time: 0.000 	unused lib feature checking
time: 0.001 	lint checking
time: 0.000 	resolving dependency formats
time: 0.065 	translation
  time: 0.009 	llvm function passes
  time: 0.065 	llvm module passes
  time: 0.022 	codegen passes
  time: 0.000 	codegen passes
time: 0.099 	LLVM passes
  time: 0.015 	running linker
time: 0.020 	linking
rustc: x86_64-unknown-linux-gnu/stage2/lib/rustlib/x86_64-unknown-linux-gnu/lib/libfmt_macros
time: 0.002 	parsing
time: 0.001 	configuration 1
time: 0.000 	recursion limit
time: 0.000 	gated macro checking
time: 0.000 	crate injection
time: 0.002 	macro loading
time: 0.000 	plugin loading
time: 0.000 	plugin registration
time: 0.005 	expansion
time: 0.000 	complete gated feature checking 1
time: 0.001 	configuration 2
time: 0.001 	maybe building test harness
time: 0.001 	prelude injection
time: 0.000 	checking that all macro invocations are gone
time: 0.000 	complete gated feature checking 2
time: 0.001 	assigning node ids and indexing ast
time: 0.000 	external crate/lib resolution
time: 0.000 	language item collection
time: 0.003 	resolution
time: 0.000 	lifetime resolution
time: 0.000 	looking for entry point
time: 0.000 	looking for plugin registrar
time: 0.000 	region resolution
time: 0.000 	loop checking
time: 0.000 	static item recursion checking
time: 0.001 	type collecting
time: 0.000 	variance inference
time: 0.061 	coherence checking
time: 0.049 	type checking
time: 0.004 	const checking
time: 0.000 	privacy checking
time: 0.000 	stability index
time: 0.000 	intrinsic checking
time: 0.000 	effect checking
time: 0.001 	match checking
time: 0.000 	liveness checking
time: 0.004 	borrow checking
time: 0.003 	rvalue checking
time: 0.000 	reachability checking
time: 0.000 	death checking
time: 0.001 	stability checking
time: 0.000 	unused lib feature checking
time: 0.002 	lint checking
time: 0.000 	resolving dependency formats
time: 0.093 	translation
  time: 0.015 	llvm function passes
  time: 0.228 	llvm module passes
  time: 0.096 	codegen passes
  time: 0.000 	codegen passes
time: 0.346 	LLVM passes
  time: 0.021 	running linker
time: 0.028 	linking
rustc: x86_64-unknown-linux-gnu/stage2/lib/rustlib/x86_64-unknown-linux-gnu/lib/libsyntax
time: 0.131 	parsing
time: 0.044 	configuration 1
time: 0.000 	recursion limit
time: 0.003 	gated macro checking
time: 0.000 	crate injection
time: 0.006 	macro loading
time: 0.000 	plugin loading
time: 0.000 	plugin registration
time: 0.639 	expansion
time: 0.019 	complete gated feature checking 1
time: 0.121 	configuration 2
time: 0.063 	maybe building test harness
time: 0.057 	prelude injection
time: 0.009 	checking that all macro invocations are gone
time: 0.020 	complete gated feature checking 2
time: 0.079 	assigning node ids and indexing ast
time: 0.010 	external crate/lib resolution
time: 0.018 	language item collection
time: 0.251 	resolution
time: 0.015 	lifetime resolution
time: 0.000 	looking for entry point
time: 0.009 	looking for plugin registrar
time: 0.081 	region resolution
time: 0.009 	loop checking
time: 0.009 	static item recursion checking
time: 0.054 	type collecting
time: 0.019 	variance inference
time: 0.151 	coherence checking
time: 15.703 	type checking
time: 1.851 	const checking
time: 0.089 	privacy checking
time: 0.002 	stability index
time: 0.026 	intrinsic checking
time: 0.022 	effect checking
time: 0.149 	match checking
time: 0.068 	liveness checking
time: 2.787 	borrow checking
time: 1.792 	rvalue checking
time: 0.028 	reachability checking
time: 0.064 	death checking
time: 0.071 	stability checking
time: 0.000 	unused lib feature checking
time: 0.297 	lint checking
time: 0.000 	resolving dependency formats
time: 13.354 	translation
  time: 1.903 	llvm function passes
  time: 45.455 	llvm module passes
  time: 17.588 	codegen passes
  time: 0.007 	codegen passes
time: 66.360 	LLVM passes
  time: 0.171 	running linker
time: 0.988 	linking
rustc: x86_64-unknown-linux-gnu/stage2/lib/rustlib/x86_64-unknown-linux-gnu/lib/librustc_llvm
time: 0.007 	parsing
time: 0.001 	configuration 1
time: 0.000 	recursion limit
time: 0.000 	gated macro checking
time: 0.000 	crate injection
time: 0.003 	macro loading
time: 0.000 	plugin loading
time: 0.000 	plugin registration
time: 0.014 	expansion
time: 0.000 	complete gated feature checking 1
time: 0.003 	configuration 2
time: 0.001 	maybe building test harness
time: 0.002 	prelude injection
time: 0.000 	checking that all macro invocations are gone
time: 0.000 	complete gated feature checking 2
time: 0.002 	assigning node ids and indexing ast
time: 0.000 	external crate/lib resolution
time: 0.000 	language item collection
time: 0.010 	resolution
time: 0.000 	lifetime resolution
time: 0.000 	looking for entry point
time: 0.000 	looking for plugin registrar
time: 0.001 	region resolution
time: 0.000 	loop checking
time: 0.000 	static item recursion checking
time: 0.003 	type collecting
time: 0.000 	variance inference
time: 0.075 	coherence checking
time: 0.121 	type checking
time: 0.008 	const checking
time: 0.001 	privacy checking
time: 0.000 	stability index
time: 0.000 	intrinsic checking
time: 0.000 	effect checking
time: 0.001 	match checking
time: 0.000 	liveness checking
time: 0.006 	borrow checking
time: 0.004 	rvalue checking
time: 0.000 	reachability checking
time: 0.001 	death checking
time: 0.001 	stability checking
time: 0.000 	unused lib feature checking
time: 0.006 	lint checking
time: 0.000 	resolving dependency formats
time: 0.125 	translation
  time: 0.016 	llvm function passes
  time: 0.080 	llvm module passes
  time: 0.057 	codegen passes
  time: 0.001 	codegen passes
time: 0.157 	LLVM passes
  time: 1.328 	running linker
time: 1.559 	linking
rustc: x86_64-unknown-linux-gnu/stage2/lib/rustlib/x86_64-unknown-linux-gnu/lib/librustc_back
time: 0.010 	parsing
time: 0.002 	configuration 1
time: 0.000 	recursion limit
time: 0.000 	gated macro checking
time: 0.000 	crate injection
time: 0.003 	macro loading
time: 0.000 	plugin loading
time: 0.000 	plugin registration
time: 0.036 	expansion
time: 0.001 	complete gated feature checking 1
time: 0.006 	configuration 2
time: 0.003 	maybe building test harness
time: 0.003 	prelude injection
time: 0.000 	checking that all macro invocations are gone
time: 0.000 	complete gated feature checking 2
time: 0.003 	assigning node ids and indexing ast
time: 0.003 	external crate/lib resolution
time: 0.000 	language item collection
time: 0.020 	resolution
time: 0.000 	lifetime resolution
time: 0.000 	looking for entry point
time: 0.000 	looking for plugin registrar
time: 0.002 	region resolution
time: 0.000 	loop checking
time: 0.000 	static item recursion checking
time: 0.002 	type collecting
time: 0.000 	variance inference
time: 0.028 	coherence checking
time: 0.523 	type checking
time: 0.059 	const checking
time: 0.002 	privacy checking
time: 0.000 	stability index
time: 0.001 	intrinsic checking
time: 0.000 	effect checking
time: 0.002 	match checking
time: 0.002 	liveness checking
time: 0.033 	borrow checking
time: 0.029 	rvalue checking
time: 0.000 	reachability checking
time: 0.002 	death checking
time: 0.004 	stability checking
time: 0.000 	unused lib feature checking
time: 0.015 	lint checking
time: 0.000 	resolving dependency formats
time: 1.322 	translation
  time: 0.182 	llvm function passes
  time: 3.358 	llvm module passes
  time: 1.190 	codegen passes
  time: 0.001 	codegen passes
time: 4.827 	LLVM passes
  time: 0.087 	running linker
time: 0.146 	linking
rustc: x86_64-unknown-linux-gnu/stage2/lib/rustlib/x86_64-unknown-linux-gnu/lib/librustc_data_structures
time: 0.005 	parsing
time: 0.001 	configuration 1
time: 0.000 	recursion limit
time: 0.000 	gated macro checking
time: 0.000 	crate injection
time: 0.003 	macro loading
time: 0.000 	plugin loading
time: 0.000 	plugin registration
time: 0.010 	expansion
time: 0.000 	complete gated feature checking 1
time: 0.002 	configuration 2
time: 0.001 	maybe building test harness
time: 0.001 	prelude injection
time: 0.000 	checking that all macro invocations are gone
time: 0.000 	complete gated feature checking 2
time: 0.001 	assigning node ids and indexing ast
time: 0.000 	external crate/lib resolution
time: 0.000 	language item collection
time: 0.006 	resolution
time: 0.000 	lifetime resolution
time: 0.000 	looking for entry point
time: 0.000 	looking for plugin registrar
time: 0.000 	region resolution
time: 0.000 	loop checking
time: 0.000 	static item recursion checking
time: 0.002 	type collecting
time: 0.000 	variance inference
time: 0.066 	coherence checking
time: 0.194 	type checking
time: 0.023 	const checking
time: 0.001 	privacy checking
time: 0.000 	stability index
time: 0.001 	intrinsic checking
time: 0.000 	effect checking
time: 0.006 	match checking
time: 0.000 	liveness checking
time: 0.037 	borrow checking
time: 0.028 	rvalue checking
time: 0.000 	reachability checking
time: 0.000 	death checking
time: 0.001 	stability checking
time: 0.000 	unused lib feature checking
time: 0.003 	lint checking
time: 0.000 	resolving dependency formats
time: 0.075 	translation
  time: 0.005 	llvm function passes
  time: 0.022 	llvm module passes
  time: 0.008 	codegen passes
  time: 0.001 	codegen passes
time: 0.038 	LLVM passes
  time: 0.021 	running linker
time: 0.026 	linking
rustc: x86_64-unknown-linux-gnu/stage2/lib/rustlib/x86_64-unknown-linux-gnu/lib/librustc
time: 0.189 	parsing
time: 0.064 	configuration 1
time: 0.000 	recursion limit
time: 0.004 	gated macro checking
time: 0.000 	crate injection
time: 0.008 	macro loading
time: 0.000 	plugin loading
time: 0.000 	plugin registration
time: 0.848 	expansion
time: 0.025 	complete gated feature checking 1
time: 0.147 	configuration 2
time: 0.076 	maybe building test harness
time: 0.069 	prelude injection
time: 0.011 	checking that all macro invocations are gone
time: 0.025 	complete gated feature checking 2
time: 0.096 	assigning node ids and indexing ast
time: 0.014 	external crate/lib resolution
time: 0.023 	language item collection
time: 0.291 	resolution
time: 0.020 	lifetime resolution
time: 0.000 	looking for entry point
time: 0.011 	looking for plugin registrar
time: 0.091 	region resolution
time: 0.012 	loop checking
time: 0.012 	static item recursion checking
time: 0.074 	type collecting
time: 0.024 	variance inference
time: 0.185 	coherence checking
time: 11.550 	type checking
time: 2.159 	const checking
time: 0.117 	privacy checking
time: 0.002 	stability index
time: 0.033 	intrinsic checking
time: 0.024 	effect checking
time: 0.144 	match checking
time: 0.064 	liveness checking
time: 1.585 	borrow checking
time: 1.336 	rvalue checking
time: 0.028 	reachability checking
time: 0.080 	death checking
time: 0.089 	stability checking
time: 0.000 	unused lib feature checking
time: 0.374 	lint checking
time: 0.000 	resolving dependency formats
time: 26.908 	translation
  time: 3.784 	llvm function passes
  time: 79.347 	llvm module passes
  time: 23.363 	codegen passes
  time: 0.007 	codegen passes
time: 108.707 	LLVM passes
  time: 0.302 	running linker
time: 1.238 	linking
rustc: x86_64-unknown-linux-gnu/stage2/lib/rustlib/x86_64-unknown-linux-gnu/lib/librustc_typeck
time: 0.074 	parsing
time: 0.024 	configuration 1
time: 0.000 	recursion limit
time: 0.002 	gated macro checking
time: 0.000 	crate injection
time: 0.005 	macro loading
time: 0.000 	plugin loading
time: 0.000 	plugin registration
time: 0.319 	expansion
time: 0.009 	complete gated feature checking 1
time: 0.047 	configuration 2
time: 0.025 	maybe building test harness
time: 0.023 	prelude injection
time: 0.003 	checking that all macro invocations are gone
time: 0.008 	complete gated feature checking 2
time: 0.031 	assigning node ids and indexing ast
time: 0.026 	external crate/lib resolution
time: 0.007 	language item collection
time: 0.111 	resolution
time: 0.007 	lifetime resolution
time: 0.000 	looking for entry point
time: 0.004 	looking for plugin registrar
time: 0.026 	region resolution
time: 0.004 	loop checking
time: 0.004 	static item recursion checking
time: 0.021 	type collecting
time: 0.008 	variance inference
time: 0.127 	coherence checking
time: 4.948 	type checking
time: 1.259 	const checking
time: 0.054 	privacy checking
time: 0.000 	stability index
time: 0.011 	intrinsic checking
time: 0.008 	effect checking
time: 0.024 	match checking
time: 0.026 	liveness checking
time: 0.276 	borrow checking
time: 0.324 	rvalue checking
time: 0.001 	reachability checking
time: 0.041 	death checking
time: 0.052 	stability checking
time: 0.000 	unused lib feature checking
time: 0.145 	lint checking
time: 0.000 	resolving dependency formats
time: 12.233 	translation
  time: 1.453 	llvm function passes
  time: 28.404 	llvm module passes
  time: 7.886 	codegen passes
  time: 0.002 	codegen passes
time: 38.467 	LLVM passes
  time: 0.142 	running linker
time: 0.470 	linking
rustc: x86_64-unknown-linux-gnu/stage2/lib/rustlib/x86_64-unknown-linux-gnu/lib/librustc_borrowck
time: 0.016 	parsing
time: 0.005 	configuration 1
time: 0.000 	recursion limit
time: 0.000 	gated macro checking
time: 0.000 	crate injection
time: 0.004 	macro loading
time: 0.000 	plugin loading
time: 0.000 	plugin registration
time: 0.064 	expansion
time: 0.001 	complete gated feature checking 1
time: 0.010 	configuration 2
time: 0.005 	maybe building test harness
time: 0.005 	prelude injection
time: 0.000 	checking that all macro invocations are gone
time: 0.001 	complete gated feature checking 2
time: 0.006 	assigning node ids and indexing ast
time: 0.026 	external crate/lib resolution
time: 0.001 	language item collection
time: 0.028 	resolution
time: 0.001 	lifetime resolution
time: 0.000 	looking for entry point
time: 0.000 	looking for plugin registrar
time: 0.004 	region resolution
time: 0.001 	loop checking
time: 0.000 	static item recursion checking
time: 0.004 	type collecting
time: 0.001 	variance inference
time: 0.055 	coherence checking
time: 0.783 	type checking
time: 0.177 	const checking
time: 0.006 	privacy checking
time: 0.000 	stability index
time: 0.001 	intrinsic checking
time: 0.001 	effect checking
time: 0.005 	match checking
time: 0.004 	liveness checking
time: 0.055 	borrow checking
time: 0.061 	rvalue checking
time: 0.000 	reachability checking
time: 0.005 	death checking
time: 0.008 	stability checking
time: 0.000 	unused lib feature checking
time: 0.028 	lint checking
time: 0.000 	resolving dependency formats
time: 2.049 	translation
  time: 0.293 	llvm function passes
  time: 3.891 	llvm module passes
  time: 1.313 	codegen passes
  time: 0.001 	codegen passes
time: 5.607 	LLVM passes
  time: 0.057 	running linker
time: 0.118 	linking
rustc: x86_64-unknown-linux-gnu/stage2/lib/rustlib/x86_64-unknown-linux-gnu/lib/librustc_resolve
time: 0.019 	parsing
time: 0.006 	configuration 1
time: 0.000 	recursion limit
time: 0.000 	gated macro checking
time: 0.000 	crate injection
time: 0.005 	macro loading
time: 0.000 	plugin loading
time: 0.000 	plugin registration
time: 0.077 	expansion
time: 0.002 	complete gated feature checking 1
time: 0.012 	configuration 2
time: 0.006 	maybe building test harness
time: 0.006 	prelude injection
time: 0.000 	checking that all macro invocations are gone
time: 0.001 	complete gated feature checking 2
time: 0.007 	assigning node ids and indexing ast
time: 0.028 	external crate/lib resolution
time: 0.001 	language item collection
time: 0.038 	resolution
time: 0.001 	lifetime resolution
time: 0.000 	looking for entry point
time: 0.000 	looking for plugin registrar
time: 0.005 	region resolution
time: 0.001 	loop checking
time: 0.000 	static item recursion checking
time: 0.004 	type collecting
time: 0.001 	variance inference
time: 0.061 	coherence checking
time: 1.015 	type checking
time: 0.141 	const checking
time: 0.008 	privacy checking
time: 0.000 	stability index
time: 0.002 	intrinsic checking
time: 0.001 	effect checking
time: 0.006 	match checking
time: 0.005 	liveness checking
time: 0.071 	borrow checking
time: 0.060 	rvalue checking
time: 0.000 	reachability checking
time: 0.006 	death checking
time: 0.009 	stability checking
time: 0.000 	unused lib feature checking
time: 0.030 	lint checking
time: 0.000 	resolving dependency formats
time: 2.681 	translation
  time: 0.453 	llvm function passes
  time: 6.649 	llvm module passes
  time: 2.153 	codegen passes
  time: 0.001 	codegen passes
time: 9.423 	LLVM passes
  time: 0.100 	running linker
time: 0.192 	linking
rustc: x86_64-unknown-linux-gnu/stage2/lib/rustlib/x86_64-unknown-linux-gnu/lib/librustc_trans
time: 0.124 	parsing
time: 0.041 	configuration 1
time: 0.000 	recursion limit
time: 0.003 	gated macro checking
time: 0.000 	crate injection
time: 0.007 	macro loading
time: 0.000 	plugin loading
time: 0.000 	plugin registration
time: 0.458 	expansion
time: 0.012 	complete gated feature checking 1
time: 0.068 	configuration 2
time: 0.036 	maybe building test harness
time: 0.032 	prelude injection
time: 0.006 	checking that all macro invocations are gone
time: 0.013 	complete gated feature checking 2
time: 0.046 	assigning node ids and indexing ast
time: 0.026 	external crate/lib resolution
time: 0.012 	language item collection
time: 0.174 	resolution
time: 0.010 	lifetime resolution
time: 0.000 	looking for entry point
time: 0.006 	looking for plugin registrar
time: 0.043 	region resolution
time: 0.006 	loop checking
time: 0.006 	static item recursion checking
time: 0.031 	type collecting
time: 0.012 	variance inference
time: 0.136 	coherence checking
time: 5.259 	type checking
time: 1.710 	const checking
time: 0.064 	privacy checking
time: 0.001 	stability index
time: 0.017 	intrinsic checking
time: 0.013 	effect checking
time: 0.036 	match checking
time: 0.038 	liveness checking
time: 0.400 	borrow checking
time: 0.385 	rvalue checking
time: 0.001 	reachability checking
time: 0.046 	death checking
time: 0.057 	stability checking
time: 0.000 	unused lib feature checking
time: 0.189 	lint checking
time: 0.000 	resolving dependency formats
time: 11.869 	translation
  time: 1.649 	llvm function passes
  time: 28.853 	llvm module passes
  time: 9.344 	codegen passes
  time: 0.002 	codegen passes
time: 40.695 	LLVM passes
  time: 0.151 	running linker
time: 0.521 	linking
rustc: x86_64-unknown-linux-gnu/stage2/lib/rustlib/x86_64-unknown-linux-gnu/lib/librustc_privacy
time: 0.005 	parsing
time: 0.002 	configuration 1
time: 0.000 	recursion limit
time: 0.000 	gated macro checking
time: 0.000 	crate injection
time: 0.004 	macro loading
time: 0.000 	plugin loading
time: 0.000 	plugin registration
time: 0.017 	expansion
time: 0.000 	complete gated feature checking 1
time: 0.003 	configuration 2
time: 0.001 	maybe building test harness
time: 0.001 	prelude injection
time: 0.000 	checking that all macro invocations are gone
time: 0.000 	complete gated feature checking 2
time: 0.002 	assigning node ids and indexing ast
time: 0.027 	external crate/lib resolution
time: 0.000 	language item collection
time: 0.012 	resolution
time: 0.000 	lifetime resolution
time: 0.000 	looking for entry point
time: 0.000 	looking for plugin registrar
time: 0.001 	region resolution
time: 0.000 	loop checking
time: 0.000 	static item recursion checking
time: 0.001 	type collecting
time: 0.000 	variance inference
time: 0.012 	coherence checking
time: 0.360 	type checking
time: 0.039 	const checking
time: 0.002 	privacy checking
time: 0.000 	stability index
time: 0.000 	intrinsic checking
time: 0.000 	effect checking
time: 0.001 	match checking
time: 0.001 	liveness checking
time: 0.016 	borrow checking
time: 0.010 	rvalue checking
time: 0.000 	reachability checking
time: 0.002 	death checking
time: 0.003 	stability checking
time: 0.000 	unused lib feature checking
time: 0.007 	lint checking
time: 0.000 	resolving dependency formats
time: 1.139 	translation
  time: 0.156 	llvm function passes
  time: 1.172 	llvm module passes
  time: 0.372 	codegen passes
  time: 0.001 	codegen passes
time: 1.732 	LLVM passes
  time: 0.047 	running linker
time: 0.069 	linking
rustc: x86_64-unknown-linux-gnu/stage2/lib/rustlib/x86_64-unknown-linux-gnu/lib/librustc_lint
time: 0.009 	parsing
time: 0.003 	configuration 1
time: 0.000 	recursion limit
time: 0.000 	gated macro checking
time: 0.000 	crate injection
time: 0.031 	macro loading
time: 0.000 	plugin loading
time: 0.000 	plugin registration
time: 0.027 	expansion
time: 0.000 	complete gated feature checking 1
time: 0.004 	configuration 2
time: 0.002 	maybe building test harness
time: 0.002 	prelude injection
time: 0.000 	checking that all macro invocations are gone
time: 0.000 	complete gated feature checking 2
time: 0.003 	assigning node ids and indexing ast
time: 0.000 	external crate/lib resolution
time: 0.000 	language item collection
time: 0.017 	resolution
time: 0.000 	lifetime resolution
time: 0.000 	looking for entry point
time: 0.000 	looking for plugin registrar
time: 0.002 	region resolution
time: 0.000 	loop checking
time: 0.000 	static item recursion checking
time: 0.002 	type collecting
time: 0.000 	variance inference
time: 0.045 	coherence checking
time: 0.374 	type checking
time: 0.054 	const checking
time: 0.003 	privacy checking
time: 0.000 	stability index
time: 0.001 	intrinsic checking
time: 0.000 	effect checking
time: 0.002 	match checking
time: 0.001 	liveness checking
time: 0.021 	borrow checking
time: 0.014 	rvalue checking
time: 0.000 	reachability checking
time: 0.002 	death checking
time: 0.005 	stability checking
time: 0.000 	unused lib feature checking
time: 0.011 	lint checking
time: 0.000 	resolving dependency formats
time: 1.503 	translation
  time: 0.206 	llvm function passes
  time: 1.892 	llvm module passes
  time: 0.681 	codegen passes
  time: 0.001 	codegen passes
time: 2.830 	LLVM passes
  time: 0.103 	running linker
time: 0.140 	linking
rustc: x86_64-unknown-linux-gnu/stage2/lib/rustlib/x86_64-unknown-linux-gnu/lib/librustc_driver
time: 0.013 	parsing
time: 0.004 	configuration 1
time: 0.000 	recursion limit
time: 0.000 	gated macro checking
time: 0.000 	crate injection
time: 0.004 	macro loading
time: 0.000 	plugin loading
time: 0.000 	plugin registration
time: 0.027 	expansion
time: 0.000 	complete gated feature checking 1
time: 0.004 	configuration 2
time: 0.002 	maybe building test harness
time: 0.002 	prelude injection
time: 0.000 	checking that all macro invocations are gone
time: 0.000 	complete gated feature checking 2
time: 0.003 	assigning node ids and indexing ast
time: 0.028 	external crate/lib resolution
time: 0.000 	language item collection
time: 0.025 	resolution
time: 0.000 	lifetime resolution
time: 0.000 	looking for entry point
time: 0.000 	looking for plugin registrar
time: 0.002 	region resolution
time: 0.000 	loop checking
time: 0.000 	static item recursion checking
time: 0.002 	type collecting
time: 0.000 	variance inference
time: 0.092 	coherence checking
time: 0.684 	type checking
time: 0.143 	const checking
time: 0.003 	privacy checking
time: 0.000 	stability index
time: 0.001 	intrinsic checking
time: 0.000 	effect checking
time: 0.002 	match checking
time: 0.002 	liveness checking
time: 0.027 	borrow checking
time: 0.084 	rvalue checking
time: 0.000 	reachability checking
time: 0.003 	death checking
time: 0.006 	stability checking
time: 0.000 	unused lib feature checking
time: 0.013 	lint checking
time: 0.000 	resolving dependency formats
time: 6.112 	translation
  time: 1.011 	llvm function passes
  time: 18.348 	llvm module passes
  time: 4.465 	codegen passes
  time: 0.001 	codegen passes
time: 24.241 	LLVM passes
  time: 0.125 	running linker
time: 0.306 	linking
rustc: x86_64-unknown-linux-gnu/stage2/lib/rustlib/x86_64-unknown-linux-gnu/lib/librustdoc
time: 0.041 	parsing
time: 0.015 	configuration 1
time: 0.000 	recursion limit
time: 0.001 	gated macro checking
time: 0.000 	crate injection
time: 0.003 	macro loading
time: 0.000 	plugin loading
time: 0.000 	plugin registration
time: 0.196 	expansion
time: 0.006 	complete gated feature checking 1
time: 0.039 	configuration 2
time: 0.020 	maybe building test harness
time: 0.018 	prelude injection
time: 0.002 	checking that all macro invocations are gone
time: 0.005 	complete gated feature checking 2
time: 0.024 	assigning node ids and indexing ast
time: 0.034 	external crate/lib resolution
time: 0.005 	language item collection
time: 0.084 	resolution
time: 0.005 	lifetime resolution
time: 0.000 	looking for entry point
time: 0.003 	looking for plugin registrar
time: 0.020 	region resolution
time: 0.003 	loop checking
time: 0.003 	static item recursion checking
time: 0.017 	type collecting
time: 0.005 	variance inference
time: 0.061 	coherence checking
time: 6.675 	type checking
time: 1.416 	const checking
time: 0.028 	privacy checking
time: 0.000 	stability index
time: 0.006 	intrinsic checking
time: 0.005 	effect checking
time: 0.085 	match checking
time: 0.019 	liveness checking
time: 1.624 	borrow checking
time: 1.054 	rvalue checking
time: 0.003 	reachability checking
time: 0.019 	death checking
time: 0.027 	stability checking
time: 0.000 	unused lib feature checking
time: 0.095 	lint checking
time: 0.000 	resolving dependency formats
time: 15.461 	translation
  time: 1.398 	llvm function passes
  time: 36.168 	llvm module passes
  time: 10.248 	codegen passes
  time: 0.002 	codegen passes
time: 48.634 	LLVM passes
  time: 0.149 	running linker
time: 0.541 	linking
rustc: x86_64-unknown-linux-gnu/stage1/lib/rustlib/x86_64-unknown-linux-gnu/bin/rustbook
cp: x86_64-unknown-linux-gnu/stage2/bin/rustbook
rustbook: doc/book/index.html
rustbook: doc/style/index.html
version-info: doc/version_info.html
rustdoc: doc/not_found.html
rustdoc: doc/index.html
rustdoc: doc/intro.html
rustdoc: doc/tutorial.html
rustdoc: doc/complement-lang-faq.html
rustdoc: doc/complement-design-faq.html
rustdoc: doc/complement-project-faq.html
rustdoc: doc/rustdoc.html
rustdoc: doc/reference.html
rustdoc: doc/grammar.html
rustdoc: doc/guide-crates.html
rustdoc: doc/guide-error-handling.html
rustdoc: doc/guide-ffi.html
rustdoc: doc/guide-macros.html
rustdoc: doc/guide.html
rustdoc: doc/guide-ownership.html
rustdoc: doc/guide-plugins.html
rustdoc: doc/guide-pointers.html
rustdoc: doc/guide-strings.html
rustdoc: doc/guide-tasks.html
rustdoc: doc/guide-testing.html
rustdoc: doc/std/index.html
rustdoc: doc/alloc/index.html
rustdoc: doc/collections/index.html
rustdoc: doc/core/index.html
rustdoc: doc/libc/index.html
rustdoc: doc/rustc_unicode/index.html
