commit 7bb0d0d74ca23cb871fd058a3fc6d935b7e47ae7
Merge: 9a82594 ec6c3db
Author: bors <bors@rust-lang.org>
Date:   Sun Aug 30 16:52:23 2015 +0000

    Auto merge of #28102 - arielb1:fix-log-again, r=eddyb
    
    r? @eddyb
cfg: version 1.4.0-dev (7bb0d0d74 2015-08-30)
cfg: build triple x86_64-unknown-linux-gnu
cfg: host triples x86_64-unknown-linux-gnu
cfg: target triples x86_64-unknown-linux-gnu
cfg: host for x86_64-unknown-linux-gnu is x86_64
cfg: os for x86_64-unknown-linux-gnu is unknown-linux-gnu
cfg: good valgrind for x86_64-unknown-linux-gnu is 1
cfg: using CC=gcc (CFG_CC)
cfg: disabling valgrind run-pass tests
rustc: x86_64-unknown-linux-gnu/stage0/lib/rustlib/x86_64-unknown-linux-gnu/lib/librustc_trans
rustc: x86_64-unknown-linux-gnu/stage0/lib/rustlib/x86_64-unknown-linux-gnu/lib/librustc_driver
rustc: x86_64-unknown-linux-gnu/stage0/lib/rustlib/x86_64-unknown-linux-gnu/bin/rustc
cp: x86_64-unknown-linux-gnu/stage1/lib/librustc_trans
cp: x86_64-unknown-linux-gnu/stage1/lib/librustc_driver
cp: x86_64-unknown-linux-gnu/stage1/bin/rustc
rustc: x86_64-unknown-linux-gnu/stage1/lib/rustlib/x86_64-unknown-linux-gnu/lib/libcore
rustc: x86_64-unknown-linux-gnu/stage1/lib/rustlib/x86_64-unknown-linux-gnu/lib/liblibc
rustc: x86_64-unknown-linux-gnu/stage1/lib/rustlib/x86_64-unknown-linux-gnu/lib/librand
rustc: x86_64-unknown-linux-gnu/stage1/lib/rustlib/x86_64-unknown-linux-gnu/lib/liballoc_system
rustc: x86_64-unknown-linux-gnu/stage1/lib/rustlib/x86_64-unknown-linux-gnu/lib/liballoc
rustc: x86_64-unknown-linux-gnu/stage1/lib/rustlib/x86_64-unknown-linux-gnu/lib/librustc_unicode
rustc: x86_64-unknown-linux-gnu/stage1/lib/rustlib/x86_64-unknown-linux-gnu/lib/libcollections
rustc: x86_64-unknown-linux-gnu/stage1/lib/rustlib/x86_64-unknown-linux-gnu/lib/liballoc_jemalloc
rustc: x86_64-unknown-linux-gnu/stage1/lib/rustlib/x86_64-unknown-linux-gnu/lib/libstd
rustc: x86_64-unknown-linux-gnu/stage1/lib/rustlib/x86_64-unknown-linux-gnu/lib/libarena
rustc: x86_64-unknown-linux-gnu/stage1/lib/rustlib/x86_64-unknown-linux-gnu/lib/libflate
rustc: x86_64-unknown-linux-gnu/stage1/lib/rustlib/x86_64-unknown-linux-gnu/lib/libgetopts
rustc: x86_64-unknown-linux-gnu/stage1/lib/rustlib/x86_64-unknown-linux-gnu/lib/libgraphviz
rustc: x86_64-unknown-linux-gnu/stage1/lib/rustlib/x86_64-unknown-linux-gnu/lib/liblog
rustc: x86_64-unknown-linux-gnu/stage1/lib/rustlib/x86_64-unknown-linux-gnu/lib/libterm
rustc: x86_64-unknown-linux-gnu/stage1/lib/rustlib/x86_64-unknown-linux-gnu/lib/libserialize
rustc: x86_64-unknown-linux-gnu/stage1/lib/rustlib/x86_64-unknown-linux-gnu/lib/libfmt_macros
rustc: x86_64-unknown-linux-gnu/stage1/lib/rustlib/x86_64-unknown-linux-gnu/lib/librustc_bitflags
rustc: x86_64-unknown-linux-gnu/stage1/lib/rustlib/x86_64-unknown-linux-gnu/lib/libsyntax
rustc: x86_64-unknown-linux-gnu/stage1/lib/rustlib/x86_64-unknown-linux-gnu/lib/librbml
rustc: x86_64-unknown-linux-gnu/stage1/lib/rustlib/x86_64-unknown-linux-gnu/lib/librustc_llvm
rustc: x86_64-unknown-linux-gnu/stage1/lib/rustlib/x86_64-unknown-linux-gnu/lib/librustc_back
rustc: x86_64-unknown-linux-gnu/stage1/lib/rustlib/x86_64-unknown-linux-gnu/lib/librustc_data_structures
rustc: x86_64-unknown-linux-gnu/stage1/lib/rustlib/x86_64-unknown-linux-gnu/lib/librustc
rustc: x86_64-unknown-linux-gnu/stage1/lib/rustlib/x86_64-unknown-linux-gnu/lib/librustc_borrowck
rustc: x86_64-unknown-linux-gnu/stage1/lib/rustlib/x86_64-unknown-linux-gnu/lib/librustc_platform_intrinsics
rustc: x86_64-unknown-linux-gnu/stage1/lib/rustlib/x86_64-unknown-linux-gnu/lib/librustc_typeck
rustc: x86_64-unknown-linux-gnu/stage1/lib/rustlib/x86_64-unknown-linux-gnu/lib/librustc_resolve
rustc: x86_64-unknown-linux-gnu/stage1/lib/rustlib/x86_64-unknown-linux-gnu/lib/librustc_trans
rustc: x86_64-unknown-linux-gnu/stage1/lib/rustlib/x86_64-unknown-linux-gnu/lib/librustc_privacy
rustc: x86_64-unknown-linux-gnu/stage1/lib/rustlib/x86_64-unknown-linux-gnu/lib/librustc_lint
rustc: x86_64-unknown-linux-gnu/stage1/lib/rustlib/x86_64-unknown-linux-gnu/lib/librustc_driver
rustc: x86_64-unknown-linux-gnu/stage1/lib/rustlib/x86_64-unknown-linux-gnu/bin/rustc
cp: x86_64-unknown-linux-gnu/stage2/lib/libstd
cp: x86_64-unknown-linux-gnu/stage2/lib/libarena
cp: x86_64-unknown-linux-gnu/stage2/lib/libflate
cp: x86_64-unknown-linux-gnu/stage2/lib/libgetopts
cp: x86_64-unknown-linux-gnu/stage2/lib/libgraphviz
cp: x86_64-unknown-linux-gnu/stage2/lib/liblog
cp: x86_64-unknown-linux-gnu/stage2/lib/libterm
cp: x86_64-unknown-linux-gnu/stage2/lib/libserialize
cp: x86_64-unknown-linux-gnu/stage2/lib/libfmt_macros
cp: x86_64-unknown-linux-gnu/stage2/lib/libsyntax
cp: x86_64-unknown-linux-gnu/stage2/lib/librbml
cp: x86_64-unknown-linux-gnu/stage2/lib/librustc_llvm
cp: x86_64-unknown-linux-gnu/stage2/lib/librustc_back
cp: x86_64-unknown-linux-gnu/stage2/lib/librustc_data_structures
cp: x86_64-unknown-linux-gnu/stage2/lib/librustc
cp: x86_64-unknown-linux-gnu/stage2/lib/librustc_borrowck
cp: x86_64-unknown-linux-gnu/stage2/lib/librustc_platform_intrinsics
cp: x86_64-unknown-linux-gnu/stage2/lib/librustc_typeck
cp: x86_64-unknown-linux-gnu/stage2/lib/librustc_resolve
cp: x86_64-unknown-linux-gnu/stage2/lib/librustc_trans
cp: x86_64-unknown-linux-gnu/stage2/lib/librustc_privacy
cp: x86_64-unknown-linux-gnu/stage2/lib/librustc_lint
cp: x86_64-unknown-linux-gnu/stage2/lib/librustc_driver
cp: x86_64-unknown-linux-gnu/stage2/bin/rustc
rustc: x86_64-unknown-linux-gnu/stage1/lib/rustlib/x86_64-unknown-linux-gnu/lib/libtest
rustc: x86_64-unknown-linux-gnu/stage1/lib/rustlib/x86_64-unknown-linux-gnu/lib/librustdoc
rustc: x86_64-unknown-linux-gnu/stage1/lib/rustlib/x86_64-unknown-linux-gnu/bin/rustdoc
cp: x86_64-unknown-linux-gnu/stage2/lib/libtest
cp: x86_64-unknown-linux-gnu/stage2/lib/librustdoc
cp: x86_64-unknown-linux-gnu/stage2/bin/rustdoc
rustc: x86_64-unknown-linux-gnu/stage2/lib/rustlib/x86_64-unknown-linux-gnu/lib/libcore
time: 0.069; rss: 54MB	parsing
time: 0.025; rss: 56MB	configuration 1
time: 0.000; rss: 56MB	recursion limit
time: 0.002; rss: 56MB	gated macro checking
time: 0.000; rss: 56MB	crate injection
time: 0.001; rss: 56MB	macro loading
time: 0.000; rss: 56MB	plugin loading
time: 0.000; rss: 56MB	plugin registration
time: 0.464; rss: 81MB	expansion
time: 0.011; rss: 81MB	complete gated feature checking 1
time: 0.094; rss: 81MB	configuration 2
time: 0.000; rss: 81MB	gated configuration checking
time: 0.048; rss: 81MB	maybe building test harness
time: 0.000; rss: 81MB	prelude injection
time: 0.005; rss: 81MB	checking that all macro invocations are gone
time: 0.000; rss: 81MB	checking for inline asm in case the target doesn't support it
time: 0.011; rss: 81MB	complete gated feature checking 2
time: 0.054; rss: 88MB	assigning node ids and indexing ast
time: 0.005; rss: 88MB	external crate/lib resolution
time: 0.010; rss: 88MB	language item collection
time: 0.080; rss: 107MB	resolution
time: 0.011; rss: 105MB	lifetime resolution
time: 0.000; rss: 105MB	looking for entry point
time: 0.005; rss: 105MB	looking for plugin registrar
time: 0.025; rss: 113MB	region resolution
time: 0.005; rss: 113MB	loop checking
time: 0.005; rss: 113MB	static item recursion checking
time: 0.060; rss: 120MB	type collecting
time: 0.010; rss: 120MB	variance inference
time: 0.631; rss: 131MB	coherence checking
time: 0.329; rss: 133MB	wf checking (old)
time: 0.502; rss: 137MB	item-types checking
time: 4.281; rss: 165MB	item-bodies checking
time: 0.000; rss: 165MB	drop-impl checking
time: 0.606; rss: 165MB	wf checking (new)
time: 0.138; rss: 167MB	const checking
time: 0.052; rss: 167MB	privacy checking
time: 0.005; rss: 167MB	stability index
time: 0.028; rss: 167MB	intrinsic checking
time: 0.010; rss: 167MB	effect checking
time: 0.046; rss: 167MB	match checking
time: 0.022; rss: 167MB	liveness checking
time: 0.279; rss: 173MB	borrow checking
time: 0.142; rss: 173MB	rvalue checking
time: 0.019; rss: 173MB	reachability checking
time: 0.035; rss: 173MB	death checking
time: 0.025; rss: 173MB	stability checking
time: 0.000; rss: 173MB	unused lib feature checking
time: 0.444; rss: 175MB	lint checking
time: 0.000; rss: 175MB	resolving dependency formats
time: 1.504; rss: 244MB	translation
  time: 0.199; rss: 121MB	llvm function passes
  time: 1.927; rss: 123MB	llvm module passes
  time: 1.490; rss: 127MB	codegen passes
  time: 0.003; rss: 121MB	codegen passes
time: 3.685; rss: 121MB	LLVM passes
time: 0.057; rss: 120MB	linking
rustc: x86_64-unknown-linux-gnu/stage2/lib/rustlib/x86_64-unknown-linux-gnu/lib/liblibc
time: 0.019; rss: 41MB	parsing
time: 0.004; rss: 38MB	configuration 1
time: 0.000; rss: 38MB	recursion limit
time: 0.000; rss: 38MB	gated macro checking
time: 0.000; rss: 38MB	crate injection
time: 0.001; rss: 38MB	macro loading
time: 0.000; rss: 38MB	plugin loading
time: 0.000; rss: 38MB	plugin registration
time: 0.009; rss: 39MB	expansion
time: 0.000; rss: 39MB	complete gated feature checking 1
time: 0.002; rss: 39MB	configuration 2
time: 0.000; rss: 39MB	gated configuration checking
time: 0.001; rss: 39MB	maybe building test harness
time: 0.001; rss: 39MB	prelude injection
time: 0.000; rss: 39MB	checking that all macro invocations are gone
time: 0.000; rss: 39MB	checking for inline asm in case the target doesn't support it
time: 0.000; rss: 39MB	complete gated feature checking 2
time: 0.001; rss: 39MB	assigning node ids and indexing ast
time: 0.000; rss: 39MB	external crate/lib resolution
time: 0.000; rss: 39MB	language item collection
time: 0.004; rss: 44MB	resolution
time: 0.000; rss: 44MB	lifetime resolution
time: 0.000; rss: 44MB	looking for entry point
time: 0.000; rss: 44MB	looking for plugin registrar
time: 0.000; rss: 44MB	region resolution
time: 0.000; rss: 44MB	loop checking
time: 0.000; rss: 44MB	static item recursion checking
time: 0.001; rss: 46MB	type collecting
time: 0.000; rss: 46MB	variance inference
time: 0.007; rss: 54MB	coherence checking
time: 0.002; rss: 54MB	wf checking (old)
time: 0.011; rss: 58MB	item-types checking
time: 0.016; rss: 59MB	item-bodies checking
time: 0.000; rss: 59MB	drop-impl checking
time: 0.003; rss: 59MB	wf checking (new)
time: 0.001; rss: 59MB	const checking
time: 0.001; rss: 59MB	privacy checking
time: 0.000; rss: 59MB	stability index
time: 0.000; rss: 59MB	intrinsic checking
time: 0.000; rss: 59MB	effect checking
time: 0.000; rss: 59MB	match checking
time: 0.000; rss: 59MB	liveness checking
time: 0.001; rss: 59MB	borrow checking
time: 0.000; rss: 59MB	rvalue checking
time: 0.000; rss: 59MB	reachability checking
time: 0.001; rss: 59MB	death checking
time: 0.000; rss: 59MB	stability checking
time: 0.000; rss: 59MB	unused lib feature checking
time: 0.004; rss: 60MB	lint checking
time: 0.000; rss: 60MB	resolving dependency formats
time: 0.035; rss: 73MB	translation
  time: 0.002; rss: 70MB	llvm function passes
  time: 0.009; rss: 70MB	llvm module passes
  time: 0.008; rss: 75MB	codegen passes
  time: 0.000; rss: 75MB	codegen passes
time: 0.021; rss: 75MB	LLVM passes
time: 0.001; rss: 75MB	linking
rustc: x86_64-unknown-linux-gnu/stage2/lib/rustlib/x86_64-unknown-linux-gnu/lib/librand
time: 0.011; rss: 37MB	parsing
time: 0.003; rss: 37MB	configuration 1
time: 0.000; rss: 37MB	recursion limit
time: 0.000; rss: 37MB	gated macro checking
time: 0.000; rss: 37MB	crate injection
time: 0.001; rss: 38MB	macro loading
time: 0.000; rss: 38MB	plugin loading
time: 0.000; rss: 38MB	plugin registration
time: 0.023; rss: 39MB	expansion
time: 0.000; rss: 39MB	complete gated feature checking 1
time: 0.005; rss: 39MB	configuration 2
time: 0.000; rss: 39MB	gated configuration checking
time: 0.002; rss: 39MB	maybe building test harness
time: 0.002; rss: 40MB	prelude injection
time: 0.000; rss: 40MB	checking that all macro invocations are gone
time: 0.000; rss: 40MB	checking for inline asm in case the target doesn't support it
time: 0.000; rss: 40MB	complete gated feature checking 2
time: 0.003; rss: 40MB	assigning node ids and indexing ast
time: 0.000; rss: 40MB	external crate/lib resolution
time: 0.000; rss: 40MB	language item collection
time: 0.007; rss: 49MB	resolution
time: 0.000; rss: 49MB	lifetime resolution
time: 0.000; rss: 49MB	looking for entry point
time: 0.000; rss: 49MB	looking for plugin registrar
time: 0.001; rss: 49MB	region resolution
time: 0.000; rss: 49MB	loop checking
time: 0.000; rss: 49MB	static item recursion checking
time: 0.003; rss: 49MB	type collecting
time: 0.000; rss: 49MB	variance inference
time: 0.033; rss: 64MB	coherence checking
time: 0.006; rss: 64MB	wf checking (old)
time: 0.015; rss: 68MB	item-types checking
time: 0.244; rss: 78MB	item-bodies checking
time: 0.000; rss: 78MB	drop-impl checking
time: 0.014; rss: 78MB	wf checking (new)
time: 0.009; rss: 78MB	const checking
time: 0.001; rss: 78MB	privacy checking
time: 0.000; rss: 78MB	stability index
time: 0.001; rss: 78MB	intrinsic checking
time: 0.000; rss: 78MB	effect checking
time: 0.001; rss: 78MB	match checking
time: 0.001; rss: 78MB	liveness checking
time: 0.019; rss: 80MB	borrow checking
time: 0.007; rss: 80MB	rvalue checking
time: 0.000; rss: 80MB	reachability checking
time: 0.001; rss: 80MB	death checking
time: 0.001; rss: 80MB	stability checking
time: 0.000; rss: 80MB	unused lib feature checking
time: 0.017; rss: 84MB	lint checking
time: 0.000; rss: 84MB	resolving dependency formats
time: 0.128; rss: 101MB	translation
  time: 0.022; rss: 81MB	llvm function passes
  time: 0.148; rss: 81MB	llvm module passes
  time: 0.052; rss: 85MB	codegen passes
  time: 0.000; rss: 85MB	codegen passes
time: 0.226; rss: 84MB	LLVM passes
time: 0.003; rss: 85MB	linking
rustc: x86_64-unknown-linux-gnu/stage2/lib/rustlib/x86_64-unknown-linux-gnu/lib/liballoc_system
time: 0.001; rss: 29MB	parsing
time: 0.000; rss: 29MB	configuration 1
time: 0.000; rss: 33MB	recursion limit
time: 0.000; rss: 33MB	gated macro checking
time: 0.000; rss: 33MB	crate injection
time: 0.001; rss: 33MB	macro loading
time: 0.000; rss: 33MB	plugin loading
time: 0.000; rss: 33MB	plugin registration
time: 0.001; rss: 33MB	expansion
time: 0.000; rss: 33MB	complete gated feature checking 1
time: 0.000; rss: 33MB	configuration 2
time: 0.000; rss: 33MB	gated configuration checking
time: 0.000; rss: 33MB	maybe building test harness
time: 0.000; rss: 33MB	prelude injection
time: 0.000; rss: 33MB	checking that all macro invocations are gone
time: 0.000; rss: 33MB	checking for inline asm in case the target doesn't support it
time: 0.000; rss: 33MB	complete gated feature checking 2
time: 0.000; rss: 33MB	assigning node ids and indexing ast
time: 0.000; rss: 33MB	external crate/lib resolution
time: 0.000; rss: 33MB	language item collection
time: 0.002; rss: 37MB	resolution
time: 0.000; rss: 37MB	lifetime resolution
time: 0.000; rss: 37MB	looking for entry point
time: 0.000; rss: 37MB	looking for plugin registrar
time: 0.000; rss: 37MB	region resolution
time: 0.000; rss: 37MB	loop checking
time: 0.000; rss: 37MB	static item recursion checking
time: 0.000; rss: 37MB	type collecting
time: 0.000; rss: 37MB	variance inference
time: 0.002; rss: 42MB	coherence checking
time: 0.000; rss: 42MB	wf checking (old)
time: 0.000; rss: 42MB	item-types checking
time: 0.012; rss: 48MB	item-bodies checking
time: 0.000; rss: 48MB	drop-impl checking
time: 0.000; rss: 48MB	wf checking (new)
time: 0.000; rss: 48MB	const checking
time: 0.000; rss: 48MB	privacy checking
time: 0.000; rss: 48MB	stability index
time: 0.000; rss: 48MB	intrinsic checking
time: 0.000; rss: 48MB	effect checking
time: 0.000; rss: 48MB	match checking
time: 0.000; rss: 48MB	liveness checking
time: 0.000; rss: 48MB	borrow checking
time: 0.000; rss: 48MB	rvalue checking
time: 0.000; rss: 48MB	reachability checking
time: 0.000; rss: 48MB	death checking
time: 0.000; rss: 48MB	stability checking
time: 0.000; rss: 48MB	unused lib feature checking
time: 0.000; rss: 48MB	lint checking
time: 0.000; rss: 48MB	resolving dependency formats
time: 0.004; rss: 63MB	translation
  time: 0.001; rss: 63MB	llvm function passes
  time: 0.003; rss: 63MB	llvm module passes
  time: 0.003; rss: 68MB	codegen passes
  time: 0.000; rss: 68MB	codegen passes
time: 0.008; rss: 68MB	LLVM passes
time: 0.001; rss: 68MB	linking
rustc: x86_64-unknown-linux-gnu/stage2/lib/rustlib/x86_64-unknown-linux-gnu/lib/liballoc
time: 0.009; rss: 32MB	parsing
time: 0.003; rss: 35MB	configuration 1
time: 0.000; rss: 35MB	recursion limit
time: 0.000; rss: 35MB	gated macro checking
time: 0.000; rss: 35MB	crate injection
time: 0.001; rss: 36MB	macro loading
time: 0.000; rss: 36MB	plugin loading
time: 0.000; rss: 36MB	plugin registration
time: 0.011; rss: 37MB	expansion
time: 0.000; rss: 37MB	complete gated feature checking 1
time: 0.003; rss: 37MB	configuration 2
time: 0.000; rss: 37MB	gated configuration checking
time: 0.001; rss: 37MB	maybe building test harness
time: 0.001; rss: 37MB	prelude injection
time: 0.000; rss: 37MB	checking that all macro invocations are gone
time: 0.000; rss: 37MB	checking for inline asm in case the target doesn't support it
time: 0.000; rss: 37MB	complete gated feature checking 2
time: 0.001; rss: 37MB	assigning node ids and indexing ast
time: 0.000; rss: 37MB	external crate/lib resolution
time: 0.000; rss: 37MB	language item collection
time: 0.008; rss: 51MB	resolution
time: 0.000; rss: 51MB	lifetime resolution
time: 0.000; rss: 51MB	looking for entry point
time: 0.000; rss: 51MB	looking for plugin registrar
time: 0.000; rss: 51MB	region resolution
time: 0.000; rss: 51MB	loop checking
time: 0.000; rss: 51MB	static item recursion checking
time: 0.003; rss: 53MB	type collecting
time: 0.000; rss: 53MB	variance inference
time: 0.045; rss: 69MB	coherence checking
time: 0.005; rss: 69MB	wf checking (old)
time: 0.004; rss: 69MB	item-types checking
time: 0.072; rss: 71MB	item-bodies checking
time: 0.000; rss: 71MB	drop-impl checking
time: 0.008; rss: 71MB	wf checking (new)
time: 0.005; rss: 71MB	const checking
time: 0.001; rss: 71MB	privacy checking
time: 0.000; rss: 71MB	stability index
time: 0.000; rss: 71MB	intrinsic checking
time: 0.000; rss: 71MB	effect checking
time: 0.001; rss: 71MB	match checking
time: 0.000; rss: 71MB	liveness checking
time: 0.008; rss: 71MB	borrow checking
time: 0.004; rss: 71MB	rvalue checking
time: 0.000; rss: 71MB	reachability checking
time: 0.001; rss: 71MB	death checking
time: 0.001; rss: 71MB	stability checking
time: 0.000; rss: 71MB	unused lib feature checking
time: 0.006; rss: 71MB	lint checking
time: 0.000; rss: 71MB	resolving dependency formats
time: 0.047; rss: 87MB	translation
  time: 0.002; rss: 75MB	llvm function passes
  time: 0.007; rss: 76MB	llvm module passes
  time: 0.005; rss: 80MB	codegen passes
  time: 0.000; rss: 80MB	codegen passes
time: 0.016; rss: 80MB	LLVM passes
time: 0.001; rss: 80MB	linking
rustc: x86_64-unknown-linux-gnu/stage2/lib/rustlib/x86_64-unknown-linux-gnu/lib/librustc_unicode
time: 0.033; rss: 41MB	parsing
time: 0.006; rss: 41MB	configuration 1
time: 0.000; rss: 41MB	recursion limit
time: 0.000; rss: 41MB	gated macro checking
time: 0.000; rss: 41MB	crate injection
time: 0.001; rss: 42MB	macro loading
time: 0.000; rss: 42MB	plugin loading
time: 0.000; rss: 42MB	plugin registration
time: 0.053; rss: 44MB	expansion
time: 0.000; rss: 44MB	complete gated feature checking 1
time: 0.006; rss: 44MB	configuration 2
time: 0.000; rss: 44MB	gated configuration checking
time: 0.003; rss: 44MB	maybe building test harness
time: 0.003; rss: 44MB	prelude injection
time: 0.000; rss: 44MB	checking that all macro invocations are gone
time: 0.000; rss: 44MB	checking for inline asm in case the target doesn't support it
time: 0.000; rss: 44MB	complete gated feature checking 2
time: 0.003; rss: 45MB	assigning node ids and indexing ast
time: 0.000; rss: 45MB	external crate/lib resolution
time: 0.000; rss: 45MB	language item collection
time: 0.005; rss: 53MB	resolution
time: 0.000; rss: 53MB	lifetime resolution
time: 0.000; rss: 53MB	looking for entry point
time: 0.000; rss: 53MB	looking for plugin registrar
time: 0.002; rss: 56MB	region resolution
time: 0.000; rss: 56MB	loop checking
time: 0.000; rss: 56MB	static item recursion checking
time: 0.002; rss: 58MB	type collecting
time: 0.000; rss: 58MB	variance inference
time: 0.041; rss: 70MB	coherence checking
time: 0.004; rss: 70MB	wf checking (old)
time: 0.048; rss: 72MB	item-types checking
time: 0.040; rss: 77MB	item-bodies checking
time: 0.000; rss: 77MB	drop-impl checking
time: 0.003; rss: 77MB	wf checking (new)
time: 0.011; rss: 77MB	const checking
time: 0.001; rss: 79MB	privacy checking
time: 0.000; rss: 79MB	stability index
time: 0.000; rss: 79MB	intrinsic checking
time: 0.000; rss: 79MB	effect checking
time: 0.001; rss: 79MB	match checking
time: 0.000; rss: 79MB	liveness checking
time: 0.003; rss: 79MB	borrow checking
time: 0.002; rss: 79MB	rvalue checking
time: 0.000; rss: 79MB	reachability checking
time: 0.001; rss: 79MB	death checking
time: 0.001; rss: 79MB	stability checking
time: 0.000; rss: 79MB	unused lib feature checking
time: 0.009; rss: 79MB	lint checking
time: 0.000; rss: 79MB	resolving dependency formats
time: 0.211; rss: 103MB	translation
  time: 0.015; rss: 78MB	llvm function passes
  time: 0.171; rss: 80MB	llvm module passes
  time: 0.073; rss: 83MB	codegen passes
  time: 0.001; rss: 82MB	codegen passes
time: 0.267; rss: 82MB	LLVM passes
time: 0.007; rss: 82MB	linking
rustc: x86_64-unknown-linux-gnu/stage2/lib/rustlib/x86_64-unknown-linux-gnu/lib/libcollections
time: 0.038; rss: 43MB	parsing
time: 0.014; rss: 43MB	configuration 1
time: 0.000; rss: 43MB	recursion limit
time: 0.001; rss: 43MB	gated macro checking
time: 0.000; rss: 43MB	crate injection
time: 0.001; rss: 43MB	macro loading
time: 0.000; rss: 43MB	plugin loading
time: 0.000; rss: 43MB	plugin registration
time: 0.089; rss: 48MB	expansion
time: 0.003; rss: 48MB	complete gated feature checking 1
time: 0.018; rss: 47MB	configuration 2
time: 0.000; rss: 47MB	gated configuration checking
time: 0.009; rss: 47MB	maybe building test harness
time: 0.009; rss: 47MB	prelude injection
time: 0.001; rss: 47MB	checking that all macro invocations are gone
time: 0.000; rss: 47MB	checking for inline asm in case the target doesn't support it
time: 0.002; rss: 47MB	complete gated feature checking 2
time: 0.010; rss: 48MB	assigning node ids and indexing ast
time: 0.001; rss: 48MB	external crate/lib resolution
time: 0.001; rss: 48MB	language item collection
time: 0.026; rss: 66MB	resolution
time: 0.001; rss: 64MB	lifetime resolution
time: 0.000; rss: 64MB	looking for entry point
time: 0.000; rss: 64MB	looking for plugin registrar
time: 0.004; rss: 65MB	region resolution
time: 0.001; rss: 65MB	loop checking
time: 0.000; rss: 65MB	static item recursion checking
time: 0.014; rss: 69MB	type collecting
time: 0.002; rss: 69MB	variance inference
time: 0.120; rss: 89MB	coherence checking
time: 0.043; rss: 89MB	wf checking (old)
time: 0.037; rss: 91MB	item-types checking
time: 1.184; rss: 116MB	item-bodies checking
time: 0.000; rss: 116MB	drop-impl checking
time: 0.102; rss: 116MB	wf checking (new)
time: 0.057; rss: 119MB	const checking
time: 0.007; rss: 119MB	privacy checking
time: 0.001; rss: 119MB	stability index
time: 0.006; rss: 119MB	intrinsic checking
time: 0.001; rss: 119MB	effect checking
time: 0.016; rss: 119MB	match checking
time: 0.005; rss: 119MB	liveness checking
time: 0.115; rss: 119MB	borrow checking
time: 0.096; rss: 119MB	rvalue checking
time: 0.003; rss: 119MB	reachability checking
time: 0.006; rss: 119MB	death checking
time: 0.008; rss: 119MB	stability checking
time: 0.000; rss: 119MB	unused lib feature checking
time: 0.115; rss: 119MB	lint checking
time: 0.000; rss: 119MB	resolving dependency formats
time: 0.452; rss: 153MB	translation
  time: 0.037; rss: 92MB	llvm function passes
  time: 0.417; rss: 94MB	llvm module passes
  time: 0.154; rss: 98MB	codegen passes
  time: 0.001; rss: 96MB	codegen passes
time: 0.618; rss: 96MB	LLVM passes
time: 0.013; rss: 97MB	linking
rustc: x86_64-unknown-linux-gnu/stage2/lib/rustlib/x86_64-unknown-linux-gnu/lib/liballoc_jemalloc
time: 0.000; rss: 29MB	parsing
time: 0.000; rss: 33MB	configuration 1
time: 0.000; rss: 33MB	recursion limit
time: 0.000; rss: 33MB	gated macro checking
time: 0.000; rss: 33MB	crate injection
time: 0.001; rss: 33MB	macro loading
time: 0.000; rss: 33MB	plugin loading
time: 0.000; rss: 33MB	plugin registration
time: 0.001; rss: 33MB	expansion
time: 0.000; rss: 33MB	complete gated feature checking 1
time: 0.000; rss: 33MB	configuration 2
time: 0.000; rss: 33MB	gated configuration checking
time: 0.000; rss: 33MB	maybe building test harness
time: 0.000; rss: 33MB	prelude injection
time: 0.000; rss: 33MB	checking that all macro invocations are gone
time: 0.000; rss: 33MB	checking for inline asm in case the target doesn't support it
time: 0.000; rss: 33MB	complete gated feature checking 2
time: 0.000; rss: 33MB	assigning node ids and indexing ast
time: 0.000; rss: 33MB	external crate/lib resolution
time: 0.000; rss: 33MB	language item collection
time: 0.002; rss: 38MB	resolution
time: 0.000; rss: 38MB	lifetime resolution
time: 0.000; rss: 38MB	looking for entry point
time: 0.000; rss: 38MB	looking for plugin registrar
time: 0.000; rss: 38MB	region resolution
time: 0.000; rss: 38MB	loop checking
time: 0.000; rss: 38MB	static item recursion checking
time: 0.000; rss: 38MB	type collecting
time: 0.000; rss: 38MB	variance inference
time: 0.002; rss: 42MB	coherence checking
time: 0.000; rss: 42MB	wf checking (old)
time: 0.000; rss: 42MB	item-types checking
time: 0.011; rss: 48MB	item-bodies checking
time: 0.000; rss: 48MB	drop-impl checking
time: 0.000; rss: 48MB	wf checking (new)
time: 0.000; rss: 48MB	const checking
time: 0.000; rss: 48MB	privacy checking
time: 0.000; rss: 48MB	stability index
time: 0.000; rss: 48MB	intrinsic checking
time: 0.000; rss: 48MB	effect checking
time: 0.000; rss: 48MB	match checking
time: 0.000; rss: 48MB	liveness checking
time: 0.000; rss: 48MB	borrow checking
time: 0.000; rss: 48MB	rvalue checking
time: 0.000; rss: 48MB	reachability checking
time: 0.000; rss: 48MB	death checking
time: 0.000; rss: 48MB	stability checking
time: 0.000; rss: 48MB	unused lib feature checking
time: 0.000; rss: 48MB	lint checking
time: 0.000; rss: 48MB	resolving dependency formats
time: 0.004; rss: 63MB	translation
  time: 0.001; rss: 64MB	llvm function passes
  time: 0.002; rss: 64MB	llvm module passes
  time: 0.003; rss: 68MB	codegen passes
  time: 0.000; rss: 68MB	codegen passes
time: 0.007; rss: 68MB	LLVM passes
time: 0.002; rss: 69MB	linking
rustc: x86_64-unknown-linux-gnu/stage2/lib/rustlib/x86_64-unknown-linux-gnu/lib/libstd
time: 0.147; rss: 75MB	parsing
time: 0.049; rss: 73MB	configuration 1
time: 0.000; rss: 73MB	recursion limit
time: 0.003; rss: 73MB	gated macro checking
time: 0.000; rss: 73MB	crate injection
time: 0.004; rss: 74MB	macro loading
time: 0.000; rss: 74MB	plugin loading
time: 0.000; rss: 74MB	plugin registration
time: 0.236; rss: 70MB	expansion
time: 0.008; rss: 70MB	complete gated feature checking 1
time: 0.047; rss: 71MB	configuration 2
time: 0.000; rss: 71MB	gated configuration checking
time: 0.024; rss: 71MB	maybe building test harness
time: 0.023; rss: 71MB	prelude injection
time: 0.003; rss: 71MB	checking that all macro invocations are gone
time: 0.000; rss: 71MB	checking for inline asm in case the target doesn't support it
time: 0.008; rss: 71MB	complete gated feature checking 2
time: 0.028; rss: 73MB	assigning node ids and indexing ast
time: 0.005; rss: 73MB	external crate/lib resolution
time: 0.005; rss: 73MB	language item collection
time: 0.069; rss: 106MB	resolution
time: 0.006; rss: 104MB	lifetime resolution
time: 0.000; rss: 104MB	looking for entry point
time: 0.003; rss: 104MB	looking for plugin registrar
time: 0.015; rss: 109MB	region resolution
time: 0.003; rss: 109MB	loop checking
time: 0.003; rss: 109MB	static item recursion checking
time: 0.029; rss: 113MB	type collecting
time: 0.007; rss: 114MB	variance inference
time: 0.120; rss: 140MB	coherence checking
time: 0.040; rss: 142MB	wf checking (old)
time: 0.071; rss: 142MB	item-types checking
time: 1.153; rss: 177MB	item-bodies checking
time: 0.000; rss: 177MB	drop-impl checking
time: 0.111; rss: 177MB	wf checking (new)
time: 0.110; rss: 177MB	const checking
time: 0.030; rss: 177MB	privacy checking
time: 0.002; rss: 177MB	stability index
time: 0.010; rss: 177MB	intrinsic checking
time: 0.005; rss: 177MB	effect checking
time: 0.025; rss: 177MB	match checking
time: 0.013; rss: 177MB	liveness checking
time: 0.194; rss: 177MB	borrow checking
time: 0.136; rss: 177MB	rvalue checking
time: 0.009; rss: 177MB	reachability checking
time: 0.020; rss: 177MB	death checking
time: 0.022; rss: 177MB	stability checking
time: 0.000; rss: 177MB	unused lib feature checking
time: 0.091; rss: 177MB	lint checking
time: 0.000; rss: 177MB	resolving dependency formats
time: 1.298; rss: 262MB	translation
  time: 0.319; rss: 157MB	llvm function passes
  time: 4.126; rss: 164MB	llvm module passes
  time: 1.746; rss: 168MB	codegen passes
  time: 0.002; rss: 157MB	codegen passes
time: 6.312; rss: 157MB	LLVM passes
  time: 0.001; rss: 157MB	altering collections-a5fc0d6c.rlib
  time: 0.000; rss: 157MB	altering alloc-a5fc0d6c.rlib
  time: 0.000; rss: 157MB	altering rustc_unicode-a5fc0d6c.rlib
  time: 0.001; rss: 157MB	altering alloc_jemalloc-a5fc0d6c.rlib
  time: 0.000; rss: 157MB	altering libc-a5fc0d6c.rlib
  time: 0.000; rss: 157MB	altering rand-a5fc0d6c.rlib
  time: 0.001; rss: 157MB	altering core-a5fc0d6c.rlib
  time: 0.145; rss: 164MB	running linker
time: 0.223; rss: 159MB	linking
rustc: x86_64-unknown-linux-gnu/stage2/lib/rustlib/x86_64-unknown-linux-gnu/lib/libflate
time: 0.001; rss: 29MB	parsing
time: 0.000; rss: 33MB	configuration 1
time: 0.000; rss: 33MB	recursion limit
time: 0.000; rss: 33MB	gated macro checking
time: 0.000; rss: 33MB	crate injection
time: 0.002; rss: 35MB	macro loading
time: 0.000; rss: 35MB	plugin loading
time: 0.000; rss: 35MB	plugin registration
time: 0.002; rss: 35MB	expansion
time: 0.000; rss: 35MB	complete gated feature checking 1
time: 0.000; rss: 35MB	configuration 2
time: 0.000; rss: 35MB	gated configuration checking
time: 0.000; rss: 35MB	maybe building test harness
time: 0.000; rss: 35MB	prelude injection
time: 0.000; rss: 35MB	checking that all macro invocations are gone
time: 0.000; rss: 35MB	checking for inline asm in case the target doesn't support it
time: 0.000; rss: 35MB	complete gated feature checking 2
time: 0.000; rss: 35MB	assigning node ids and indexing ast
time: 0.001; rss: 38MB	external crate/lib resolution
time: 0.000; rss: 38MB	language item collection
time: 0.005; rss: 46MB	resolution
time: 0.000; rss: 46MB	lifetime resolution
time: 0.000; rss: 46MB	looking for entry point
time: 0.000; rss: 46MB	looking for plugin registrar
time: 0.000; rss: 46MB	region resolution
time: 0.000; rss: 46MB	loop checking
time: 0.000; rss: 46MB	static item recursion checking
time: 0.001; rss: 50MB	type collecting
time: 0.000; rss: 50MB	variance inference
time: 0.030; rss: 76MB	coherence checking
time: 0.001; rss: 76MB	wf checking (old)
time: 0.001; rss: 76MB	item-types checking
time: 0.016; rss: 78MB	item-bodies checking
time: 0.000; rss: 78MB	drop-impl checking
time: 0.001; rss: 78MB	wf checking (new)
time: 0.000; rss: 78MB	const checking
time: 0.000; rss: 78MB	privacy checking
time: 0.000; rss: 78MB	stability index
time: 0.000; rss: 78MB	intrinsic checking
time: 0.000; rss: 78MB	effect checking
time: 0.000; rss: 78MB	match checking
time: 0.000; rss: 78MB	liveness checking
time: 0.001; rss: 82MB	borrow checking
time: 0.000; rss: 82MB	rvalue checking
time: 0.000; rss: 82MB	reachability checking
time: 0.000; rss: 82MB	death checking
time: 0.000; rss: 82MB	stability checking
time: 0.000; rss: 82MB	unused lib feature checking
time: 0.001; rss: 82MB	lint checking
time: 0.001; rss: 82MB	resolving dependency formats
time: 0.017; rss: 93MB	translation
  time: 0.003; rss: 88MB	llvm function passes
  time: 0.007; rss: 89MB	llvm module passes
  time: 0.007; rss: 93MB	codegen passes
  time: 0.000; rss: 93MB	codegen passes
time: 0.018; rss: 93MB	LLVM passes
  time: 0.021; rss: 99MB	running linker
time: 0.023; rss: 97MB	linking
rustc: x86_64-unknown-linux-gnu/stage2/lib/rustlib/x86_64-unknown-linux-gnu/lib/libarena
time: 0.002; rss: 29MB	parsing
time: 0.001; rss: 33MB	configuration 1
time: 0.000; rss: 33MB	recursion limit
time: 0.000; rss: 33MB	gated macro checking
time: 0.000; rss: 33MB	crate injection
time: 0.002; rss: 36MB	macro loading
time: 0.000; rss: 36MB	plugin loading
time: 0.000; rss: 36MB	plugin registration
time: 0.003; rss: 38MB	expansion
time: 0.000; rss: 38MB	complete gated feature checking 1
time: 0.001; rss: 38MB	configuration 2
time: 0.000; rss: 38MB	gated configuration checking
time: 0.000; rss: 38MB	maybe building test harness
time: 0.000; rss: 38MB	prelude injection
time: 0.000; rss: 38MB	checking that all macro invocations are gone
time: 0.000; rss: 38MB	checking for inline asm in case the target doesn't support it
time: 0.000; rss: 38MB	complete gated feature checking 2
time: 0.000; rss: 38MB	assigning node ids and indexing ast
time: 0.001; rss: 38MB	external crate/lib resolution
time: 0.000; rss: 38MB	language item collection
time: 0.003; rss: 45MB	resolution
time: 0.000; rss: 45MB	lifetime resolution
time: 0.000; rss: 45MB	looking for entry point
time: 0.000; rss: 45MB	looking for plugin registrar
time: 0.000; rss: 45MB	region resolution
time: 0.000; rss: 45MB	loop checking
time: 0.000; rss: 45MB	static item recursion checking
time: 0.001; rss: 48MB	type collecting
time: 0.000; rss: 48MB	variance inference
time: 0.020; rss: 68MB	coherence checking
time: 0.001; rss: 68MB	wf checking (old)
time: 0.000; rss: 68MB	item-types checking
time: 0.084; rss: 90MB	item-bodies checking
time: 0.000; rss: 90MB	drop-impl checking
time: 0.001; rss: 90MB	wf checking (new)
time: 0.002; rss: 90MB	const checking
time: 0.000; rss: 90MB	privacy checking
time: 0.000; rss: 90MB	stability index
time: 0.000; rss: 90MB	intrinsic checking
time: 0.000; rss: 90MB	effect checking
time: 0.000; rss: 90MB	match checking
time: 0.000; rss: 90MB	liveness checking
time: 0.002; rss: 90MB	borrow checking
time: 0.001; rss: 90MB	rvalue checking
time: 0.000; rss: 90MB	reachability checking
time: 0.000; rss: 90MB	death checking
time: 0.000; rss: 90MB	stability checking
time: 0.000; rss: 90MB	unused lib feature checking
time: 0.004; rss: 90MB	lint checking
time: 0.001; rss: 90MB	resolving dependency formats
time: 0.048; rss: 107MB	translation
  time: 0.010; rss: 89MB	llvm function passes
  time: 0.074; rss: 90MB	llvm module passes
  time: 0.028; rss: 94MB	codegen passes
  time: 0.000; rss: 94MB	codegen passes
time: 0.115; rss: 94MB	LLVM passes
  time: 0.016; rss: 100MB	running linker
time: 0.018; rss: 98MB	linking
rustc: x86_64-unknown-linux-gnu/stage2/lib/rustlib/x86_64-unknown-linux-gnu/lib/liblog
time: 0.002; rss: 29MB	parsing
time: 0.001; rss: 33MB	configuration 1
time: 0.000; rss: 33MB	recursion limit
time: 0.000; rss: 33MB	gated macro checking
time: 0.000; rss: 33MB	crate injection
time: 0.002; rss: 35MB	macro loading
time: 0.000; rss: 35MB	plugin loading
time: 0.000; rss: 35MB	plugin registration
time: 0.005; rss: 35MB	expansion
time: 0.000; rss: 35MB	complete gated feature checking 1
time: 0.001; rss: 35MB	configuration 2
time: 0.000; rss: 35MB	gated configuration checking
time: 0.000; rss: 35MB	maybe building test harness
time: 0.000; rss: 35MB	prelude injection
time: 0.000; rss: 35MB	checking that all macro invocations are gone
time: 0.000; rss: 35MB	checking for inline asm in case the target doesn't support it
time: 0.000; rss: 35MB	complete gated feature checking 2
time: 0.000; rss: 35MB	assigning node ids and indexing ast
time: 0.001; rss: 35MB	external crate/lib resolution
time: 0.000; rss: 35MB	language item collection
time: 0.004; rss: 50MB	resolution
time: 0.000; rss: 50MB	lifetime resolution
time: 0.000; rss: 50MB	looking for entry point
time: 0.000; rss: 50MB	looking for plugin registrar
time: 0.000; rss: 50MB	region resolution
time: 0.000; rss: 50MB	loop checking
time: 0.000; rss: 50MB	static item recursion checking
time: 0.002; rss: 50MB	type collecting
time: 0.000; rss: 50MB	variance inference
time: 0.026; rss: 74MB	coherence checking
time: 0.001; rss: 74MB	wf checking (old)
time: 0.002; rss: 74MB	item-types checking
time: 0.094; rss: 93MB	item-bodies checking
time: 0.000; rss: 93MB	drop-impl checking
time: 0.001; rss: 93MB	wf checking (new)
time: 0.005; rss: 93MB	const checking
time: 0.000; rss: 93MB	privacy checking
time: 0.000; rss: 93MB	stability index
time: 0.000; rss: 93MB	intrinsic checking
time: 0.000; rss: 93MB	effect checking
time: 0.000; rss: 93MB	match checking
time: 0.000; rss: 93MB	liveness checking
time: 0.002; rss: 93MB	borrow checking
time: 0.001; rss: 93MB	rvalue checking
time: 0.000; rss: 93MB	reachability checking
time: 0.000; rss: 93MB	death checking
time: 0.001; rss: 93MB	stability checking
time: 0.000; rss: 93MB	unused lib feature checking
time: 0.002; rss: 93MB	lint checking
time: 0.001; rss: 93MB	resolving dependency formats
time: 0.111; rss: 119MB	translation
  time: 0.029; rss: 95MB	llvm function passes
  time: 0.425; rss: 98MB	llvm module passes
  time: 0.097; rss: 101MB	codegen passes
  time: 0.000; rss: 101MB	codegen passes
time: 0.558; rss: 101MB	LLVM passes
  time: 0.019; rss: 107MB	running linker
time: 0.024; rss: 105MB	linking
rustc: x86_64-unknown-linux-gnu/stage2/lib/rustlib/x86_64-unknown-linux-gnu/lib/libterm
time: 0.008; rss: 35MB	parsing
time: 0.002; rss: 35MB	configuration 1
time: 0.000; rss: 35MB	recursion limit
time: 0.000; rss: 35MB	gated macro checking
time: 0.000; rss: 35MB	crate injection
time: 0.003; rss: 38MB	macro loading
time: 0.000; rss: 38MB	plugin loading
time: 0.000; rss: 38MB	plugin registration
time: 0.020; rss: 40MB	expansion
time: 0.000; rss: 40MB	complete gated feature checking 1
time: 0.003; rss: 40MB	configuration 2
time: 0.000; rss: 40MB	gated configuration checking
time: 0.001; rss: 40MB	maybe building test harness
time: 0.001; rss: 40MB	prelude injection
time: 0.000; rss: 40MB	checking that all macro invocations are gone
time: 0.000; rss: 40MB	checking for inline asm in case the target doesn't support it
time: 0.000; rss: 40MB	complete gated feature checking 2
time: 0.002; rss: 40MB	assigning node ids and indexing ast
time: 0.001; rss: 40MB	external crate/lib resolution
time: 0.000; rss: 40MB	language item collection
time: 0.007; rss: 54MB	resolution
time: 0.000; rss: 54MB	lifetime resolution
time: 0.000; rss: 54MB	looking for entry point
time: 0.000; rss: 54MB	looking for plugin registrar
time: 0.001; rss: 54MB	region resolution
time: 0.000; rss: 54MB	loop checking
time: 0.000; rss: 54MB	static item recursion checking
time: 0.002; rss: 54MB	type collecting
time: 0.000; rss: 54MB	variance inference
time: 0.024; rss: 76MB	coherence checking
time: 0.002; rss: 76MB	wf checking (old)
time: 0.016; rss: 79MB	item-types checking
time: 0.192; rss: 105MB	item-bodies checking
time: 0.000; rss: 105MB	drop-impl checking
time: 0.003; rss: 105MB	wf checking (new)
time: 0.007; rss: 105MB	const checking
time: 0.001; rss: 105MB	privacy checking
time: 0.000; rss: 105MB	stability index
time: 0.000; rss: 105MB	intrinsic checking
time: 0.000; rss: 105MB	effect checking
time: 0.001; rss: 105MB	match checking
time: 0.001; rss: 105MB	liveness checking
time: 0.011; rss: 105MB	borrow checking
time: 0.004; rss: 105MB	rvalue checking
time: 0.000; rss: 105MB	reachability checking
time: 0.001; rss: 105MB	death checking
time: 0.002; rss: 105MB	stability checking
time: 0.000; rss: 105MB	unused lib feature checking
time: 0.006; rss: 105MB	lint checking
time: 0.001; rss: 105MB	resolving dependency formats
time: 0.257; rss: 140MB	translation
  time: 0.078; rss: 105MB	llvm function passes
  time: 1.274; rss: 109MB	llvm module passes
  time: 0.489; rss: 118MB	codegen passes
  time: 0.001; rss: 117MB	codegen passes
time: 1.867; rss: 117MB	LLVM passes
  time: 0.028; rss: 119MB	running linker
time: 0.045; rss: 119MB	linking
rustc: x86_64-unknown-linux-gnu/stage2/lib/rustlib/x86_64-unknown-linux-gnu/lib/libserialize
time: 0.018; rss: 39MB	parsing
time: 0.006; rss: 38MB	configuration 1
time: 0.000; rss: 38MB	recursion limit
time: 0.000; rss: 38MB	gated macro checking
time: 0.000; rss: 38MB	crate injection
time: 0.003; rss: 40MB	macro loading
time: 0.000; rss: 40MB	plugin loading
time: 0.000; rss: 40MB	plugin registration
time: 0.074; rss: 45MB	expansion
time: 0.001; rss: 45MB	complete gated feature checking 1
time: 0.013; rss: 45MB	configuration 2
time: 0.000; rss: 45MB	gated configuration checking
time: 0.007; rss: 45MB	maybe building test harness
time: 0.006; rss: 45MB	prelude injection
time: 0.000; rss: 45MB	checking that all macro invocations are gone
time: 0.000; rss: 45MB	checking for inline asm in case the target doesn't support it
time: 0.001; rss: 45MB	complete gated feature checking 2
time: 0.008; rss: 48MB	assigning node ids and indexing ast
time: 0.002; rss: 48MB	external crate/lib resolution
time: 0.001; rss: 48MB	language item collection
time: 0.024; rss: 68MB	resolution
time: 0.001; rss: 69MB	lifetime resolution
time: 0.000; rss: 69MB	looking for entry point
time: 0.000; rss: 69MB	looking for plugin registrar
time: 0.004; rss: 71MB	region resolution
time: 0.001; rss: 71MB	loop checking
time: 0.000; rss: 71MB	static item recursion checking
time: 0.008; rss: 73MB	type collecting
time: 0.001; rss: 73MB	variance inference
time: 0.083; rss: 106MB	coherence checking
time: 0.015; rss: 106MB	wf checking (old)
time: 0.020; rss: 106MB	item-types checking
time: 0.855; rss: 129MB	item-bodies checking
time: 0.000; rss: 129MB	drop-impl checking
time: 0.053; rss: 129MB	wf checking (new)
time: 0.121; rss: 129MB	const checking
time: 0.005; rss: 129MB	privacy checking
time: 0.000; rss: 129MB	stability index
time: 0.003; rss: 129MB	intrinsic checking
time: 0.001; rss: 129MB	effect checking
time: 0.013; rss: 129MB	match checking
time: 0.005; rss: 129MB	liveness checking
time: 0.238; rss: 129MB	borrow checking
time: 0.166; rss: 129MB	rvalue checking
time: 0.002; rss: 129MB	reachability checking
time: 0.005; rss: 129MB	death checking
time: 0.007; rss: 129MB	stability checking
time: 0.000; rss: 129MB	unused lib feature checking
time: 0.029; rss: 129MB	lint checking
time: 0.001; rss: 129MB	resolving dependency formats
time: 0.455; rss: 174MB	translation
  time: 0.102; rss: 114MB	llvm function passes
  time: 2.733; rss: 127MB	llvm module passes
  time: 0.553; rss: 131MB	codegen passes
  time: 0.001; rss: 131MB	codegen passes
time: 3.422; rss: 131MB	LLVM passes
  time: 0.027; rss: 133MB	running linker
time: 0.049; rss: 131MB	linking
rustc: x86_64-unknown-linux-gnu/stage2/lib/rustlib/x86_64-unknown-linux-gnu/lib/libgetopts
time: 0.005; rss: 35MB	parsing
time: 0.001; rss: 35MB	configuration 1
time: 0.000; rss: 35MB	recursion limit
time: 0.000; rss: 35MB	gated macro checking
time: 0.000; rss: 35MB	crate injection
time: 0.002; rss: 37MB	macro loading
time: 0.000; rss: 37MB	plugin loading
time: 0.000; rss: 37MB	plugin registration
time: 0.012; rss: 39MB	expansion
time: 0.000; rss: 39MB	complete gated feature checking 1
time: 0.002; rss: 39MB	configuration 2
time: 0.000; rss: 39MB	gated configuration checking
time: 0.001; rss: 39MB	maybe building test harness
time: 0.001; rss: 39MB	prelude injection
time: 0.000; rss: 39MB	checking that all macro invocations are gone
time: 0.000; rss: 39MB	checking for inline asm in case the target doesn't support it
time: 0.000; rss: 39MB	complete gated feature checking 2
time: 0.001; rss: 39MB	assigning node ids and indexing ast
time: 0.001; rss: 39MB	external crate/lib resolution
time: 0.000; rss: 39MB	language item collection
time: 0.005; rss: 48MB	resolution
time: 0.000; rss: 49MB	lifetime resolution
time: 0.000; rss: 49MB	looking for entry point
time: 0.000; rss: 49MB	looking for plugin registrar
time: 0.001; rss: 49MB	region resolution
time: 0.000; rss: 49MB	loop checking
time: 0.000; rss: 49MB	static item recursion checking
time: 0.001; rss: 50MB	type collecting
time: 0.000; rss: 50MB	variance inference
time: 0.025; rss: 71MB	coherence checking
time: 0.001; rss: 71MB	wf checking (old)
time: 0.002; rss: 71MB	item-types checking
time: 0.137; rss: 96MB	item-bodies checking
time: 0.000; rss: 96MB	drop-impl checking
time: 0.003; rss: 96MB	wf checking (new)
time: 0.004; rss: 96MB	const checking
time: 0.001; rss: 96MB	privacy checking
time: 0.000; rss: 96MB	stability index
time: 0.000; rss: 96MB	intrinsic checking
time: 0.000; rss: 96MB	effect checking
time: 0.001; rss: 96MB	match checking
time: 0.001; rss: 96MB	liveness checking
time: 0.007; rss: 96MB	borrow checking
time: 0.003; rss: 96MB	rvalue checking
time: 0.000; rss: 96MB	reachability checking
time: 0.001; rss: 96MB	death checking
time: 0.001; rss: 96MB	stability checking
time: 0.000; rss: 96MB	unused lib feature checking
time: 0.005; rss: 96MB	lint checking
time: 0.001; rss: 96MB	resolving dependency formats
time: 0.190; rss: 124MB	translation
  time: 0.053; rss: 98MB	llvm function passes
  time: 0.950; rss: 102MB	llvm module passes
  time: 0.382; rss: 109MB	codegen passes
  time: 0.001; rss: 108MB	codegen passes
time: 1.404; rss: 108MB	LLVM passes
  time: 0.022; rss: 115MB	running linker
time: 0.034; rss: 112MB	linking
rustc: x86_64-unknown-linux-gnu/stage2/lib/rustlib/x86_64-unknown-linux-gnu/lib/librbml
time: 0.005; rss: 35MB	parsing
time: 0.002; rss: 35MB	configuration 1
time: 0.000; rss: 35MB	recursion limit
time: 0.000; rss: 35MB	gated macro checking
time: 0.000; rss: 35MB	crate injection
time: 0.003; rss: 36MB	macro loading
time: 0.000; rss: 36MB	plugin loading
time: 0.000; rss: 36MB	plugin registration
time: 0.021; rss: 40MB	expansion
time: 0.000; rss: 40MB	complete gated feature checking 1
time: 0.003; rss: 40MB	configuration 2
time: 0.000; rss: 40MB	gated configuration checking
time: 0.002; rss: 40MB	maybe building test harness
time: 0.002; rss: 40MB	prelude injection
time: 0.000; rss: 40MB	checking that all macro invocations are gone
time: 0.000; rss: 40MB	checking for inline asm in case the target doesn't support it
time: 0.000; rss: 40MB	complete gated feature checking 2
time: 0.002; rss: 40MB	assigning node ids and indexing ast
time: 0.002; rss: 40MB	external crate/lib resolution
time: 0.000; rss: 40MB	language item collection
time: 0.007; rss: 52MB	resolution
time: 0.000; rss: 52MB	lifetime resolution
time: 0.000; rss: 52MB	looking for entry point
time: 0.000; rss: 52MB	looking for plugin registrar
time: 0.001; rss: 52MB	region resolution
time: 0.000; rss: 52MB	loop checking
time: 0.000; rss: 52MB	static item recursion checking
time: 0.003; rss: 54MB	type collecting
time: 0.000; rss: 54MB	variance inference
time: 0.066; rss: 89MB	coherence checking
time: 0.002; rss: 89MB	wf checking (old)
time: 0.011; rss: 89MB	item-types checking
time: 0.151; rss: 101MB	item-bodies checking
time: 0.000; rss: 101MB	drop-impl checking
time: 0.008; rss: 103MB	wf checking (new)
time: 0.016; rss: 103MB	const checking
time: 0.001; rss: 103MB	privacy checking
time: 0.000; rss: 103MB	stability index
time: 0.001; rss: 103MB	intrinsic checking
time: 0.000; rss: 103MB	effect checking
time: 0.002; rss: 103MB	match checking
time: 0.001; rss: 103MB	liveness checking
time: 0.021; rss: 107MB	borrow checking
time: 0.014; rss: 107MB	rvalue checking
time: 0.000; rss: 107MB	reachability checking
time: 0.001; rss: 107MB	death checking
time: 0.002; rss: 107MB	stability checking
time: 0.000; rss: 107MB	unused lib feature checking
time: 0.007; rss: 107MB	lint checking
time: 0.001; rss: 107MB	resolving dependency formats
time: 0.099; rss: 126MB	translation
  time: 0.023; rss: 99MB	llvm function passes
  time: 0.216; rss: 101MB	llvm module passes
  time: 0.115; rss: 105MB	codegen passes
  time: 0.000; rss: 104MB	codegen passes
time: 0.361; rss: 104MB	LLVM passes
  time: 0.023; rss: 110MB	running linker
time: 0.029; rss: 108MB	linking
rustc: x86_64-unknown-linux-gnu/stage2/lib/rustlib/x86_64-unknown-linux-gnu/lib/libtest
time: 0.007; rss: 35MB	parsing
time: 0.002; rss: 35MB	configuration 1
time: 0.000; rss: 35MB	recursion limit
time: 0.000; rss: 35MB	gated macro checking
time: 0.000; rss: 35MB	crate injection
time: 0.002; rss: 37MB	macro loading
time: 0.000; rss: 37MB	plugin loading
time: 0.000; rss: 37MB	plugin registration
time: 0.017; rss: 39MB	expansion
time: 0.000; rss: 39MB	complete gated feature checking 1
time: 0.003; rss: 39MB	configuration 2
time: 0.000; rss: 39MB	gated configuration checking
time: 0.002; rss: 39MB	maybe building test harness
time: 0.001; rss: 39MB	prelude injection
time: 0.000; rss: 39MB	checking that all macro invocations are gone
time: 0.000; rss: 39MB	checking for inline asm in case the target doesn't support it
time: 0.000; rss: 39MB	complete gated feature checking 2
time: 0.002; rss: 40MB	assigning node ids and indexing ast
time: 0.002; rss: 40MB	external crate/lib resolution
time: 0.000; rss: 40MB	language item collection
time: 0.010; rss: 56MB	resolution
time: 0.000; rss: 56MB	lifetime resolution
time: 0.000; rss: 56MB	looking for entry point
time: 0.000; rss: 56MB	looking for plugin registrar
time: 0.001; rss: 56MB	region resolution
time: 0.000; rss: 56MB	loop checking
time: 0.000; rss: 56MB	static item recursion checking
time: 0.004; rss: 60MB	type collecting
time: 0.000; rss: 60MB	variance inference
time: 0.029; rss: 81MB	coherence checking
time: 0.002; rss: 81MB	wf checking (old)
time: 0.004; rss: 83MB	item-types checking
time: 0.205; rss: 108MB	item-bodies checking
time: 0.000; rss: 108MB	drop-impl checking
time: 0.006; rss: 108MB	wf checking (new)
time: 0.008; rss: 108MB	const checking
time: 0.001; rss: 108MB	privacy checking
time: 0.000; rss: 108MB	stability index
time: 0.000; rss: 108MB	intrinsic checking
time: 0.000; rss: 108MB	effect checking
time: 0.002; rss: 108MB	match checking
time: 0.001; rss: 108MB	liveness checking
time: 0.013; rss: 108MB	borrow checking
time: 0.007; rss: 108MB	rvalue checking
time: 0.000; rss: 108MB	reachability checking
time: 0.001; rss: 108MB	death checking
time: 0.002; rss: 108MB	stability checking
time: 0.000; rss: 108MB	unused lib feature checking
time: 0.008; rss: 108MB	lint checking
time: 0.001; rss: 108MB	resolving dependency formats
time: 0.441; rss: 153MB	translation
  time: 0.125; rss: 114MB	llvm function passes
  time: 2.669; rss: 119MB	llvm module passes
  time: 0.815; rss: 125MB	codegen passes
  time: 0.001; rss: 125MB	codegen passes
time: 3.660; rss: 125MB	LLVM passes
  time: 0.026; rss: 131MB	running linker
time: 0.057; rss: 128MB	linking
rustc: x86_64-unknown-linux-gnu/stage2/lib/rustlib/x86_64-unknown-linux-gnu/lib/libgraphviz
time: 0.002; rss: 30MB	parsing
time: 0.001; rss: 34MB	configuration 1
time: 0.000; rss: 34MB	recursion limit
time: 0.000; rss: 34MB	gated macro checking
time: 0.000; rss: 34MB	crate injection
time: 0.002; rss: 36MB	macro loading
time: 0.000; rss: 36MB	plugin loading
time: 0.000; rss: 36MB	plugin registration
time: 0.004; rss: 36MB	expansion
time: 0.000; rss: 36MB	complete gated feature checking 1
time: 0.001; rss: 36MB	configuration 2
time: 0.000; rss: 36MB	gated configuration checking
time: 0.000; rss: 36MB	maybe building test harness
time: 0.000; rss: 36MB	prelude injection
time: 0.000; rss: 36MB	checking that all macro invocations are gone
time: 0.000; rss: 36MB	checking for inline asm in case the target doesn't support it
time: 0.000; rss: 36MB	complete gated feature checking 2
time: 0.000; rss: 36MB	assigning node ids and indexing ast
time: 0.001; rss: 36MB	external crate/lib resolution
time: 0.000; rss: 36MB	language item collection
time: 0.004; rss: 47MB	resolution
time: 0.000; rss: 47MB	lifetime resolution
time: 0.000; rss: 47MB	looking for entry point
time: 0.000; rss: 47MB	looking for plugin registrar
time: 0.000; rss: 47MB	region resolution
time: 0.000; rss: 47MB	loop checking
time: 0.000; rss: 47MB	static item recursion checking
time: 0.001; rss: 51MB	type collecting
time: 0.000; rss: 51MB	variance inference
time: 0.024; rss: 68MB	coherence checking
time: 0.001; rss: 68MB	wf checking (old)
time: 0.001; rss: 68MB	item-types checking
time: 0.086; rss: 93MB	item-bodies checking
time: 0.000; rss: 93MB	drop-impl checking
time: 0.002; rss: 93MB	wf checking (new)
time: 0.002; rss: 93MB	const checking
time: 0.000; rss: 93MB	privacy checking
time: 0.000; rss: 93MB	stability index
time: 0.000; rss: 93MB	intrinsic checking
time: 0.000; rss: 93MB	effect checking
time: 0.001; rss: 93MB	match checking
time: 0.000; rss: 93MB	liveness checking
time: 0.003; rss: 93MB	borrow checking
time: 0.002; rss: 93MB	rvalue checking
time: 0.000; rss: 93MB	reachability checking
time: 0.000; rss: 93MB	death checking
time: 0.000; rss: 93MB	stability checking
time: 0.000; rss: 93MB	unused lib feature checking
time: 0.002; rss: 93MB	lint checking
time: 0.001; rss: 93MB	resolving dependency formats
time: 0.052; rss: 109MB	translation
  time: 0.011; rss: 90MB	llvm function passes
  time: 0.081; rss: 91MB	llvm module passes
  time: 0.025; rss: 96MB	codegen passes
  time: 0.000; rss: 95MB	codegen passes
time: 0.120; rss: 95MB	LLVM passes
  time: 0.019; rss: 101MB	running linker
time: 0.021; rss: 99MB	linking
rustc: x86_64-unknown-linux-gnu/stage2/lib/rustlib/x86_64-unknown-linux-gnu/lib/librustc_bitflags
time: 0.001; rss: 29MB	parsing
time: 0.000; rss: 29MB	configuration 1
time: 0.000; rss: 33MB	recursion limit
time: 0.000; rss: 33MB	gated macro checking
time: 0.000; rss: 33MB	crate injection
time: 0.001; rss: 33MB	macro loading
time: 0.000; rss: 33MB	plugin loading
time: 0.000; rss: 33MB	plugin registration
time: 0.001; rss: 35MB	expansion
time: 0.000; rss: 35MB	complete gated feature checking 1
time: 0.000; rss: 35MB	configuration 2
time: 0.000; rss: 35MB	gated configuration checking
time: 0.000; rss: 35MB	maybe building test harness
time: 0.000; rss: 35MB	prelude injection
time: 0.000; rss: 35MB	checking that all macro invocations are gone
time: 0.000; rss: 35MB	checking for inline asm in case the target doesn't support it
time: 0.000; rss: 35MB	complete gated feature checking 2
time: 0.000; rss: 35MB	assigning node ids and indexing ast
time: 0.000; rss: 35MB	external crate/lib resolution
time: 0.000; rss: 35MB	language item collection
time: 0.001; rss: 35MB	resolution
time: 0.000; rss: 35MB	lifetime resolution
time: 0.000; rss: 35MB	looking for entry point
time: 0.000; rss: 35MB	looking for plugin registrar
time: 0.000; rss: 35MB	region resolution
time: 0.000; rss: 35MB	loop checking
time: 0.000; rss: 35MB	static item recursion checking
time: 0.000; rss: 39MB	type collecting
time: 0.000; rss: 39MB	variance inference
time: 0.002; rss: 39MB	coherence checking
time: 0.000; rss: 39MB	wf checking (old)
time: 0.000; rss: 39MB	item-types checking
time: 0.000; rss: 39MB	item-bodies checking
time: 0.000; rss: 39MB	drop-impl checking
time: 0.000; rss: 39MB	wf checking (new)
time: 0.000; rss: 39MB	const checking
time: 0.000; rss: 42MB	privacy checking
time: 0.000; rss: 42MB	stability index
time: 0.000; rss: 42MB	intrinsic checking
time: 0.000; rss: 42MB	effect checking
time: 0.000; rss: 42MB	match checking
time: 0.000; rss: 42MB	liveness checking
time: 0.000; rss: 42MB	borrow checking
time: 0.000; rss: 42MB	rvalue checking
time: 0.000; rss: 42MB	reachability checking
time: 0.000; rss: 42MB	death checking
time: 0.000; rss: 42MB	stability checking
time: 0.000; rss: 42MB	unused lib feature checking
time: 0.000; rss: 42MB	lint checking
time: 0.000; rss: 42MB	resolving dependency formats
time: 0.002; rss: 51MB	translation
  time: 0.000; rss: 52MB	llvm function passes
  time: 0.000; rss: 52MB	llvm module passes
  time: 0.001; rss: 52MB	codegen passes
  time: 0.000; rss: 53MB	codegen passes
time: 0.002; rss: 53MB	LLVM passes
time: 0.001; rss: 53MB	linking
rustc: x86_64-unknown-linux-gnu/stage2/lib/rustlib/x86_64-unknown-linux-gnu/lib/libfmt_macros
time: 0.002; rss: 29MB	parsing
time: 0.000; rss: 33MB	configuration 1
time: 0.000; rss: 33MB	recursion limit
time: 0.000; rss: 33MB	gated macro checking
time: 0.000; rss: 33MB	crate injection
time: 0.002; rss: 36MB	macro loading
time: 0.000; rss: 36MB	plugin loading
time: 0.000; rss: 36MB	plugin registration
time: 0.005; rss: 37MB	expansion
time: 0.000; rss: 37MB	complete gated feature checking 1
time: 0.001; rss: 37MB	configuration 2
time: 0.000; rss: 37MB	gated configuration checking
time: 0.001; rss: 37MB	maybe building test harness
time: 0.000; rss: 37MB	prelude injection
time: 0.000; rss: 37MB	checking that all macro invocations are gone
time: 0.000; rss: 37MB	checking for inline asm in case the target doesn't support it
time: 0.000; rss: 37MB	complete gated feature checking 2
time: 0.001; rss: 37MB	assigning node ids and indexing ast
time: 0.001; rss: 37MB	external crate/lib resolution
time: 0.000; rss: 37MB	language item collection
time: 0.003; rss: 41MB	resolution
time: 0.000; rss: 41MB	lifetime resolution
time: 0.000; rss: 41MB	looking for entry point
time: 0.000; rss: 41MB	looking for plugin registrar
time: 0.000; rss: 43MB	region resolution
time: 0.000; rss: 43MB	loop checking
time: 0.000; rss: 43MB	static item recursion checking
time: 0.001; rss: 47MB	type collecting
time: 0.000; rss: 47MB	variance inference
time: 0.066; rss: 84MB	coherence checking
time: 0.002; rss: 86MB	wf checking (old)
time: 0.001; rss: 86MB	item-types checking
time: 0.039; rss: 88MB	item-bodies checking
time: 0.000; rss: 88MB	drop-impl checking
time: 0.001; rss: 88MB	wf checking (new)
time: 0.002; rss: 88MB	const checking
time: 0.000; rss: 88MB	privacy checking
time: 0.000; rss: 88MB	stability index
time: 0.000; rss: 88MB	intrinsic checking
time: 0.000; rss: 88MB	effect checking
time: 0.001; rss: 88MB	match checking
time: 0.000; rss: 88MB	liveness checking
time: 0.003; rss: 88MB	borrow checking
time: 0.001; rss: 88MB	rvalue checking
time: 0.000; rss: 88MB	reachability checking
time: 0.000; rss: 88MB	death checking
time: 0.000; rss: 88MB	stability checking
time: 0.000; rss: 88MB	unused lib feature checking
time: 0.002; rss: 88MB	lint checking
time: 0.001; rss: 88MB	resolving dependency formats
time: 0.067; rss: 111MB	translation
  time: 0.016; rss: 91MB	llvm function passes
  time: 0.253; rss: 95MB	llvm module passes
  time: 0.093; rss: 100MB	codegen passes
  time: 0.000; rss: 100MB	codegen passes
time: 0.368; rss: 100MB	LLVM passes
  time: 0.019; rss: 104MB	running linker
time: 0.024; rss: 104MB	linking
rustc: x86_64-unknown-linux-gnu/stage2/lib/rustlib/x86_64-unknown-linux-gnu/lib/libsyntax
time: 0.122; rss: 71MB	parsing
time: 0.045; rss: 71MB	configuration 1
time: 0.000; rss: 71MB	recursion limit
time: 0.004; rss: 71MB	gated macro checking
time: 0.000; rss: 71MB	crate injection
time: 0.006; rss: 73MB	macro loading
time: 0.000; rss: 73MB	plugin loading
time: 0.000; rss: 73MB	plugin registration
time: 0.622; rss: 107MB	expansion
time: 0.018; rss: 107MB	complete gated feature checking 1
time: 0.114; rss: 107MB	configuration 2
time: 0.000; rss: 107MB	gated configuration checking
time: 0.059; rss: 107MB	maybe building test harness
time: 0.054; rss: 107MB	prelude injection
time: 0.008; rss: 107MB	checking that all macro invocations are gone
time: 0.000; rss: 107MB	checking for inline asm in case the target doesn't support it
time: 0.018; rss: 107MB	complete gated feature checking 2
time: 0.071; rss: 117MB	assigning node ids and indexing ast
time: 0.010; rss: 118MB	external crate/lib resolution
time: 0.017; rss: 118MB	language item collection
time: 0.223; rss: 162MB	resolution
time: 0.015; rss: 155MB	lifetime resolution
time: 0.000; rss: 155MB	looking for entry point
time: 0.008; rss: 155MB	looking for plugin registrar
time: 0.051; rss: 172MB	region resolution
time: 0.009; rss: 172MB	loop checking
time: 0.009; rss: 172MB	static item recursion checking
time: 0.052; rss: 175MB	type collecting
time: 0.017; rss: 175MB	variance inference
time: 0.150; rss: 213MB	coherence checking
time: 0.050; rss: 215MB	wf checking (old)
time: 0.088; rss: 215MB	item-types checking
time: 7.471; rss: 318MB	item-bodies checking
time: 0.000; rss: 318MB	drop-impl checking
time: 0.357; rss: 318MB	wf checking (new)
time: 0.492; rss: 322MB	const checking
time: 0.083; rss: 322MB	privacy checking
time: 0.002; rss: 322MB	stability index
time: 0.024; rss: 322MB	intrinsic checking
time: 0.021; rss: 322MB	effect checking
time: 0.081; rss: 322MB	match checking
time: 0.060; rss: 326MB	liveness checking
time: 1.026; rss: 326MB	borrow checking
time: 0.659; rss: 326MB	rvalue checking
time: 0.026; rss: 326MB	reachability checking
time: 0.064; rss: 326MB	death checking
time: 0.066; rss: 326MB	stability checking
time: 0.000; rss: 326MB	unused lib feature checking
time: 0.259; rss: 326MB	lint checking
time: 0.001; rss: 326MB	resolving dependency formats
time: 5.954; rss: 692MB	translation
  time: 1.942; rss: 394MB	llvm function passes
  time: 47.884; rss: 498MB	llvm module passes
  time: 17.332; rss: 582MB	codegen passes
  time: 0.002; rss: 536MB	codegen passes
time: 68.445; rss: 536MB	LLVM passes
  time: 0.137; rss: 540MB	running linker
time: 0.710; rss: 534MB	linking
rustc: x86_64-unknown-linux-gnu/stage2/lib/rustlib/x86_64-unknown-linux-gnu/lib/librustc_llvm
time: 0.007; rss: 36MB	parsing
time: 0.001; rss: 36MB	configuration 1
time: 0.000; rss: 36MB	recursion limit
time: 0.000; rss: 36MB	gated macro checking
time: 0.000; rss: 36MB	crate injection
time: 0.003; rss: 40MB	macro loading
time: 0.000; rss: 40MB	plugin loading
time: 0.000; rss: 40MB	plugin registration
time: 0.014; rss: 41MB	expansion
time: 0.000; rss: 41MB	complete gated feature checking 1
time: 0.003; rss: 41MB	configuration 2
time: 0.000; rss: 41MB	gated configuration checking
time: 0.001; rss: 42MB	maybe building test harness
time: 0.002; rss: 41MB	prelude injection
time: 0.000; rss: 41MB	checking that all macro invocations are gone
time: 0.000; rss: 41MB	checking for inline asm in case the target doesn't support it
time: 0.000; rss: 41MB	complete gated feature checking 2
time: 0.002; rss: 42MB	assigning node ids and indexing ast
time: 0.001; rss: 42MB	external crate/lib resolution
time: 0.000; rss: 42MB	language item collection
time: 0.010; rss: 53MB	resolution
time: 0.000; rss: 53MB	lifetime resolution
time: 0.000; rss: 53MB	looking for entry point
time: 0.000; rss: 53MB	looking for plugin registrar
time: 0.001; rss: 53MB	region resolution
time: 0.000; rss: 53MB	loop checking
time: 0.000; rss: 53MB	static item recursion checking
time: 0.004; rss: 60MB	type collecting
time: 0.000; rss: 60MB	variance inference
time: 0.079; rss: 94MB	coherence checking
time: 0.003; rss: 94MB	wf checking (old)
time: 0.011; rss: 94MB	item-types checking
time: 0.089; rss: 100MB	item-bodies checking
time: 0.000; rss: 100MB	drop-impl checking
time: 0.003; rss: 100MB	wf checking (new)
time: 0.003; rss: 100MB	const checking
time: 0.001; rss: 100MB	privacy checking
time: 0.000; rss: 100MB	stability index
time: 0.000; rss: 100MB	intrinsic checking
time: 0.000; rss: 100MB	effect checking
time: 0.001; rss: 100MB	match checking
time: 0.000; rss: 100MB	liveness checking
time: 0.005; rss: 100MB	borrow checking
time: 0.002; rss: 100MB	rvalue checking
time: 0.000; rss: 100MB	reachability checking
time: 0.001; rss: 100MB	death checking
time: 0.001; rss: 100MB	stability checking
time: 0.000; rss: 100MB	unused lib feature checking
time: 0.005; rss: 100MB	lint checking
time: 0.001; rss: 100MB	resolving dependency formats
time: 0.093; rss: 122MB	translation
  time: 0.017; rss: 96MB	llvm function passes
  time: 0.092; rss: 98MB	llvm module passes
  time: 0.050; rss: 102MB	codegen passes
  time: 0.000; rss: 101MB	codegen passes
time: 0.163; rss: 101MB	LLVM passes
  time: 1.424; rss: 108MB	running linker
time: 1.478; rss: 106MB	linking
rustc: x86_64-unknown-linux-gnu/stage2/lib/rustlib/x86_64-unknown-linux-gnu/lib/librustc_back
time: 0.007; rss: 31MB	parsing
time: 0.002; rss: 35MB	configuration 1
time: 0.000; rss: 35MB	recursion limit
time: 0.000; rss: 35MB	gated macro checking
time: 0.000; rss: 35MB	crate injection
time: 0.003; rss: 37MB	macro loading
time: 0.000; rss: 37MB	plugin loading
time: 0.000; rss: 37MB	plugin registration
time: 0.031; rss: 42MB	expansion
time: 0.000; rss: 42MB	complete gated feature checking 1
time: 0.005; rss: 42MB	configuration 2
time: 0.000; rss: 42MB	gated configuration checking
time: 0.002; rss: 42MB	maybe building test harness
time: 0.002; rss: 42MB	prelude injection
time: 0.000; rss: 42MB	checking that all macro invocations are gone
time: 0.000; rss: 42MB	checking for inline asm in case the target doesn't support it
time: 0.000; rss: 42MB	complete gated feature checking 2
time: 0.003; rss: 42MB	assigning node ids and indexing ast
time: 0.004; rss: 76MB	external crate/lib resolution
time: 0.000; rss: 76MB	language item collection
time: 0.018; rss: 106MB	resolution
time: 0.000; rss: 106MB	lifetime resolution
time: 0.000; rss: 106MB	looking for entry point
time: 0.000; rss: 106MB	looking for plugin registrar
time: 0.001; rss: 106MB	region resolution
time: 0.000; rss: 106MB	loop checking
time: 0.000; rss: 106MB	static item recursion checking
time: 0.004; rss: 109MB	type collecting
time: 0.000; rss: 109MB	variance inference
time: 0.036; rss: 133MB	coherence checking
time: 0.002; rss: 133MB	wf checking (old)
time: 0.012; rss: 133MB	item-types checking
time: 0.308; rss: 162MB	item-bodies checking
time: 0.000; rss: 162MB	drop-impl checking
time: 0.005; rss: 162MB	wf checking (new)
time: 0.012; rss: 162MB	const checking
time: 0.001; rss: 162MB	privacy checking
time: 0.000; rss: 162MB	stability index
time: 0.000; rss: 162MB	intrinsic checking
time: 0.000; rss: 162MB	effect checking
time: 0.002; rss: 162MB	match checking
time: 0.002; rss: 170MB	liveness checking
time: 0.020; rss: 170MB	borrow checking
time: 0.008; rss: 170MB	rvalue checking
time: 0.000; rss: 170MB	reachability checking
time: 0.001; rss: 170MB	death checking
time: 0.003; rss: 170MB	stability checking
time: 0.000; rss: 170MB	unused lib feature checking
time: 0.012; rss: 170MB	lint checking
time: 0.001; rss: 170MB	resolving dependency formats
time: 0.540; rss: 228MB	translation
  time: 0.152; rss: 167MB	llvm function passes
  time: 2.812; rss: 175MB	llvm module passes
  time: 0.932; rss: 189MB	codegen passes
  time: 0.001; rss: 184MB	codegen passes
time: 3.968; rss: 184MB	LLVM passes
  time: 0.040; rss: 186MB	running linker
time: 0.081; rss: 184MB	linking
rustc: x86_64-unknown-linux-gnu/stage2/lib/rustlib/x86_64-unknown-linux-gnu/lib/librustc_data_structures
time: 0.007; rss: 32MB	parsing
time: 0.002; rss: 36MB	configuration 1
time: 0.000; rss: 36MB	recursion limit
time: 0.000; rss: 36MB	gated macro checking
time: 0.000; rss: 36MB	crate injection
time: 0.003; rss: 38MB	macro loading
time: 0.000; rss: 38MB	plugin loading
time: 0.000; rss: 38MB	plugin registration
time: 0.021; rss: 40MB	expansion
time: 0.000; rss: 40MB	complete gated feature checking 1
time: 0.003; rss: 40MB	configuration 2
time: 0.000; rss: 40MB	gated configuration checking
time: 0.001; rss: 40MB	maybe building test harness
time: 0.001; rss: 40MB	prelude injection
time: 0.000; rss: 40MB	checking that all macro invocations are gone
time: 0.000; rss: 40MB	checking for inline asm in case the target doesn't support it
time: 0.000; rss: 40MB	complete gated feature checking 2
time: 0.001; rss: 40MB	assigning node ids and indexing ast
time: 0.002; rss: 40MB	external crate/lib resolution
time: 0.000; rss: 40MB	language item collection
time: 0.007; rss: 55MB	resolution
time: 0.000; rss: 55MB	lifetime resolution
time: 0.000; rss: 55MB	looking for entry point
time: 0.000; rss: 55MB	looking for plugin registrar
time: 0.001; rss: 55MB	region resolution
time: 0.000; rss: 55MB	loop checking
time: 0.000; rss: 55MB	static item recursion checking
time: 0.002; rss: 55MB	type collecting
time: 0.000; rss: 55MB	variance inference
time: 0.076; rss: 97MB	coherence checking
time: 0.004; rss: 97MB	wf checking (old)
time: 0.005; rss: 97MB	item-types checking
time: 0.168; rss: 103MB	item-bodies checking
time: 0.000; rss: 103MB	drop-impl checking
time: 0.020; rss: 103MB	wf checking (new)
time: 0.010; rss: 103MB	const checking
time: 0.001; rss: 103MB	privacy checking
time: 0.000; rss: 103MB	stability index
time: 0.001; rss: 103MB	intrinsic checking
time: 0.000; rss: 103MB	effect checking
time: 0.002; rss: 103MB	match checking
time: 0.001; rss: 103MB	liveness checking
time: 0.016; rss: 103MB	borrow checking
time: 0.012; rss: 103MB	rvalue checking
time: 0.000; rss: 103MB	reachability checking
time: 0.001; rss: 103MB	death checking
time: 0.001; rss: 103MB	stability checking
time: 0.000; rss: 103MB	unused lib feature checking
time: 0.007; rss: 103MB	lint checking
time: 0.001; rss: 103MB	resolving dependency formats
time: 0.093; rss: 121MB	translation
  time: 0.011; rss: 96MB	llvm function passes
  time: 0.071; rss: 97MB	llvm module passes
  time: 0.029; rss: 102MB	codegen passes
  time: 0.000; rss: 101MB	codegen passes
time: 0.114; rss: 101MB	LLVM passes
  time: 0.021; rss: 107MB	running linker
time: 0.024; rss: 105MB	linking
rustc: x86_64-unknown-linux-gnu/stage2/lib/rustlib/x86_64-unknown-linux-gnu/lib/librustc
time: 0.175; rss: 84MB	parsing
time: 0.060; rss: 86MB	configuration 1
time: 0.000; rss: 86MB	recursion limit
time: 0.004; rss: 86MB	gated macro checking
time: 0.000; rss: 86MB	crate injection
time: 0.007; rss: 88MB	macro loading
time: 0.000; rss: 88MB	plugin loading
time: 0.000; rss: 88MB	plugin registration
time: 0.843; rss: 122MB	expansion
time: 0.024; rss: 122MB	complete gated feature checking 1
time: 0.144; rss: 122MB	configuration 2
time: 0.000; rss: 122MB	gated configuration checking
time: 0.074; rss: 122MB	maybe building test harness
time: 0.069; rss: 124MB	prelude injection
time: 0.011; rss: 124MB	checking that all macro invocations are gone
time: 0.000; rss: 124MB	checking for inline asm in case the target doesn't support it
time: 0.024; rss: 124MB	complete gated feature checking 2
time: 0.090; rss: 137MB	assigning node ids and indexing ast
time: 0.017; rss: 169MB	external crate/lib resolution
time: 0.022; rss: 169MB	language item collection
time: 0.269; rss: 250MB	resolution
time: 0.020; rss: 244MB	lifetime resolution
time: 0.000; rss: 244MB	looking for entry point
time: 0.011; rss: 244MB	looking for plugin registrar
time: 0.063; rss: 263MB	region resolution
time: 0.011; rss: 263MB	loop checking
time: 0.011; rss: 263MB	static item recursion checking
time: 0.075; rss: 270MB	type collecting
time: 0.023; rss: 270MB	variance inference
time: 0.190; rss: 310MB	coherence checking
time: 0.103; rss: 314MB	wf checking (old)
time: 0.230; rss: 325MB	item-types checking
time: 6.060; rss: 475MB	item-bodies checking
time: 0.000; rss: 475MB	drop-impl checking
time: 0.251; rss: 475MB	wf checking (new)
time: 0.441; rss: 483MB	const checking
time: 0.106; rss: 483MB	privacy checking
time: 0.002; rss: 483MB	stability index
time: 0.030; rss: 483MB	intrinsic checking
time: 0.024; rss: 483MB	effect checking
time: 0.085; rss: 483MB	match checking
time: 0.059; rss: 485MB	liveness checking
time: 0.648; rss: 485MB	borrow checking
time: 0.503; rss: 485MB	rvalue checking
time: 0.031; rss: 485MB	reachability checking
time: 0.078; rss: 485MB	death checking
time: 0.090; rss: 485MB	stability checking
time: 0.000; rss: 485MB	unused lib feature checking
time: 0.332; rss: 485MB	lint checking
time: 0.002; rss: 485MB	resolving dependency formats
time: 11.667; rss: 1118MB	translation
  time: 3.594; rss: 696MB	llvm function passes
  time: 83.227; rss: 816MB	llvm module passes
  time: 23.115; rss: 881MB	codegen passes
  time: 0.003; rss: 739MB	codegen passes
time: 112.059; rss: 739MB	LLVM passes
  time: 0.246; rss: 743MB	running linker
time: 1.096; rss: 741MB	linking
rustc: x86_64-unknown-linux-gnu/stage2/lib/rustlib/x86_64-unknown-linux-gnu/lib/librustc_platform_intrinsics
time: 0.004; rss: 35MB	parsing
time: 0.001; rss: 35MB	configuration 1
time: 0.000; rss: 35MB	recursion limit
time: 0.000; rss: 35MB	gated macro checking
time: 0.000; rss: 35MB	crate injection
time: 0.002; rss: 38MB	macro loading
time: 0.000; rss: 38MB	plugin loading
time: 0.000; rss: 38MB	plugin registration
time: 0.080; rss: 44MB	expansion
time: 0.000; rss: 44MB	complete gated feature checking 1
time: 0.005; rss: 44MB	configuration 2
time: 0.000; rss: 44MB	gated configuration checking
time: 0.002; rss: 44MB	maybe building test harness
time: 0.002; rss: 44MB	prelude injection
time: 0.000; rss: 44MB	checking that all macro invocations are gone
time: 0.000; rss: 44MB	checking for inline asm in case the target doesn't support it
time: 0.000; rss: 44MB	complete gated feature checking 2
time: 0.003; rss: 44MB	assigning node ids and indexing ast
time: 0.033; rss: 78MB	external crate/lib resolution
time: 0.000; rss: 78MB	language item collection
time: 0.009; rss: 95MB	resolution
time: 0.000; rss: 94MB	lifetime resolution
time: 0.000; rss: 94MB	looking for entry point
time: 0.000; rss: 94MB	looking for plugin registrar
time: 0.002; rss: 97MB	region resolution
time: 0.000; rss: 97MB	loop checking
time: 0.000; rss: 97MB	static item recursion checking
time: 0.008; rss: 109MB	type collecting
time: 0.000; rss: 109MB	variance inference
time: 0.042; rss: 145MB	coherence checking
time: 0.001; rss: 145MB	wf checking (old)
time: 0.000; rss: 145MB	item-types checking
time: 0.123; rss: 155MB	item-bodies checking
time: 0.000; rss: 155MB	drop-impl checking
time: 0.001; rss: 155MB	wf checking (new)
time: 0.007; rss: 155MB	const checking
time: 0.001; rss: 155MB	privacy checking
time: 0.000; rss: 155MB	stability index
time: 0.000; rss: 155MB	intrinsic checking
time: 0.000; rss: 155MB	effect checking
time: 0.004; rss: 155MB	match checking
time: 0.001; rss: 155MB	liveness checking
time: 0.017; rss: 155MB	borrow checking
time: 0.005; rss: 155MB	rvalue checking
time: 0.000; rss: 155MB	reachability checking
time: 0.001; rss: 155MB	death checking
time: 0.002; rss: 155MB	stability checking
time: 0.000; rss: 155MB	unused lib feature checking
time: 0.017; rss: 156MB	lint checking
time: 0.002; rss: 156MB	resolving dependency formats
time: 0.211; rss: 195MB	translation
  time: 0.053; rss: 162MB	llvm function passes
  time: 6.756; rss: 224MB	llvm module passes
  time: 1.813; rss: 237MB	codegen passes
  time: 0.001; rss: 201MB	codegen passes
time: 8.707; rss: 201MB	LLVM passes
  time: 0.047; rss: 208MB	running linker
time: 0.097; rss: 199MB	linking
rustc: x86_64-unknown-linux-gnu/stage2/lib/rustlib/x86_64-unknown-linux-gnu/lib/librustc_typeck
time: 0.070; rss: 54MB	parsing
time: 0.023; rss: 56MB	configuration 1
time: 0.000; rss: 56MB	recursion limit
time: 0.002; rss: 56MB	gated macro checking
time: 0.000; rss: 56MB	crate injection
time: 0.005; rss: 58MB	macro loading
time: 0.000; rss: 58MB	plugin loading
time: 0.000; rss: 58MB	plugin registration
time: 0.318; rss: 69MB	expansion
time: 0.008; rss: 69MB	complete gated feature checking 1
time: 0.046; rss: 69MB	configuration 2
time: 0.000; rss: 69MB	gated configuration checking
time: 0.024; rss: 70MB	maybe building test harness
time: 0.023; rss: 70MB	prelude injection
time: 0.003; rss: 70MB	checking that all macro invocations are gone
time: 0.000; rss: 70MB	checking for inline asm in case the target doesn't support it
time: 0.008; rss: 70MB	complete gated feature checking 2
time: 0.030; rss: 74MB	assigning node ids and indexing ast
time: 0.031; rss: 109MB	external crate/lib resolution
time: 0.007; rss: 109MB	language item collection
time: 0.106; rss: 161MB	resolution
time: 0.007; rss: 159MB	lifetime resolution
time: 0.000; rss: 159MB	looking for entry point
time: 0.003; rss: 159MB	looking for plugin registrar
time: 0.020; rss: 166MB	region resolution
time: 0.004; rss: 166MB	loop checking
time: 0.004; rss: 166MB	static item recursion checking
time: 0.028; rss: 171MB	type collecting
time: 0.008; rss: 171MB	variance inference
time: 0.139; rss: 216MB	coherence checking
time: 0.026; rss: 216MB	wf checking (old)
time: 0.100; rss: 222MB	item-types checking
time: 2.433; rss: 299MB	item-bodies checking
time: 0.000; rss: 299MB	drop-impl checking
time: 0.056; rss: 299MB	wf checking (new)
time: 0.158; rss: 299MB	const checking
time: 0.034; rss: 299MB	privacy checking
time: 0.000; rss: 299MB	stability index
time: 0.008; rss: 299MB	intrinsic checking
time: 0.008; rss: 299MB	effect checking
time: 0.023; rss: 299MB	match checking
time: 0.025; rss: 303MB	liveness checking
time: 0.196; rss: 303MB	borrow checking
time: 0.154; rss: 303MB	rvalue checking
time: 0.001; rss: 303MB	reachability checking
time: 0.025; rss: 303MB	death checking
time: 0.037; rss: 303MB	stability checking
time: 0.000; rss: 303MB	unused lib feature checking
time: 0.111; rss: 303MB	lint checking
time: 0.002; rss: 303MB	resolving dependency formats
time: 4.633; rss: 604MB	translation
  time: 1.398; rss: 371MB	llvm function passes
  time: 33.847; rss: 414MB	llvm module passes
  time: 9.336; rss: 429MB	codegen passes
  time: 0.001; rss: 393MB	codegen passes
time: 45.328; rss: 393MB	LLVM passes
  time: 0.128; rss: 397MB	running linker
time: 0.484; rss: 394MB	linking
rustc: x86_64-unknown-linux-gnu/stage2/lib/rustlib/x86_64-unknown-linux-gnu/lib/librustc_borrowck
time: 0.014; rss: 33MB	parsing
time: 0.004; rss: 37MB	configuration 1
time: 0.000; rss: 37MB	recursion limit
time: 0.000; rss: 37MB	gated macro checking
time: 0.000; rss: 37MB	crate injection
time: 0.004; rss: 40MB	macro loading
time: 0.000; rss: 40MB	plugin loading
time: 0.000; rss: 40MB	plugin registration
time: 0.061; rss: 45MB	expansion
time: 0.001; rss: 45MB	complete gated feature checking 1
time: 0.009; rss: 45MB	configuration 2
time: 0.000; rss: 45MB	gated configuration checking
time: 0.005; rss: 45MB	maybe building test harness
time: 0.004; rss: 45MB	prelude injection
time: 0.000; rss: 45MB	checking that all macro invocations are gone
time: 0.000; rss: 45MB	checking for inline asm in case the target doesn't support it
time: 0.001; rss: 45MB	complete gated feature checking 2
time: 0.005; rss: 48MB	assigning node ids and indexing ast
time: 0.031; rss: 79MB	external crate/lib resolution
time: 0.001; rss: 83MB	language item collection
time: 0.025; rss: 115MB	resolution
time: 0.001; rss: 115MB	lifetime resolution
time: 0.000; rss: 115MB	looking for entry point
time: 0.000; rss: 115MB	looking for plugin registrar
time: 0.003; rss: 115MB	region resolution
time: 0.000; rss: 115MB	loop checking
time: 0.000; rss: 115MB	static item recursion checking
time: 0.012; rss: 122MB	type collecting
time: 0.001; rss: 122MB	variance inference
time: 0.066; rss: 160MB	coherence checking
time: 0.007; rss: 160MB	wf checking (old)
time: 0.024; rss: 162MB	item-types checking
time: 0.453; rss: 197MB	item-bodies checking
time: 0.000; rss: 197MB	drop-impl checking
time: 0.012; rss: 197MB	wf checking (new)
time: 0.029; rss: 197MB	const checking
time: 0.004; rss: 197MB	privacy checking
time: 0.000; rss: 197MB	stability index
time: 0.001; rss: 197MB	intrinsic checking
time: 0.001; rss: 197MB	effect checking
time: 0.005; rss: 197MB	match checking
time: 0.003; rss: 197MB	liveness checking
time: 0.038; rss: 197MB	borrow checking
time: 0.023; rss: 197MB	rvalue checking
time: 0.000; rss: 197MB	reachability checking
time: 0.003; rss: 197MB	death checking
time: 0.006; rss: 197MB	stability checking
time: 0.000; rss: 197MB	unused lib feature checking
time: 0.021; rss: 197MB	lint checking
time: 0.002; rss: 197MB	resolving dependency formats
time: 0.781; rss: 267MB	translation
  time: 0.248; rss: 197MB	llvm function passes
  time: 4.398; rss: 218MB	llvm module passes
  time: 1.706; rss: 227MB	codegen passes
  time: 0.001; rss: 225MB	codegen passes
time: 6.460; rss: 225MB	LLVM passes
  time: 0.051; rss: 227MB	running linker
time: 0.111; rss: 224MB	linking
rustc: x86_64-unknown-linux-gnu/stage2/lib/rustlib/x86_64-unknown-linux-gnu/lib/librustc_resolve
time: 0.018; rss: 40MB	parsing
time: 0.006; rss: 40MB	configuration 1
time: 0.000; rss: 40MB	recursion limit
time: 0.000; rss: 40MB	gated macro checking
time: 0.000; rss: 40MB	crate injection
time: 0.004; rss: 44MB	macro loading
time: 0.000; rss: 44MB	plugin loading
time: 0.000; rss: 44MB	plugin registration
time: 0.078; rss: 49MB	expansion
time: 0.002; rss: 49MB	complete gated feature checking 1
time: 0.012; rss: 49MB	configuration 2
time: 0.000; rss: 49MB	gated configuration checking
time: 0.006; rss: 49MB	maybe building test harness
time: 0.005; rss: 49MB	prelude injection
time: 0.000; rss: 49MB	checking that all macro invocations are gone
time: 0.000; rss: 49MB	checking for inline asm in case the target doesn't support it
time: 0.001; rss: 49MB	complete gated feature checking 2
time: 0.007; rss: 49MB	assigning node ids and indexing ast
time: 0.031; rss: 80MB	external crate/lib resolution
time: 0.001; rss: 80MB	language item collection
time: 0.035; rss: 116MB	resolution
time: 0.001; rss: 119MB	lifetime resolution
time: 0.000; rss: 119MB	looking for entry point
time: 0.000; rss: 119MB	looking for plugin registrar
time: 0.004; rss: 122MB	region resolution
time: 0.001; rss: 122MB	loop checking
time: 0.001; rss: 122MB	static item recursion checking
time: 0.009; rss: 124MB	type collecting
time: 0.001; rss: 124MB	variance inference
time: 0.073; rss: 166MB	coherence checking
time: 0.007; rss: 166MB	wf checking (old)
time: 0.020; rss: 166MB	item-types checking
time: 0.579; rss: 205MB	item-bodies checking
time: 0.000; rss: 205MB	drop-impl checking
time: 0.014; rss: 205MB	wf checking (new)
time: 0.037; rss: 207MB	const checking
time: 0.005; rss: 207MB	privacy checking
time: 0.000; rss: 207MB	stability index
time: 0.002; rss: 207MB	intrinsic checking
time: 0.001; rss: 207MB	effect checking
time: 0.006; rss: 207MB	match checking
time: 0.005; rss: 207MB	liveness checking
time: 0.051; rss: 207MB	borrow checking
time: 0.031; rss: 211MB	rvalue checking
time: 0.000; rss: 211MB	reachability checking
time: 0.005; rss: 211MB	death checking
time: 0.008; rss: 211MB	stability checking
time: 0.000; rss: 211MB	unused lib feature checking
time: 0.029; rss: 211MB	lint checking
time: 0.002; rss: 211MB	resolving dependency formats
time: 1.275; rss: 316MB	translation
  time: 0.455; rss: 227MB	llvm function passes
  time: 7.443; rss: 244MB	llvm module passes
  time: 2.212; rss: 244MB	codegen passes
  time: 0.001; rss: 233MB	codegen passes
time: 10.287; rss: 233MB	LLVM passes
  time: 0.098; rss: 235MB	running linker
time: 0.180; rss: 232MB	linking
rustc: x86_64-unknown-linux-gnu/stage2/lib/rustlib/x86_64-unknown-linux-gnu/lib/librustc_trans
time: 0.116; rss: 71MB	parsing
time: 0.040; rss: 71MB	configuration 1
time: 0.000; rss: 71MB	recursion limit
time: 0.003; rss: 71MB	gated macro checking
time: 0.000; rss: 71MB	crate injection
time: 0.006; rss: 73MB	macro loading
time: 0.000; rss: 73MB	plugin loading
time: 0.000; rss: 73MB	plugin registration
time: 0.461; rss: 84MB	expansion
time: 0.012; rss: 84MB	complete gated feature checking 1
time: 0.068; rss: 84MB	configuration 2
time: 0.000; rss: 84MB	gated configuration checking
time: 0.035; rss: 84MB	maybe building test harness
time: 0.033; rss: 84MB	prelude injection
time: 0.006; rss: 84MB	checking that all macro invocations are gone
time: 0.000; rss: 84MB	checking for inline asm in case the target doesn't support it
time: 0.012; rss: 84MB	complete gated feature checking 2
time: 0.044; rss: 91MB	assigning node ids and indexing ast
time: 0.030; rss: 123MB	external crate/lib resolution
time: 0.011; rss: 123MB	language item collection
time: 0.169; rss: 196MB	resolution
time: 0.010; rss: 189MB	lifetime resolution
time: 0.000; rss: 189MB	looking for entry point
time: 0.005; rss: 189MB	looking for plugin registrar
time: 0.031; rss: 200MB	region resolution
time: 0.006; rss: 200MB	loop checking
time: 0.006; rss: 200MB	static item recursion checking
time: 0.041; rss: 205MB	type collecting
time: 0.012; rss: 205MB	variance inference
time: 0.144; rss: 246MB	coherence checking
time: 0.034; rss: 246MB	wf checking (old)
time: 0.089; rss: 250MB	item-types checking
time: 3.033; rss: 346MB	item-bodies checking
time: 0.000; rss: 346MB	drop-impl checking
time: 0.071; rss: 346MB	wf checking (new)
time: 0.190; rss: 346MB	const checking
time: 0.052; rss: 346MB	privacy checking
time: 0.001; rss: 346MB	stability index
time: 0.014; rss: 346MB	intrinsic checking
time: 0.012; rss: 346MB	effect checking
time: 0.034; rss: 346MB	match checking
time: 0.035; rss: 354MB	liveness checking
time: 0.289; rss: 350MB	borrow checking
time: 0.166; rss: 358MB	rvalue checking
time: 0.001; rss: 358MB	reachability checking
time: 0.037; rss: 358MB	death checking
time: 0.050; rss: 358MB	stability checking
time: 0.000; rss: 358MB	unused lib feature checking
time: 0.147; rss: 358MB	lint checking
time: 0.002; rss: 358MB	resolving dependency formats
time: 4.656; rss: 658MB	translation
  time: 1.495; rss: 400MB	llvm function passes
  time: 32.156; rss: 456MB	llvm module passes
  time: 10.739; rss: 488MB	codegen passes
  time: 0.001; rss: 422MB	codegen passes
time: 45.229; rss: 422MB	LLVM passes
  time: 0.136; rss: 424MB	running linker
time: 0.533; rss: 419MB	linking
rustc: x86_64-unknown-linux-gnu/stage2/lib/rustlib/x86_64-unknown-linux-gnu/lib/librustc_privacy
time: 0.004; rss: 35MB	parsing
time: 0.001; rss: 35MB	configuration 1
time: 0.000; rss: 35MB	recursion limit
time: 0.000; rss: 35MB	gated macro checking
time: 0.000; rss: 35MB	crate injection
time: 0.003; rss: 38MB	macro loading
time: 0.000; rss: 38MB	plugin loading
time: 0.000; rss: 38MB	plugin registration
time: 0.015; rss: 40MB	expansion
time: 0.000; rss: 40MB	complete gated feature checking 1
time: 0.002; rss: 40MB	configuration 2
time: 0.000; rss: 40MB	gated configuration checking
time: 0.001; rss: 40MB	maybe building test harness
time: 0.001; rss: 40MB	prelude injection
time: 0.000; rss: 40MB	checking that all macro invocations are gone
time: 0.000; rss: 40MB	checking for inline asm in case the target doesn't support it
time: 0.000; rss: 40MB	complete gated feature checking 2
time: 0.001; rss: 41MB	assigning node ids and indexing ast
time: 0.032; rss: 76MB	external crate/lib resolution
time: 0.000; rss: 76MB	language item collection
time: 0.011; rss: 101MB	resolution
time: 0.000; rss: 101MB	lifetime resolution
time: 0.000; rss: 101MB	looking for entry point
time: 0.000; rss: 101MB	looking for plugin registrar
time: 0.001; rss: 101MB	region resolution
time: 0.000; rss: 101MB	loop checking
time: 0.000; rss: 101MB	static item recursion checking
time: 0.007; rss: 106MB	type collecting
time: 0.000; rss: 106MB	variance inference
time: 0.020; rss: 122MB	coherence checking
time: 0.001; rss: 122MB	wf checking (old)
time: 0.007; rss: 127MB	item-types checking
time: 0.213; rss: 173MB	item-bodies checking
time: 0.000; rss: 173MB	drop-impl checking
time: 0.002; rss: 173MB	wf checking (new)
time: 0.008; rss: 173MB	const checking
time: 0.001; rss: 176MB	privacy checking
time: 0.000; rss: 176MB	stability index
time: 0.000; rss: 176MB	intrinsic checking
time: 0.000; rss: 176MB	effect checking
time: 0.001; rss: 176MB	match checking
time: 0.001; rss: 176MB	liveness checking
time: 0.010; rss: 176MB	borrow checking
time: 0.003; rss: 176MB	rvalue checking
time: 0.000; rss: 176MB	reachability checking
time: 0.001; rss: 176MB	death checking
time: 0.002; rss: 176MB	stability checking
time: 0.000; rss: 176MB	unused lib feature checking
time: 0.005; rss: 176MB	lint checking
time: 0.002; rss: 176MB	resolving dependency formats
time: 0.531; rss: 229MB	translation
  time: 0.144; rss: 181MB	llvm function passes
  time: 1.379; rss: 184MB	llvm module passes
  time: 0.423; rss: 184MB	codegen passes
  time: 0.001; rss: 185MB	codegen passes
time: 1.976; rss: 185MB	LLVM passes
  time: 0.044; rss: 189MB	running linker
time: 0.062; rss: 186MB	linking
rustc: x86_64-unknown-linux-gnu/stage2/lib/rustlib/x86_64-unknown-linux-gnu/lib/librustc_lint
time: 0.009; rss: 36MB	parsing
time: 0.003; rss: 36MB	configuration 1
time: 0.000; rss: 36MB	recursion limit
time: 0.000; rss: 36MB	gated macro checking
time: 0.000; rss: 36MB	crate injection
time: 0.033; rss: 75MB	macro loading
time: 0.000; rss: 75MB	plugin loading
time: 0.000; rss: 75MB	plugin registration
time: 0.027; rss: 77MB	expansion
time: 0.000; rss: 77MB	complete gated feature checking 1
time: 0.004; rss: 77MB	configuration 2
time: 0.000; rss: 77MB	gated configuration checking
time: 0.002; rss: 77MB	maybe building test harness
time: 0.002; rss: 77MB	prelude injection
time: 0.000; rss: 77MB	checking that all macro invocations are gone
time: 0.000; rss: 77MB	checking for inline asm in case the target doesn't support it
time: 0.000; rss: 77MB	complete gated feature checking 2
time: 0.002; rss: 78MB	assigning node ids and indexing ast
time: 0.003; rss: 78MB	external crate/lib resolution
time: 0.000; rss: 78MB	language item collection
time: 0.018; rss: 109MB	resolution
time: 0.000; rss: 109MB	lifetime resolution
time: 0.000; rss: 109MB	looking for entry point
time: 0.000; rss: 109MB	looking for plugin registrar
time: 0.001; rss: 109MB	region resolution
time: 0.000; rss: 109MB	loop checking
time: 0.000; rss: 109MB	static item recursion checking
time: 0.009; rss: 114MB	type collecting
time: 0.000; rss: 114MB	variance inference
time: 0.056; rss: 149MB	coherence checking
time: 0.003; rss: 149MB	wf checking (old)
time: 0.015; rss: 149MB	item-types checking
time: 0.243; rss: 181MB	item-bodies checking
time: 0.000; rss: 181MB	drop-impl checking
time: 0.006; rss: 181MB	wf checking (new)
time: 0.014; rss: 181MB	const checking
time: 0.001; rss: 181MB	privacy checking
time: 0.000; rss: 181MB	stability index
time: 0.000; rss: 181MB	intrinsic checking
time: 0.000; rss: 181MB	effect checking
time: 0.002; rss: 181MB	match checking
time: 0.001; rss: 181MB	liveness checking
time: 0.015; rss: 181MB	borrow checking
time: 0.006; rss: 181MB	rvalue checking
time: 0.000; rss: 181MB	reachability checking
time: 0.001; rss: 181MB	death checking
time: 0.003; rss: 181MB	stability checking
time: 0.000; rss: 181MB	unused lib feature checking
time: 0.010; rss: 181MB	lint checking
time: 0.002; rss: 181MB	resolving dependency formats
time: 0.810; rss: 256MB	translation
  time: 0.218; rss: 192MB	llvm function passes
  time: 2.766; rss: 212MB	llvm module passes
  time: 0.959; rss: 216MB	codegen passes
  time: 0.001; rss: 210MB	codegen passes
time: 4.013; rss: 210MB	LLVM passes
  time: 0.102; rss: 210MB	running linker
time: 0.143; rss: 207MB	linking
rustc: x86_64-unknown-linux-gnu/stage2/lib/rustlib/x86_64-unknown-linux-gnu/lib/librustc_driver
time: 0.011; rss: 37MB	parsing
time: 0.003; rss: 37MB	configuration 1
time: 0.000; rss: 37MB	recursion limit
time: 0.000; rss: 37MB	gated macro checking
time: 0.000; rss: 37MB	crate injection
time: 0.004; rss: 40MB	macro loading
time: 0.000; rss: 40MB	plugin loading
time: 0.000; rss: 40MB	plugin registration
time: 0.027; rss: 42MB	expansion
time: 0.000; rss: 42MB	complete gated feature checking 1
time: 0.004; rss: 42MB	configuration 2
time: 0.000; rss: 42MB	gated configuration checking
time: 0.002; rss: 42MB	maybe building test harness
time: 0.002; rss: 42MB	prelude injection
time: 0.000; rss: 42MB	checking that all macro invocations are gone
time: 0.000; rss: 42MB	checking for inline asm in case the target doesn't support it
time: 0.000; rss: 42MB	complete gated feature checking 2
time: 0.002; rss: 43MB	assigning node ids and indexing ast
time: 0.033; rss: 79MB	external crate/lib resolution
time: 0.000; rss: 79MB	language item collection
time: 0.024; rss: 124MB	resolution
time: 0.000; rss: 124MB	lifetime resolution
time: 0.000; rss: 124MB	looking for entry point
time: 0.000; rss: 124MB	looking for plugin registrar
time: 0.001; rss: 124MB	region resolution
time: 0.000; rss: 124MB	loop checking
time: 0.000; rss: 124MB	static item recursion checking
time: 0.010; rss: 128MB	type collecting
time: 0.000; rss: 128MB	variance inference
time: 0.107; rss: 177MB	coherence checking
time: 0.005; rss: 177MB	wf checking (old)
time: 0.010; rss: 177MB	item-types checking
time: 0.305; rss: 197MB	item-bodies checking
time: 0.000; rss: 197MB	drop-impl checking
time: 0.008; rss: 197MB	wf checking (new)
time: 0.021; rss: 197MB	const checking
time: 0.002; rss: 197MB	privacy checking
time: 0.000; rss: 197MB	stability index
time: 0.001; rss: 197MB	intrinsic checking
time: 0.000; rss: 197MB	effect checking
time: 0.002; rss: 197MB	match checking
time: 0.001; rss: 199MB	liveness checking
time: 0.019; rss: 199MB	borrow checking
time: 0.016; rss: 199MB	rvalue checking
time: 0.000; rss: 199MB	reachability checking
time: 0.001; rss: 199MB	death checking
time: 0.004; rss: 199MB	stability checking
time: 0.000; rss: 199MB	unused lib feature checking
time: 0.009; rss: 199MB	lint checking
time: 0.002; rss: 199MB	resolving dependency formats
time: 2.816; rss: 427MB	translation
  time: 1.204; rss: 326MB	llvm function passes
  time: 33.230; rss: 367MB	llvm module passes
  time: 12.598; rss: 435MB	codegen passes
  time: 0.001; rss: 327MB	codegen passes
time: 47.739; rss: 326MB	LLVM passes
  time: 0.114; rss: 329MB	running linker
time: 0.460; rss: 327MB	linking
rustc: x86_64-unknown-linux-gnu/stage2/lib/rustlib/x86_64-unknown-linux-gnu/lib/librustdoc
time: 0.037; rss: 44MB	parsing
time: 0.014; rss: 44MB	configuration 1
time: 0.000; rss: 44MB	recursion limit
time: 0.001; rss: 44MB	gated macro checking
time: 0.000; rss: 44MB	crate injection
time: 0.003; rss: 46MB	macro loading
time: 0.000; rss: 46MB	plugin loading
time: 0.000; rss: 46MB	plugin registration
time: 0.189; rss: 59MB	expansion
time: 0.006; rss: 59MB	complete gated feature checking 1
time: 0.037; rss: 59MB	configuration 2
time: 0.000; rss: 59MB	gated configuration checking
time: 0.019; rss: 59MB	maybe building test harness
time: 0.018; rss: 59MB	prelude injection
time: 0.002; rss: 59MB	checking that all macro invocations are gone
time: 0.000; rss: 59MB	checking for inline asm in case the target doesn't support it
time: 0.005; rss: 59MB	complete gated feature checking 2
time: 0.022; rss: 61MB	assigning node ids and indexing ast
time: 0.039; rss: 97MB	external crate/lib resolution
time: 0.005; rss: 97MB	language item collection
time: 0.079; rss: 155MB	resolution
time: 0.005; rss: 154MB	lifetime resolution
time: 0.000; rss: 154MB	looking for entry point
time: 0.003; rss: 154MB	looking for plugin registrar
time: 0.014; rss: 157MB	region resolution
time: 0.003; rss: 157MB	loop checking
time: 0.003; rss: 157MB	static item recursion checking
time: 0.023; rss: 161MB	type collecting
time: 0.005; rss: 161MB	variance inference
time: 0.075; rss: 195MB	coherence checking
time: 0.020; rss: 195MB	wf checking (old)
time: 0.057; rss: 201MB	item-types checking
time: 2.184; rss: 274MB	item-bodies checking
time: 0.000; rss: 274MB	drop-impl checking
time: 0.091; rss: 274MB	wf checking (new)
time: 0.208; rss: 276MB	const checking
time: 0.021; rss: 276MB	privacy checking
time: 0.000; rss: 276MB	stability index
time: 0.005; rss: 276MB	intrinsic checking
time: 0.005; rss: 276MB	effect checking
time: 0.021; rss: 276MB	match checking
time: 0.017; rss: 276MB	liveness checking
time: 0.391; rss: 276MB	borrow checking
time: 0.291; rss: 276MB	rvalue checking
time: 0.003; rss: 276MB	reachability checking
time: 0.018; rss: 276MB	death checking
time: 0.025; rss: 276MB	stability checking
time: 0.000; rss: 276MB	unused lib feature checking
time: 0.076; rss: 276MB	lint checking
time: 0.002; rss: 276MB	resolving dependency formats
time: 5.422; rss: 570MB	translation
  time: 1.462; rss: 377MB	llvm function passes
  time: 38.721; rss: 432MB	llvm module passes
  time: 12.268; rss: 478MB	codegen passes
  time: 0.001; rss: 424MB	codegen passes
time: 53.278; rss: 424MB	LLVM passes
  time: 0.133; rss: 426MB	running linker
time: 0.533; rss: 424MB	linking
rustc: x86_64-unknown-linux-gnu/stage1/lib/rustlib/x86_64-unknown-linux-gnu/bin/rustbook
cp: x86_64-unknown-linux-gnu/stage2/bin/rustbook
rustbook: doc/book/index.html
rustbook: doc/nomicon/index.html
rustbook: doc/style/index.html
rustc: x86_64-unknown-linux-gnu/stage1/lib/rustlib/x86_64-unknown-linux-gnu/bin/error-index-generator
cp: x86_64-unknown-linux-gnu/stage2/bin/error-index-generator
error-index-generator: doc/error-index.html
rustdoc: doc/not_found.html
rustdoc: doc/index.html
rustdoc: doc/intro.html
rustdoc: doc/tutorial.html
rustdoc: doc/complement-lang-faq.html
rustdoc: doc/complement-design-faq.html
rustdoc: doc/complement-project-faq.html
rustdoc: doc/rustdoc.html
rustdoc: doc/reference.html
rustdoc: doc/grammar.html
rustdoc: doc/guide-crates.html
rustdoc: doc/guide-error-handling.html
rustdoc: doc/guide-ffi.html
rustdoc: doc/guide-macros.html
rustdoc: doc/guide.html
rustdoc: doc/guide-ownership.html
rustdoc: doc/guide-plugins.html
rustdoc: doc/guide-pointers.html
rustdoc: doc/guide-strings.html
rustdoc: doc/guide-tasks.html
rustdoc: doc/guide-testing.html
rustdoc: doc/std/index.html
rustdoc: doc/alloc/index.html
rustdoc: doc/collections/index.html
rustdoc: doc/core/index.html
rustdoc: doc/libc/index.html
rustdoc: doc/rustc_unicode/index.html
