commit e859498d1ca45f2719542f505eb0ba8b944e5668
Merge: 1e1b7f3 59f8e32
Author: bors <bors@rust-lang.org>
Date:   Sat Aug 15 06:16:41 2015 +0000

    Auto merge of #27841 - jonas-schievink:still-repeating-span, r=alexcrichton
    
    Current behaviour demo: http://is.gd/l3FEgo
    (The span is printed at the start of the source code)
    
    This patch moves the span to the use of `$i` in the macro rhs (as the code comment already claims)
cfg: version 1.4.0-dev (e859498d1 2015-08-15)
cfg: build triple x86_64-unknown-linux-gnu
cfg: host triples x86_64-unknown-linux-gnu
cfg: target triples x86_64-unknown-linux-gnu
cfg: host for x86_64-unknown-linux-gnu is x86_64
cfg: os for x86_64-unknown-linux-gnu is unknown-linux-gnu
cfg: good valgrind for x86_64-unknown-linux-gnu is 1
cfg: using CC=gcc (CFG_CC)
cfg: disabling valgrind run-pass tests
rustc: x86_64-unknown-linux-gnu/stage0/lib/rustlib/x86_64-unknown-linux-gnu/lib/librustc_trans
rustc: x86_64-unknown-linux-gnu/stage0/lib/rustlib/x86_64-unknown-linux-gnu/lib/librustc_driver
rustc: x86_64-unknown-linux-gnu/stage0/lib/rustlib/x86_64-unknown-linux-gnu/bin/rustc
cp: x86_64-unknown-linux-gnu/stage1/lib/librustc_trans
cp: x86_64-unknown-linux-gnu/stage1/lib/librustc_driver
cp: x86_64-unknown-linux-gnu/stage1/bin/rustc
rustc: x86_64-unknown-linux-gnu/stage1/lib/rustlib/x86_64-unknown-linux-gnu/lib/libcore
rustc: x86_64-unknown-linux-gnu/stage1/lib/rustlib/x86_64-unknown-linux-gnu/lib/liblibc
rustc: x86_64-unknown-linux-gnu/stage1/lib/rustlib/x86_64-unknown-linux-gnu/lib/librand
rustc: x86_64-unknown-linux-gnu/stage1/lib/rustlib/x86_64-unknown-linux-gnu/lib/liballoc_system
rustc: x86_64-unknown-linux-gnu/stage1/lib/rustlib/x86_64-unknown-linux-gnu/lib/liballoc
rustc: x86_64-unknown-linux-gnu/stage1/lib/rustlib/x86_64-unknown-linux-gnu/lib/librustc_unicode
rustc: x86_64-unknown-linux-gnu/stage1/lib/rustlib/x86_64-unknown-linux-gnu/lib/libcollections
rustc: x86_64-unknown-linux-gnu/stage1/lib/rustlib/x86_64-unknown-linux-gnu/lib/liballoc_jemalloc
rustc: x86_64-unknown-linux-gnu/stage1/lib/rustlib/x86_64-unknown-linux-gnu/lib/libstd
rustc: x86_64-unknown-linux-gnu/stage1/lib/rustlib/x86_64-unknown-linux-gnu/lib/libarena
rustc: x86_64-unknown-linux-gnu/stage1/lib/rustlib/x86_64-unknown-linux-gnu/lib/libflate
rustc: x86_64-unknown-linux-gnu/stage1/lib/rustlib/x86_64-unknown-linux-gnu/lib/libgetopts
rustc: x86_64-unknown-linux-gnu/stage1/lib/rustlib/x86_64-unknown-linux-gnu/lib/libgraphviz
rustc: x86_64-unknown-linux-gnu/stage1/lib/rustlib/x86_64-unknown-linux-gnu/lib/liblog
rustc: x86_64-unknown-linux-gnu/stage1/lib/rustlib/x86_64-unknown-linux-gnu/lib/libterm
rustc: x86_64-unknown-linux-gnu/stage1/lib/rustlib/x86_64-unknown-linux-gnu/lib/libserialize
rustc: x86_64-unknown-linux-gnu/stage1/lib/rustlib/x86_64-unknown-linux-gnu/lib/libfmt_macros
rustc: x86_64-unknown-linux-gnu/stage1/lib/rustlib/x86_64-unknown-linux-gnu/lib/librustc_bitflags
rustc: x86_64-unknown-linux-gnu/stage1/lib/rustlib/x86_64-unknown-linux-gnu/lib/libsyntax
rustc: x86_64-unknown-linux-gnu/stage1/lib/rustlib/x86_64-unknown-linux-gnu/lib/librbml
rustc: x86_64-unknown-linux-gnu/stage1/lib/rustlib/x86_64-unknown-linux-gnu/lib/librustc_llvm
rustc: x86_64-unknown-linux-gnu/stage1/lib/rustlib/x86_64-unknown-linux-gnu/lib/librustc_back
rustc: x86_64-unknown-linux-gnu/stage1/lib/rustlib/x86_64-unknown-linux-gnu/lib/librustc_data_structures
rustc: x86_64-unknown-linux-gnu/stage1/lib/rustlib/x86_64-unknown-linux-gnu/lib/librustc
rustc: x86_64-unknown-linux-gnu/stage1/lib/rustlib/x86_64-unknown-linux-gnu/lib/librustc_borrowck
rustc: x86_64-unknown-linux-gnu/stage1/lib/rustlib/x86_64-unknown-linux-gnu/lib/librustc_typeck
rustc: x86_64-unknown-linux-gnu/stage1/lib/rustlib/x86_64-unknown-linux-gnu/lib/librustc_resolve
rustc: x86_64-unknown-linux-gnu/stage1/lib/rustlib/x86_64-unknown-linux-gnu/lib/librustc_trans
rustc: x86_64-unknown-linux-gnu/stage1/lib/rustlib/x86_64-unknown-linux-gnu/lib/librustc_privacy
rustc: x86_64-unknown-linux-gnu/stage1/lib/rustlib/x86_64-unknown-linux-gnu/lib/librustc_lint
rustc: x86_64-unknown-linux-gnu/stage1/lib/rustlib/x86_64-unknown-linux-gnu/lib/librustc_driver
rustc: x86_64-unknown-linux-gnu/stage1/lib/rustlib/x86_64-unknown-linux-gnu/bin/rustc
cp: x86_64-unknown-linux-gnu/stage2/lib/libstd
cp: x86_64-unknown-linux-gnu/stage2/lib/libarena
cp: x86_64-unknown-linux-gnu/stage2/lib/libflate
cp: x86_64-unknown-linux-gnu/stage2/lib/libgetopts
cp: x86_64-unknown-linux-gnu/stage2/lib/libgraphviz
cp: x86_64-unknown-linux-gnu/stage2/lib/liblog
cp: x86_64-unknown-linux-gnu/stage2/lib/libterm
cp: x86_64-unknown-linux-gnu/stage2/lib/libserialize
cp: x86_64-unknown-linux-gnu/stage2/lib/libfmt_macros
cp: x86_64-unknown-linux-gnu/stage2/lib/libsyntax
cp: x86_64-unknown-linux-gnu/stage2/lib/librbml
cp: x86_64-unknown-linux-gnu/stage2/lib/librustc_llvm
cp: x86_64-unknown-linux-gnu/stage2/lib/librustc_back
cp: x86_64-unknown-linux-gnu/stage2/lib/librustc_data_structures
cp: x86_64-unknown-linux-gnu/stage2/lib/librustc
cp: x86_64-unknown-linux-gnu/stage2/lib/librustc_borrowck
cp: x86_64-unknown-linux-gnu/stage2/lib/librustc_typeck
cp: x86_64-unknown-linux-gnu/stage2/lib/librustc_resolve
cp: x86_64-unknown-linux-gnu/stage2/lib/librustc_trans
cp: x86_64-unknown-linux-gnu/stage2/lib/librustc_privacy
cp: x86_64-unknown-linux-gnu/stage2/lib/librustc_lint
cp: x86_64-unknown-linux-gnu/stage2/lib/librustc_driver
cp: x86_64-unknown-linux-gnu/stage2/bin/rustc
rustc: x86_64-unknown-linux-gnu/stage1/lib/rustlib/x86_64-unknown-linux-gnu/lib/libtest
rustc: x86_64-unknown-linux-gnu/stage1/lib/rustlib/x86_64-unknown-linux-gnu/lib/librustdoc
rustc: x86_64-unknown-linux-gnu/stage1/lib/rustlib/x86_64-unknown-linux-gnu/bin/rustdoc
cp: x86_64-unknown-linux-gnu/stage2/lib/libtest
cp: x86_64-unknown-linux-gnu/stage2/lib/librustdoc
cp: x86_64-unknown-linux-gnu/stage2/bin/rustdoc
rustc: x86_64-unknown-linux-gnu/stage2/lib/rustlib/x86_64-unknown-linux-gnu/lib/libcore
time: 0.068; rss: 54MB	parsing
time: 0.024; rss: 56MB	configuration 1
time: 0.000; rss: 56MB	recursion limit
time: 0.002; rss: 56MB	gated macro checking
time: 0.000; rss: 56MB	crate injection
time: 0.001; rss: 56MB	macro loading
time: 0.000; rss: 56MB	plugin loading
time: 0.000; rss: 56MB	plugin registration
time: 0.453; rss: 79MB	expansion
time: 0.010; rss: 79MB	complete gated feature checking 1
time: 0.092; rss: 81MB	configuration 2
time: 0.047; rss: 81MB	maybe building test harness
time: 0.000; rss: 81MB	prelude injection
time: 0.005; rss: 81MB	checking that all macro invocations are gone
time: 0.010; rss: 81MB	complete gated feature checking 2
time: 0.053; rss: 87MB	assigning node ids and indexing ast
time: 0.005; rss: 87MB	external crate/lib resolution
time: 0.010; rss: 87MB	language item collection
time: 0.079; rss: 105MB	resolution
time: 0.011; rss: 103MB	lifetime resolution
time: 0.000; rss: 103MB	looking for entry point
time: 0.005; rss: 103MB	looking for plugin registrar
time: 0.029; rss: 115MB	region resolution
time: 0.005; rss: 115MB	loop checking
time: 0.005; rss: 115MB	static item recursion checking
time: 0.057; rss: 120MB	type collecting
time: 0.010; rss: 120MB	variance inference
time: 0.635; rss: 131MB	coherence checking
time: 0.368; rss: 133MB	wf checking (old)
time: 0.505; rss: 139MB	item-types checking
time: 4.421; rss: 171MB	item-bodies checking
time: 0.000; rss: 171MB	drop-impl checking
time: 0.746; rss: 173MB	wf checking (new)
time: 0.382; rss: 179MB	const checking
time: 0.050; rss: 179MB	privacy checking
time: 0.004; rss: 179MB	stability index
time: 0.031; rss: 179MB	intrinsic checking
time: 0.010; rss: 179MB	effect checking
time: 0.108; rss: 179MB	match checking
time: 0.022; rss: 179MB	liveness checking
time: 0.751; rss: 179MB	borrow checking
time: 0.376; rss: 179MB	rvalue checking
time: 0.017; rss: 179MB	reachability checking
time: 0.033; rss: 179MB	death checking
time: 0.024; rss: 179MB	stability checking
time: 0.000; rss: 179MB	unused lib feature checking
time: 0.476; rss: 179MB	lint checking
time: 0.000; rss: 179MB	resolving dependency formats
time: 1.494; rss: 258MB	translation
  time: 0.233; rss: 125MB	llvm function passes
  time: 1.904; rss: 127MB	llvm module passes
  time: 1.450; rss: 131MB	codegen passes
  time: 0.003; rss: 125MB	codegen passes
time: 3.656; rss: 125MB	LLVM passes
time: 0.055; rss: 124MB	linking
rustc: x86_64-unknown-linux-gnu/stage2/lib/rustlib/x86_64-unknown-linux-gnu/lib/liblibc
time: 0.019; rss: 38MB	parsing
time: 0.004; rss: 36MB	configuration 1
time: 0.000; rss: 36MB	recursion limit
time: 0.000; rss: 36MB	gated macro checking
time: 0.000; rss: 36MB	crate injection
time: 0.001; rss: 36MB	macro loading
time: 0.000; rss: 36MB	plugin loading
time: 0.000; rss: 36MB	plugin registration
time: 0.009; rss: 37MB	expansion
time: 0.000; rss: 37MB	complete gated feature checking 1
time: 0.002; rss: 37MB	configuration 2
time: 0.001; rss: 37MB	maybe building test harness
time: 0.001; rss: 37MB	prelude injection
time: 0.000; rss: 37MB	checking that all macro invocations are gone
time: 0.000; rss: 37MB	complete gated feature checking 2
time: 0.001; rss: 38MB	assigning node ids and indexing ast
time: 0.000; rss: 38MB	external crate/lib resolution
time: 0.000; rss: 38MB	language item collection
time: 0.004; rss: 42MB	resolution
time: 0.000; rss: 42MB	lifetime resolution
time: 0.000; rss: 42MB	looking for entry point
time: 0.000; rss: 42MB	looking for plugin registrar
time: 0.000; rss: 42MB	region resolution
time: 0.000; rss: 42MB	loop checking
time: 0.000; rss: 42MB	static item recursion checking
time: 0.001; rss: 44MB	type collecting
time: 0.000; rss: 44MB	variance inference
time: 0.006; rss: 53MB	coherence checking
time: 0.002; rss: 53MB	wf checking (old)
time: 0.011; rss: 56MB	item-types checking
time: 0.017; rss: 57MB	item-bodies checking
time: 0.000; rss: 57MB	drop-impl checking
time: 0.003; rss: 57MB	wf checking (new)
time: 0.003; rss: 57MB	const checking
time: 0.001; rss: 57MB	privacy checking
time: 0.000; rss: 57MB	stability index
time: 0.000; rss: 57MB	intrinsic checking
time: 0.000; rss: 57MB	effect checking
time: 0.000; rss: 57MB	match checking
time: 0.000; rss: 57MB	liveness checking
time: 0.003; rss: 57MB	borrow checking
time: 0.001; rss: 57MB	rvalue checking
time: 0.000; rss: 57MB	reachability checking
time: 0.001; rss: 57MB	death checking
time: 0.000; rss: 57MB	stability checking
time: 0.000; rss: 57MB	unused lib feature checking
time: 0.005; rss: 58MB	lint checking
time: 0.000; rss: 58MB	resolving dependency formats
time: 0.035; rss: 71MB	translation
  time: 0.002; rss: 68MB	llvm function passes
  time: 0.009; rss: 68MB	llvm module passes
  time: 0.008; rss: 72MB	codegen passes
  time: 0.000; rss: 72MB	codegen passes
time: 0.021; rss: 72MB	LLVM passes
time: 0.001; rss: 73MB	linking
rustc: x86_64-unknown-linux-gnu/stage2/lib/rustlib/x86_64-unknown-linux-gnu/lib/librand
time: 0.011; rss: 37MB	parsing
time: 0.003; rss: 37MB	configuration 1
time: 0.000; rss: 37MB	recursion limit
time: 0.000; rss: 37MB	gated macro checking
time: 0.000; rss: 37MB	crate injection
time: 0.001; rss: 39MB	macro loading
time: 0.000; rss: 39MB	plugin loading
time: 0.000; rss: 39MB	plugin registration
time: 0.023; rss: 40MB	expansion
time: 0.000; rss: 40MB	complete gated feature checking 1
time: 0.005; rss: 40MB	configuration 2
time: 0.002; rss: 40MB	maybe building test harness
time: 0.002; rss: 40MB	prelude injection
time: 0.000; rss: 40MB	checking that all macro invocations are gone
time: 0.000; rss: 40MB	complete gated feature checking 2
time: 0.003; rss: 40MB	assigning node ids and indexing ast
time: 0.000; rss: 40MB	external crate/lib resolution
time: 0.000; rss: 40MB	language item collection
time: 0.007; rss: 49MB	resolution
time: 0.000; rss: 49MB	lifetime resolution
time: 0.000; rss: 49MB	looking for entry point
time: 0.000; rss: 49MB	looking for plugin registrar
time: 0.001; rss: 49MB	region resolution
time: 0.000; rss: 49MB	loop checking
time: 0.000; rss: 49MB	static item recursion checking
time: 0.002; rss: 49MB	type collecting
time: 0.000; rss: 49MB	variance inference
time: 0.030; rss: 65MB	coherence checking
time: 0.007; rss: 65MB	wf checking (old)
time: 0.016; rss: 67MB	item-types checking
time: 0.251; rss: 82MB	item-bodies checking
time: 0.000; rss: 82MB	drop-impl checking
time: 0.016; rss: 82MB	wf checking (new)
time: 0.033; rss: 82MB	const checking
time: 0.001; rss: 82MB	privacy checking
time: 0.000; rss: 82MB	stability index
time: 0.001; rss: 82MB	intrinsic checking
time: 0.000; rss: 82MB	effect checking
time: 0.004; rss: 82MB	match checking
time: 0.001; rss: 82MB	liveness checking
time: 0.061; rss: 82MB	borrow checking
time: 0.028; rss: 82MB	rvalue checking
time: 0.000; rss: 82MB	reachability checking
time: 0.001; rss: 82MB	death checking
time: 0.001; rss: 82MB	stability checking
time: 0.000; rss: 82MB	unused lib feature checking
time: 0.018; rss: 82MB	lint checking
time: 0.000; rss: 82MB	resolving dependency formats
time: 0.129; rss: 100MB	translation
  time: 0.022; rss: 79MB	llvm function passes
  time: 0.147; rss: 79MB	llvm module passes
  time: 0.049; rss: 84MB	codegen passes
  time: 0.000; rss: 83MB	codegen passes
time: 0.223; rss: 83MB	LLVM passes
time: 0.003; rss: 83MB	linking
rustc: x86_64-unknown-linux-gnu/stage2/lib/rustlib/x86_64-unknown-linux-gnu/lib/liballoc_system
time: 0.001; rss: 29MB	parsing
time: 0.000; rss: 33MB	configuration 1
time: 0.000; rss: 33MB	recursion limit
time: 0.000; rss: 33MB	gated macro checking
time: 0.000; rss: 33MB	crate injection
time: 0.001; rss: 33MB	macro loading
time: 0.000; rss: 33MB	plugin loading
time: 0.000; rss: 33MB	plugin registration
time: 0.001; rss: 35MB	expansion
time: 0.000; rss: 35MB	complete gated feature checking 1
time: 0.000; rss: 35MB	configuration 2
time: 0.000; rss: 35MB	maybe building test harness
time: 0.000; rss: 35MB	prelude injection
time: 0.000; rss: 35MB	checking that all macro invocations are gone
time: 0.000; rss: 35MB	complete gated feature checking 2
time: 0.000; rss: 35MB	assigning node ids and indexing ast
time: 0.000; rss: 35MB	external crate/lib resolution
time: 0.000; rss: 35MB	language item collection
time: 0.002; rss: 39MB	resolution
time: 0.000; rss: 39MB	lifetime resolution
time: 0.000; rss: 39MB	looking for entry point
time: 0.000; rss: 39MB	looking for plugin registrar
time: 0.000; rss: 39MB	region resolution
time: 0.000; rss: 39MB	loop checking
time: 0.000; rss: 39MB	static item recursion checking
time: 0.000; rss: 39MB	type collecting
time: 0.000; rss: 39MB	variance inference
time: 0.001; rss: 39MB	coherence checking
time: 0.000; rss: 44MB	wf checking (old)
time: 0.000; rss: 44MB	item-types checking
time: 0.012; rss: 50MB	item-bodies checking
time: 0.000; rss: 50MB	drop-impl checking
time: 0.000; rss: 50MB	wf checking (new)
time: 0.001; rss: 50MB	const checking
time: 0.000; rss: 50MB	privacy checking
time: 0.000; rss: 50MB	stability index
time: 0.000; rss: 50MB	intrinsic checking
time: 0.000; rss: 50MB	effect checking
time: 0.000; rss: 50MB	match checking
time: 0.000; rss: 50MB	liveness checking
time: 0.001; rss: 50MB	borrow checking
time: 0.000; rss: 50MB	rvalue checking
time: 0.000; rss: 50MB	reachability checking
time: 0.000; rss: 50MB	death checking
time: 0.000; rss: 50MB	stability checking
time: 0.000; rss: 50MB	unused lib feature checking
time: 0.000; rss: 50MB	lint checking
time: 0.000; rss: 50MB	resolving dependency formats
time: 0.004; rss: 63MB	translation
  time: 0.001; rss: 63MB	llvm function passes
  time: 0.003; rss: 63MB	llvm module passes
  time: 0.003; rss: 68MB	codegen passes
  time: 0.000; rss: 68MB	codegen passes
time: 0.009; rss: 68MB	LLVM passes
time: 0.001; rss: 68MB	linking
rustc: x86_64-unknown-linux-gnu/stage2/lib/rustlib/x86_64-unknown-linux-gnu/lib/liballoc
time: 0.009; rss: 31MB	parsing
time: 0.003; rss: 35MB	configuration 1
time: 0.000; rss: 35MB	recursion limit
time: 0.000; rss: 35MB	gated macro checking
time: 0.000; rss: 35MB	crate injection
time: 0.001; rss: 36MB	macro loading
time: 0.000; rss: 36MB	plugin loading
time: 0.000; rss: 36MB	plugin registration
time: 0.010; rss: 37MB	expansion
time: 0.000; rss: 37MB	complete gated feature checking 1
time: 0.003; rss: 37MB	configuration 2
time: 0.001; rss: 37MB	maybe building test harness
time: 0.001; rss: 37MB	prelude injection
time: 0.000; rss: 37MB	checking that all macro invocations are gone
time: 0.000; rss: 37MB	complete gated feature checking 2
time: 0.001; rss: 37MB	assigning node ids and indexing ast
time: 0.000; rss: 37MB	external crate/lib resolution
time: 0.000; rss: 37MB	language item collection
time: 0.007; rss: 50MB	resolution
time: 0.000; rss: 50MB	lifetime resolution
time: 0.000; rss: 50MB	looking for entry point
time: 0.000; rss: 50MB	looking for plugin registrar
time: 0.000; rss: 50MB	region resolution
time: 0.000; rss: 50MB	loop checking
time: 0.000; rss: 50MB	static item recursion checking
time: 0.002; rss: 53MB	type collecting
time: 0.000; rss: 53MB	variance inference
time: 0.039; rss: 66MB	coherence checking
time: 0.005; rss: 66MB	wf checking (old)
time: 0.004; rss: 66MB	item-types checking
time: 0.070; rss: 72MB	item-bodies checking
time: 0.000; rss: 72MB	drop-impl checking
time: 0.010; rss: 72MB	wf checking (new)
time: 0.012; rss: 72MB	const checking
time: 0.001; rss: 72MB	privacy checking
time: 0.000; rss: 72MB	stability index
time: 0.001; rss: 72MB	intrinsic checking
time: 0.000; rss: 72MB	effect checking
time: 0.002; rss: 72MB	match checking
time: 0.000; rss: 72MB	liveness checking
time: 0.021; rss: 72MB	borrow checking
time: 0.010; rss: 72MB	rvalue checking
time: 0.000; rss: 72MB	reachability checking
time: 0.000; rss: 72MB	death checking
time: 0.001; rss: 72MB	stability checking
time: 0.000; rss: 72MB	unused lib feature checking
time: 0.007; rss: 72MB	lint checking
time: 0.000; rss: 72MB	resolving dependency formats
time: 0.045; rss: 86MB	translation
  time: 0.002; rss: 73MB	llvm function passes
  time: 0.007; rss: 73MB	llvm module passes
  time: 0.004; rss: 78MB	codegen passes
  time: 0.000; rss: 78MB	codegen passes
time: 0.016; rss: 78MB	LLVM passes
time: 0.001; rss: 78MB	linking
rustc: x86_64-unknown-linux-gnu/stage2/lib/rustlib/x86_64-unknown-linux-gnu/lib/librustc_unicode
time: 0.032; rss: 41MB	parsing
time: 0.006; rss: 41MB	configuration 1
time: 0.000; rss: 41MB	recursion limit
time: 0.000; rss: 41MB	gated macro checking
time: 0.000; rss: 41MB	crate injection
time: 0.001; rss: 41MB	macro loading
time: 0.000; rss: 41MB	plugin loading
time: 0.000; rss: 41MB	plugin registration
time: 0.050; rss: 44MB	expansion
time: 0.000; rss: 44MB	complete gated feature checking 1
time: 0.005; rss: 44MB	configuration 2
time: 0.003; rss: 44MB	maybe building test harness
time: 0.003; rss: 44MB	prelude injection
time: 0.000; rss: 44MB	checking that all macro invocations are gone
time: 0.000; rss: 44MB	complete gated feature checking 2
time: 0.003; rss: 45MB	assigning node ids and indexing ast
time: 0.000; rss: 45MB	external crate/lib resolution
time: 0.000; rss: 45MB	language item collection
time: 0.004; rss: 54MB	resolution
time: 0.000; rss: 54MB	lifetime resolution
time: 0.000; rss: 54MB	looking for entry point
time: 0.000; rss: 54MB	looking for plugin registrar
time: 0.004; rss: 56MB	region resolution
time: 0.000; rss: 56MB	loop checking
time: 0.000; rss: 56MB	static item recursion checking
time: 0.001; rss: 56MB	type collecting
time: 0.000; rss: 56MB	variance inference
time: 0.035; rss: 70MB	coherence checking
time: 0.003; rss: 70MB	wf checking (old)
time: 0.050; rss: 72MB	item-types checking
time: 0.035; rss: 76MB	item-bodies checking
time: 0.000; rss: 76MB	drop-impl checking
time: 0.003; rss: 76MB	wf checking (new)
time: 0.092; rss: 78MB	const checking
time: 0.001; rss: 78MB	privacy checking
time: 0.000; rss: 78MB	stability index
time: 0.000; rss: 78MB	intrinsic checking
time: 0.000; rss: 78MB	effect checking
time: 0.001; rss: 78MB	match checking
time: 0.000; rss: 78MB	liveness checking
time: 0.007; rss: 78MB	borrow checking
time: 0.004; rss: 78MB	rvalue checking
time: 0.000; rss: 78MB	reachability checking
time: 0.001; rss: 78MB	death checking
time: 0.001; rss: 78MB	stability checking
time: 0.000; rss: 78MB	unused lib feature checking
time: 0.009; rss: 78MB	lint checking
time: 0.000; rss: 78MB	resolving dependency formats
time: 0.206; rss: 103MB	translation
  time: 0.015; rss: 78MB	llvm function passes
  time: 0.163; rss: 80MB	llvm module passes
  time: 0.072; rss: 83MB	codegen passes
  time: 0.001; rss: 82MB	codegen passes
time: 0.259; rss: 82MB	LLVM passes
time: 0.007; rss: 82MB	linking
rustc: x86_64-unknown-linux-gnu/stage2/lib/rustlib/x86_64-unknown-linux-gnu/lib/libcollections
time: 0.036; rss: 44MB	parsing
time: 0.014; rss: 44MB	configuration 1
time: 0.000; rss: 44MB	recursion limit
time: 0.001; rss: 44MB	gated macro checking
time: 0.000; rss: 44MB	crate injection
time: 0.001; rss: 44MB	macro loading
time: 0.000; rss: 44MB	plugin loading
time: 0.000; rss: 44MB	plugin registration
time: 0.088; rss: 48MB	expansion
time: 0.003; rss: 48MB	complete gated feature checking 1
time: 0.018; rss: 48MB	configuration 2
time: 0.009; rss: 48MB	maybe building test harness
time: 0.008; rss: 48MB	prelude injection
time: 0.001; rss: 48MB	checking that all macro invocations are gone
time: 0.002; rss: 48MB	complete gated feature checking 2
time: 0.009; rss: 48MB	assigning node ids and indexing ast
time: 0.001; rss: 49MB	external crate/lib resolution
time: 0.001; rss: 49MB	language item collection
time: 0.025; rss: 66MB	resolution
time: 0.002; rss: 66MB	lifetime resolution
time: 0.000; rss: 66MB	looking for entry point
time: 0.001; rss: 66MB	looking for plugin registrar
time: 0.005; rss: 67MB	region resolution
time: 0.001; rss: 67MB	loop checking
time: 0.001; rss: 67MB	static item recursion checking
time: 0.013; rss: 72MB	type collecting
time: 0.002; rss: 72MB	variance inference
time: 0.114; rss: 89MB	coherence checking
time: 0.052; rss: 89MB	wf checking (old)
time: 0.038; rss: 91MB	item-types checking
time: 1.249; rss: 116MB	item-bodies checking
time: 0.000; rss: 116MB	drop-impl checking
time: 0.139; rss: 116MB	wf checking (new)
time: 0.105; rss: 116MB	const checking
time: 0.008; rss: 116MB	privacy checking
time: 0.001; rss: 116MB	stability index
time: 0.007; rss: 116MB	intrinsic checking
time: 0.001; rss: 116MB	effect checking
time: 0.033; rss: 116MB	match checking
time: 0.004; rss: 116MB	liveness checking
time: 0.215; rss: 116MB	borrow checking
time: 0.145; rss: 116MB	rvalue checking
time: 0.003; rss: 116MB	reachability checking
time: 0.006; rss: 116MB	death checking
time: 0.008; rss: 116MB	stability checking
time: 0.000; rss: 116MB	unused lib feature checking
time: 0.126; rss: 116MB	lint checking
time: 0.000; rss: 116MB	resolving dependency formats
time: 0.434; rss: 155MB	translation
  time: 0.040; rss: 92MB	llvm function passes
  time: 0.408; rss: 94MB	llvm module passes
  time: 0.152; rss: 98MB	codegen passes
  time: 0.001; rss: 97MB	codegen passes
time: 0.609; rss: 97MB	LLVM passes
time: 0.012; rss: 97MB	linking
rustc: x86_64-unknown-linux-gnu/stage2/lib/rustlib/x86_64-unknown-linux-gnu/lib/liballoc_jemalloc
time: 0.000; rss: 29MB	parsing
time: 0.000; rss: 33MB	configuration 1
time: 0.000; rss: 33MB	recursion limit
time: 0.000; rss: 33MB	gated macro checking
time: 0.000; rss: 33MB	crate injection
time: 0.001; rss: 33MB	macro loading
time: 0.000; rss: 33MB	plugin loading
time: 0.000; rss: 33MB	plugin registration
time: 0.001; rss: 33MB	expansion
time: 0.000; rss: 33MB	complete gated feature checking 1
time: 0.000; rss: 33MB	configuration 2
time: 0.000; rss: 33MB	maybe building test harness
time: 0.000; rss: 33MB	prelude injection
time: 0.000; rss: 33MB	checking that all macro invocations are gone
time: 0.000; rss: 33MB	complete gated feature checking 2
time: 0.000; rss: 33MB	assigning node ids and indexing ast
time: 0.000; rss: 33MB	external crate/lib resolution
time: 0.000; rss: 33MB	language item collection
time: 0.002; rss: 37MB	resolution
time: 0.000; rss: 37MB	lifetime resolution
time: 0.000; rss: 37MB	looking for entry point
time: 0.000; rss: 37MB	looking for plugin registrar
time: 0.000; rss: 37MB	region resolution
time: 0.000; rss: 37MB	loop checking
time: 0.000; rss: 37MB	static item recursion checking
time: 0.000; rss: 37MB	type collecting
time: 0.000; rss: 37MB	variance inference
time: 0.001; rss: 42MB	coherence checking
time: 0.000; rss: 42MB	wf checking (old)
time: 0.000; rss: 42MB	item-types checking
time: 0.010; rss: 48MB	item-bodies checking
time: 0.000; rss: 48MB	drop-impl checking
time: 0.000; rss: 48MB	wf checking (new)
time: 0.000; rss: 48MB	const checking
time: 0.000; rss: 48MB	privacy checking
time: 0.000; rss: 48MB	stability index
time: 0.000; rss: 48MB	intrinsic checking
time: 0.000; rss: 48MB	effect checking
time: 0.000; rss: 48MB	match checking
time: 0.000; rss: 48MB	liveness checking
time: 0.001; rss: 48MB	borrow checking
time: 0.000; rss: 48MB	rvalue checking
time: 0.000; rss: 48MB	reachability checking
time: 0.000; rss: 48MB	death checking
time: 0.000; rss: 48MB	stability checking
time: 0.000; rss: 48MB	unused lib feature checking
time: 0.000; rss: 48MB	lint checking
time: 0.000; rss: 48MB	resolving dependency formats
time: 0.004; rss: 63MB	translation
  time: 0.001; rss: 63MB	llvm function passes
  time: 0.002; rss: 63MB	llvm module passes
  time: 0.003; rss: 68MB	codegen passes
  time: 0.000; rss: 68MB	codegen passes
time: 0.008; rss: 68MB	LLVM passes
time: 0.002; rss: 68MB	linking
rustc: x86_64-unknown-linux-gnu/stage2/lib/rustlib/x86_64-unknown-linux-gnu/lib/libstd
time: 0.146; rss: 75MB	parsing
time: 0.048; rss: 72MB	configuration 1
time: 0.000; rss: 72MB	recursion limit
time: 0.003; rss: 72MB	gated macro checking
time: 0.000; rss: 72MB	crate injection
time: 0.004; rss: 74MB	macro loading
time: 0.000; rss: 74MB	plugin loading
time: 0.000; rss: 74MB	plugin registration
time: 0.250; rss: 71MB	expansion
time: 0.008; rss: 71MB	complete gated feature checking 1
time: 0.049; rss: 71MB	configuration 2
time: 0.024; rss: 71MB	maybe building test harness
time: 0.022; rss: 71MB	prelude injection
time: 0.003; rss: 71MB	checking that all macro invocations are gone
time: 0.007; rss: 71MB	complete gated feature checking 2
time: 0.027; rss: 73MB	assigning node ids and indexing ast
time: 0.004; rss: 74MB	external crate/lib resolution
time: 0.006; rss: 74MB	language item collection
time: 0.069; rss: 107MB	resolution
time: 0.006; rss: 105MB	lifetime resolution
time: 0.000; rss: 105MB	looking for entry point
time: 0.003; rss: 105MB	looking for plugin registrar
time: 0.021; rss: 112MB	region resolution
time: 0.004; rss: 112MB	loop checking
time: 0.003; rss: 112MB	static item recursion checking
time: 0.027; rss: 118MB	type collecting
time: 0.007; rss: 119MB	variance inference
time: 0.111; rss: 141MB	coherence checking
time: 0.048; rss: 144MB	wf checking (old)
time: 0.071; rss: 148MB	item-types checking
time: 1.278; rss: 181MB	item-bodies checking
time: 0.000; rss: 181MB	drop-impl checking
time: 0.147; rss: 181MB	wf checking (new)
time: 0.307; rss: 188MB	const checking
time: 0.027; rss: 189MB	privacy checking
time: 0.002; rss: 189MB	stability index
time: 0.011; rss: 189MB	intrinsic checking
time: 0.005; rss: 189MB	effect checking
time: 0.062; rss: 189MB	match checking
time: 0.013; rss: 189MB	liveness checking
time: 0.561; rss: 189MB	borrow checking
time: 0.321; rss: 189MB	rvalue checking
time: 0.008; rss: 189MB	reachability checking
time: 0.019; rss: 189MB	death checking
time: 0.021; rss: 189MB	stability checking
time: 0.000; rss: 189MB	unused lib feature checking
time: 0.101; rss: 189MB	lint checking
time: 0.000; rss: 189MB	resolving dependency formats
time: 1.327; rss: 273MB	translation
  time: 0.353; rss: 160MB	llvm function passes
  time: 4.089; rss: 166MB	llvm module passes
  time: 1.706; rss: 170MB	codegen passes
  time: 0.002; rss: 164MB	codegen passes
time: 6.266; rss: 164MB	LLVM passes
  time: 0.001; rss: 164MB	altering collections-a5fc0d6c.rlib
  time: 0.000; rss: 164MB	altering alloc-a5fc0d6c.rlib
  time: 0.000; rss: 164MB	altering rustc_unicode-a5fc0d6c.rlib
  time: 0.001; rss: 164MB	altering alloc_jemalloc-a5fc0d6c.rlib
  time: 0.000; rss: 164MB	altering libc-a5fc0d6c.rlib
  time: 0.000; rss: 164MB	altering rand-a5fc0d6c.rlib
  time: 0.001; rss: 164MB	altering core-a5fc0d6c.rlib
  time: 0.141; rss: 170MB	running linker
time: 0.217; rss: 168MB	linking
rustc: x86_64-unknown-linux-gnu/stage2/lib/rustlib/x86_64-unknown-linux-gnu/lib/libflate
time: 0.001; rss: 29MB	parsing
time: 0.000; rss: 29MB	configuration 1
time: 0.000; rss: 33MB	recursion limit
time: 0.000; rss: 33MB	gated macro checking
time: 0.000; rss: 33MB	crate injection
time: 0.003; rss: 35MB	macro loading
time: 0.000; rss: 35MB	plugin loading
time: 0.000; rss: 35MB	plugin registration
time: 0.002; rss: 35MB	expansion
time: 0.000; rss: 35MB	complete gated feature checking 1
time: 0.000; rss: 35MB	configuration 2
time: 0.000; rss: 35MB	maybe building test harness
time: 0.000; rss: 35MB	prelude injection
time: 0.000; rss: 35MB	checking that all macro invocations are gone
time: 0.000; rss: 35MB	complete gated feature checking 2
time: 0.000; rss: 35MB	assigning node ids and indexing ast
time: 0.001; rss: 35MB	external crate/lib resolution
time: 0.000; rss: 35MB	language item collection
time: 0.004; rss: 47MB	resolution
time: 0.000; rss: 47MB	lifetime resolution
time: 0.000; rss: 47MB	looking for entry point
time: 0.000; rss: 47MB	looking for plugin registrar
time: 0.000; rss: 47MB	region resolution
time: 0.000; rss: 47MB	loop checking
time: 0.000; rss: 47MB	static item recursion checking
time: 0.001; rss: 47MB	type collecting
time: 0.000; rss: 47MB	variance inference
time: 0.027; rss: 75MB	coherence checking
time: 0.001; rss: 75MB	wf checking (old)
time: 0.001; rss: 75MB	item-types checking
time: 0.016; rss: 77MB	item-bodies checking
time: 0.000; rss: 77MB	drop-impl checking
time: 0.001; rss: 77MB	wf checking (new)
time: 0.002; rss: 77MB	const checking
time: 0.000; rss: 77MB	privacy checking
time: 0.000; rss: 77MB	stability index
time: 0.000; rss: 77MB	intrinsic checking
time: 0.000; rss: 77MB	effect checking
time: 0.000; rss: 77MB	match checking
time: 0.000; rss: 77MB	liveness checking
time: 0.002; rss: 81MB	borrow checking
time: 0.001; rss: 81MB	rvalue checking
time: 0.000; rss: 81MB	reachability checking
time: 0.000; rss: 81MB	death checking
time: 0.000; rss: 81MB	stability checking
time: 0.000; rss: 81MB	unused lib feature checking
time: 0.001; rss: 81MB	lint checking
time: 0.001; rss: 81MB	resolving dependency formats
time: 0.017; rss: 93MB	translation
  time: 0.003; rss: 87MB	llvm function passes
  time: 0.007; rss: 87MB	llvm module passes
  time: 0.006; rss: 92MB	codegen passes
  time: 0.000; rss: 92MB	codegen passes
time: 0.018; rss: 91MB	LLVM passes
  time: 0.019; rss: 97MB	running linker
time: 0.020; rss: 96MB	linking
rustc: x86_64-unknown-linux-gnu/stage2/lib/rustlib/x86_64-unknown-linux-gnu/lib/libarena
time: 0.002; rss: 29MB	parsing
time: 0.001; rss: 33MB	configuration 1
time: 0.000; rss: 33MB	recursion limit
time: 0.000; rss: 33MB	gated macro checking
time: 0.000; rss: 33MB	crate injection
time: 0.003; rss: 36MB	macro loading
time: 0.000; rss: 36MB	plugin loading
time: 0.000; rss: 36MB	plugin registration
time: 0.003; rss: 37MB	expansion
time: 0.000; rss: 37MB	complete gated feature checking 1
time: 0.001; rss: 37MB	configuration 2
time: 0.000; rss: 37MB	maybe building test harness
time: 0.000; rss: 37MB	prelude injection
time: 0.000; rss: 37MB	checking that all macro invocations are gone
time: 0.000; rss: 37MB	complete gated feature checking 2
time: 0.000; rss: 37MB	assigning node ids and indexing ast
time: 0.001; rss: 37MB	external crate/lib resolution
time: 0.000; rss: 37MB	language item collection
time: 0.003; rss: 45MB	resolution
time: 0.000; rss: 45MB	lifetime resolution
time: 0.000; rss: 45MB	looking for entry point
time: 0.000; rss: 45MB	looking for plugin registrar
time: 0.000; rss: 45MB	region resolution
time: 0.000; rss: 45MB	loop checking
time: 0.000; rss: 45MB	static item recursion checking
time: 0.001; rss: 48MB	type collecting
time: 0.000; rss: 48MB	variance inference
time: 0.018; rss: 67MB	coherence checking
time: 0.001; rss: 67MB	wf checking (old)
time: 0.000; rss: 67MB	item-types checking
time: 0.078; rss: 89MB	item-bodies checking
time: 0.000; rss: 89MB	drop-impl checking
time: 0.001; rss: 89MB	wf checking (new)
time: 0.005; rss: 89MB	const checking
time: 0.000; rss: 89MB	privacy checking
time: 0.000; rss: 89MB	stability index
time: 0.000; rss: 89MB	intrinsic checking
time: 0.000; rss: 89MB	effect checking
time: 0.001; rss: 89MB	match checking
time: 0.000; rss: 89MB	liveness checking
time: 0.008; rss: 89MB	borrow checking
time: 0.004; rss: 89MB	rvalue checking
time: 0.000; rss: 89MB	reachability checking
time: 0.000; rss: 89MB	death checking
time: 0.000; rss: 89MB	stability checking
time: 0.000; rss: 89MB	unused lib feature checking
time: 0.004; rss: 89MB	lint checking
time: 0.001; rss: 89MB	resolving dependency formats
time: 0.050; rss: 106MB	translation
  time: 0.012; rss: 89MB	llvm function passes
  time: 0.074; rss: 90MB	llvm module passes
  time: 0.027; rss: 94MB	codegen passes
  time: 0.000; rss: 94MB	codegen passes
time: 0.116; rss: 94MB	LLVM passes
  time: 0.016; rss: 98MB	running linker
time: 0.018; rss: 98MB	linking
rustc: x86_64-unknown-linux-gnu/stage2/lib/rustlib/x86_64-unknown-linux-gnu/lib/liblog
time: 0.002; rss: 29MB	parsing
time: 0.001; rss: 29MB	configuration 1
time: 0.000; rss: 33MB	recursion limit
time: 0.000; rss: 33MB	gated macro checking
time: 0.000; rss: 33MB	crate injection
time: 0.003; rss: 35MB	macro loading
time: 0.000; rss: 35MB	plugin loading
time: 0.000; rss: 35MB	plugin registration
time: 0.005; rss: 37MB	expansion
time: 0.000; rss: 37MB	complete gated feature checking 1
time: 0.001; rss: 37MB	configuration 2
time: 0.000; rss: 37MB	maybe building test harness
time: 0.000; rss: 37MB	prelude injection
time: 0.000; rss: 37MB	checking that all macro invocations are gone
time: 0.000; rss: 37MB	complete gated feature checking 2
time: 0.001; rss: 37MB	assigning node ids and indexing ast
time: 0.001; rss: 37MB	external crate/lib resolution
time: 0.000; rss: 37MB	language item collection
time: 0.004; rss: 47MB	resolution
time: 0.000; rss: 47MB	lifetime resolution
time: 0.000; rss: 47MB	looking for entry point
time: 0.000; rss: 47MB	looking for plugin registrar
time: 0.000; rss: 47MB	region resolution
time: 0.000; rss: 47MB	loop checking
time: 0.000; rss: 47MB	static item recursion checking
time: 0.001; rss: 51MB	type collecting
time: 0.000; rss: 51MB	variance inference
time: 0.024; rss: 73MB	coherence checking
time: 0.001; rss: 73MB	wf checking (old)
time: 0.002; rss: 73MB	item-types checking
time: 0.092; rss: 92MB	item-bodies checking
time: 0.000; rss: 92MB	drop-impl checking
time: 0.001; rss: 92MB	wf checking (new)
time: 0.009; rss: 92MB	const checking
time: 0.000; rss: 92MB	privacy checking
time: 0.000; rss: 92MB	stability index
time: 0.000; rss: 92MB	intrinsic checking
time: 0.000; rss: 92MB	effect checking
time: 0.001; rss: 92MB	match checking
time: 0.000; rss: 92MB	liveness checking
time: 0.009; rss: 92MB	borrow checking
time: 0.004; rss: 92MB	rvalue checking
time: 0.000; rss: 92MB	reachability checking
time: 0.000; rss: 92MB	death checking
time: 0.001; rss: 92MB	stability checking
time: 0.000; rss: 92MB	unused lib feature checking
time: 0.002; rss: 92MB	lint checking
time: 0.001; rss: 92MB	resolving dependency formats
time: 0.118; rss: 118MB	translation
  time: 0.032; rss: 92MB	llvm function passes
  time: 0.432; rss: 96MB	llvm module passes
  time: 0.096; rss: 101MB	codegen passes
  time: 0.000; rss: 101MB	codegen passes
time: 0.566; rss: 101MB	LLVM passes
  time: 0.020; rss: 105MB	running linker
time: 0.025; rss: 105MB	linking
rustc: x86_64-unknown-linux-gnu/stage2/lib/rustlib/x86_64-unknown-linux-gnu/lib/libterm
time: 0.008; rss: 35MB	parsing
time: 0.002; rss: 35MB	configuration 1
time: 0.000; rss: 35MB	recursion limit
time: 0.000; rss: 35MB	gated macro checking
time: 0.000; rss: 35MB	crate injection
time: 0.003; rss: 38MB	macro loading
time: 0.000; rss: 38MB	plugin loading
time: 0.000; rss: 38MB	plugin registration
time: 0.020; rss: 40MB	expansion
time: 0.000; rss: 40MB	complete gated feature checking 1
time: 0.003; rss: 40MB	configuration 2
time: 0.001; rss: 40MB	maybe building test harness
time: 0.001; rss: 40MB	prelude injection
time: 0.000; rss: 40MB	checking that all macro invocations are gone
time: 0.000; rss: 40MB	complete gated feature checking 2
time: 0.002; rss: 40MB	assigning node ids and indexing ast
time: 0.001; rss: 40MB	external crate/lib resolution
time: 0.000; rss: 40MB	language item collection
time: 0.007; rss: 53MB	resolution
time: 0.000; rss: 53MB	lifetime resolution
time: 0.000; rss: 53MB	looking for entry point
time: 0.000; rss: 53MB	looking for plugin registrar
time: 0.001; rss: 55MB	region resolution
time: 0.000; rss: 55MB	loop checking
time: 0.000; rss: 55MB	static item recursion checking
time: 0.002; rss: 57MB	type collecting
time: 0.000; rss: 57MB	variance inference
time: 0.022; rss: 75MB	coherence checking
time: 0.002; rss: 75MB	wf checking (old)
time: 0.017; rss: 77MB	item-types checking
time: 0.200; rss: 100MB	item-bodies checking
time: 0.000; rss: 100MB	drop-impl checking
time: 0.004; rss: 100MB	wf checking (new)
time: 0.029; rss: 104MB	const checking
time: 0.001; rss: 104MB	privacy checking
time: 0.000; rss: 104MB	stability index
time: 0.000; rss: 104MB	intrinsic checking
time: 0.000; rss: 104MB	effect checking
time: 0.004; rss: 104MB	match checking
time: 0.001; rss: 106MB	liveness checking
time: 0.048; rss: 106MB	borrow checking
time: 0.022; rss: 106MB	rvalue checking
time: 0.000; rss: 106MB	reachability checking
time: 0.001; rss: 106MB	death checking
time: 0.002; rss: 106MB	stability checking
time: 0.000; rss: 106MB	unused lib feature checking
time: 0.006; rss: 106MB	lint checking
time: 0.001; rss: 106MB	resolving dependency formats
time: 0.280; rss: 141MB	translation
  time: 0.085; rss: 104MB	llvm function passes
  time: 1.273; rss: 109MB	llvm module passes
  time: 0.487; rss: 116MB	codegen passes
  time: 0.001; rss: 116MB	codegen passes
time: 1.872; rss: 116MB	LLVM passes
  time: 0.027; rss: 118MB	running linker
time: 0.045; rss: 116MB	linking
rustc: x86_64-unknown-linux-gnu/stage2/lib/rustlib/x86_64-unknown-linux-gnu/lib/libserialize
time: 0.018; rss: 39MB	parsing
time: 0.006; rss: 38MB	configuration 1
time: 0.000; rss: 38MB	recursion limit
time: 0.000; rss: 38MB	gated macro checking
time: 0.000; rss: 38MB	crate injection
time: 0.003; rss: 40MB	macro loading
time: 0.000; rss: 40MB	plugin loading
time: 0.000; rss: 40MB	plugin registration
time: 0.074; rss: 44MB	expansion
time: 0.002; rss: 44MB	complete gated feature checking 1
time: 0.013; rss: 44MB	configuration 2
time: 0.007; rss: 44MB	maybe building test harness
time: 0.006; rss: 44MB	prelude injection
time: 0.000; rss: 44MB	checking that all macro invocations are gone
time: 0.001; rss: 44MB	complete gated feature checking 2
time: 0.008; rss: 48MB	assigning node ids and indexing ast
time: 0.002; rss: 48MB	external crate/lib resolution
time: 0.001; rss: 48MB	language item collection
time: 0.024; rss: 67MB	resolution
time: 0.001; rss: 67MB	lifetime resolution
time: 0.000; rss: 67MB	looking for entry point
time: 0.000; rss: 67MB	looking for plugin registrar
time: 0.006; rss: 70MB	region resolution
time: 0.001; rss: 70MB	loop checking
time: 0.001; rss: 70MB	static item recursion checking
time: 0.008; rss: 74MB	type collecting
time: 0.001; rss: 74MB	variance inference
time: 0.075; rss: 103MB	coherence checking
time: 0.018; rss: 103MB	wf checking (old)
time: 0.021; rss: 103MB	item-types checking
time: 0.882; rss: 128MB	item-bodies checking
time: 0.000; rss: 128MB	drop-impl checking
time: 0.064; rss: 128MB	wf checking (new)
time: 0.212; rss: 132MB	const checking
time: 0.006; rss: 132MB	privacy checking
time: 0.000; rss: 132MB	stability index
time: 0.003; rss: 132MB	intrinsic checking
time: 0.001; rss: 132MB	effect checking
time: 0.054; rss: 132MB	match checking
time: 0.005; rss: 132MB	liveness checking
time: 0.412; rss: 132MB	borrow checking
time: 0.252; rss: 132MB	rvalue checking
time: 0.002; rss: 132MB	reachability checking
time: 0.004; rss: 132MB	death checking
time: 0.007; rss: 132MB	stability checking
time: 0.000; rss: 132MB	unused lib feature checking
time: 0.030; rss: 132MB	lint checking
time: 0.001; rss: 132MB	resolving dependency formats
time: 0.440; rss: 175MB	translation
  time: 0.103; rss: 113MB	llvm function passes
  time: 2.697; rss: 118MB	llvm module passes
  time: 0.527; rss: 122MB	codegen passes
  time: 0.001; rss: 120MB	codegen passes
time: 3.359; rss: 120MB	LLVM passes
  time: 0.028; rss: 124MB	running linker
time: 0.050; rss: 122MB	linking
rustc: x86_64-unknown-linux-gnu/stage2/lib/rustlib/x86_64-unknown-linux-gnu/lib/libgetopts
time: 0.005; rss: 35MB	parsing
time: 0.001; rss: 35MB	configuration 1
time: 0.000; rss: 35MB	recursion limit
time: 0.000; rss: 35MB	gated macro checking
time: 0.000; rss: 35MB	crate injection
time: 0.003; rss: 37MB	macro loading
time: 0.000; rss: 37MB	plugin loading
time: 0.000; rss: 37MB	plugin registration
time: 0.012; rss: 39MB	expansion
time: 0.000; rss: 39MB	complete gated feature checking 1
time: 0.002; rss: 39MB	configuration 2
time: 0.001; rss: 39MB	maybe building test harness
time: 0.001; rss: 39MB	prelude injection
time: 0.000; rss: 39MB	checking that all macro invocations are gone
time: 0.000; rss: 39MB	complete gated feature checking 2
time: 0.001; rss: 39MB	assigning node ids and indexing ast
time: 0.001; rss: 39MB	external crate/lib resolution
time: 0.000; rss: 39MB	language item collection
time: 0.005; rss: 47MB	resolution
time: 0.000; rss: 47MB	lifetime resolution
time: 0.000; rss: 47MB	looking for entry point
time: 0.000; rss: 47MB	looking for plugin registrar
time: 0.001; rss: 50MB	region resolution
time: 0.000; rss: 50MB	loop checking
time: 0.000; rss: 50MB	static item recursion checking
time: 0.001; rss: 50MB	type collecting
time: 0.000; rss: 50MB	variance inference
time: 0.022; rss: 71MB	coherence checking
time: 0.002; rss: 71MB	wf checking (old)
time: 0.003; rss: 71MB	item-types checking
time: 0.141; rss: 95MB	item-bodies checking
time: 0.000; rss: 95MB	drop-impl checking
time: 0.003; rss: 95MB	wf checking (new)
time: 0.014; rss: 97MB	const checking
time: 0.001; rss: 97MB	privacy checking
time: 0.000; rss: 97MB	stability index
time: 0.000; rss: 97MB	intrinsic checking
time: 0.000; rss: 97MB	effect checking
time: 0.002; rss: 97MB	match checking
time: 0.001; rss: 97MB	liveness checking
time: 0.024; rss: 97MB	borrow checking
time: 0.011; rss: 97MB	rvalue checking
time: 0.000; rss: 97MB	reachability checking
time: 0.000; rss: 97MB	death checking
time: 0.001; rss: 97MB	stability checking
time: 0.000; rss: 97MB	unused lib feature checking
time: 0.005; rss: 97MB	lint checking
time: 0.001; rss: 97MB	resolving dependency formats
time: 0.202; rss: 123MB	translation
  time: 0.058; rss: 97MB	llvm function passes
  time: 0.966; rss: 101MB	llvm module passes
  time: 0.379; rss: 108MB	codegen passes
  time: 0.000; rss: 107MB	codegen passes
time: 1.424; rss: 107MB	LLVM passes
  time: 0.023; rss: 113MB	running linker
time: 0.035; rss: 111MB	linking
rustc: x86_64-unknown-linux-gnu/stage2/lib/rustlib/x86_64-unknown-linux-gnu/lib/librbml
time: 0.005; rss: 34MB	parsing
time: 0.002; rss: 35MB	configuration 1
time: 0.000; rss: 35MB	recursion limit
time: 0.000; rss: 35MB	gated macro checking
time: 0.000; rss: 35MB	crate injection
time: 0.003; rss: 37MB	macro loading
time: 0.000; rss: 37MB	plugin loading
time: 0.000; rss: 37MB	plugin registration
time: 0.021; rss: 39MB	expansion
time: 0.000; rss: 39MB	complete gated feature checking 1
time: 0.003; rss: 39MB	configuration 2
time: 0.002; rss: 39MB	maybe building test harness
time: 0.002; rss: 39MB	prelude injection
time: 0.000; rss: 39MB	checking that all macro invocations are gone
time: 0.000; rss: 39MB	complete gated feature checking 2
time: 0.002; rss: 39MB	assigning node ids and indexing ast
time: 0.002; rss: 39MB	external crate/lib resolution
time: 0.000; rss: 39MB	language item collection
time: 0.006; rss: 51MB	resolution
time: 0.000; rss: 51MB	lifetime resolution
time: 0.000; rss: 51MB	looking for entry point
time: 0.000; rss: 51MB	looking for plugin registrar
time: 0.001; rss: 53MB	region resolution
time: 0.000; rss: 53MB	loop checking
time: 0.000; rss: 53MB	static item recursion checking
time: 0.002; rss: 56MB	type collecting
time: 0.000; rss: 56MB	variance inference
time: 0.054; rss: 88MB	coherence checking
time: 0.003; rss: 88MB	wf checking (old)
time: 0.011; rss: 88MB	item-types checking
time: 0.165; rss: 102MB	item-bodies checking
time: 0.000; rss: 102MB	drop-impl checking
time: 0.009; rss: 102MB	wf checking (new)
time: 0.047; rss: 105MB	const checking
time: 0.001; rss: 105MB	privacy checking
time: 0.000; rss: 105MB	stability index
time: 0.001; rss: 105MB	intrinsic checking
time: 0.000; rss: 105MB	effect checking
time: 0.007; rss: 105MB	match checking
time: 0.001; rss: 105MB	liveness checking
time: 0.082; rss: 105MB	borrow checking
time: 0.045; rss: 105MB	rvalue checking
time: 0.000; rss: 105MB	reachability checking
time: 0.001; rss: 105MB	death checking
time: 0.002; rss: 105MB	stability checking
time: 0.000; rss: 105MB	unused lib feature checking
time: 0.008; rss: 105MB	lint checking
time: 0.001; rss: 105MB	resolving dependency formats
time: 0.101; rss: 125MB	translation
  time: 0.025; rss: 98MB	llvm function passes
  time: 0.218; rss: 100MB	llvm module passes
  time: 0.113; rss: 103MB	codegen passes
  time: 0.000; rss: 102MB	codegen passes
time: 0.364; rss: 102MB	LLVM passes
  time: 0.023; rss: 106MB	running linker
time: 0.029; rss: 107MB	linking
rustc: x86_64-unknown-linux-gnu/stage2/lib/rustlib/x86_64-unknown-linux-gnu/lib/libtest
time: 0.007; rss: 35MB	parsing
time: 0.002; rss: 35MB	configuration 1
time: 0.000; rss: 35MB	recursion limit
time: 0.000; rss: 35MB	gated macro checking
time: 0.000; rss: 35MB	crate injection
time: 0.003; rss: 37MB	macro loading
time: 0.000; rss: 37MB	plugin loading
time: 0.000; rss: 37MB	plugin registration
time: 0.017; rss: 39MB	expansion
time: 0.000; rss: 39MB	complete gated feature checking 1
time: 0.003; rss: 39MB	configuration 2
time: 0.002; rss: 39MB	maybe building test harness
time: 0.001; rss: 39MB	prelude injection
time: 0.000; rss: 39MB	checking that all macro invocations are gone
time: 0.000; rss: 39MB	complete gated feature checking 2
time: 0.002; rss: 40MB	assigning node ids and indexing ast
time: 0.003; rss: 40MB	external crate/lib resolution
time: 0.000; rss: 40MB	language item collection
time: 0.010; rss: 55MB	resolution
time: 0.000; rss: 55MB	lifetime resolution
time: 0.000; rss: 55MB	looking for entry point
time: 0.000; rss: 55MB	looking for plugin registrar
time: 0.001; rss: 57MB	region resolution
time: 0.000; rss: 57MB	loop checking
time: 0.000; rss: 57MB	static item recursion checking
time: 0.003; rss: 59MB	type collecting
time: 0.000; rss: 59MB	variance inference
time: 0.027; rss: 82MB	coherence checking
time: 0.002; rss: 82MB	wf checking (old)
time: 0.004; rss: 82MB	item-types checking
time: 0.214; rss: 106MB	item-bodies checking
time: 0.000; rss: 106MB	drop-impl checking
time: 0.007; rss: 106MB	wf checking (new)
time: 0.032; rss: 106MB	const checking
time: 0.001; rss: 106MB	privacy checking
time: 0.000; rss: 106MB	stability index
time: 0.001; rss: 106MB	intrinsic checking
time: 0.000; rss: 106MB	effect checking
time: 0.006; rss: 106MB	match checking
time: 0.001; rss: 106MB	liveness checking
time: 0.057; rss: 106MB	borrow checking
time: 0.028; rss: 106MB	rvalue checking
time: 0.000; rss: 106MB	reachability checking
time: 0.001; rss: 106MB	death checking
time: 0.002; rss: 106MB	stability checking
time: 0.000; rss: 106MB	unused lib feature checking
time: 0.008; rss: 106MB	lint checking
time: 0.001; rss: 106MB	resolving dependency formats
time: 0.475; rss: 156MB	translation
  time: 0.142; rss: 115MB	llvm function passes
  time: 2.686; rss: 119MB	llvm module passes
  time: 0.811; rss: 125MB	codegen passes
  time: 0.001; rss: 121MB	codegen passes
time: 3.688; rss: 121MB	LLVM passes
  time: 0.027; rss: 125MB	running linker
time: 0.057; rss: 122MB	linking
rustc: x86_64-unknown-linux-gnu/stage2/lib/rustlib/x86_64-unknown-linux-gnu/lib/libgraphviz
time: 0.002; rss: 29MB	parsing
time: 0.001; rss: 34MB	configuration 1
time: 0.000; rss: 34MB	recursion limit
time: 0.000; rss: 34MB	gated macro checking
time: 0.000; rss: 34MB	crate injection
time: 0.003; rss: 36MB	macro loading
time: 0.000; rss: 36MB	plugin loading
time: 0.000; rss: 36MB	plugin registration
time: 0.004; rss: 37MB	expansion
time: 0.000; rss: 37MB	complete gated feature checking 1
time: 0.001; rss: 37MB	configuration 2
time: 0.000; rss: 37MB	maybe building test harness
time: 0.000; rss: 37MB	prelude injection
time: 0.000; rss: 37MB	checking that all macro invocations are gone
time: 0.000; rss: 37MB	complete gated feature checking 2
time: 0.000; rss: 37MB	assigning node ids and indexing ast
time: 0.001; rss: 37MB	external crate/lib resolution
time: 0.000; rss: 37MB	language item collection
time: 0.003; rss: 49MB	resolution
time: 0.000; rss: 49MB	lifetime resolution
time: 0.000; rss: 49MB	looking for entry point
time: 0.000; rss: 49MB	looking for plugin registrar
time: 0.000; rss: 49MB	region resolution
time: 0.000; rss: 49MB	loop checking
time: 0.000; rss: 49MB	static item recursion checking
time: 0.001; rss: 52MB	type collecting
time: 0.000; rss: 52MB	variance inference
time: 0.022; rss: 71MB	coherence checking
time: 0.001; rss: 71MB	wf checking (old)
time: 0.001; rss: 71MB	item-types checking
time: 0.082; rss: 89MB	item-bodies checking
time: 0.000; rss: 89MB	drop-impl checking
time: 0.003; rss: 89MB	wf checking (new)
time: 0.006; rss: 89MB	const checking
time: 0.000; rss: 89MB	privacy checking
time: 0.000; rss: 89MB	stability index
time: 0.000; rss: 89MB	intrinsic checking
time: 0.000; rss: 89MB	effect checking
time: 0.002; rss: 89MB	match checking
time: 0.000; rss: 89MB	liveness checking
time: 0.011; rss: 89MB	borrow checking
time: 0.006; rss: 89MB	rvalue checking
time: 0.000; rss: 89MB	reachability checking
time: 0.000; rss: 89MB	death checking
time: 0.000; rss: 89MB	stability checking
time: 0.000; rss: 89MB	unused lib feature checking
time: 0.002; rss: 89MB	lint checking
time: 0.001; rss: 89MB	resolving dependency formats
time: 0.054; rss: 108MB	translation
  time: 0.012; rss: 88MB	llvm function passes
  time: 0.082; rss: 89MB	llvm module passes
  time: 0.025; rss: 94MB	codegen passes
  time: 0.000; rss: 93MB	codegen passes
time: 0.122; rss: 93MB	LLVM passes
  time: 0.019; rss: 97MB	running linker
time: 0.021; rss: 98MB	linking
rustc: x86_64-unknown-linux-gnu/stage2/lib/rustlib/x86_64-unknown-linux-gnu/lib/librustc_bitflags
time: 0.001; rss: 29MB	parsing
time: 0.000; rss: 29MB	configuration 1
time: 0.000; rss: 29MB	recursion limit
time: 0.000; rss: 29MB	gated macro checking
time: 0.000; rss: 29MB	crate injection
time: 0.001; rss: 33MB	macro loading
time: 0.000; rss: 33MB	plugin loading
time: 0.000; rss: 33MB	plugin registration
time: 0.001; rss: 34MB	expansion
time: 0.000; rss: 34MB	complete gated feature checking 1
time: 0.000; rss: 34MB	configuration 2
time: 0.000; rss: 34MB	maybe building test harness
time: 0.000; rss: 34MB	prelude injection
time: 0.000; rss: 34MB	checking that all macro invocations are gone
time: 0.000; rss: 34MB	complete gated feature checking 2
time: 0.000; rss: 34MB	assigning node ids and indexing ast
time: 0.000; rss: 34MB	external crate/lib resolution
time: 0.000; rss: 34MB	language item collection
time: 0.001; rss: 34MB	resolution
time: 0.000; rss: 34MB	lifetime resolution
time: 0.000; rss: 34MB	looking for entry point
time: 0.000; rss: 34MB	looking for plugin registrar
time: 0.000; rss: 34MB	region resolution
time: 0.000; rss: 34MB	loop checking
time: 0.000; rss: 34MB	static item recursion checking
time: 0.000; rss: 38MB	type collecting
time: 0.000; rss: 38MB	variance inference
time: 0.001; rss: 38MB	coherence checking
time: 0.000; rss: 38MB	wf checking (old)
time: 0.000; rss: 38MB	item-types checking
time: 0.000; rss: 38MB	item-bodies checking
time: 0.000; rss: 38MB	drop-impl checking
time: 0.000; rss: 38MB	wf checking (new)
time: 0.000; rss: 38MB	const checking
time: 0.000; rss: 38MB	privacy checking
time: 0.000; rss: 38MB	stability index
time: 0.000; rss: 38MB	intrinsic checking
time: 0.000; rss: 38MB	effect checking
time: 0.000; rss: 38MB	match checking
time: 0.000; rss: 38MB	liveness checking
time: 0.000; rss: 38MB	borrow checking
time: 0.000; rss: 38MB	rvalue checking
time: 0.000; rss: 38MB	reachability checking
time: 0.000; rss: 38MB	death checking
time: 0.000; rss: 38MB	stability checking
time: 0.000; rss: 38MB	unused lib feature checking
time: 0.000; rss: 38MB	lint checking
time: 0.000; rss: 38MB	resolving dependency formats
time: 0.002; rss: 51MB	translation
  time: 0.000; rss: 51MB	llvm function passes
  time: 0.000; rss: 51MB	llvm module passes
  time: 0.001; rss: 52MB	codegen passes
  time: 0.000; rss: 53MB	codegen passes
time: 0.002; rss: 53MB	LLVM passes
time: 0.001; rss: 53MB	linking
rustc: x86_64-unknown-linux-gnu/stage2/lib/rustlib/x86_64-unknown-linux-gnu/lib/libfmt_macros
time: 0.002; rss: 29MB	parsing
time: 0.000; rss: 33MB	configuration 1
time: 0.000; rss: 33MB	recursion limit
time: 0.000; rss: 33MB	gated macro checking
time: 0.000; rss: 33MB	crate injection
time: 0.003; rss: 37MB	macro loading
time: 0.000; rss: 37MB	plugin loading
time: 0.000; rss: 37MB	plugin registration
time: 0.005; rss: 37MB	expansion
time: 0.000; rss: 37MB	complete gated feature checking 1
time: 0.001; rss: 37MB	configuration 2
time: 0.001; rss: 37MB	maybe building test harness
time: 0.000; rss: 37MB	prelude injection
time: 0.000; rss: 37MB	checking that all macro invocations are gone
time: 0.000; rss: 37MB	complete gated feature checking 2
time: 0.001; rss: 37MB	assigning node ids and indexing ast
time: 0.001; rss: 37MB	external crate/lib resolution
time: 0.000; rss: 37MB	language item collection
time: 0.003; rss: 44MB	resolution
time: 0.000; rss: 44MB	lifetime resolution
time: 0.000; rss: 44MB	looking for entry point
time: 0.000; rss: 44MB	looking for plugin registrar
time: 0.000; rss: 46MB	region resolution
time: 0.000; rss: 46MB	loop checking
time: 0.000; rss: 46MB	static item recursion checking
time: 0.001; rss: 46MB	type collecting
time: 0.000; rss: 46MB	variance inference
time: 0.058; rss: 80MB	coherence checking
time: 0.002; rss: 80MB	wf checking (old)
time: 0.001; rss: 80MB	item-types checking
time: 0.041; rss: 89MB	item-bodies checking
time: 0.000; rss: 89MB	drop-impl checking
time: 0.002; rss: 89MB	wf checking (new)
time: 0.006; rss: 89MB	const checking
time: 0.000; rss: 89MB	privacy checking
time: 0.000; rss: 89MB	stability index
time: 0.000; rss: 89MB	intrinsic checking
time: 0.000; rss: 89MB	effect checking
time: 0.001; rss: 89MB	match checking
time: 0.000; rss: 89MB	liveness checking
time: 0.010; rss: 89MB	borrow checking
time: 0.005; rss: 89MB	rvalue checking
time: 0.000; rss: 89MB	reachability checking
time: 0.000; rss: 89MB	death checking
time: 0.000; rss: 89MB	stability checking
time: 0.000; rss: 89MB	unused lib feature checking
time: 0.002; rss: 89MB	lint checking
time: 0.001; rss: 89MB	resolving dependency formats
time: 0.070; rss: 111MB	translation
  time: 0.018; rss: 91MB	llvm function passes
  time: 0.255; rss: 94MB	llvm module passes
  time: 0.093; rss: 99MB	codegen passes
  time: 0.000; rss: 99MB	codegen passes
time: 0.372; rss: 99MB	LLVM passes
  time: 0.019; rss: 105MB	running linker
time: 0.024; rss: 103MB	linking
rustc: x86_64-unknown-linux-gnu/stage2/lib/rustlib/x86_64-unknown-linux-gnu/lib/libsyntax
time: 0.119; rss: 70MB	parsing
time: 0.041; rss: 70MB	configuration 1
time: 0.000; rss: 70MB	recursion limit
time: 0.003; rss: 70MB	gated macro checking
time: 0.000; rss: 70MB	crate injection
time: 0.006; rss: 73MB	macro loading
time: 0.000; rss: 73MB	plugin loading
time: 0.000; rss: 73MB	plugin registration
time: 0.616; rss: 107MB	expansion
time: 0.022; rss: 107MB	complete gated feature checking 1
time: 0.118; rss: 107MB	configuration 2
time: 0.062; rss: 107MB	maybe building test harness
time: 0.057; rss: 107MB	prelude injection
time: 0.010; rss: 107MB	checking that all macro invocations are gone
time: 0.023; rss: 107MB	complete gated feature checking 2
time: 0.076; rss: 118MB	assigning node ids and indexing ast
time: 0.012; rss: 118MB	external crate/lib resolution
time: 0.020; rss: 118MB	language item collection
time: 0.225; rss: 161MB	resolution
time: 0.015; rss: 154MB	lifetime resolution
time: 0.000; rss: 154MB	looking for entry point
time: 0.009; rss: 154MB	looking for plugin registrar
time: 0.080; rss: 188MB	region resolution
time: 0.009; rss: 188MB	loop checking
time: 0.009; rss: 188MB	static item recursion checking
time: 0.051; rss: 190MB	type collecting
time: 0.018; rss: 190MB	variance inference
time: 0.145; rss: 225MB	coherence checking
time: 0.059; rss: 227MB	wf checking (old)
time: 0.092; rss: 229MB	item-types checking
time: 8.320; rss: 337MB	item-bodies checking
time: 0.000; rss: 337MB	drop-impl checking
time: 0.443; rss: 337MB	wf checking (new)
time: 1.708; rss: 354MB	const checking
time: 0.085; rss: 354MB	privacy checking
time: 0.002; rss: 354MB	stability index
time: 0.027; rss: 354MB	intrinsic checking
time: 0.021; rss: 354MB	effect checking
time: 0.401; rss: 354MB	match checking
time: 0.061; rss: 359MB	liveness checking
time: 3.353; rss: 359MB	borrow checking
time: 1.859; rss: 359MB	rvalue checking
time: 0.028; rss: 359MB	reachability checking
time: 0.063; rss: 359MB	death checking
time: 0.068; rss: 359MB	stability checking
time: 0.000; rss: 359MB	unused lib feature checking
time: 0.269; rss: 359MB	lint checking
time: 0.001; rss: 359MB	resolving dependency formats
time: 6.421; rss: 714MB	translation
  time: 2.098; rss: 408MB	llvm function passes
  time: 46.289; rss: 470MB	llvm module passes
  time: 16.695; rss: 514MB	codegen passes
  time: 0.003; rss: 408MB	codegen passes
time: 66.401; rss: 408MB	LLVM passes
  time: 0.128; rss: 414MB	running linker
time: 0.674; rss: 425MB	linking
rustc: x86_64-unknown-linux-gnu/stage2/lib/rustlib/x86_64-unknown-linux-gnu/lib/librustc_llvm
time: 0.007; rss: 36MB	parsing
time: 0.001; rss: 36MB	configuration 1
time: 0.000; rss: 36MB	recursion limit
time: 0.000; rss: 36MB	gated macro checking
time: 0.000; rss: 36MB	crate injection
time: 0.003; rss: 39MB	macro loading
time: 0.000; rss: 39MB	plugin loading
time: 0.000; rss: 39MB	plugin registration
time: 0.014; rss: 41MB	expansion
time: 0.000; rss: 41MB	complete gated feature checking 1
time: 0.003; rss: 41MB	configuration 2
time: 0.001; rss: 41MB	maybe building test harness
time: 0.002; rss: 41MB	prelude injection
time: 0.000; rss: 41MB	checking that all macro invocations are gone
time: 0.000; rss: 41MB	complete gated feature checking 2
time: 0.002; rss: 42MB	assigning node ids and indexing ast
time: 0.001; rss: 42MB	external crate/lib resolution
time: 0.000; rss: 42MB	language item collection
time: 0.009; rss: 54MB	resolution
time: 0.000; rss: 54MB	lifetime resolution
time: 0.000; rss: 54MB	looking for entry point
time: 0.000; rss: 54MB	looking for plugin registrar
time: 0.001; rss: 54MB	region resolution
time: 0.000; rss: 54MB	loop checking
time: 0.000; rss: 54MB	static item recursion checking
time: 0.003; rss: 60MB	type collecting
time: 0.000; rss: 60MB	variance inference
time: 0.069; rss: 93MB	coherence checking
time: 0.003; rss: 93MB	wf checking (old)
time: 0.012; rss: 95MB	item-types checking
time: 0.092; rss: 99MB	item-bodies checking
time: 0.000; rss: 99MB	drop-impl checking
time: 0.004; rss: 99MB	wf checking (new)
time: 0.011; rss: 99MB	const checking
time: 0.001; rss: 99MB	privacy checking
time: 0.000; rss: 99MB	stability index
time: 0.000; rss: 99MB	intrinsic checking
time: 0.000; rss: 99MB	effect checking
time: 0.002; rss: 99MB	match checking
time: 0.000; rss: 99MB	liveness checking
time: 0.015; rss: 99MB	borrow checking
time: 0.007; rss: 99MB	rvalue checking
time: 0.000; rss: 99MB	reachability checking
time: 0.001; rss: 99MB	death checking
time: 0.001; rss: 99MB	stability checking
time: 0.000; rss: 99MB	unused lib feature checking
time: 0.007; rss: 99MB	lint checking
time: 0.001; rss: 99MB	resolving dependency formats
time: 0.096; rss: 120MB	translation
  time: 0.020; rss: 95MB	llvm function passes
  time: 0.093; rss: 96MB	llvm module passes
  time: 0.052; rss: 101MB	codegen passes
  time: 0.000; rss: 100MB	codegen passes
time: 0.169; rss: 100MB	LLVM passes
  time: 1.409; rss: 104MB	running linker
time: 1.464; rss: 104MB	linking
rustc: x86_64-unknown-linux-gnu/stage2/lib/rustlib/x86_64-unknown-linux-gnu/lib/librustc_back
time: 0.007; rss: 31MB	parsing
time: 0.002; rss: 35MB	configuration 1
time: 0.000; rss: 35MB	recursion limit
time: 0.000; rss: 35MB	gated macro checking
time: 0.000; rss: 35MB	crate injection
time: 0.003; rss: 37MB	macro loading
time: 0.000; rss: 37MB	plugin loading
time: 0.000; rss: 37MB	plugin registration
time: 0.030; rss: 42MB	expansion
time: 0.000; rss: 42MB	complete gated feature checking 1
time: 0.004; rss: 42MB	configuration 2
time: 0.002; rss: 42MB	maybe building test harness
time: 0.002; rss: 42MB	prelude injection
time: 0.000; rss: 42MB	checking that all macro invocations are gone
time: 0.000; rss: 42MB	complete gated feature checking 2
time: 0.003; rss: 42MB	assigning node ids and indexing ast
time: 0.004; rss: 72MB	external crate/lib resolution
time: 0.000; rss: 72MB	language item collection
time: 0.017; rss: 102MB	resolution
time: 0.000; rss: 102MB	lifetime resolution
time: 0.000; rss: 102MB	looking for entry point
time: 0.000; rss: 102MB	looking for plugin registrar
time: 0.002; rss: 105MB	region resolution
time: 0.000; rss: 105MB	loop checking
time: 0.000; rss: 105MB	static item recursion checking
time: 0.004; rss: 107MB	type collecting
time: 0.000; rss: 107MB	variance inference
time: 0.033; rss: 128MB	coherence checking
time: 0.002; rss: 128MB	wf checking (old)
time: 0.013; rss: 132MB	item-types checking
time: 0.372; rss: 161MB	item-bodies checking
time: 0.000; rss: 161MB	drop-impl checking
time: 0.005; rss: 161MB	wf checking (new)
time: 0.050; rss: 161MB	const checking
time: 0.002; rss: 161MB	privacy checking
time: 0.000; rss: 161MB	stability index
time: 0.001; rss: 161MB	intrinsic checking
time: 0.000; rss: 161MB	effect checking
time: 0.004; rss: 161MB	match checking
time: 0.002; rss: 163MB	liveness checking
time: 0.081; rss: 163MB	borrow checking
time: 0.039; rss: 163MB	rvalue checking
time: 0.000; rss: 163MB	reachability checking
time: 0.001; rss: 163MB	death checking
time: 0.003; rss: 163MB	stability checking
time: 0.000; rss: 163MB	unused lib feature checking
time: 0.012; rss: 163MB	lint checking
time: 0.001; rss: 163MB	resolving dependency formats
time: 0.584; rss: 229MB	translation
  time: 0.163; rss: 167MB	llvm function passes
  time: 2.839; rss: 175MB	llvm module passes
  time: 0.925; rss: 187MB	codegen passes
  time: 0.001; rss: 185MB	codegen passes
time: 4.001; rss: 185MB	LLVM passes
  time: 0.040; rss: 188MB	running linker
time: 0.079; rss: 185MB	linking
rustc: x86_64-unknown-linux-gnu/stage2/lib/rustlib/x86_64-unknown-linux-gnu/lib/librustc_data_structures
time: 0.004; rss: 35MB	parsing
time: 0.001; rss: 35MB	configuration 1
time: 0.000; rss: 35MB	recursion limit
time: 0.000; rss: 35MB	gated macro checking
time: 0.000; rss: 35MB	crate injection
time: 0.003; rss: 39MB	macro loading
time: 0.000; rss: 39MB	plugin loading
time: 0.000; rss: 39MB	plugin registration
time: 0.010; rss: 39MB	expansion
time: 0.000; rss: 39MB	complete gated feature checking 1
time: 0.002; rss: 39MB	configuration 2
time: 0.001; rss: 39MB	maybe building test harness
time: 0.001; rss: 39MB	prelude injection
time: 0.000; rss: 39MB	checking that all macro invocations are gone
time: 0.000; rss: 39MB	complete gated feature checking 2
time: 0.001; rss: 39MB	assigning node ids and indexing ast
time: 0.002; rss: 39MB	external crate/lib resolution
time: 0.000; rss: 39MB	language item collection
time: 0.007; rss: 49MB	resolution
time: 0.000; rss: 49MB	lifetime resolution
time: 0.000; rss: 49MB	looking for entry point
time: 0.000; rss: 49MB	looking for plugin registrar
time: 0.000; rss: 49MB	region resolution
time: 0.000; rss: 49MB	loop checking
time: 0.000; rss: 49MB	static item recursion checking
time: 0.002; rss: 53MB	type collecting
time: 0.000; rss: 53MB	variance inference
time: 0.064; rss: 90MB	coherence checking
time: 0.008; rss: 90MB	wf checking (old)
time: 0.005; rss: 92MB	item-types checking
time: 0.154; rss: 100MB	item-bodies checking
time: 0.000; rss: 100MB	drop-impl checking
time: 0.085; rss: 100MB	wf checking (new)
time: 0.023; rss: 100MB	const checking
time: 0.001; rss: 100MB	privacy checking
time: 0.000; rss: 100MB	stability index
time: 0.001; rss: 100MB	intrinsic checking
time: 0.000; rss: 100MB	effect checking
time: 0.007; rss: 100MB	match checking
time: 0.000; rss: 100MB	liveness checking
time: 0.043; rss: 100MB	borrow checking
time: 0.026; rss: 100MB	rvalue checking
time: 0.000; rss: 100MB	reachability checking
time: 0.000; rss: 100MB	death checking
time: 0.001; rss: 100MB	stability checking
time: 0.000; rss: 100MB	unused lib feature checking
time: 0.008; rss: 100MB	lint checking
time: 0.001; rss: 100MB	resolving dependency formats
time: 0.055; rss: 118MB	translation
  time: 0.005; rss: 94MB	llvm function passes
  time: 0.023; rss: 96MB	llvm module passes
  time: 0.007; rss: 99MB	codegen passes
  time: 0.000; rss: 98MB	codegen passes
time: 0.037; rss: 98MB	LLVM passes
  time: 0.020; rss: 102MB	running linker
time: 0.022; rss: 103MB	linking
rustc: x86_64-unknown-linux-gnu/stage2/lib/rustlib/x86_64-unknown-linux-gnu/lib/librustc
time: 0.171; rss: 83MB	parsing
time: 0.064; rss: 85MB	configuration 1
time: 0.000; rss: 85MB	recursion limit
time: 0.005; rss: 85MB	gated macro checking
time: 0.000; rss: 85MB	crate injection
time: 0.009; rss: 88MB	macro loading
time: 0.000; rss: 88MB	plugin loading
time: 0.000; rss: 88MB	plugin registration
time: 0.859; rss: 124MB	expansion
time: 0.024; rss: 124MB	complete gated feature checking 1
time: 0.143; rss: 124MB	configuration 2
time: 0.075; rss: 124MB	maybe building test harness
time: 0.068; rss: 124MB	prelude injection
time: 0.011; rss: 124MB	checking that all macro invocations are gone
time: 0.025; rss: 124MB	complete gated feature checking 2
time: 0.090; rss: 137MB	assigning node ids and indexing ast
time: 0.018; rss: 171MB	external crate/lib resolution
time: 0.023; rss: 171MB	language item collection
time: 0.266; rss: 248MB	resolution
time: 0.021; rss: 242MB	lifetime resolution
time: 0.000; rss: 242MB	looking for entry point
time: 0.011; rss: 242MB	looking for plugin registrar
time: 0.093; rss: 278MB	region resolution
time: 0.012; rss: 278MB	loop checking
time: 0.012; rss: 278MB	static item recursion checking
time: 0.075; rss: 283MB	type collecting
time: 0.025; rss: 283MB	variance inference
time: 0.185; rss: 320MB	coherence checking
time: 0.122; rss: 327MB	wf checking (old)
time: 0.236; rss: 337MB	item-types checking
time: 7.344; rss: 502MB	item-bodies checking
time: 0.000; rss: 502MB	drop-impl checking
time: 0.324; rss: 502MB	wf checking (new)
time: 1.975; rss: 525MB	const checking
time: 0.109; rss: 525MB	privacy checking
time: 0.002; rss: 525MB	stability index
time: 0.035; rss: 525MB	intrinsic checking
time: 0.024; rss: 525MB	effect checking
time: 0.368; rss: 525MB	match checking
time: 0.060; rss: 525MB	liveness checking
time: 3.211; rss: 525MB	borrow checking
time: 1.791; rss: 525MB	rvalue checking
time: 0.031; rss: 525MB	reachability checking
time: 0.078; rss: 525MB	death checking
time: 0.094; rss: 525MB	stability checking
time: 0.000; rss: 525MB	unused lib feature checking
time: 0.339; rss: 525MB	lint checking
time: 0.002; rss: 525MB	resolving dependency formats
time: 13.459; rss: 1208MB	translation
  time: 4.218; rss: 740MB	llvm function passes
  time: 87.590; rss: 819MB	llvm module passes
  time: 24.416; rss: 834MB	codegen passes
  time: 0.004; rss: 703MB	codegen passes
time: 118.551; rss: 699MB	LLVM passes
  time: 0.238; rss: 703MB	running linker
time: 1.142; rss: 700MB	linking
rustc: x86_64-unknown-linux-gnu/stage2/lib/rustlib/x86_64-unknown-linux-gnu/lib/librustc_typeck
time: 0.069; rss: 54MB	parsing
time: 0.023; rss: 54MB	configuration 1
time: 0.000; rss: 54MB	recursion limit
time: 0.002; rss: 54MB	gated macro checking
time: 0.000; rss: 54MB	crate injection
time: 0.005; rss: 56MB	macro loading
time: 0.000; rss: 56MB	plugin loading
time: 0.000; rss: 56MB	plugin registration
time: 0.311; rss: 70MB	expansion
time: 0.008; rss: 70MB	complete gated feature checking 1
time: 0.046; rss: 70MB	configuration 2
time: 0.024; rss: 70MB	maybe building test harness
time: 0.023; rss: 70MB	prelude injection
time: 0.004; rss: 70MB	checking that all macro invocations are gone
time: 0.008; rss: 70MB	complete gated feature checking 2
time: 0.030; rss: 74MB	assigning node ids and indexing ast
time: 0.030; rss: 106MB	external crate/lib resolution
time: 0.008; rss: 110MB	language item collection
time: 0.103; rss: 158MB	resolution
time: 0.007; rss: 160MB	lifetime resolution
time: 0.000; rss: 160MB	looking for entry point
time: 0.004; rss: 160MB	looking for plugin registrar
time: 0.027; rss: 168MB	region resolution
time: 0.004; rss: 168MB	loop checking
time: 0.004; rss: 168MB	static item recursion checking
time: 0.028; rss: 173MB	type collecting
time: 0.008; rss: 173MB	variance inference
time: 0.129; rss: 218MB	coherence checking
time: 0.028; rss: 218MB	wf checking (old)
time: 0.101; rss: 225MB	item-types checking
time: 3.312; rss: 300MB	item-bodies checking
time: 0.000; rss: 300MB	drop-impl checking
time: 0.067; rss: 300MB	wf checking (new)
time: 0.586; rss: 311MB	const checking
time: 0.036; rss: 311MB	privacy checking
time: 0.000; rss: 311MB	stability index
time: 0.010; rss: 311MB	intrinsic checking
time: 0.008; rss: 311MB	effect checking
time: 0.072; rss: 311MB	match checking
time: 0.024; rss: 311MB	liveness checking
time: 0.849; rss: 311MB	borrow checking
time: 0.482; rss: 311MB	rvalue checking
time: 0.001; rss: 311MB	reachability checking
time: 0.024; rss: 311MB	death checking
time: 0.037; rss: 311MB	stability checking
time: 0.000; rss: 311MB	unused lib feature checking
time: 0.109; rss: 311MB	lint checking
time: 0.002; rss: 311MB	resolving dependency formats
time: 5.360; rss: 627MB	translation
  time: 1.599; rss: 384MB	llvm function passes
  time: 34.465; rss: 422MB	llvm module passes
  time: 9.705; rss: 426MB	codegen passes
  time: 0.001; rss: 371MB	codegen passes
time: 46.628; rss: 371MB	LLVM passes
  time: 0.130; rss: 373MB	running linker
time: 0.482; rss: 371MB	linking
rustc: x86_64-unknown-linux-gnu/stage2/lib/rustlib/x86_64-unknown-linux-gnu/lib/librustc_borrowck
time: 0.014; rss: 37MB	parsing
time: 0.004; rss: 37MB	configuration 1
time: 0.000; rss: 37MB	recursion limit
time: 0.000; rss: 37MB	gated macro checking
time: 0.000; rss: 37MB	crate injection
time: 0.004; rss: 40MB	macro loading
time: 0.000; rss: 40MB	plugin loading
time: 0.000; rss: 40MB	plugin registration
time: 0.060; rss: 45MB	expansion
time: 0.001; rss: 45MB	complete gated feature checking 1
time: 0.009; rss: 45MB	configuration 2
time: 0.005; rss: 45MB	maybe building test harness
time: 0.004; rss: 45MB	prelude injection
time: 0.000; rss: 45MB	checking that all macro invocations are gone
time: 0.001; rss: 45MB	complete gated feature checking 2
time: 0.005; rss: 48MB	assigning node ids and indexing ast
time: 0.031; rss: 79MB	external crate/lib resolution
time: 0.001; rss: 83MB	language item collection
time: 0.024; rss: 115MB	resolution
time: 0.001; rss: 115MB	lifetime resolution
time: 0.000; rss: 115MB	looking for entry point
time: 0.000; rss: 115MB	looking for plugin registrar
time: 0.004; rss: 119MB	region resolution
time: 0.001; rss: 119MB	loop checking
time: 0.000; rss: 119MB	static item recursion checking
time: 0.010; rss: 126MB	type collecting
time: 0.001; rss: 126MB	variance inference
time: 0.063; rss: 159MB	coherence checking
time: 0.008; rss: 159MB	wf checking (old)
time: 0.024; rss: 159MB	item-types checking
time: 0.528; rss: 199MB	item-bodies checking
time: 0.000; rss: 199MB	drop-impl checking
time: 0.013; rss: 199MB	wf checking (new)
time: 0.103; rss: 199MB	const checking
time: 0.004; rss: 199MB	privacy checking
time: 0.000; rss: 199MB	stability index
time: 0.001; rss: 199MB	intrinsic checking
time: 0.001; rss: 199MB	effect checking
time: 0.013; rss: 199MB	match checking
time: 0.004; rss: 199MB	liveness checking
time: 0.141; rss: 199MB	borrow checking
time: 0.075; rss: 199MB	rvalue checking
time: 0.000; rss: 199MB	reachability checking
time: 0.003; rss: 199MB	death checking
time: 0.006; rss: 199MB	stability checking
time: 0.000; rss: 199MB	unused lib feature checking
time: 0.022; rss: 199MB	lint checking
time: 0.002; rss: 199MB	resolving dependency formats
time: 0.899; rss: 271MB	translation
  time: 0.286; rss: 198MB	llvm function passes
  time: 4.457; rss: 207MB	llvm module passes
  time: 1.726; rss: 214MB	codegen passes
  time: 0.001; rss: 212MB	codegen passes
time: 6.585; rss: 212MB	LLVM passes
  time: 0.052; rss: 214MB	running linker
time: 0.112; rss: 211MB	linking
rustc: x86_64-unknown-linux-gnu/stage2/lib/rustlib/x86_64-unknown-linux-gnu/lib/librustc_resolve
time: 0.018; rss: 40MB	parsing
time: 0.006; rss: 40MB	configuration 1
time: 0.000; rss: 40MB	recursion limit
time: 0.000; rss: 40MB	gated macro checking
time: 0.000; rss: 40MB	crate injection
time: 0.005; rss: 44MB	macro loading
time: 0.000; rss: 44MB	plugin loading
time: 0.000; rss: 44MB	plugin registration
time: 0.077; rss: 49MB	expansion
time: 0.002; rss: 49MB	complete gated feature checking 1
time: 0.012; rss: 49MB	configuration 2
time: 0.006; rss: 50MB	maybe building test harness
time: 0.006; rss: 50MB	prelude injection
time: 0.000; rss: 50MB	checking that all macro invocations are gone
time: 0.001; rss: 50MB	complete gated feature checking 2
time: 0.007; rss: 50MB	assigning node ids and indexing ast
time: 0.031; rss: 81MB	external crate/lib resolution
time: 0.001; rss: 85MB	language item collection
time: 0.034; rss: 117MB	resolution
time: 0.001; rss: 117MB	lifetime resolution
time: 0.000; rss: 117MB	looking for entry point
time: 0.000; rss: 117MB	looking for plugin registrar
time: 0.006; rss: 125MB	region resolution
time: 0.001; rss: 125MB	loop checking
time: 0.001; rss: 125MB	static item recursion checking
time: 0.008; rss: 130MB	type collecting
time: 0.001; rss: 130MB	variance inference
time: 0.069; rss: 166MB	coherence checking
time: 0.007; rss: 166MB	wf checking (old)
time: 0.021; rss: 166MB	item-types checking
time: 0.676; rss: 206MB	item-bodies checking
time: 0.000; rss: 206MB	drop-impl checking
time: 0.016; rss: 206MB	wf checking (new)
time: 0.192; rss: 210MB	const checking
time: 0.005; rss: 210MB	privacy checking
time: 0.000; rss: 210MB	stability index
time: 0.002; rss: 210MB	intrinsic checking
time: 0.001; rss: 210MB	effect checking
time: 0.037; rss: 210MB	match checking
time: 0.006; rss: 210MB	liveness checking
time: 0.313; rss: 210MB	borrow checking
time: 0.158; rss: 210MB	rvalue checking
time: 0.000; rss: 210MB	reachability checking
time: 0.005; rss: 210MB	death checking
time: 0.008; rss: 210MB	stability checking
time: 0.000; rss: 210MB	unused lib feature checking
time: 0.031; rss: 210MB	lint checking
time: 0.002; rss: 210MB	resolving dependency formats
time: 1.474; rss: 325MB	translation
  time: 0.491; rss: 231MB	llvm function passes
  time: 7.480; rss: 247MB	llvm module passes
  time: 2.185; rss: 247MB	codegen passes
  time: 0.001; rss: 236MB	codegen passes
time: 10.325; rss: 236MB	LLVM passes
  time: 0.096; rss: 238MB	running linker
time: 0.176; rss: 235MB	linking
rustc: x86_64-unknown-linux-gnu/stage2/lib/rustlib/x86_64-unknown-linux-gnu/lib/librustc_trans
time: 0.114; rss: 69MB	parsing
time: 0.040; rss: 69MB	configuration 1
time: 0.000; rss: 69MB	recursion limit
time: 0.003; rss: 69MB	gated macro checking
time: 0.000; rss: 69MB	crate injection
time: 0.007; rss: 71MB	macro loading
time: 0.000; rss: 71MB	plugin loading
time: 0.000; rss: 71MB	plugin registration
time: 0.450; rss: 83MB	expansion
time: 0.012; rss: 83MB	complete gated feature checking 1
time: 0.067; rss: 83MB	configuration 2
time: 0.035; rss: 83MB	maybe building test harness
time: 0.032; rss: 83MB	prelude injection
time: 0.006; rss: 83MB	checking that all macro invocations are gone
time: 0.012; rss: 83MB	complete gated feature checking 2
time: 0.043; rss: 91MB	assigning node ids and indexing ast
time: 0.030; rss: 123MB	external crate/lib resolution
time: 0.011; rss: 123MB	language item collection
time: 0.163; rss: 194MB	resolution
time: 0.010; rss: 185MB	lifetime resolution
time: 0.000; rss: 185MB	looking for entry point
time: 0.006; rss: 185MB	looking for plugin registrar
time: 0.042; rss: 204MB	region resolution
time: 0.006; rss: 204MB	loop checking
time: 0.006; rss: 204MB	static item recursion checking
time: 0.038; rss: 209MB	type collecting
time: 0.012; rss: 209MB	variance inference
time: 0.135; rss: 247MB	coherence checking
time: 0.037; rss: 249MB	wf checking (old)
time: 0.096; rss: 256MB	item-types checking
time: 3.647; rss: 343MB	item-bodies checking
time: 0.000; rss: 343MB	drop-impl checking
time: 0.083; rss: 343MB	wf checking (new)
time: 0.761; rss: 362MB	const checking
time: 0.051; rss: 363MB	privacy checking
time: 0.001; rss: 363MB	stability index
time: 0.016; rss: 363MB	intrinsic checking
time: 0.012; rss: 363MB	effect checking
time: 0.104; rss: 363MB	match checking
time: 0.035; rss: 371MB	liveness checking
time: 1.095; rss: 371MB	borrow checking
time: 0.554; rss: 371MB	rvalue checking
time: 0.001; rss: 371MB	reachability checking
time: 0.035; rss: 371MB	death checking
time: 0.049; rss: 371MB	stability checking
time: 0.000; rss: 371MB	unused lib feature checking
time: 0.145; rss: 371MB	lint checking
time: 0.002; rss: 371MB	resolving dependency formats
time: 5.232; rss: 677MB	translation
  time: 1.651; rss: 401MB	llvm function passes
  time: 32.681; rss: 455MB	llvm module passes
  time: 10.492; rss: 474MB	codegen passes
  time: 0.001; rss: 449MB	codegen passes
time: 45.675; rss: 449MB	LLVM passes
  time: 0.133; rss: 453MB	running linker
time: 0.504; rss: 452MB	linking
rustc: x86_64-unknown-linux-gnu/stage2/lib/rustlib/x86_64-unknown-linux-gnu/lib/librustc_privacy
time: 0.005; rss: 34MB	parsing
time: 0.001; rss: 34MB	configuration 1
time: 0.000; rss: 34MB	recursion limit
time: 0.000; rss: 34MB	gated macro checking
time: 0.000; rss: 34MB	crate injection
time: 0.004; rss: 39MB	macro loading
time: 0.000; rss: 39MB	plugin loading
time: 0.000; rss: 39MB	plugin registration
time: 0.015; rss: 40MB	expansion
time: 0.000; rss: 40MB	complete gated feature checking 1
time: 0.002; rss: 40MB	configuration 2
time: 0.001; rss: 40MB	maybe building test harness
time: 0.001; rss: 40MB	prelude injection
time: 0.000; rss: 40MB	checking that all macro invocations are gone
time: 0.000; rss: 40MB	complete gated feature checking 2
time: 0.001; rss: 40MB	assigning node ids and indexing ast
time: 0.032; rss: 76MB	external crate/lib resolution
time: 0.000; rss: 76MB	language item collection
time: 0.010; rss: 101MB	resolution
time: 0.000; rss: 101MB	lifetime resolution
time: 0.000; rss: 101MB	looking for entry point
time: 0.000; rss: 101MB	looking for plugin registrar
time: 0.001; rss: 101MB	region resolution
time: 0.000; rss: 101MB	loop checking
time: 0.000; rss: 101MB	static item recursion checking
time: 0.006; rss: 108MB	type collecting
time: 0.000; rss: 108MB	variance inference
time: 0.018; rss: 124MB	coherence checking
time: 0.001; rss: 124MB	wf checking (old)
time: 0.007; rss: 124MB	item-types checking
time: 0.231; rss: 174MB	item-bodies checking
time: 0.000; rss: 174MB	drop-impl checking
time: 0.003; rss: 174MB	wf checking (new)
time: 0.029; rss: 174MB	const checking
time: 0.001; rss: 174MB	privacy checking
time: 0.000; rss: 174MB	stability index
time: 0.000; rss: 174MB	intrinsic checking
time: 0.000; rss: 174MB	effect checking
time: 0.003; rss: 174MB	match checking
time: 0.001; rss: 174MB	liveness checking
time: 0.037; rss: 174MB	borrow checking
time: 0.016; rss: 174MB	rvalue checking
time: 0.000; rss: 174MB	reachability checking
time: 0.001; rss: 174MB	death checking
time: 0.002; rss: 174MB	stability checking
time: 0.000; rss: 174MB	unused lib feature checking
time: 0.005; rss: 174MB	lint checking
time: 0.002; rss: 174MB	resolving dependency formats
time: 0.596; rss: 234MB	translation
  time: 0.169; rss: 182MB	llvm function passes
  time: 1.397; rss: 185MB	llvm module passes
  time: 0.427; rss: 185MB	codegen passes
  time: 0.001; rss: 186MB	codegen passes
time: 2.023; rss: 186MB	LLVM passes
  time: 0.044; rss: 192MB	running linker
time: 0.062; rss: 190MB	linking
rustc: x86_64-unknown-linux-gnu/stage2/lib/rustlib/x86_64-unknown-linux-gnu/lib/librustc_lint
time: 0.009; rss: 36MB	parsing
time: 0.003; rss: 36MB	configuration 1
time: 0.000; rss: 36MB	recursion limit
time: 0.000; rss: 36MB	gated macro checking
time: 0.000; rss: 36MB	crate injection
time: 0.033; rss: 75MB	macro loading
time: 0.000; rss: 75MB	plugin loading
time: 0.000; rss: 75MB	plugin registration
time: 0.027; rss: 76MB	expansion
time: 0.000; rss: 76MB	complete gated feature checking 1
time: 0.004; rss: 76MB	configuration 2
time: 0.002; rss: 76MB	maybe building test harness
time: 0.002; rss: 76MB	prelude injection
time: 0.000; rss: 76MB	checking that all macro invocations are gone
time: 0.000; rss: 76MB	complete gated feature checking 2
time: 0.002; rss: 77MB	assigning node ids and indexing ast
time: 0.003; rss: 77MB	external crate/lib resolution
time: 0.000; rss: 77MB	language item collection
time: 0.018; rss: 109MB	resolution
time: 0.000; rss: 109MB	lifetime resolution
time: 0.000; rss: 109MB	looking for entry point
time: 0.000; rss: 109MB	looking for plugin registrar
time: 0.002; rss: 108MB	region resolution
time: 0.000; rss: 108MB	loop checking
time: 0.000; rss: 108MB	static item recursion checking
time: 0.007; rss: 114MB	type collecting
time: 0.000; rss: 114MB	variance inference
time: 0.053; rss: 146MB	coherence checking
time: 0.003; rss: 146MB	wf checking (old)
time: 0.016; rss: 146MB	item-types checking
time: 0.257; rss: 179MB	item-bodies checking
time: 0.000; rss: 179MB	drop-impl checking
time: 0.007; rss: 179MB	wf checking (new)
time: 0.054; rss: 181MB	const checking
time: 0.002; rss: 181MB	privacy checking
time: 0.000; rss: 181MB	stability index
time: 0.001; rss: 181MB	intrinsic checking
time: 0.000; rss: 181MB	effect checking
time: 0.005; rss: 181MB	match checking
time: 0.001; rss: 181MB	liveness checking
time: 0.047; rss: 181MB	borrow checking
time: 0.022; rss: 181MB	rvalue checking
time: 0.000; rss: 181MB	reachability checking
time: 0.001; rss: 181MB	death checking
time: 0.003; rss: 181MB	stability checking
time: 0.000; rss: 181MB	unused lib feature checking
time: 0.009; rss: 181MB	lint checking
time: 0.002; rss: 181MB	resolving dependency formats
time: 0.900; rss: 262MB	translation
  time: 0.253; rss: 195MB	llvm function passes
  time: 2.713; rss: 213MB	llvm module passes
  time: 0.924; rss: 217MB	codegen passes
  time: 0.001; rss: 212MB	codegen passes
time: 3.956; rss: 212MB	LLVM passes
  time: 0.102; rss: 216MB	running linker
time: 0.141; rss: 213MB	linking
rustc: x86_64-unknown-linux-gnu/stage2/lib/rustlib/x86_64-unknown-linux-gnu/lib/librustc_driver
time: 0.011; rss: 37MB	parsing
time: 0.003; rss: 37MB	configuration 1
time: 0.000; rss: 37MB	recursion limit
time: 0.000; rss: 37MB	gated macro checking
time: 0.000; rss: 37MB	crate injection
time: 0.004; rss: 40MB	macro loading
time: 0.000; rss: 40MB	plugin loading
time: 0.000; rss: 40MB	plugin registration
time: 0.026; rss: 42MB	expansion
time: 0.000; rss: 42MB	complete gated feature checking 1
time: 0.004; rss: 42MB	configuration 2
time: 0.002; rss: 42MB	maybe building test harness
time: 0.002; rss: 42MB	prelude injection
time: 0.000; rss: 42MB	checking that all macro invocations are gone
time: 0.000; rss: 42MB	complete gated feature checking 2
time: 0.002; rss: 43MB	assigning node ids and indexing ast
time: 0.033; rss: 78MB	external crate/lib resolution
time: 0.000; rss: 78MB	language item collection
time: 0.024; rss: 122MB	resolution
time: 0.000; rss: 122MB	lifetime resolution
time: 0.000; rss: 122MB	looking for entry point
time: 0.000; rss: 122MB	looking for plugin registrar
time: 0.002; rss: 124MB	region resolution
time: 0.000; rss: 124MB	loop checking
time: 0.000; rss: 124MB	static item recursion checking
time: 0.008; rss: 128MB	type collecting
time: 0.000; rss: 128MB	variance inference
time: 0.094; rss: 172MB	coherence checking
time: 0.006; rss: 172MB	wf checking (old)
time: 0.010; rss: 174MB	item-types checking
time: 0.362; rss: 196MB	item-bodies checking
time: 0.000; rss: 196MB	drop-impl checking
time: 0.008; rss: 196MB	wf checking (new)
time: 0.092; rss: 196MB	const checking
time: 0.002; rss: 196MB	privacy checking
time: 0.000; rss: 196MB	stability index
time: 0.001; rss: 196MB	intrinsic checking
time: 0.000; rss: 196MB	effect checking
time: 0.009; rss: 196MB	match checking
time: 0.001; rss: 196MB	liveness checking
time: 0.115; rss: 196MB	borrow checking
time: 0.065; rss: 196MB	rvalue checking
time: 0.000; rss: 196MB	reachability checking
time: 0.001; rss: 196MB	death checking
time: 0.004; rss: 196MB	stability checking
time: 0.000; rss: 196MB	unused lib feature checking
time: 0.009; rss: 196MB	lint checking
time: 0.002; rss: 196MB	resolving dependency formats
time: 3.247; rss: 438MB	translation
  time: 1.224; rss: 337MB	llvm function passes
  time: 36.333; rss: 377MB	llvm module passes
  time: 13.580; rss: 443MB	codegen passes
  time: 0.001; rss: 340MB	codegen passes
time: 51.887; rss: 340MB	LLVM passes
  time: 0.114; rss: 342MB	running linker
time: 0.468; rss: 341MB	linking
rustc: x86_64-unknown-linux-gnu/stage2/lib/rustlib/x86_64-unknown-linux-gnu/lib/librustdoc
time: 0.036; rss: 43MB	parsing
time: 0.013; rss: 43MB	configuration 1
time: 0.000; rss: 43MB	recursion limit
time: 0.001; rss: 43MB	gated macro checking
time: 0.000; rss: 43MB	crate injection
time: 0.004; rss: 45MB	macro loading
time: 0.000; rss: 45MB	plugin loading
time: 0.000; rss: 45MB	plugin registration
time: 0.184; rss: 58MB	expansion
time: 0.006; rss: 58MB	complete gated feature checking 1
time: 0.037; rss: 58MB	configuration 2
time: 0.019; rss: 58MB	maybe building test harness
time: 0.017; rss: 58MB	prelude injection
time: 0.002; rss: 58MB	checking that all macro invocations are gone
time: 0.005; rss: 58MB	complete gated feature checking 2
time: 0.023; rss: 60MB	assigning node ids and indexing ast
time: 0.039; rss: 97MB	external crate/lib resolution
time: 0.005; rss: 97MB	language item collection
time: 0.077; rss: 156MB	resolution
time: 0.005; rss: 152MB	lifetime resolution
time: 0.000; rss: 152MB	looking for entry point
time: 0.002; rss: 152MB	looking for plugin registrar
time: 0.021; rss: 161MB	region resolution
time: 0.003; rss: 161MB	loop checking
time: 0.003; rss: 161MB	static item recursion checking
time: 0.021; rss: 168MB	type collecting
time: 0.005; rss: 168MB	variance inference
time: 0.073; rss: 198MB	coherence checking
time: 0.022; rss: 198MB	wf checking (old)
time: 0.056; rss: 200MB	item-types checking
time: 2.551; rss: 283MB	item-bodies checking
time: 0.000; rss: 283MB	drop-impl checking
time: 0.107; rss: 283MB	wf checking (new)
time: 1.013; rss: 283MB	const checking
time: 0.021; rss: 283MB	privacy checking
time: 0.000; rss: 283MB	stability index
time: 0.006; rss: 283MB	intrinsic checking
time: 0.005; rss: 283MB	effect checking
time: 0.250; rss: 283MB	match checking
time: 0.017; rss: 283MB	liveness checking
time: 1.750; rss: 283MB	borrow checking
time: 0.984; rss: 283MB	rvalue checking
time: 0.003; rss: 283MB	reachability checking
time: 0.016; rss: 283MB	death checking
time: 0.025; rss: 283MB	stability checking
time: 0.000; rss: 283MB	unused lib feature checking
time: 0.079; rss: 283MB	lint checking
time: 0.002; rss: 283MB	resolving dependency formats
time: 6.209; rss: 590MB	translation
  time: 1.611; rss: 389MB	llvm function passes
  time: 40.237; rss: 455MB	llvm module passes
  time: 12.354; rss: 490MB	codegen passes
  time: 0.001; rss: 441MB	codegen passes
time: 55.033; rss: 441MB	LLVM passes
  time: 0.138; rss: 447MB	running linker
time: 0.538; rss: 445MB	linking
rustc: x86_64-unknown-linux-gnu/stage1/lib/rustlib/x86_64-unknown-linux-gnu/bin/rustbook
cp: x86_64-unknown-linux-gnu/stage2/bin/rustbook
rustbook: doc/book/index.html
rustbook: doc/nomicon/index.html
rustbook: doc/style/index.html
rustc: x86_64-unknown-linux-gnu/stage1/lib/rustlib/x86_64-unknown-linux-gnu/bin/error-index-generator
cp: x86_64-unknown-linux-gnu/stage2/bin/error-index-generator
error-index-generator: doc/error-index.html
rustdoc: doc/not_found.html
rustdoc: doc/index.html
rustdoc: doc/intro.html
rustdoc: doc/tutorial.html
rustdoc: doc/complement-lang-faq.html
rustdoc: doc/complement-design-faq.html
rustdoc: doc/complement-project-faq.html
rustdoc: doc/rustdoc.html
rustdoc: doc/reference.html
rustdoc: doc/grammar.html
rustdoc: doc/guide-crates.html
rustdoc: doc/guide-error-handling.html
rustdoc: doc/guide-ffi.html
rustdoc: doc/guide-macros.html
rustdoc: doc/guide.html
rustdoc: doc/guide-ownership.html
rustdoc: doc/guide-plugins.html
rustdoc: doc/guide-pointers.html
rustdoc: doc/guide-strings.html
rustdoc: doc/guide-tasks.html
rustdoc: doc/guide-testing.html
rustdoc: doc/std/index.html
rustdoc: doc/alloc/index.html
rustdoc: doc/collections/index.html
rustdoc: doc/core/index.html
rustdoc: doc/libc/index.html
rustdoc: doc/rustc_unicode/index.html
