commit 5df259b9da287043e8284eb53d61a17b89a89bee
Merge: e05ac39 8638dc7
Author: bors <bors@rust-lang.org>
Date:   Fri Jul 17 22:27:37 2015 +0000

    Auto merge of #27098 - Manishearth:rollup, r=Manishearth
    
    - Successful merges: #26777, #27067, #27071, #27081, #27091, #27094, #27095
    - Failed merges:
cfg: version 1.3.0-dev (5df259b9d 2015-07-17)
cfg: build triple x86_64-unknown-linux-gnu
cfg: host triples x86_64-unknown-linux-gnu
cfg: target triples x86_64-unknown-linux-gnu
cfg: host for x86_64-unknown-linux-gnu is x86_64
cfg: os for x86_64-unknown-linux-gnu is unknown-linux-gnu
cfg: good valgrind for x86_64-unknown-linux-gnu is 1
cfg: using CC=gcc (CFG_CC)
cfg: disabling valgrind run-pass tests
cfg: no xelatex found, disabling LaTeX docs
cfg: no pandoc found, omitting PDF and EPUB docs
rustc: x86_64-unknown-linux-gnu/stage0/lib/rustlib/x86_64-unknown-linux-gnu/lib/librustc_trans
rustc: x86_64-unknown-linux-gnu/stage0/lib/rustlib/x86_64-unknown-linux-gnu/lib/librustc_driver
rustc: x86_64-unknown-linux-gnu/stage0/lib/rustlib/x86_64-unknown-linux-gnu/bin/rustc
cp: x86_64-unknown-linux-gnu/stage1/lib/librustc_trans
cp: x86_64-unknown-linux-gnu/stage1/lib/librustc_driver
cp: x86_64-unknown-linux-gnu/stage1/bin/rustc
rustc: x86_64-unknown-linux-gnu/stage1/lib/rustlib/x86_64-unknown-linux-gnu/lib/libcore
rustc: x86_64-unknown-linux-gnu/stage1/lib/rustlib/x86_64-unknown-linux-gnu/lib/liblibc
rustc: x86_64-unknown-linux-gnu/stage1/lib/rustlib/x86_64-unknown-linux-gnu/lib/librand
rustc: x86_64-unknown-linux-gnu/stage1/lib/rustlib/x86_64-unknown-linux-gnu/lib/liballoc
rustc: x86_64-unknown-linux-gnu/stage1/lib/rustlib/x86_64-unknown-linux-gnu/lib/librustc_unicode
rustc: x86_64-unknown-linux-gnu/stage1/lib/rustlib/x86_64-unknown-linux-gnu/lib/libcollections
rustc: x86_64-unknown-linux-gnu/stage1/lib/rustlib/x86_64-unknown-linux-gnu/lib/librustc_bitflags
rustc: x86_64-unknown-linux-gnu/stage1/lib/rustlib/x86_64-unknown-linux-gnu/lib/libstd
rustc: x86_64-unknown-linux-gnu/stage1/lib/rustlib/x86_64-unknown-linux-gnu/lib/libarena
rustc: x86_64-unknown-linux-gnu/stage1/lib/rustlib/x86_64-unknown-linux-gnu/lib/libflate
rustc: x86_64-unknown-linux-gnu/stage1/lib/rustlib/x86_64-unknown-linux-gnu/lib/libgetopts
rustc: x86_64-unknown-linux-gnu/stage1/lib/rustlib/x86_64-unknown-linux-gnu/lib/libgraphviz
rustc: x86_64-unknown-linux-gnu/stage1/lib/rustlib/x86_64-unknown-linux-gnu/lib/liblog
rustc: x86_64-unknown-linux-gnu/stage1/lib/rustlib/x86_64-unknown-linux-gnu/lib/libterm
rustc: x86_64-unknown-linux-gnu/stage1/lib/rustlib/x86_64-unknown-linux-gnu/lib/libserialize
rustc: x86_64-unknown-linux-gnu/stage1/lib/rustlib/x86_64-unknown-linux-gnu/lib/libfmt_macros
rustc: x86_64-unknown-linux-gnu/stage1/lib/rustlib/x86_64-unknown-linux-gnu/lib/libsyntax
rustc: x86_64-unknown-linux-gnu/stage1/lib/rustlib/x86_64-unknown-linux-gnu/lib/librbml
rustc: x86_64-unknown-linux-gnu/stage1/lib/rustlib/x86_64-unknown-linux-gnu/lib/librustc_llvm
rustc: x86_64-unknown-linux-gnu/stage1/lib/rustlib/x86_64-unknown-linux-gnu/lib/librustc_back
rustc: x86_64-unknown-linux-gnu/stage1/lib/rustlib/x86_64-unknown-linux-gnu/lib/librustc_data_structures
rustc: x86_64-unknown-linux-gnu/stage1/lib/rustlib/x86_64-unknown-linux-gnu/lib/librustc
rustc: x86_64-unknown-linux-gnu/stage1/lib/rustlib/x86_64-unknown-linux-gnu/lib/librustc_borrowck
rustc: x86_64-unknown-linux-gnu/stage1/lib/rustlib/x86_64-unknown-linux-gnu/lib/librustc_typeck
rustc: x86_64-unknown-linux-gnu/stage1/lib/rustlib/x86_64-unknown-linux-gnu/lib/librustc_resolve
rustc: x86_64-unknown-linux-gnu/stage1/lib/rustlib/x86_64-unknown-linux-gnu/lib/librustc_trans
rustc: x86_64-unknown-linux-gnu/stage1/lib/rustlib/x86_64-unknown-linux-gnu/lib/librustc_privacy
rustc: x86_64-unknown-linux-gnu/stage1/lib/rustlib/x86_64-unknown-linux-gnu/lib/librustc_lint
rustc: x86_64-unknown-linux-gnu/stage1/lib/rustlib/x86_64-unknown-linux-gnu/lib/librustc_driver
rustc: x86_64-unknown-linux-gnu/stage1/lib/rustlib/x86_64-unknown-linux-gnu/bin/rustc
cp: x86_64-unknown-linux-gnu/stage2/lib/libstd
cp: x86_64-unknown-linux-gnu/stage2/lib/libarena
cp: x86_64-unknown-linux-gnu/stage2/lib/libflate
cp: x86_64-unknown-linux-gnu/stage2/lib/libgetopts
cp: x86_64-unknown-linux-gnu/stage2/lib/libgraphviz
cp: x86_64-unknown-linux-gnu/stage2/lib/liblog
cp: x86_64-unknown-linux-gnu/stage2/lib/libterm
cp: x86_64-unknown-linux-gnu/stage2/lib/libserialize
cp: x86_64-unknown-linux-gnu/stage2/lib/libfmt_macros
cp: x86_64-unknown-linux-gnu/stage2/lib/libsyntax
cp: x86_64-unknown-linux-gnu/stage2/lib/librbml
cp: x86_64-unknown-linux-gnu/stage2/lib/librustc_llvm
cp: x86_64-unknown-linux-gnu/stage2/lib/librustc_back
cp: x86_64-unknown-linux-gnu/stage2/lib/librustc_data_structures
cp: x86_64-unknown-linux-gnu/stage2/lib/librustc
cp: x86_64-unknown-linux-gnu/stage2/lib/librustc_borrowck
cp: x86_64-unknown-linux-gnu/stage2/lib/librustc_typeck
cp: x86_64-unknown-linux-gnu/stage2/lib/librustc_resolve
cp: x86_64-unknown-linux-gnu/stage2/lib/librustc_trans
cp: x86_64-unknown-linux-gnu/stage2/lib/librustc_privacy
cp: x86_64-unknown-linux-gnu/stage2/lib/librustc_lint
cp: x86_64-unknown-linux-gnu/stage2/lib/librustc_driver
cp: x86_64-unknown-linux-gnu/stage2/bin/rustc
cp: x86_64-unknown-linux-gnu/stage2/lib/rustlib/x86_64-unknown-linux-gnu/lib/libmorestack.a
cp: x86_64-unknown-linux-gnu/stage2/lib/rustlib/x86_64-unknown-linux-gnu/lib/libcompiler-rt.a
rustc: x86_64-unknown-linux-gnu/stage1/lib/rustlib/x86_64-unknown-linux-gnu/lib/libtest
compile: x86_64-unknown-linux-gnu/rt/hoedown/src/autolink.o
compile: x86_64-unknown-linux-gnu/rt/hoedown/src/buffer.o
compile: x86_64-unknown-linux-gnu/rt/hoedown/src/document.o
compile: x86_64-unknown-linux-gnu/rt/hoedown/src/escape.o
compile: x86_64-unknown-linux-gnu/rt/hoedown/src/html.o
compile: x86_64-unknown-linux-gnu/rt/hoedown/src/html_blocks.o
compile: x86_64-unknown-linux-gnu/rt/hoedown/src/html_smartypants.o
compile: x86_64-unknown-linux-gnu/rt/hoedown/src/stack.o
compile: x86_64-unknown-linux-gnu/rt/hoedown/src/version.o
link: x86_64-unknown-linux-gnu/rt/libhoedown.a
rustc: x86_64-unknown-linux-gnu/stage1/lib/rustlib/x86_64-unknown-linux-gnu/lib/librustdoc
rustc: x86_64-unknown-linux-gnu/stage1/lib/rustlib/x86_64-unknown-linux-gnu/bin/rustdoc
cp: x86_64-unknown-linux-gnu/stage2/lib/libtest
cp: x86_64-unknown-linux-gnu/stage2/lib/librustdoc
cp: x86_64-unknown-linux-gnu/stage2/bin/rustdoc
rustc: x86_64-unknown-linux-gnu/stage2/lib/rustlib/x86_64-unknown-linux-gnu/lib/libcore
time: 0.069; rss: 52MB	parsing
time: 0.024; rss: 52MB	configuration 1
time: 0.000; rss: 52MB	recursion limit
time: 0.002; rss: 52MB	gated macro checking
time: 0.000; rss: 52MB	crate injection
time: 0.001; rss: 52MB	macro loading
time: 0.000; rss: 52MB	plugin loading
time: 0.000; rss: 52MB	plugin registration
time: 0.440; rss: 73MB	expansion
time: 0.011; rss: 73MB	complete gated feature checking 1
time: 0.088; rss: 75MB	configuration 2
time: 0.045; rss: 75MB	maybe building test harness
time: 0.000; rss: 75MB	prelude injection
time: 0.004; rss: 75MB	checking that all macro invocations are gone
time: 0.011; rss: 75MB	complete gated feature checking 2
time: 0.051; rss: 84MB	assigning node ids and indexing ast
time: 0.004; rss: 84MB	external crate/lib resolution
time: 0.009; rss: 84MB	language item collection
time: 0.081; rss: 98MB	resolution
time: 0.010; rss: 98MB	lifetime resolution
time: 0.000; rss: 98MB	looking for entry point
time: 0.004; rss: 98MB	looking for plugin registrar
time: 0.027; rss: 109MB	region resolution
time: 0.005; rss: 109MB	loop checking
time: 0.005; rss: 109MB	static item recursion checking
time: 0.060; rss: 114MB	type collecting
time: 0.010; rss: 114MB	variance inference
time: 0.653; rss: 125MB	coherence checking
time: 4.852; rss: 161MB	type checking
time: 0.391; rss: 163MB	const checking
time: 0.052; rss: 163MB	privacy checking
time: 0.005; rss: 163MB	stability index
time: 0.033; rss: 163MB	intrinsic checking
time: 0.009; rss: 163MB	effect checking
time: 0.114; rss: 163MB	match checking
time: 0.022; rss: 163MB	liveness checking
time: 0.808; rss: 163MB	borrow checking
time: 0.394; rss: 163MB	rvalue checking
time: 0.014; rss: 163MB	reachability checking
time: 0.033; rss: 163MB	death checking
time: 0.025; rss: 163MB	stability checking
time: 0.000; rss: 163MB	unused lib feature checking
time: 0.429; rss: 163MB	lint checking
time: 0.000; rss: 163MB	resolving dependency formats
time: 1.515; rss: 232MB	translation
  time: 0.199; rss: 120MB	llvm function passes
  time: 1.514; rss: 121MB	llvm module passes
  time: 1.314; rss: 125MB	codegen passes
  time: 0.003; rss: 121MB	codegen passes
time: 3.086; rss: 121MB	LLVM passes
time: 0.049; rss: 121MB	linking
rustc: x86_64-unknown-linux-gnu/stage2/lib/rustlib/x86_64-unknown-linux-gnu/lib/liblibc
time: 0.021; rss: 39MB	parsing
time: 0.004; rss: 36MB	configuration 1
time: 0.000; rss: 36MB	recursion limit
time: 0.000; rss: 36MB	gated macro checking
time: 0.000; rss: 36MB	crate injection
time: 0.000; rss: 36MB	macro loading
time: 0.000; rss: 36MB	plugin loading
time: 0.000; rss: 36MB	plugin registration
time: 0.008; rss: 36MB	expansion
time: 0.000; rss: 36MB	complete gated feature checking 1
time: 0.002; rss: 36MB	configuration 2
time: 0.001; rss: 36MB	maybe building test harness
time: 0.000; rss: 36MB	prelude injection
time: 0.000; rss: 36MB	checking that all macro invocations are gone
time: 0.000; rss: 36MB	complete gated feature checking 2
time: 0.001; rss: 36MB	assigning node ids and indexing ast
time: 0.000; rss: 38MB	external crate/lib resolution
time: 0.000; rss: 38MB	language item collection
time: 0.003; rss: 41MB	resolution
time: 0.000; rss: 41MB	lifetime resolution
time: 0.000; rss: 41MB	looking for entry point
time: 0.000; rss: 41MB	looking for plugin registrar
time: 0.000; rss: 41MB	region resolution
time: 0.000; rss: 41MB	loop checking
time: 0.000; rss: 41MB	static item recursion checking
time: 0.001; rss: 43MB	type collecting
time: 0.000; rss: 43MB	variance inference
time: 0.005; rss: 51MB	coherence checking
time: 0.032; rss: 56MB	type checking
time: 0.003; rss: 56MB	const checking
time: 0.001; rss: 56MB	privacy checking
time: 0.000; rss: 56MB	stability index
time: 0.000; rss: 56MB	intrinsic checking
time: 0.000; rss: 56MB	effect checking
time: 0.000; rss: 56MB	match checking
time: 0.000; rss: 56MB	liveness checking
time: 0.003; rss: 56MB	borrow checking
time: 0.001; rss: 56MB	rvalue checking
time: 0.000; rss: 56MB	reachability checking
time: 0.001; rss: 56MB	death checking
time: 0.001; rss: 56MB	stability checking
time: 0.000; rss: 56MB	unused lib feature checking
time: 0.004; rss: 57MB	lint checking
time: 0.000; rss: 57MB	resolving dependency formats
time: 0.037; rss: 69MB	translation
  time: 0.002; rss: 67MB	llvm function passes
  time: 0.009; rss: 67MB	llvm module passes
  time: 0.008; rss: 71MB	codegen passes
  time: 0.000; rss: 71MB	codegen passes
time: 0.021; rss: 71MB	LLVM passes
time: 0.001; rss: 72MB	linking
rustc: x86_64-unknown-linux-gnu/stage2/lib/rustlib/x86_64-unknown-linux-gnu/lib/librand
time: 0.011; rss: 36MB	parsing
time: 0.003; rss: 36MB	configuration 1
time: 0.000; rss: 36MB	recursion limit
time: 0.000; rss: 36MB	gated macro checking
time: 0.000; rss: 36MB	crate injection
time: 0.001; rss: 36MB	macro loading
time: 0.000; rss: 36MB	plugin loading
time: 0.000; rss: 36MB	plugin registration
time: 0.024; rss: 40MB	expansion
time: 0.000; rss: 40MB	complete gated feature checking 1
time: 0.005; rss: 40MB	configuration 2
time: 0.003; rss: 40MB	maybe building test harness
time: 0.000; rss: 40MB	prelude injection
time: 0.000; rss: 40MB	checking that all macro invocations are gone
time: 0.000; rss: 40MB	complete gated feature checking 2
time: 0.003; rss: 40MB	assigning node ids and indexing ast
time: 0.000; rss: 40MB	external crate/lib resolution
time: 0.000; rss: 40MB	language item collection
time: 0.007; rss: 50MB	resolution
time: 0.000; rss: 50MB	lifetime resolution
time: 0.000; rss: 50MB	looking for entry point
time: 0.000; rss: 50MB	looking for plugin registrar
time: 0.001; rss: 50MB	region resolution
time: 0.000; rss: 50MB	loop checking
time: 0.000; rss: 50MB	static item recursion checking
time: 0.002; rss: 50MB	type collecting
time: 0.000; rss: 50MB	variance inference
time: 0.031; rss: 65MB	coherence checking
time: 0.307; rss: 78MB	type checking
time: 0.036; rss: 78MB	const checking
time: 0.002; rss: 78MB	privacy checking
time: 0.000; rss: 78MB	stability index
time: 0.001; rss: 78MB	intrinsic checking
time: 0.000; rss: 78MB	effect checking
time: 0.004; rss: 78MB	match checking
time: 0.001; rss: 80MB	liveness checking
time: 0.068; rss: 80MB	borrow checking
time: 0.031; rss: 80MB	rvalue checking
time: 0.000; rss: 80MB	reachability checking
time: 0.001; rss: 80MB	death checking
time: 0.002; rss: 80MB	stability checking
time: 0.000; rss: 80MB	unused lib feature checking
time: 0.016; rss: 80MB	lint checking
time: 0.000; rss: 80MB	resolving dependency formats
time: 0.163; rss: 98MB	translation
  time: 0.022; rss: 79MB	llvm function passes
  time: 0.148; rss: 79MB	llvm module passes
  time: 0.051; rss: 84MB	codegen passes
  time: 0.000; rss: 83MB	codegen passes
time: 0.225; rss: 83MB	LLVM passes
time: 0.003; rss: 83MB	linking
rustc: x86_64-unknown-linux-gnu/stage2/lib/rustlib/x86_64-unknown-linux-gnu/lib/liballoc
time: 0.009; rss: 32MB	parsing
time: 0.003; rss: 36MB	configuration 1
time: 0.000; rss: 36MB	recursion limit
time: 0.000; rss: 36MB	gated macro checking
time: 0.000; rss: 36MB	crate injection
time: 0.001; rss: 37MB	macro loading
time: 0.000; rss: 37MB	plugin loading
time: 0.000; rss: 37MB	plugin registration
time: 0.009; rss: 37MB	expansion
time: 0.000; rss: 37MB	complete gated feature checking 1
time: 0.002; rss: 37MB	configuration 2
time: 0.001; rss: 37MB	maybe building test harness
time: 0.000; rss: 37MB	prelude injection
time: 0.000; rss: 37MB	checking that all macro invocations are gone
time: 0.000; rss: 37MB	complete gated feature checking 2
time: 0.001; rss: 37MB	assigning node ids and indexing ast
time: 0.000; rss: 37MB	external crate/lib resolution
time: 0.000; rss: 37MB	language item collection
time: 0.007; rss: 45MB	resolution
time: 0.000; rss: 45MB	lifetime resolution
time: 0.000; rss: 45MB	looking for entry point
time: 0.000; rss: 45MB	looking for plugin registrar
time: 0.000; rss: 45MB	region resolution
time: 0.000; rss: 45MB	loop checking
time: 0.000; rss: 45MB	static item recursion checking
time: 0.002; rss: 47MB	type collecting
time: 0.000; rss: 47MB	variance inference
time: 0.041; rss: 66MB	coherence checking
time: 0.064; rss: 68MB	type checking
time: 0.011; rss: 68MB	const checking
time: 0.001; rss: 68MB	privacy checking
time: 0.000; rss: 68MB	stability index
time: 0.001; rss: 68MB	intrinsic checking
time: 0.000; rss: 68MB	effect checking
time: 0.002; rss: 68MB	match checking
time: 0.000; rss: 68MB	liveness checking
time: 0.019; rss: 68MB	borrow checking
time: 0.010; rss: 68MB	rvalue checking
time: 0.000; rss: 68MB	reachability checking
time: 0.000; rss: 68MB	death checking
time: 0.001; rss: 68MB	stability checking
time: 0.000; rss: 68MB	unused lib feature checking
time: 0.006; rss: 68MB	lint checking
time: 0.000; rss: 68MB	resolving dependency formats
time: 0.034; rss: 81MB	translation
  time: 0.001; rss: 72MB	llvm function passes
  time: 0.004; rss: 72MB	llvm module passes
  time: 0.007; rss: 78MB	codegen passes
  time: 0.000; rss: 77MB	codegen passes
time: 0.014; rss: 77MB	LLVM passes
time: 0.002; rss: 78MB	linking
rustc: x86_64-unknown-linux-gnu/stage2/lib/rustlib/x86_64-unknown-linux-gnu/lib/librustc_unicode
time: 0.079; rss: 52MB	parsing
time: 0.019; rss: 53MB	configuration 1
time: 0.000; rss: 53MB	recursion limit
time: 0.001; rss: 53MB	gated macro checking
time: 0.000; rss: 53MB	crate injection
time: 0.001; rss: 53MB	macro loading
time: 0.000; rss: 53MB	plugin loading
time: 0.000; rss: 53MB	plugin registration
time: 0.141; rss: 52MB	expansion
time: 0.001; rss: 52MB	complete gated feature checking 1
time: 0.019; rss: 52MB	configuration 2
time: 0.010; rss: 52MB	maybe building test harness
time: 0.000; rss: 52MB	prelude injection
time: 0.001; rss: 52MB	checking that all macro invocations are gone
time: 0.001; rss: 52MB	complete gated feature checking 2
time: 0.011; rss: 54MB	assigning node ids and indexing ast
time: 0.001; rss: 54MB	external crate/lib resolution
time: 0.002; rss: 54MB	language item collection
time: 0.011; rss: 67MB	resolution
time: 0.001; rss: 67MB	lifetime resolution
time: 0.000; rss: 67MB	looking for entry point
time: 0.001; rss: 67MB	looking for plugin registrar
time: 0.014; rss: 75MB	region resolution
time: 0.001; rss: 75MB	loop checking
time: 0.002; rss: 75MB	static item recursion checking
time: 0.003; rss: 75MB	type collecting
time: 0.002; rss: 75MB	variance inference
time: 0.041; rss: 89MB	coherence checking
time: 0.315; rss: 107MB	type checking
time: 0.251; rss: 111MB	const checking
time: 0.006; rss: 111MB	privacy checking
time: 0.001; rss: 111MB	stability index
time: 0.001; rss: 111MB	intrinsic checking
time: 0.001; rss: 111MB	effect checking
time: 0.003; rss: 111MB	match checking
time: 0.002; rss: 111MB	liveness checking
time: 0.026; rss: 111MB	borrow checking
time: 0.010; rss: 111MB	rvalue checking
time: 0.001; rss: 111MB	reachability checking
time: 0.003; rss: 111MB	death checking
time: 0.003; rss: 111MB	stability checking
time: 0.000; rss: 111MB	unused lib feature checking
time: 0.023; rss: 111MB	lint checking
time: 0.000; rss: 111MB	resolving dependency formats
time: 0.507; rss: 138MB	translation
  time: 0.024; rss: 87MB	llvm function passes
  time: 0.228; rss: 89MB	llvm module passes
  time: 0.108; rss: 103MB	codegen passes
  time: 0.001; rss: 95MB	codegen passes
time: 0.373; rss: 95MB	LLVM passes
time: 0.014; rss: 95MB	linking
rustc: x86_64-unknown-linux-gnu/stage2/lib/rustlib/x86_64-unknown-linux-gnu/lib/libcollections
time: 0.051; rss: 46MB	parsing
time: 0.018; rss: 46MB	configuration 1
time: 0.000; rss: 46MB	recursion limit
time: 0.001; rss: 46MB	gated macro checking
time: 0.000; rss: 46MB	crate injection
time: 0.001; rss: 46MB	macro loading
time: 0.000; rss: 46MB	plugin loading
time: 0.000; rss: 46MB	plugin registration
time: 0.120; rss: 51MB	expansion
time: 0.004; rss: 51MB	complete gated feature checking 1
time: 0.025; rss: 51MB	configuration 2
time: 0.013; rss: 51MB	maybe building test harness
time: 0.000; rss: 51MB	prelude injection
time: 0.001; rss: 51MB	checking that all macro invocations are gone
time: 0.003; rss: 51MB	complete gated feature checking 2
time: 0.013; rss: 52MB	assigning node ids and indexing ast
time: 0.002; rss: 52MB	external crate/lib resolution
time: 0.002; rss: 52MB	language item collection
time: 0.035; rss: 71MB	resolution
time: 0.002; rss: 71MB	lifetime resolution
time: 0.000; rss: 71MB	looking for entry point
time: 0.001; rss: 71MB	looking for plugin registrar
time: 0.009; rss: 74MB	region resolution
time: 0.002; rss: 74MB	loop checking
time: 0.001; rss: 74MB	static item recursion checking
time: 0.016; rss: 79MB	type collecting
time: 0.003; rss: 79MB	variance inference
time: 0.135; rss: 95MB	coherence checking
time: 1.707; rss: 132MB	type checking
time: 0.160; rss: 132MB	const checking
time: 0.011; rss: 132MB	privacy checking
time: 0.001; rss: 132MB	stability index
time: 0.009; rss: 132MB	intrinsic checking
time: 0.003; rss: 132MB	effect checking
time: 0.048; rss: 132MB	match checking
time: 0.006; rss: 132MB	liveness checking
time: 0.326; rss: 132MB	borrow checking
time: 0.211; rss: 132MB	rvalue checking
time: 0.005; rss: 132MB	reachability checking
time: 0.008; rss: 132MB	death checking
time: 0.011; rss: 132MB	stability checking
time: 0.000; rss: 132MB	unused lib feature checking
time: 0.125; rss: 132MB	lint checking
time: 0.000; rss: 132MB	resolving dependency formats
time: 0.891; rss: 187MB	translation
  time: 0.090; rss: 109MB	llvm function passes
  time: 0.928; rss: 112MB	llvm module passes
  time: 0.401; rss: 122MB	codegen passes
  time: 0.001; rss: 111MB	codegen passes
time: 1.456; rss: 111MB	LLVM passes
time: 0.034; rss: 110MB	linking
rustc: x86_64-unknown-linux-gnu/stage2/lib/rustlib/x86_64-unknown-linux-gnu/lib/librustc_bitflags
time: 0.001; rss: 30MB	parsing
time: 0.000; rss: 30MB	configuration 1
time: 0.000; rss: 34MB	recursion limit
time: 0.000; rss: 34MB	gated macro checking
time: 0.000; rss: 34MB	crate injection
time: 0.000; rss: 34MB	macro loading
time: 0.000; rss: 34MB	plugin loading
time: 0.000; rss: 34MB	plugin registration
time: 0.000; rss: 34MB	expansion
time: 0.000; rss: 34MB	complete gated feature checking 1
time: 0.000; rss: 34MB	configuration 2
time: 0.000; rss: 34MB	maybe building test harness
time: 0.000; rss: 34MB	prelude injection
time: 0.000; rss: 34MB	checking that all macro invocations are gone
time: 0.000; rss: 34MB	complete gated feature checking 2
time: 0.000; rss: 34MB	assigning node ids and indexing ast
time: 0.000; rss: 34MB	external crate/lib resolution
time: 0.000; rss: 34MB	language item collection
time: 0.000; rss: 34MB	resolution
time: 0.000; rss: 34MB	lifetime resolution
time: 0.000; rss: 34MB	looking for entry point
time: 0.000; rss: 34MB	looking for plugin registrar
time: 0.000; rss: 34MB	region resolution
time: 0.000; rss: 34MB	loop checking
time: 0.000; rss: 34MB	static item recursion checking
time: 0.000; rss: 34MB	type collecting
time: 0.000; rss: 34MB	variance inference
time: 0.000; rss: 34MB	coherence checking
time: 0.000; rss: 34MB	type checking
time: 0.000; rss: 34MB	const checking
time: 0.000; rss: 34MB	privacy checking
time: 0.000; rss: 34MB	stability index
time: 0.000; rss: 34MB	intrinsic checking
time: 0.000; rss: 34MB	effect checking
time: 0.000; rss: 34MB	match checking
time: 0.000; rss: 34MB	liveness checking
time: 0.000; rss: 34MB	borrow checking
time: 0.000; rss: 34MB	rvalue checking
time: 0.000; rss: 34MB	reachability checking
time: 0.000; rss: 34MB	death checking
time: 0.000; rss: 34MB	stability checking
time: 0.000; rss: 34MB	unused lib feature checking
time: 0.000; rss: 34MB	lint checking
time: 0.000; rss: 34MB	resolving dependency formats
time: 0.003; rss: 46MB	translation
  time: 0.000; rss: 46MB	llvm function passes
  time: 0.000; rss: 46MB	llvm module passes
  time: 0.001; rss: 47MB	codegen passes
  time: 0.000; rss: 48MB	codegen passes
time: 0.002; rss: 48MB	LLVM passes
time: 0.001; rss: 48MB	linking
rustc: x86_64-unknown-linux-gnu/stage2/lib/rustlib/x86_64-unknown-linux-gnu/lib/libstd
time: 0.155; rss: 71MB	parsing
time: 0.049; rss: 69MB	configuration 1
time: 0.000; rss: 69MB	recursion limit
time: 0.003; rss: 69MB	gated macro checking
time: 0.000; rss: 69MB	crate injection
time: 0.004; rss: 69MB	macro loading
time: 0.000; rss: 69MB	plugin loading
time: 0.000; rss: 69MB	plugin registration
time: 0.254; rss: 68MB	expansion
time: 0.009; rss: 68MB	complete gated feature checking 1
time: 0.049; rss: 68MB	configuration 2
time: 0.024; rss: 68MB	maybe building test harness
time: 0.000; rss: 68MB	prelude injection
time: 0.003; rss: 68MB	checking that all macro invocations are gone
time: 0.007; rss: 68MB	complete gated feature checking 2
time: 0.028; rss: 71MB	assigning node ids and indexing ast
time: 0.003; rss: 71MB	external crate/lib resolution
time: 0.005; rss: 71MB	language item collection
time: 0.071; rss: 102MB	resolution
time: 0.006; rss: 100MB	lifetime resolution
time: 0.000; rss: 100MB	looking for entry point
time: 0.003; rss: 100MB	looking for plugin registrar
time: 0.020; rss: 109MB	region resolution
time: 0.003; rss: 109MB	loop checking
time: 0.003; rss: 109MB	static item recursion checking
time: 0.030; rss: 115MB	type collecting
time: 0.007; rss: 115MB	variance inference
time: 0.125; rss: 137MB	coherence checking
time: 1.570; rss: 175MB	type checking
time: 0.353; rss: 181MB	const checking
time: 0.029; rss: 181MB	privacy checking
time: 0.002; rss: 181MB	stability index
time: 0.012; rss: 181MB	intrinsic checking
time: 0.005; rss: 181MB	effect checking
time: 0.067; rss: 182MB	match checking
time: 0.014; rss: 182MB	liveness checking
time: 0.642; rss: 182MB	borrow checking
time: 0.383; rss: 182MB	rvalue checking
time: 0.009; rss: 182MB	reachability checking
time: 0.020; rss: 182MB	death checking
time: 0.023; rss: 182MB	stability checking
time: 0.000; rss: 182MB	unused lib feature checking
time: 0.089; rss: 182MB	lint checking
time: 0.000; rss: 182MB	resolving dependency formats
time: 1.647; rss: 260MB	translation
  time: 0.342; rss: 155MB	llvm function passes
  time: 4.143; rss: 162MB	llvm module passes
  time: 1.735; rss: 166MB	codegen passes
  time: 0.002; rss: 156MB	codegen passes
time: 6.341; rss: 155MB	LLVM passes
  time: 0.001; rss: 155MB	altering collections-7e44814b.rlib
  time: 0.000; rss: 155MB	altering rand-7e44814b.rlib
  time: 0.001; rss: 155MB	altering alloc-7e44814b.rlib
  time: 0.000; rss: 155MB	altering rustc_unicode-7e44814b.rlib
  time: 0.000; rss: 155MB	altering libc-7e44814b.rlib
  time: 0.001; rss: 155MB	altering core-7e44814b.rlib
  time: 0.158; rss: 162MB	running linker
time: 0.234; rss: 159MB	linking
rustc: x86_64-unknown-linux-gnu/stage2/lib/rustlib/x86_64-unknown-linux-gnu/lib/libflate
time: 0.001; rss: 29MB	parsing
time: 0.000; rss: 34MB	configuration 1
time: 0.000; rss: 34MB	recursion limit
time: 0.000; rss: 34MB	gated macro checking
time: 0.000; rss: 34MB	crate injection
time: 0.002; rss: 34MB	macro loading
time: 0.000; rss: 34MB	plugin loading
time: 0.000; rss: 34MB	plugin registration
time: 0.002; rss: 38MB	expansion
time: 0.000; rss: 38MB	complete gated feature checking 1
time: 0.000; rss: 38MB	configuration 2
time: 0.000; rss: 38MB	maybe building test harness
time: 0.000; rss: 38MB	prelude injection
time: 0.000; rss: 38MB	checking that all macro invocations are gone
time: 0.000; rss: 38MB	complete gated feature checking 2
time: 0.000; rss: 38MB	assigning node ids and indexing ast
time: 0.000; rss: 38MB	external crate/lib resolution
time: 0.000; rss: 38MB	language item collection
time: 0.005; rss: 46MB	resolution
time: 0.000; rss: 46MB	lifetime resolution
time: 0.000; rss: 46MB	looking for entry point
time: 0.000; rss: 46MB	looking for plugin registrar
time: 0.000; rss: 46MB	region resolution
time: 0.000; rss: 46MB	loop checking
time: 0.000; rss: 46MB	static item recursion checking
time: 0.000; rss: 50MB	type collecting
time: 0.000; rss: 50MB	variance inference
time: 0.027; rss: 74MB	coherence checking
time: 0.019; rss: 76MB	type checking
time: 0.002; rss: 76MB	const checking
time: 0.000; rss: 76MB	privacy checking
time: 0.000; rss: 76MB	stability index
time: 0.000; rss: 76MB	intrinsic checking
time: 0.000; rss: 76MB	effect checking
time: 0.000; rss: 76MB	match checking
time: 0.000; rss: 76MB	liveness checking
time: 0.003; rss: 76MB	borrow checking
time: 0.001; rss: 76MB	rvalue checking
time: 0.000; rss: 76MB	reachability checking
time: 0.000; rss: 76MB	death checking
time: 0.001; rss: 76MB	stability checking
time: 0.000; rss: 76MB	unused lib feature checking
time: 0.001; rss: 76MB	lint checking
time: 0.000; rss: 76MB	resolving dependency formats
time: 0.021; rss: 94MB	translation
  time: 0.003; rss: 89MB	llvm function passes
  time: 0.007; rss: 89MB	llvm module passes
  time: 0.007; rss: 94MB	codegen passes
  time: 0.000; rss: 93MB	codegen passes
time: 0.019; rss: 93MB	LLVM passes
  time: 0.019; rss: 97MB	running linker
time: 0.021; rss: 98MB	linking
rustc: x86_64-unknown-linux-gnu/stage2/lib/rustlib/x86_64-unknown-linux-gnu/lib/libarena
time: 0.002; rss: 29MB	parsing
time: 0.001; rss: 34MB	configuration 1
time: 0.000; rss: 34MB	recursion limit
time: 0.000; rss: 34MB	gated macro checking
time: 0.000; rss: 34MB	crate injection
time: 0.002; rss: 34MB	macro loading
time: 0.000; rss: 34MB	plugin loading
time: 0.000; rss: 34MB	plugin registration
time: 0.003; rss: 38MB	expansion
time: 0.000; rss: 38MB	complete gated feature checking 1
time: 0.001; rss: 38MB	configuration 2
time: 0.000; rss: 38MB	maybe building test harness
time: 0.000; rss: 38MB	prelude injection
time: 0.000; rss: 38MB	checking that all macro invocations are gone
time: 0.000; rss: 38MB	complete gated feature checking 2
time: 0.000; rss: 38MB	assigning node ids and indexing ast
time: 0.000; rss: 38MB	external crate/lib resolution
time: 0.000; rss: 38MB	language item collection
time: 0.003; rss: 46MB	resolution
time: 0.000; rss: 46MB	lifetime resolution
time: 0.000; rss: 46MB	looking for entry point
time: 0.000; rss: 46MB	looking for plugin registrar
time: 0.000; rss: 46MB	region resolution
time: 0.000; rss: 46MB	loop checking
time: 0.000; rss: 46MB	static item recursion checking
time: 0.001; rss: 46MB	type collecting
time: 0.000; rss: 46MB	variance inference
time: 0.015; rss: 71MB	coherence checking
time: 0.093; rss: 87MB	type checking
time: 0.006; rss: 87MB	const checking
time: 0.000; rss: 87MB	privacy checking
time: 0.000; rss: 87MB	stability index
time: 0.000; rss: 87MB	intrinsic checking
time: 0.000; rss: 87MB	effect checking
time: 0.001; rss: 87MB	match checking
time: 0.000; rss: 87MB	liveness checking
time: 0.008; rss: 87MB	borrow checking
time: 0.004; rss: 87MB	rvalue checking
time: 0.000; rss: 87MB	reachability checking
time: 0.000; rss: 87MB	death checking
time: 0.001; rss: 87MB	stability checking
time: 0.000; rss: 87MB	unused lib feature checking
time: 0.003; rss: 87MB	lint checking
time: 0.000; rss: 87MB	resolving dependency formats
time: 0.065; rss: 107MB	translation
  time: 0.011; rss: 90MB	llvm function passes
  time: 0.073; rss: 91MB	llvm module passes
  time: 0.028; rss: 95MB	codegen passes
  time: 0.000; rss: 95MB	codegen passes
time: 0.114; rss: 94MB	LLVM passes
  time: 0.015; rss: 100MB	running linker
time: 0.017; rss: 99MB	linking
rustc: x86_64-unknown-linux-gnu/stage2/lib/rustlib/x86_64-unknown-linux-gnu/lib/liblog
time: 0.002; rss: 30MB	parsing
time: 0.001; rss: 34MB	configuration 1
time: 0.000; rss: 34MB	recursion limit
time: 0.000; rss: 34MB	gated macro checking
time: 0.000; rss: 34MB	crate injection
time: 0.002; rss: 34MB	macro loading
time: 0.000; rss: 34MB	plugin loading
time: 0.000; rss: 34MB	plugin registration
time: 0.005; rss: 38MB	expansion
time: 0.000; rss: 38MB	complete gated feature checking 1
time: 0.001; rss: 38MB	configuration 2
time: 0.000; rss: 38MB	maybe building test harness
time: 0.000; rss: 38MB	prelude injection
time: 0.000; rss: 38MB	checking that all macro invocations are gone
time: 0.000; rss: 38MB	complete gated feature checking 2
time: 0.000; rss: 38MB	assigning node ids and indexing ast
time: 0.000; rss: 38MB	external crate/lib resolution
time: 0.000; rss: 38MB	language item collection
time: 0.004; rss: 48MB	resolution
time: 0.000; rss: 48MB	lifetime resolution
time: 0.000; rss: 48MB	looking for entry point
time: 0.000; rss: 48MB	looking for plugin registrar
time: 0.000; rss: 48MB	region resolution
time: 0.000; rss: 48MB	loop checking
time: 0.000; rss: 48MB	static item recursion checking
time: 0.001; rss: 52MB	type collecting
time: 0.000; rss: 52MB	variance inference
time: 0.021; rss: 73MB	coherence checking
time: 0.111; rss: 91MB	type checking
time: 0.010; rss: 91MB	const checking
time: 0.000; rss: 91MB	privacy checking
time: 0.000; rss: 91MB	stability index
time: 0.000; rss: 91MB	intrinsic checking
time: 0.000; rss: 91MB	effect checking
time: 0.001; rss: 91MB	match checking
time: 0.000; rss: 91MB	liveness checking
time: 0.010; rss: 91MB	borrow checking
time: 0.005; rss: 91MB	rvalue checking
time: 0.000; rss: 91MB	reachability checking
time: 0.000; rss: 91MB	death checking
time: 0.001; rss: 91MB	stability checking
time: 0.000; rss: 91MB	unused lib feature checking
time: 0.002; rss: 91MB	lint checking
time: 0.000; rss: 91MB	resolving dependency formats
time: 0.153; rss: 117MB	translation
  time: 0.032; rss: 94MB	llvm function passes
  time: 0.417; rss: 97MB	llvm module passes
  time: 0.095; rss: 100MB	codegen passes
  time: 0.000; rss: 100MB	codegen passes
time: 0.550; rss: 100MB	LLVM passes
  time: 0.019; rss: 106MB	running linker
time: 0.024; rss: 104MB	linking
rustc: x86_64-unknown-linux-gnu/stage2/lib/rustlib/x86_64-unknown-linux-gnu/lib/libterm
time: 0.008; rss: 35MB	parsing
time: 0.002; rss: 36MB	configuration 1
time: 0.000; rss: 36MB	recursion limit
time: 0.000; rss: 36MB	gated macro checking
time: 0.000; rss: 36MB	crate injection
time: 0.003; rss: 39MB	macro loading
time: 0.000; rss: 39MB	plugin loading
time: 0.000; rss: 39MB	plugin registration
time: 0.020; rss: 40MB	expansion
time: 0.000; rss: 40MB	complete gated feature checking 1
time: 0.003; rss: 40MB	configuration 2
time: 0.001; rss: 40MB	maybe building test harness
time: 0.001; rss: 40MB	prelude injection
time: 0.000; rss: 40MB	checking that all macro invocations are gone
time: 0.000; rss: 40MB	complete gated feature checking 2
time: 0.002; rss: 41MB	assigning node ids and indexing ast
time: 0.000; rss: 41MB	external crate/lib resolution
time: 0.000; rss: 41MB	language item collection
time: 0.008; rss: 55MB	resolution
time: 0.000; rss: 55MB	lifetime resolution
time: 0.000; rss: 55MB	looking for entry point
time: 0.000; rss: 55MB	looking for plugin registrar
time: 0.001; rss: 54MB	region resolution
time: 0.000; rss: 54MB	loop checking
time: 0.000; rss: 54MB	static item recursion checking
time: 0.001; rss: 54MB	type collecting
time: 0.000; rss: 54MB	variance inference
time: 0.019; rss: 72MB	coherence checking
time: 0.248; rss: 99MB	type checking
time: 0.033; rss: 101MB	const checking
time: 0.001; rss: 101MB	privacy checking
time: 0.000; rss: 101MB	stability index
time: 0.000; rss: 101MB	intrinsic checking
time: 0.000; rss: 101MB	effect checking
time: 0.004; rss: 101MB	match checking
time: 0.001; rss: 101MB	liveness checking
time: 0.055; rss: 101MB	borrow checking
time: 0.026; rss: 101MB	rvalue checking
time: 0.000; rss: 101MB	reachability checking
time: 0.001; rss: 101MB	death checking
time: 0.002; rss: 101MB	stability checking
time: 0.000; rss: 101MB	unused lib feature checking
time: 0.005; rss: 101MB	lint checking
time: 0.000; rss: 101MB	resolving dependency formats
time: 0.425; rss: 139MB	translation
  time: 0.082; rss: 106MB	llvm function passes
  time: 1.288; rss: 110MB	llvm module passes
  time: 0.507; rss: 119MB	codegen passes
  time: 0.001; rss: 118MB	codegen passes
time: 1.902; rss: 118MB	LLVM passes
  time: 0.027; rss: 125MB	running linker
time: 0.045; rss: 122MB	linking
rustc: x86_64-unknown-linux-gnu/stage2/lib/rustlib/x86_64-unknown-linux-gnu/lib/libserialize
time: 0.019; rss: 39MB	parsing
time: 0.006; rss: 38MB	configuration 1
time: 0.000; rss: 38MB	recursion limit
time: 0.000; rss: 38MB	gated macro checking
time: 0.000; rss: 38MB	crate injection
time: 0.003; rss: 41MB	macro loading
time: 0.000; rss: 41MB	plugin loading
time: 0.000; rss: 41MB	plugin registration
time: 0.076; rss: 45MB	expansion
time: 0.002; rss: 45MB	complete gated feature checking 1
time: 0.013; rss: 45MB	configuration 2
time: 0.007; rss: 45MB	maybe building test harness
time: 0.006; rss: 45MB	prelude injection
time: 0.000; rss: 45MB	checking that all macro invocations are gone
time: 0.001; rss: 45MB	complete gated feature checking 2
time: 0.008; rss: 49MB	assigning node ids and indexing ast
time: 0.001; rss: 49MB	external crate/lib resolution
time: 0.001; rss: 49MB	language item collection
time: 0.027; rss: 69MB	resolution
time: 0.001; rss: 69MB	lifetime resolution
time: 0.000; rss: 69MB	looking for entry point
time: 0.000; rss: 69MB	looking for plugin registrar
time: 0.006; rss: 73MB	region resolution
time: 0.001; rss: 73MB	loop checking
time: 0.001; rss: 73MB	static item recursion checking
time: 0.007; rss: 75MB	type collecting
time: 0.001; rss: 75MB	variance inference
time: 0.081; rss: 103MB	coherence checking
time: 0.944; rss: 130MB	type checking
time: 0.238; rss: 134MB	const checking
time: 0.005; rss: 134MB	privacy checking
time: 0.000; rss: 134MB	stability index
time: 0.004; rss: 134MB	intrinsic checking
time: 0.001; rss: 134MB	effect checking
time: 0.058; rss: 134MB	match checking
time: 0.005; rss: 134MB	liveness checking
time: 0.469; rss: 134MB	borrow checking
time: 0.288; rss: 134MB	rvalue checking
time: 0.002; rss: 134MB	reachability checking
time: 0.005; rss: 134MB	death checking
time: 0.007; rss: 134MB	stability checking
time: 0.000; rss: 134MB	unused lib feature checking
time: 0.027; rss: 134MB	lint checking
time: 0.000; rss: 134MB	resolving dependency formats
time: 0.583; rss: 181MB	translation
  time: 0.103; rss: 118MB	llvm function passes
  time: 2.782; rss: 121MB	llvm module passes
  time: 0.530; rss: 125MB	codegen passes
  time: 0.001; rss: 123MB	codegen passes
time: 3.448; rss: 123MB	LLVM passes
  time: 0.029; rss: 128MB	running linker
time: 0.050; rss: 125MB	linking
rustc: x86_64-unknown-linux-gnu/stage2/lib/rustlib/x86_64-unknown-linux-gnu/lib/libgetopts
time: 0.005; rss: 35MB	parsing
time: 0.001; rss: 35MB	configuration 1
time: 0.000; rss: 35MB	recursion limit
time: 0.000; rss: 35MB	gated macro checking
time: 0.000; rss: 35MB	crate injection
time: 0.002; rss: 37MB	macro loading
time: 0.000; rss: 37MB	plugin loading
time: 0.000; rss: 37MB	plugin registration
time: 0.013; rss: 39MB	expansion
time: 0.000; rss: 39MB	complete gated feature checking 1
time: 0.002; rss: 39MB	configuration 2
time: 0.001; rss: 39MB	maybe building test harness
time: 0.001; rss: 39MB	prelude injection
time: 0.000; rss: 39MB	checking that all macro invocations are gone
time: 0.000; rss: 39MB	complete gated feature checking 2
time: 0.001; rss: 40MB	assigning node ids and indexing ast
time: 0.000; rss: 40MB	external crate/lib resolution
time: 0.000; rss: 40MB	language item collection
time: 0.006; rss: 47MB	resolution
time: 0.000; rss: 48MB	lifetime resolution
time: 0.000; rss: 48MB	looking for entry point
time: 0.000; rss: 48MB	looking for plugin registrar
time: 0.001; rss: 51MB	region resolution
time: 0.000; rss: 51MB	loop checking
time: 0.000; rss: 51MB	static item recursion checking
time: 0.001; rss: 51MB	type collecting
time: 0.000; rss: 51MB	variance inference
time: 0.020; rss: 73MB	coherence checking
time: 0.167; rss: 92MB	type checking
time: 0.016; rss: 94MB	const checking
time: 0.001; rss: 94MB	privacy checking
time: 0.000; rss: 94MB	stability index
time: 0.000; rss: 94MB	intrinsic checking
time: 0.000; rss: 94MB	effect checking
time: 0.002; rss: 94MB	match checking
time: 0.001; rss: 94MB	liveness checking
time: 0.027; rss: 94MB	borrow checking
time: 0.012; rss: 94MB	rvalue checking
time: 0.000; rss: 94MB	reachability checking
time: 0.001; rss: 94MB	death checking
time: 0.002; rss: 94MB	stability checking
time: 0.000; rss: 94MB	unused lib feature checking
time: 0.004; rss: 94MB	lint checking
time: 0.000; rss: 94MB	resolving dependency formats
time: 0.297; rss: 121MB	translation
  time: 0.056; rss: 98MB	llvm function passes
  time: 0.939; rss: 113MB	llvm module passes
  time: 0.365; rss: 120MB	codegen passes
  time: 0.000; rss: 119MB	codegen passes
time: 1.378; rss: 119MB	LLVM passes
  time: 0.022; rss: 125MB	running linker
time: 0.034; rss: 122MB	linking
rustc: x86_64-unknown-linux-gnu/stage2/lib/rustlib/x86_64-unknown-linux-gnu/lib/librbml
time: 0.006; rss: 35MB	parsing
time: 0.002; rss: 35MB	configuration 1
time: 0.000; rss: 35MB	recursion limit
time: 0.000; rss: 35MB	gated macro checking
time: 0.000; rss: 35MB	crate injection
time: 0.003; rss: 37MB	macro loading
time: 0.000; rss: 37MB	plugin loading
time: 0.000; rss: 37MB	plugin registration
time: 0.021; rss: 40MB	expansion
time: 0.000; rss: 40MB	complete gated feature checking 1
time: 0.003; rss: 40MB	configuration 2
time: 0.002; rss: 40MB	maybe building test harness
time: 0.002; rss: 40MB	prelude injection
time: 0.000; rss: 40MB	checking that all macro invocations are gone
time: 0.000; rss: 40MB	complete gated feature checking 2
time: 0.002; rss: 40MB	assigning node ids and indexing ast
time: 0.000; rss: 40MB	external crate/lib resolution
time: 0.000; rss: 40MB	language item collection
time: 0.007; rss: 52MB	resolution
time: 0.000; rss: 52MB	lifetime resolution
time: 0.000; rss: 52MB	looking for entry point
time: 0.000; rss: 52MB	looking for plugin registrar
time: 0.002; rss: 54MB	region resolution
time: 0.000; rss: 54MB	loop checking
time: 0.000; rss: 54MB	static item recursion checking
time: 0.002; rss: 57MB	type collecting
time: 0.000; rss: 57MB	variance inference
time: 0.061; rss: 85MB	coherence checking
time: 0.191; rss: 101MB	type checking
time: 0.052; rss: 103MB	const checking
time: 0.001; rss: 103MB	privacy checking
time: 0.000; rss: 103MB	stability index
time: 0.001; rss: 103MB	intrinsic checking
time: 0.000; rss: 103MB	effect checking
time: 0.007; rss: 103MB	match checking
time: 0.001; rss: 103MB	liveness checking
time: 0.091; rss: 103MB	borrow checking
time: 0.050; rss: 103MB	rvalue checking
time: 0.000; rss: 103MB	reachability checking
time: 0.001; rss: 103MB	death checking
time: 0.002; rss: 103MB	stability checking
time: 0.000; rss: 103MB	unused lib feature checking
time: 0.007; rss: 103MB	lint checking
time: 0.000; rss: 103MB	resolving dependency formats
time: 0.130; rss: 125MB	translation
  time: 0.026; rss: 99MB	llvm function passes
  time: 0.224; rss: 102MB	llvm module passes
  time: 0.120; rss: 105MB	codegen passes
  time: 0.000; rss: 104MB	codegen passes
time: 0.377; rss: 104MB	LLVM passes
  time: 0.024; rss: 108MB	running linker
time: 0.030; rss: 108MB	linking
rustc: x86_64-unknown-linux-gnu/stage2/lib/rustlib/x86_64-unknown-linux-gnu/lib/libtest
time: 0.007; rss: 35MB	parsing
time: 0.002; rss: 35MB	configuration 1
time: 0.000; rss: 35MB	recursion limit
time: 0.000; rss: 35MB	gated macro checking
time: 0.000; rss: 35MB	crate injection
time: 0.002; rss: 37MB	macro loading
time: 0.000; rss: 37MB	plugin loading
time: 0.000; rss: 37MB	plugin registration
time: 0.017; rss: 39MB	expansion
time: 0.000; rss: 39MB	complete gated feature checking 1
time: 0.003; rss: 39MB	configuration 2
time: 0.002; rss: 39MB	maybe building test harness
time: 0.001; rss: 39MB	prelude injection
time: 0.000; rss: 39MB	checking that all macro invocations are gone
time: 0.000; rss: 39MB	complete gated feature checking 2
time: 0.002; rss: 40MB	assigning node ids and indexing ast
time: 0.001; rss: 40MB	external crate/lib resolution
time: 0.000; rss: 40MB	language item collection
time: 0.011; rss: 55MB	resolution
time: 0.000; rss: 55MB	lifetime resolution
time: 0.000; rss: 55MB	looking for entry point
time: 0.000; rss: 55MB	looking for plugin registrar
time: 0.001; rss: 55MB	region resolution
time: 0.000; rss: 55MB	loop checking
time: 0.000; rss: 55MB	static item recursion checking
time: 0.002; rss: 58MB	type collecting
time: 0.000; rss: 58MB	variance inference
time: 0.025; rss: 79MB	coherence checking
time: 0.250; rss: 104MB	type checking
time: 0.036; rss: 108MB	const checking
time: 0.001; rss: 108MB	privacy checking
time: 0.000; rss: 108MB	stability index
time: 0.001; rss: 108MB	intrinsic checking
time: 0.000; rss: 108MB	effect checking
time: 0.007; rss: 108MB	match checking
time: 0.001; rss: 108MB	liveness checking
time: 0.064; rss: 108MB	borrow checking
time: 0.033; rss: 108MB	rvalue checking
time: 0.000; rss: 108MB	reachability checking
time: 0.001; rss: 108MB	death checking
time: 0.003; rss: 108MB	stability checking
time: 0.000; rss: 108MB	unused lib feature checking
time: 0.007; rss: 108MB	lint checking
time: 0.000; rss: 108MB	resolving dependency formats
time: 0.682; rss: 154MB	translation
  time: 0.139; rss: 115MB	llvm function passes
  time: 2.742; rss: 119MB	llvm module passes
  time: 0.823; rss: 126MB	codegen passes
  time: 0.001; rss: 126MB	codegen passes
time: 3.753; rss: 126MB	LLVM passes
  time: 0.027; rss: 134MB	running linker
time: 0.057; rss: 129MB	linking
rustc: x86_64-unknown-linux-gnu/stage2/lib/rustlib/x86_64-unknown-linux-gnu/lib/libgraphviz
time: 0.002; rss: 29MB	parsing
time: 0.001; rss: 34MB	configuration 1
time: 0.000; rss: 34MB	recursion limit
time: 0.000; rss: 34MB	gated macro checking
time: 0.000; rss: 34MB	crate injection
time: 0.002; rss: 37MB	macro loading
time: 0.000; rss: 37MB	plugin loading
time: 0.000; rss: 37MB	plugin registration
time: 0.003; rss: 38MB	expansion
time: 0.000; rss: 38MB	complete gated feature checking 1
time: 0.001; rss: 38MB	configuration 2
time: 0.000; rss: 38MB	maybe building test harness
time: 0.000; rss: 38MB	prelude injection
time: 0.000; rss: 38MB	checking that all macro invocations are gone
time: 0.000; rss: 38MB	complete gated feature checking 2
time: 0.000; rss: 38MB	assigning node ids and indexing ast
time: 0.000; rss: 38MB	external crate/lib resolution
time: 0.000; rss: 38MB	language item collection
time: 0.003; rss: 48MB	resolution
time: 0.000; rss: 48MB	lifetime resolution
time: 0.000; rss: 48MB	looking for entry point
time: 0.000; rss: 48MB	looking for plugin registrar
time: 0.000; rss: 48MB	region resolution
time: 0.000; rss: 48MB	loop checking
time: 0.000; rss: 48MB	static item recursion checking
time: 0.001; rss: 48MB	type collecting
time: 0.000; rss: 48MB	variance inference
time: 0.019; rss: 72MB	coherence checking
time: 0.091; rss: 91MB	type checking
time: 0.005; rss: 91MB	const checking
time: 0.000; rss: 91MB	privacy checking
time: 0.000; rss: 91MB	stability index
time: 0.000; rss: 91MB	intrinsic checking
time: 0.000; rss: 91MB	effect checking
time: 0.001; rss: 91MB	match checking
time: 0.000; rss: 91MB	liveness checking
time: 0.010; rss: 91MB	borrow checking
time: 0.006; rss: 91MB	rvalue checking
time: 0.000; rss: 91MB	reachability checking
time: 0.000; rss: 91MB	death checking
time: 0.001; rss: 91MB	stability checking
time: 0.000; rss: 91MB	unused lib feature checking
time: 0.001; rss: 91MB	lint checking
time: 0.000; rss: 91MB	resolving dependency formats
time: 0.066; rss: 107MB	translation
  time: 0.011; rss: 90MB	llvm function passes
  time: 0.080; rss: 92MB	llvm module passes
  time: 0.022; rss: 96MB	codegen passes
  time: 0.000; rss: 95MB	codegen passes
time: 0.116; rss: 95MB	LLVM passes
  time: 0.019; rss: 101MB	running linker
time: 0.021; rss: 99MB	linking
rustc: x86_64-unknown-linux-gnu/stage2/lib/rustlib/x86_64-unknown-linux-gnu/lib/libfmt_macros
time: 0.002; rss: 29MB	parsing
time: 0.000; rss: 34MB	configuration 1
time: 0.000; rss: 34MB	recursion limit
time: 0.000; rss: 34MB	gated macro checking
time: 0.000; rss: 34MB	crate injection
time: 0.002; rss: 34MB	macro loading
time: 0.000; rss: 34MB	plugin loading
time: 0.000; rss: 34MB	plugin registration
time: 0.005; rss: 38MB	expansion
time: 0.000; rss: 38MB	complete gated feature checking 1
time: 0.001; rss: 38MB	configuration 2
time: 0.001; rss: 38MB	maybe building test harness
time: 0.000; rss: 38MB	prelude injection
time: 0.000; rss: 38MB	checking that all macro invocations are gone
time: 0.000; rss: 38MB	complete gated feature checking 2
time: 0.001; rss: 38MB	assigning node ids and indexing ast
time: 0.000; rss: 38MB	external crate/lib resolution
time: 0.000; rss: 38MB	language item collection
time: 0.003; rss: 42MB	resolution
time: 0.000; rss: 42MB	lifetime resolution
time: 0.000; rss: 42MB	looking for entry point
time: 0.000; rss: 42MB	looking for plugin registrar
time: 0.000; rss: 44MB	region resolution
time: 0.000; rss: 44MB	loop checking
time: 0.000; rss: 48MB	static item recursion checking
time: 0.001; rss: 48MB	type collecting
time: 0.000; rss: 48MB	variance inference
time: 0.065; rss: 82MB	coherence checking
time: 0.047; rss: 88MB	type checking
time: 0.007; rss: 88MB	const checking
time: 0.000; rss: 88MB	privacy checking
time: 0.000; rss: 88MB	stability index
time: 0.000; rss: 88MB	intrinsic checking
time: 0.000; rss: 88MB	effect checking
time: 0.001; rss: 88MB	match checking
time: 0.000; rss: 88MB	liveness checking
time: 0.012; rss: 88MB	borrow checking
time: 0.006; rss: 88MB	rvalue checking
time: 0.000; rss: 88MB	reachability checking
time: 0.000; rss: 88MB	death checking
time: 0.001; rss: 88MB	stability checking
time: 0.000; rss: 88MB	unused lib feature checking
time: 0.002; rss: 88MB	lint checking
time: 0.000; rss: 88MB	resolving dependency formats
time: 0.088; rss: 112MB	translation
  time: 0.017; rss: 93MB	llvm function passes
  time: 0.250; rss: 97MB	llvm module passes
  time: 0.094; rss: 102MB	codegen passes
  time: 0.000; rss: 102MB	codegen passes
time: 0.367; rss: 102MB	LLVM passes
  time: 0.019; rss: 108MB	running linker
time: 0.023; rss: 106MB	linking
rustc: x86_64-unknown-linux-gnu/stage2/lib/rustlib/x86_64-unknown-linux-gnu/lib/libsyntax
time: 0.126; rss: 67MB	parsing
time: 0.041; rss: 69MB	configuration 1
time: 0.000; rss: 69MB	recursion limit
time: 0.003; rss: 69MB	gated macro checking
time: 0.000; rss: 69MB	crate injection
time: 0.006; rss: 72MB	macro loading
time: 0.000; rss: 72MB	plugin loading
time: 0.000; rss: 72MB	plugin registration
time: 0.624; rss: 105MB	expansion
time: 0.019; rss: 105MB	complete gated feature checking 1
time: 0.111; rss: 105MB	configuration 2
time: 0.058; rss: 105MB	maybe building test harness
time: 0.053; rss: 105MB	prelude injection
time: 0.009; rss: 105MB	checking that all macro invocations are gone
time: 0.019; rss: 105MB	complete gated feature checking 2
time: 0.072; rss: 114MB	assigning node ids and indexing ast
time: 0.010; rss: 114MB	external crate/lib resolution
time: 0.018; rss: 114MB	language item collection
time: 0.243; rss: 156MB	resolution
time: 0.015; rss: 149MB	lifetime resolution
time: 0.000; rss: 149MB	looking for entry point
time: 0.009; rss: 149MB	looking for plugin registrar
time: 0.081; rss: 186MB	region resolution
time: 0.009; rss: 186MB	loop checking
time: 0.009; rss: 186MB	static item recursion checking
time: 0.051; rss: 186MB	type collecting
time: 0.018; rss: 186MB	variance inference
time: 0.150; rss: 218MB	coherence checking
time: 11.252; rss: 327MB	type checking
time: 1.973; rss: 338MB	const checking
time: 0.087; rss: 338MB	privacy checking
time: 0.002; rss: 338MB	stability index
time: 0.027; rss: 338MB	intrinsic checking
time: 0.022; rss: 338MB	effect checking
time: 0.404; rss: 338MB	match checking
time: 0.065; rss: 343MB	liveness checking
time: 3.508; rss: 343MB	borrow checking
time: 1.957; rss: 343MB	rvalue checking
time: 0.027; rss: 343MB	reachability checking
time: 0.065; rss: 343MB	death checking
time: 0.072; rss: 343MB	stability checking
time: 0.000; rss: 343MB	unused lib feature checking
time: 0.238; rss: 343MB	lint checking
time: 0.000; rss: 343MB	resolving dependency formats
time: 8.522; rss: 671MB	translation
  time: 1.940; rss: 394MB	llvm function passes
  time: 47.099; rss: 505MB	llvm module passes
  time: 17.401; rss: 572MB	codegen passes
  time: 0.002; rss: 505MB	codegen passes
time: 67.669; rss: 505MB	LLVM passes
  time: 0.150; rss: 511MB	running linker
time: 0.703; rss: 507MB	linking
rustc: x86_64-unknown-linux-gnu/stage2/lib/rustlib/x86_64-unknown-linux-gnu/lib/librustc_llvm
time: 0.007; rss: 36MB	parsing
time: 0.001; rss: 37MB	configuration 1
time: 0.000; rss: 37MB	recursion limit
time: 0.000; rss: 37MB	gated macro checking
time: 0.000; rss: 37MB	crate injection
time: 0.003; rss: 39MB	macro loading
time: 0.000; rss: 39MB	plugin loading
time: 0.000; rss: 39MB	plugin registration
time: 0.014; rss: 41MB	expansion
time: 0.000; rss: 41MB	complete gated feature checking 1
time: 0.003; rss: 41MB	configuration 2
time: 0.001; rss: 42MB	maybe building test harness
time: 0.002; rss: 42MB	prelude injection
time: 0.000; rss: 42MB	checking that all macro invocations are gone
time: 0.000; rss: 42MB	complete gated feature checking 2
time: 0.002; rss: 42MB	assigning node ids and indexing ast
time: 0.000; rss: 42MB	external crate/lib resolution
time: 0.000; rss: 42MB	language item collection
time: 0.010; rss: 56MB	resolution
time: 0.000; rss: 56MB	lifetime resolution
time: 0.000; rss: 56MB	looking for entry point
time: 0.000; rss: 56MB	looking for plugin registrar
time: 0.001; rss: 56MB	region resolution
time: 0.000; rss: 56MB	loop checking
time: 0.000; rss: 56MB	static item recursion checking
time: 0.003; rss: 56MB	type collecting
time: 0.000; rss: 56MB	variance inference
time: 0.076; rss: 96MB	coherence checking
time: 0.114; rss: 100MB	type checking
time: 0.013; rss: 100MB	const checking
time: 0.001; rss: 100MB	privacy checking
time: 0.000; rss: 100MB	stability index
time: 0.000; rss: 100MB	intrinsic checking
time: 0.000; rss: 100MB	effect checking
time: 0.002; rss: 100MB	match checking
time: 0.000; rss: 100MB	liveness checking
time: 0.018; rss: 100MB	borrow checking
time: 0.008; rss: 100MB	rvalue checking
time: 0.000; rss: 100MB	reachability checking
time: 0.001; rss: 100MB	death checking
time: 0.001; rss: 100MB	stability checking
time: 0.000; rss: 100MB	unused lib feature checking
time: 0.006; rss: 100MB	lint checking
time: 0.000; rss: 100MB	resolving dependency formats
time: 0.124; rss: 120MB	translation
  time: 0.019; rss: 97MB	llvm function passes
  time: 0.092; rss: 98MB	llvm module passes
  time: 0.052; rss: 102MB	codegen passes
  time: 0.000; rss: 101MB	codegen passes
time: 0.168; rss: 101MB	LLVM passes
  time: 1.471; rss: 107MB	running linker
time: 1.527; rss: 106MB	linking
rustc: x86_64-unknown-linux-gnu/stage2/lib/rustlib/x86_64-unknown-linux-gnu/lib/librustc_back
time: 0.007; rss: 32MB	parsing
time: 0.002; rss: 36MB	configuration 1
time: 0.000; rss: 36MB	recursion limit
time: 0.000; rss: 36MB	gated macro checking
time: 0.000; rss: 36MB	crate injection
time: 0.002; rss: 36MB	macro loading
time: 0.000; rss: 36MB	plugin loading
time: 0.000; rss: 36MB	plugin registration
time: 0.031; rss: 43MB	expansion
time: 0.000; rss: 43MB	complete gated feature checking 1
time: 0.005; rss: 43MB	configuration 2
time: 0.003; rss: 43MB	maybe building test harness
time: 0.002; rss: 43MB	prelude injection
time: 0.000; rss: 43MB	checking that all macro invocations are gone
time: 0.000; rss: 43MB	complete gated feature checking 2
time: 0.003; rss: 43MB	assigning node ids and indexing ast
time: 0.003; rss: 73MB	external crate/lib resolution
time: 0.000; rss: 73MB	language item collection
time: 0.018; rss: 101MB	resolution
time: 0.000; rss: 101MB	lifetime resolution
time: 0.000; rss: 101MB	looking for entry point
time: 0.000; rss: 101MB	looking for plugin registrar
time: 0.002; rss: 106MB	region resolution
time: 0.000; rss: 106MB	loop checking
time: 0.000; rss: 106MB	static item recursion checking
time: 0.002; rss: 106MB	type collecting
time: 0.000; rss: 106MB	variance inference
time: 0.030; rss: 127MB	coherence checking
time: 0.415; rss: 160MB	type checking
time: 0.068; rss: 163MB	const checking
time: 0.002; rss: 163MB	privacy checking
time: 0.000; rss: 163MB	stability index
time: 0.001; rss: 163MB	intrinsic checking
time: 0.000; rss: 163MB	effect checking
time: 0.005; rss: 163MB	match checking
time: 0.002; rss: 165MB	liveness checking
time: 0.085; rss: 165MB	borrow checking
time: 0.040; rss: 165MB	rvalue checking
time: 0.000; rss: 165MB	reachability checking
time: 0.001; rss: 165MB	death checking
time: 0.004; rss: 165MB	stability checking
time: 0.000; rss: 165MB	unused lib feature checking
time: 0.011; rss: 165MB	lint checking
time: 0.000; rss: 165MB	resolving dependency formats
time: 0.952; rss: 229MB	translation
  time: 0.166; rss: 168MB	llvm function passes
  time: 2.849; rss: 176MB	llvm module passes
  time: 0.988; rss: 189MB	codegen passes
  time: 0.001; rss: 187MB	codegen passes
time: 4.072; rss: 187MB	LLVM passes
  time: 0.040; rss: 193MB	running linker
time: 0.079; rss: 190MB	linking
rustc: x86_64-unknown-linux-gnu/stage2/lib/rustlib/x86_64-unknown-linux-gnu/lib/librustc_data_structures
time: 0.005; rss: 30MB	parsing
time: 0.001; rss: 36MB	configuration 1
time: 0.000; rss: 36MB	recursion limit
time: 0.000; rss: 36MB	gated macro checking
time: 0.000; rss: 36MB	crate injection
time: 0.003; rss: 39MB	macro loading
time: 0.000; rss: 39MB	plugin loading
time: 0.000; rss: 39MB	plugin registration
time: 0.009; rss: 40MB	expansion
time: 0.000; rss: 40MB	complete gated feature checking 1
time: 0.002; rss: 40MB	configuration 2
time: 0.001; rss: 40MB	maybe building test harness
time: 0.001; rss: 40MB	prelude injection
time: 0.000; rss: 40MB	checking that all macro invocations are gone
time: 0.000; rss: 40MB	complete gated feature checking 2
time: 0.001; rss: 40MB	assigning node ids and indexing ast
time: 0.000; rss: 40MB	external crate/lib resolution
time: 0.000; rss: 40MB	language item collection
time: 0.006; rss: 50MB	resolution
time: 0.000; rss: 50MB	lifetime resolution
time: 0.000; rss: 50MB	looking for entry point
time: 0.000; rss: 50MB	looking for plugin registrar
time: 0.000; rss: 50MB	region resolution
time: 0.000; rss: 50MB	loop checking
time: 0.000; rss: 50MB	static item recursion checking
time: 0.001; rss: 54MB	type collecting
time: 0.000; rss: 54MB	variance inference
time: 0.068; rss: 89MB	coherence checking
time: 0.162; rss: 99MB	type checking
time: 0.023; rss: 99MB	const checking
time: 0.001; rss: 99MB	privacy checking
time: 0.000; rss: 99MB	stability index
time: 0.001; rss: 99MB	intrinsic checking
time: 0.000; rss: 99MB	effect checking
time: 0.007; rss: 99MB	match checking
time: 0.000; rss: 99MB	liveness checking
time: 0.042; rss: 99MB	borrow checking
time: 0.025; rss: 99MB	rvalue checking
time: 0.000; rss: 99MB	reachability checking
time: 0.000; rss: 99MB	death checking
time: 0.001; rss: 99MB	stability checking
time: 0.000; rss: 99MB	unused lib feature checking
time: 0.006; rss: 99MB	lint checking
time: 0.000; rss: 99MB	resolving dependency formats
time: 0.063; rss: 117MB	translation
  time: 0.005; rss: 95MB	llvm function passes
  time: 0.023; rss: 97MB	llvm module passes
  time: 0.007; rss: 100MB	codegen passes
  time: 0.000; rss: 99MB	codegen passes
time: 0.037; rss: 99MB	LLVM passes
  time: 0.020; rss: 104MB	running linker
time: 0.022; rss: 104MB	linking
rustc: x86_64-unknown-linux-gnu/stage2/lib/rustlib/x86_64-unknown-linux-gnu/lib/librustc
time: 0.175; rss: 79MB	parsing
time: 0.059; rss: 79MB	configuration 1
time: 0.000; rss: 79MB	recursion limit
time: 0.004; rss: 79MB	gated macro checking
time: 0.000; rss: 79MB	crate injection
time: 0.007; rss: 83MB	macro loading
time: 0.000; rss: 83MB	plugin loading
time: 0.000; rss: 83MB	plugin registration
time: 0.821; rss: 116MB	expansion
time: 0.024; rss: 116MB	complete gated feature checking 1
time: 0.137; rss: 116MB	configuration 2
time: 0.072; rss: 116MB	maybe building test harness
time: 0.065; rss: 116MB	prelude injection
time: 0.011; rss: 116MB	checking that all macro invocations are gone
time: 0.025; rss: 116MB	complete gated feature checking 2
time: 0.089; rss: 126MB	assigning node ids and indexing ast
time: 0.014; rss: 157MB	external crate/lib resolution
time: 0.023; rss: 157MB	language item collection
time: 0.281; rss: 239MB	resolution
time: 0.019; rss: 232MB	lifetime resolution
time: 0.000; rss: 232MB	looking for entry point
time: 0.011; rss: 232MB	looking for plugin registrar
time: 0.092; rss: 268MB	region resolution
time: 0.011; rss: 268MB	loop checking
time: 0.012; rss: 268MB	static item recursion checking
time: 0.071; rss: 270MB	type collecting
time: 0.024; rss: 270MB	variance inference
time: 0.192; rss: 309MB	coherence checking
time: 9.047; rss: 474MB	type checking
time: 2.400; rss: 501MB	const checking
time: 0.116; rss: 501MB	privacy checking
time: 0.002; rss: 501MB	stability index
time: 0.035; rss: 501MB	intrinsic checking
time: 0.024; rss: 501MB	effect checking
time: 0.377; rss: 501MB	match checking
time: 0.063; rss: 503MB	liveness checking
time: 3.429; rss: 503MB	borrow checking
time: 1.938; rss: 503MB	rvalue checking
time: 0.030; rss: 503MB	reachability checking
time: 0.080; rss: 503MB	death checking
time: 0.095; rss: 503MB	stability checking
time: 0.000; rss: 503MB	unused lib feature checking
time: 0.294; rss: 503MB	lint checking
time: 0.000; rss: 503MB	resolving dependency formats
time: 18.250; rss: 1205MB	translation
  time: 4.003; rss: 720MB	llvm function passes
  time: 88.550; rss: 857MB	llvm module passes
  time: 23.873; rss: 897MB	codegen passes
  time: 0.003; rss: 777MB	codegen passes
time: 118.601; rss: 777MB	LLVM passes
  time: 0.263; rss: 781MB	running linker
time: 1.111; rss: 776MB	linking
rustc: x86_64-unknown-linux-gnu/stage2/lib/rustlib/x86_64-unknown-linux-gnu/lib/librustc_typeck
time: 0.072; rss: 52MB	parsing
time: 0.022; rss: 52MB	configuration 1
time: 0.000; rss: 52MB	recursion limit
time: 0.002; rss: 52MB	gated macro checking
time: 0.000; rss: 52MB	crate injection
time: 0.005; rss: 56MB	macro loading
time: 0.000; rss: 56MB	plugin loading
time: 0.000; rss: 56MB	plugin registration
time: 0.308; rss: 67MB	expansion
time: 0.008; rss: 67MB	complete gated feature checking 1
time: 0.044; rss: 67MB	configuration 2
time: 0.023; rss: 67MB	maybe building test harness
time: 0.021; rss: 67MB	prelude injection
time: 0.004; rss: 67MB	checking that all macro invocations are gone
time: 0.009; rss: 67MB	complete gated feature checking 2
time: 0.029; rss: 70MB	assigning node ids and indexing ast
time: 0.026; rss: 101MB	external crate/lib resolution
time: 0.008; rss: 101MB	language item collection
time: 0.108; rss: 156MB	resolution
time: 0.006; rss: 155MB	lifetime resolution
time: 0.000; rss: 155MB	looking for entry point
time: 0.004; rss: 155MB	looking for plugin registrar
time: 0.026; rss: 165MB	region resolution
time: 0.004; rss: 165MB	loop checking
time: 0.004; rss: 165MB	static item recursion checking
time: 0.021; rss: 169MB	type collecting
time: 0.008; rss: 169MB	variance inference
time: 0.133; rss: 211MB	coherence checking
time: 3.885; rss: 294MB	type checking
time: 1.193; rss: 314MB	const checking
time: 0.053; rss: 314MB	privacy checking
time: 0.000; rss: 314MB	stability index
time: 0.010; rss: 314MB	intrinsic checking
time: 0.008; rss: 314MB	effect checking
time: 0.067; rss: 314MB	match checking
time: 0.024; rss: 318MB	liveness checking
time: 0.862; rss: 318MB	borrow checking
time: 0.499; rss: 318MB	rvalue checking
time: 0.001; rss: 318MB	reachability checking
time: 0.039; rss: 318MB	death checking
time: 0.053; rss: 318MB	stability checking
time: 0.000; rss: 318MB	unused lib feature checking
time: 0.107; rss: 318MB	lint checking
time: 0.000; rss: 318MB	resolving dependency formats
time: 7.950; rss: 611MB	translation
  time: 1.487; rss: 374MB	llvm function passes
  time: 29.270; rss: 404MB	llvm module passes
  time: 7.952; rss: 416MB	codegen passes
  time: 0.001; rss: 368MB	codegen passes
time: 39.413; rss: 368MB	LLVM passes
  time: 0.137; rss: 370MB	running linker
time: 0.425; rss: 368MB	linking
rustc: x86_64-unknown-linux-gnu/stage2/lib/rustlib/x86_64-unknown-linux-gnu/lib/librustc_borrowck
time: 0.014; rss: 37MB	parsing
time: 0.004; rss: 38MB	configuration 1
time: 0.000; rss: 38MB	recursion limit
time: 0.000; rss: 38MB	gated macro checking
time: 0.000; rss: 38MB	crate injection
time: 0.004; rss: 40MB	macro loading
time: 0.000; rss: 40MB	plugin loading
time: 0.000; rss: 40MB	plugin registration
time: 0.060; rss: 45MB	expansion
time: 0.001; rss: 45MB	complete gated feature checking 1
time: 0.009; rss: 45MB	configuration 2
time: 0.005; rss: 45MB	maybe building test harness
time: 0.004; rss: 45MB	prelude injection
time: 0.000; rss: 45MB	checking that all macro invocations are gone
time: 0.001; rss: 45MB	complete gated feature checking 2
time: 0.005; rss: 45MB	assigning node ids and indexing ast
time: 0.028; rss: 77MB	external crate/lib resolution
time: 0.002; rss: 77MB	language item collection
time: 0.027; rss: 114MB	resolution
time: 0.001; rss: 113MB	lifetime resolution
time: 0.000; rss: 113MB	looking for entry point
time: 0.000; rss: 113MB	looking for plugin registrar
time: 0.004; rss: 117MB	region resolution
time: 0.001; rss: 117MB	loop checking
time: 0.000; rss: 117MB	static item recursion checking
time: 0.004; rss: 120MB	type collecting
time: 0.001; rss: 120MB	variance inference
time: 0.059; rss: 155MB	coherence checking
time: 0.689; rss: 193MB	type checking
time: 0.153; rss: 196MB	const checking
time: 0.006; rss: 196MB	privacy checking
time: 0.000; rss: 196MB	stability index
time: 0.001; rss: 196MB	intrinsic checking
time: 0.001; rss: 196MB	effect checking
time: 0.014; rss: 196MB	match checking
time: 0.004; rss: 196MB	liveness checking
time: 0.153; rss: 196MB	borrow checking
time: 0.086; rss: 196MB	rvalue checking
time: 0.000; rss: 196MB	reachability checking
time: 0.005; rss: 196MB	death checking
time: 0.008; rss: 196MB	stability checking
time: 0.000; rss: 196MB	unused lib feature checking
time: 0.020; rss: 196MB	lint checking
time: 0.000; rss: 196MB	resolving dependency formats
time: 1.471; rss: 274MB	translation
  time: 0.265; rss: 198MB	llvm function passes
  time: 4.039; rss: 206MB	llvm module passes
  time: 1.421; rss: 210MB	codegen passes
  time: 0.001; rss: 205MB	codegen passes
time: 5.839; rss: 205MB	LLVM passes
  time: 0.054; rss: 209MB	running linker
time: 0.108; rss: 206MB	linking
rustc: x86_64-unknown-linux-gnu/stage2/lib/rustlib/x86_64-unknown-linux-gnu/lib/librustc_resolve
time: 0.019; rss: 38MB	parsing
time: 0.006; rss: 38MB	configuration 1
time: 0.000; rss: 38MB	recursion limit
time: 0.000; rss: 38MB	gated macro checking
time: 0.000; rss: 38MB	crate injection
time: 0.004; rss: 42MB	macro loading
time: 0.000; rss: 42MB	plugin loading
time: 0.000; rss: 42MB	plugin registration
time: 0.079; rss: 47MB	expansion
time: 0.002; rss: 47MB	complete gated feature checking 1
time: 0.012; rss: 47MB	configuration 2
time: 0.006; rss: 47MB	maybe building test harness
time: 0.005; rss: 47MB	prelude injection
time: 0.000; rss: 47MB	checking that all macro invocations are gone
time: 0.001; rss: 47MB	complete gated feature checking 2
time: 0.007; rss: 50MB	assigning node ids and indexing ast
time: 0.028; rss: 81MB	external crate/lib resolution
time: 0.001; rss: 81MB	language item collection
time: 0.037; rss: 120MB	resolution
time: 0.001; rss: 120MB	lifetime resolution
time: 0.000; rss: 120MB	looking for entry point
time: 0.000; rss: 120MB	looking for plugin registrar
time: 0.006; rss: 125MB	region resolution
time: 0.001; rss: 125MB	loop checking
time: 0.001; rss: 125MB	static item recursion checking
time: 0.004; rss: 127MB	type collecting
time: 0.001; rss: 128MB	variance inference
time: 0.062; rss: 160MB	coherence checking
time: 0.800; rss: 201MB	type checking
time: 0.214; rss: 207MB	const checking
time: 0.007; rss: 207MB	privacy checking
time: 0.000; rss: 207MB	stability index
time: 0.002; rss: 207MB	intrinsic checking
time: 0.001; rss: 207MB	effect checking
time: 0.039; rss: 207MB	match checking
time: 0.006; rss: 207MB	liveness checking
time: 0.331; rss: 207MB	borrow checking
time: 0.171; rss: 207MB	rvalue checking
time: 0.000; rss: 207MB	reachability checking
time: 0.005; rss: 207MB	death checking
time: 0.009; rss: 207MB	stability checking
time: 0.000; rss: 207MB	unused lib feature checking
time: 0.025; rss: 207MB	lint checking
time: 0.000; rss: 207MB	resolving dependency formats
time: 2.149; rss: 320MB	translation
  time: 0.474; rss: 230MB	llvm function passes
  time: 7.141; rss: 241MB	llvm module passes
  time: 2.126; rss: 255MB	codegen passes
  time: 0.001; rss: 248MB	codegen passes
time: 9.913; rss: 248MB	LLVM passes
  time: 0.101; rss: 254MB	running linker
time: 0.177; rss: 248MB	linking
rustc: x86_64-unknown-linux-gnu/stage2/lib/rustlib/x86_64-unknown-linux-gnu/lib/librustc_trans
time: 0.120; rss: 67MB	parsing
time: 0.039; rss: 67MB	configuration 1
time: 0.000; rss: 67MB	recursion limit
time: 0.003; rss: 67MB	gated macro checking
time: 0.000; rss: 67MB	crate injection
time: 0.006; rss: 69MB	macro loading
time: 0.000; rss: 69MB	plugin loading
time: 0.000; rss: 69MB	plugin registration
time: 0.449; rss: 78MB	expansion
time: 0.012; rss: 78MB	complete gated feature checking 1
time: 0.065; rss: 78MB	configuration 2
time: 0.034; rss: 78MB	maybe building test harness
time: 0.031; rss: 78MB	prelude injection
time: 0.006; rss: 78MB	checking that all macro invocations are gone
time: 0.012; rss: 78MB	complete gated feature checking 2
time: 0.043; rss: 86MB	assigning node ids and indexing ast
time: 0.026; rss: 118MB	external crate/lib resolution
time: 0.011; rss: 118MB	language item collection
time: 0.173; rss: 190MB	resolution
time: 0.010; rss: 180MB	lifetime resolution
time: 0.000; rss: 180MB	looking for entry point
time: 0.006; rss: 180MB	looking for plugin registrar
time: 0.042; rss: 200MB	region resolution
time: 0.006; rss: 200MB	loop checking
time: 0.006; rss: 200MB	static item recursion checking
time: 0.031; rss: 203MB	type collecting
time: 0.012; rss: 203MB	variance inference
time: 0.141; rss: 237MB	coherence checking
time: 4.215; rss: 337MB	type checking
time: 1.764; rss: 372MB	const checking
time: 0.063; rss: 372MB	privacy checking
time: 0.001; rss: 372MB	stability index
time: 0.017; rss: 372MB	intrinsic checking
time: 0.013; rss: 372MB	effect checking
time: 0.105; rss: 372MB	match checking
time: 0.036; rss: 380MB	liveness checking
time: 1.142; rss: 380MB	borrow checking
time: 0.572; rss: 395MB	rvalue checking
time: 0.001; rss: 395MB	reachability checking
time: 0.045; rss: 395MB	death checking
time: 0.062; rss: 395MB	stability checking
time: 0.000; rss: 395MB	unused lib feature checking
time: 0.137; rss: 395MB	lint checking
time: 0.000; rss: 395MB	resolving dependency formats
time: 7.869; rss: 665MB	translation
  time: 1.599; rss: 392MB	llvm function passes
  time: 29.955; rss: 429MB	llvm module passes
  time: 9.203; rss: 444MB	codegen passes
  time: 0.001; rss: 387MB	codegen passes
time: 41.507; rss: 387MB	LLVM passes
  time: 0.140; rss: 391MB	running linker
time: 0.458; rss: 388MB	linking
rustc: x86_64-unknown-linux-gnu/stage2/lib/rustlib/x86_64-unknown-linux-gnu/lib/librustc_privacy
time: 0.005; rss: 35MB	parsing
time: 0.001; rss: 35MB	configuration 1
time: 0.000; rss: 35MB	recursion limit
time: 0.000; rss: 35MB	gated macro checking
time: 0.000; rss: 35MB	crate injection
time: 0.003; rss: 38MB	macro loading
time: 0.000; rss: 38MB	plugin loading
time: 0.000; rss: 38MB	plugin registration
time: 0.016; rss: 41MB	expansion
time: 0.000; rss: 41MB	complete gated feature checking 1
time: 0.002; rss: 41MB	configuration 2
time: 0.001; rss: 41MB	maybe building test harness
time: 0.001; rss: 41MB	prelude injection
time: 0.000; rss: 41MB	checking that all macro invocations are gone
time: 0.000; rss: 41MB	complete gated feature checking 2
time: 0.001; rss: 41MB	assigning node ids and indexing ast
time: 0.029; rss: 72MB	external crate/lib resolution
time: 0.000; rss: 72MB	language item collection
time: 0.013; rss: 102MB	resolution
time: 0.000; rss: 103MB	lifetime resolution
time: 0.000; rss: 103MB	looking for entry point
time: 0.000; rss: 103MB	looking for plugin registrar
time: 0.001; rss: 103MB	region resolution
time: 0.000; rss: 103MB	loop checking
time: 0.000; rss: 103MB	static item recursion checking
time: 0.001; rss: 103MB	type collecting
time: 0.000; rss: 103MB	variance inference
time: 0.014; rss: 119MB	coherence checking
time: 0.312; rss: 170MB	type checking
time: 0.047; rss: 170MB	const checking
time: 0.002; rss: 170MB	privacy checking
time: 0.000; rss: 170MB	stability index
time: 0.000; rss: 170MB	intrinsic checking
time: 0.000; rss: 170MB	effect checking
time: 0.003; rss: 170MB	match checking
time: 0.001; rss: 170MB	liveness checking
time: 0.045; rss: 170MB	borrow checking
time: 0.020; rss: 170MB	rvalue checking
time: 0.000; rss: 170MB	reachability checking
time: 0.002; rss: 170MB	death checking
time: 0.003; rss: 170MB	stability checking
time: 0.000; rss: 170MB	unused lib feature checking
time: 0.005; rss: 170MB	lint checking
time: 0.000; rss: 170MB	resolving dependency formats
time: 0.906; rss: 226MB	translation
  time: 0.170; rss: 179MB	llvm function passes
  time: 1.400; rss: 182MB	llvm module passes
  time: 0.425; rss: 182MB	codegen passes
  time: 0.001; rss: 183MB	codegen passes
time: 2.027; rss: 183MB	LLVM passes
  time: 0.046; rss: 187MB	running linker
time: 0.064; rss: 185MB	linking
rustc: x86_64-unknown-linux-gnu/stage2/lib/rustlib/x86_64-unknown-linux-gnu/lib/librustc_lint
time: 0.009; rss: 36MB	parsing
time: 0.003; rss: 37MB	configuration 1
time: 0.000; rss: 37MB	recursion limit
time: 0.000; rss: 37MB	gated macro checking
time: 0.000; rss: 37MB	crate injection
time: 0.031; rss: 76MB	macro loading
time: 0.000; rss: 76MB	plugin loading
time: 0.000; rss: 76MB	plugin registration
time: 0.026; rss: 77MB	expansion
time: 0.000; rss: 77MB	complete gated feature checking 1
time: 0.004; rss: 77MB	configuration 2
time: 0.002; rss: 77MB	maybe building test harness
time: 0.002; rss: 78MB	prelude injection
time: 0.000; rss: 78MB	checking that all macro invocations are gone
time: 0.000; rss: 78MB	complete gated feature checking 2
time: 0.002; rss: 78MB	assigning node ids and indexing ast
time: 0.000; rss: 78MB	external crate/lib resolution
time: 0.000; rss: 78MB	language item collection
time: 0.018; rss: 107MB	resolution
time: 0.000; rss: 109MB	lifetime resolution
time: 0.000; rss: 109MB	looking for entry point
time: 0.000; rss: 109MB	looking for plugin registrar
time: 0.002; rss: 110MB	region resolution
time: 0.000; rss: 110MB	loop checking
time: 0.000; rss: 110MB	static item recursion checking
time: 0.002; rss: 110MB	type collecting
time: 0.000; rss: 110MB	variance inference
time: 0.048; rss: 144MB	coherence checking
time: 0.328; rss: 176MB	type checking
time: 0.062; rss: 176MB	const checking
time: 0.003; rss: 176MB	privacy checking
time: 0.000; rss: 176MB	stability index
time: 0.001; rss: 176MB	intrinsic checking
time: 0.000; rss: 176MB	effect checking
time: 0.005; rss: 176MB	match checking
time: 0.001; rss: 176MB	liveness checking
time: 0.051; rss: 176MB	borrow checking
time: 0.023; rss: 176MB	rvalue checking
time: 0.000; rss: 176MB	reachability checking
time: 0.002; rss: 176MB	death checking
time: 0.005; rss: 176MB	stability checking
time: 0.000; rss: 176MB	unused lib feature checking
time: 0.009; rss: 176MB	lint checking
time: 0.000; rss: 176MB	resolving dependency formats
time: 1.267; rss: 246MB	translation
  time: 0.226; rss: 190MB	llvm function passes
  time: 2.294; rss: 195MB	llvm module passes
  time: 0.730; rss: 207MB	codegen passes
  time: 0.001; rss: 202MB	codegen passes
time: 3.302; rss: 201MB	LLVM passes
  time: 0.103; rss: 204MB	running linker
time: 0.135; rss: 201MB	linking
rustc: x86_64-unknown-linux-gnu/stage2/lib/rustlib/x86_64-unknown-linux-gnu/lib/librustc_driver
time: 0.012; rss: 37MB	parsing
time: 0.003; rss: 37MB	configuration 1
time: 0.000; rss: 37MB	recursion limit
time: 0.000; rss: 37MB	gated macro checking
time: 0.000; rss: 37MB	crate injection
time: 0.003; rss: 41MB	macro loading
time: 0.000; rss: 41MB	plugin loading
time: 0.000; rss: 41MB	plugin registration
time: 0.027; rss: 43MB	expansion
time: 0.000; rss: 43MB	complete gated feature checking 1
time: 0.004; rss: 43MB	configuration 2
time: 0.002; rss: 43MB	maybe building test harness
time: 0.002; rss: 43MB	prelude injection
time: 0.000; rss: 43MB	checking that all macro invocations are gone
time: 0.000; rss: 43MB	complete gated feature checking 2
time: 0.003; rss: 43MB	assigning node ids and indexing ast
time: 0.028; rss: 79MB	external crate/lib resolution
time: 0.000; rss: 79MB	language item collection
time: 0.025; rss: 123MB	resolution
time: 0.000; rss: 123MB	lifetime resolution
time: 0.000; rss: 123MB	looking for entry point
time: 0.000; rss: 123MB	looking for plugin registrar
time: 0.002; rss: 123MB	region resolution
time: 0.000; rss: 123MB	loop checking
time: 0.000; rss: 123MB	static item recursion checking
time: 0.002; rss: 123MB	type collecting
time: 0.000; rss: 123MB	variance inference
time: 0.097; rss: 171MB	coherence checking
time: 0.514; rss: 191MB	type checking
time: 0.144; rss: 195MB	const checking
time: 0.003; rss: 195MB	privacy checking
time: 0.000; rss: 195MB	stability index
time: 0.001; rss: 195MB	intrinsic checking
time: 0.000; rss: 195MB	effect checking
time: 0.010; rss: 195MB	match checking
time: 0.001; rss: 195MB	liveness checking
time: 0.128; rss: 195MB	borrow checking
time: 0.073; rss: 195MB	rvalue checking
time: 0.000; rss: 195MB	reachability checking
time: 0.003; rss: 195MB	death checking
time: 0.006; rss: 195MB	stability checking
time: 0.000; rss: 195MB	unused lib feature checking
time: 0.010; rss: 195MB	lint checking
time: 0.000; rss: 195MB	resolving dependency formats
time: 5.630; rss: 435MB	translation
  time: 1.272; rss: 338MB	llvm function passes
  time: 22.531; rss: 370MB	llvm module passes
  time: 5.803; rss: 375MB	codegen passes
  time: 0.001; rss: 339MB	codegen passes
time: 30.055; rss: 339MB	LLVM passes
  time: 0.120; rss: 341MB	running linker
time: 0.327; rss: 338MB	linking
rustc: x86_64-unknown-linux-gnu/stage2/lib/rustlib/x86_64-unknown-linux-gnu/lib/librustdoc
time: 0.038; rss: 44MB	parsing
time: 0.013; rss: 44MB	configuration 1
time: 0.000; rss: 44MB	recursion limit
time: 0.001; rss: 44MB	gated macro checking
time: 0.000; rss: 44MB	crate injection
time: 0.003; rss: 45MB	macro loading
time: 0.000; rss: 45MB	plugin loading
time: 0.000; rss: 45MB	plugin registration
time: 0.188; rss: 59MB	expansion
time: 0.007; rss: 59MB	complete gated feature checking 1
time: 0.036; rss: 59MB	configuration 2
time: 0.019; rss: 59MB	maybe building test harness
time: 0.017; rss: 59MB	prelude injection
time: 0.002; rss: 59MB	checking that all macro invocations are gone
time: 0.005; rss: 59MB	complete gated feature checking 2
time: 0.022; rss: 59MB	assigning node ids and indexing ast
time: 0.034; rss: 97MB	external crate/lib resolution
time: 0.005; rss: 97MB	language item collection
time: 0.084; rss: 153MB	resolution
time: 0.005; rss: 151MB	lifetime resolution
time: 0.000; rss: 151MB	looking for entry point
time: 0.003; rss: 151MB	looking for plugin registrar
time: 0.021; rss: 162MB	region resolution
time: 0.003; rss: 162MB	loop checking
time: 0.003; rss: 162MB	static item recursion checking
time: 0.016; rss: 165MB	type collecting
time: 0.005; rss: 165MB	variance inference
time: 0.065; rss: 195MB	coherence checking
time: 3.190; rss: 273MB	type checking
time: 1.161; rss: 273MB	const checking
time: 0.028; rss: 273MB	privacy checking
time: 0.000; rss: 273MB	stability index
time: 0.007; rss: 273MB	intrinsic checking
time: 0.005; rss: 273MB	effect checking
time: 0.257; rss: 273MB	match checking
time: 0.019; rss: 273MB	liveness checking
time: 1.889; rss: 273MB	borrow checking
time: 1.074; rss: 273MB	rvalue checking
time: 0.003; rss: 273MB	reachability checking
time: 0.019; rss: 273MB	death checking
time: 0.029; rss: 273MB	stability checking
time: 0.000; rss: 273MB	unused lib feature checking
time: 0.074; rss: 273MB	lint checking
time: 0.000; rss: 273MB	resolving dependency formats
time: 9.119; rss: 578MB	translation
  time: 1.576; rss: 388MB	llvm function passes
  time: 37.053; rss: 454MB	llvm module passes
  time: 10.287; rss: 471MB	codegen passes
  time: 0.001; rss: 412MB	codegen passes
time: 49.664; rss: 412MB	LLVM passes
  time: 0.141; rss: 418MB	running linker
time: 0.498; rss: 424MB	linking
rustc: x86_64-unknown-linux-gnu/stage1/lib/rustlib/x86_64-unknown-linux-gnu/bin/rustbook
cp: x86_64-unknown-linux-gnu/stage2/bin/rustbook
rustbook: doc/book/index.html
rustbook: doc/style/index.html
rustc: x86_64-unknown-linux-gnu/stage1/lib/rustlib/x86_64-unknown-linux-gnu/bin/error-index-generator
cp: x86_64-unknown-linux-gnu/stage2/bin/error-index-generator
error-index-generator: doc/error-index.html
version-info: doc/version_info.html
rustdoc: doc/not_found.html
rustdoc: doc/index.html
rustdoc: doc/intro.html
rustdoc: doc/tutorial.html
rustdoc: doc/complement-lang-faq.html
rustdoc: doc/complement-design-faq.html
rustdoc: doc/complement-project-faq.html
rustdoc: doc/rustdoc.html
rustdoc: doc/reference.html
rustdoc: doc/grammar.html
rustdoc: doc/guide-crates.html
rustdoc: doc/guide-error-handling.html
rustdoc: doc/guide-ffi.html
rustdoc: doc/guide-macros.html
rustdoc: doc/guide.html
rustdoc: doc/guide-ownership.html
rustdoc: doc/guide-plugins.html
rustdoc: doc/guide-pointers.html
rustdoc: doc/guide-strings.html
rustdoc: doc/guide-tasks.html
rustdoc: doc/guide-testing.html
rustdoc: doc/std/index.html
rustdoc: doc/alloc/index.html
rustdoc: doc/collections/index.html
rustdoc: doc/core/index.html
rustdoc: doc/libc/index.html
rustdoc: doc/rustc_unicode/index.html
