commit 797d0ba59c3d11a61bdfca52b79d511580309713
Merge: db67cbe c03bf18
Author: bors <bors@rust-lang.org>
Date:   Mon Aug 24 12:47:57 2015 +0000

    Auto merge of #27857 - Manishearth:improve-fnkind, r=pnkfelix
    
    Since enums are namespaced now, should we also remove the `Fk` prefixes from `FnKind` and remove the reexport? (The reexport must be removed because otherwise it clashes with glob imports containing `ItemFn`). IMO writing `FnKind::Method` is much clearer than `FkMethod`.
cfg: version 1.4.0-dev (797d0ba59 2015-08-24)
cfg: build triple x86_64-unknown-linux-gnu
cfg: host triples x86_64-unknown-linux-gnu
cfg: target triples x86_64-unknown-linux-gnu
cfg: host for x86_64-unknown-linux-gnu is x86_64
cfg: os for x86_64-unknown-linux-gnu is unknown-linux-gnu
cfg: good valgrind for x86_64-unknown-linux-gnu is 1
cfg: using CC=gcc (CFG_CC)
cfg: disabling valgrind run-pass tests
rustc: x86_64-unknown-linux-gnu/stage0/lib/rustlib/x86_64-unknown-linux-gnu/lib/librustc_trans
rustc: x86_64-unknown-linux-gnu/stage0/lib/rustlib/x86_64-unknown-linux-gnu/lib/librustc_driver
rustc: x86_64-unknown-linux-gnu/stage0/lib/rustlib/x86_64-unknown-linux-gnu/bin/rustc
cp: x86_64-unknown-linux-gnu/stage1/lib/librustc_trans
cp: x86_64-unknown-linux-gnu/stage1/lib/librustc_driver
cp: x86_64-unknown-linux-gnu/stage1/bin/rustc
rustc: x86_64-unknown-linux-gnu/stage1/lib/rustlib/x86_64-unknown-linux-gnu/lib/libcore
rustc: x86_64-unknown-linux-gnu/stage1/lib/rustlib/x86_64-unknown-linux-gnu/lib/liblibc
rustc: x86_64-unknown-linux-gnu/stage1/lib/rustlib/x86_64-unknown-linux-gnu/lib/librand
rustc: x86_64-unknown-linux-gnu/stage1/lib/rustlib/x86_64-unknown-linux-gnu/lib/liballoc_system
rustc: x86_64-unknown-linux-gnu/stage1/lib/rustlib/x86_64-unknown-linux-gnu/lib/liballoc
rustc: x86_64-unknown-linux-gnu/stage1/lib/rustlib/x86_64-unknown-linux-gnu/lib/librustc_unicode
rustc: x86_64-unknown-linux-gnu/stage1/lib/rustlib/x86_64-unknown-linux-gnu/lib/libcollections
rustc: x86_64-unknown-linux-gnu/stage1/lib/rustlib/x86_64-unknown-linux-gnu/lib/liballoc_jemalloc
rustc: x86_64-unknown-linux-gnu/stage1/lib/rustlib/x86_64-unknown-linux-gnu/lib/libstd
rustc: x86_64-unknown-linux-gnu/stage1/lib/rustlib/x86_64-unknown-linux-gnu/lib/libarena
rustc: x86_64-unknown-linux-gnu/stage1/lib/rustlib/x86_64-unknown-linux-gnu/lib/libflate
rustc: x86_64-unknown-linux-gnu/stage1/lib/rustlib/x86_64-unknown-linux-gnu/lib/libgetopts
rustc: x86_64-unknown-linux-gnu/stage1/lib/rustlib/x86_64-unknown-linux-gnu/lib/libgraphviz
rustc: x86_64-unknown-linux-gnu/stage1/lib/rustlib/x86_64-unknown-linux-gnu/lib/liblog
rustc: x86_64-unknown-linux-gnu/stage1/lib/rustlib/x86_64-unknown-linux-gnu/lib/libterm
rustc: x86_64-unknown-linux-gnu/stage1/lib/rustlib/x86_64-unknown-linux-gnu/lib/libserialize
rustc: x86_64-unknown-linux-gnu/stage1/lib/rustlib/x86_64-unknown-linux-gnu/lib/libfmt_macros
rustc: x86_64-unknown-linux-gnu/stage1/lib/rustlib/x86_64-unknown-linux-gnu/lib/librustc_bitflags
rustc: x86_64-unknown-linux-gnu/stage1/lib/rustlib/x86_64-unknown-linux-gnu/lib/libsyntax
rustc: x86_64-unknown-linux-gnu/stage1/lib/rustlib/x86_64-unknown-linux-gnu/lib/librbml
rustc: x86_64-unknown-linux-gnu/stage1/lib/rustlib/x86_64-unknown-linux-gnu/lib/librustc_llvm
rustc: x86_64-unknown-linux-gnu/stage1/lib/rustlib/x86_64-unknown-linux-gnu/lib/librustc_back
rustc: x86_64-unknown-linux-gnu/stage1/lib/rustlib/x86_64-unknown-linux-gnu/lib/librustc_data_structures
rustc: x86_64-unknown-linux-gnu/stage1/lib/rustlib/x86_64-unknown-linux-gnu/lib/librustc
rustc: x86_64-unknown-linux-gnu/stage1/lib/rustlib/x86_64-unknown-linux-gnu/lib/librustc_borrowck
rustc: x86_64-unknown-linux-gnu/stage1/lib/rustlib/x86_64-unknown-linux-gnu/lib/librustc_platform_intrinsics
rustc: x86_64-unknown-linux-gnu/stage1/lib/rustlib/x86_64-unknown-linux-gnu/lib/librustc_typeck
rustc: x86_64-unknown-linux-gnu/stage1/lib/rustlib/x86_64-unknown-linux-gnu/lib/librustc_resolve
rustc: x86_64-unknown-linux-gnu/stage1/lib/rustlib/x86_64-unknown-linux-gnu/lib/librustc_trans
rustc: x86_64-unknown-linux-gnu/stage1/lib/rustlib/x86_64-unknown-linux-gnu/lib/librustc_privacy
rustc: x86_64-unknown-linux-gnu/stage1/lib/rustlib/x86_64-unknown-linux-gnu/lib/librustc_lint
rustc: x86_64-unknown-linux-gnu/stage1/lib/rustlib/x86_64-unknown-linux-gnu/lib/librustc_driver
rustc: x86_64-unknown-linux-gnu/stage1/lib/rustlib/x86_64-unknown-linux-gnu/bin/rustc
cp: x86_64-unknown-linux-gnu/stage2/lib/libstd
cp: x86_64-unknown-linux-gnu/stage2/lib/libarena
cp: x86_64-unknown-linux-gnu/stage2/lib/libflate
cp: x86_64-unknown-linux-gnu/stage2/lib/libgetopts
cp: x86_64-unknown-linux-gnu/stage2/lib/libgraphviz
cp: x86_64-unknown-linux-gnu/stage2/lib/liblog
cp: x86_64-unknown-linux-gnu/stage2/lib/libterm
cp: x86_64-unknown-linux-gnu/stage2/lib/libserialize
cp: x86_64-unknown-linux-gnu/stage2/lib/libfmt_macros
cp: x86_64-unknown-linux-gnu/stage2/lib/libsyntax
cp: x86_64-unknown-linux-gnu/stage2/lib/librbml
cp: x86_64-unknown-linux-gnu/stage2/lib/librustc_llvm
cp: x86_64-unknown-linux-gnu/stage2/lib/librustc_back
cp: x86_64-unknown-linux-gnu/stage2/lib/librustc_data_structures
cp: x86_64-unknown-linux-gnu/stage2/lib/librustc
cp: x86_64-unknown-linux-gnu/stage2/lib/librustc_borrowck
cp: x86_64-unknown-linux-gnu/stage2/lib/librustc_platform_intrinsics
cp: x86_64-unknown-linux-gnu/stage2/lib/librustc_typeck
cp: x86_64-unknown-linux-gnu/stage2/lib/librustc_resolve
cp: x86_64-unknown-linux-gnu/stage2/lib/librustc_trans
cp: x86_64-unknown-linux-gnu/stage2/lib/librustc_privacy
cp: x86_64-unknown-linux-gnu/stage2/lib/librustc_lint
cp: x86_64-unknown-linux-gnu/stage2/lib/librustc_driver
cp: x86_64-unknown-linux-gnu/stage2/bin/rustc
rustc: x86_64-unknown-linux-gnu/stage1/lib/rustlib/x86_64-unknown-linux-gnu/lib/libtest
rustc: x86_64-unknown-linux-gnu/stage1/lib/rustlib/x86_64-unknown-linux-gnu/lib/librustdoc
rustc: x86_64-unknown-linux-gnu/stage1/lib/rustlib/x86_64-unknown-linux-gnu/bin/rustdoc
cp: x86_64-unknown-linux-gnu/stage2/lib/libtest
cp: x86_64-unknown-linux-gnu/stage2/lib/librustdoc
cp: x86_64-unknown-linux-gnu/stage2/bin/rustdoc
rustc: x86_64-unknown-linux-gnu/stage2/lib/rustlib/x86_64-unknown-linux-gnu/lib/libcore
time: 0.071; rss: 54MB	parsing
time: 0.024; rss: 57MB	configuration 1
time: 0.000; rss: 57MB	recursion limit
time: 0.002; rss: 57MB	gated macro checking
time: 0.000; rss: 57MB	crate injection
time: 0.001; rss: 57MB	macro loading
time: 0.000; rss: 57MB	plugin loading
time: 0.000; rss: 57MB	plugin registration
time: 0.471; rss: 81MB	expansion
time: 0.010; rss: 81MB	complete gated feature checking 1
time: 0.094; rss: 81MB	configuration 2
time: 0.000; rss: 81MB	gated configuration checking
time: 0.048; rss: 81MB	maybe building test harness
time: 0.000; rss: 81MB	prelude injection
time: 0.005; rss: 81MB	checking that all macro invocations are gone
time: 0.000; rss: 81MB	checking for inline asm in case the target doesn't support it
time: 0.011; rss: 81MB	complete gated feature checking 2
time: 0.053; rss: 88MB	assigning node ids and indexing ast
time: 0.005; rss: 88MB	external crate/lib resolution
time: 0.010; rss: 88MB	language item collection
time: 0.080; rss: 105MB	resolution
time: 0.011; rss: 103MB	lifetime resolution
time: 0.000; rss: 103MB	looking for entry point
time: 0.005; rss: 103MB	looking for plugin registrar
time: 0.029; rss: 114MB	region resolution
time: 0.005; rss: 114MB	loop checking
time: 0.005; rss: 114MB	static item recursion checking
time: 0.062; rss: 118MB	type collecting
time: 0.010; rss: 118MB	variance inference
time: 0.639; rss: 129MB	coherence checking
time: 0.323; rss: 131MB	wf checking (old)
time: 0.501; rss: 140MB	item-types checking
time: 4.340; rss: 167MB	item-bodies checking
time: 0.000; rss: 167MB	drop-impl checking
time: 0.595; rss: 167MB	wf checking (new)
time: 0.144; rss: 169MB	const checking
time: 0.052; rss: 169MB	privacy checking
time: 0.004; rss: 169MB	stability index
time: 0.026; rss: 169MB	intrinsic checking
time: 0.010; rss: 169MB	effect checking
time: 0.044; rss: 169MB	match checking
time: 0.022; rss: 169MB	liveness checking
time: 0.289; rss: 169MB	borrow checking
time: 0.147; rss: 169MB	rvalue checking
time: 0.017; rss: 169MB	reachability checking
time: 0.035; rss: 169MB	death checking
time: 0.025; rss: 169MB	stability checking
time: 0.000; rss: 169MB	unused lib feature checking
time: 0.452; rss: 169MB	lint checking
time: 0.000; rss: 169MB	resolving dependency formats
time: 1.492; rss: 246MB	translation
  time: 0.232; rss: 125MB	llvm function passes
  time: 1.921; rss: 127MB	llvm module passes
  time: 1.486; rss: 131MB	codegen passes
  time: 0.003; rss: 126MB	codegen passes
time: 3.707; rss: 126MB	LLVM passes
time: 0.056; rss: 125MB	linking
rustc: x86_64-unknown-linux-gnu/stage2/lib/rustlib/x86_64-unknown-linux-gnu/lib/liblibc
time: 0.019; rss: 38MB	parsing
time: 0.004; rss: 35MB	configuration 1
time: 0.000; rss: 35MB	recursion limit
time: 0.000; rss: 35MB	gated macro checking
time: 0.000; rss: 35MB	crate injection
time: 0.001; rss: 35MB	macro loading
time: 0.000; rss: 35MB	plugin loading
time: 0.000; rss: 35MB	plugin registration
time: 0.009; rss: 36MB	expansion
time: 0.000; rss: 36MB	complete gated feature checking 1
time: 0.002; rss: 36MB	configuration 2
time: 0.000; rss: 36MB	gated configuration checking
time: 0.001; rss: 36MB	maybe building test harness
time: 0.001; rss: 36MB	prelude injection
time: 0.000; rss: 36MB	checking that all macro invocations are gone
time: 0.000; rss: 36MB	checking for inline asm in case the target doesn't support it
time: 0.000; rss: 36MB	complete gated feature checking 2
time: 0.001; rss: 36MB	assigning node ids and indexing ast
time: 0.000; rss: 36MB	external crate/lib resolution
time: 0.000; rss: 37MB	language item collection
time: 0.004; rss: 41MB	resolution
time: 0.000; rss: 41MB	lifetime resolution
time: 0.000; rss: 41MB	looking for entry point
time: 0.000; rss: 41MB	looking for plugin registrar
time: 0.000; rss: 41MB	region resolution
time: 0.000; rss: 41MB	loop checking
time: 0.000; rss: 41MB	static item recursion checking
time: 0.001; rss: 43MB	type collecting
time: 0.000; rss: 43MB	variance inference
time: 0.007; rss: 52MB	coherence checking
time: 0.002; rss: 52MB	wf checking (old)
time: 0.011; rss: 55MB	item-types checking
time: 0.017; rss: 56MB	item-bodies checking
time: 0.000; rss: 56MB	drop-impl checking
time: 0.003; rss: 56MB	wf checking (new)
time: 0.001; rss: 56MB	const checking
time: 0.001; rss: 56MB	privacy checking
time: 0.000; rss: 56MB	stability index
time: 0.000; rss: 56MB	intrinsic checking
time: 0.000; rss: 56MB	effect checking
time: 0.000; rss: 56MB	match checking
time: 0.000; rss: 56MB	liveness checking
time: 0.001; rss: 56MB	borrow checking
time: 0.001; rss: 56MB	rvalue checking
time: 0.000; rss: 56MB	reachability checking
time: 0.001; rss: 56MB	death checking
time: 0.000; rss: 56MB	stability checking
time: 0.000; rss: 56MB	unused lib feature checking
time: 0.004; rss: 56MB	lint checking
time: 0.000; rss: 56MB	resolving dependency formats
time: 0.035; rss: 70MB	translation
  time: 0.002; rss: 67MB	llvm function passes
  time: 0.009; rss: 67MB	llvm module passes
  time: 0.008; rss: 72MB	codegen passes
  time: 0.000; rss: 71MB	codegen passes
time: 0.022; rss: 71MB	LLVM passes
time: 0.001; rss: 71MB	linking
rustc: x86_64-unknown-linux-gnu/stage2/lib/rustlib/x86_64-unknown-linux-gnu/lib/librand
time: 0.011; rss: 37MB	parsing
time: 0.003; rss: 37MB	configuration 1
time: 0.000; rss: 37MB	recursion limit
time: 0.000; rss: 37MB	gated macro checking
time: 0.000; rss: 37MB	crate injection
time: 0.001; rss: 39MB	macro loading
time: 0.000; rss: 39MB	plugin loading
time: 0.000; rss: 39MB	plugin registration
time: 0.024; rss: 40MB	expansion
time: 0.000; rss: 40MB	complete gated feature checking 1
time: 0.005; rss: 40MB	configuration 2
time: 0.000; rss: 40MB	gated configuration checking
time: 0.002; rss: 40MB	maybe building test harness
time: 0.002; rss: 40MB	prelude injection
time: 0.000; rss: 40MB	checking that all macro invocations are gone
time: 0.000; rss: 40MB	checking for inline asm in case the target doesn't support it
time: 0.000; rss: 40MB	complete gated feature checking 2
time: 0.003; rss: 40MB	assigning node ids and indexing ast
time: 0.000; rss: 40MB	external crate/lib resolution
time: 0.000; rss: 40MB	language item collection
time: 0.007; rss: 46MB	resolution
time: 0.000; rss: 46MB	lifetime resolution
time: 0.000; rss: 46MB	looking for entry point
time: 0.000; rss: 46MB	looking for plugin registrar
time: 0.001; rss: 50MB	region resolution
time: 0.000; rss: 50MB	loop checking
time: 0.000; rss: 50MB	static item recursion checking
time: 0.003; rss: 50MB	type collecting
time: 0.000; rss: 50MB	variance inference
time: 0.030; rss: 65MB	coherence checking
time: 0.006; rss: 65MB	wf checking (old)
time: 0.015; rss: 69MB	item-types checking
time: 0.249; rss: 78MB	item-bodies checking
time: 0.000; rss: 78MB	drop-impl checking
time: 0.014; rss: 78MB	wf checking (new)
time: 0.009; rss: 78MB	const checking
time: 0.001; rss: 78MB	privacy checking
time: 0.000; rss: 78MB	stability index
time: 0.001; rss: 78MB	intrinsic checking
time: 0.000; rss: 78MB	effect checking
time: 0.001; rss: 78MB	match checking
time: 0.001; rss: 80MB	liveness checking
time: 0.020; rss: 80MB	borrow checking
time: 0.007; rss: 80MB	rvalue checking
time: 0.000; rss: 80MB	reachability checking
time: 0.001; rss: 80MB	death checking
time: 0.001; rss: 80MB	stability checking
time: 0.000; rss: 80MB	unused lib feature checking
time: 0.017; rss: 84MB	lint checking
time: 0.000; rss: 84MB	resolving dependency formats
time: 0.129; rss: 101MB	translation
  time: 0.023; rss: 80MB	llvm function passes
  time: 0.145; rss: 80MB	llvm module passes
  time: 0.051; rss: 84MB	codegen passes
  time: 0.001; rss: 83MB	codegen passes
time: 0.224; rss: 83MB	LLVM passes
time: 0.003; rss: 83MB	linking
rustc: x86_64-unknown-linux-gnu/stage2/lib/rustlib/x86_64-unknown-linux-gnu/lib/liballoc_system
time: 0.001; rss: 29MB	parsing
time: 0.000; rss: 29MB	configuration 1
time: 0.000; rss: 29MB	recursion limit
time: 0.000; rss: 29MB	gated macro checking
time: 0.000; rss: 29MB	crate injection
time: 0.001; rss: 33MB	macro loading
time: 0.000; rss: 33MB	plugin loading
time: 0.000; rss: 33MB	plugin registration
time: 0.001; rss: 35MB	expansion
time: 0.000; rss: 35MB	complete gated feature checking 1
time: 0.000; rss: 35MB	configuration 2
time: 0.000; rss: 35MB	gated configuration checking
time: 0.000; rss: 35MB	maybe building test harness
time: 0.000; rss: 35MB	prelude injection
time: 0.000; rss: 35MB	checking that all macro invocations are gone
time: 0.000; rss: 35MB	checking for inline asm in case the target doesn't support it
time: 0.000; rss: 35MB	complete gated feature checking 2
time: 0.000; rss: 35MB	assigning node ids and indexing ast
time: 0.000; rss: 35MB	external crate/lib resolution
time: 0.000; rss: 35MB	language item collection
time: 0.002; rss: 39MB	resolution
time: 0.000; rss: 39MB	lifetime resolution
time: 0.000; rss: 39MB	looking for entry point
time: 0.000; rss: 39MB	looking for plugin registrar
time: 0.000; rss: 39MB	region resolution
time: 0.000; rss: 39MB	loop checking
time: 0.000; rss: 39MB	static item recursion checking
time: 0.000; rss: 39MB	type collecting
time: 0.000; rss: 39MB	variance inference
time: 0.002; rss: 39MB	coherence checking
time: 0.000; rss: 43MB	wf checking (old)
time: 0.000; rss: 43MB	item-types checking
time: 0.012; rss: 49MB	item-bodies checking
time: 0.000; rss: 49MB	drop-impl checking
time: 0.000; rss: 49MB	wf checking (new)
time: 0.000; rss: 49MB	const checking
time: 0.000; rss: 49MB	privacy checking
time: 0.000; rss: 49MB	stability index
time: 0.000; rss: 49MB	intrinsic checking
time: 0.000; rss: 49MB	effect checking
time: 0.000; rss: 49MB	match checking
time: 0.000; rss: 49MB	liveness checking
time: 0.000; rss: 49MB	borrow checking
time: 0.000; rss: 49MB	rvalue checking
time: 0.000; rss: 49MB	reachability checking
time: 0.000; rss: 49MB	death checking
time: 0.000; rss: 49MB	stability checking
time: 0.000; rss: 49MB	unused lib feature checking
time: 0.000; rss: 49MB	lint checking
time: 0.000; rss: 49MB	resolving dependency formats
time: 0.004; rss: 62MB	translation
  time: 0.001; rss: 62MB	llvm function passes
  time: 0.003; rss: 62MB	llvm module passes
  time: 0.003; rss: 67MB	codegen passes
  time: 0.000; rss: 67MB	codegen passes
time: 0.009; rss: 67MB	LLVM passes
time: 0.001; rss: 67MB	linking
rustc: x86_64-unknown-linux-gnu/stage2/lib/rustlib/x86_64-unknown-linux-gnu/lib/liballoc
time: 0.009; rss: 32MB	parsing
time: 0.003; rss: 36MB	configuration 1
time: 0.000; rss: 36MB	recursion limit
time: 0.000; rss: 36MB	gated macro checking
time: 0.000; rss: 36MB	crate injection
time: 0.001; rss: 36MB	macro loading
time: 0.000; rss: 36MB	plugin loading
time: 0.000; rss: 36MB	plugin registration
time: 0.011; rss: 37MB	expansion
time: 0.000; rss: 37MB	complete gated feature checking 1
time: 0.003; rss: 37MB	configuration 2
time: 0.000; rss: 37MB	gated configuration checking
time: 0.001; rss: 37MB	maybe building test harness
time: 0.001; rss: 37MB	prelude injection
time: 0.000; rss: 37MB	checking that all macro invocations are gone
time: 0.000; rss: 37MB	checking for inline asm in case the target doesn't support it
time: 0.000; rss: 37MB	complete gated feature checking 2
time: 0.001; rss: 37MB	assigning node ids and indexing ast
time: 0.000; rss: 37MB	external crate/lib resolution
time: 0.000; rss: 37MB	language item collection
time: 0.007; rss: 50MB	resolution
time: 0.000; rss: 50MB	lifetime resolution
time: 0.000; rss: 50MB	looking for entry point
time: 0.000; rss: 50MB	looking for plugin registrar
time: 0.000; rss: 50MB	region resolution
time: 0.000; rss: 50MB	loop checking
time: 0.000; rss: 50MB	static item recursion checking
time: 0.003; rss: 52MB	type collecting
time: 0.000; rss: 52MB	variance inference
time: 0.039; rss: 67MB	coherence checking
time: 0.004; rss: 67MB	wf checking (old)
time: 0.003; rss: 67MB	item-types checking
time: 0.073; rss: 69MB	item-bodies checking
time: 0.000; rss: 69MB	drop-impl checking
time: 0.008; rss: 69MB	wf checking (new)
time: 0.005; rss: 69MB	const checking
time: 0.001; rss: 69MB	privacy checking
time: 0.000; rss: 69MB	stability index
time: 0.000; rss: 69MB	intrinsic checking
time: 0.000; rss: 69MB	effect checking
time: 0.001; rss: 69MB	match checking
time: 0.000; rss: 69MB	liveness checking
time: 0.008; rss: 73MB	borrow checking
time: 0.004; rss: 73MB	rvalue checking
time: 0.000; rss: 73MB	reachability checking
time: 0.001; rss: 73MB	death checking
time: 0.001; rss: 73MB	stability checking
time: 0.000; rss: 73MB	unused lib feature checking
time: 0.007; rss: 73MB	lint checking
time: 0.000; rss: 73MB	resolving dependency formats
time: 0.046; rss: 86MB	translation
  time: 0.002; rss: 73MB	llvm function passes
  time: 0.007; rss: 73MB	llvm module passes
  time: 0.004; rss: 79MB	codegen passes
  time: 0.000; rss: 79MB	codegen passes
time: 0.016; rss: 79MB	LLVM passes
time: 0.001; rss: 79MB	linking
rustc: x86_64-unknown-linux-gnu/stage2/lib/rustlib/x86_64-unknown-linux-gnu/lib/librustc_unicode
time: 0.033; rss: 41MB	parsing
time: 0.006; rss: 41MB	configuration 1
time: 0.000; rss: 41MB	recursion limit
time: 0.000; rss: 41MB	gated macro checking
time: 0.000; rss: 41MB	crate injection
time: 0.001; rss: 41MB	macro loading
time: 0.000; rss: 41MB	plugin loading
time: 0.000; rss: 41MB	plugin registration
time: 0.054; rss: 44MB	expansion
time: 0.001; rss: 44MB	complete gated feature checking 1
time: 0.006; rss: 44MB	configuration 2
time: 0.000; rss: 44MB	gated configuration checking
time: 0.003; rss: 44MB	maybe building test harness
time: 0.003; rss: 44MB	prelude injection
time: 0.000; rss: 44MB	checking that all macro invocations are gone
time: 0.000; rss: 44MB	checking for inline asm in case the target doesn't support it
time: 0.000; rss: 44MB	complete gated feature checking 2
time: 0.003; rss: 45MB	assigning node ids and indexing ast
time: 0.000; rss: 45MB	external crate/lib resolution
time: 0.000; rss: 45MB	language item collection
time: 0.005; rss: 53MB	resolution
time: 0.000; rss: 53MB	lifetime resolution
time: 0.000; rss: 53MB	looking for entry point
time: 0.000; rss: 53MB	looking for plugin registrar
time: 0.003; rss: 55MB	region resolution
time: 0.000; rss: 55MB	loop checking
time: 0.000; rss: 55MB	static item recursion checking
time: 0.001; rss: 55MB	type collecting
time: 0.000; rss: 55MB	variance inference
time: 0.037; rss: 70MB	coherence checking
time: 0.003; rss: 70MB	wf checking (old)
time: 0.050; rss: 72MB	item-types checking
time: 0.036; rss: 77MB	item-bodies checking
time: 0.000; rss: 77MB	drop-impl checking
time: 0.002; rss: 77MB	wf checking (new)
time: 0.015; rss: 79MB	const checking
time: 0.001; rss: 79MB	privacy checking
time: 0.000; rss: 79MB	stability index
time: 0.000; rss: 79MB	intrinsic checking
time: 0.000; rss: 79MB	effect checking
time: 0.001; rss: 79MB	match checking
time: 0.000; rss: 79MB	liveness checking
time: 0.003; rss: 79MB	borrow checking
time: 0.001; rss: 79MB	rvalue checking
time: 0.000; rss: 79MB	reachability checking
time: 0.001; rss: 79MB	death checking
time: 0.001; rss: 79MB	stability checking
time: 0.000; rss: 79MB	unused lib feature checking
time: 0.008; rss: 79MB	lint checking
time: 0.000; rss: 79MB	resolving dependency formats
time: 0.206; rss: 103MB	translation
  time: 0.015; rss: 78MB	llvm function passes
  time: 0.166; rss: 79MB	llvm module passes
  time: 0.072; rss: 83MB	codegen passes
  time: 0.001; rss: 82MB	codegen passes
time: 0.261; rss: 81MB	LLVM passes
time: 0.007; rss: 82MB	linking
rustc: x86_64-unknown-linux-gnu/stage2/lib/rustlib/x86_64-unknown-linux-gnu/lib/libcollections
time: 0.037; rss: 44MB	parsing
time: 0.014; rss: 44MB	configuration 1
time: 0.000; rss: 44MB	recursion limit
time: 0.001; rss: 44MB	gated macro checking
time: 0.000; rss: 44MB	crate injection
time: 0.001; rss: 44MB	macro loading
time: 0.000; rss: 44MB	plugin loading
time: 0.000; rss: 44MB	plugin registration
time: 0.088; rss: 48MB	expansion
time: 0.003; rss: 48MB	complete gated feature checking 1
time: 0.018; rss: 48MB	configuration 2
time: 0.000; rss: 48MB	gated configuration checking
time: 0.009; rss: 48MB	maybe building test harness
time: 0.008; rss: 48MB	prelude injection
time: 0.001; rss: 48MB	checking that all macro invocations are gone
time: 0.000; rss: 48MB	checking for inline asm in case the target doesn't support it
time: 0.002; rss: 48MB	complete gated feature checking 2
time: 0.009; rss: 48MB	assigning node ids and indexing ast
time: 0.001; rss: 49MB	external crate/lib resolution
time: 0.001; rss: 49MB	language item collection
time: 0.025; rss: 66MB	resolution
time: 0.002; rss: 66MB	lifetime resolution
time: 0.000; rss: 66MB	looking for entry point
time: 0.001; rss: 66MB	looking for plugin registrar
time: 0.005; rss: 67MB	region resolution
time: 0.001; rss: 67MB	loop checking
time: 0.001; rss: 67MB	static item recursion checking
time: 0.014; rss: 71MB	type collecting
time: 0.002; rss: 71MB	variance inference
time: 0.114; rss: 90MB	coherence checking
time: 0.044; rss: 92MB	wf checking (old)
time: 0.035; rss: 92MB	item-types checking
time: 1.215; rss: 111MB	item-bodies checking
time: 0.000; rss: 111MB	drop-impl checking
time: 0.106; rss: 113MB	wf checking (new)
time: 0.055; rss: 117MB	const checking
time: 0.007; rss: 117MB	privacy checking
time: 0.001; rss: 117MB	stability index
time: 0.006; rss: 117MB	intrinsic checking
time: 0.001; rss: 117MB	effect checking
time: 0.014; rss: 117MB	match checking
time: 0.004; rss: 117MB	liveness checking
time: 0.111; rss: 117MB	borrow checking
time: 0.089; rss: 117MB	rvalue checking
time: 0.004; rss: 117MB	reachability checking
time: 0.006; rss: 117MB	death checking
time: 0.007; rss: 117MB	stability checking
time: 0.000; rss: 117MB	unused lib feature checking
time: 0.116; rss: 117MB	lint checking
time: 0.000; rss: 117MB	resolving dependency formats
time: 0.431; rss: 151MB	translation
  time: 0.042; rss: 92MB	llvm function passes
  time: 0.405; rss: 94MB	llvm module passes
  time: 0.155; rss: 98MB	codegen passes
  time: 0.001; rss: 97MB	codegen passes
time: 0.611; rss: 97MB	LLVM passes
time: 0.012; rss: 97MB	linking
rustc: x86_64-unknown-linux-gnu/stage2/lib/rustlib/x86_64-unknown-linux-gnu/lib/liballoc_jemalloc
time: 0.000; rss: 29MB	parsing
time: 0.000; rss: 29MB	configuration 1
time: 0.000; rss: 29MB	recursion limit
time: 0.000; rss: 33MB	gated macro checking
time: 0.000; rss: 33MB	crate injection
time: 0.001; rss: 33MB	macro loading
time: 0.000; rss: 33MB	plugin loading
time: 0.000; rss: 33MB	plugin registration
time: 0.001; rss: 33MB	expansion
time: 0.000; rss: 33MB	complete gated feature checking 1
time: 0.000; rss: 33MB	configuration 2
time: 0.000; rss: 33MB	gated configuration checking
time: 0.000; rss: 33MB	maybe building test harness
time: 0.000; rss: 33MB	prelude injection
time: 0.000; rss: 33MB	checking that all macro invocations are gone
time: 0.000; rss: 33MB	checking for inline asm in case the target doesn't support it
time: 0.000; rss: 33MB	complete gated feature checking 2
time: 0.000; rss: 33MB	assigning node ids and indexing ast
time: 0.000; rss: 33MB	external crate/lib resolution
time: 0.000; rss: 33MB	language item collection
time: 0.002; rss: 38MB	resolution
time: 0.000; rss: 38MB	lifetime resolution
time: 0.000; rss: 38MB	looking for entry point
time: 0.000; rss: 38MB	looking for plugin registrar
time: 0.000; rss: 38MB	region resolution
time: 0.000; rss: 38MB	loop checking
time: 0.000; rss: 38MB	static item recursion checking
time: 0.000; rss: 38MB	type collecting
time: 0.000; rss: 38MB	variance inference
time: 0.002; rss: 42MB	coherence checking
time: 0.000; rss: 42MB	wf checking (old)
time: 0.000; rss: 42MB	item-types checking
time: 0.010; rss: 48MB	item-bodies checking
time: 0.000; rss: 48MB	drop-impl checking
time: 0.000; rss: 48MB	wf checking (new)
time: 0.000; rss: 48MB	const checking
time: 0.000; rss: 48MB	privacy checking
time: 0.000; rss: 48MB	stability index
time: 0.000; rss: 48MB	intrinsic checking
time: 0.000; rss: 48MB	effect checking
time: 0.000; rss: 48MB	match checking
time: 0.000; rss: 48MB	liveness checking
time: 0.000; rss: 48MB	borrow checking
time: 0.000; rss: 48MB	rvalue checking
time: 0.000; rss: 48MB	reachability checking
time: 0.000; rss: 48MB	death checking
time: 0.000; rss: 48MB	stability checking
time: 0.000; rss: 48MB	unused lib feature checking
time: 0.000; rss: 48MB	lint checking
time: 0.000; rss: 48MB	resolving dependency formats
time: 0.004; rss: 63MB	translation
  time: 0.001; rss: 63MB	llvm function passes
  time: 0.002; rss: 63MB	llvm module passes
  time: 0.003; rss: 67MB	codegen passes
  time: 0.000; rss: 68MB	codegen passes
time: 0.008; rss: 68MB	LLVM passes
time: 0.002; rss: 68MB	linking
rustc: x86_64-unknown-linux-gnu/stage2/lib/rustlib/x86_64-unknown-linux-gnu/lib/libstd
time: 0.147; rss: 75MB	parsing
time: 0.048; rss: 72MB	configuration 1
time: 0.000; rss: 72MB	recursion limit
time: 0.003; rss: 72MB	gated macro checking
time: 0.000; rss: 72MB	crate injection
time: 0.004; rss: 73MB	macro loading
time: 0.000; rss: 73MB	plugin loading
time: 0.000; rss: 73MB	plugin registration
time: 0.234; rss: 69MB	expansion
time: 0.008; rss: 69MB	complete gated feature checking 1
time: 0.047; rss: 69MB	configuration 2
time: 0.000; rss: 69MB	gated configuration checking
time: 0.024; rss: 69MB	maybe building test harness
time: 0.023; rss: 69MB	prelude injection
time: 0.003; rss: 69MB	checking that all macro invocations are gone
time: 0.000; rss: 70MB	checking for inline asm in case the target doesn't support it
time: 0.008; rss: 70MB	complete gated feature checking 2
time: 0.028; rss: 72MB	assigning node ids and indexing ast
time: 0.005; rss: 72MB	external crate/lib resolution
time: 0.005; rss: 72MB	language item collection
time: 0.069; rss: 105MB	resolution
time: 0.006; rss: 103MB	lifetime resolution
time: 0.000; rss: 103MB	looking for entry point
time: 0.003; rss: 103MB	looking for plugin registrar
time: 0.020; rss: 112MB	region resolution
time: 0.003; rss: 112MB	loop checking
time: 0.003; rss: 112MB	static item recursion checking
time: 0.030; rss: 118MB	type collecting
time: 0.007; rss: 118MB	variance inference
time: 0.111; rss: 140MB	coherence checking
time: 0.041; rss: 143MB	wf checking (old)
time: 0.070; rss: 148MB	item-types checking
time: 1.242; rss: 180MB	item-bodies checking
time: 0.000; rss: 180MB	drop-impl checking
time: 0.110; rss: 180MB	wf checking (new)
time: 0.113; rss: 180MB	const checking
time: 0.029; rss: 180MB	privacy checking
time: 0.002; rss: 180MB	stability index
time: 0.010; rss: 180MB	intrinsic checking
time: 0.005; rss: 180MB	effect checking
time: 0.024; rss: 180MB	match checking
time: 0.013; rss: 180MB	liveness checking
time: 0.201; rss: 180MB	borrow checking
time: 0.139; rss: 180MB	rvalue checking
time: 0.008; rss: 180MB	reachability checking
time: 0.020; rss: 180MB	death checking
time: 0.021; rss: 180MB	stability checking
time: 0.000; rss: 180MB	unused lib feature checking
time: 0.093; rss: 180MB	lint checking
time: 0.000; rss: 180MB	resolving dependency formats
time: 1.294; rss: 268MB	translation
  time: 0.347; rss: 160MB	llvm function passes
  time: 4.105; rss: 167MB	llvm module passes
  time: 1.704; rss: 170MB	codegen passes
  time: 0.002; rss: 160MB	codegen passes
time: 6.277; rss: 160MB	LLVM passes
  time: 0.001; rss: 160MB	altering collections-a5fc0d6c.rlib
  time: 0.000; rss: 160MB	altering alloc-a5fc0d6c.rlib
  time: 0.000; rss: 160MB	altering rustc_unicode-a5fc0d6c.rlib
  time: 0.001; rss: 160MB	altering alloc_jemalloc-a5fc0d6c.rlib
  time: 0.000; rss: 160MB	altering libc-a5fc0d6c.rlib
  time: 0.000; rss: 160MB	altering rand-a5fc0d6c.rlib
  time: 0.001; rss: 160MB	altering core-a5fc0d6c.rlib
  time: 0.145; rss: 164MB	running linker
time: 0.222; rss: 164MB	linking
rustc: x86_64-unknown-linux-gnu/stage2/lib/rustlib/x86_64-unknown-linux-gnu/lib/libflate
time: 0.001; rss: 30MB	parsing
time: 0.000; rss: 34MB	configuration 1
time: 0.000; rss: 34MB	recursion limit
time: 0.000; rss: 34MB	gated macro checking
time: 0.000; rss: 34MB	crate injection
time: 0.003; rss: 35MB	macro loading
time: 0.000; rss: 35MB	plugin loading
time: 0.000; rss: 35MB	plugin registration
time: 0.002; rss: 35MB	expansion
time: 0.000; rss: 35MB	complete gated feature checking 1
time: 0.000; rss: 35MB	configuration 2
time: 0.000; rss: 35MB	gated configuration checking
time: 0.000; rss: 35MB	maybe building test harness
time: 0.000; rss: 35MB	prelude injection
time: 0.000; rss: 35MB	checking that all macro invocations are gone
time: 0.000; rss: 35MB	checking for inline asm in case the target doesn't support it
time: 0.000; rss: 35MB	complete gated feature checking 2
time: 0.000; rss: 35MB	assigning node ids and indexing ast
time: 0.001; rss: 35MB	external crate/lib resolution
time: 0.000; rss: 35MB	language item collection
time: 0.005; rss: 48MB	resolution
time: 0.000; rss: 48MB	lifetime resolution
time: 0.000; rss: 48MB	looking for entry point
time: 0.000; rss: 48MB	looking for plugin registrar
time: 0.000; rss: 48MB	region resolution
time: 0.000; rss: 48MB	loop checking
time: 0.000; rss: 48MB	static item recursion checking
time: 0.001; rss: 48MB	type collecting
time: 0.000; rss: 48MB	variance inference
time: 0.031; rss: 75MB	coherence checking
time: 0.001; rss: 75MB	wf checking (old)
time: 0.001; rss: 75MB	item-types checking
time: 0.016; rss: 78MB	item-bodies checking
time: 0.000; rss: 78MB	drop-impl checking
time: 0.001; rss: 78MB	wf checking (new)
time: 0.000; rss: 78MB	const checking
time: 0.000; rss: 78MB	privacy checking
time: 0.000; rss: 78MB	stability index
time: 0.000; rss: 78MB	intrinsic checking
time: 0.000; rss: 78MB	effect checking
time: 0.000; rss: 78MB	match checking
time: 0.000; rss: 78MB	liveness checking
time: 0.001; rss: 78MB	borrow checking
time: 0.000; rss: 78MB	rvalue checking
time: 0.000; rss: 78MB	reachability checking
time: 0.000; rss: 78MB	death checking
time: 0.000; rss: 78MB	stability checking
time: 0.000; rss: 78MB	unused lib feature checking
time: 0.001; rss: 78MB	lint checking
time: 0.001; rss: 78MB	resolving dependency formats
time: 0.017; rss: 92MB	translation
  time: 0.003; rss: 86MB	llvm function passes
  time: 0.007; rss: 86MB	llvm module passes
  time: 0.007; rss: 91MB	codegen passes
  time: 0.000; rss: 91MB	codegen passes
time: 0.019; rss: 91MB	LLVM passes
  time: 0.020; rss: 95MB	running linker
time: 0.021; rss: 96MB	linking
rustc: x86_64-unknown-linux-gnu/stage2/lib/rustlib/x86_64-unknown-linux-gnu/lib/libarena
time: 0.002; rss: 29MB	parsing
time: 0.001; rss: 34MB	configuration 1
time: 0.000; rss: 34MB	recursion limit
time: 0.000; rss: 34MB	gated macro checking
time: 0.000; rss: 34MB	crate injection
time: 0.003; rss: 36MB	macro loading
time: 0.000; rss: 36MB	plugin loading
time: 0.000; rss: 36MB	plugin registration
time: 0.003; rss: 37MB	expansion
time: 0.000; rss: 37MB	complete gated feature checking 1
time: 0.001; rss: 37MB	configuration 2
time: 0.000; rss: 37MB	gated configuration checking
time: 0.000; rss: 37MB	maybe building test harness
time: 0.000; rss: 37MB	prelude injection
time: 0.000; rss: 37MB	checking that all macro invocations are gone
time: 0.000; rss: 37MB	checking for inline asm in case the target doesn't support it
time: 0.000; rss: 37MB	complete gated feature checking 2
time: 0.000; rss: 37MB	assigning node ids and indexing ast
time: 0.001; rss: 37MB	external crate/lib resolution
time: 0.000; rss: 37MB	language item collection
time: 0.003; rss: 45MB	resolution
time: 0.000; rss: 45MB	lifetime resolution
time: 0.000; rss: 45MB	looking for entry point
time: 0.000; rss: 45MB	looking for plugin registrar
time: 0.000; rss: 45MB	region resolution
time: 0.000; rss: 45MB	loop checking
time: 0.000; rss: 45MB	static item recursion checking
time: 0.001; rss: 49MB	type collecting
time: 0.000; rss: 49MB	variance inference
time: 0.020; rss: 67MB	coherence checking
time: 0.001; rss: 67MB	wf checking (old)
time: 0.000; rss: 67MB	item-types checking
time: 0.077; rss: 89MB	item-bodies checking
time: 0.000; rss: 89MB	drop-impl checking
time: 0.001; rss: 89MB	wf checking (new)
time: 0.002; rss: 89MB	const checking
time: 0.000; rss: 89MB	privacy checking
time: 0.000; rss: 89MB	stability index
time: 0.000; rss: 89MB	intrinsic checking
time: 0.000; rss: 89MB	effect checking
time: 0.000; rss: 89MB	match checking
time: 0.000; rss: 89MB	liveness checking
time: 0.002; rss: 89MB	borrow checking
time: 0.001; rss: 89MB	rvalue checking
time: 0.000; rss: 89MB	reachability checking
time: 0.000; rss: 89MB	death checking
time: 0.000; rss: 89MB	stability checking
time: 0.000; rss: 89MB	unused lib feature checking
time: 0.004; rss: 89MB	lint checking
time: 0.001; rss: 89MB	resolving dependency formats
time: 0.049; rss: 106MB	translation
  time: 0.011; rss: 88MB	llvm function passes
  time: 0.075; rss: 90MB	llvm module passes
  time: 0.028; rss: 94MB	codegen passes
  time: 0.000; rss: 94MB	codegen passes
time: 0.117; rss: 94MB	LLVM passes
  time: 0.015; rss: 98MB	running linker
time: 0.017; rss: 98MB	linking
rustc: x86_64-unknown-linux-gnu/stage2/lib/rustlib/x86_64-unknown-linux-gnu/lib/liblog
time: 0.002; rss: 29MB	parsing
time: 0.001; rss: 29MB	configuration 1
time: 0.000; rss: 33MB	recursion limit
time: 0.000; rss: 33MB	gated macro checking
time: 0.000; rss: 33MB	crate injection
time: 0.003; rss: 35MB	macro loading
time: 0.000; rss: 35MB	plugin loading
time: 0.000; rss: 35MB	plugin registration
time: 0.005; rss: 36MB	expansion
time: 0.000; rss: 36MB	complete gated feature checking 1
time: 0.001; rss: 36MB	configuration 2
time: 0.000; rss: 36MB	gated configuration checking
time: 0.000; rss: 36MB	maybe building test harness
time: 0.000; rss: 36MB	prelude injection
time: 0.000; rss: 36MB	checking that all macro invocations are gone
time: 0.000; rss: 36MB	checking for inline asm in case the target doesn't support it
time: 0.000; rss: 36MB	complete gated feature checking 2
time: 0.000; rss: 36MB	assigning node ids and indexing ast
time: 0.001; rss: 36MB	external crate/lib resolution
time: 0.000; rss: 36MB	language item collection
time: 0.004; rss: 50MB	resolution
time: 0.000; rss: 50MB	lifetime resolution
time: 0.000; rss: 50MB	looking for entry point
time: 0.000; rss: 50MB	looking for plugin registrar
time: 0.000; rss: 50MB	region resolution
time: 0.000; rss: 50MB	loop checking
time: 0.000; rss: 50MB	static item recursion checking
time: 0.002; rss: 50MB	type collecting
time: 0.000; rss: 50MB	variance inference
time: 0.026; rss: 72MB	coherence checking
time: 0.001; rss: 72MB	wf checking (old)
time: 0.002; rss: 72MB	item-types checking
time: 0.092; rss: 92MB	item-bodies checking
time: 0.000; rss: 92MB	drop-impl checking
time: 0.001; rss: 92MB	wf checking (new)
time: 0.005; rss: 92MB	const checking
time: 0.000; rss: 92MB	privacy checking
time: 0.000; rss: 92MB	stability index
time: 0.000; rss: 92MB	intrinsic checking
time: 0.000; rss: 92MB	effect checking
time: 0.000; rss: 92MB	match checking
time: 0.000; rss: 92MB	liveness checking
time: 0.002; rss: 92MB	borrow checking
time: 0.001; rss: 92MB	rvalue checking
time: 0.000; rss: 92MB	reachability checking
time: 0.000; rss: 92MB	death checking
time: 0.001; rss: 92MB	stability checking
time: 0.000; rss: 92MB	unused lib feature checking
time: 0.002; rss: 92MB	lint checking
time: 0.001; rss: 92MB	resolving dependency formats
time: 0.112; rss: 117MB	translation
  time: 0.032; rss: 92MB	llvm function passes
  time: 0.432; rss: 95MB	llvm module passes
  time: 0.096; rss: 99MB	codegen passes
  time: 0.000; rss: 99MB	codegen passes
time: 0.566; rss: 99MB	LLVM passes
  time: 0.018; rss: 103MB	running linker
time: 0.023; rss: 103MB	linking
rustc: x86_64-unknown-linux-gnu/stage2/lib/rustlib/x86_64-unknown-linux-gnu/lib/libterm
time: 0.008; rss: 35MB	parsing
time: 0.002; rss: 35MB	configuration 1
time: 0.000; rss: 35MB	recursion limit
time: 0.000; rss: 35MB	gated macro checking
time: 0.000; rss: 35MB	crate injection
time: 0.003; rss: 38MB	macro loading
time: 0.000; rss: 38MB	plugin loading
time: 0.000; rss: 38MB	plugin registration
time: 0.020; rss: 39MB	expansion
time: 0.000; rss: 39MB	complete gated feature checking 1
time: 0.003; rss: 39MB	configuration 2
time: 0.000; rss: 39MB	gated configuration checking
time: 0.001; rss: 39MB	maybe building test harness
time: 0.001; rss: 39MB	prelude injection
time: 0.000; rss: 39MB	checking that all macro invocations are gone
time: 0.000; rss: 39MB	checking for inline asm in case the target doesn't support it
time: 0.000; rss: 39MB	complete gated feature checking 2
time: 0.002; rss: 40MB	assigning node ids and indexing ast
time: 0.001; rss: 40MB	external crate/lib resolution
time: 0.000; rss: 40MB	language item collection
time: 0.007; rss: 53MB	resolution
time: 0.000; rss: 53MB	lifetime resolution
time: 0.000; rss: 53MB	looking for entry point
time: 0.000; rss: 53MB	looking for plugin registrar
time: 0.001; rss: 54MB	region resolution
time: 0.000; rss: 54MB	loop checking
time: 0.000; rss: 54MB	static item recursion checking
time: 0.002; rss: 56MB	type collecting
time: 0.000; rss: 56MB	variance inference
time: 0.023; rss: 75MB	coherence checking
time: 0.002; rss: 75MB	wf checking (old)
time: 0.017; rss: 77MB	item-types checking
time: 0.197; rss: 101MB	item-bodies checking
time: 0.000; rss: 101MB	drop-impl checking
time: 0.003; rss: 101MB	wf checking (new)
time: 0.008; rss: 101MB	const checking
time: 0.001; rss: 101MB	privacy checking
time: 0.000; rss: 101MB	stability index
time: 0.000; rss: 101MB	intrinsic checking
time: 0.000; rss: 101MB	effect checking
time: 0.001; rss: 101MB	match checking
time: 0.001; rss: 101MB	liveness checking
time: 0.013; rss: 101MB	borrow checking
time: 0.005; rss: 101MB	rvalue checking
time: 0.000; rss: 101MB	reachability checking
time: 0.001; rss: 101MB	death checking
time: 0.002; rss: 101MB	stability checking
time: 0.000; rss: 101MB	unused lib feature checking
time: 0.006; rss: 101MB	lint checking
time: 0.001; rss: 101MB	resolving dependency formats
time: 0.261; rss: 140MB	translation
  time: 0.086; rss: 104MB	llvm function passes
  time: 1.259; rss: 108MB	llvm module passes
  time: 0.489; rss: 116MB	codegen passes
  time: 0.001; rss: 115MB	codegen passes
time: 1.860; rss: 115MB	LLVM passes
  time: 0.026; rss: 117MB	running linker
time: 0.044; rss: 115MB	linking
rustc: x86_64-unknown-linux-gnu/stage2/lib/rustlib/x86_64-unknown-linux-gnu/lib/libserialize
time: 0.018; rss: 39MB	parsing
time: 0.006; rss: 38MB	configuration 1
time: 0.000; rss: 38MB	recursion limit
time: 0.000; rss: 38MB	gated macro checking
time: 0.000; rss: 38MB	crate injection
time: 0.003; rss: 41MB	macro loading
time: 0.000; rss: 41MB	plugin loading
time: 0.000; rss: 41MB	plugin registration
time: 0.075; rss: 45MB	expansion
time: 0.002; rss: 45MB	complete gated feature checking 1
time: 0.013; rss: 45MB	configuration 2
time: 0.000; rss: 45MB	gated configuration checking
time: 0.007; rss: 45MB	maybe building test harness
time: 0.006; rss: 45MB	prelude injection
time: 0.000; rss: 45MB	checking that all macro invocations are gone
time: 0.000; rss: 45MB	checking for inline asm in case the target doesn't support it
time: 0.001; rss: 45MB	complete gated feature checking 2
time: 0.008; rss: 48MB	assigning node ids and indexing ast
time: 0.002; rss: 48MB	external crate/lib resolution
time: 0.001; rss: 48MB	language item collection
time: 0.024; rss: 68MB	resolution
time: 0.001; rss: 68MB	lifetime resolution
time: 0.000; rss: 68MB	looking for entry point
time: 0.001; rss: 68MB	looking for plugin registrar
time: 0.005; rss: 71MB	region resolution
time: 0.001; rss: 71MB	loop checking
time: 0.001; rss: 71MB	static item recursion checking
time: 0.008; rss: 75MB	type collecting
time: 0.001; rss: 75MB	variance inference
time: 0.076; rss: 104MB	coherence checking
time: 0.015; rss: 104MB	wf checking (old)
time: 0.020; rss: 104MB	item-types checking
time: 0.878; rss: 128MB	item-bodies checking
time: 0.000; rss: 128MB	drop-impl checking
time: 0.054; rss: 128MB	wf checking (new)
time: 0.123; rss: 128MB	const checking
time: 0.005; rss: 128MB	privacy checking
time: 0.000; rss: 128MB	stability index
time: 0.003; rss: 128MB	intrinsic checking
time: 0.001; rss: 128MB	effect checking
time: 0.013; rss: 128MB	match checking
time: 0.005; rss: 128MB	liveness checking
time: 0.244; rss: 128MB	borrow checking
time: 0.167; rss: 128MB	rvalue checking
time: 0.002; rss: 128MB	reachability checking
time: 0.006; rss: 128MB	death checking
time: 0.007; rss: 128MB	stability checking
time: 0.000; rss: 128MB	unused lib feature checking
time: 0.029; rss: 128MB	lint checking
time: 0.001; rss: 128MB	resolving dependency formats
time: 0.456; rss: 176MB	translation
  time: 0.109; rss: 115MB	llvm function passes
  time: 2.764; rss: 131MB	llvm module passes
  time: 0.556; rss: 135MB	codegen passes
  time: 0.001; rss: 131MB	codegen passes
time: 3.463; rss: 131MB	LLVM passes
  time: 0.028; rss: 138MB	running linker
time: 0.050; rss: 135MB	linking
rustc: x86_64-unknown-linux-gnu/stage2/lib/rustlib/x86_64-unknown-linux-gnu/lib/libgetopts
time: 0.005; rss: 34MB	parsing
time: 0.001; rss: 34MB	configuration 1
time: 0.000; rss: 34MB	recursion limit
time: 0.000; rss: 34MB	gated macro checking
time: 0.000; rss: 34MB	crate injection
time: 0.003; rss: 37MB	macro loading
time: 0.000; rss: 37MB	plugin loading
time: 0.000; rss: 37MB	plugin registration
time: 0.012; rss: 38MB	expansion
time: 0.000; rss: 38MB	complete gated feature checking 1
time: 0.002; rss: 38MB	configuration 2
time: 0.000; rss: 38MB	gated configuration checking
time: 0.001; rss: 38MB	maybe building test harness
time: 0.001; rss: 38MB	prelude injection
time: 0.000; rss: 38MB	checking that all macro invocations are gone
time: 0.000; rss: 38MB	checking for inline asm in case the target doesn't support it
time: 0.000; rss: 38MB	complete gated feature checking 2
time: 0.001; rss: 39MB	assigning node ids and indexing ast
time: 0.001; rss: 39MB	external crate/lib resolution
time: 0.000; rss: 39MB	language item collection
time: 0.005; rss: 47MB	resolution
time: 0.000; rss: 47MB	lifetime resolution
time: 0.000; rss: 47MB	looking for entry point
time: 0.000; rss: 47MB	looking for plugin registrar
time: 0.001; rss: 50MB	region resolution
time: 0.000; rss: 50MB	loop checking
time: 0.000; rss: 50MB	static item recursion checking
time: 0.001; rss: 50MB	type collecting
time: 0.000; rss: 50MB	variance inference
time: 0.025; rss: 71MB	coherence checking
time: 0.002; rss: 71MB	wf checking (old)
time: 0.002; rss: 71MB	item-types checking
time: 0.139; rss: 92MB	item-bodies checking
time: 0.000; rss: 92MB	drop-impl checking
time: 0.003; rss: 92MB	wf checking (new)
time: 0.004; rss: 92MB	const checking
time: 0.001; rss: 92MB	privacy checking
time: 0.000; rss: 92MB	stability index
time: 0.000; rss: 92MB	intrinsic checking
time: 0.000; rss: 92MB	effect checking
time: 0.001; rss: 92MB	match checking
time: 0.001; rss: 92MB	liveness checking
time: 0.008; rss: 92MB	borrow checking
time: 0.003; rss: 92MB	rvalue checking
time: 0.000; rss: 92MB	reachability checking
time: 0.001; rss: 92MB	death checking
time: 0.001; rss: 92MB	stability checking
time: 0.000; rss: 92MB	unused lib feature checking
time: 0.005; rss: 92MB	lint checking
time: 0.001; rss: 92MB	resolving dependency formats
time: 0.196; rss: 122MB	translation
  time: 0.059; rss: 97MB	llvm function passes
  time: 0.955; rss: 100MB	llvm module passes
  time: 0.383; rss: 106MB	codegen passes
  time: 0.001; rss: 105MB	codegen passes
time: 1.415; rss: 105MB	LLVM passes
  time: 0.021; rss: 112MB	running linker
time: 0.034; rss: 110MB	linking
rustc: x86_64-unknown-linux-gnu/stage2/lib/rustlib/x86_64-unknown-linux-gnu/lib/librbml
time: 0.005; rss: 35MB	parsing
time: 0.002; rss: 35MB	configuration 1
time: 0.000; rss: 35MB	recursion limit
time: 0.000; rss: 35MB	gated macro checking
time: 0.000; rss: 35MB	crate injection
time: 0.003; rss: 38MB	macro loading
time: 0.000; rss: 38MB	plugin loading
time: 0.000; rss: 38MB	plugin registration
time: 0.021; rss: 40MB	expansion
time: 0.000; rss: 40MB	complete gated feature checking 1
time: 0.003; rss: 40MB	configuration 2
time: 0.000; rss: 40MB	gated configuration checking
time: 0.002; rss: 40MB	maybe building test harness
time: 0.002; rss: 40MB	prelude injection
time: 0.000; rss: 40MB	checking that all macro invocations are gone
time: 0.000; rss: 40MB	checking for inline asm in case the target doesn't support it
time: 0.000; rss: 40MB	complete gated feature checking 2
time: 0.002; rss: 40MB	assigning node ids and indexing ast
time: 0.002; rss: 40MB	external crate/lib resolution
time: 0.000; rss: 40MB	language item collection
time: 0.007; rss: 51MB	resolution
time: 0.000; rss: 51MB	lifetime resolution
time: 0.000; rss: 51MB	looking for entry point
time: 0.000; rss: 51MB	looking for plugin registrar
time: 0.001; rss: 54MB	region resolution
time: 0.000; rss: 54MB	loop checking
time: 0.000; rss: 54MB	static item recursion checking
time: 0.003; rss: 56MB	type collecting
time: 0.000; rss: 56MB	variance inference
time: 0.058; rss: 88MB	coherence checking
time: 0.002; rss: 88MB	wf checking (old)
time: 0.011; rss: 88MB	item-types checking
time: 0.163; rss: 100MB	item-bodies checking
time: 0.000; rss: 100MB	drop-impl checking
time: 0.008; rss: 100MB	wf checking (new)
time: 0.017; rss: 102MB	const checking
time: 0.001; rss: 102MB	privacy checking
time: 0.000; rss: 102MB	stability index
time: 0.001; rss: 102MB	intrinsic checking
time: 0.000; rss: 102MB	effect checking
time: 0.002; rss: 102MB	match checking
time: 0.001; rss: 102MB	liveness checking
time: 0.023; rss: 102MB	borrow checking
time: 0.015; rss: 102MB	rvalue checking
time: 0.000; rss: 102MB	reachability checking
time: 0.001; rss: 102MB	death checking
time: 0.002; rss: 102MB	stability checking
time: 0.000; rss: 102MB	unused lib feature checking
time: 0.007; rss: 102MB	lint checking
time: 0.001; rss: 102MB	resolving dependency formats
time: 0.098; rss: 125MB	translation
  time: 0.025; rss: 98MB	llvm function passes
  time: 0.216; rss: 100MB	llvm module passes
  time: 0.115; rss: 104MB	codegen passes
  time: 0.000; rss: 103MB	codegen passes
time: 0.364; rss: 102MB	LLVM passes
  time: 0.023; rss: 107MB	running linker
time: 0.028; rss: 107MB	linking
rustc: x86_64-unknown-linux-gnu/stage2/lib/rustlib/x86_64-unknown-linux-gnu/lib/libtest
time: 0.007; rss: 34MB	parsing
time: 0.002; rss: 35MB	configuration 1
time: 0.000; rss: 35MB	recursion limit
time: 0.000; rss: 35MB	gated macro checking
time: 0.000; rss: 35MB	crate injection
time: 0.003; rss: 36MB	macro loading
time: 0.000; rss: 36MB	plugin loading
time: 0.000; rss: 36MB	plugin registration
time: 0.017; rss: 39MB	expansion
time: 0.000; rss: 39MB	complete gated feature checking 1
time: 0.003; rss: 39MB	configuration 2
time: 0.000; rss: 39MB	gated configuration checking
time: 0.002; rss: 39MB	maybe building test harness
time: 0.001; rss: 39MB	prelude injection
time: 0.000; rss: 39MB	checking that all macro invocations are gone
time: 0.000; rss: 39MB	checking for inline asm in case the target doesn't support it
time: 0.000; rss: 39MB	complete gated feature checking 2
time: 0.002; rss: 39MB	assigning node ids and indexing ast
time: 0.003; rss: 40MB	external crate/lib resolution
time: 0.000; rss: 40MB	language item collection
time: 0.010; rss: 55MB	resolution
time: 0.000; rss: 55MB	lifetime resolution
time: 0.000; rss: 55MB	looking for entry point
time: 0.000; rss: 55MB	looking for plugin registrar
time: 0.001; rss: 55MB	region resolution
time: 0.000; rss: 55MB	loop checking
time: 0.000; rss: 55MB	static item recursion checking
time: 0.004; rss: 58MB	type collecting
time: 0.000; rss: 58MB	variance inference
time: 0.028; rss: 81MB	coherence checking
time: 0.002; rss: 81MB	wf checking (old)
time: 0.004; rss: 81MB	item-types checking
time: 0.206; rss: 106MB	item-bodies checking
time: 0.000; rss: 106MB	drop-impl checking
time: 0.006; rss: 106MB	wf checking (new)
time: 0.008; rss: 106MB	const checking
time: 0.001; rss: 106MB	privacy checking
time: 0.000; rss: 106MB	stability index
time: 0.000; rss: 106MB	intrinsic checking
time: 0.000; rss: 106MB	effect checking
time: 0.002; rss: 106MB	match checking
time: 0.001; rss: 106MB	liveness checking
time: 0.014; rss: 106MB	borrow checking
time: 0.007; rss: 106MB	rvalue checking
time: 0.000; rss: 106MB	reachability checking
time: 0.001; rss: 106MB	death checking
time: 0.002; rss: 106MB	stability checking
time: 0.000; rss: 106MB	unused lib feature checking
time: 0.008; rss: 106MB	lint checking
time: 0.001; rss: 106MB	resolving dependency formats
time: 0.446; rss: 154MB	translation
  time: 0.140; rss: 115MB	llvm function passes
  time: 2.688; rss: 119MB	llvm module passes
  time: 0.812; rss: 126MB	codegen passes
  time: 0.001; rss: 126MB	codegen passes
time: 3.690; rss: 126MB	LLVM passes
  time: 0.027; rss: 132MB	running linker
time: 0.057; rss: 130MB	linking
rustc: x86_64-unknown-linux-gnu/stage2/lib/rustlib/x86_64-unknown-linux-gnu/lib/libgraphviz
time: 0.003; rss: 30MB	parsing
time: 0.001; rss: 34MB	configuration 1
time: 0.000; rss: 34MB	recursion limit
time: 0.000; rss: 34MB	gated macro checking
time: 0.000; rss: 34MB	crate injection
time: 0.003; rss: 36MB	macro loading
time: 0.000; rss: 36MB	plugin loading
time: 0.000; rss: 36MB	plugin registration
time: 0.004; rss: 37MB	expansion
time: 0.000; rss: 37MB	complete gated feature checking 1
time: 0.001; rss: 37MB	configuration 2
time: 0.000; rss: 37MB	gated configuration checking
time: 0.000; rss: 37MB	maybe building test harness
time: 0.000; rss: 37MB	prelude injection
time: 0.000; rss: 37MB	checking that all macro invocations are gone
time: 0.000; rss: 37MB	checking for inline asm in case the target doesn't support it
time: 0.000; rss: 37MB	complete gated feature checking 2
time: 0.000; rss: 37MB	assigning node ids and indexing ast
time: 0.001; rss: 37MB	external crate/lib resolution
time: 0.000; rss: 37MB	language item collection
time: 0.004; rss: 48MB	resolution
time: 0.000; rss: 48MB	lifetime resolution
time: 0.000; rss: 48MB	looking for entry point
time: 0.000; rss: 48MB	looking for plugin registrar
time: 0.000; rss: 48MB	region resolution
time: 0.000; rss: 48MB	loop checking
time: 0.000; rss: 48MB	static item recursion checking
time: 0.001; rss: 52MB	type collecting
time: 0.000; rss: 52MB	variance inference
time: 0.024; rss: 71MB	coherence checking
time: 0.001; rss: 71MB	wf checking (old)
time: 0.001; rss: 71MB	item-types checking
time: 0.083; rss: 92MB	item-bodies checking
time: 0.000; rss: 92MB	drop-impl checking
time: 0.002; rss: 92MB	wf checking (new)
time: 0.002; rss: 92MB	const checking
time: 0.000; rss: 92MB	privacy checking
time: 0.000; rss: 92MB	stability index
time: 0.000; rss: 92MB	intrinsic checking
time: 0.000; rss: 92MB	effect checking
time: 0.001; rss: 92MB	match checking
time: 0.000; rss: 92MB	liveness checking
time: 0.003; rss: 92MB	borrow checking
time: 0.002; rss: 92MB	rvalue checking
time: 0.000; rss: 92MB	reachability checking
time: 0.000; rss: 92MB	death checking
time: 0.000; rss: 92MB	stability checking
time: 0.000; rss: 92MB	unused lib feature checking
time: 0.002; rss: 92MB	lint checking
time: 0.001; rss: 92MB	resolving dependency formats
time: 0.053; rss: 108MB	translation
  time: 0.012; rss: 88MB	llvm function passes
  time: 0.081; rss: 89MB	llvm module passes
  time: 0.025; rss: 94MB	codegen passes
  time: 0.000; rss: 93MB	codegen passes
time: 0.122; rss: 93MB	LLVM passes
  time: 0.019; rss: 97MB	running linker
time: 0.021; rss: 98MB	linking
rustc: x86_64-unknown-linux-gnu/stage2/lib/rustlib/x86_64-unknown-linux-gnu/lib/librustc_bitflags
time: 0.001; rss: 29MB	parsing
time: 0.000; rss: 29MB	configuration 1
time: 0.000; rss: 29MB	recursion limit
time: 0.000; rss: 33MB	gated macro checking
time: 0.000; rss: 33MB	crate injection
time: 0.001; rss: 33MB	macro loading
time: 0.000; rss: 33MB	plugin loading
time: 0.000; rss: 33MB	plugin registration
time: 0.001; rss: 35MB	expansion
time: 0.000; rss: 35MB	complete gated feature checking 1
time: 0.000; rss: 35MB	configuration 2
time: 0.000; rss: 35MB	gated configuration checking
time: 0.000; rss: 35MB	maybe building test harness
time: 0.000; rss: 35MB	prelude injection
time: 0.000; rss: 35MB	checking that all macro invocations are gone
time: 0.000; rss: 35MB	checking for inline asm in case the target doesn't support it
time: 0.000; rss: 35MB	complete gated feature checking 2
time: 0.000; rss: 35MB	assigning node ids and indexing ast
time: 0.000; rss: 35MB	external crate/lib resolution
time: 0.000; rss: 35MB	language item collection
time: 0.001; rss: 35MB	resolution
time: 0.000; rss: 35MB	lifetime resolution
time: 0.000; rss: 35MB	looking for entry point
time: 0.000; rss: 35MB	looking for plugin registrar
time: 0.000; rss: 35MB	region resolution
time: 0.000; rss: 35MB	loop checking
time: 0.000; rss: 35MB	static item recursion checking
time: 0.000; rss: 39MB	type collecting
time: 0.000; rss: 39MB	variance inference
time: 0.002; rss: 39MB	coherence checking
time: 0.000; rss: 39MB	wf checking (old)
time: 0.000; rss: 39MB	item-types checking
time: 0.000; rss: 39MB	item-bodies checking
time: 0.000; rss: 39MB	drop-impl checking
time: 0.000; rss: 39MB	wf checking (new)
time: 0.000; rss: 39MB	const checking
time: 0.000; rss: 39MB	privacy checking
time: 0.000; rss: 39MB	stability index
time: 0.000; rss: 39MB	intrinsic checking
time: 0.000; rss: 39MB	effect checking
time: 0.000; rss: 39MB	match checking
time: 0.000; rss: 39MB	liveness checking
time: 0.000; rss: 39MB	borrow checking
time: 0.000; rss: 39MB	rvalue checking
time: 0.000; rss: 39MB	reachability checking
time: 0.000; rss: 39MB	death checking
time: 0.000; rss: 39MB	stability checking
time: 0.000; rss: 39MB	unused lib feature checking
time: 0.000; rss: 39MB	lint checking
time: 0.000; rss: 39MB	resolving dependency formats
time: 0.002; rss: 51MB	translation
  time: 0.000; rss: 52MB	llvm function passes
  time: 0.000; rss: 52MB	llvm module passes
  time: 0.001; rss: 52MB	codegen passes
  time: 0.000; rss: 53MB	codegen passes
time: 0.002; rss: 53MB	LLVM passes
time: 0.001; rss: 53MB	linking
rustc: x86_64-unknown-linux-gnu/stage2/lib/rustlib/x86_64-unknown-linux-gnu/lib/libfmt_macros
time: 0.002; rss: 29MB	parsing
time: 0.000; rss: 29MB	configuration 1
time: 0.000; rss: 33MB	recursion limit
time: 0.000; rss: 33MB	gated macro checking
time: 0.000; rss: 33MB	crate injection
time: 0.003; rss: 36MB	macro loading
time: 0.000; rss: 36MB	plugin loading
time: 0.000; rss: 36MB	plugin registration
time: 0.005; rss: 36MB	expansion
time: 0.000; rss: 36MB	complete gated feature checking 1
time: 0.001; rss: 36MB	configuration 2
time: 0.000; rss: 36MB	gated configuration checking
time: 0.001; rss: 36MB	maybe building test harness
time: 0.000; rss: 36MB	prelude injection
time: 0.000; rss: 36MB	checking that all macro invocations are gone
time: 0.000; rss: 36MB	checking for inline asm in case the target doesn't support it
time: 0.000; rss: 36MB	complete gated feature checking 2
time: 0.001; rss: 36MB	assigning node ids and indexing ast
time: 0.001; rss: 36MB	external crate/lib resolution
time: 0.000; rss: 36MB	language item collection
time: 0.003; rss: 44MB	resolution
time: 0.000; rss: 44MB	lifetime resolution
time: 0.000; rss: 44MB	looking for entry point
time: 0.000; rss: 44MB	looking for plugin registrar
time: 0.000; rss: 46MB	region resolution
time: 0.000; rss: 46MB	loop checking
time: 0.000; rss: 46MB	static item recursion checking
time: 0.001; rss: 46MB	type collecting
time: 0.000; rss: 46MB	variance inference
time: 0.059; rss: 79MB	coherence checking
time: 0.002; rss: 79MB	wf checking (old)
time: 0.002; rss: 79MB	item-types checking
time: 0.042; rss: 87MB	item-bodies checking
time: 0.000; rss: 87MB	drop-impl checking
time: 0.001; rss: 87MB	wf checking (new)
time: 0.002; rss: 87MB	const checking
time: 0.000; rss: 87MB	privacy checking
time: 0.000; rss: 87MB	stability index
time: 0.000; rss: 87MB	intrinsic checking
time: 0.000; rss: 87MB	effect checking
time: 0.001; rss: 87MB	match checking
time: 0.000; rss: 87MB	liveness checking
time: 0.003; rss: 87MB	borrow checking
time: 0.002; rss: 87MB	rvalue checking
time: 0.000; rss: 87MB	reachability checking
time: 0.000; rss: 87MB	death checking
time: 0.000; rss: 87MB	stability checking
time: 0.000; rss: 87MB	unused lib feature checking
time: 0.002; rss: 87MB	lint checking
time: 0.001; rss: 87MB	resolving dependency formats
time: 0.069; rss: 109MB	translation
  time: 0.018; rss: 89MB	llvm function passes
  time: 0.251; rss: 93MB	llvm module passes
  time: 0.094; rss: 98MB	codegen passes
  time: 0.000; rss: 98MB	codegen passes
time: 0.369; rss: 98MB	LLVM passes
  time: 0.019; rss: 102MB	running linker
time: 0.024; rss: 102MB	linking
rustc: x86_64-unknown-linux-gnu/stage2/lib/rustlib/x86_64-unknown-linux-gnu/lib/libsyntax
time: 0.121; rss: 70MB	parsing
time: 0.042; rss: 70MB	configuration 1
time: 0.000; rss: 70MB	recursion limit
time: 0.003; rss: 70MB	gated macro checking
time: 0.000; rss: 70MB	crate injection
time: 0.006; rss: 72MB	macro loading
time: 0.000; rss: 72MB	plugin loading
time: 0.000; rss: 72MB	plugin registration
time: 0.617; rss: 106MB	expansion
time: 0.018; rss: 106MB	complete gated feature checking 1
time: 0.113; rss: 106MB	configuration 2
time: 0.000; rss: 106MB	gated configuration checking
time: 0.059; rss: 106MB	maybe building test harness
time: 0.054; rss: 106MB	prelude injection
time: 0.009; rss: 106MB	checking that all macro invocations are gone
time: 0.000; rss: 106MB	checking for inline asm in case the target doesn't support it
time: 0.018; rss: 106MB	complete gated feature checking 2
time: 0.070; rss: 117MB	assigning node ids and indexing ast
time: 0.011; rss: 117MB	external crate/lib resolution
time: 0.017; rss: 117MB	language item collection
time: 0.221; rss: 160MB	resolution
time: 0.015; rss: 154MB	lifetime resolution
time: 0.000; rss: 154MB	looking for entry point
time: 0.009; rss: 154MB	looking for plugin registrar
time: 0.080; rss: 187MB	region resolution
time: 0.009; rss: 187MB	loop checking
time: 0.009; rss: 187MB	static item recursion checking
time: 0.053; rss: 189MB	type collecting
time: 0.018; rss: 189MB	variance inference
time: 0.144; rss: 224MB	coherence checking
time: 0.051; rss: 226MB	wf checking (old)
time: 0.089; rss: 229MB	item-types checking
time: 7.776; rss: 330MB	item-bodies checking
time: 0.000; rss: 330MB	drop-impl checking
time: 0.361; rss: 330MB	wf checking (new)
time: 0.514; rss: 334MB	const checking
time: 0.083; rss: 334MB	privacy checking
time: 0.002; rss: 334MB	stability index
time: 0.023; rss: 334MB	intrinsic checking
time: 0.021; rss: 334MB	effect checking
time: 0.078; rss: 334MB	match checking
time: 0.060; rss: 340MB	liveness checking
time: 1.081; rss: 340MB	borrow checking
time: 0.680; rss: 340MB	rvalue checking
time: 0.027; rss: 340MB	reachability checking
time: 0.065; rss: 340MB	death checking
time: 0.066; rss: 340MB	stability checking
time: 0.000; rss: 340MB	unused lib feature checking
time: 0.256; rss: 340MB	lint checking
time: 0.001; rss: 340MB	resolving dependency formats
time: 5.966; rss: 706MB	translation
  time: 2.052; rss: 410MB	llvm function passes
  time: 45.632; rss: 488MB	llvm module passes
  time: 16.677; rss: 548MB	codegen passes
  time: 0.002; rss: 524MB	codegen passes
time: 65.615; rss: 524MB	LLVM passes
  time: 0.130; rss: 530MB	running linker
time: 0.682; rss: 525MB	linking
rustc: x86_64-unknown-linux-gnu/stage2/lib/rustlib/x86_64-unknown-linux-gnu/lib/librustc_llvm
time: 0.007; rss: 36MB	parsing
time: 0.001; rss: 36MB	configuration 1
time: 0.000; rss: 36MB	recursion limit
time: 0.000; rss: 36MB	gated macro checking
time: 0.000; rss: 36MB	crate injection
time: 0.003; rss: 40MB	macro loading
time: 0.000; rss: 40MB	plugin loading
time: 0.000; rss: 40MB	plugin registration
time: 0.014; rss: 41MB	expansion
time: 0.000; rss: 41MB	complete gated feature checking 1
time: 0.003; rss: 41MB	configuration 2
time: 0.000; rss: 41MB	gated configuration checking
time: 0.001; rss: 41MB	maybe building test harness
time: 0.002; rss: 41MB	prelude injection
time: 0.000; rss: 41MB	checking that all macro invocations are gone
time: 0.000; rss: 41MB	checking for inline asm in case the target doesn't support it
time: 0.000; rss: 41MB	complete gated feature checking 2
time: 0.002; rss: 42MB	assigning node ids and indexing ast
time: 0.001; rss: 42MB	external crate/lib resolution
time: 0.000; rss: 42MB	language item collection
time: 0.009; rss: 54MB	resolution
time: 0.000; rss: 54MB	lifetime resolution
time: 0.000; rss: 54MB	looking for entry point
time: 0.000; rss: 54MB	looking for plugin registrar
time: 0.001; rss: 54MB	region resolution
time: 0.000; rss: 54MB	loop checking
time: 0.000; rss: 54MB	static item recursion checking
time: 0.003; rss: 59MB	type collecting
time: 0.000; rss: 59MB	variance inference
time: 0.071; rss: 91MB	coherence checking
time: 0.003; rss: 91MB	wf checking (old)
time: 0.012; rss: 94MB	item-types checking
time: 0.093; rss: 99MB	item-bodies checking
time: 0.000; rss: 99MB	drop-impl checking
time: 0.003; rss: 99MB	wf checking (new)
time: 0.004; rss: 99MB	const checking
time: 0.001; rss: 99MB	privacy checking
time: 0.000; rss: 99MB	stability index
time: 0.000; rss: 99MB	intrinsic checking
time: 0.000; rss: 99MB	effect checking
time: 0.001; rss: 99MB	match checking
time: 0.000; rss: 99MB	liveness checking
time: 0.005; rss: 99MB	borrow checking
time: 0.002; rss: 99MB	rvalue checking
time: 0.000; rss: 99MB	reachability checking
time: 0.001; rss: 99MB	death checking
time: 0.001; rss: 99MB	stability checking
time: 0.000; rss: 99MB	unused lib feature checking
time: 0.006; rss: 99MB	lint checking
time: 0.001; rss: 99MB	resolving dependency formats
time: 0.094; rss: 121MB	translation
  time: 0.020; rss: 96MB	llvm function passes
  time: 0.094; rss: 97MB	llvm module passes
  time: 0.052; rss: 101MB	codegen passes
  time: 0.000; rss: 100MB	codegen passes
time: 0.170; rss: 100MB	LLVM passes
  time: 1.443; rss: 105MB	running linker
time: 1.500; rss: 105MB	linking
rustc: x86_64-unknown-linux-gnu/stage2/lib/rustlib/x86_64-unknown-linux-gnu/lib/librustc_back
time: 0.007; rss: 31MB	parsing
time: 0.002; rss: 35MB	configuration 1
time: 0.000; rss: 35MB	recursion limit
time: 0.000; rss: 35MB	gated macro checking
time: 0.000; rss: 35MB	crate injection
time: 0.003; rss: 37MB	macro loading
time: 0.000; rss: 37MB	plugin loading
time: 0.000; rss: 37MB	plugin registration
time: 0.030; rss: 42MB	expansion
time: 0.000; rss: 42MB	complete gated feature checking 1
time: 0.004; rss: 42MB	configuration 2
time: 0.000; rss: 42MB	gated configuration checking
time: 0.002; rss: 42MB	maybe building test harness
time: 0.002; rss: 42MB	prelude injection
time: 0.000; rss: 42MB	checking that all macro invocations are gone
time: 0.000; rss: 42MB	checking for inline asm in case the target doesn't support it
time: 0.000; rss: 42MB	complete gated feature checking 2
time: 0.003; rss: 42MB	assigning node ids and indexing ast
time: 0.004; rss: 72MB	external crate/lib resolution
time: 0.000; rss: 76MB	language item collection
time: 0.017; rss: 105MB	resolution
time: 0.000; rss: 105MB	lifetime resolution
time: 0.000; rss: 105MB	looking for entry point
time: 0.000; rss: 105MB	looking for plugin registrar
time: 0.002; rss: 105MB	region resolution
time: 0.000; rss: 105MB	loop checking
time: 0.000; rss: 105MB	static item recursion checking
time: 0.004; rss: 108MB	type collecting
time: 0.000; rss: 108MB	variance inference
time: 0.035; rss: 129MB	coherence checking
time: 0.002; rss: 129MB	wf checking (old)
time: 0.012; rss: 129MB	item-types checking
time: 0.357; rss: 163MB	item-bodies checking
time: 0.000; rss: 163MB	drop-impl checking
time: 0.005; rss: 163MB	wf checking (new)
time: 0.013; rss: 163MB	const checking
time: 0.001; rss: 163MB	privacy checking
time: 0.000; rss: 163MB	stability index
time: 0.000; rss: 163MB	intrinsic checking
time: 0.000; rss: 163MB	effect checking
time: 0.001; rss: 163MB	match checking
time: 0.002; rss: 165MB	liveness checking
time: 0.023; rss: 165MB	borrow checking
time: 0.009; rss: 165MB	rvalue checking
time: 0.000; rss: 165MB	reachability checking
time: 0.001; rss: 165MB	death checking
time: 0.003; rss: 165MB	stability checking
time: 0.000; rss: 165MB	unused lib feature checking
time: 0.012; rss: 165MB	lint checking
time: 0.001; rss: 165MB	resolving dependency formats
time: 0.555; rss: 229MB	translation
  time: 0.166; rss: 167MB	llvm function passes
  time: 2.847; rss: 182MB	llvm module passes
  time: 0.942; rss: 193MB	codegen passes
  time: 0.001; rss: 182MB	codegen passes
time: 4.027; rss: 182MB	LLVM passes
  time: 0.042; rss: 184MB	running linker
time: 0.081; rss: 181MB	linking
rustc: x86_64-unknown-linux-gnu/stage2/lib/rustlib/x86_64-unknown-linux-gnu/lib/librustc_data_structures
time: 0.007; rss: 32MB	parsing
time: 0.002; rss: 36MB	configuration 1
time: 0.000; rss: 36MB	recursion limit
time: 0.000; rss: 36MB	gated macro checking
time: 0.000; rss: 36MB	crate injection
time: 0.003; rss: 38MB	macro loading
time: 0.000; rss: 38MB	plugin loading
time: 0.000; rss: 38MB	plugin registration
time: 0.021; rss: 40MB	expansion
time: 0.000; rss: 40MB	complete gated feature checking 1
time: 0.003; rss: 40MB	configuration 2
time: 0.000; rss: 40MB	gated configuration checking
time: 0.001; rss: 40MB	maybe building test harness
time: 0.001; rss: 40MB	prelude injection
time: 0.000; rss: 40MB	checking that all macro invocations are gone
time: 0.000; rss: 40MB	checking for inline asm in case the target doesn't support it
time: 0.000; rss: 40MB	complete gated feature checking 2
time: 0.001; rss: 40MB	assigning node ids and indexing ast
time: 0.002; rss: 40MB	external crate/lib resolution
time: 0.000; rss: 40MB	language item collection
time: 0.007; rss: 54MB	resolution
time: 0.000; rss: 54MB	lifetime resolution
time: 0.000; rss: 54MB	looking for entry point
time: 0.000; rss: 54MB	looking for plugin registrar
time: 0.001; rss: 54MB	region resolution
time: 0.000; rss: 54MB	loop checking
time: 0.000; rss: 54MB	static item recursion checking
time: 0.003; rss: 56MB	type collecting
time: 0.000; rss: 56MB	variance inference
time: 0.068; rss: 92MB	coherence checking
time: 0.004; rss: 92MB	wf checking (old)
time: 0.005; rss: 92MB	item-types checking
time: 0.173; rss: 103MB	item-bodies checking
time: 0.000; rss: 103MB	drop-impl checking
time: 0.020; rss: 103MB	wf checking (new)
time: 0.010; rss: 103MB	const checking
time: 0.001; rss: 103MB	privacy checking
time: 0.000; rss: 103MB	stability index
time: 0.001; rss: 103MB	intrinsic checking
time: 0.000; rss: 103MB	effect checking
time: 0.002; rss: 103MB	match checking
time: 0.001; rss: 103MB	liveness checking
time: 0.017; rss: 103MB	borrow checking
time: 0.012; rss: 103MB	rvalue checking
time: 0.000; rss: 103MB	reachability checking
time: 0.001; rss: 103MB	death checking
time: 0.001; rss: 103MB	stability checking
time: 0.000; rss: 103MB	unused lib feature checking
time: 0.007; rss: 103MB	lint checking
time: 0.001; rss: 103MB	resolving dependency formats
time: 0.093; rss: 120MB	translation
  time: 0.013; rss: 95MB	llvm function passes
  time: 0.071; rss: 97MB	llvm module passes
  time: 0.030; rss: 101MB	codegen passes
  time: 0.000; rss: 100MB	codegen passes
time: 0.116; rss: 100MB	LLVM passes
  time: 0.021; rss: 104MB	running linker
time: 0.023; rss: 104MB	linking
rustc: x86_64-unknown-linux-gnu/stage2/lib/rustlib/x86_64-unknown-linux-gnu/lib/librustc
time: 0.170; rss: 83MB	parsing
time: 0.060; rss: 86MB	configuration 1
time: 0.000; rss: 86MB	recursion limit
time: 0.005; rss: 86MB	gated macro checking
time: 0.000; rss: 86MB	crate injection
time: 0.008; rss: 88MB	macro loading
time: 0.000; rss: 88MB	plugin loading
time: 0.000; rss: 88MB	plugin registration
time: 0.844; rss: 124MB	expansion
time: 0.024; rss: 124MB	complete gated feature checking 1
time: 0.144; rss: 124MB	configuration 2
time: 0.000; rss: 124MB	gated configuration checking
time: 0.075; rss: 124MB	maybe building test harness
time: 0.069; rss: 124MB	prelude injection
time: 0.011; rss: 124MB	checking that all macro invocations are gone
time: 0.000; rss: 124MB	checking for inline asm in case the target doesn't support it
time: 0.024; rss: 124MB	complete gated feature checking 2
time: 0.090; rss: 137MB	assigning node ids and indexing ast
time: 0.017; rss: 171MB	external crate/lib resolution
time: 0.023; rss: 171MB	language item collection
time: 0.267; rss: 249MB	resolution
time: 0.020; rss: 243MB	lifetime resolution
time: 0.000; rss: 243MB	looking for entry point
time: 0.011; rss: 243MB	looking for plugin registrar
time: 0.094; rss: 278MB	region resolution
time: 0.012; rss: 278MB	loop checking
time: 0.012; rss: 278MB	static item recursion checking
time: 0.076; rss: 281MB	type collecting
time: 0.024; rss: 281MB	variance inference
time: 0.185; rss: 321MB	coherence checking
time: 0.101; rss: 327MB	wf checking (old)
time: 0.242; rss: 336MB	item-types checking
time: 7.104; rss: 490MB	item-bodies checking
time: 0.000; rss: 490MB	drop-impl checking
time: 0.262; rss: 490MB	wf checking (new)
time: 0.483; rss: 496MB	const checking
time: 0.107; rss: 496MB	privacy checking
time: 0.002; rss: 496MB	stability index
time: 0.030; rss: 496MB	intrinsic checking
time: 0.024; rss: 496MB	effect checking
time: 0.084; rss: 496MB	match checking
time: 0.059; rss: 496MB	liveness checking
time: 0.729; rss: 496MB	borrow checking
time: 0.548; rss: 496MB	rvalue checking
time: 0.032; rss: 496MB	reachability checking
time: 0.080; rss: 496MB	death checking
time: 0.090; rss: 496MB	stability checking
time: 0.000; rss: 496MB	unused lib feature checking
time: 0.331; rss: 496MB	lint checking
time: 0.002; rss: 496MB	resolving dependency formats
time: 12.131; rss: 1173MB	translation
  time: 4.091; rss: 723MB	llvm function passes
  time: 86.521; rss: 830MB	llvm module passes
  time: 23.597; rss: 884MB	codegen passes
  time: 0.003; rss: 745MB	codegen passes
time: 116.395; rss: 745MB	LLVM passes
  time: 0.236; rss: 748MB	running linker
time: 1.105; rss: 739MB	linking
rustc: x86_64-unknown-linux-gnu/stage2/lib/rustlib/x86_64-unknown-linux-gnu/lib/librustc_platform_intrinsics
time: 0.004; rss: 35MB	parsing
time: 0.001; rss: 36MB	configuration 1
time: 0.000; rss: 36MB	recursion limit
time: 0.000; rss: 36MB	gated macro checking
time: 0.000; rss: 36MB	crate injection
time: 0.003; rss: 37MB	macro loading
time: 0.000; rss: 37MB	plugin loading
time: 0.000; rss: 37MB	plugin registration
time: 0.080; rss: 44MB	expansion
time: 0.001; rss: 44MB	complete gated feature checking 1
time: 0.005; rss: 44MB	configuration 2
time: 0.000; rss: 44MB	gated configuration checking
time: 0.002; rss: 44MB	maybe building test harness
time: 0.002; rss: 44MB	prelude injection
time: 0.000; rss: 44MB	checking that all macro invocations are gone
time: 0.000; rss: 44MB	checking for inline asm in case the target doesn't support it
time: 0.000; rss: 44MB	complete gated feature checking 2
time: 0.003; rss: 44MB	assigning node ids and indexing ast
time: 0.034; rss: 79MB	external crate/lib resolution
time: 0.000; rss: 79MB	language item collection
time: 0.009; rss: 95MB	resolution
time: 0.000; rss: 95MB	lifetime resolution
time: 0.000; rss: 95MB	looking for entry point
time: 0.000; rss: 95MB	looking for plugin registrar
time: 0.002; rss: 98MB	region resolution
time: 0.000; rss: 98MB	loop checking
time: 0.000; rss: 98MB	static item recursion checking
time: 0.008; rss: 113MB	type collecting
time: 0.000; rss: 113MB	variance inference
time: 0.042; rss: 142MB	coherence checking
time: 0.001; rss: 142MB	wf checking (old)
time: 0.000; rss: 142MB	item-types checking
time: 0.128; rss: 156MB	item-bodies checking
time: 0.000; rss: 156MB	drop-impl checking
time: 0.001; rss: 156MB	wf checking (new)
time: 0.009; rss: 156MB	const checking
time: 0.001; rss: 156MB	privacy checking
time: 0.000; rss: 156MB	stability index
time: 0.000; rss: 156MB	intrinsic checking
time: 0.000; rss: 156MB	effect checking
time: 0.004; rss: 156MB	match checking
time: 0.001; rss: 156MB	liveness checking
time: 0.020; rss: 154MB	borrow checking
time: 0.007; rss: 154MB	rvalue checking
time: 0.000; rss: 154MB	reachability checking
time: 0.001; rss: 154MB	death checking
time: 0.002; rss: 154MB	stability checking
time: 0.000; rss: 154MB	unused lib feature checking
time: 0.017; rss: 156MB	lint checking
time: 0.002; rss: 156MB	resolving dependency formats
time: 0.213; rss: 194MB	translation
  time: 0.055; rss: 161MB	llvm function passes
  time: 6.921; rss: 218MB	llvm module passes
  time: 1.823; rss: 249MB	codegen passes
  time: 0.001; rss: 213MB	codegen passes
time: 8.885; rss: 213MB	LLVM passes
  time: 0.047; rss: 218MB	running linker
time: 0.098; rss: 215MB	linking
rustc: x86_64-unknown-linux-gnu/stage2/lib/rustlib/x86_64-unknown-linux-gnu/lib/librustc_typeck
time: 0.070; rss: 54MB	parsing
time: 0.025; rss: 56MB	configuration 1
time: 0.000; rss: 56MB	recursion limit
time: 0.002; rss: 56MB	gated macro checking
time: 0.000; rss: 56MB	crate injection
time: 0.006; rss: 58MB	macro loading
time: 0.000; rss: 58MB	plugin loading
time: 0.000; rss: 58MB	plugin registration
time: 0.319; rss: 70MB	expansion
time: 0.008; rss: 70MB	complete gated feature checking 1
time: 0.047; rss: 70MB	configuration 2
time: 0.000; rss: 70MB	gated configuration checking
time: 0.024; rss: 70MB	maybe building test harness
time: 0.023; rss: 70MB	prelude injection
time: 0.004; rss: 70MB	checking that all macro invocations are gone
time: 0.000; rss: 70MB	checking for inline asm in case the target doesn't support it
time: 0.008; rss: 70MB	complete gated feature checking 2
time: 0.030; rss: 74MB	assigning node ids and indexing ast
time: 0.031; rss: 110MB	external crate/lib resolution
time: 0.008; rss: 110MB	language item collection
time: 0.103; rss: 162MB	resolution
time: 0.007; rss: 159MB	lifetime resolution
time: 0.000; rss: 159MB	looking for entry point
time: 0.004; rss: 159MB	looking for plugin registrar
time: 0.027; rss: 169MB	region resolution
time: 0.004; rss: 169MB	loop checking
time: 0.004; rss: 169MB	static item recursion checking
time: 0.030; rss: 176MB	type collecting
time: 0.008; rss: 176MB	variance inference
time: 0.131; rss: 215MB	coherence checking
time: 0.026; rss: 221MB	wf checking (old)
time: 0.099; rss: 225MB	item-types checking
time: 3.171; rss: 305MB	item-bodies checking
time: 0.000; rss: 305MB	drop-impl checking
time: 0.059; rss: 305MB	wf checking (new)
time: 0.172; rss: 305MB	const checking
time: 0.036; rss: 305MB	privacy checking
time: 0.000; rss: 305MB	stability index
time: 0.009; rss: 305MB	intrinsic checking
time: 0.008; rss: 305MB	effect checking
time: 0.023; rss: 306MB	match checking
time: 0.023; rss: 310MB	liveness checking
time: 0.229; rss: 310MB	borrow checking
time: 0.167; rss: 310MB	rvalue checking
time: 0.001; rss: 310MB	reachability checking
time: 0.025; rss: 310MB	death checking
time: 0.037; rss: 310MB	stability checking
time: 0.000; rss: 310MB	unused lib feature checking
time: 0.110; rss: 310MB	lint checking
time: 0.002; rss: 310MB	resolving dependency formats
time: 4.758; rss: 622MB	translation
  time: 1.571; rss: 384MB	llvm function passes
  time: 34.231; rss: 450MB	llvm module passes
  time: 9.624; rss: 466MB	codegen passes
  time: 0.001; rss: 407MB	codegen passes
time: 46.243; rss: 407MB	LLVM passes
  time: 0.128; rss: 414MB	running linker
time: 0.482; rss: 413MB	linking
rustc: x86_64-unknown-linux-gnu/stage2/lib/rustlib/x86_64-unknown-linux-gnu/lib/librustc_borrowck
time: 0.014; rss: 37MB	parsing
time: 0.004; rss: 37MB	configuration 1
time: 0.000; rss: 37MB	recursion limit
time: 0.000; rss: 37MB	gated macro checking
time: 0.000; rss: 37MB	crate injection
time: 0.004; rss: 39MB	macro loading
time: 0.000; rss: 39MB	plugin loading
time: 0.000; rss: 39MB	plugin registration
time: 0.061; rss: 45MB	expansion
time: 0.001; rss: 45MB	complete gated feature checking 1
time: 0.009; rss: 45MB	configuration 2
time: 0.000; rss: 45MB	gated configuration checking
time: 0.005; rss: 45MB	maybe building test harness
time: 0.004; rss: 45MB	prelude injection
time: 0.000; rss: 45MB	checking that all macro invocations are gone
time: 0.000; rss: 45MB	checking for inline asm in case the target doesn't support it
time: 0.001; rss: 45MB	complete gated feature checking 2
time: 0.005; rss: 48MB	assigning node ids and indexing ast
time: 0.031; rss: 79MB	external crate/lib resolution
time: 0.001; rss: 79MB	language item collection
time: 0.024; rss: 115MB	resolution
time: 0.001; rss: 115MB	lifetime resolution
time: 0.000; rss: 115MB	looking for entry point
time: 0.000; rss: 115MB	looking for plugin registrar
time: 0.004; rss: 118MB	region resolution
time: 0.001; rss: 118MB	loop checking
time: 0.000; rss: 118MB	static item recursion checking
time: 0.012; rss: 125MB	type collecting
time: 0.001; rss: 125MB	variance inference
time: 0.066; rss: 158MB	coherence checking
time: 0.007; rss: 158MB	wf checking (old)
time: 0.024; rss: 158MB	item-types checking
time: 0.522; rss: 199MB	item-bodies checking
time: 0.000; rss: 199MB	drop-impl checking
time: 0.012; rss: 199MB	wf checking (new)
time: 0.031; rss: 199MB	const checking
time: 0.004; rss: 199MB	privacy checking
time: 0.000; rss: 199MB	stability index
time: 0.001; rss: 199MB	intrinsic checking
time: 0.001; rss: 199MB	effect checking
time: 0.005; rss: 199MB	match checking
time: 0.003; rss: 199MB	liveness checking
time: 0.042; rss: 199MB	borrow checking
time: 0.026; rss: 199MB	rvalue checking
time: 0.000; rss: 199MB	reachability checking
time: 0.003; rss: 199MB	death checking
time: 0.006; rss: 199MB	stability checking
time: 0.000; rss: 199MB	unused lib feature checking
time: 0.022; rss: 199MB	lint checking
time: 0.002; rss: 199MB	resolving dependency formats
time: 0.809; rss: 270MB	translation
  time: 0.277; rss: 199MB	llvm function passes
  time: 4.480; rss: 207MB	llvm module passes
  time: 1.714; rss: 221MB	codegen passes
  time: 0.001; rss: 217MB	codegen passes
time: 6.583; rss: 217MB	LLVM passes
  time: 0.050; rss: 223MB	running linker
time: 0.111; rss: 218MB	linking
rustc: x86_64-unknown-linux-gnu/stage2/lib/rustlib/x86_64-unknown-linux-gnu/lib/librustc_resolve
time: 0.018; rss: 40MB	parsing
time: 0.006; rss: 40MB	configuration 1
time: 0.000; rss: 40MB	recursion limit
time: 0.000; rss: 40MB	gated macro checking
time: 0.000; rss: 40MB	crate injection
time: 0.005; rss: 44MB	macro loading
time: 0.000; rss: 44MB	plugin loading
time: 0.000; rss: 44MB	plugin registration
time: 0.080; rss: 49MB	expansion
time: 0.002; rss: 49MB	complete gated feature checking 1
time: 0.012; rss: 49MB	configuration 2
time: 0.000; rss: 49MB	gated configuration checking
time: 0.006; rss: 49MB	maybe building test harness
time: 0.006; rss: 49MB	prelude injection
time: 0.000; rss: 49MB	checking that all macro invocations are gone
time: 0.000; rss: 49MB	checking for inline asm in case the target doesn't support it
time: 0.001; rss: 49MB	complete gated feature checking 2
time: 0.007; rss: 49MB	assigning node ids and indexing ast
time: 0.033; rss: 81MB	external crate/lib resolution
time: 0.001; rss: 85MB	language item collection
time: 0.035; rss: 117MB	resolution
time: 0.001; rss: 119MB	lifetime resolution
time: 0.000; rss: 119MB	looking for entry point
time: 0.000; rss: 119MB	looking for plugin registrar
time: 0.007; rss: 124MB	region resolution
time: 0.001; rss: 124MB	loop checking
time: 0.001; rss: 124MB	static item recursion checking
time: 0.009; rss: 128MB	type collecting
time: 0.001; rss: 128MB	variance inference
time: 0.073; rss: 167MB	coherence checking
time: 0.006; rss: 167MB	wf checking (old)
time: 0.020; rss: 167MB	item-types checking
time: 0.643; rss: 206MB	item-bodies checking
time: 0.000; rss: 206MB	drop-impl checking
time: 0.014; rss: 206MB	wf checking (new)
time: 0.040; rss: 206MB	const checking
time: 0.005; rss: 206MB	privacy checking
time: 0.000; rss: 206MB	stability index
time: 0.002; rss: 206MB	intrinsic checking
time: 0.001; rss: 206MB	effect checking
time: 0.006; rss: 206MB	match checking
time: 0.005; rss: 206MB	liveness checking
time: 0.058; rss: 206MB	borrow checking
time: 0.032; rss: 206MB	rvalue checking
time: 0.000; rss: 206MB	reachability checking
time: 0.005; rss: 206MB	death checking
time: 0.008; rss: 206MB	stability checking
time: 0.000; rss: 206MB	unused lib feature checking
time: 0.031; rss: 211MB	lint checking
time: 0.002; rss: 211MB	resolving dependency formats
time: 1.301; rss: 322MB	translation
  time: 0.487; rss: 230MB	llvm function passes
  time: 7.481; rss: 242MB	llvm module passes
  time: 2.241; rss: 243MB	codegen passes
  time: 0.001; rss: 233MB	codegen passes
time: 10.386; rss: 233MB	LLVM passes
  time: 0.096; rss: 237MB	running linker
time: 0.179; rss: 234MB	linking
rustc: x86_64-unknown-linux-gnu/stage2/lib/rustlib/x86_64-unknown-linux-gnu/lib/librustc_trans
time: 0.117; rss: 71MB	parsing
time: 0.041; rss: 71MB	configuration 1
time: 0.000; rss: 71MB	recursion limit
time: 0.003; rss: 71MB	gated macro checking
time: 0.000; rss: 71MB	crate injection
time: 0.007; rss: 73MB	macro loading
time: 0.000; rss: 73MB	plugin loading
time: 0.000; rss: 73MB	plugin registration
time: 0.463; rss: 83MB	expansion
time: 0.012; rss: 83MB	complete gated feature checking 1
time: 0.068; rss: 83MB	configuration 2
time: 0.000; rss: 83MB	gated configuration checking
time: 0.035; rss: 83MB	maybe building test harness
time: 0.033; rss: 83MB	prelude injection
time: 0.006; rss: 83MB	checking that all macro invocations are gone
time: 0.000; rss: 83MB	checking for inline asm in case the target doesn't support it
time: 0.012; rss: 83MB	complete gated feature checking 2
time: 0.044; rss: 92MB	assigning node ids and indexing ast
time: 0.031; rss: 124MB	external crate/lib resolution
time: 0.012; rss: 124MB	language item collection
time: 0.168; rss: 193MB	resolution
time: 0.010; rss: 187MB	lifetime resolution
time: 0.000; rss: 187MB	looking for entry point
time: 0.006; rss: 187MB	looking for plugin registrar
time: 0.044; rss: 203MB	region resolution
time: 0.006; rss: 203MB	loop checking
time: 0.006; rss: 203MB	static item recursion checking
time: 0.042; rss: 206MB	type collecting
time: 0.012; rss: 206MB	variance inference
time: 0.138; rss: 250MB	coherence checking
time: 0.033; rss: 250MB	wf checking (old)
time: 0.101; rss: 256MB	item-types checking
time: 3.672; rss: 352MB	item-bodies checking
time: 0.000; rss: 352MB	drop-impl checking
time: 0.071; rss: 352MB	wf checking (new)
time: 0.206; rss: 352MB	const checking
time: 0.053; rss: 352MB	privacy checking
time: 0.001; rss: 352MB	stability index
time: 0.014; rss: 352MB	intrinsic checking
time: 0.013; rss: 352MB	effect checking
time: 0.034; rss: 352MB	match checking
time: 0.037; rss: 360MB	liveness checking
time: 0.326; rss: 356MB	borrow checking
time: 0.180; rss: 365MB	rvalue checking
time: 0.001; rss: 365MB	reachability checking
time: 0.037; rss: 365MB	death checking
time: 0.050; rss: 365MB	stability checking
time: 0.000; rss: 365MB	unused lib feature checking
time: 0.148; rss: 365MB	lint checking
time: 0.002; rss: 365MB	resolving dependency formats
time: 4.791; rss: 672MB	translation
  time: 1.683; rss: 402MB	llvm function passes
  time: 32.397; rss: 450MB	llvm module passes
  time: 10.807; rss: 475MB	codegen passes
  time: 0.001; rss: 400MB	codegen passes
time: 45.759; rss: 400MB	LLVM passes
  time: 0.134; rss: 404MB	running linker
time: 0.515; rss: 410MB	linking
rustc: x86_64-unknown-linux-gnu/stage2/lib/rustlib/x86_64-unknown-linux-gnu/lib/librustc_privacy
time: 0.005; rss: 35MB	parsing
time: 0.001; rss: 35MB	configuration 1
time: 0.000; rss: 35MB	recursion limit
time: 0.000; rss: 35MB	gated macro checking
time: 0.000; rss: 35MB	crate injection
time: 0.004; rss: 37MB	macro loading
time: 0.000; rss: 37MB	plugin loading
time: 0.000; rss: 37MB	plugin registration
time: 0.016; rss: 40MB	expansion
time: 0.000; rss: 40MB	complete gated feature checking 1
time: 0.002; rss: 40MB	configuration 2
time: 0.000; rss: 40MB	gated configuration checking
time: 0.001; rss: 40MB	maybe building test harness
time: 0.001; rss: 40MB	prelude injection
time: 0.000; rss: 40MB	checking that all macro invocations are gone
time: 0.000; rss: 40MB	checking for inline asm in case the target doesn't support it
time: 0.000; rss: 40MB	complete gated feature checking 2
time: 0.001; rss: 40MB	assigning node ids and indexing ast
time: 0.033; rss: 76MB	external crate/lib resolution
time: 0.000; rss: 76MB	language item collection
time: 0.011; rss: 101MB	resolution
time: 0.000; rss: 101MB	lifetime resolution
time: 0.000; rss: 101MB	looking for entry point
time: 0.000; rss: 101MB	looking for plugin registrar
time: 0.001; rss: 101MB	region resolution
time: 0.000; rss: 101MB	loop checking
time: 0.000; rss: 101MB	static item recursion checking
time: 0.007; rss: 108MB	type collecting
time: 0.000; rss: 108MB	variance inference
time: 0.020; rss: 125MB	coherence checking
time: 0.001; rss: 125MB	wf checking (old)
time: 0.007; rss: 125MB	item-types checking
time: 0.231; rss: 171MB	item-bodies checking
time: 0.000; rss: 171MB	drop-impl checking
time: 0.002; rss: 171MB	wf checking (new)
time: 0.008; rss: 171MB	const checking
time: 0.001; rss: 171MB	privacy checking
time: 0.000; rss: 171MB	stability index
time: 0.000; rss: 171MB	intrinsic checking
time: 0.000; rss: 171MB	effect checking
time: 0.001; rss: 171MB	match checking
time: 0.001; rss: 171MB	liveness checking
time: 0.012; rss: 171MB	borrow checking
time: 0.004; rss: 171MB	rvalue checking
time: 0.000; rss: 171MB	reachability checking
time: 0.001; rss: 171MB	death checking
time: 0.002; rss: 171MB	stability checking
time: 0.000; rss: 171MB	unused lib feature checking
time: 0.005; rss: 171MB	lint checking
time: 0.002; rss: 171MB	resolving dependency formats
time: 0.545; rss: 230MB	translation
  time: 0.163; rss: 180MB	llvm function passes
  time: 1.408; rss: 183MB	llvm module passes
  time: 0.422; rss: 183MB	codegen passes
  time: 0.001; rss: 184MB	codegen passes
time: 2.024; rss: 184MB	LLVM passes
  time: 0.044; rss: 190MB	running linker
time: 0.063; rss: 187MB	linking
rustc: x86_64-unknown-linux-gnu/stage2/lib/rustlib/x86_64-unknown-linux-gnu/lib/librustc_lint
time: 0.009; rss: 36MB	parsing
time: 0.003; rss: 36MB	configuration 1
time: 0.000; rss: 36MB	recursion limit
time: 0.000; rss: 36MB	gated macro checking
time: 0.000; rss: 36MB	crate injection
time: 0.034; rss: 75MB	macro loading
time: 0.000; rss: 75MB	plugin loading
time: 0.000; rss: 75MB	plugin registration
time: 0.027; rss: 77MB	expansion
time: 0.000; rss: 77MB	complete gated feature checking 1
time: 0.004; rss: 77MB	configuration 2
time: 0.000; rss: 77MB	gated configuration checking
time: 0.002; rss: 77MB	maybe building test harness
time: 0.002; rss: 77MB	prelude injection
time: 0.000; rss: 77MB	checking that all macro invocations are gone
time: 0.000; rss: 77MB	checking for inline asm in case the target doesn't support it
time: 0.000; rss: 77MB	complete gated feature checking 2
time: 0.002; rss: 78MB	assigning node ids and indexing ast
time: 0.003; rss: 77MB	external crate/lib resolution
time: 0.000; rss: 77MB	language item collection
time: 0.018; rss: 109MB	resolution
time: 0.000; rss: 109MB	lifetime resolution
time: 0.000; rss: 109MB	looking for entry point
time: 0.000; rss: 109MB	looking for plugin registrar
time: 0.002; rss: 111MB	region resolution
time: 0.000; rss: 111MB	loop checking
time: 0.000; rss: 111MB	static item recursion checking
time: 0.009; rss: 117MB	type collecting
time: 0.000; rss: 117MB	variance inference
time: 0.055; rss: 146MB	coherence checking
time: 0.003; rss: 146MB	wf checking (old)
time: 0.016; rss: 148MB	item-types checking
time: 0.255; rss: 180MB	item-bodies checking
time: 0.000; rss: 180MB	drop-impl checking
time: 0.006; rss: 180MB	wf checking (new)
time: 0.015; rss: 180MB	const checking
time: 0.001; rss: 180MB	privacy checking
time: 0.000; rss: 180MB	stability index
time: 0.000; rss: 180MB	intrinsic checking
time: 0.000; rss: 180MB	effect checking
time: 0.002; rss: 180MB	match checking
time: 0.001; rss: 182MB	liveness checking
time: 0.017; rss: 182MB	borrow checking
time: 0.007; rss: 182MB	rvalue checking
time: 0.000; rss: 182MB	reachability checking
time: 0.001; rss: 182MB	death checking
time: 0.004; rss: 182MB	stability checking
time: 0.000; rss: 182MB	unused lib feature checking
time: 0.009; rss: 182MB	lint checking
time: 0.002; rss: 182MB	resolving dependency formats
time: 0.851; rss: 264MB	translation
  time: 0.269; rss: 196MB	llvm function passes
  time: 2.849; rss: 201MB	llvm module passes
  time: 0.965; rss: 217MB	codegen passes
  time: 0.001; rss: 211MB	codegen passes
time: 4.154; rss: 211MB	LLVM passes
  time: 0.099; rss: 215MB	running linker
time: 0.141; rss: 211MB	linking
rustc: x86_64-unknown-linux-gnu/stage2/lib/rustlib/x86_64-unknown-linux-gnu/lib/librustc_driver
time: 0.011; rss: 37MB	parsing
time: 0.003; rss: 37MB	configuration 1
time: 0.000; rss: 37MB	recursion limit
time: 0.000; rss: 37MB	gated macro checking
time: 0.000; rss: 37MB	crate injection
time: 0.004; rss: 40MB	macro loading
time: 0.000; rss: 40MB	plugin loading
time: 0.000; rss: 40MB	plugin registration
time: 0.027; rss: 42MB	expansion
time: 0.000; rss: 42MB	complete gated feature checking 1
time: 0.004; rss: 42MB	configuration 2
time: 0.000; rss: 42MB	gated configuration checking
time: 0.002; rss: 42MB	maybe building test harness
time: 0.002; rss: 42MB	prelude injection
time: 0.000; rss: 42MB	checking that all macro invocations are gone
time: 0.000; rss: 42MB	checking for inline asm in case the target doesn't support it
time: 0.000; rss: 42MB	complete gated feature checking 2
time: 0.002; rss: 43MB	assigning node ids and indexing ast
time: 0.034; rss: 80MB	external crate/lib resolution
time: 0.000; rss: 80MB	language item collection
time: 0.024; rss: 124MB	resolution
time: 0.000; rss: 124MB	lifetime resolution
time: 0.000; rss: 124MB	looking for entry point
time: 0.000; rss: 124MB	looking for plugin registrar
time: 0.002; rss: 126MB	region resolution
time: 0.000; rss: 126MB	loop checking
time: 0.000; rss: 126MB	static item recursion checking
time: 0.010; rss: 131MB	type collecting
time: 0.000; rss: 131MB	variance inference
time: 0.098; rss: 173MB	coherence checking
time: 0.005; rss: 173MB	wf checking (old)
time: 0.010; rss: 175MB	item-types checking
time: 0.346; rss: 198MB	item-bodies checking
time: 0.000; rss: 198MB	drop-impl checking
time: 0.008; rss: 198MB	wf checking (new)
time: 0.022; rss: 198MB	const checking
time: 0.002; rss: 198MB	privacy checking
time: 0.000; rss: 198MB	stability index
time: 0.001; rss: 198MB	intrinsic checking
time: 0.000; rss: 198MB	effect checking
time: 0.002; rss: 198MB	match checking
time: 0.001; rss: 198MB	liveness checking
time: 0.022; rss: 198MB	borrow checking
time: 0.017; rss: 198MB	rvalue checking
time: 0.000; rss: 198MB	reachability checking
time: 0.001; rss: 198MB	death checking
time: 0.004; rss: 198MB	stability checking
time: 0.000; rss: 198MB	unused lib feature checking
time: 0.009; rss: 198MB	lint checking
time: 0.002; rss: 198MB	resolving dependency formats
time: 2.889; rss: 434MB	translation
  time: 1.223; rss: 332MB	llvm function passes
  time: 35.338; rss: 377MB	llvm module passes
  time: 13.580; rss: 439MB	codegen passes
  time: 0.001; rss: 332MB	codegen passes
time: 50.879; rss: 332MB	LLVM passes
  time: 0.112; rss: 335MB	running linker
time: 0.468; rss: 332MB	linking
rustc: x86_64-unknown-linux-gnu/stage2/lib/rustlib/x86_64-unknown-linux-gnu/lib/librustdoc
time: 0.036; rss: 44MB	parsing
time: 0.013; rss: 44MB	configuration 1
time: 0.000; rss: 44MB	recursion limit
time: 0.001; rss: 44MB	gated macro checking
time: 0.000; rss: 44MB	crate injection
time: 0.004; rss: 46MB	macro loading
time: 0.000; rss: 46MB	plugin loading
time: 0.000; rss: 46MB	plugin registration
time: 0.187; rss: 59MB	expansion
time: 0.006; rss: 59MB	complete gated feature checking 1
time: 0.037; rss: 59MB	configuration 2
time: 0.000; rss: 59MB	gated configuration checking
time: 0.019; rss: 59MB	maybe building test harness
time: 0.018; rss: 59MB	prelude injection
time: 0.002; rss: 59MB	checking that all macro invocations are gone
time: 0.000; rss: 59MB	checking for inline asm in case the target doesn't support it
time: 0.005; rss: 59MB	complete gated feature checking 2
time: 0.022; rss: 61MB	assigning node ids and indexing ast
time: 0.040; rss: 99MB	external crate/lib resolution
time: 0.005; rss: 99MB	language item collection
time: 0.077; rss: 154MB	resolution
time: 0.005; rss: 152MB	lifetime resolution
time: 0.000; rss: 152MB	looking for entry point
time: 0.003; rss: 152MB	looking for plugin registrar
time: 0.020; rss: 161MB	region resolution
time: 0.003; rss: 161MB	loop checking
time: 0.003; rss: 161MB	static item recursion checking
time: 0.023; rss: 168MB	type collecting
time: 0.005; rss: 168MB	variance inference
time: 0.075; rss: 198MB	coherence checking
time: 0.020; rss: 198MB	wf checking (old)
time: 0.056; rss: 204MB	item-types checking
time: 2.351; rss: 279MB	item-bodies checking
time: 0.000; rss: 279MB	drop-impl checking
time: 0.093; rss: 279MB	wf checking (new)
time: 0.215; rss: 281MB	const checking
time: 0.021; rss: 281MB	privacy checking
time: 0.000; rss: 281MB	stability index
time: 0.005; rss: 281MB	intrinsic checking
time: 0.005; rss: 281MB	effect checking
time: 0.021; rss: 281MB	match checking
time: 0.017; rss: 281MB	liveness checking
time: 0.406; rss: 281MB	borrow checking
time: 0.295; rss: 281MB	rvalue checking
time: 0.003; rss: 281MB	reachability checking
time: 0.018; rss: 281MB	death checking
time: 0.025; rss: 281MB	stability checking
time: 0.000; rss: 281MB	unused lib feature checking
time: 0.078; rss: 281MB	lint checking
time: 0.002; rss: 281MB	resolving dependency formats
time: 5.502; rss: 583MB	translation
  time: 1.591; rss: 386MB	llvm function passes
  time: 39.435; rss: 453MB	llvm module passes
  time: 12.664; rss: 498MB	codegen passes
  time: 0.001; rss: 416MB	codegen passes
time: 54.546; rss: 416MB	LLVM passes
  time: 0.139; rss: 418MB	running linker
time: 0.541; rss: 421MB	linking
rustc: x86_64-unknown-linux-gnu/stage1/lib/rustlib/x86_64-unknown-linux-gnu/bin/rustbook
cp: x86_64-unknown-linux-gnu/stage2/bin/rustbook
rustbook: doc/book/index.html
rustbook: doc/nomicon/index.html
rustbook: doc/style/index.html
rustc: x86_64-unknown-linux-gnu/stage1/lib/rustlib/x86_64-unknown-linux-gnu/bin/error-index-generator
cp: x86_64-unknown-linux-gnu/stage2/bin/error-index-generator
error-index-generator: doc/error-index.html
rustdoc: doc/not_found.html
rustdoc: doc/index.html
rustdoc: doc/intro.html
rustdoc: doc/tutorial.html
rustdoc: doc/complement-lang-faq.html
rustdoc: doc/complement-design-faq.html
rustdoc: doc/complement-project-faq.html
rustdoc: doc/rustdoc.html
rustdoc: doc/reference.html
rustdoc: doc/grammar.html
rustdoc: doc/guide-crates.html
rustdoc: doc/guide-error-handling.html
rustdoc: doc/guide-ffi.html
rustdoc: doc/guide-macros.html
rustdoc: doc/guide.html
rustdoc: doc/guide-ownership.html
rustdoc: doc/guide-plugins.html
rustdoc: doc/guide-pointers.html
rustdoc: doc/guide-strings.html
rustdoc: doc/guide-tasks.html
rustdoc: doc/guide-testing.html
rustdoc: doc/std/index.html
rustdoc: doc/alloc/index.html
rustdoc: doc/collections/index.html
rustdoc: doc/core/index.html
rustdoc: doc/libc/index.html
rustdoc: doc/rustc_unicode/index.html
