commit 1a3cffbddfa21aac6fabd2f07f86703fbf1f26a5
Merge: f76d9bc 279ec9b
Author: bors <bors@rust-lang.org>
Date:   Thu May 28 02:17:48 2015 +0000

    Auto merge of #25824 - alexcrichton:fix-deadlocking-test-on-windows, r=nikomatsakis
    
    Windows tests can often deadlock if a child thread continues after the main
    thread and then panics, and a `println!` executed in a child thread after the
    main thread has exited is at risk of panicking.
cfg: version 1.2.0-dev (1a3cffbdd 2015-05-28) (built 2015-05-27)
cfg: build triple x86_64-unknown-linux-gnu
cfg: host triples x86_64-unknown-linux-gnu
cfg: target triples x86_64-unknown-linux-gnu
cfg: host for x86_64-unknown-linux-gnu is x86_64
cfg: os for x86_64-unknown-linux-gnu is unknown-linux-gnu
cfg: good valgrind for x86_64-unknown-linux-gnu is 1
cfg: using CC=gcc (CFG_CC)
cfg: disabling valgrind run-pass tests
cfg: no xelatex found, disabling LaTeX docs
cfg: no pandoc found, omitting PDF and EPUB docs
rustc: x86_64-unknown-linux-gnu/stage0/lib/rustlib/x86_64-unknown-linux-gnu/lib/librustc_trans
rustc: x86_64-unknown-linux-gnu/stage0/lib/rustlib/x86_64-unknown-linux-gnu/lib/librustc_driver
rustc: x86_64-unknown-linux-gnu/stage0/lib/rustlib/x86_64-unknown-linux-gnu/bin/rustc
cp: x86_64-unknown-linux-gnu/stage1/lib/librustc_trans
cp: x86_64-unknown-linux-gnu/stage1/lib/librustc_driver
cp: x86_64-unknown-linux-gnu/stage1/bin/rustc
rustc: x86_64-unknown-linux-gnu/stage1/lib/rustlib/x86_64-unknown-linux-gnu/lib/libcore
rustc: x86_64-unknown-linux-gnu/stage1/lib/rustlib/x86_64-unknown-linux-gnu/lib/liblibc
rustc: x86_64-unknown-linux-gnu/stage1/lib/rustlib/x86_64-unknown-linux-gnu/lib/librand
rustc: x86_64-unknown-linux-gnu/stage1/lib/rustlib/x86_64-unknown-linux-gnu/lib/liballoc
rustc: x86_64-unknown-linux-gnu/stage1/lib/rustlib/x86_64-unknown-linux-gnu/lib/librustc_unicode
rustc: x86_64-unknown-linux-gnu/stage1/lib/rustlib/x86_64-unknown-linux-gnu/lib/libcollections
rustc: x86_64-unknown-linux-gnu/stage1/lib/rustlib/x86_64-unknown-linux-gnu/lib/librustc_bitflags
rustc: x86_64-unknown-linux-gnu/stage1/lib/rustlib/x86_64-unknown-linux-gnu/lib/libstd
rustc: x86_64-unknown-linux-gnu/stage1/lib/rustlib/x86_64-unknown-linux-gnu/lib/libarena
rustc: x86_64-unknown-linux-gnu/stage1/lib/rustlib/x86_64-unknown-linux-gnu/lib/libflate
rustc: x86_64-unknown-linux-gnu/stage1/lib/rustlib/x86_64-unknown-linux-gnu/lib/libgetopts
rustc: x86_64-unknown-linux-gnu/stage1/lib/rustlib/x86_64-unknown-linux-gnu/lib/libgraphviz
rustc: x86_64-unknown-linux-gnu/stage1/lib/rustlib/x86_64-unknown-linux-gnu/lib/liblog
rustc: x86_64-unknown-linux-gnu/stage1/lib/rustlib/x86_64-unknown-linux-gnu/lib/libterm
rustc: x86_64-unknown-linux-gnu/stage1/lib/rustlib/x86_64-unknown-linux-gnu/lib/libserialize
rustc: x86_64-unknown-linux-gnu/stage1/lib/rustlib/x86_64-unknown-linux-gnu/lib/libfmt_macros
rustc: x86_64-unknown-linux-gnu/stage1/lib/rustlib/x86_64-unknown-linux-gnu/lib/libsyntax
rustc: x86_64-unknown-linux-gnu/stage1/lib/rustlib/x86_64-unknown-linux-gnu/lib/librbml
rustc: x86_64-unknown-linux-gnu/stage1/lib/rustlib/x86_64-unknown-linux-gnu/lib/librustc_llvm
rustc: x86_64-unknown-linux-gnu/stage1/lib/rustlib/x86_64-unknown-linux-gnu/lib/librustc_back
rustc: x86_64-unknown-linux-gnu/stage1/lib/rustlib/x86_64-unknown-linux-gnu/lib/librustc_data_structures
rustc: x86_64-unknown-linux-gnu/stage1/lib/rustlib/x86_64-unknown-linux-gnu/lib/librustc
rustc: x86_64-unknown-linux-gnu/stage1/lib/rustlib/x86_64-unknown-linux-gnu/lib/librustc_borrowck
rustc: x86_64-unknown-linux-gnu/stage1/lib/rustlib/x86_64-unknown-linux-gnu/lib/librustc_typeck
rustc: x86_64-unknown-linux-gnu/stage1/lib/rustlib/x86_64-unknown-linux-gnu/lib/librustc_resolve
rustc: x86_64-unknown-linux-gnu/stage1/lib/rustlib/x86_64-unknown-linux-gnu/lib/librustc_trans
rustc: x86_64-unknown-linux-gnu/stage1/lib/rustlib/x86_64-unknown-linux-gnu/lib/librustc_privacy
rustc: x86_64-unknown-linux-gnu/stage1/lib/rustlib/x86_64-unknown-linux-gnu/lib/librustc_lint
rustc: x86_64-unknown-linux-gnu/stage1/lib/rustlib/x86_64-unknown-linux-gnu/lib/librustc_driver
rustc: x86_64-unknown-linux-gnu/stage1/lib/rustlib/x86_64-unknown-linux-gnu/bin/rustc
cp: x86_64-unknown-linux-gnu/stage2/lib/libstd
cp: x86_64-unknown-linux-gnu/stage2/lib/libarena
cp: x86_64-unknown-linux-gnu/stage2/lib/libflate
cp: x86_64-unknown-linux-gnu/stage2/lib/libgetopts
cp: x86_64-unknown-linux-gnu/stage2/lib/libgraphviz
cp: x86_64-unknown-linux-gnu/stage2/lib/liblog
cp: x86_64-unknown-linux-gnu/stage2/lib/libterm
cp: x86_64-unknown-linux-gnu/stage2/lib/libserialize
cp: x86_64-unknown-linux-gnu/stage2/lib/libfmt_macros
cp: x86_64-unknown-linux-gnu/stage2/lib/libsyntax
cp: x86_64-unknown-linux-gnu/stage2/lib/librbml
cp: x86_64-unknown-linux-gnu/stage2/lib/librustc_llvm
cp: x86_64-unknown-linux-gnu/stage2/lib/librustc_back
cp: x86_64-unknown-linux-gnu/stage2/lib/librustc_data_structures
cp: x86_64-unknown-linux-gnu/stage2/lib/librustc
cp: x86_64-unknown-linux-gnu/stage2/lib/librustc_borrowck
cp: x86_64-unknown-linux-gnu/stage2/lib/librustc_typeck
cp: x86_64-unknown-linux-gnu/stage2/lib/librustc_resolve
cp: x86_64-unknown-linux-gnu/stage2/lib/librustc_trans
cp: x86_64-unknown-linux-gnu/stage2/lib/librustc_privacy
cp: x86_64-unknown-linux-gnu/stage2/lib/librustc_lint
cp: x86_64-unknown-linux-gnu/stage2/lib/librustc_driver
cp: x86_64-unknown-linux-gnu/stage2/bin/rustc
rustc: x86_64-unknown-linux-gnu/stage1/lib/rustlib/x86_64-unknown-linux-gnu/lib/libtest
rustc: x86_64-unknown-linux-gnu/stage1/lib/rustlib/x86_64-unknown-linux-gnu/lib/librustdoc
rustc: x86_64-unknown-linux-gnu/stage1/lib/rustlib/x86_64-unknown-linux-gnu/bin/rustdoc
cp: x86_64-unknown-linux-gnu/stage2/lib/libtest
cp: x86_64-unknown-linux-gnu/stage2/lib/librustdoc
cp: x86_64-unknown-linux-gnu/stage2/bin/rustdoc
rustc: x86_64-unknown-linux-gnu/stage2/lib/rustlib/x86_64-unknown-linux-gnu/lib/libcore
time: 0.069 	parsing
time: 0.024 	configuration 1
time: 0.000 	recursion limit
time: 0.002 	gated macro checking
time: 0.000 	crate injection
time: 0.001 	macro loading
time: 0.000 	plugin loading
time: 0.000 	plugin registration
time: 0.464 	expansion
time: 0.014 	complete gated feature checking 1
time: 0.101 	configuration 2
time: 0.052 	maybe building test harness
time: 0.000 	prelude injection
time: 0.005 	checking that all macro invocations are gone
time: 0.015 	complete gated feature checking 2
time: 0.060 	assigning node ids and indexing ast
time: 0.005 	external crate/lib resolution
time: 0.011 	language item collection
time: 0.091 	resolution
time: 0.012 	lifetime resolution
time: 0.000 	looking for entry point
time: 0.005 	looking for plugin registrar
time: 0.031 	region resolution
time: 0.005 	loop checking
time: 0.005 	static item recursion checking
time: 0.068 	type collecting
time: 0.011 	variance inference
time: 0.681 	coherence checking
time: 5.718 	type checking
time: 0.372 	const checking
time: 0.054 	privacy checking
time: 0.005 	stability index
time: 0.030 	intrinsic checking
time: 0.010 	effect checking
time: 0.093 	match checking
time: 0.025 	liveness checking
time: 0.671 	borrow checking
time: 0.440 	rvalue checking
time: 0.015 	reachability checking
time: 0.035 	death checking
time: 0.028 	stability checking
time: 0.000 	unused lib feature checking
time: 0.129 	lint checking
time: 0.000 	resolving dependency formats
time: 1.658 	translation
  time: 0.187 	llvm function passes
  time: 1.393 	llvm module passes
  time: 1.233 	codegen passes
  time: 0.007 	codegen passes
time: 2.876 	LLVM passes
time: 0.073 	linking
rustc: x86_64-unknown-linux-gnu/stage2/lib/rustlib/x86_64-unknown-linux-gnu/lib/liblibc
time: 0.022 	parsing
time: 0.004 	configuration 1
time: 0.000 	recursion limit
time: 0.000 	gated macro checking
time: 0.000 	crate injection
time: 0.000 	macro loading
time: 0.000 	plugin loading
time: 0.000 	plugin registration
time: 0.009 	expansion
time: 0.000 	complete gated feature checking 1
time: 0.002 	configuration 2
time: 0.001 	maybe building test harness
time: 0.000 	prelude injection
time: 0.000 	checking that all macro invocations are gone
time: 0.000 	complete gated feature checking 2
time: 0.001 	assigning node ids and indexing ast
time: 0.000 	external crate/lib resolution
time: 0.000 	language item collection
time: 0.003 	resolution
time: 0.000 	lifetime resolution
time: 0.000 	looking for entry point
time: 0.000 	looking for plugin registrar
time: 0.000 	region resolution
time: 0.000 	loop checking
time: 0.000 	static item recursion checking
time: 0.001 	type collecting
time: 0.000 	variance inference
time: 0.004 	coherence checking
time: 0.033 	type checking
time: 0.002 	const checking
time: 0.001 	privacy checking
time: 0.000 	stability index
time: 0.000 	intrinsic checking
time: 0.000 	effect checking
time: 0.000 	match checking
time: 0.000 	liveness checking
time: 0.002 	borrow checking
time: 0.001 	rvalue checking
time: 0.000 	reachability checking
time: 0.001 	death checking
time: 0.000 	stability checking
time: 0.000 	unused lib feature checking
time: 0.004 	lint checking
time: 0.000 	resolving dependency formats
time: 0.038 	translation
  time: 0.002 	llvm function passes
  time: 0.008 	llvm module passes
  time: 0.008 	codegen passes
  time: 0.001 	codegen passes
time: 0.021 	LLVM passes
time: 0.004 	linking
rustc: x86_64-unknown-linux-gnu/stage2/lib/rustlib/x86_64-unknown-linux-gnu/lib/librand
time: 0.012 	parsing
time: 0.003 	configuration 1
time: 0.000 	recursion limit
time: 0.000 	gated macro checking
time: 0.000 	crate injection
time: 0.001 	macro loading
time: 0.000 	plugin loading
time: 0.000 	plugin registration
time: 0.025 	expansion
time: 0.000 	complete gated feature checking 1
time: 0.005 	configuration 2
time: 0.003 	maybe building test harness
time: 0.000 	prelude injection
time: 0.000 	checking that all macro invocations are gone
time: 0.000 	complete gated feature checking 2
time: 0.003 	assigning node ids and indexing ast
time: 0.000 	external crate/lib resolution
time: 0.000 	language item collection
time: 0.007 	resolution
time: 0.000 	lifetime resolution
time: 0.000 	looking for entry point
time: 0.000 	looking for plugin registrar
time: 0.001 	region resolution
time: 0.000 	loop checking
time: 0.000 	static item recursion checking
time: 0.003 	type collecting
time: 0.000 	variance inference
time: 0.028 	coherence checking
time: 0.353 	type checking
time: 0.018 	const checking
time: 0.002 	privacy checking
time: 0.000 	stability index
time: 0.001 	intrinsic checking
time: 0.000 	effect checking
time: 0.002 	match checking
time: 0.001 	liveness checking
time: 0.031 	borrow checking
time: 0.018 	rvalue checking
time: 0.000 	reachability checking
time: 0.001 	death checking
time: 0.002 	stability checking
time: 0.000 	unused lib feature checking
time: 0.009 	lint checking
time: 0.000 	resolving dependency formats
time: 0.188 	translation
  time: 0.021 	llvm function passes
  time: 0.121 	llvm module passes
  time: 0.048 	codegen passes
  time: 0.001 	codegen passes
time: 0.195 	LLVM passes
time: 0.006 	linking
rustc: x86_64-unknown-linux-gnu/stage2/lib/rustlib/x86_64-unknown-linux-gnu/lib/liballoc
time: 0.009 	parsing
time: 0.003 	configuration 1
time: 0.000 	recursion limit
time: 0.000 	gated macro checking
time: 0.000 	crate injection
time: 0.001 	macro loading
time: 0.000 	plugin loading
time: 0.000 	plugin registration
time: 0.008 	expansion
time: 0.000 	complete gated feature checking 1
time: 0.002 	configuration 2
time: 0.001 	maybe building test harness
time: 0.000 	prelude injection
time: 0.000 	checking that all macro invocations are gone
time: 0.000 	complete gated feature checking 2
time: 0.001 	assigning node ids and indexing ast
time: 0.000 	external crate/lib resolution
time: 0.000 	language item collection
time: 0.006 	resolution
time: 0.000 	lifetime resolution
time: 0.000 	looking for entry point
time: 0.000 	looking for plugin registrar
time: 0.000 	region resolution
time: 0.000 	loop checking
time: 0.000 	static item recursion checking
time: 0.002 	type collecting
time: 0.000 	variance inference
time: 0.038 	coherence checking
time: 0.068 	type checking
time: 0.010 	const checking
time: 0.000 	privacy checking
time: 0.000 	stability index
time: 0.001 	intrinsic checking
time: 0.000 	effect checking
time: 0.002 	match checking
time: 0.000 	liveness checking
time: 0.015 	borrow checking
time: 0.009 	rvalue checking
time: 0.000 	reachability checking
time: 0.000 	death checking
time: 0.001 	stability checking
time: 0.000 	unused lib feature checking
time: 0.003 	lint checking
time: 0.000 	resolving dependency formats
time: 0.033 	translation
  time: 0.001 	llvm function passes
  time: 0.003 	llvm module passes
  time: 0.006 	codegen passes
  time: 0.001 	codegen passes
time: 0.014 	LLVM passes
time: 0.007 	linking
rustc: x86_64-unknown-linux-gnu/stage2/lib/rustlib/x86_64-unknown-linux-gnu/lib/librustc_unicode
time: 0.076 	parsing
time: 0.017 	configuration 1
time: 0.000 	recursion limit
time: 0.001 	gated macro checking
time: 0.000 	crate injection
time: 0.000 	macro loading
time: 0.000 	plugin loading
time: 0.000 	plugin registration
time: 0.125 	expansion
time: 0.001 	complete gated feature checking 1
time: 0.017 	configuration 2
time: 0.009 	maybe building test harness
time: 0.000 	prelude injection
time: 0.001 	checking that all macro invocations are gone
time: 0.001 	complete gated feature checking 2
time: 0.010 	assigning node ids and indexing ast
time: 0.001 	external crate/lib resolution
time: 0.001 	language item collection
time: 0.010 	resolution
time: 0.001 	lifetime resolution
time: 0.000 	looking for entry point
time: 0.001 	looking for plugin registrar
time: 0.013 	region resolution
time: 0.001 	loop checking
time: 0.001 	static item recursion checking
time: 0.002 	type collecting
time: 0.001 	variance inference
time: 0.037 	coherence checking
time: 0.331 	type checking
time: 0.047 	const checking
time: 0.005 	privacy checking
time: 0.001 	stability index
time: 0.001 	intrinsic checking
time: 0.001 	effect checking
time: 0.002 	match checking
time: 0.001 	liveness checking
time: 0.013 	borrow checking
time: 0.005 	rvalue checking
time: 0.000 	reachability checking
time: 0.003 	death checking
time: 0.002 	stability checking
time: 0.000 	unused lib feature checking
time: 0.026 	lint checking
time: 0.000 	resolving dependency formats
time: 0.479 	translation
  time: 0.021 	llvm function passes
  time: 0.206 	llvm module passes
  time: 0.098 	codegen passes
  time: 0.002 	codegen passes
time: 0.338 	LLVM passes
time: 0.018 	linking
rustc: x86_64-unknown-linux-gnu/stage2/lib/rustlib/x86_64-unknown-linux-gnu/lib/libcollections
time: 0.053 	parsing
time: 0.019 	configuration 1
time: 0.000 	recursion limit
time: 0.001 	gated macro checking
time: 0.000 	crate injection
time: 0.001 	macro loading
time: 0.000 	plugin loading
time: 0.000 	plugin registration
time: 0.121 	expansion
time: 0.004 	complete gated feature checking 1
time: 0.027 	configuration 2
time: 0.014 	maybe building test harness
time: 0.000 	prelude injection
time: 0.001 	checking that all macro invocations are gone
time: 0.003 	complete gated feature checking 2
time: 0.014 	assigning node ids and indexing ast
time: 0.002 	external crate/lib resolution
time: 0.002 	language item collection
time: 0.034 	resolution
time: 0.002 	lifetime resolution
time: 0.000 	looking for entry point
time: 0.001 	looking for plugin registrar
time: 0.009 	region resolution
time: 0.001 	loop checking
time: 0.001 	static item recursion checking
time: 0.016 	type collecting
time: 0.002 	variance inference
time: 0.133 	coherence checking
time: 1.924 	type checking
time: 0.155 	const checking
time: 0.012 	privacy checking
time: 0.001 	stability index
time: 0.007 	intrinsic checking
time: 0.002 	effect checking
time: 0.041 	match checking
time: 0.007 	liveness checking
time: 0.296 	borrow checking
time: 0.238 	rvalue checking
time: 0.004 	reachability checking
time: 0.009 	death checking
time: 0.010 	stability checking
time: 0.000 	unused lib feature checking
time: 0.045 	lint checking
time: 0.000 	resolving dependency formats
time: 1.017 	translation
  time: 0.078 	llvm function passes
  time: 0.811 	llvm module passes
  time: 0.393 	codegen passes
  time: 0.003 	codegen passes
time: 1.325 	LLVM passes
time: 0.047 	linking
rustc: x86_64-unknown-linux-gnu/stage2/lib/rustlib/x86_64-unknown-linux-gnu/lib/librustc_bitflags
time: 0.001 	parsing
time: 0.000 	configuration 1
time: 0.000 	recursion limit
time: 0.000 	gated macro checking
time: 0.000 	crate injection
time: 0.000 	macro loading
time: 0.000 	plugin loading
time: 0.000 	plugin registration
time: 0.000 	expansion
time: 0.000 	complete gated feature checking 1
time: 0.000 	configuration 2
time: 0.000 	maybe building test harness
time: 0.000 	prelude injection
time: 0.000 	checking that all macro invocations are gone
time: 0.000 	complete gated feature checking 2
time: 0.000 	assigning node ids and indexing ast
time: 0.000 	external crate/lib resolution
time: 0.000 	language item collection
time: 0.000 	resolution
time: 0.000 	lifetime resolution
time: 0.000 	looking for entry point
time: 0.000 	looking for plugin registrar
time: 0.000 	region resolution
time: 0.000 	loop checking
time: 0.000 	static item recursion checking
time: 0.000 	type collecting
time: 0.000 	variance inference
time: 0.000 	coherence checking
time: 0.000 	type checking
time: 0.000 	const checking
time: 0.000 	privacy checking
time: 0.000 	stability index
time: 0.000 	intrinsic checking
time: 0.000 	effect checking
time: 0.000 	match checking
time: 0.000 	liveness checking
time: 0.000 	borrow checking
time: 0.000 	rvalue checking
time: 0.000 	reachability checking
time: 0.000 	death checking
time: 0.000 	stability checking
time: 0.000 	unused lib feature checking
time: 0.000 	lint checking
time: 0.000 	resolving dependency formats
time: 0.001 	translation
  time: 0.000 	llvm function passes
  time: 0.000 	llvm module passes
  time: 0.001 	codegen passes
  time: 0.000 	codegen passes
time: 0.003 	LLVM passes
time: 0.003 	linking
rustc: x86_64-unknown-linux-gnu/stage2/lib/rustlib/x86_64-unknown-linux-gnu/lib/libstd
time: 0.151 	parsing
time: 0.049 	configuration 1
time: 0.000 	recursion limit
time: 0.002 	gated macro checking
time: 0.000 	crate injection
time: 0.004 	macro loading
time: 0.000 	plugin loading
time: 0.000 	plugin registration
time: 0.250 	expansion
time: 0.008 	complete gated feature checking 1
time: 0.051 	configuration 2
time: 0.025 	maybe building test harness
time: 0.000 	prelude injection
time: 0.003 	checking that all macro invocations are gone
time: 0.008 	complete gated feature checking 2
time: 0.029 	assigning node ids and indexing ast
time: 0.004 	external crate/lib resolution
time: 0.005 	language item collection
time: 0.069 	resolution
time: 0.006 	lifetime resolution
time: 0.000 	looking for entry point
time: 0.003 	looking for plugin registrar
time: 0.020 	region resolution
time: 0.003 	loop checking
time: 0.003 	static item recursion checking
time: 0.029 	type collecting
time: 0.007 	variance inference
time: 0.118 	coherence checking
time: 1.799 	type checking
time: 0.275 	const checking
time: 0.030 	privacy checking
time: 0.002 	stability index
time: 0.010 	intrinsic checking
time: 0.005 	effect checking
time: 0.043 	match checking
time: 0.015 	liveness checking
time: 0.369 	borrow checking
time: 0.312 	rvalue checking
time: 0.008 	reachability checking
time: 0.020 	death checking
time: 0.022 	stability checking
time: 0.000 	unused lib feature checking
time: 0.096 	lint checking
time: 0.000 	resolving dependency formats
time: 1.879 	translation
  time: 0.297 	llvm function passes
  time: 3.892 	llvm module passes
  time: 1.716 	codegen passes
  time: 0.004 	codegen passes
time: 6.034 	LLVM passes
  time: 0.185 	running linker
time: 0.273 	linking
rustc: x86_64-unknown-linux-gnu/stage2/lib/rustlib/x86_64-unknown-linux-gnu/lib/libflate
time: 0.001 	parsing
time: 0.000 	configuration 1
time: 0.000 	recursion limit
time: 0.000 	gated macro checking
time: 0.000 	crate injection
time: 0.002 	macro loading
time: 0.000 	plugin loading
time: 0.000 	plugin registration
time: 0.002 	expansion
time: 0.000 	complete gated feature checking 1
time: 0.000 	configuration 2
time: 0.000 	maybe building test harness
time: 0.000 	prelude injection
time: 0.000 	checking that all macro invocations are gone
time: 0.000 	complete gated feature checking 2
time: 0.000 	assigning node ids and indexing ast
time: 0.000 	external crate/lib resolution
time: 0.000 	language item collection
time: 0.005 	resolution
time: 0.000 	lifetime resolution
time: 0.000 	looking for entry point
time: 0.000 	looking for plugin registrar
time: 0.000 	region resolution
time: 0.000 	loop checking
time: 0.000 	static item recursion checking
time: 0.000 	type collecting
time: 0.000 	variance inference
time: 0.024 	coherence checking
time: 0.020 	type checking
time: 0.001 	const checking
time: 0.000 	privacy checking
time: 0.000 	stability index
time: 0.000 	intrinsic checking
time: 0.000 	effect checking
time: 0.000 	match checking
time: 0.000 	liveness checking
time: 0.001 	borrow checking
time: 0.001 	rvalue checking
time: 0.000 	reachability checking
time: 0.000 	death checking
time: 0.000 	stability checking
time: 0.000 	unused lib feature checking
time: 0.001 	lint checking
time: 0.000 	resolving dependency formats
time: 0.021 	translation
  time: 0.003 	llvm function passes
  time: 0.008 	llvm module passes
  time: 0.007 	codegen passes
  time: 0.000 	codegen passes
time: 0.021 	LLVM passes
  time: 0.021 	running linker
time: 0.024 	linking
rustc: x86_64-unknown-linux-gnu/stage2/lib/rustlib/x86_64-unknown-linux-gnu/lib/libarena
time: 0.003 	parsing
time: 0.001 	configuration 1
time: 0.000 	recursion limit
time: 0.000 	gated macro checking
time: 0.000 	crate injection
time: 0.002 	macro loading
time: 0.000 	plugin loading
time: 0.000 	plugin registration
time: 0.003 	expansion
time: 0.000 	complete gated feature checking 1
time: 0.001 	configuration 2
time: 0.000 	maybe building test harness
time: 0.000 	prelude injection
time: 0.000 	checking that all macro invocations are gone
time: 0.000 	complete gated feature checking 2
time: 0.000 	assigning node ids and indexing ast
time: 0.000 	external crate/lib resolution
time: 0.000 	language item collection
time: 0.003 	resolution
time: 0.000 	lifetime resolution
time: 0.000 	looking for entry point
time: 0.000 	looking for plugin registrar
time: 0.000 	region resolution
time: 0.000 	loop checking
time: 0.000 	static item recursion checking
time: 0.000 	type collecting
time: 0.000 	variance inference
time: 0.014 	coherence checking
time: 0.095 	type checking
time: 0.005 	const checking
time: 0.000 	privacy checking
time: 0.000 	stability index
time: 0.000 	intrinsic checking
time: 0.000 	effect checking
time: 0.001 	match checking
time: 0.000 	liveness checking
time: 0.005 	borrow checking
time: 0.004 	rvalue checking
time: 0.000 	reachability checking
time: 0.000 	death checking
time: 0.001 	stability checking
time: 0.000 	unused lib feature checking
time: 0.003 	lint checking
time: 0.000 	resolving dependency formats
time: 0.069 	translation
  time: 0.010 	llvm function passes
  time: 0.064 	llvm module passes
  time: 0.028 	codegen passes
  time: 0.000 	codegen passes
time: 0.105 	LLVM passes
  time: 0.016 	running linker
time: 0.021 	linking
rustc: x86_64-unknown-linux-gnu/stage2/lib/rustlib/x86_64-unknown-linux-gnu/lib/liblog
time: 0.003 	parsing
time: 0.001 	configuration 1
time: 0.000 	recursion limit
time: 0.000 	gated macro checking
time: 0.000 	crate injection
time: 0.002 	macro loading
time: 0.000 	plugin loading
time: 0.000 	plugin registration
time: 0.006 	expansion
time: 0.000 	complete gated feature checking 1
time: 0.001 	configuration 2
time: 0.000 	maybe building test harness
time: 0.000 	prelude injection
time: 0.000 	checking that all macro invocations are gone
time: 0.000 	complete gated feature checking 2
time: 0.001 	assigning node ids and indexing ast
time: 0.000 	external crate/lib resolution
time: 0.000 	language item collection
time: 0.004 	resolution
time: 0.000 	lifetime resolution
time: 0.000 	looking for entry point
time: 0.000 	looking for plugin registrar
time: 0.000 	region resolution
time: 0.000 	loop checking
time: 0.000 	static item recursion checking
time: 0.001 	type collecting
time: 0.000 	variance inference
time: 0.020 	coherence checking
time: 0.115 	type checking
time: 0.008 	const checking
time: 0.000 	privacy checking
time: 0.000 	stability index
time: 0.000 	intrinsic checking
time: 0.000 	effect checking
time: 0.000 	match checking
time: 0.000 	liveness checking
time: 0.003 	borrow checking
time: 0.003 	rvalue checking
time: 0.000 	reachability checking
time: 0.000 	death checking
time: 0.001 	stability checking
time: 0.000 	unused lib feature checking
time: 0.002 	lint checking
time: 0.000 	resolving dependency formats
time: 0.168 	translation
  time: 0.028 	llvm function passes
  time: 0.386 	llvm module passes
  time: 0.094 	codegen passes
  time: 0.001 	codegen passes
time: 0.515 	LLVM passes
  time: 0.021 	running linker
time: 0.029 	linking
rustc: x86_64-unknown-linux-gnu/stage2/lib/rustlib/x86_64-unknown-linux-gnu/lib/libterm
time: 0.008 	parsing
time: 0.002 	configuration 1
time: 0.000 	recursion limit
time: 0.000 	gated macro checking
time: 0.000 	crate injection
time: 0.003 	macro loading
time: 0.000 	plugin loading
time: 0.000 	plugin registration
time: 0.021 	expansion
time: 0.000 	complete gated feature checking 1
time: 0.003 	configuration 2
time: 0.002 	maybe building test harness
time: 0.001 	prelude injection
time: 0.000 	checking that all macro invocations are gone
time: 0.000 	complete gated feature checking 2
time: 0.002 	assigning node ids and indexing ast
time: 0.000 	external crate/lib resolution
time: 0.000 	language item collection
time: 0.007 	resolution
time: 0.000 	lifetime resolution
time: 0.000 	looking for entry point
time: 0.000 	looking for plugin registrar
time: 0.001 	region resolution
time: 0.000 	loop checking
time: 0.000 	static item recursion checking
time: 0.001 	type collecting
time: 0.000 	variance inference
time: 0.018 	coherence checking
time: 0.271 	type checking
time: 0.020 	const checking
time: 0.001 	privacy checking
time: 0.000 	stability index
time: 0.000 	intrinsic checking
time: 0.000 	effect checking
time: 0.002 	match checking
time: 0.001 	liveness checking
time: 0.016 	borrow checking
time: 0.012 	rvalue checking
time: 0.000 	reachability checking
time: 0.001 	death checking
time: 0.002 	stability checking
time: 0.000 	unused lib feature checking
time: 0.007 	lint checking
time: 0.000 	resolving dependency formats
time: 0.457 	translation
  time: 0.074 	llvm function passes
  time: 1.083 	llvm module passes
  time: 0.482 	codegen passes
  time: 0.001 	codegen passes
time: 1.669 	LLVM passes
  time: 0.029 	running linker
time: 0.052 	linking
rustc: x86_64-unknown-linux-gnu/stage2/lib/rustlib/x86_64-unknown-linux-gnu/lib/libserialize
time: 0.020 	parsing
time: 0.006 	configuration 1
time: 0.000 	recursion limit
time: 0.000 	gated macro checking
time: 0.000 	crate injection
time: 0.003 	macro loading
time: 0.000 	plugin loading
time: 0.000 	plugin registration
time: 0.078 	expansion
time: 0.002 	complete gated feature checking 1
time: 0.014 	configuration 2
time: 0.007 	maybe building test harness
time: 0.006 	prelude injection
time: 0.000 	checking that all macro invocations are gone
time: 0.001 	complete gated feature checking 2
time: 0.008 	assigning node ids and indexing ast
time: 0.000 	external crate/lib resolution
time: 0.001 	language item collection
time: 0.026 	resolution
time: 0.001 	lifetime resolution
time: 0.000 	looking for entry point
time: 0.001 	looking for plugin registrar
time: 0.005 	region resolution
time: 0.001 	loop checking
time: 0.001 	static item recursion checking
time: 0.008 	type collecting
time: 0.001 	variance inference
time: 0.077 	coherence checking
time: 1.303 	type checking
time: 0.257 	const checking
time: 0.005 	privacy checking
time: 0.000 	stability index
time: 0.003 	intrinsic checking
time: 0.001 	effect checking
time: 0.030 	match checking
time: 0.005 	liveness checking
time: 0.477 	borrow checking
time: 0.314 	rvalue checking
time: 0.002 	reachability checking
time: 0.005 	death checking
time: 0.007 	stability checking
time: 0.000 	unused lib feature checking
time: 0.028 	lint checking
time: 0.000 	resolving dependency formats
time: 0.686 	translation
  time: 0.092 	llvm function passes
  time: 1.768 	llvm module passes
  time: 0.549 	codegen passes
  time: 0.001 	codegen passes
time: 2.448 	LLVM passes
  time: 0.032 	running linker
time: 0.060 	linking
rustc: x86_64-unknown-linux-gnu/stage2/lib/rustlib/x86_64-unknown-linux-gnu/lib/libgetopts
time: 0.006 	parsing
time: 0.002 	configuration 1
time: 0.000 	recursion limit
time: 0.000 	gated macro checking
time: 0.000 	crate injection
time: 0.002 	macro loading
time: 0.000 	plugin loading
time: 0.000 	plugin registration
time: 0.013 	expansion
time: 0.000 	complete gated feature checking 1
time: 0.002 	configuration 2
time: 0.001 	maybe building test harness
time: 0.001 	prelude injection
time: 0.000 	checking that all macro invocations are gone
time: 0.000 	complete gated feature checking 2
time: 0.001 	assigning node ids and indexing ast
time: 0.000 	external crate/lib resolution
time: 0.000 	language item collection
time: 0.006 	resolution
time: 0.000 	lifetime resolution
time: 0.000 	looking for entry point
time: 0.000 	looking for plugin registrar
time: 0.001 	region resolution
time: 0.000 	loop checking
time: 0.000 	static item recursion checking
time: 0.001 	type collecting
time: 0.000 	variance inference
time: 0.019 	coherence checking
time: 0.202 	type checking
time: 0.011 	const checking
time: 0.001 	privacy checking
time: 0.000 	stability index
time: 0.000 	intrinsic checking
time: 0.000 	effect checking
time: 0.001 	match checking
time: 0.001 	liveness checking
time: 0.010 	borrow checking
time: 0.007 	rvalue checking
time: 0.000 	reachability checking
time: 0.001 	death checking
time: 0.001 	stability checking
time: 0.000 	unused lib feature checking
time: 0.005 	lint checking
time: 0.000 	resolving dependency formats
time: 0.409 	translation
  time: 0.052 	llvm function passes
  time: 0.931 	llvm module passes
  time: 0.406 	codegen passes
  time: 0.001 	codegen passes
time: 1.415 	LLVM passes
  time: 0.024 	running linker
time: 0.040 	linking
rustc: x86_64-unknown-linux-gnu/stage2/lib/rustlib/x86_64-unknown-linux-gnu/lib/librbml
time: 0.006 	parsing
time: 0.002 	configuration 1
time: 0.000 	recursion limit
time: 0.000 	gated macro checking
time: 0.000 	crate injection
time: 0.003 	macro loading
time: 0.000 	plugin loading
time: 0.000 	plugin registration
time: 0.023 	expansion
time: 0.000 	complete gated feature checking 1
time: 0.003 	configuration 2
time: 0.002 	maybe building test harness
time: 0.002 	prelude injection
time: 0.000 	checking that all macro invocations are gone
time: 0.000 	complete gated feature checking 2
time: 0.002 	assigning node ids and indexing ast
time: 0.000 	external crate/lib resolution
time: 0.000 	language item collection
time: 0.007 	resolution
time: 0.000 	lifetime resolution
time: 0.000 	looking for entry point
time: 0.000 	looking for plugin registrar
time: 0.002 	region resolution
time: 0.000 	loop checking
time: 0.000 	static item recursion checking
time: 0.002 	type collecting
time: 0.000 	variance inference
time: 0.059 	coherence checking
time: 0.227 	type checking
time: 0.038 	const checking
time: 0.001 	privacy checking
time: 0.000 	stability index
time: 0.001 	intrinsic checking
time: 0.000 	effect checking
time: 0.002 	match checking
time: 0.001 	liveness checking
time: 0.036 	borrow checking
time: 0.029 	rvalue checking
time: 0.000 	reachability checking
time: 0.001 	death checking
time: 0.002 	stability checking
time: 0.000 	unused lib feature checking
time: 0.008 	lint checking
time: 0.000 	resolving dependency formats
time: 0.137 	translation
  time: 0.022 	llvm function passes
  time: 0.206 	llvm module passes
  time: 0.124 	codegen passes
  time: 0.001 	codegen passes
time: 0.361 	LLVM passes
  time: 0.025 	running linker
time: 0.035 	linking
rustc: x86_64-unknown-linux-gnu/stage2/lib/rustlib/x86_64-unknown-linux-gnu/lib/libtest
time: 0.008 	parsing
time: 0.002 	configuration 1
time: 0.000 	recursion limit
time: 0.000 	gated macro checking
time: 0.000 	crate injection
time: 0.002 	macro loading
time: 0.000 	plugin loading
time: 0.000 	plugin registration
time: 0.017 	expansion
time: 0.000 	complete gated feature checking 1
time: 0.003 	configuration 2
time: 0.002 	maybe building test harness
time: 0.002 	prelude injection
time: 0.000 	checking that all macro invocations are gone
time: 0.000 	complete gated feature checking 2
time: 0.002 	assigning node ids and indexing ast
time: 0.001 	external crate/lib resolution
time: 0.000 	language item collection
time: 0.010 	resolution
time: 0.000 	lifetime resolution
time: 0.000 	looking for entry point
time: 0.000 	looking for plugin registrar
time: 0.001 	region resolution
time: 0.000 	loop checking
time: 0.000 	static item recursion checking
time: 0.002 	type collecting
time: 0.000 	variance inference
time: 0.023 	coherence checking
time: 0.292 	type checking
time: 0.027 	const checking
time: 0.001 	privacy checking
time: 0.000 	stability index
time: 0.000 	intrinsic checking
time: 0.000 	effect checking
time: 0.002 	match checking
time: 0.001 	liveness checking
time: 0.022 	borrow checking
time: 0.019 	rvalue checking
time: 0.000 	reachability checking
time: 0.001 	death checking
time: 0.002 	stability checking
time: 0.000 	unused lib feature checking
time: 0.007 	lint checking
time: 0.000 	resolving dependency formats
time: 0.881 	translation
  time: 0.124 	llvm function passes
  time: 2.494 	llvm module passes
  time: 0.827 	codegen passes
  time: 0.001 	codegen passes
time: 3.499 	LLVM passes
  time: 0.029 	running linker
time: 0.065 	linking
rustc: x86_64-unknown-linux-gnu/stage2/lib/rustlib/x86_64-unknown-linux-gnu/lib/libgraphviz
time: 0.003 	parsing
time: 0.001 	configuration 1
time: 0.000 	recursion limit
time: 0.000 	gated macro checking
time: 0.000 	crate injection
time: 0.002 	macro loading
time: 0.000 	plugin loading
time: 0.000 	plugin registration
time: 0.003 	expansion
time: 0.000 	complete gated feature checking 1
time: 0.001 	configuration 2
time: 0.000 	maybe building test harness
time: 0.000 	prelude injection
time: 0.000 	checking that all macro invocations are gone
time: 0.000 	complete gated feature checking 2
time: 0.000 	assigning node ids and indexing ast
time: 0.000 	external crate/lib resolution
time: 0.000 	language item collection
time: 0.003 	resolution
time: 0.000 	lifetime resolution
time: 0.000 	looking for entry point
time: 0.000 	looking for plugin registrar
time: 0.000 	region resolution
time: 0.000 	loop checking
time: 0.000 	static item recursion checking
time: 0.001 	type collecting
time: 0.000 	variance inference
time: 0.017 	coherence checking
time: 0.094 	type checking
time: 0.005 	const checking
time: 0.000 	privacy checking
time: 0.000 	stability index
time: 0.000 	intrinsic checking
time: 0.000 	effect checking
time: 0.001 	match checking
time: 0.000 	liveness checking
time: 0.004 	borrow checking
time: 0.005 	rvalue checking
time: 0.000 	reachability checking
time: 0.000 	death checking
time: 0.001 	stability checking
time: 0.000 	unused lib feature checking
time: 0.001 	lint checking
time: 0.000 	resolving dependency formats
time: 0.065 	translation
  time: 0.009 	llvm function passes
  time: 0.064 	llvm module passes
  time: 0.022 	codegen passes
  time: 0.000 	codegen passes
time: 0.098 	LLVM passes
  time: 0.015 	running linker
time: 0.019 	linking
rustc: x86_64-unknown-linux-gnu/stage2/lib/rustlib/x86_64-unknown-linux-gnu/lib/libfmt_macros
time: 0.002 	parsing
time: 0.001 	configuration 1
time: 0.000 	recursion limit
time: 0.000 	gated macro checking
time: 0.000 	crate injection
time: 0.002 	macro loading
time: 0.000 	plugin loading
time: 0.000 	plugin registration
time: 0.005 	expansion
time: 0.000 	complete gated feature checking 1
time: 0.001 	configuration 2
time: 0.001 	maybe building test harness
time: 0.001 	prelude injection
time: 0.000 	checking that all macro invocations are gone
time: 0.000 	complete gated feature checking 2
time: 0.001 	assigning node ids and indexing ast
time: 0.000 	external crate/lib resolution
time: 0.000 	language item collection
time: 0.003 	resolution
time: 0.000 	lifetime resolution
time: 0.000 	looking for entry point
time: 0.000 	looking for plugin registrar
time: 0.000 	region resolution
time: 0.000 	loop checking
time: 0.000 	static item recursion checking
time: 0.001 	type collecting
time: 0.000 	variance inference
time: 0.062 	coherence checking
time: 0.049 	type checking
time: 0.004 	const checking
time: 0.000 	privacy checking
time: 0.000 	stability index
time: 0.000 	intrinsic checking
time: 0.000 	effect checking
time: 0.001 	match checking
time: 0.000 	liveness checking
time: 0.004 	borrow checking
time: 0.003 	rvalue checking
time: 0.000 	reachability checking
time: 0.000 	death checking
time: 0.001 	stability checking
time: 0.000 	unused lib feature checking
time: 0.002 	lint checking
time: 0.000 	resolving dependency formats
time: 0.093 	translation
  time: 0.015 	llvm function passes
  time: 0.224 	llvm module passes
  time: 0.095 	codegen passes
  time: 0.000 	codegen passes
time: 0.341 	LLVM passes
  time: 0.019 	running linker
time: 0.026 	linking
rustc: x86_64-unknown-linux-gnu/stage2/lib/rustlib/x86_64-unknown-linux-gnu/lib/libsyntax
time: 0.133 	parsing
time: 0.045 	configuration 1
time: 0.000 	recursion limit
time: 0.003 	gated macro checking
time: 0.000 	crate injection
time: 0.006 	macro loading
time: 0.000 	plugin loading
time: 0.000 	plugin registration
time: 0.644 	expansion
time: 0.019 	complete gated feature checking 1
time: 0.121 	configuration 2
time: 0.063 	maybe building test harness
time: 0.058 	prelude injection
time: 0.009 	checking that all macro invocations are gone
time: 0.020 	complete gated feature checking 2
time: 0.079 	assigning node ids and indexing ast
time: 0.010 	external crate/lib resolution
time: 0.018 	language item collection
time: 0.252 	resolution
time: 0.015 	lifetime resolution
time: 0.000 	looking for entry point
time: 0.009 	looking for plugin registrar
time: 0.081 	region resolution
time: 0.009 	loop checking
time: 0.009 	static item recursion checking
time: 0.055 	type collecting
time: 0.019 	variance inference
time: 0.151 	coherence checking
time: 15.578 	type checking
time: 1.856 	const checking
time: 0.090 	privacy checking
time: 0.002 	stability index
time: 0.026 	intrinsic checking
time: 0.023 	effect checking
time: 0.153 	match checking
time: 0.070 	liveness checking
time: 2.740 	borrow checking
time: 1.781 	rvalue checking
time: 0.029 	reachability checking
time: 0.065 	death checking
time: 0.072 	stability checking
time: 0.000 	unused lib feature checking
time: 0.274 	lint checking
time: 0.000 	resolving dependency formats
time: 13.367 	translation
  time: 1.896 	llvm function passes
  time: 46.219 	llvm module passes
  time: 17.790 	codegen passes
  time: 0.007 	codegen passes
time: 67.266 	LLVM passes
  time: 0.171 	running linker
time: 0.809 	linking
rustc: x86_64-unknown-linux-gnu/stage2/lib/rustlib/x86_64-unknown-linux-gnu/lib/librustc_llvm
time: 0.008 	parsing
time: 0.001 	configuration 1
time: 0.000 	recursion limit
time: 0.000 	gated macro checking
time: 0.000 	crate injection
time: 0.003 	macro loading
time: 0.000 	plugin loading
time: 0.000 	plugin registration
time: 0.014 	expansion
time: 0.000 	complete gated feature checking 1
time: 0.003 	configuration 2
time: 0.001 	maybe building test harness
time: 0.002 	prelude injection
time: 0.000 	checking that all macro invocations are gone
time: 0.000 	complete gated feature checking 2
time: 0.002 	assigning node ids and indexing ast
time: 0.000 	external crate/lib resolution
time: 0.000 	language item collection
time: 0.010 	resolution
time: 0.000 	lifetime resolution
time: 0.000 	looking for entry point
time: 0.000 	looking for plugin registrar
time: 0.001 	region resolution
time: 0.000 	loop checking
time: 0.000 	static item recursion checking
time: 0.003 	type collecting
time: 0.000 	variance inference
time: 0.075 	coherence checking
time: 0.121 	type checking
time: 0.008 	const checking
time: 0.001 	privacy checking
time: 0.000 	stability index
time: 0.000 	intrinsic checking
time: 0.000 	effect checking
time: 0.001 	match checking
time: 0.000 	liveness checking
time: 0.006 	borrow checking
time: 0.004 	rvalue checking
time: 0.000 	reachability checking
time: 0.001 	death checking
time: 0.001 	stability checking
time: 0.000 	unused lib feature checking
time: 0.006 	lint checking
time: 0.000 	resolving dependency formats
time: 0.125 	translation
  time: 0.017 	llvm function passes
  time: 0.080 	llvm module passes
  time: 0.057 	codegen passes
  time: 0.001 	codegen passes
time: 0.158 	LLVM passes
  time: 1.303 	running linker
time: 1.536 	linking
rustc: x86_64-unknown-linux-gnu/stage2/lib/rustlib/x86_64-unknown-linux-gnu/lib/librustc_back
time: 0.010 	parsing
time: 0.003 	configuration 1
time: 0.000 	recursion limit
time: 0.000 	gated macro checking
time: 0.000 	crate injection
time: 0.003 	macro loading
time: 0.000 	plugin loading
time: 0.000 	plugin registration
time: 0.036 	expansion
time: 0.001 	complete gated feature checking 1
time: 0.006 	configuration 2
time: 0.003 	maybe building test harness
time: 0.003 	prelude injection
time: 0.000 	checking that all macro invocations are gone
time: 0.000 	complete gated feature checking 2
time: 0.003 	assigning node ids and indexing ast
time: 0.003 	external crate/lib resolution
time: 0.000 	language item collection
time: 0.019 	resolution
time: 0.000 	lifetime resolution
time: 0.000 	looking for entry point
time: 0.000 	looking for plugin registrar
time: 0.002 	region resolution
time: 0.000 	loop checking
time: 0.000 	static item recursion checking
time: 0.002 	type collecting
time: 0.000 	variance inference
time: 0.028 	coherence checking
time: 0.511 	type checking
time: 0.060 	const checking
time: 0.002 	privacy checking
time: 0.000 	stability index
time: 0.001 	intrinsic checking
time: 0.000 	effect checking
time: 0.002 	match checking
time: 0.002 	liveness checking
time: 0.036 	borrow checking
time: 0.028 	rvalue checking
time: 0.000 	reachability checking
time: 0.002 	death checking
time: 0.004 	stability checking
time: 0.000 	unused lib feature checking
time: 0.014 	lint checking
time: 0.000 	resolving dependency formats
time: 1.312 	translation
  time: 0.182 	llvm function passes
  time: 3.395 	llvm module passes
  time: 1.198 	codegen passes
  time: 0.001 	codegen passes
time: 4.878 	LLVM passes
  time: 0.087 	running linker
time: 0.145 	linking
rustc: x86_64-unknown-linux-gnu/stage2/lib/rustlib/x86_64-unknown-linux-gnu/lib/librustc_data_structures
time: 0.005 	parsing
time: 0.001 	configuration 1
time: 0.000 	recursion limit
time: 0.000 	gated macro checking
time: 0.000 	crate injection
time: 0.003 	macro loading
time: 0.000 	plugin loading
time: 0.000 	plugin registration
time: 0.010 	expansion
time: 0.000 	complete gated feature checking 1
time: 0.002 	configuration 2
time: 0.001 	maybe building test harness
time: 0.001 	prelude injection
time: 0.000 	checking that all macro invocations are gone
time: 0.000 	complete gated feature checking 2
time: 0.001 	assigning node ids and indexing ast
time: 0.000 	external crate/lib resolution
time: 0.000 	language item collection
time: 0.006 	resolution
time: 0.000 	lifetime resolution
time: 0.000 	looking for entry point
time: 0.000 	looking for plugin registrar
time: 0.000 	region resolution
time: 0.000 	loop checking
time: 0.000 	static item recursion checking
time: 0.002 	type collecting
time: 0.000 	variance inference
time: 0.065 	coherence checking
time: 0.193 	type checking
time: 0.024 	const checking
time: 0.001 	privacy checking
time: 0.000 	stability index
time: 0.001 	intrinsic checking
time: 0.000 	effect checking
time: 0.006 	match checking
time: 0.000 	liveness checking
time: 0.037 	borrow checking
time: 0.028 	rvalue checking
time: 0.000 	reachability checking
time: 0.001 	death checking
time: 0.001 	stability checking
time: 0.000 	unused lib feature checking
time: 0.003 	lint checking
time: 0.000 	resolving dependency formats
time: 0.073 	translation
  time: 0.005 	llvm function passes
  time: 0.022 	llvm module passes
  time: 0.008 	codegen passes
  time: 0.001 	codegen passes
time: 0.038 	LLVM passes
  time: 0.021 	running linker
time: 0.025 	linking
rustc: x86_64-unknown-linux-gnu/stage2/lib/rustlib/x86_64-unknown-linux-gnu/lib/librustc
time: 0.189 	parsing
time: 0.064 	configuration 1
time: 0.000 	recursion limit
time: 0.004 	gated macro checking
time: 0.000 	crate injection
time: 0.008 	macro loading
time: 0.000 	plugin loading
time: 0.000 	plugin registration
time: 0.854 	expansion
time: 0.025 	complete gated feature checking 1
time: 0.146 	configuration 2
time: 0.076 	maybe building test harness
time: 0.069 	prelude injection
time: 0.011 	checking that all macro invocations are gone
time: 0.026 	complete gated feature checking 2
time: 0.096 	assigning node ids and indexing ast
time: 0.014 	external crate/lib resolution
time: 0.023 	language item collection
time: 0.289 	resolution
time: 0.020 	lifetime resolution
time: 0.000 	looking for entry point
time: 0.011 	looking for plugin registrar
time: 0.091 	region resolution
time: 0.012 	loop checking
time: 0.012 	static item recursion checking
time: 0.074 	type collecting
time: 0.025 	variance inference
time: 0.187 	coherence checking
time: 11.432 	type checking
time: 2.153 	const checking
time: 0.117 	privacy checking
time: 0.003 	stability index
time: 0.034 	intrinsic checking
time: 0.025 	effect checking
time: 0.146 	match checking
time: 0.068 	liveness checking
time: 1.590 	borrow checking
time: 1.327 	rvalue checking
time: 0.027 	reachability checking
time: 0.081 	death checking
time: 0.093 	stability checking
time: 0.000 	unused lib feature checking
time: 0.350 	lint checking
time: 0.000 	resolving dependency formats
time: 26.494 	translation
  time: 3.789 	llvm function passes
  time: 78.519 	llvm module passes
  time: 23.193 	codegen passes
  time: 0.007 	codegen passes
time: 107.810 	LLVM passes
  time: 0.295 	running linker
time: 1.223 	linking
rustc: x86_64-unknown-linux-gnu/stage2/lib/rustlib/x86_64-unknown-linux-gnu/lib/librustc_typeck
time: 0.074 	parsing
time: 0.024 	configuration 1
time: 0.000 	recursion limit
time: 0.002 	gated macro checking
time: 0.000 	crate injection
time: 0.005 	macro loading
time: 0.000 	plugin loading
time: 0.000 	plugin registration
time: 0.319 	expansion
time: 0.009 	complete gated feature checking 1
time: 0.048 	configuration 2
time: 0.025 	maybe building test harness
time: 0.023 	prelude injection
time: 0.003 	checking that all macro invocations are gone
time: 0.008 	complete gated feature checking 2
time: 0.032 	assigning node ids and indexing ast
time: 0.026 	external crate/lib resolution
time: 0.007 	language item collection
time: 0.110 	resolution
time: 0.007 	lifetime resolution
time: 0.000 	looking for entry point
time: 0.003 	looking for plugin registrar
time: 0.027 	region resolution
time: 0.004 	loop checking
time: 0.004 	static item recursion checking
time: 0.020 	type collecting
time: 0.008 	variance inference
time: 0.127 	coherence checking
time: 4.887 	type checking
time: 1.265 	const checking
time: 0.054 	privacy checking
time: 0.000 	stability index
time: 0.011 	intrinsic checking
time: 0.008 	effect checking
time: 0.024 	match checking
time: 0.027 	liveness checking
time: 0.290 	borrow checking
time: 0.320 	rvalue checking
time: 0.001 	reachability checking
time: 0.042 	death checking
time: 0.051 	stability checking
time: 0.000 	unused lib feature checking
time: 0.147 	lint checking
time: 0.000 	resolving dependency formats
time: 12.246 	translation
  time: 1.478 	llvm function passes
  time: 28.361 	llvm module passes
  time: 7.885 	codegen passes
  time: 0.002 	codegen passes
time: 38.475 	LLVM passes
  time: 0.148 	running linker
time: 0.474 	linking
rustc: x86_64-unknown-linux-gnu/stage2/lib/rustlib/x86_64-unknown-linux-gnu/lib/librustc_borrowck
time: 0.015 	parsing
time: 0.004 	configuration 1
time: 0.000 	recursion limit
time: 0.000 	gated macro checking
time: 0.000 	crate injection
time: 0.004 	macro loading
time: 0.000 	plugin loading
time: 0.000 	plugin registration
time: 0.064 	expansion
time: 0.001 	complete gated feature checking 1
time: 0.010 	configuration 2
time: 0.005 	maybe building test harness
time: 0.005 	prelude injection
time: 0.000 	checking that all macro invocations are gone
time: 0.001 	complete gated feature checking 2
time: 0.006 	assigning node ids and indexing ast
time: 0.027 	external crate/lib resolution
time: 0.001 	language item collection
time: 0.027 	resolution
time: 0.001 	lifetime resolution
time: 0.000 	looking for entry point
time: 0.000 	looking for plugin registrar
time: 0.004 	region resolution
time: 0.001 	loop checking
time: 0.000 	static item recursion checking
time: 0.004 	type collecting
time: 0.001 	variance inference
time: 0.055 	coherence checking
time: 0.774 	type checking
time: 0.180 	const checking
time: 0.006 	privacy checking
time: 0.000 	stability index
time: 0.001 	intrinsic checking
time: 0.001 	effect checking
time: 0.006 	match checking
time: 0.004 	liveness checking
time: 0.059 	borrow checking
time: 0.059 	rvalue checking
time: 0.000 	reachability checking
time: 0.005 	death checking
time: 0.008 	stability checking
time: 0.000 	unused lib feature checking
time: 0.025 	lint checking
time: 0.000 	resolving dependency formats
time: 2.049 	translation
  time: 0.297 	llvm function passes
  time: 3.893 	llvm module passes
  time: 1.316 	codegen passes
  time: 0.001 	codegen passes
time: 5.624 	LLVM passes
  time: 0.059 	running linker
time: 0.122 	linking
rustc: x86_64-unknown-linux-gnu/stage2/lib/rustlib/x86_64-unknown-linux-gnu/lib/librustc_resolve
time: 0.019 	parsing
time: 0.006 	configuration 1
time: 0.000 	recursion limit
time: 0.000 	gated macro checking
time: 0.000 	crate injection
time: 0.005 	macro loading
time: 0.000 	plugin loading
time: 0.000 	plugin registration
time: 0.076 	expansion
time: 0.002 	complete gated feature checking 1
time: 0.012 	configuration 2
time: 0.006 	maybe building test harness
time: 0.006 	prelude injection
time: 0.000 	checking that all macro invocations are gone
time: 0.001 	complete gated feature checking 2
time: 0.007 	assigning node ids and indexing ast
time: 0.027 	external crate/lib resolution
time: 0.001 	language item collection
time: 0.036 	resolution
time: 0.001 	lifetime resolution
time: 0.000 	looking for entry point
time: 0.000 	looking for plugin registrar
time: 0.005 	region resolution
time: 0.001 	loop checking
time: 0.000 	static item recursion checking
time: 0.004 	type collecting
time: 0.001 	variance inference
time: 0.057 	coherence checking
time: 0.991 	type checking
time: 0.139 	const checking
time: 0.007 	privacy checking
time: 0.000 	stability index
time: 0.002 	intrinsic checking
time: 0.001 	effect checking
time: 0.006 	match checking
time: 0.005 	liveness checking
time: 0.073 	borrow checking
time: 0.060 	rvalue checking
time: 0.000 	reachability checking
time: 0.005 	death checking
time: 0.008 	stability checking
time: 0.000 	unused lib feature checking
time: 0.030 	lint checking
time: 0.000 	resolving dependency formats
time: 2.654 	translation
  time: 0.441 	llvm function passes
  time: 6.621 	llvm module passes
  time: 2.161 	codegen passes
  time: 0.001 	codegen passes
time: 9.401 	LLVM passes
  time: 0.102 	running linker
time: 0.192 	linking
rustc: x86_64-unknown-linux-gnu/stage2/lib/rustlib/x86_64-unknown-linux-gnu/lib/librustc_trans
time: 0.124 	parsing
time: 0.041 	configuration 1
time: 0.000 	recursion limit
time: 0.003 	gated macro checking
time: 0.000 	crate injection
time: 0.006 	macro loading
time: 0.000 	plugin loading
time: 0.000 	plugin registration
time: 0.460 	expansion
time: 0.012 	complete gated feature checking 1
time: 0.068 	configuration 2
time: 0.036 	maybe building test harness
time: 0.033 	prelude injection
time: 0.005 	checking that all macro invocations are gone
time: 0.012 	complete gated feature checking 2
time: 0.047 	assigning node ids and indexing ast
time: 0.027 	external crate/lib resolution
time: 0.011 	language item collection
time: 0.174 	resolution
time: 0.010 	lifetime resolution
time: 0.000 	looking for entry point
time: 0.006 	looking for plugin registrar
time: 0.043 	region resolution
time: 0.006 	loop checking
time: 0.006 	static item recursion checking
time: 0.031 	type collecting
time: 0.012 	variance inference
time: 0.134 	coherence checking
time: 5.260 	type checking
time: 1.711 	const checking
time: 0.062 	privacy checking
time: 0.001 	stability index
time: 0.016 	intrinsic checking
time: 0.012 	effect checking
time: 0.036 	match checking
time: 0.038 	liveness checking
time: 0.397 	borrow checking
time: 0.389 	rvalue checking
time: 0.001 	reachability checking
time: 0.045 	death checking
time: 0.056 	stability checking
time: 0.000 	unused lib feature checking
time: 0.185 	lint checking
time: 0.000 	resolving dependency formats
time: 11.780 	translation
  time: 1.640 	llvm function passes
  time: 29.103 	llvm module passes
  time: 9.266 	codegen passes
  time: 0.002 	codegen passes
time: 40.817 	LLVM passes
  time: 0.157 	running linker
time: 0.523 	linking
rustc: x86_64-unknown-linux-gnu/stage2/lib/rustlib/x86_64-unknown-linux-gnu/lib/librustc_privacy
time: 0.006 	parsing
time: 0.002 	configuration 1
time: 0.000 	recursion limit
time: 0.000 	gated macro checking
time: 0.000 	crate injection
time: 0.004 	macro loading
time: 0.000 	plugin loading
time: 0.000 	plugin registration
time: 0.017 	expansion
time: 0.000 	complete gated feature checking 1
time: 0.003 	configuration 2
time: 0.001 	maybe building test harness
time: 0.001 	prelude injection
time: 0.000 	checking that all macro invocations are gone
time: 0.000 	complete gated feature checking 2
time: 0.002 	assigning node ids and indexing ast
time: 0.028 	external crate/lib resolution
time: 0.000 	language item collection
time: 0.012 	resolution
time: 0.000 	lifetime resolution
time: 0.000 	looking for entry point
time: 0.000 	looking for plugin registrar
time: 0.001 	region resolution
time: 0.000 	loop checking
time: 0.000 	static item recursion checking
time: 0.001 	type collecting
time: 0.000 	variance inference
time: 0.012 	coherence checking
time: 0.356 	type checking
time: 0.038 	const checking
time: 0.002 	privacy checking
time: 0.000 	stability index
time: 0.000 	intrinsic checking
time: 0.000 	effect checking
time: 0.001 	match checking
time: 0.001 	liveness checking
time: 0.016 	borrow checking
time: 0.010 	rvalue checking
time: 0.000 	reachability checking
time: 0.002 	death checking
time: 0.003 	stability checking
time: 0.000 	unused lib feature checking
time: 0.007 	lint checking
time: 0.000 	resolving dependency formats
time: 1.131 	translation
  time: 0.158 	llvm function passes
  time: 1.167 	llvm module passes
  time: 0.377 	codegen passes
  time: 0.001 	codegen passes
time: 1.736 	LLVM passes
  time: 0.049 	running linker
time: 0.071 	linking
rustc: x86_64-unknown-linux-gnu/stage2/lib/rustlib/x86_64-unknown-linux-gnu/lib/librustc_lint
time: 0.009 	parsing
time: 0.003 	configuration 1
time: 0.000 	recursion limit
time: 0.000 	gated macro checking
time: 0.000 	crate injection
time: 0.030 	macro loading
time: 0.000 	plugin loading
time: 0.000 	plugin registration
time: 0.026 	expansion
time: 0.000 	complete gated feature checking 1
time: 0.004 	configuration 2
time: 0.002 	maybe building test harness
time: 0.002 	prelude injection
time: 0.000 	checking that all macro invocations are gone
time: 0.000 	complete gated feature checking 2
time: 0.003 	assigning node ids and indexing ast
time: 0.000 	external crate/lib resolution
time: 0.000 	language item collection
time: 0.017 	resolution
time: 0.000 	lifetime resolution
time: 0.000 	looking for entry point
time: 0.000 	looking for plugin registrar
time: 0.002 	region resolution
time: 0.000 	loop checking
time: 0.000 	static item recursion checking
time: 0.002 	type collecting
time: 0.000 	variance inference
time: 0.045 	coherence checking
time: 0.376 	type checking
time: 0.054 	const checking
time: 0.003 	privacy checking
time: 0.000 	stability index
time: 0.001 	intrinsic checking
time: 0.000 	effect checking
time: 0.002 	match checking
time: 0.001 	liveness checking
time: 0.022 	borrow checking
time: 0.014 	rvalue checking
time: 0.000 	reachability checking
time: 0.002 	death checking
time: 0.005 	stability checking
time: 0.000 	unused lib feature checking
time: 0.010 	lint checking
time: 0.000 	resolving dependency formats
time: 1.479 	translation
  time: 0.210 	llvm function passes
  time: 1.897 	llvm module passes
  time: 0.683 	codegen passes
  time: 0.001 	codegen passes
time: 2.845 	LLVM passes
  time: 0.102 	running linker
time: 0.139 	linking
rustc: x86_64-unknown-linux-gnu/stage2/lib/rustlib/x86_64-unknown-linux-gnu/lib/librustc_driver
time: 0.013 	parsing
time: 0.004 	configuration 1
time: 0.000 	recursion limit
time: 0.000 	gated macro checking
time: 0.000 	crate injection
time: 0.004 	macro loading
time: 0.000 	plugin loading
time: 0.000 	plugin registration
time: 0.027 	expansion
time: 0.000 	complete gated feature checking 1
time: 0.004 	configuration 2
time: 0.002 	maybe building test harness
time: 0.002 	prelude injection
time: 0.000 	checking that all macro invocations are gone
time: 0.000 	complete gated feature checking 2
time: 0.003 	assigning node ids and indexing ast
time: 0.028 	external crate/lib resolution
time: 0.000 	language item collection
time: 0.025 	resolution
time: 0.000 	lifetime resolution
time: 0.000 	looking for entry point
time: 0.000 	looking for plugin registrar
time: 0.002 	region resolution
time: 0.000 	loop checking
time: 0.000 	static item recursion checking
time: 0.002 	type collecting
time: 0.000 	variance inference
time: 0.092 	coherence checking
time: 0.679 	type checking
time: 0.141 	const checking
time: 0.003 	privacy checking
time: 0.000 	stability index
time: 0.001 	intrinsic checking
time: 0.000 	effect checking
time: 0.002 	match checking
time: 0.001 	liveness checking
time: 0.029 	borrow checking
time: 0.082 	rvalue checking
time: 0.000 	reachability checking
time: 0.003 	death checking
time: 0.006 	stability checking
time: 0.000 	unused lib feature checking
time: 0.014 	lint checking
time: 0.000 	resolving dependency formats
time: 6.017 	translation
  time: 1.011 	llvm function passes
  time: 17.971 	llvm module passes
  time: 4.405 	codegen passes
  time: 0.001 	codegen passes
time: 23.799 	LLVM passes
  time: 0.120 	running linker
time: 0.299 	linking
rustc: x86_64-unknown-linux-gnu/stage2/lib/rustlib/x86_64-unknown-linux-gnu/lib/librustdoc
time: 0.041 	parsing
time: 0.014 	configuration 1
time: 0.000 	recursion limit
time: 0.001 	gated macro checking
time: 0.000 	crate injection
time: 0.003 	macro loading
time: 0.000 	plugin loading
time: 0.000 	plugin registration
time: 0.194 	expansion
time: 0.006 	complete gated feature checking 1
time: 0.039 	configuration 2
time: 0.020 	maybe building test harness
time: 0.018 	prelude injection
time: 0.003 	checking that all macro invocations are gone
time: 0.007 	complete gated feature checking 2
time: 0.025 	assigning node ids and indexing ast
time: 0.034 	external crate/lib resolution
time: 0.006 	language item collection
time: 0.084 	resolution
time: 0.005 	lifetime resolution
time: 0.000 	looking for entry point
time: 0.003 	looking for plugin registrar
time: 0.019 	region resolution
time: 0.003 	loop checking
time: 0.003 	static item recursion checking
time: 0.017 	type collecting
time: 0.006 	variance inference
time: 0.061 	coherence checking
time: 6.304 	type checking
time: 1.163 	const checking
time: 0.029 	privacy checking
time: 0.000 	stability index
time: 0.007 	intrinsic checking
time: 0.005 	effect checking
time: 0.088 	match checking
time: 0.018 	liveness checking
time: 1.617 	borrow checking
time: 1.053 	rvalue checking
time: 0.003 	reachability checking
time: 0.019 	death checking
time: 0.027 	stability checking
time: 0.000 	unused lib feature checking
time: 0.085 	lint checking
time: 0.000 	resolving dependency formats
time: 14.970 	translation
  time: 1.397 	llvm function passes
  time: 35.336 	llvm module passes
  time: 10.365 	codegen passes
  time: 0.002 	codegen passes
time: 47.909 	LLVM passes
  time: 0.150 	running linker
time: 0.545 	linking
rustc: x86_64-unknown-linux-gnu/stage1/lib/rustlib/x86_64-unknown-linux-gnu/bin/rustbook
cp: x86_64-unknown-linux-gnu/stage2/bin/rustbook
rustbook: doc/book/index.html
rustbook: doc/style/index.html
rustdoc: doc/not_found.html
rustdoc: doc/index.html
rustdoc: doc/intro.html
rustdoc: doc/tutorial.html
rustdoc: doc/complement-lang-faq.html
rustdoc: doc/complement-design-faq.html
rustdoc: doc/complement-project-faq.html
rustdoc: doc/rustdoc.html
rustdoc: doc/reference.html
rustdoc: doc/grammar.html
rustdoc: doc/guide-crates.html
rustdoc: doc/guide-error-handling.html
rustdoc: doc/guide-ffi.html
rustdoc: doc/guide-macros.html
rustdoc: doc/guide.html
rustdoc: doc/guide-ownership.html
rustdoc: doc/guide-plugins.html
rustdoc: doc/guide-pointers.html
rustdoc: doc/guide-strings.html
rustdoc: doc/guide-tasks.html
rustdoc: doc/guide-testing.html
rustdoc: doc/std/index.html
rustdoc: doc/alloc/index.html
rustdoc: doc/collections/index.html
rustdoc: doc/core/index.html
rustdoc: doc/libc/index.html
rustdoc: doc/rustc_unicode/index.html
