commit e60aa62ffe7462d48cb44ab33f2551b466745e83
Merge: 00e61d4 df63b0c
Author: bors <bors@rust-lang.org>
Date:   Sat Dec 24 21:14:17 2016 +0000

    Auto merge of #38594 - steveklabnik:rollup, r=steveklabnik
    
    Rollup of 14 pull requests
    
    - Successful merges: #37956, #38013, #38297, #38480, #38497, #38502, #38505, #38513, #38521, #38549, #38554, #38557, #38568, #38572
    - Failed merges:
Synchronizing submodule url for 'src/compiler-rt'
Synchronizing submodule url for 'src/jemalloc'
Synchronizing submodule url for 'src/liblibc'
Synchronizing submodule url for 'src/llvm'
Synchronizing submodule url for 'src/rt/hoedown'
Synchronizing submodule url for 'src/rust-installer'
HEAD is now at a8fc4c1 Merge pull request #28 from xen0n/preprocessor-firefighting
HEAD is now at e058ca6 Change how the default zone is found
HEAD is now at e49e9bb Auto merge of #478 - jackpot51:patch-1, r=alexcrichton
HEAD is now at ceb177e Merge pull request #60 from japaric/gh38406
HEAD is now at a3736a0 Merge pull request #6 from intelfx/patch-1
HEAD is now at 4f99485 Merge pull request #54 from brson/docdir
Building stage0 std artifacts (x86_64-unknown-linux-gnu -> x86_64-unknown-linux-gnu)
Building stage0 test artifacts (x86_64-unknown-linux-gnu -> x86_64-unknown-linux-gnu)
Building stage0 compiler artifacts (x86_64-unknown-linux-gnu -> x86_64-unknown-linux-gnu)
Building stage1 std artifacts (x86_64-unknown-linux-gnu -> x86_64-unknown-linux-gnu)
Building stage1 test artifacts (x86_64-unknown-linux-gnu -> x86_64-unknown-linux-gnu)
Building stage1 compiler artifacts (x86_64-unknown-linux-gnu -> x86_64-unknown-linux-gnu)
Building stage2 std artifacts (x86_64-unknown-linux-gnu -> x86_64-unknown-linux-gnu)
Building stage2 test artifacts (x86_64-unknown-linux-gnu -> x86_64-unknown-linux-gnu)
Building stage2 compiler artifacts (x86_64-unknown-linux-gnu -> x86_64-unknown-linux-gnu)
Build completed in 0:19:14
Synchronizing submodule url for 'src/compiler-rt'
Synchronizing submodule url for 'src/jemalloc'
Synchronizing submodule url for 'src/liblibc'
Synchronizing submodule url for 'src/llvm'
Synchronizing submodule url for 'src/rt/hoedown'
Synchronizing submodule url for 'src/rust-installer'
HEAD is now at a8fc4c1 Merge pull request #28 from xen0n/preprocessor-firefighting
HEAD is now at e058ca6 Change how the default zone is found
HEAD is now at e49e9bb Auto merge of #478 - jackpot51:patch-1, r=alexcrichton
HEAD is now at ceb177e Merge pull request #60 from japaric/gh38406
HEAD is now at a3736a0 Merge pull request #6 from intelfx/patch-1
HEAD is now at 4f99485 Merge pull request #54 from brson/docdir
Building stage0 std artifacts (x86_64-unknown-linux-gnu -> x86_64-unknown-linux-gnu)
Building stage0 test artifacts (x86_64-unknown-linux-gnu -> x86_64-unknown-linux-gnu)
Building stage0 compiler artifacts (x86_64-unknown-linux-gnu -> x86_64-unknown-linux-gnu)
Building stage1 std artifacts (x86_64-unknown-linux-gnu -> x86_64-unknown-linux-gnu)
Building stage1 test artifacts (x86_64-unknown-linux-gnu -> x86_64-unknown-linux-gnu)
Building stage1 compiler artifacts (x86_64-unknown-linux-gnu -> x86_64-unknown-linux-gnu)
Documenting stage2 standalone (x86_64-unknown-linux-gnu)
Building stage2 std artifacts (x86_64-unknown-linux-gnu -> x86_64-unknown-linux-gnu)
Building stage2 test artifacts (x86_64-unknown-linux-gnu -> x86_64-unknown-linux-gnu)
Building stage2 compiler artifacts (x86_64-unknown-linux-gnu -> x86_64-unknown-linux-gnu)
Building stage2 tool error_index_generator (x86_64-unknown-linux-gnu)
Documenting stage2 error index (x86_64-unknown-linux-gnu)
Documenting stage2 std (x86_64-unknown-linux-gnu)
Building stage2 tool rustbook (x86_64-unknown-linux-gnu)
Build completed in 0:00:15
