commit 000000
Author NA
Date:   2015-04-09
cfg: version 1.0.0-dev (built 2015-05-21)
cfg: build triple x86_64-unknown-linux-gnu
cfg: host triples x86_64-unknown-linux-gnu
cfg: target triples x86_64-unknown-linux-gnu
cfg: enabling more debugging (CFG_ENABLE_DEBUG)
cfg: host for x86_64-unknown-linux-gnu is x86_64
cfg: os for x86_64-unknown-linux-gnu is unknown-linux-gnu
cfg: good valgrind for x86_64-unknown-linux-gnu is 1
cfg: using CC=gcc (CFG_CC)
cfg: enabling valgrind run-pass tests (CFG_ENABLE_VALGRIND_RPASS)
cfg: valgrind-rpass command set to 
cfg: no xelatex found, disabling LaTeX docs
cfg: no pandoc found, omitting PDF and EPUB docs
rustc: x86_64-unknown-linux-gnu/stage0/lib/rustlib/x86_64-unknown-linux-gnu/lib/librustc_trans
rustc: x86_64-unknown-linux-gnu/stage0/lib/rustlib/x86_64-unknown-linux-gnu/lib/librustc_driver
rustc: x86_64-unknown-linux-gnu/stage0/lib/rustlib/x86_64-unknown-linux-gnu/bin/rustc
cp: x86_64-unknown-linux-gnu/stage1/lib/librustc_trans
cp: x86_64-unknown-linux-gnu/stage1/lib/librustc_driver
cp: x86_64-unknown-linux-gnu/stage1/bin/rustc
rustc: x86_64-unknown-linux-gnu/stage1/lib/rustlib/x86_64-unknown-linux-gnu/lib/libcore
rustc: x86_64-unknown-linux-gnu/stage1/lib/rustlib/x86_64-unknown-linux-gnu/lib/liblibc
rustc: x86_64-unknown-linux-gnu/stage1/lib/rustlib/x86_64-unknown-linux-gnu/lib/librand
rustc: x86_64-unknown-linux-gnu/stage1/lib/rustlib/x86_64-unknown-linux-gnu/lib/liballoc
rustc: x86_64-unknown-linux-gnu/stage1/lib/rustlib/x86_64-unknown-linux-gnu/lib/libunicode
rustc: x86_64-unknown-linux-gnu/stage1/lib/rustlib/x86_64-unknown-linux-gnu/lib/libcollections
rustc: x86_64-unknown-linux-gnu/stage1/lib/rustlib/x86_64-unknown-linux-gnu/lib/librustc_bitflags
rustc: x86_64-unknown-linux-gnu/stage1/lib/rustlib/x86_64-unknown-linux-gnu/lib/libstd
rustc: x86_64-unknown-linux-gnu/stage1/lib/rustlib/x86_64-unknown-linux-gnu/lib/libarena
rustc: x86_64-unknown-linux-gnu/stage1/lib/rustlib/x86_64-unknown-linux-gnu/lib/libflate
rustc: x86_64-unknown-linux-gnu/stage1/lib/rustlib/x86_64-unknown-linux-gnu/lib/libgetopts
rustc: x86_64-unknown-linux-gnu/stage1/lib/rustlib/x86_64-unknown-linux-gnu/lib/libgraphviz
rustc: x86_64-unknown-linux-gnu/stage1/lib/rustlib/x86_64-unknown-linux-gnu/lib/liblog
rustc: x86_64-unknown-linux-gnu/stage1/lib/rustlib/x86_64-unknown-linux-gnu/lib/libterm
rustc: x86_64-unknown-linux-gnu/stage1/lib/rustlib/x86_64-unknown-linux-gnu/lib/libserialize
rustc: x86_64-unknown-linux-gnu/stage1/lib/rustlib/x86_64-unknown-linux-gnu/lib/libfmt_macros
rustc: x86_64-unknown-linux-gnu/stage1/lib/rustlib/x86_64-unknown-linux-gnu/lib/libsyntax
rustc: x86_64-unknown-linux-gnu/stage1/lib/rustlib/x86_64-unknown-linux-gnu/lib/librbml
rustc: x86_64-unknown-linux-gnu/stage1/lib/rustlib/x86_64-unknown-linux-gnu/lib/librustc_llvm
rustc: x86_64-unknown-linux-gnu/stage1/lib/rustlib/x86_64-unknown-linux-gnu/lib/librustc_back
rustc: x86_64-unknown-linux-gnu/stage1/lib/rustlib/x86_64-unknown-linux-gnu/lib/librustc
rustc: x86_64-unknown-linux-gnu/stage1/lib/rustlib/x86_64-unknown-linux-gnu/lib/librustc_borrowck
rustc: x86_64-unknown-linux-gnu/stage1/lib/rustlib/x86_64-unknown-linux-gnu/lib/librustc_typeck
rustc: x86_64-unknown-linux-gnu/stage1/lib/rustlib/x86_64-unknown-linux-gnu/lib/librustc_resolve
rustc: x86_64-unknown-linux-gnu/stage1/lib/rustlib/x86_64-unknown-linux-gnu/lib/librustc_trans
rustc: x86_64-unknown-linux-gnu/stage1/lib/rustlib/x86_64-unknown-linux-gnu/lib/librustc_privacy
rustc: x86_64-unknown-linux-gnu/stage1/lib/rustlib/x86_64-unknown-linux-gnu/lib/librustc_lint
rustc: x86_64-unknown-linux-gnu/stage1/lib/rustlib/x86_64-unknown-linux-gnu/lib/librustc_driver
rustc: x86_64-unknown-linux-gnu/stage1/lib/rustlib/x86_64-unknown-linux-gnu/bin/rustc
cp: x86_64-unknown-linux-gnu/stage2/lib/libstd
cp: x86_64-unknown-linux-gnu/stage2/lib/libarena
cp: x86_64-unknown-linux-gnu/stage2/lib/libflate
cp: x86_64-unknown-linux-gnu/stage2/lib/libgetopts
cp: x86_64-unknown-linux-gnu/stage2/lib/libgraphviz
cp: x86_64-unknown-linux-gnu/stage2/lib/liblog
cp: x86_64-unknown-linux-gnu/stage2/lib/libterm
cp: x86_64-unknown-linux-gnu/stage2/lib/libserialize
cp: x86_64-unknown-linux-gnu/stage2/lib/libfmt_macros
cp: x86_64-unknown-linux-gnu/stage2/lib/libsyntax
cp: x86_64-unknown-linux-gnu/stage2/lib/librbml
cp: x86_64-unknown-linux-gnu/stage2/lib/librustc_llvm
cp: x86_64-unknown-linux-gnu/stage2/lib/librustc_back
cp: x86_64-unknown-linux-gnu/stage2/lib/librustc
cp: x86_64-unknown-linux-gnu/stage2/lib/librustc_borrowck
cp: x86_64-unknown-linux-gnu/stage2/lib/librustc_typeck
cp: x86_64-unknown-linux-gnu/stage2/lib/librustc_resolve
cp: x86_64-unknown-linux-gnu/stage2/lib/librustc_trans
cp: x86_64-unknown-linux-gnu/stage2/lib/librustc_privacy
cp: x86_64-unknown-linux-gnu/stage2/lib/librustc_lint
cp: x86_64-unknown-linux-gnu/stage2/lib/librustc_driver
cp: x86_64-unknown-linux-gnu/stage2/bin/rustc
rustc: x86_64-unknown-linux-gnu/stage1/lib/rustlib/x86_64-unknown-linux-gnu/lib/libtest
rustc: x86_64-unknown-linux-gnu/stage1/lib/rustlib/x86_64-unknown-linux-gnu/lib/librustdoc
rustc: x86_64-unknown-linux-gnu/stage1/lib/rustlib/x86_64-unknown-linux-gnu/bin/rustdoc
cp: x86_64-unknown-linux-gnu/stage2/lib/libtest
cp: x86_64-unknown-linux-gnu/stage2/lib/librustdoc
cp: x86_64-unknown-linux-gnu/stage2/bin/rustdoc
rustc: x86_64-unknown-linux-gnu/stage2/lib/rustlib/x86_64-unknown-linux-gnu/lib/libcore
time: 0.061 	parsing
time: 0.000 	recursion limit
time: 0.001 	gated macro checking
time: 0.024 	configuration 1
time: 0.000 	crate injection
time: 0.000 	macro loading
time: 0.000 	plugin loading
time: 0.000 	plugin registration
time: 0.444 	expansion
time: 0.014 	complete gated feature checking 1
time: 0.110 	configuration 2
time: 0.057 	maybe building test harness
time: 0.000 	prelude injection
time: 0.004 	checking that all macro invocations are gone
time: 0.012 	complete gated feature checking 2
time: 0.061 	assigning node ids and indexing ast
time: 0.004 	external crate/lib resolution
time: 0.009 	language item collection
time: 0.097 	resolution
time: 0.010 	lifetime resolution
time: 0.000 	looking for entry point
time: 0.004 	looking for plugin registrar
time: 0.031 	region resolution
time: 0.004 	loop checking
time: 0.004 	static item recursion checking
time: 0.076 	type collecting
time: 0.010 	variance inference
time: 3.442 	coherence checking
time: 8.138 	type checking
time: 0.686 	const checking
time: 0.055 	privacy checking
time: 0.009 	stability index
time: 0.038 	intrinsic checking
time: 0.010 	effect checking
time: 0.173 	match checking
time: 0.029 	liveness checking
time: 1.189 	borrow checking
time: 0.759 	rvalue checking
time: 0.027 	reachability checking
time: 0.037 	death checking
time: 0.034 	stability checking
time: 0.000 	unused lib feature checking
time: 0.146 	lint checking
time: 0.000 	resolving dependency formats
time: 1.956 	translation
  time: 0.282 	llvm function passes
  time: 1.855 	llvm module passes
  time: 1.900 	codegen passes
  time: 0.007 	codegen passes
time: 4.101 	LLVM passes
time: 0.070 	linking
rustc: x86_64-unknown-linux-gnu/stage2/lib/rustlib/x86_64-unknown-linux-gnu/lib/liblibc
time: 0.018 	parsing
time: 0.000 	recursion limit
time: 0.000 	gated macro checking
time: 0.004 	configuration 1
time: 0.000 	crate injection
time: 0.000 	macro loading
time: 0.000 	plugin loading
time: 0.000 	plugin registration
time: 0.006 	expansion
time: 0.000 	complete gated feature checking 1
time: 0.002 	configuration 2
time: 0.001 	maybe building test harness
time: 0.000 	prelude injection
time: 0.000 	checking that all macro invocations are gone
time: 0.000 	complete gated feature checking 2
time: 0.001 	assigning node ids and indexing ast
time: 0.001 	external crate/lib resolution
time: 0.000 	language item collection
time: 0.003 	resolution
time: 0.000 	lifetime resolution
time: 0.000 	looking for entry point
time: 0.000 	looking for plugin registrar
time: 0.000 	region resolution
time: 0.000 	loop checking
time: 0.000 	static item recursion checking
time: 0.001 	type collecting
time: 0.000 	variance inference
time: 0.067 	coherence checking
time: 0.037 	type checking
time: 0.004 	const checking
time: 0.000 	privacy checking
time: 0.000 	stability index
time: 0.000 	intrinsic checking
time: 0.000 	effect checking
time: 0.000 	match checking
time: 0.000 	liveness checking
time: 0.001 	borrow checking
time: 0.001 	rvalue checking
time: 0.000 	reachability checking
time: 0.000 	death checking
time: 0.005 	stability checking
time: 0.000 	unused lib feature checking
time: 0.008 	lint checking
time: 0.000 	resolving dependency formats
time: 0.043 	translation
  time: 0.002 	llvm function passes
  time: 0.012 	llvm module passes
  time: 0.012 	codegen passes
  time: 0.000 	codegen passes
time: 0.031 	LLVM passes
time: 0.003 	linking
rustc: x86_64-unknown-linux-gnu/stage2/lib/rustlib/x86_64-unknown-linux-gnu/lib/librand
time: 0.011 	parsing
time: 0.000 	recursion limit
time: 0.000 	gated macro checking
time: 0.003 	configuration 1
time: 0.000 	crate injection
time: 0.001 	macro loading
time: 0.000 	plugin loading
time: 0.000 	plugin registration
time: 0.021 	expansion
time: 0.000 	complete gated feature checking 1
time: 0.006 	configuration 2
time: 0.003 	maybe building test harness
time: 0.000 	prelude injection
time: 0.000 	checking that all macro invocations are gone
time: 0.000 	complete gated feature checking 2
time: 0.003 	assigning node ids and indexing ast
time: 0.000 	external crate/lib resolution
time: 0.000 	language item collection
time: 0.009 	resolution
time: 0.000 	lifetime resolution
time: 0.000 	looking for entry point
time: 0.000 	looking for plugin registrar
time: 0.001 	region resolution
time: 0.000 	loop checking
time: 0.000 	static item recursion checking
time: 0.003 	type collecting
time: 0.000 	variance inference
time: 0.084 	coherence checking
time: 0.515 	type checking
time: 0.036 	const checking
time: 0.001 	privacy checking
time: 0.000 	stability index
time: 0.001 	intrinsic checking
time: 0.000 	effect checking
time: 0.004 	match checking
time: 0.001 	liveness checking
time: 0.049 	borrow checking
time: 0.031 	rvalue checking
time: 0.000 	reachability checking
time: 0.001 	death checking
time: 0.017 	stability checking
time: 0.000 	unused lib feature checking
time: 0.028 	lint checking
time: 0.000 	resolving dependency formats
time: 0.235 	translation
  time: 0.033 	llvm function passes
  time: 0.176 	llvm module passes
  time: 0.083 	codegen passes
  time: 0.000 	codegen passes
time: 0.299 	LLVM passes
time: 0.006 	linking
rustc: x86_64-unknown-linux-gnu/stage2/lib/rustlib/x86_64-unknown-linux-gnu/lib/liballoc
time: 0.008 	parsing
time: 0.000 	recursion limit
time: 0.000 	gated macro checking
time: 0.002 	configuration 1
time: 0.000 	crate injection
time: 0.001 	macro loading
time: 0.000 	plugin loading
time: 0.000 	plugin registration
time: 0.005 	expansion
time: 0.000 	complete gated feature checking 1
time: 0.002 	configuration 2
time: 0.001 	maybe building test harness
time: 0.000 	prelude injection
time: 0.000 	checking that all macro invocations are gone
time: 0.000 	complete gated feature checking 2
time: 0.001 	assigning node ids and indexing ast
time: 0.000 	external crate/lib resolution
time: 0.000 	language item collection
time: 0.008 	resolution
time: 0.000 	lifetime resolution
time: 0.000 	looking for entry point
time: 0.000 	looking for plugin registrar
time: 0.000 	region resolution
time: 0.000 	loop checking
time: 0.000 	static item recursion checking
time: 0.002 	type collecting
time: 0.000 	variance inference
time: 0.123 	coherence checking
time: 0.091 	type checking
time: 0.025 	const checking
time: 0.000 	privacy checking
time: 0.000 	stability index
time: 0.000 	intrinsic checking
time: 0.000 	effect checking
time: 0.005 	match checking
time: 0.000 	liveness checking
time: 0.041 	borrow checking
time: 0.023 	rvalue checking
time: 0.000 	reachability checking
time: 0.000 	death checking
time: 0.016 	stability checking
time: 0.000 	unused lib feature checking
time: 0.016 	lint checking
time: 0.000 	resolving dependency formats
time: 0.033 	translation
  time: 0.001 	llvm function passes
  time: 0.005 	llvm module passes
  time: 0.009 	codegen passes
  time: 0.000 	codegen passes
time: 0.019 	LLVM passes
time: 0.009 	linking
rustc: x86_64-unknown-linux-gnu/stage2/lib/rustlib/x86_64-unknown-linux-gnu/lib/libunicode
time: 0.104 	parsing
time: 0.000 	recursion limit
time: 0.001 	gated macro checking
time: 0.025 	configuration 1
time: 0.000 	crate injection
time: 0.001 	macro loading
time: 0.000 	plugin loading
time: 0.000 	plugin registration
time: 0.097 	expansion
time: 0.002 	complete gated feature checking 1
time: 0.025 	configuration 2
time: 0.013 	maybe building test harness
time: 0.000 	prelude injection
time: 0.001 	checking that all macro invocations are gone
time: 0.001 	complete gated feature checking 2
time: 0.014 	assigning node ids and indexing ast
time: 0.002 	external crate/lib resolution
time: 0.002 	language item collection
time: 0.014 	resolution
time: 0.001 	lifetime resolution
time: 0.000 	looking for entry point
time: 0.001 	looking for plugin registrar
time: 0.019 	region resolution
time: 0.001 	loop checking
time: 0.002 	static item recursion checking
time: 0.004 	type collecting
time: 0.001 	variance inference
time: 0.100 	coherence checking
time: 0.273 	type checking
time: 0.084 	const checking
time: 0.007 	privacy checking
time: 0.001 	stability index
time: 0.001 	intrinsic checking
time: 0.001 	effect checking
time: 0.002 	match checking
time: 0.001 	liveness checking
time: 0.017 	borrow checking
time: 0.007 	rvalue checking
time: 0.001 	reachability checking
time: 0.004 	death checking
time: 0.014 	stability checking
time: 0.000 	unused lib feature checking
time: 0.051 	lint checking
time: 0.000 	resolving dependency formats
time: 0.668 	translation
  time: 0.028 	llvm function passes
  time: 0.236 	llvm module passes
  time: 0.131 	codegen passes
  time: 0.003 	codegen passes
time: 0.412 	LLVM passes
time: 0.020 	linking
rustc: x86_64-unknown-linux-gnu/stage2/lib/rustlib/x86_64-unknown-linux-gnu/lib/libcollections
time: 0.048 	parsing
time: 0.000 	recursion limit
time: 0.001 	gated macro checking
time: 0.019 	configuration 1
time: 0.000 	crate injection
time: 0.002 	macro loading
time: 0.000 	plugin loading
time: 0.000 	plugin registration
time: 0.101 	expansion
time: 0.004 	complete gated feature checking 1
time: 0.029 	configuration 2
time: 0.014 	maybe building test harness
time: 0.000 	prelude injection
time: 0.001 	checking that all macro invocations are gone
time: 0.003 	complete gated feature checking 2
time: 0.015 	assigning node ids and indexing ast
time: 0.002 	external crate/lib resolution
time: 0.001 	language item collection
time: 0.042 	resolution
time: 0.001 	lifetime resolution
time: 0.000 	looking for entry point
time: 0.000 	looking for plugin registrar
time: 0.008 	region resolution
time: 0.001 	loop checking
time: 0.000 	static item recursion checking
time: 0.018 	type collecting
time: 0.002 	variance inference
time: 1.288 	coherence checking
time: 2.776 	type checking
time: 0.398 	const checking
time: 0.011 	privacy checking
time: 0.001 	stability index
time: 0.008 	intrinsic checking
time: 0.002 	effect checking
time: 0.110 	match checking
time: 0.008 	liveness checking
time: 0.722 	borrow checking
time: 0.493 	rvalue checking
time: 0.004 	reachability checking
time: 0.009 	death checking
time: 0.162 	stability checking
time: 0.000 	unused lib feature checking
time: 0.197 	lint checking
time: 0.000 	resolving dependency formats
time: 1.203 	translation
  time: 0.105 	llvm function passes
  time: 1.127 	llvm module passes
  time: 0.524 	codegen passes
  time: 0.002 	codegen passes
time: 1.801 	LLVM passes
time: 0.046 	linking
rustc: x86_64-unknown-linux-gnu/stage2/lib/rustlib/x86_64-unknown-linux-gnu/lib/librustc_bitflags
time: 0.001 	parsing
time: 0.000 	recursion limit
time: 0.000 	gated macro checking
time: 0.000 	configuration 1
time: 0.000 	crate injection
time: 0.000 	macro loading
time: 0.000 	plugin loading
time: 0.000 	plugin registration
time: 0.000 	expansion
time: 0.000 	complete gated feature checking 1
time: 0.000 	configuration 2
time: 0.000 	maybe building test harness
time: 0.000 	prelude injection
time: 0.000 	checking that all macro invocations are gone
time: 0.000 	complete gated feature checking 2
time: 0.000 	assigning node ids and indexing ast
time: 0.000 	external crate/lib resolution
time: 0.000 	language item collection
time: 0.000 	resolution
time: 0.000 	lifetime resolution
time: 0.000 	looking for entry point
time: 0.000 	looking for plugin registrar
time: 0.000 	region resolution
time: 0.000 	loop checking
time: 0.000 	static item recursion checking
time: 0.000 	type collecting
time: 0.000 	variance inference
time: 0.000 	coherence checking
time: 0.000 	type checking
time: 0.000 	const checking
time: 0.000 	privacy checking
time: 0.000 	stability index
time: 0.000 	intrinsic checking
time: 0.000 	effect checking
time: 0.000 	match checking
time: 0.000 	liveness checking
time: 0.000 	borrow checking
time: 0.000 	rvalue checking
time: 0.000 	reachability checking
time: 0.000 	death checking
time: 0.000 	stability checking
time: 0.000 	unused lib feature checking
time: 0.000 	lint checking
time: 0.000 	resolving dependency formats
time: 0.001 	translation
  time: 0.000 	llvm function passes
  time: 0.000 	llvm module passes
  time: 0.000 	codegen passes
  time: 0.000 	codegen passes
time: 0.003 	LLVM passes
time: 0.002 	linking
rustc: x86_64-unknown-linux-gnu/stage2/lib/rustlib/x86_64-unknown-linux-gnu/lib/libstd
time: 0.218 	parsing
time: 0.000 	recursion limit
time: 0.006 	gated macro checking
time: 0.079 	configuration 1
time: 0.000 	crate injection
time: 0.006 	macro loading
time: 0.000 	plugin loading
time: 0.000 	plugin registration
time: 0.319 	expansion
time: 0.014 	complete gated feature checking 1
time: 0.085 	configuration 2
time: 0.042 	maybe building test harness
time: 0.000 	prelude injection
time: 0.005 	checking that all macro invocations are gone
time: 0.013 	complete gated feature checking 2
time: 0.047 	assigning node ids and indexing ast
time: 0.005 	external crate/lib resolution
time: 0.010 	language item collection
time: 0.115 	resolution
time: 0.008 	lifetime resolution
time: 0.000 	looking for entry point
time: 0.005 	looking for plugin registrar
time: 0.030 	region resolution
time: 0.005 	loop checking
time: 0.005 	static item recursion checking
time: 0.049 	type collecting
time: 0.011 	variance inference
time: 1.728 	coherence checking
time: 4.128 	type checking
time: 1.320 	const checking
time: 0.053 	privacy checking
time: 0.004 	stability index
time: 0.019 	intrinsic checking
time: 0.009 	effect checking
time: 0.173 	match checking
time: 0.027 	liveness checking
time: 1.280 	borrow checking
time: 0.890 	rvalue checking
time: 0.014 	reachability checking
time: 0.036 	death checking
time: 0.508 	stability checking
time: 0.000 	unused lib feature checking
time: 0.664 	lint checking
time: 0.000 	resolving dependency formats
time: 5.229 	translation
  time: 0.956 	llvm function passes
  time: 14.323 	llvm module passes
  time: 5.615 	codegen passes
  time: 0.005 	codegen passes
time: 21.275 	LLVM passes
  time: 0.231 	running linker
time: 0.465 	linking
rustc: x86_64-unknown-linux-gnu/stage2/lib/rustlib/x86_64-unknown-linux-gnu/lib/libflate
time: 0.000 	parsing
time: 0.000 	recursion limit
time: 0.000 	gated macro checking
time: 0.000 	configuration 1
time: 0.000 	crate injection
time: 0.007 	macro loading
time: 0.000 	plugin loading
time: 0.000 	plugin registration
time: 0.002 	expansion
time: 0.000 	complete gated feature checking 1
time: 0.000 	configuration 2
time: 0.000 	maybe building test harness
time: 0.000 	prelude injection
time: 0.000 	checking that all macro invocations are gone
time: 0.000 	complete gated feature checking 2
time: 0.000 	assigning node ids and indexing ast
time: 0.000 	external crate/lib resolution
time: 0.000 	language item collection
time: 0.005 	resolution
time: 0.000 	lifetime resolution
time: 0.000 	looking for entry point
time: 0.000 	looking for plugin registrar
time: 0.000 	region resolution
time: 0.000 	loop checking
time: 0.000 	static item recursion checking
time: 0.000 	type collecting
time: 0.000 	variance inference
time: 0.132 	coherence checking
time: 0.019 	type checking
time: 0.005 	const checking
time: 0.000 	privacy checking
time: 0.000 	stability index
time: 0.000 	intrinsic checking
time: 0.000 	effect checking
time: 0.000 	match checking
time: 0.000 	liveness checking
time: 0.001 	borrow checking
time: 0.000 	rvalue checking
time: 0.000 	reachability checking
time: 0.000 	death checking
time: 0.003 	stability checking
time: 0.000 	unused lib feature checking
time: 0.003 	lint checking
time: 0.000 	resolving dependency formats
time: 0.024 	translation
  time: 0.003 	llvm function passes
  time: 0.012 	llvm module passes
  time: 0.010 	codegen passes
  time: 0.000 	codegen passes
time: 0.030 	LLVM passes
  time: 0.022 	running linker
time: 0.028 	linking
rustc: x86_64-unknown-linux-gnu/stage2/lib/rustlib/x86_64-unknown-linux-gnu/lib/libarena
time: 0.002 	parsing
time: 0.000 	recursion limit
time: 0.000 	gated macro checking
time: 0.000 	configuration 1
time: 0.000 	crate injection
time: 0.007 	macro loading
time: 0.000 	plugin loading
time: 0.000 	plugin registration
time: 0.003 	expansion
time: 0.000 	complete gated feature checking 1
time: 0.000 	configuration 2
time: 0.000 	maybe building test harness
time: 0.000 	prelude injection
time: 0.000 	checking that all macro invocations are gone
time: 0.000 	complete gated feature checking 2
time: 0.000 	assigning node ids and indexing ast
time: 0.000 	external crate/lib resolution
time: 0.000 	language item collection
time: 0.003 	resolution
time: 0.000 	lifetime resolution
time: 0.000 	looking for entry point
time: 0.000 	looking for plugin registrar
time: 0.000 	region resolution
time: 0.000 	loop checking
time: 0.000 	static item recursion checking
time: 0.000 	type collecting
time: 0.000 	variance inference
time: 0.121 	coherence checking
time: 0.056 	type checking
time: 0.016 	const checking
time: 0.000 	privacy checking
time: 0.000 	stability index
time: 0.000 	intrinsic checking
time: 0.000 	effect checking
time: 0.001 	match checking
time: 0.000 	liveness checking
time: 0.014 	borrow checking
time: 0.009 	rvalue checking
time: 0.000 	reachability checking
time: 0.000 	death checking
time: 0.006 	stability checking
time: 0.000 	unused lib feature checking
time: 0.007 	lint checking
time: 0.000 	resolving dependency formats
time: 0.100 	translation
  time: 0.014 	llvm function passes
  time: 0.090 	llvm module passes
  time: 0.042 	codegen passes
  time: 0.000 	codegen passes
time: 0.151 	LLVM passes
  time: 0.017 	running linker
time: 0.022 	linking
rustc: x86_64-unknown-linux-gnu/stage2/lib/rustlib/x86_64-unknown-linux-gnu/lib/liblog
time: 0.002 	parsing
time: 0.000 	recursion limit
time: 0.000 	gated macro checking
time: 0.000 	configuration 1
time: 0.000 	crate injection
time: 0.007 	macro loading
time: 0.000 	plugin loading
time: 0.000 	plugin registration
time: 0.005 	expansion
time: 0.000 	complete gated feature checking 1
time: 0.001 	configuration 2
time: 0.000 	maybe building test harness
time: 0.000 	prelude injection
time: 0.000 	checking that all macro invocations are gone
time: 0.000 	complete gated feature checking 2
time: 0.000 	assigning node ids and indexing ast
time: 0.000 	external crate/lib resolution
time: 0.000 	language item collection
time: 0.005 	resolution
time: 0.000 	lifetime resolution
time: 0.000 	looking for entry point
time: 0.000 	looking for plugin registrar
time: 0.000 	region resolution
time: 0.000 	loop checking
time: 0.000 	static item recursion checking
time: 0.000 	type collecting
time: 0.000 	variance inference
time: 0.147 	coherence checking
time: 0.083 	type checking
time: 0.019 	const checking
time: 0.000 	privacy checking
time: 0.000 	stability index
time: 0.000 	intrinsic checking
time: 0.000 	effect checking
time: 0.000 	match checking
time: 0.000 	liveness checking
time: 0.003 	borrow checking
time: 0.003 	rvalue checking
time: 0.000 	reachability checking
time: 0.000 	death checking
time: 0.012 	stability checking
time: 0.000 	unused lib feature checking
time: 0.014 	lint checking
time: 0.000 	resolving dependency formats
time: 0.253 	translation
  time: 0.039 	llvm function passes
  time: 0.516 	llvm module passes
  time: 0.114 	codegen passes
  time: 0.000 	codegen passes
time: 0.679 	LLVM passes
  time: 0.021 	running linker
time: 0.029 	linking
rustc: x86_64-unknown-linux-gnu/stage2/lib/rustlib/x86_64-unknown-linux-gnu/lib/libterm
time: 0.007 	parsing
time: 0.000 	recursion limit
time: 0.000 	gated macro checking
time: 0.002 	configuration 1
time: 0.000 	crate injection
time: 0.007 	macro loading
time: 0.000 	plugin loading
time: 0.000 	plugin registration
time: 0.018 	expansion
time: 0.000 	complete gated feature checking 1
time: 0.003 	configuration 2
time: 0.001 	maybe building test harness
time: 0.001 	prelude injection
time: 0.000 	checking that all macro invocations are gone
time: 0.000 	complete gated feature checking 2
time: 0.001 	assigning node ids and indexing ast
time: 0.000 	external crate/lib resolution
time: 0.000 	language item collection
time: 0.008 	resolution
time: 0.000 	lifetime resolution
time: 0.000 	looking for entry point
time: 0.000 	looking for plugin registrar
time: 0.001 	region resolution
time: 0.000 	loop checking
time: 0.000 	static item recursion checking
time: 0.001 	type collecting
time: 0.000 	variance inference
time: 0.166 	coherence checking
time: 0.260 	type checking
time: 0.066 	const checking
time: 0.000 	privacy checking
time: 0.000 	stability index
time: 0.000 	intrinsic checking
time: 0.000 	effect checking
time: 0.003 	match checking
time: 0.001 	liveness checking
time: 0.024 	borrow checking
time: 0.017 	rvalue checking
time: 0.000 	reachability checking
time: 0.000 	death checking
time: 0.036 	stability checking
time: 0.000 	unused lib feature checking
time: 0.043 	lint checking
time: 0.000 	resolving dependency formats
time: 0.651 	translation
  time: 0.108 	llvm function passes
  time: 1.590 	llvm module passes
  time: 0.669 	codegen passes
  time: 0.000 	codegen passes
time: 2.401 	LLVM passes
  time: 0.032 	running linker
time: 0.059 	linking
rustc: x86_64-unknown-linux-gnu/stage2/lib/rustlib/x86_64-unknown-linux-gnu/lib/libserialize
time: 0.017 	parsing
time: 0.000 	recursion limit
time: 0.000 	gated macro checking
time: 0.006 	configuration 1
time: 0.000 	crate injection
time: 0.008 	macro loading
time: 0.000 	plugin loading
time: 0.000 	plugin registration
time: 0.076 	expansion
time: 0.002 	complete gated feature checking 1
time: 0.017 	configuration 2
time: 0.008 	maybe building test harness
time: 0.008 	prelude injection
time: 0.000 	checking that all macro invocations are gone
time: 0.001 	complete gated feature checking 2
time: 0.009 	assigning node ids and indexing ast
time: 0.000 	external crate/lib resolution
time: 0.000 	language item collection
time: 0.034 	resolution
time: 0.001 	lifetime resolution
time: 0.000 	looking for entry point
time: 0.000 	looking for plugin registrar
time: 0.006 	region resolution
time: 0.000 	loop checking
time: 0.000 	static item recursion checking
time: 0.009 	type collecting
time: 0.001 	variance inference
time: 0.306 	coherence checking
time: 2.049 	type checking
time: 0.694 	const checking
time: 0.006 	privacy checking
time: 0.000 	stability index
time: 0.003 	intrinsic checking
time: 0.001 	effect checking
time: 0.069 	match checking
time: 0.007 	liveness checking
time: 1.139 	borrow checking
time: 0.910 	rvalue checking
time: 0.002 	reachability checking
time: 0.007 	death checking
time: 0.220 	stability checking
time: 0.000 	unused lib feature checking
time: 0.215 	lint checking
time: 0.000 	resolving dependency formats
time: 1.000 	translation
  time: 0.152 	llvm function passes
  time: 2.062 	llvm module passes
  time: 0.739 	codegen passes
  time: 0.001 	codegen passes
time: 2.995 	LLVM passes
  time: 0.035 	running linker
time: 0.067 	linking
rustc: x86_64-unknown-linux-gnu/stage2/lib/rustlib/x86_64-unknown-linux-gnu/lib/libgetopts
time: 0.004 	parsing
time: 0.000 	recursion limit
time: 0.000 	gated macro checking
time: 0.001 	configuration 1
time: 0.000 	crate injection
time: 0.007 	macro loading
time: 0.000 	plugin loading
time: 0.000 	plugin registration
time: 0.012 	expansion
time: 0.000 	complete gated feature checking 1
time: 0.002 	configuration 2
time: 0.001 	maybe building test harness
time: 0.001 	prelude injection
time: 0.000 	checking that all macro invocations are gone
time: 0.000 	complete gated feature checking 2
time: 0.001 	assigning node ids and indexing ast
time: 0.000 	external crate/lib resolution
time: 0.000 	language item collection
time: 0.006 	resolution
time: 0.000 	lifetime resolution
time: 0.000 	looking for entry point
time: 0.000 	looking for plugin registrar
time: 0.001 	region resolution
time: 0.000 	loop checking
time: 0.000 	static item recursion checking
time: 0.001 	type collecting
time: 0.000 	variance inference
time: 0.262 	coherence checking
time: 0.195 	type checking
time: 0.030 	const checking
time: 0.000 	privacy checking
time: 0.000 	stability index
time: 0.000 	intrinsic checking
time: 0.000 	effect checking
time: 0.001 	match checking
time: 0.000 	liveness checking
time: 0.011 	borrow checking
time: 0.009 	rvalue checking
time: 0.000 	reachability checking
time: 0.000 	death checking
time: 0.019 	stability checking
time: 0.000 	unused lib feature checking
time: 0.021 	lint checking
time: 0.000 	resolving dependency formats
time: 0.570 	translation
  time: 0.072 	llvm function passes
  time: 1.147 	llvm module passes
  time: 0.434 	codegen passes
  time: 0.000 	codegen passes
time: 1.676 	LLVM passes
  time: 0.025 	running linker
time: 0.042 	linking
rustc: x86_64-unknown-linux-gnu/stage2/lib/rustlib/x86_64-unknown-linux-gnu/lib/librbml
time: 0.005 	parsing
time: 0.000 	recursion limit
time: 0.000 	gated macro checking
time: 0.001 	configuration 1
time: 0.000 	crate injection
time: 0.007 	macro loading
time: 0.000 	plugin loading
time: 0.000 	plugin registration
time: 0.020 	expansion
time: 0.000 	complete gated feature checking 1
time: 0.004 	configuration 2
time: 0.002 	maybe building test harness
time: 0.002 	prelude injection
time: 0.000 	checking that all macro invocations are gone
time: 0.000 	complete gated feature checking 2
time: 0.002 	assigning node ids and indexing ast
time: 0.000 	external crate/lib resolution
time: 0.000 	language item collection
time: 0.008 	resolution
time: 0.000 	lifetime resolution
time: 0.000 	looking for entry point
time: 0.000 	looking for plugin registrar
time: 0.001 	region resolution
time: 0.000 	loop checking
time: 0.000 	static item recursion checking
time: 0.002 	type collecting
time: 0.000 	variance inference
time: 0.134 	coherence checking
time: 0.260 	type checking
time: 0.111 	const checking
time: 0.001 	privacy checking
time: 0.000 	stability index
time: 0.000 	intrinsic checking
time: 0.000 	effect checking
time: 0.004 	match checking
time: 0.001 	liveness checking
time: 0.063 	borrow checking
time: 0.049 	rvalue checking
time: 0.000 	reachability checking
time: 0.001 	death checking
time: 0.065 	stability checking
time: 0.000 	unused lib feature checking
time: 0.072 	lint checking
time: 0.000 	resolving dependency formats
time: 0.192 	translation
  time: 0.035 	llvm function passes
  time: 0.288 	llvm module passes
  time: 0.167 	codegen passes
  time: 0.000 	codegen passes
time: 0.502 	LLVM passes
  time: 0.027 	running linker
time: 0.037 	linking
rustc: x86_64-unknown-linux-gnu/stage2/lib/rustlib/x86_64-unknown-linux-gnu/lib/libtest
time: 0.006 	parsing
time: 0.000 	recursion limit
time: 0.000 	gated macro checking
time: 0.002 	configuration 1
time: 0.000 	crate injection
time: 0.007 	macro loading
time: 0.000 	plugin loading
time: 0.000 	plugin registration
time: 0.016 	expansion
time: 0.000 	complete gated feature checking 1
time: 0.004 	configuration 2
time: 0.002 	maybe building test harness
time: 0.001 	prelude injection
time: 0.000 	checking that all macro invocations are gone
time: 0.000 	complete gated feature checking 2
time: 0.002 	assigning node ids and indexing ast
time: 0.001 	external crate/lib resolution
time: 0.000 	language item collection
time: 0.013 	resolution
time: 0.000 	lifetime resolution
time: 0.000 	looking for entry point
time: 0.000 	looking for plugin registrar
time: 0.001 	region resolution
time: 0.000 	loop checking
time: 0.000 	static item recursion checking
time: 0.002 	type collecting
time: 0.000 	variance inference
time: 0.279 	coherence checking
time: 0.428 	type checking
time: 0.112 	const checking
time: 0.001 	privacy checking
time: 0.000 	stability index
time: 0.000 	intrinsic checking
time: 0.000 	effect checking
time: 0.010 	match checking
time: 0.001 	liveness checking
time: 0.076 	borrow checking
time: 0.056 	rvalue checking
time: 0.000 	reachability checking
time: 0.001 	death checking
time: 0.041 	stability checking
time: 0.000 	unused lib feature checking
time: 0.048 	lint checking
time: 0.000 	resolving dependency formats
time: 1.336 	translation
  time: 0.181 	llvm function passes
  time: 2.909 	llvm module passes
  time: 0.991 	codegen passes
  time: 0.000 	codegen passes
time: 4.140 	LLVM passes
  time: 0.031 	running linker
time: 0.071 	linking
rustc: x86_64-unknown-linux-gnu/stage2/lib/rustlib/x86_64-unknown-linux-gnu/lib/libgraphviz
time: 0.002 	parsing
time: 0.000 	recursion limit
time: 0.000 	gated macro checking
time: 0.000 	configuration 1
time: 0.000 	crate injection
time: 0.007 	macro loading
time: 0.000 	plugin loading
time: 0.000 	plugin registration
time: 0.003 	expansion
time: 0.000 	complete gated feature checking 1
time: 0.000 	configuration 2
time: 0.000 	maybe building test harness
time: 0.000 	prelude injection
time: 0.000 	checking that all macro invocations are gone
time: 0.000 	complete gated feature checking 2
time: 0.000 	assigning node ids and indexing ast
time: 0.000 	external crate/lib resolution
time: 0.000 	language item collection
time: 0.003 	resolution
time: 0.000 	lifetime resolution
time: 0.000 	looking for entry point
time: 0.000 	looking for plugin registrar
time: 0.000 	region resolution
time: 0.000 	loop checking
time: 0.000 	static item recursion checking
time: 0.000 	type collecting
time: 0.000 	variance inference
time: 0.128 	coherence checking
time: 0.052 	type checking
time: 0.015 	const checking
time: 0.000 	privacy checking
time: 0.000 	stability index
time: 0.000 	intrinsic checking
time: 0.000 	effect checking
time: 0.001 	match checking
time: 0.000 	liveness checking
time: 0.010 	borrow checking
time: 0.009 	rvalue checking
time: 0.000 	reachability checking
time: 0.000 	death checking
time: 0.005 	stability checking
time: 0.000 	unused lib feature checking
time: 0.006 	lint checking
time: 0.000 	resolving dependency formats
time: 0.086 	translation
  time: 0.012 	llvm function passes
  time: 0.089 	llvm module passes
  time: 0.030 	codegen passes
  time: 0.000 	codegen passes
time: 0.136 	LLVM passes
  time: 0.018 	running linker
time: 0.022 	linking
rustc: x86_64-unknown-linux-gnu/stage2/lib/rustlib/x86_64-unknown-linux-gnu/lib/libfmt_macros
time: 0.001 	parsing
time: 0.000 	recursion limit
time: 0.000 	gated macro checking
time: 0.000 	configuration 1
time: 0.000 	crate injection
time: 0.007 	macro loading
time: 0.000 	plugin loading
time: 0.000 	plugin registration
time: 0.005 	expansion
time: 0.000 	complete gated feature checking 1
time: 0.001 	configuration 2
time: 0.000 	maybe building test harness
time: 0.000 	prelude injection
time: 0.000 	checking that all macro invocations are gone
time: 0.000 	complete gated feature checking 2
time: 0.000 	assigning node ids and indexing ast
time: 0.000 	external crate/lib resolution
time: 0.000 	language item collection
time: 0.003 	resolution
time: 0.000 	lifetime resolution
time: 0.000 	looking for entry point
time: 0.000 	looking for plugin registrar
time: 0.000 	region resolution
time: 0.000 	loop checking
time: 0.000 	static item recursion checking
time: 0.000 	type collecting
time: 0.000 	variance inference
time: 0.202 	coherence checking
time: 0.060 	type checking
time: 0.010 	const checking
time: 0.000 	privacy checking
time: 0.000 	stability index
time: 0.000 	intrinsic checking
time: 0.000 	effect checking
time: 0.000 	match checking
time: 0.000 	liveness checking
time: 0.004 	borrow checking
time: 0.003 	rvalue checking
time: 0.000 	reachability checking
time: 0.000 	death checking
time: 0.006 	stability checking
time: 0.000 	unused lib feature checking
time: 0.007 	lint checking
time: 0.000 	resolving dependency formats
time: 0.113 	translation
  time: 0.020 	llvm function passes
  time: 0.168 	llvm module passes
  time: 0.079 	codegen passes
  time: 0.000 	codegen passes
time: 0.274 	LLVM passes
  time: 0.022 	running linker
time: 0.029 	linking
rustc: x86_64-unknown-linux-gnu/stage2/lib/rustlib/x86_64-unknown-linux-gnu/lib/libsyntax
time: 0.117 	parsing
time: 0.000 	recursion limit
time: 0.003 	gated macro checking
time: 0.048 	configuration 1
time: 0.000 	crate injection
time: 0.010 	macro loading
time: 0.000 	plugin loading
time: 0.000 	plugin registration
time: 0.598 	expansion
time: 0.020 	complete gated feature checking 1
time: 0.142 	configuration 2
time: 0.073 	maybe building test harness
time: 0.069 	prelude injection
time: 0.008 	checking that all macro invocations are gone
time: 0.020 	complete gated feature checking 2
time: 0.082 	assigning node ids and indexing ast
time: 0.010 	external crate/lib resolution
time: 0.017 	language item collection
time: 0.299 	resolution
time: 0.013 	lifetime resolution
time: 0.000 	looking for entry point
time: 0.008 	looking for plugin registrar
time: 0.080 	region resolution
time: 0.008 	loop checking
time: 0.008 	static item recursion checking
time: 0.062 	type collecting
time: 0.018 	variance inference
time: 3.664 	coherence checking
time: 22.211 	type checking
time: 5.438 	const checking
time: 0.090 	privacy checking
time: 0.003 	stability index
time: 0.026 	intrinsic checking
time: 0.022 	effect checking
time: 0.256 	match checking
time: 0.076 	liveness checking
time: 6.089 	borrow checking
time: 3.590 	rvalue checking
time: 0.023 	reachability checking
time: 0.068 	death checking
time: 1.073 	stability checking
time: 0.000 	unused lib feature checking
time: 1.297 	lint checking
time: 0.000 	resolving dependency formats
time: 18.809 	translation
  time: 2.672 	llvm function passes
  time: 45.376 	llvm module passes
  time: 17.754 	codegen passes
  time: 0.005 	codegen passes
time: 67.009 	LLVM passes
  time: 0.176 	running linker
time: 0.783 	linking
rustc: x86_64-unknown-linux-gnu/stage2/lib/rustlib/x86_64-unknown-linux-gnu/lib/librustc_llvm
time: 0.006 	parsing
time: 0.000 	recursion limit
time: 0.000 	gated macro checking
time: 0.001 	configuration 1
time: 0.000 	crate injection
time: 0.008 	macro loading
time: 0.000 	plugin loading
time: 0.000 	plugin registration
time: 0.012 	expansion
time: 0.000 	complete gated feature checking 1
time: 0.003 	configuration 2
time: 0.001 	maybe building test harness
time: 0.001 	prelude injection
time: 0.000 	checking that all macro invocations are gone
time: 0.000 	complete gated feature checking 2
time: 0.002 	assigning node ids and indexing ast
time: 0.000 	external crate/lib resolution
time: 0.000 	language item collection
time: 0.011 	resolution
time: 0.000 	lifetime resolution
time: 0.000 	looking for entry point
time: 0.000 	looking for plugin registrar
time: 0.000 	region resolution
time: 0.000 	loop checking
time: 0.000 	static item recursion checking
time: 0.003 	type collecting
time: 0.000 	variance inference
time: 0.301 	coherence checking
time: 0.148 	type checking
time: 0.026 	const checking
time: 0.001 	privacy checking
time: 0.000 	stability index
time: 0.000 	intrinsic checking
time: 0.000 	effect checking
time: 0.002 	match checking
time: 0.000 	liveness checking
time: 0.007 	borrow checking
time: 0.005 	rvalue checking
time: 0.000 	reachability checking
time: 0.001 	death checking
time: 0.024 	stability checking
time: 0.000 	unused lib feature checking
time: 0.032 	lint checking
time: 0.000 	resolving dependency formats
time: 0.161 	translation
  time: 0.023 	llvm function passes
  time: 0.114 	llvm module passes
  time: 0.081 	codegen passes
  time: 0.000 	codegen passes
time: 0.225 	LLVM passes
  time: 2.130 	running linker
time: 2.792 	linking
rustc: x86_64-unknown-linux-gnu/stage2/lib/rustlib/x86_64-unknown-linux-gnu/lib/librustc_back
time: 0.010 	parsing
time: 0.000 	recursion limit
time: 0.000 	gated macro checking
time: 0.003 	configuration 1
time: 0.000 	crate injection
time: 0.007 	macro loading
time: 0.000 	plugin loading
time: 0.000 	plugin registration
time: 0.030 	expansion
time: 0.000 	complete gated feature checking 1
time: 0.006 	configuration 2
time: 0.003 	maybe building test harness
time: 0.003 	prelude injection
time: 0.000 	checking that all macro invocations are gone
time: 0.000 	complete gated feature checking 2
time: 0.003 	assigning node ids and indexing ast
time: 0.003 	external crate/lib resolution
time: 0.000 	language item collection
time: 0.023 	resolution
time: 0.000 	lifetime resolution
time: 0.000 	looking for entry point
time: 0.000 	looking for plugin registrar
time: 0.002 	region resolution
time: 0.000 	loop checking
time: 0.000 	static item recursion checking
time: 0.002 	type collecting
time: 0.000 	variance inference
time: 0.191 	coherence checking
time: 0.523 	type checking
time: 0.186 	const checking
time: 0.002 	privacy checking
time: 0.000 	stability index
time: 0.000 	intrinsic checking
time: 0.000 	effect checking
time: 0.003 	match checking
time: 0.002 	liveness checking
time: 0.045 	borrow checking
time: 0.038 	rvalue checking
time: 0.000 	reachability checking
time: 0.001 	death checking
time: 0.098 	stability checking
time: 0.000 	unused lib feature checking
time: 0.117 	lint checking
time: 0.000 	resolving dependency formats
time: 2.054 	translation
  time: 0.268 	llvm function passes
  time: 4.602 	llvm module passes
  time: 1.492 	codegen passes
  time: 0.000 	codegen passes
time: 6.482 	LLVM passes
  time: 0.038 	running linker
time: 0.106 	linking
rustc: x86_64-unknown-linux-gnu/stage2/lib/rustlib/x86_64-unknown-linux-gnu/lib/librustc
time: 0.165 	parsing
time: 0.000 	recursion limit
time: 0.004 	gated macro checking
time: 0.069 	configuration 1
time: 0.000 	crate injection
time: 0.014 	macro loading
time: 0.000 	plugin loading
time: 0.000 	plugin registration
time: 0.764 	expansion
time: 0.026 	complete gated feature checking 1
time: 0.172 	configuration 2
time: 0.089 	maybe building test harness
time: 0.082 	prelude injection
time: 0.011 	checking that all macro invocations are gone
time: 0.027 	complete gated feature checking 2
time: 0.100 	assigning node ids and indexing ast
time: 0.014 	external crate/lib resolution
time: 0.022 	language item collection
time: 0.351 	resolution
time: 0.017 	lifetime resolution
time: 0.000 	looking for entry point
time: 0.011 	looking for plugin registrar
time: 0.098 	region resolution
time: 0.011 	loop checking
time: 0.011 	static item recursion checking
time: 0.085 	type collecting
time: 0.023 	variance inference
time: 5.249 	coherence checking
time: 16.756 	type checking
time: 7.544 	const checking
time: 0.121 	privacy checking
time: 0.005 	stability index
time: 0.034 	intrinsic checking
time: 0.024 	effect checking
time: 0.349 	match checking
time: 0.072 	liveness checking
time: 4.004 	borrow checking
time: 2.864 	rvalue checking
time: 0.026 	reachability checking
time: 0.084 	death checking
time: 2.003 	stability checking
time: 0.000 	unused lib feature checking
time: 2.055 	lint checking
time: 0.000 	resolving dependency formats
time: 45.477 	translation
  time: 5.853 	llvm function passes
  time: 112.225 	llvm module passes
  time: 31.815 	codegen passes
  time: 0.007 	codegen passes
time: 152.468 	LLVM passes
  time: 0.347 	running linker
time: 1.473 	linking
rustc: x86_64-unknown-linux-gnu/stage2/lib/rustlib/x86_64-unknown-linux-gnu/lib/librustc_typeck
time: 0.067 	parsing
time: 0.000 	recursion limit
time: 0.002 	gated macro checking
time: 0.027 	configuration 1
time: 0.000 	crate injection
time: 0.012 	macro loading
time: 0.000 	plugin loading
time: 0.000 	plugin registration
time: 0.284 	expansion
time: 0.009 	complete gated feature checking 1
time: 0.054 	configuration 2
time: 0.028 	maybe building test harness
time: 0.028 	prelude injection
time: 0.004 	checking that all macro invocations are gone
time: 0.009 	complete gated feature checking 2
time: 0.032 	assigning node ids and indexing ast
time: 0.026 	external crate/lib resolution
time: 0.008 	language item collection
time: 0.131 	resolution
time: 0.005 	lifetime resolution
time: 0.000 	looking for entry point
time: 0.003 	looking for plugin registrar
time: 0.028 	region resolution
time: 0.004 	loop checking
time: 0.004 	static item recursion checking
time: 0.024 	type collecting
time: 0.008 	variance inference
time: 0.555 	coherence checking
time: 6.672 	type checking
time: 3.468 	const checking
time: 0.067 	privacy checking
time: 0.001 	stability index
time: 0.011 	intrinsic checking
time: 0.008 	effect checking
time: 0.034 	match checking
time: 0.029 	liveness checking
time: 0.377 	borrow checking
time: 0.454 	rvalue checking
time: 0.000 	reachability checking
time: 0.053 	death checking
time: 0.790 	stability checking
time: 0.000 	unused lib feature checking
time: 0.954 	lint checking
time: 0.000 	resolving dependency formats
time: 21.077 	translation
  time: 2.376 	llvm function passes
  time: 42.063 	llvm module passes
  time: 11.375 	codegen passes
  time: 0.001 	codegen passes
time: 56.696 	LLVM passes
  time: 0.171 	running linker
time: 0.577 	linking
rustc: x86_64-unknown-linux-gnu/stage2/lib/rustlib/x86_64-unknown-linux-gnu/lib/librustc_borrowck
time: 0.013 	parsing
time: 0.000 	recursion limit
time: 0.000 	gated macro checking
time: 0.004 	configuration 1
time: 0.000 	crate injection
time: 0.011 	macro loading
time: 0.000 	plugin loading
time: 0.000 	plugin registration
time: 0.057 	expansion
time: 0.001 	complete gated feature checking 1
time: 0.011 	configuration 2
time: 0.005 	maybe building test harness
time: 0.005 	prelude injection
time: 0.000 	checking that all macro invocations are gone
time: 0.000 	complete gated feature checking 2
time: 0.006 	assigning node ids and indexing ast
time: 0.027 	external crate/lib resolution
time: 0.000 	language item collection
time: 0.032 	resolution
time: 0.000 	lifetime resolution
time: 0.000 	looking for entry point
time: 0.000 	looking for plugin registrar
time: 0.004 	region resolution
time: 0.000 	loop checking
time: 0.000 	static item recursion checking
time: 0.005 	type collecting
time: 0.000 	variance inference
time: 0.520 	coherence checking
time: 1.199 	type checking
time: 0.522 	const checking
time: 0.007 	privacy checking
time: 0.000 	stability index
time: 0.001 	intrinsic checking
time: 0.000 	effect checking
time: 0.007 	match checking
time: 0.004 	liveness checking
time: 0.086 	borrow checking
time: 0.081 	rvalue checking
time: 0.000 	reachability checking
time: 0.006 	death checking
time: 0.148 	stability checking
time: 0.000 	unused lib feature checking
time: 0.177 	lint checking
time: 0.000 	resolving dependency formats
time: 3.966 	translation
  time: 0.487 	llvm function passes
  time: 7.108 	llvm module passes
  time: 2.161 	codegen passes
  time: 0.000 	codegen passes
time: 9.910 	LLVM passes
  time: 0.063 	running linker
time: 0.147 	linking
rustc: x86_64-unknown-linux-gnu/stage2/lib/rustlib/x86_64-unknown-linux-gnu/lib/librustc_resolve
time: 0.016 	parsing
time: 0.000 	recursion limit
time: 0.000 	gated macro checking
time: 0.006 	configuration 1
time: 0.000 	crate injection
time: 0.011 	macro loading
time: 0.000 	plugin loading
time: 0.000 	plugin registration
time: 0.071 	expansion
time: 0.001 	complete gated feature checking 1
time: 0.013 	configuration 2
time: 0.007 	maybe building test harness
time: 0.006 	prelude injection
time: 0.000 	checking that all macro invocations are gone
time: 0.000 	complete gated feature checking 2
time: 0.007 	assigning node ids and indexing ast
time: 0.027 	external crate/lib resolution
time: 0.000 	language item collection
time: 0.044 	resolution
time: 0.000 	lifetime resolution
time: 0.000 	looking for entry point
time: 0.000 	looking for plugin registrar
time: 0.006 	region resolution
time: 0.000 	loop checking
time: 0.000 	static item recursion checking
time: 0.004 	type collecting
time: 0.000 	variance inference
time: 0.555 	coherence checking
time: 1.627 	type checking
time: 0.738 	const checking
time: 0.007 	privacy checking
time: 0.000 	stability index
time: 0.002 	intrinsic checking
time: 0.001 	effect checking
time: 0.007 	match checking
time: 0.006 	liveness checking
time: 0.080 	borrow checking
time: 0.073 	rvalue checking
time: 0.000 	reachability checking
time: 0.005 	death checking
time: 0.211 	stability checking
time: 0.000 	unused lib feature checking
time: 0.236 	lint checking
time: 0.000 	resolving dependency formats
time: 5.247 	translation
  time: 0.664 	llvm function passes
  time: 9.040 	llvm module passes
  time: 2.797 	codegen passes
  time: 0.000 	codegen passes
time: 12.703 	LLVM passes
  time: 0.109 	running linker
time: 0.213 	linking
rustc: x86_64-unknown-linux-gnu/stage2/lib/rustlib/x86_64-unknown-linux-gnu/lib/librustc_trans
time: 0.107 	parsing
time: 0.000 	recursion limit
time: 0.002 	gated macro checking
time: 0.044 	configuration 1
time: 0.000 	crate injection
time: 0.013 	macro loading
time: 0.000 	plugin loading
time: 0.000 	plugin registration
time: 0.391 	expansion
time: 0.013 	complete gated feature checking 1
time: 0.077 	configuration 2
time: 0.040 	maybe building test harness
time: 0.037 	prelude injection
time: 0.005 	checking that all macro invocations are gone
time: 0.013 	complete gated feature checking 2
time: 0.046 	assigning node ids and indexing ast
time: 0.027 	external crate/lib resolution
time: 0.011 	language item collection
time: 0.209 	resolution
time: 0.008 	lifetime resolution
time: 0.000 	looking for entry point
time: 0.005 	looking for plugin registrar
time: 0.046 	region resolution
time: 0.005 	loop checking
time: 0.005 	static item recursion checking
time: 0.034 	type collecting
time: 0.011 	variance inference
time: 0.994 	coherence checking
time: 6.834 	type checking
time: 4.383 	const checking
time: 0.094 	privacy checking
time: 0.002 	stability index
time: 0.024 	intrinsic checking
time: 0.017 	effect checking
time: 0.073 	match checking
time: 0.054 	liveness checking
time: 0.693 	borrow checking
time: 0.501 	rvalue checking
time: 0.000 	reachability checking
time: 0.052 	death checking
time: 0.810 	stability checking
time: 0.000 	unused lib feature checking
time: 1.001 	lint checking
time: 0.000 	resolving dependency formats
time: 22.160 	translation
  time: 2.466 	llvm function passes
  time: 41.029 	llvm module passes
  time: 12.970 	codegen passes
  time: 0.001 	codegen passes
time: 57.438 	LLVM passes
  time: 0.190 	running linker
time: 0.635 	linking
rustc: x86_64-unknown-linux-gnu/stage2/lib/rustlib/x86_64-unknown-linux-gnu/lib/librustc_privacy
time: 0.004 	parsing
time: 0.000 	recursion limit
time: 0.000 	gated macro checking
time: 0.001 	configuration 1
time: 0.000 	crate injection
time: 0.010 	macro loading
time: 0.000 	plugin loading
time: 0.000 	plugin registration
time: 0.015 	expansion
time: 0.000 	complete gated feature checking 1
time: 0.003 	configuration 2
time: 0.001 	maybe building test harness
time: 0.001 	prelude injection
time: 0.000 	checking that all macro invocations are gone
time: 0.000 	complete gated feature checking 2
time: 0.001 	assigning node ids and indexing ast
time: 0.028 	external crate/lib resolution
time: 0.000 	language item collection
time: 0.015 	resolution
time: 0.000 	lifetime resolution
time: 0.000 	looking for entry point
time: 0.000 	looking for plugin registrar
time: 0.001 	region resolution
time: 0.000 	loop checking
time: 0.000 	static item recursion checking
time: 0.001 	type collecting
time: 0.000 	variance inference
time: 0.159 	coherence checking
time: 0.354 	type checking
time: 0.153 	const checking
time: 0.002 	privacy checking
time: 0.000 	stability index
time: 0.000 	intrinsic checking
time: 0.000 	effect checking
time: 0.001 	match checking
time: 0.001 	liveness checking
time: 0.017 	borrow checking
time: 0.011 	rvalue checking
time: 0.000 	reachability checking
time: 0.002 	death checking
time: 0.054 	stability checking
time: 0.000 	unused lib feature checking
time: 0.066 	lint checking
time: 0.000 	resolving dependency formats
time: 2.209 	translation
  time: 0.233 	llvm function passes
  time: 1.702 	llvm module passes
  time: 0.540 	codegen passes
  time: 0.000 	codegen passes
time: 2.512 	LLVM passes
  time: 0.047 	running linker
time: 0.072 	linking
rustc: x86_64-unknown-linux-gnu/stage2/lib/rustlib/x86_64-unknown-linux-gnu/lib/librustc_lint
time: 0.007 	parsing
time: 0.000 	recursion limit
time: 0.000 	gated macro checking
time: 0.003 	configuration 1
time: 0.000 	crate injection
time: 0.039 	macro loading
time: 0.000 	plugin loading
time: 0.000 	plugin registration
time: 0.022 	expansion
time: 0.000 	complete gated feature checking 1
time: 0.004 	configuration 2
time: 0.002 	maybe building test harness
time: 0.002 	prelude injection
time: 0.000 	checking that all macro invocations are gone
time: 0.000 	complete gated feature checking 2
time: 0.002 	assigning node ids and indexing ast
time: 0.000 	external crate/lib resolution
time: 0.000 	language item collection
time: 0.021 	resolution
time: 0.000 	lifetime resolution
time: 0.000 	looking for entry point
time: 0.000 	looking for plugin registrar
time: 0.001 	region resolution
time: 0.000 	loop checking
time: 0.000 	static item recursion checking
time: 0.002 	type collecting
time: 0.000 	variance inference
time: 0.429 	coherence checking
time: 0.414 	type checking
time: 0.259 	const checking
time: 0.003 	privacy checking
time: 0.000 	stability index
time: 0.000 	intrinsic checking
time: 0.000 	effect checking
time: 0.001 	match checking
time: 0.001 	liveness checking
time: 0.020 	borrow checking
time: 0.014 	rvalue checking
time: 0.000 	reachability checking
time: 0.002 	death checking
time: 0.052 	stability checking
time: 0.000 	unused lib feature checking
time: 0.057 	lint checking
time: 0.000 	resolving dependency formats
time: 2.687 	translation
  time: 0.294 	llvm function passes
  time: 2.487 	llvm module passes
  time: 0.992 	codegen passes
  time: 0.000 	codegen passes
time: 3.827 	LLVM passes
  time: 0.109 	running linker
time: 0.148 	linking
rustc: x86_64-unknown-linux-gnu/stage2/lib/rustlib/x86_64-unknown-linux-gnu/lib/librustc_driver
time: 0.010 	parsing
time: 0.000 	recursion limit
time: 0.000 	gated macro checking
time: 0.004 	configuration 1
time: 0.000 	crate injection
time: 0.011 	macro loading
time: 0.000 	plugin loading
time: 0.000 	plugin registration
time: 0.026 	expansion
time: 0.000 	complete gated feature checking 1
time: 0.005 	configuration 2
time: 0.002 	maybe building test harness
time: 0.002 	prelude injection
time: 0.000 	checking that all macro invocations are gone
time: 0.000 	complete gated feature checking 2
time: 0.002 	assigning node ids and indexing ast
time: 0.033 	external crate/lib resolution
time: 0.000 	language item collection
time: 0.031 	resolution
time: 0.000 	lifetime resolution
time: 0.000 	looking for entry point
time: 0.000 	looking for plugin registrar
time: 0.001 	region resolution
time: 0.000 	loop checking
time: 0.000 	static item recursion checking
time: 0.002 	type collecting
time: 0.000 	variance inference
time: 0.330 	coherence checking
time: 1.031 	type checking
time: 0.483 	const checking
time: 0.004 	privacy checking
time: 0.000 	stability index
time: 0.000 	intrinsic checking
time: 0.000 	effect checking
time: 0.003 	match checking
time: 0.001 	liveness checking
time: 0.038 	borrow checking
time: 0.110 	rvalue checking
time: 0.000 	reachability checking
time: 0.003 	death checking
time: 0.078 	stability checking
time: 0.000 	unused lib feature checking
time: 0.088 	lint checking
time: 0.000 	resolving dependency formats
time: 10.821 	translation
  time: 1.487 	llvm function passes
  time: 24.532 	llvm module passes
  time: 5.285 	codegen passes
  time: 0.000 	codegen passes
time: 31.762 	LLVM passes
  time: 0.123 	running linker
time: 0.327 	linking
rustc: x86_64-unknown-linux-gnu/stage2/lib/rustlib/x86_64-unknown-linux-gnu/lib/librustdoc
time: 0.034 	parsing
time: 0.000 	recursion limit
time: 0.000 	gated macro checking
time: 0.014 	configuration 1
time: 0.000 	crate injection
time: 0.008 	macro loading
time: 0.000 	plugin loading
time: 0.000 	plugin registration
time: 0.186 	expansion
time: 0.006 	complete gated feature checking 1
time: 0.046 	configuration 2
time: 0.023 	maybe building test harness
time: 0.022 	prelude injection
time: 0.002 	checking that all macro invocations are gone
time: 0.005 	complete gated feature checking 2
time: 0.025 	assigning node ids and indexing ast
time: 0.040 	external crate/lib resolution
time: 0.005 	language item collection
time: 0.101 	resolution
time: 0.004 	lifetime resolution
time: 0.000 	looking for entry point
time: 0.002 	looking for plugin registrar
time: 0.021 	region resolution
time: 0.003 	loop checking
time: 0.003 	static item recursion checking
time: 0.019 	type collecting
time: 0.005 	variance inference
time: 1.943 	coherence checking
time: 9.155 	type checking
time: 3.703 	const checking
time: 0.030 	privacy checking
time: 0.000 	stability index
time: 0.006 	intrinsic checking
time: 0.005 	effect checking
time: 0.128 	match checking
time: 0.020 	liveness checking
time: 3.799 	borrow checking
time: 2.193 	rvalue checking
time: 0.002 	reachability checking
time: 0.020 	death checking
time: 0.500 	stability checking
time: 0.000 	unused lib feature checking
time: 0.589 	lint checking
time: 0.000 	resolving dependency formats
time: 22.885 	translation
  time: 1.932 	llvm function passes
  time: 38.242 	llvm module passes
  time: 11.599 	codegen passes
  time: 0.001 	codegen passes
time: 52.556 	LLVM passes
  time: 0.156 	running linker
time: 0.575 	linking
rustc: x86_64-unknown-linux-gnu/stage1/lib/rustlib/x86_64-unknown-linux-gnu/bin/rustbook
cp: x86_64-unknown-linux-gnu/stage2/bin/rustbook
rustbook: doc/book/index.html
rustbook: doc/style/index.html
rustdoc: doc/not_found.html
rustdoc: doc/index.html
rustdoc: doc/intro.html
rustdoc: doc/tutorial.html
rustdoc: doc/complement-lang-faq.html
rustdoc: doc/complement-design-faq.html
rustdoc: doc/complement-project-faq.html
rustdoc: doc/rustdoc.html
rustdoc: doc/reference.html
rustdoc: doc/grammar.html
rustdoc: doc/guide-crates.html
rustdoc: doc/guide-error-handling.html
rustdoc: doc/guide-ffi.html
rustdoc: doc/guide-macros.html
rustdoc: doc/guide.html
rustdoc: doc/guide-ownership.html
rustdoc: doc/guide-plugins.html
rustdoc: doc/guide-pointers.html
rustdoc: doc/guide-strings.html
rustdoc: doc/guide-tasks.html
rustdoc: doc/guide-testing.html
rustdoc: doc/libc/index.html
rustdoc: doc/std/index.html
rustdoc: doc/flate/index.html
rustdoc: doc/arena/index.html
rustdoc: doc/term/index.html
rustdoc: doc/serialize/index.html
rustdoc: doc/collections/index.html
rustdoc: doc/test/index.html
rustdoc: doc/rand/index.html
rustdoc: doc/graphviz/index.html
rustdoc: doc/core/index.html
rustdoc: doc/rbml/index.html
rustdoc: doc/alloc/index.html
rustdoc: doc/unicode/index.html
rustdoc: doc/rustc_bitflags/index.html
rustdoc: doc/rustc_back/index.html
rustdoc: doc/rustc_llvm/index.html
rustdoc: doc/rustdoc/index.html
rustdoc: doc/fmt_macros/index.html
