commit 5d3ec6b0a0f6f95412235dc5a6b5d416187a01f3
Merge: aa7a2e9 2b093b7
Author: bors <bors@rust-lang.org>
Date:   Wed Dec 14 06:26:21 2016 +0000

    Auto merge of #38332 - bluss:copy-prop-arguments, r=eddyb
    
    Allow copy-propagation of function arguments
    
    Allow propagating function argument locals in copy propagation.
rustc: ./syntex-0.42.2
find . -name '*.rs' | xargs touch
RUSTFLAGS="-Z incremental=incr" \
    cargo rustc -p syntex_syntax  -- \
    -Ztime-passes -Zinput-stats -Z incremental-info
time: 0.092; rss: 75MB	parsing
Lines of code:             33687
Pre-expansion node count:  223115
time: 0.000; rss: 75MB	recursion limit
time: 0.000; rss: 75MB	crate injection
time: 0.000; rss: 75MB	plugin loading
time: 0.000; rss: 75MB	plugin registration
time: 0.247; rss: 151MB	expansion
time: 0.000; rss: 151MB	maybe building test harness
time: 0.006; rss: 151MB	maybe creating a macro crate
Post-expansion node count: 638863
time: 0.000; rss: 151MB	checking for inline asm in case the target doesn't support it
time: 0.012; rss: 151MB	complete gated feature checking
time: 0.023; rss: 151MB	early lint checks
time: 0.007; rss: 151MB	AST validation
time: 0.076; rss: 166MB	name resolution
time: 0.059; rss: 199MB	lowering ast -> hir
time: 0.010; rss: 192MB	indexing hir
time: 0.006; rss: 192MB	attribute checking
time: 0.002; rss: 153MB	language item collection
time: 0.011; rss: 155MB	lifetime resolution
time: 0.000; rss: 155MB	looking for entry point
time: 0.000; rss: 155MB	looking for plugin registrar
time: 0.047; rss: 176MB	region resolution
time: 0.008; rss: 176MB	loop checking
time: 0.002; rss: 176MB	static item recursion checking
time: 0.381; rss: 178MB	compute_incremental_hashes_map
time: 0.000; rss: 178MB	load_dep_graph
time: 0.009; rss: 178MB	stability index
time: 0.021; rss: 181MB	stability checking
time: 0.056; rss: 189MB	type collecting
time: 0.004; rss: 189MB	variance inference
time: 0.006; rss: 193MB	impl wf inference
time: 0.026; rss: 197MB	coherence checking
time: 0.089; rss: 199MB	wf checking
time: 0.197; rss: 208MB	item-types checking
time: 3.590; rss: 266MB	item-bodies checking
time: 0.000; rss: 266MB	drop-impl checking
time: 0.220; rss: 276MB	const checking
time: 0.059; rss: 277MB	privacy checking
time: 0.021; rss: 283MB	intrinsic checking
time: 0.016; rss: 283MB	effect checking
time: 0.050; rss: 283MB	match checking
time: 0.049; rss: 290MB	liveness checking
time: 0.180; rss: 292MB	rvalue checking
time: 0.369; rss: 481MB	MIR dump
  time: 0.056; rss: 483MB	SimplifyCfg
  time: 0.076; rss: 483MB	QualifyAndPromoteConstants
  time: 0.120; rss: 500MB	TypeckMir
  time: 0.005; rss: 500MB	SimplifyBranches
  time: 0.033; rss: 500MB	SimplifyCfg
time: 0.289; rss: 500MB	MIR cleanup and validation
time: 0.481; rss: 500MB	borrow checking
time: 0.026; rss: 500MB	reachability checking
time: 0.044; rss: 500MB	death checking
time: 0.000; rss: 500MB	unused lib feature checking
time: 0.184; rss: 500MB	lint checking
time: 0.000; rss: 500MB	resolving dependency formats
  time: 0.004; rss: 500MB	NoLandingPads
  time: 0.027; rss: 500MB	SimplifyCfg
  time: 0.065; rss: 509MB	EraseRegions
  time: 0.011; rss: 509MB	AddCallGuards
  time: 0.272; rss: 528MB	ElaborateDrops
  time: 0.004; rss: 528MB	NoLandingPads
  time: 0.052; rss: 528MB	SimplifyCfg
  time: 0.029; rss: 528MB	InstCombine
  time: 0.012; rss: 528MB	Deaggregator
  time: 0.004; rss: 528MB	CopyPropagation
  time: 0.035; rss: 528MB	SimplifyLocals
  time: 0.010; rss: 528MB	AddCallGuards
  time: 0.003; rss: 528MB	PreTrans
time: 0.527; rss: 528MB	MIR optimisations
  time: 0.066; rss: 537MB	write metadata
  time: 0.400; rss: 551MB	translation item collection
  time: 0.072; rss: 555MB	codegen unit partitioning
  time: 0.049; rss: 1456MB	internalize symbols
time: 11.987; rss: 1456MB	translation
time: 0.000; rss: 1456MB	assert dep graph
time: 1.456; rss: 1485MB	serialize dep graph
incremental: re-using 0 out of 50 modules
time: 0.000; rss: 1195MB	llvm function passes [0]
time: 0.000; rss: 1195MB	llvm module passes [0]
time: 0.001; rss: 1201MB	llvm function passes [2]
time: 0.000; rss: 1205MB	llvm module passes [2]
time: 0.002; rss: 1218MB	llvm function passes [1]
time: 0.000; rss: 1218MB	llvm module passes [1]
time: 0.003; rss: 1222MB	llvm function passes [3]
time: 0.000; rss: 1222MB	llvm module passes [3]
time: 0.003; rss: 1222MB	llvm function passes [4]
time: 0.001; rss: 1233MB	llvm function passes [10]
time: 0.001; rss: 1233MB	llvm module passes [10]
time: 0.012; rss: 1247MB	llvm function passes [5]
time: 0.015; rss: 1250MB	llvm function passes [6]
time: 0.006; rss: 1252MB	llvm module passes [6]
time: 0.000; rss: 1252MB	llvm function passes [13]
time: 0.000; rss: 1256MB	llvm module passes [13]
time: 0.019; rss: 1260MB	llvm function passes [21]
time: 0.023; rss: 1260MB	llvm module passes [4]
time: 0.024; rss: 1262MB	llvm function passes [36]
time: 0.009; rss: 1262MB	llvm module passes [21]
time: 0.010; rss: 1264MB	llvm module passes [36]
time: 0.000; rss: 1266MB	llvm function passes [15]
time: 0.036; rss: 1266MB	llvm module passes [5]
time: 0.029; rss: 1266MB	llvm function passes [11]
time: 0.045; rss: 1266MB	llvm function passes [39]
time: 0.047; rss: 1266MB	llvm function passes [24]
time: 0.016; rss: 1266MB	llvm module passes [15]
time: 0.015; rss: 1271MB	llvm module passes [11]
time: 0.012; rss: 1271MB	llvm module passes [39]
time: 0.011; rss: 1271MB	llvm module passes [24]
time: 0.000; rss: 1283MB	llvm function passes [16]
time: 0.000; rss: 1283MB	llvm module passes [16]
time: 0.057; rss: 1302MB	llvm function passes [14]
time: 0.000; rss: 1304MB	llvm module passes [14]
time: 0.074; rss: 1321MB	llvm function passes [28]
time: 0.064; rss: 1325MB	llvm function passes [20]
time: 0.001; rss: 1325MB	llvm module passes [20]
time: 0.073; rss: 1340MB	llvm function passes [26]
time: 0.000; rss: 1340MB	llvm module passes [26]
time: 0.131; rss: 1340MB	llvm function passes [7]
time: 0.002; rss: 1351MB	llvm function passes [42]
time: 0.002; rss: 1351MB	llvm module passes [42]
time: 0.017; rss: 1351MB	llvm function passes [33]
time: 0.004; rss: 1350MB	llvm module passes [33]
time: 0.025; rss: 1357MB	llvm function passes [41]
time: 0.012; rss: 1359MB	llvm module passes [41]
time: 0.124; rss: 1359MB	llvm function passes [27]
time: 0.066; rss: 1359MB	llvm module passes [7]
time: 0.126; rss: 1362MB	llvm module passes [28]
time: 0.004; rss: 1363MB	llvm function passes [48]
time: 0.001; rss: 1363MB	llvm module passes [48]
time: 0.031; rss: 1363MB	llvm module passes [27]
time: 0.237; rss: 1363MB	llvm function passes [8]
time: 0.216; rss: 1363MB	llvm function passes [12]
time: 0.231; rss: 1363MB	llvm function passes [23]
time: 0.123; rss: 1369MB	llvm function passes [35]
time: 0.175; rss: 1371MB	llvm function passes [19]
time: 0.009; rss: 1374MB	llvm module passes [35]
time: 0.157; rss: 1374MB	llvm function passes [37]
time: 0.029; rss: 1377MB	llvm module passes [37]
time: 0.042; rss: 1382MB	llvm module passes [19]
time: 0.250; rss: 1384MB	llvm function passes [9]
time: 0.172; rss: 1384MB	llvm function passes [29]
time: 0.092; rss: 1386MB	llvm module passes [12]
time: 0.191; rss: 1388MB	llvm function passes [47]
time: 0.026; rss: 1386MB	llvm module passes [9]
time: 0.168; rss: 1409MB	llvm function passes [46]
time: 0.068; rss: 1415MB	llvm module passes [29]
time: 0.190; rss: 1419MB	llvm function passes [43]
time: 0.327; rss: 1421MB	llvm function passes [32]
time: 0.317; rss: 1423MB	llvm function passes [17]
time: 0.277; rss: 1413MB	llvm function passes [49]
time: 0.028; rss: 1425MB	llvm module passes [43]
time: 0.059; rss: 1426MB	llvm module passes [46]
time: 0.182; rss: 1428MB	llvm function passes [38]
time: 0.005; rss: 1428MB	llvm module passes [38]
time: 0.374; rss: 1430MB	codegen passes [0]
time: 0.000; rss: 1430MB	codegen passes [0]
time: 0.368; rss: 1433MB	llvm function passes [18]
time: 0.376; rss: 1433MB	codegen passes [16]
time: 0.380; rss: 1433MB	codegen passes [13]
time: 0.414; rss: 1439MB	codegen passes [2]
time: 0.253; rss: 1439MB	llvm module passes [23]
time: 0.077; rss: 1439MB	llvm module passes [17]
time: 0.086; rss: 1438MB	llvm module passes [32]
time: 0.423; rss: 1438MB	codegen passes [1]
time: 0.266; rss: 1442MB	llvm module passes [8]
time: 0.078; rss: 1444MB	llvm module passes [18]
time: 0.434; rss: 1446MB	codegen passes [26]
time: 0.420; rss: 1448MB	llvm function passes [30]
time: 0.145; rss: 1448MB	llvm function passes [22]
time: 0.487; rss: 1447MB	codegen passes [14]
time: 0.509; rss: 1451MB	codegen passes [15]
time: 0.363; rss: 1449MB	codegen passes [48]
time: 0.324; rss: 1452MB	codegen passes [42]
time: 0.514; rss: 1450MB	codegen passes [4]
time: 0.522; rss: 1450MB	codegen passes [10]
time: 0.514; rss: 1452MB	codegen passes [3]
time: 0.032; rss: 1454MB	llvm module passes [22]
time: 0.507; rss: 1454MB	codegen passes [20]
time: 0.446; rss: 1448MB	llvm function passes [31]
time: 0.226; rss: 1445MB	llvm module passes [49]
time: 0.338; rss: 1441MB	llvm module passes [47]
time: 0.670; rss: 1440MB	llvm function passes [25]
time: 0.033; rss: 1433MB	codegen passes [22]
time: 0.438; rss: 1427MB	llvm function passes [45]
time: 0.016; rss: 1421MB	llvm module passes [45]
time: 0.114; rss: 1419MB	llvm module passes [31]
time: 0.602; rss: 1415MB	llvm function passes [40]
time: 0.018; rss: 1415MB	llvm module passes [40]
time: 0.694; rss: 1435MB	llvm function passes [44]
time: 0.751; rss: 1434MB	llvm function passes [34]
time: 0.598; rss: 1451MB	codegen passes [33]
time: 0.470; rss: 1437MB	codegen passes [38]
time: 0.463; rss: 1446MB	llvm module passes [30]
time: 0.171; rss: 1448MB	llvm module passes [34]
time: 1.070; rss: 1471MB	codegen passes [24]
time: 1.101; rss: 1481MB	codegen passes [5]
time: 0.712; rss: 1448MB	llvm module passes [25]
time: 0.551; rss: 1447MB	llvm module passes [44]
time: 1.219; rss: 1458MB	codegen passes [21]
time: 1.375; rss: 1508MB	codegen passes [35]
time: 1.489; rss: 1507MB	codegen passes [37]
time: 1.249; rss: 1503MB	codegen passes [39]
time: 1.423; rss: 1506MB	codegen passes [6]
time: 1.508; rss: 1456MB	codegen passes [11]
time: 1.647; rss: 1446MB	codegen passes [29]
time: 1.639; rss: 1443MB	codegen passes [36]
time: 1.877; rss: 1450MB	codegen passes [9]
time: 1.372; rss: 1439MB	codegen passes [40]
time: 2.187; rss: 1434MB	codegen passes [41]
time: 1.778; rss: 1441MB	codegen passes [45]
time: 2.335; rss: 1484MB	codegen passes [19]
time: 2.499; rss: 1528MB	codegen passes [43]
time: 2.717; rss: 1540MB	codegen passes [49]
time: 2.521; rss: 1590MB	codegen passes [34]
time: 3.191; rss: 1598MB	codegen passes [27]
time: 3.272; rss: 1596MB	codegen passes [28]
time: 3.339; rss: 1638MB	codegen passes [18]
time: 3.628; rss: 1634MB	codegen passes [12]
time: 4.077; rss: 1702MB	codegen passes [46]
time: 3.854; rss: 1673MB	codegen passes [47]
time: 4.209; rss: 1643MB	codegen passes [17]
time: 4.280; rss: 1600MB	codegen passes [7]
time: 3.777; rss: 1556MB	codegen passes [32]
time: 4.013; rss: 1555MB	codegen passes [31]
time: 4.219; rss: 1529MB	codegen passes [44]
time: 5.101; rss: 1495MB	codegen passes [23]
time: 5.313; rss: 1492MB	codegen passes [8]
time: 5.403; rss: 1436MB	codegen passes [30]
time: 5.410; rss: 1332MB	codegen passes [25]
time: 7.590; rss: 1331MB	LLVM passes
time: 0.000; rss: 1331MB	serialize work products
time: 1.061; rss: 294MB	linking
done
