commit 86dde9bbda92c02c61282b5df5d38338a798ef3b
Merge: acd3f79 4b5007a
Author: bors <bors@rust-lang.org>
Date:   Sun Aug 28 21:57:51 2016 -0700

    Auto merge of #36062 - japaric:smarter-submodules, r=alexcrichton
    
    rustbuild: smarter `git submodule`-ing
    
    With this commit, if one bootstraps rust against system llvm then the
    src/llvm submodule is not updated/checked-out. This saves considerable
    network bandwith when starting from a fresh clone of rust-lang/rust as
    the llvm submodule is never cloned.
    
    cc #30107
    
    r? @alexcrichton
    cc @petevine
    
    ~~We could also avoid updating the jemalloc submodule if --disable-jemalloc is used. It just hasn't been implemented.~~ Done
    
    This probably doesn't handle "recursive" submodules correctly but I think we don't have any of those right now.
    
    I'm still testing a bootstrap but already confirmed that the llvm submodule doesn't get updated when `--llvm-root` is passed to `configure`.
rustc: ./syntex-0.42.2
cargo rustc -- -Ztime-passes -Zinput-stats
   Compiling rustc-serialize v0.3.19
   Compiling log v0.3.6
   Compiling bitflags v0.5.0
   Compiling libc v0.2.15
   Compiling winapi v0.2.8
   Compiling winapi-build v0.1.1
   Compiling unicode-xid v0.0.3
   Compiling kernel32-sys v0.2.2
   Compiling term v0.4.4
   Compiling syntex_pos v0.42.0
   Compiling syntex_errors v0.42.0
   Compiling syntex_syntax v0.42.0
   Compiling syntex v0.42.2
   Compiling incremental-syntex v0.1.0 (file:///root/benchmarks/syntex-0.42.2)
time: 0.000; rss: 42MB	parsing
Lines of code:             3
Pre-expansion node count:  8
time: 0.000; rss: 42MB	configuration
time: 0.000; rss: 42MB	recursion limit
time: 0.000; rss: 42MB	crate injection
time: 0.000; rss: 42MB	plugin loading
time: 0.000; rss: 42MB	plugin registration
time: 0.017; rss: 63MB	expansion
time: 0.000; rss: 63MB	maybe building test harness
time: 0.000; rss: 63MB	assigning node ids
Post-expansion node count: 68
time: 0.000; rss: 63MB	checking for inline asm in case the target doesn't support it
time: 0.000; rss: 63MB	complete gated feature checking
time: 0.000; rss: 63MB	collecting defs
time: 0.002; rss: 63MB	external crate/lib resolution
time: 0.000; rss: 63MB	early lint checks
time: 0.000; rss: 63MB	AST validation
time: 0.000; rss: 63MB	name resolution
time: 0.000; rss: 63MB	lowering ast -> hir
time: 0.000; rss: 63MB	indexing hir
time: 0.000; rss: 63MB	attribute checking
time: 0.000; rss: 63MB	language item collection
time: 0.000; rss: 63MB	lifetime resolution
time: 0.000; rss: 63MB	looking for entry point
time: 0.000; rss: 63MB	looking for plugin registrar
time: 0.000; rss: 63MB	region resolution
time: 0.000; rss: 63MB	loop checking
time: 0.000; rss: 63MB	static item recursion checking
time: 0.000; rss: 63MB	compute_incremental_hashes_map
time: 0.000; rss: 63MB	load_dep_graph
time: 0.000; rss: 63MB	type collecting
time: 0.000; rss: 63MB	variance inference
time: 0.004; rss: 67MB	coherence checking
time: 0.000; rss: 67MB	wf checking
time: 0.000; rss: 67MB	item-types checking
time: 0.000; rss: 67MB	item-bodies checking
time: 0.000; rss: 67MB	drop-impl checking
time: 0.000; rss: 67MB	const checking
time: 0.000; rss: 67MB	privacy checking
time: 0.000; rss: 67MB	stability index
time: 0.000; rss: 67MB	intrinsic checking
time: 0.000; rss: 67MB	effect checking
time: 0.000; rss: 67MB	match checking
time: 0.000; rss: 67MB	liveness checking
time: 0.000; rss: 67MB	rvalue checking
time: 0.000; rss: 67MB	MIR dump
time: 0.000; rss: 67MB	MIR passes
time: 0.000; rss: 67MB	borrow checking
time: 0.000; rss: 67MB	reachability checking
time: 0.000; rss: 67MB	death checking
time: 0.000; rss: 67MB	stability checking
time: 0.000; rss: 67MB	unused lib feature checking
time: 0.000; rss: 67MB	lint checking
time: 0.001; rss: 71MB	resolving dependency formats
time: 0.000; rss: 71MB	Prepare MIR codegen passes
  time: 0.000; rss: 71MB	write metadata
  time: 0.001; rss: 71MB	translation item collection
  time: 0.000; rss: 71MB	codegen unit partitioning
  time: 0.000; rss: 71MB	internalize symbols
time: 0.008; rss: 71MB	translation
time: 0.000; rss: 71MB	assert dep graph
time: 0.000; rss: 71MB	serialize dep graph
  time: 0.000; rss: 71MB	llvm function passes [0]
  time: 0.000; rss: 71MB	llvm module passes [0]
  time: 0.002; rss: 75MB	codegen passes [0]
  time: 0.000; rss: 75MB	codegen passes [0]
time: 0.003; rss: 75MB	LLVM passes
time: 0.000; rss: 75MB	serialize work products
  time: 0.108; rss: 75MB	running linker
time: 0.109; rss: 75MB	linking
done
