commit 97b561a0944141a02a0cebe577c3c69e436abcf4
Merge: 739d571 8154a6b
Author: bors <bors@rust-lang.org>
Date:   Wed Sep 14 04:57:47 2016 -0700

    Auto merge of #35667 - ollie27:rustdoc_opaque_structs, r=steveklabnik
    
    rustdoc: Don't add extra newlines for fully opaque structs
    
    Changes the definition for braced structs with only private or hidden fields to save space on the page.
    
    Before:
    ```
    pub struct Vec<T> {
        // some fields omitted
    }
    ```
    After:
    ```
    pub struct Vec<T> { /* fields omitted */ }
    ```
    
    This also cleans up empty braced structs.
    
    Before:
    ```
    pub struct Foo {
    }
    ```
    After:
    ```
    pub struct Foo {}
    ```
    
    [before](https://doc.rust-lang.org/nightly/std/vec/struct.Vec.html) [after](https://ollie27.github.io/rust_doc_test/std/vec/struct.Vec.html)
    
    cc #34713
rustc: ./syntex-0.42.2
cargo rustc -- -Ztime-passes -Zinput-stats
   Compiling winapi-build v0.1.1
   Compiling log v0.3.6
   Compiling libc v0.2.15
   Compiling bitflags v0.5.0
   Compiling winapi v0.2.8
   Compiling rustc-serialize v0.3.19
   Compiling unicode-xid v0.0.3
   Compiling kernel32-sys v0.2.2
   Compiling term v0.4.4
   Compiling syntex_pos v0.42.0
   Compiling syntex_errors v0.42.0
   Compiling syntex_syntax v0.42.0
   Compiling syntex v0.42.2
   Compiling incremental-syntex v0.1.0 (file:///root/benchmarks/syntex-0.42.2)
time: 0.000; rss: 43MB	parsing
Lines of code:             3
Pre-expansion node count:  8
time: 0.000; rss: 43MB	recursion limit
time: 0.000; rss: 43MB	crate injection
time: 0.000; rss: 43MB	plugin loading
time: 0.000; rss: 43MB	plugin registration
time: 0.017; rss: 67MB	expansion
time: 0.000; rss: 67MB	maybe building test harness
time: 0.000; rss: 67MB	maybe creating a macro crate
time: 0.000; rss: 67MB	assigning node ids
Post-expansion node count: 68
time: 0.000; rss: 67MB	checking for inline asm in case the target doesn't support it
time: 0.000; rss: 67MB	complete gated feature checking
time: 0.000; rss: 67MB	collecting defs
time: 0.002; rss: 67MB	external crate/lib resolution
time: 0.000; rss: 67MB	early lint checks
time: 0.000; rss: 67MB	AST validation
time: 0.000; rss: 67MB	name resolution
time: 0.000; rss: 67MB	lowering ast -> hir
time: 0.000; rss: 67MB	indexing hir
time: 0.000; rss: 67MB	attribute checking
time: 0.000; rss: 67MB	language item collection
time: 0.000; rss: 67MB	lifetime resolution
time: 0.000; rss: 67MB	looking for entry point
time: 0.000; rss: 67MB	looking for plugin registrar
time: 0.000; rss: 67MB	region resolution
time: 0.000; rss: 67MB	loop checking
time: 0.000; rss: 67MB	static item recursion checking
time: 0.000; rss: 67MB	compute_incremental_hashes_map
time: 0.000; rss: 67MB	load_dep_graph
time: 0.000; rss: 71MB	type collecting
time: 0.000; rss: 71MB	variance inference
time: 0.004; rss: 71MB	coherence checking
time: 0.000; rss: 71MB	wf checking
time: 0.000; rss: 71MB	item-types checking
time: 0.000; rss: 71MB	item-bodies checking
time: 0.000; rss: 71MB	drop-impl checking
time: 0.000; rss: 71MB	const checking
time: 0.000; rss: 71MB	privacy checking
time: 0.000; rss: 71MB	stability index
time: 0.000; rss: 71MB	intrinsic checking
time: 0.000; rss: 71MB	effect checking
time: 0.000; rss: 71MB	match checking
time: 0.000; rss: 71MB	liveness checking
time: 0.000; rss: 71MB	rvalue checking
time: 0.000; rss: 71MB	MIR dump
  time: 0.000; rss: 71MB	SimplifyCfg
  time: 0.000; rss: 71MB	QualifyAndPromoteConstants
  time: 0.000; rss: 71MB	TypeckMir
  time: 0.000; rss: 71MB	SimplifyBranches
  time: 0.000; rss: 71MB	SimplifyCfg
time: 0.000; rss: 71MB	MIR passes
time: 0.000; rss: 71MB	borrow checking
time: 0.000; rss: 71MB	reachability checking
time: 0.000; rss: 71MB	death checking
time: 0.000; rss: 71MB	stability checking
time: 0.000; rss: 71MB	unused lib feature checking
time: 0.000; rss: 71MB	lint checking
time: 0.001; rss: 71MB	resolving dependency formats
  time: 0.000; rss: 71MB	NoLandingPads
  time: 0.000; rss: 71MB	SimplifyCfg
  time: 0.000; rss: 71MB	EraseRegions
  time: 0.000; rss: 71MB	AddCallGuards
  time: 0.000; rss: 71MB	ElaborateDrops
  time: 0.000; rss: 71MB	NoLandingPads
  time: 0.000; rss: 71MB	SimplifyCfg
  time: 0.000; rss: 71MB	Deaggregator
  time: 0.000; rss: 71MB	AddCallGuards
  time: 0.000; rss: 71MB	PreTrans
time: 0.000; rss: 71MB	Prepare MIR codegen passes
  time: 0.000; rss: 71MB	write metadata
  time: 0.001; rss: 71MB	translation item collection
  time: 0.000; rss: 71MB	codegen unit partitioning
  time: 0.000; rss: 71MB	internalize symbols
time: 0.008; rss: 71MB	translation
time: 0.000; rss: 71MB	assert dep graph
time: 0.000; rss: 71MB	serialize dep graph
  time: 0.000; rss: 75MB	llvm function passes [0]
  time: 0.000; rss: 75MB	llvm module passes [0]
  time: 0.002; rss: 75MB	codegen passes [0]
  time: 0.000; rss: 75MB	codegen passes [0]
time: 0.003; rss: 75MB	LLVM passes
time: 0.000; rss: 75MB	serialize work products
  time: 0.105; rss: 75MB	running linker
time: 0.106; rss: 75MB	linking
done
