commit 6e18e629c29ae4f94c0a16fa2d5259550b0d5e39
Merge: 7aab3d3 39e1a7e
Author: bors <bors@rust-lang.org>
Date:   Mon Jan 9 08:58:28 2017 +0000

    Auto merge of #38923 - petrochenkov:scheck, r=alexcrichton
    
    Avoid large number of stage 0 warnings about --no-stack-check
    
    ```
    ....
    
    rustc: x86_64-pc-windows-gnu/stage0/lib/rustlib/x86_64-pc-windows-gnu/lib/libstd
    warning: the --no-stack-check flag is deprecated and does nothing
    
    rustc: x86_64-pc-windows-gnu/stage0/lib/rustlib/x86_64-pc-windows-gnu/lib/libgetopts
    warning: the --no-stack-check flag is deprecated and does nothing
    
    rustc: x86_64-pc-windows-gnu/stage0/lib/rustlib/x86_64-pc-windows-gnu/lib/libterm
    warning: the --no-stack-check flag is deprecated and does nothing
    
    rustc: x86_64-pc-windows-gnu/stage0/lib/rustlib/x86_64-pc-windows-gnu/lib/liblog
    warning: the --no-stack-check flag is deprecated and does nothing
    
    ....
    ```
    
    r? @alexcrichton
rustc 1.15.0-nightly (daf8c1dfc 2016-12-05)
-rwxr-xr-x 1 root root 9432 Dec  6 15:39 /usr/local/bin/rustc
rustc: ./syntex-0.42.2@020-clean
find . -name '*.rs' | xargs touch
RUSTFLAGS="-Z incremental=incr" \
    cargo rustc -p syntex_syntax  -- \
    -Ztime-passes -Zinput-stats -Z incremental-info
makefile:14: recipe for target 'all@020-clean' failed
done
