commit 2ac7121672ca5c5fe224bed92937590d462b0239
Merge: 7f78b42 194c3fb
Author: bors <bors@rust-lang.org>
Date:   Tue Dec 13 18:29:22 2016 +0000

    Auto merge of #38353 - alexcrichton:fix-nightiles, r=alexcrichton
    
    Another round of nightly fixes
    
    Another three separate errors happened last night:
    
    * Race condition in save analysis failed the OX build
    * Packaging docs that don't exist failed the Android build
    * Packaging save-analysis that doesn't exist failed the cross host builds
    
    It just never ends...
rustc: ./syntex-0.42.2@010-incr
find . -name '*.rs' | xargs touch
RUSTFLAGS="-Z incremental=incr" \
    cargo rustc -p syntex_syntax  -- \
    -Ztime-passes -Zinput-stats -Z incremental-info
time: 0.091; rss: 75MB	parsing
Lines of code:             33687
Pre-expansion node count:  223115
time: 0.000; rss: 75MB	recursion limit
time: 0.000; rss: 75MB	crate injection
time: 0.000; rss: 75MB	plugin loading
time: 0.000; rss: 75MB	plugin registration
time: 0.241; rss: 151MB	expansion
time: 0.000; rss: 151MB	maybe building test harness
time: 0.006; rss: 151MB	maybe creating a macro crate
Post-expansion node count: 638863
time: 0.000; rss: 151MB	checking for inline asm in case the target doesn't support it
time: 0.012; rss: 151MB	complete gated feature checking
time: 0.023; rss: 151MB	early lint checks
time: 0.007; rss: 151MB	AST validation
time: 0.076; rss: 166MB	name resolution
time: 0.058; rss: 199MB	lowering ast -> hir
time: 0.010; rss: 192MB	indexing hir
time: 0.006; rss: 192MB	attribute checking
time: 0.002; rss: 154MB	language item collection
time: 0.011; rss: 156MB	lifetime resolution
time: 0.000; rss: 156MB	looking for entry point
time: 0.000; rss: 156MB	looking for plugin registrar
time: 0.046; rss: 177MB	region resolution
time: 0.007; rss: 177MB	loop checking
time: 0.002; rss: 177MB	static item recursion checking
time: 0.382; rss: 178MB	compute_incremental_hashes_map
time: 0.000; rss: 178MB	load_dep_graph
time: 0.009; rss: 178MB	stability index
time: 0.019; rss: 181MB	stability checking
time: 0.053; rss: 189MB	type collecting
time: 0.004; rss: 189MB	variance inference
time: 0.006; rss: 193MB	impl wf inference
time: 0.025; rss: 196MB	coherence checking
time: 0.091; rss: 199MB	wf checking
time: 0.197; rss: 207MB	item-types checking
time: 3.595; rss: 266MB	item-bodies checking
time: 0.000; rss: 266MB	drop-impl checking
time: 0.214; rss: 276MB	const checking
time: 0.057; rss: 277MB	privacy checking
time: 0.021; rss: 283MB	intrinsic checking
time: 0.014; rss: 283MB	effect checking
time: 0.049; rss: 283MB	match checking
time: 0.046; rss: 291MB	liveness checking
time: 0.173; rss: 293MB	rvalue checking
time: 0.367; rss: 481MB	MIR dump
  time: 0.057; rss: 483MB	SimplifyCfg
  time: 0.075; rss: 483MB	QualifyAndPromoteConstants
  time: 0.122; rss: 500MB	TypeckMir
  time: 0.004; rss: 500MB	SimplifyBranches
  time: 0.031; rss: 500MB	SimplifyCfg
time: 0.290; rss: 500MB	MIR cleanup and validation
time: 0.471; rss: 500MB	borrow checking
time: 0.024; rss: 500MB	reachability checking
time: 0.038; rss: 500MB	death checking
time: 0.000; rss: 500MB	unused lib feature checking
time: 0.184; rss: 500MB	lint checking
time: 0.000; rss: 500MB	resolving dependency formats
  time: 0.004; rss: 500MB	NoLandingPads
  time: 0.027; rss: 500MB	SimplifyCfg
  time: 0.064; rss: 509MB	EraseRegions
  time: 0.011; rss: 509MB	AddCallGuards
  time: 0.271; rss: 529MB	ElaborateDrops
  time: 0.004; rss: 529MB	NoLandingPads
  time: 0.052; rss: 529MB	SimplifyCfg
  time: 0.028; rss: 528MB	InstCombine
  time: 0.012; rss: 528MB	Deaggregator
  time: 0.004; rss: 528MB	CopyPropagation
  time: 0.035; rss: 528MB	SimplifyLocals
  time: 0.010; rss: 528MB	AddCallGuards
  time: 0.003; rss: 528MB	PreTrans
time: 0.524; rss: 528MB	MIR optimisations
  time: 0.064; rss: 537MB	write metadata
  time: 0.389; rss: 549MB	translation item collection
  time: 0.071; rss: 554MB	codegen unit partitioning
  time: 0.048; rss: 1457MB	internalize symbols
time: 11.737; rss: 1457MB	translation
time: 0.000; rss: 1457MB	assert dep graph
time: 1.434; rss: 1485MB	serialize dep graph
incremental: re-using 0 out of 50 modules
time: 0.000; rss: 1194MB	llvm function passes [3]
time: 0.000; rss: 1196MB	llvm module passes [3]
time: 0.001; rss: 1202MB	llvm function passes [1]
time: 0.000; rss: 1202MB	llvm module passes [1]
time: 0.002; rss: 1204MB	llvm function passes [0]
time: 0.000; rss: 1204MB	llvm module passes [0]
time: 0.003; rss: 1204MB	llvm function passes [4]
time: 0.004; rss: 1204MB	llvm function passes [2]
time: 0.000; rss: 1204MB	llvm module passes [2]
time: 0.001; rss: 1204MB	llvm module passes [4]
time: 0.004; rss: 1204MB	codegen passes [3]
time: 0.007; rss: 1204MB	codegen passes [1]
time: 0.010; rss: 1204MB	llvm function passes [6]
time: 0.001; rss: 1207MB	llvm function passes [7]
time: 0.000; rss: 1207MB	llvm module passes [7]
time: 0.011; rss: 1211MB	codegen passes [2]
time: 0.008; rss: 1211MB	llvm module passes [6]
time: 0.019; rss: 1213MB	llvm function passes [5]
time: 0.017; rss: 1215MB	codegen passes [0]
time: 0.007; rss: 1215MB	llvm module passes [5]
time: 0.015; rss: 1217MB	codegen passes [7]
time: 0.019; rss: 1227MB	llvm function passes [0]
time: 0.023; rss: 1227MB	llvm function passes [2]
time: 0.000; rss: 1231MB	llvm function passes [8]
time: 0.000; rss: 1231MB	llvm module passes [8]
time: 0.009; rss: 1233MB	llvm module passes [2]
time: 0.008; rss: 1233MB	codegen passes [8]
time: 0.021; rss: 1233MB	llvm function passes [28]
time: 0.008; rss: 1235MB	llvm function passes [30]
time: 0.001; rss: 1235MB	llvm module passes [30]
time: 0.025; rss: 1235MB	llvm module passes [0]
time: 0.017; rss: 1235MB	llvm module passes [28]
time: 0.000; rss: 1241MB	llvm function passes [29]
time: 0.000; rss: 1241MB	llvm module passes [29]
time: 0.001; rss: 1241MB	llvm function passes [11]
time: 0.000; rss: 1241MB	llvm module passes [11]
time: 0.000; rss: 1243MB	llvm function passes [33]
time: 0.000; rss: 1243MB	llvm module passes [33]
time: 0.008; rss: 1246MB	codegen passes [33]
time: 0.014; rss: 1252MB	codegen passes [29]
time: 0.000; rss: 1252MB	llvm function passes [29]
time: 0.000; rss: 1252MB	llvm module passes [29]
time: 0.001; rss: 1252MB	codegen passes [29]
time: 0.075; rss: 1254MB	llvm function passes [9]
time: 0.016; rss: 1256MB	codegen passes [11]
time: 0.106; rss: 1258MB	codegen passes [4]
time: 0.078; rss: 1258MB	llvm function passes [10]
time: 0.075; rss: 1269MB	llvm function passes [8]
time: 0.015; rss: 1271MB	llvm module passes [8]
time: 0.052; rss: 1273MB	llvm function passes [12]
time: 0.043; rss: 1279MB	llvm module passes [10]
time: 0.015; rss: 1283MB	llvm module passes [12]
time: 0.103; rss: 1281MB	codegen passes [30]
time: 0.057; rss: 1281MB	llvm function passes [13]
time: 0.124; rss: 1281MB	llvm function passes [32]
time: 0.095; rss: 1283MB	llvm function passes [29]
time: 0.024; rss: 1283MB	llvm module passes [13]
time: 0.110; rss: 1283MB	llvm module passes [9]
time: 0.208; rss: 1283MB	llvm function passes [3]
time: 0.022; rss: 1285MB	llvm module passes [29]
time: 0.051; rss: 1292MB	llvm function passes [14]
time: 0.219; rss: 1292MB	llvm function passes [1]
time: 0.004; rss: 1296MB	llvm module passes [14]
time: 0.079; rss: 1293MB	llvm module passes [32]
time: 0.175; rss: 1305MB	llvm function passes [35]
time: 0.216; rss: 1305MB	llvm function passes [33]
time: 0.089; rss: 1304MB	llvm function passes [16]
time: 0.031; rss: 1309MB	llvm module passes [35]
time: 0.031; rss: 1313MB	llvm module passes [33]
time: 0.333; rss: 1315MB	llvm function passes [7]
time: 0.043; rss: 1315MB	llvm module passes [16]
time: 0.205; rss: 1325MB	llvm function passes [15]
time: 0.207; rss: 1325MB	llvm function passes [36]
time: 0.172; rss: 1325MB	llvm module passes [3]
time: 0.024; rss: 1329MB	llvm module passes [15]
time: 0.243; rss: 1329MB	llvm function passes [37]
time: 0.033; rss: 1331MB	llvm module passes [36]
time: 0.156; rss: 1341MB	llvm function passes [38]
time: 0.121; rss: 1341MB	llvm function passes [20]
time: 0.025; rss: 1345MB	llvm module passes [20]
time: 0.083; rss: 1388MB	llvm function passes [43]
time: 0.001; rss: 1390MB	llvm module passes [43]
time: 0.322; rss: 1390MB	llvm function passes [30]
time: 0.067; rss: 1392MB	llvm function passes [44]
time: 0.000; rss: 1392MB	llvm module passes [44]
time: 0.278; rss: 1391MB	llvm module passes [1]
time: 0.012; rss: 1391MB	codegen passes [44]
time: 0.396; rss: 1397MB	llvm function passes [34]
time: 0.431; rss: 1407MB	llvm function passes [11]
time: 0.118; rss: 1407MB	llvm function passes [22]
time: 0.110; rss: 1406MB	llvm module passes [38]
time: 0.011; rss: 1408MB	llvm module passes [22]
time: 0.149; rss: 1409MB	llvm module passes [37]
time: 0.193; rss: 1409MB	llvm module passes [7]
time: 0.000; rss: 1410MB	codegen passes [39]
time: 0.344; rss: 1410MB	llvm function passes [18]
time: 0.065; rss: 1410MB	llvm module passes [34]
time: 0.002; rss: 1407MB	llvm module passes [18]
time: 0.371; rss: 1413MB	llvm function passes [17]
time: 0.380; rss: 1416MB	codegen passes [14]
time: 0.350; rss: 1416MB	llvm function passes [42]
time: 0.359; rss: 1417MB	llvm function passes [21]
time: 0.198; rss: 1420MB	llvm module passes [30]
time: 0.673; rss: 1418MB	llvm function passes [31]
time: 0.124; rss: 1421MB	llvm module passes [17]
time: 0.075; rss: 1412MB	llvm module passes [42]
time: 0.722; rss: 1409MB	codegen passes [6]
time: 0.434; rss: 1402MB	llvm function passes [19]
time: 0.304; rss: 1403MB	codegen passes [43]
time: 0.687; rss: 1408MB	llvm function passes [4]
time: 0.094; rss: 1422MB	llvm module passes [19]
time: 0.511; rss: 1430MB	llvm function passes [41]
time: 0.309; rss: 1425MB	llvm module passes [21]
time: 0.467; rss: 1427MB	llvm module passes [11]
time: 0.286; rss: 1426MB	codegen passes [18]
time: 0.210; rss: 1429MB	llvm module passes [4]
time: 0.603; rss: 1431MB	codegen passes [22]
time: 0.779; rss: 1430MB	codegen passes [5]
time: 0.585; rss: 1436MB	llvm module passes [31]
time: 1.096; rss: 1441MB	codegen passes [0]
time: 1.220; rss: 1425MB	codegen passes [28]
time: 0.611; rss: 1436MB	llvm module passes [41]
time: 1.189; rss: 1437MB	codegen passes [15]
time: 1.066; rss: 1447MB	codegen passes [10]
time: 1.712; rss: 1418MB	codegen passes [2]
time: 1.481; rss: 1447MB	codegen passes [13]
time: 1.696; rss: 1442MB	codegen passes [12]
time: 1.853; rss: 1464MB	codegen passes [8]
time: 1.502; rss: 1442MB	codegen passes [42]
time: 1.507; rss: 1442MB	codegen passes [19]
time: 1.870; rss: 1483MB	codegen passes [30]
time: 2.368; rss: 1515MB	codegen passes [16]
time: 2.333; rss: 1502MB	codegen passes [29]
time: 2.411; rss: 1499MB	codegen passes [36]
time: 2.559; rss: 1533MB	codegen passes [20]
time: 2.805; rss: 1576MB	codegen passes [9]
time: 3.005; rss: 1569MB	codegen passes [35]
time: 3.325; rss: 1594MB	codegen passes [33]
time: 3.513; rss: 1659MB	codegen passes [32]
time: 3.526; rss: 1671MB	codegen passes [34]
time: 3.760; rss: 1683MB	codegen passes [38]
time: 3.636; rss: 1679MB	codegen passes [21]
time: 4.781; rss: 1708MB	codegen passes [3]
time: 4.184; rss: 1687MB	codegen passes [4]
time: 4.409; rss: 1636MB	codegen passes [17]
time: 3.940; rss: 1609MB	codegen passes [11]
time: 4.161; rss: 1586MB	codegen passes [41]
time: 4.926; rss: 1543MB	codegen passes [7]
time: 5.455; rss: 1490MB	codegen passes [1]
time: 5.049; rss: 1423MB	codegen passes [37]
time: 4.891; rss: 1352MB	codegen passes [31]
time: 7.413; rss: 1352MB	LLVM passes
time: 0.000; rss: 1352MB	serialize work products
time: 1.058; rss: 317MB	linking
done
