commit 603d9ccfbe564e280389e9b3e880d0c53623433d
Merge: eac4146 42b75a5
Author: bors <bors@rust-lang.org>
Date:   Wed Aug 31 00:40:42 2016 -0700

    Auto merge of #34623 - lfairy:repr-conflict, r=Aatch
    
    Warn about multiple conflicting #[repr] hints
    
    Closes #34622
rustc: ./syntex-0.42.2-incr-clean
RUSTFLAGS="-Z incremental=incr -Z incremental-info" cargo rustc -- -Ztime-passes -Zinput-stats
   Compiling winapi-build v0.1.1
   Compiling bitflags v0.5.0
   Compiling winapi v0.2.8
   Compiling unicode-xid v0.0.3
   Compiling libc v0.2.15
   Compiling rustc-serialize v0.3.19
   Compiling log v0.3.6
   Compiling kernel32-sys v0.2.2
   Compiling term v0.4.4
   Compiling syntex_pos v0.42.0
   Compiling syntex_errors v0.42.0
   Compiling syntex_syntax v0.42.0
   Compiling syntex v0.42.2
   Compiling incremental-syntex v0.1.0 (file:///root/benchmarks/syntex-0.42.2-incr-clean)
time: 0.000; rss: 34MB	parsing
Lines of code:             3
Pre-expansion node count:  8
time: 0.000; rss: 34MB	configuration
time: 0.000; rss: 34MB	recursion limit
time: 0.000; rss: 34MB	crate injection
time: 0.000; rss: 34MB	plugin loading
time: 0.000; rss: 34MB	plugin registration
time: 0.019; rss: 59MB	expansion
time: 0.000; rss: 59MB	maybe building test harness
time: 0.000; rss: 59MB	assigning node ids
Post-expansion node count: 68
time: 0.000; rss: 59MB	checking for inline asm in case the target doesn't support it
time: 0.000; rss: 59MB	complete gated feature checking
time: 0.000; rss: 59MB	collecting defs
time: 0.002; rss: 59MB	external crate/lib resolution
time: 0.000; rss: 59MB	early lint checks
time: 0.000; rss: 59MB	AST validation
time: 0.000; rss: 59MB	name resolution
time: 0.000; rss: 59MB	lowering ast -> hir
time: 0.000; rss: 59MB	indexing hir
time: 0.000; rss: 59MB	attribute checking
time: 0.000; rss: 59MB	language item collection
time: 0.000; rss: 59MB	lifetime resolution
time: 0.000; rss: 59MB	looking for entry point
time: 0.000; rss: 59MB	looking for plugin registrar
time: 0.000; rss: 59MB	region resolution
time: 0.000; rss: 59MB	loop checking
time: 0.000; rss: 59MB	static item recursion checking
time: 0.000; rss: 59MB	compute_incremental_hashes_map
time: 0.000; rss: 59MB	load_dep_graph
time: 0.000; rss: 61MB	type collecting
time: 0.000; rss: 61MB	variance inference
time: 0.004; rss: 61MB	coherence checking
time: 0.000; rss: 61MB	wf checking
time: 0.000; rss: 63MB	item-types checking
time: 0.000; rss: 63MB	item-bodies checking
time: 0.000; rss: 63MB	drop-impl checking
time: 0.000; rss: 63MB	const checking
time: 0.000; rss: 63MB	privacy checking
time: 0.000; rss: 63MB	stability index
time: 0.000; rss: 63MB	intrinsic checking
time: 0.000; rss: 63MB	effect checking
time: 0.000; rss: 63MB	match checking
time: 0.000; rss: 63MB	liveness checking
time: 0.000; rss: 63MB	rvalue checking
time: 0.000; rss: 63MB	MIR dump
time: 0.000; rss: 63MB	MIR passes
time: 0.000; rss: 63MB	borrow checking
time: 0.000; rss: 63MB	reachability checking
time: 0.000; rss: 63MB	death checking
time: 0.000; rss: 63MB	stability checking
time: 0.000; rss: 63MB	unused lib feature checking
time: 0.000; rss: 63MB	lint checking
time: 0.001; rss: 63MB	resolving dependency formats
time: 0.000; rss: 63MB	Prepare MIR codegen passes
  time: 0.000; rss: 65MB	write metadata
  time: 0.001; rss: 65MB	translation item collection
  time: 0.000; rss: 65MB	codegen unit partitioning
  time: 0.000; rss: 67MB	internalize symbols
time: 0.011; rss: 67MB	translation
time: 0.000; rss: 67MB	assert dep graph
time: 0.000; rss: 67MB	serialize dep graph
  time: 0.000; rss: 67MB	llvm function passes [0]
  time: 0.000; rss: 67MB	llvm module passes [0]
  time: 0.002; rss: 70MB	codegen passes [0]
  time: 0.000; rss: 70MB	codegen passes [0]
time: 0.003; rss: 70MB	LLVM passes
time: 0.000; rss: 70MB	serialize work products
  time: 0.110; rss: 70MB	running linker
time: 0.110; rss: 70MB	linking
done
