commit b7e2157dbab228e491919094f012af3ff8ce530c
Merge: 1987131 c043a27
Author: bors <bors@rust-lang.org>
Date:   Fri Aug 26 19:05:11 2016 -0700

    Auto merge of #35542 - scottcarr:visitor_refactor, r=nikomatsakis
    
    [MIR] track Location in MirVisitor, combine Location
    
    All the users of MirVisitor::visit_statement implement their own statement index tracking.  This PR move the tracking into MirVisitor itself.
    
    Also, there were 2 separate implementations of Location that were identical.  This PR eliminates one of them.
rustc: ./syntex-0.42.2
cargo rustc -- -Ztime-passes -Zinput-stats
   Compiling libc v0.2.15
   Compiling unicode-xid v0.0.3
   Compiling winapi-build v0.1.1
   Compiling winapi v0.2.8
   Compiling bitflags v0.5.0
   Compiling log v0.3.6
   Compiling rustc-serialize v0.3.19
   Compiling kernel32-sys v0.2.2
   Compiling term v0.4.4
   Compiling syntex_pos v0.42.0
   Compiling syntex_errors v0.42.0
   Compiling syntex_syntax v0.42.0
   Compiling syntex v0.42.2
   Compiling incremental-syntex v0.1.0 (file:///root/benchmarks/syntex-0.42.2)
time: 0.000; rss: 42MB	parsing
Lines of code:             3
Pre-expansion node count:  8
time: 0.000; rss: 42MB	configuration
time: 0.000; rss: 42MB	recursion limit
time: 0.000; rss: 42MB	crate injection
time: 0.000; rss: 42MB	plugin loading
time: 0.000; rss: 42MB	plugin registration
time: 0.017; rss: 62MB	expansion
time: 0.000; rss: 62MB	maybe building test harness
time: 0.000; rss: 62MB	assigning node ids
Post-expansion node count: 68
time: 0.000; rss: 62MB	checking for inline asm in case the target doesn't support it
time: 0.000; rss: 62MB	complete gated feature checking
time: 0.000; rss: 62MB	collecting defs
time: 0.002; rss: 62MB	external crate/lib resolution
time: 0.000; rss: 62MB	early lint checks
time: 0.000; rss: 62MB	AST validation
time: 0.000; rss: 62MB	name resolution
time: 0.000; rss: 62MB	lowering ast -> hir
time: 0.000; rss: 62MB	indexing hir
time: 0.000; rss: 62MB	attribute checking
time: 0.000; rss: 62MB	language item collection
time: 0.000; rss: 62MB	lifetime resolution
time: 0.000; rss: 62MB	looking for entry point
time: 0.000; rss: 62MB	looking for plugin registrar
time: 0.000; rss: 62MB	region resolution
time: 0.000; rss: 62MB	loop checking
time: 0.000; rss: 62MB	static item recursion checking
time: 0.000; rss: 62MB	compute_incremental_hashes_map
time: 0.000; rss: 62MB	load_dep_graph
time: 0.000; rss: 62MB	type collecting
time: 0.000; rss: 62MB	variance inference
time: 0.004; rss: 66MB	coherence checking
time: 0.000; rss: 66MB	wf checking
time: 0.000; rss: 66MB	item-types checking
time: 0.000; rss: 66MB	item-bodies checking
time: 0.000; rss: 66MB	drop-impl checking
time: 0.000; rss: 66MB	const checking
time: 0.000; rss: 66MB	privacy checking
time: 0.000; rss: 66MB	stability index
time: 0.000; rss: 66MB	intrinsic checking
time: 0.000; rss: 66MB	effect checking
time: 0.000; rss: 66MB	match checking
time: 0.000; rss: 66MB	liveness checking
time: 0.000; rss: 66MB	rvalue checking
time: 0.000; rss: 66MB	MIR dump
time: 0.001; rss: 70MB	MIR passes
time: 0.000; rss: 70MB	borrow checking
time: 0.000; rss: 70MB	reachability checking
time: 0.000; rss: 70MB	death checking
time: 0.000; rss: 70MB	stability checking
time: 0.000; rss: 70MB	unused lib feature checking
time: 0.000; rss: 70MB	lint checking
time: 0.001; rss: 70MB	resolving dependency formats
time: 0.000; rss: 70MB	Prepare MIR codegen passes
  time: 0.000; rss: 70MB	write metadata
  time: 0.001; rss: 70MB	translation item collection
  time: 0.000; rss: 70MB	codegen unit partitioning
  time: 0.000; rss: 70MB	internalize symbols
time: 0.008; rss: 70MB	translation
time: 0.000; rss: 70MB	assert dep graph
time: 0.000; rss: 70MB	serialize dep graph
  time: 0.000; rss: 70MB	llvm function passes [0]
  time: 0.000; rss: 70MB	llvm module passes [0]
  time: 0.002; rss: 74MB	codegen passes [0]
  time: 0.000; rss: 74MB	codegen passes [0]
time: 0.003; rss: 74MB	LLVM passes
time: 0.000; rss: 74MB	serialize work products
  time: 0.107; rss: 74MB	running linker
time: 0.108; rss: 74MB	linking
done
