commit 0102127963098b7656f0213206908d6597018d5f
Merge: 71c06a5 1605254
Author: bors <bors@rust-lang.org>
Date:   Mon Dec 19 01:23:32 2016 +0000

    Auto merge of #38140 - jseyfried:proc_macro_visibility, r=nrc
    
    Require `#[proc_macro_derive]` functions to be `pub`
    
    r? @nrc
rustc: ./syntex-0.42.2
find . -name '*.rs' | xargs touch
RUSTFLAGS="-Z incremental=incr" \
    cargo rustc -p syntex_syntax  -- \
    -Ztime-passes -Zinput-stats -Z incremental-info
time: 0.092; rss: 75MB	parsing
Lines of code:             33687
Pre-expansion node count:  223115
time: 0.000; rss: 75MB	recursion limit
time: 0.000; rss: 75MB	crate injection
time: 0.000; rss: 75MB	plugin loading
time: 0.000; rss: 75MB	plugin registration
time: 0.250; rss: 151MB	expansion
time: 0.000; rss: 151MB	maybe building test harness
time: 0.007; rss: 151MB	maybe creating a macro crate
Post-expansion node count: 638863
time: 0.000; rss: 151MB	checking for inline asm in case the target doesn't support it
time: 0.013; rss: 151MB	complete gated feature checking
time: 0.025; rss: 151MB	early lint checks
time: 0.008; rss: 151MB	AST validation
time: 0.081; rss: 166MB	name resolution
time: 0.067; rss: 200MB	lowering ast -> hir
time: 0.011; rss: 192MB	indexing hir
time: 0.007; rss: 192MB	attribute checking
time: 0.002; rss: 154MB	language item collection
time: 0.013; rss: 156MB	lifetime resolution
time: 0.000; rss: 156MB	looking for entry point
time: 0.000; rss: 156MB	looking for plugin registrar
time: 0.051; rss: 177MB	region resolution
time: 0.009; rss: 177MB	loop checking
time: 0.002; rss: 177MB	static item recursion checking
time: 0.386; rss: 178MB	compute_incremental_hashes_map
time: 0.000; rss: 178MB	load_dep_graph
time: 0.010; rss: 178MB	stability index
time: 0.022; rss: 182MB	stability checking
time: 0.056; rss: 190MB	type collecting
time: 0.004; rss: 190MB	variance inference
time: 0.006; rss: 194MB	impl wf inference
time: 0.026; rss: 197MB	coherence checking
time: 0.087; rss: 200MB	wf checking
time: 0.198; rss: 208MB	item-types checking
time: 3.599; rss: 266MB	item-bodies checking
time: 0.000; rss: 266MB	drop-impl checking
time: 0.224; rss: 277MB	const checking
time: 0.069; rss: 277MB	privacy checking
time: 0.022; rss: 284MB	intrinsic checking
time: 0.016; rss: 284MB	effect checking
time: 0.051; rss: 284MB	match checking
time: 0.050; rss: 290MB	liveness checking
time: 0.183; rss: 292MB	rvalue checking
time: 0.375; rss: 482MB	MIR dump
  time: 0.061; rss: 483MB	SimplifyCfg
  time: 0.078; rss: 483MB	QualifyAndPromoteConstants
  time: 0.122; rss: 500MB	TypeckMir
  time: 0.004; rss: 500MB	SimplifyBranches
  time: 0.032; rss: 500MB	SimplifyCfg
time: 0.297; rss: 500MB	MIR cleanup and validation
time: 0.476; rss: 501MB	borrow checking
time: 0.024; rss: 501MB	reachability checking
time: 0.039; rss: 501MB	death checking
time: 0.000; rss: 501MB	unused lib feature checking
time: 0.181; rss: 501MB	lint checking
time: 0.000; rss: 501MB	resolving dependency formats
  time: 0.004; rss: 501MB	NoLandingPads
  time: 0.027; rss: 501MB	SimplifyCfg
  time: 0.065; rss: 509MB	EraseRegions
  time: 0.011; rss: 509MB	AddCallGuards
  time: 0.274; rss: 529MB	ElaborateDrops
  time: 0.004; rss: 529MB	NoLandingPads
  time: 0.054; rss: 529MB	SimplifyCfg
  time: 0.029; rss: 529MB	InstCombine
  time: 0.013; rss: 529MB	Deaggregator
  time: 0.004; rss: 529MB	CopyPropagation
  time: 0.035; rss: 529MB	SimplifyLocals
  time: 0.010; rss: 529MB	AddCallGuards
  time: 0.003; rss: 529MB	PreTrans
time: 0.534; rss: 529MB	MIR optimisations
  time: 0.068; rss: 538MB	write metadata
  time: 0.399; rss: 551MB	translation item collection
  time: 0.072; rss: 555MB	codegen unit partitioning
  time: 0.049; rss: 1457MB	internalize symbols
time: 11.970; rss: 1457MB	translation
time: 0.000; rss: 1457MB	assert dep graph
time: 1.407; rss: 1485MB	serialize dep graph
incremental: re-using 0 out of 50 modules
time: 0.001; rss: 1199MB	llvm function passes [1]
time: 0.000; rss: 1199MB	llvm module passes [1]
time: 0.001; rss: 1205MB	llvm function passes [0]
time: 0.000; rss: 1205MB	llvm module passes [0]
time: 0.002; rss: 1210MB	llvm function passes [3]
time: 0.000; rss: 1210MB	llvm module passes [3]
time: 0.002; rss: 1210MB	llvm function passes [2]
time: 0.000; rss: 1210MB	llvm module passes [2]
time: 0.002; rss: 1210MB	codegen passes [1]
time: 0.004; rss: 1212MB	llvm function passes [4]
time: 0.005; rss: 1212MB	codegen passes [0]
time: 0.002; rss: 1212MB	llvm module passes [4]
time: 0.001; rss: 1212MB	llvm function passes [0]
time: 0.000; rss: 1212MB	llvm module passes [0]
time: 0.009; rss: 1212MB	llvm function passes [6]
time: 0.011; rss: 1216MB	codegen passes [3]
time: 0.006; rss: 1216MB	llvm module passes [6]
time: 0.017; rss: 1216MB	llvm function passes [5]
time: 0.005; rss: 1216MB	llvm module passes [5]
time: 0.019; rss: 1227MB	codegen passes [0]
time: 0.000; rss: 1234MB	llvm function passes [43]
time: 0.000; rss: 1234MB	llvm module passes [43]
time: 0.001; rss: 1236MB	codegen passes [43]
time: 0.018; rss: 1238MB	llvm function passes [3]
time: 0.031; rss: 1240MB	codegen passes [2]
time: 0.000; rss: 1240MB	llvm function passes [2]
time: 0.000; rss: 1240MB	llvm module passes [2]
time: 0.007; rss: 1240MB	llvm module passes [3]
time: 0.014; rss: 1240MB	llvm function passes [42]
time: 0.011; rss: 1246MB	codegen passes [2]
time: 0.008; rss: 1246MB	llvm module passes [42]
time: 0.000; rss: 1251MB	llvm function passes [26]
time: 0.000; rss: 1251MB	llvm function passes [39]
time: 0.000; rss: 1251MB	llvm module passes [39]
time: 0.001; rss: 1251MB	codegen passes [39]
time: 0.003; rss: 1251MB	llvm module passes [26]
time: 0.028; rss: 1251MB	llvm function passes [0]
time: 0.004; rss: 1251MB	codegen passes [26]
time: 0.032; rss: 1259MB	llvm function passes [28]
time: 0.012; rss: 1259MB	llvm module passes [0]
time: 0.001; rss: 1259MB	llvm module passes [28]
time: 0.036; rss: 1267MB	llvm function passes [40]
time: 0.000; rss: 1267MB	llvm module passes [40]
time: 0.079; rss: 1267MB	codegen passes [4]
time: 0.071; rss: 1267MB	llvm function passes [47]
time: 0.066; rss: 1267MB	llvm function passes [43]
time: 0.013; rss: 1267MB	llvm function passes [4]
time: 0.022; rss: 1269MB	codegen passes [40]
time: 0.016; rss: 1271MB	llvm module passes [43]
time: 0.010; rss: 1275MB	llvm function passes [40]
time: 0.003; rss: 1275MB	llvm module passes [40]
time: 0.031; rss: 1279MB	llvm module passes [47]
time: 0.024; rss: 1279MB	llvm module passes [4]
time: 0.139; rss: 1280MB	llvm function passes [1]
time: 0.150; rss: 1286MB	llvm function passes [45]
time: 0.116; rss: 1286MB	llvm function passes [24]
time: 0.131; rss: 1286MB	llvm function passes [39]
time: 0.075; rss: 1300MB	llvm module passes [1]
time: 0.169; rss: 1300MB	llvm function passes [27]
time: 0.041; rss: 1304MB	llvm module passes [39]
time: 0.192; rss: 1304MB	llvm function passes [41]
time: 0.059; rss: 1306MB	llvm module passes [45]
time: 0.055; rss: 1306MB	llvm module passes [24]
time: 0.178; rss: 1310MB	codegen passes [28]
time: 0.066; rss: 1368MB	llvm module passes [27]
time: 0.209; rss: 1361MB	llvm function passes [37]
time: 0.282; rss: 1360MB	llvm function passes [44]
time: 0.076; rss: 1360MB	llvm function passes [22]
time: 0.002; rss: 1360MB	llvm module passes [22]
time: 0.176; rss: 1360MB	llvm function passes [23]
time: 0.269; rss: 1363MB	llvm function passes [26]
time: 0.004; rss: 1363MB	llvm function passes [19]
time: 0.120; rss: 1363MB	llvm function passes [34]
time: 0.027; rss: 1363MB	llvm module passes [23]
time: 0.057; rss: 1367MB	llvm function passes [31]
time: 0.016; rss: 1367MB	llvm module passes [19]
time: 0.346; rss: 1367MB	llvm function passes [7]
time: 0.265; rss: 1367MB	llvm function passes [36]
time: 0.057; rss: 1369MB	llvm module passes [37]
time: 0.013; rss: 1371MB	llvm module passes [31]
time: 0.142; rss: 1373MB	llvm module passes [41]
time: 0.055; rss: 1380MB	llvm module passes [34]
time: 0.102; rss: 1398MB	codegen passes [22]
time: 0.082; rss: 1400MB	llvm module passes [36]
time: 0.090; rss: 1400MB	codegen passes [19]
time: 0.033; rss: 1399MB	llvm function passes [15]
time: 0.132; rss: 1399MB	llvm module passes [44]
time: 0.118; rss: 1410MB	llvm module passes [26]
time: 0.389; rss: 1410MB	llvm function passes [25]
time: 0.015; rss: 1410MB	llvm module passes [15]
time: 0.405; rss: 1414MB	llvm function passes [38]
time: 0.142; rss: 1414MB	llvm module passes [7]
time: 0.210; rss: 1408MB	llvm function passes [30]
time: 0.158; rss: 1408MB	codegen passes [18]
time: 0.076; rss: 1413MB	llvm module passes [25]
time: 0.076; rss: 1415MB	llvm module passes [38]
time: 0.411; rss: 1417MB	llvm function passes [35]
time: 0.050; rss: 1408MB	llvm module passes [30]
time: 0.254; rss: 1410MB	llvm function passes [20]
time: 0.545; rss: 1412MB	llvm function passes [2]
time: 0.284; rss: 1412MB	llvm function passes [21]
time: 0.006; rss: 1416MB	llvm module passes [21]
time: 0.053; rss: 1416MB	llvm module passes [2]
time: 0.439; rss: 1423MB	llvm function passes [28]
time: 0.184; rss: 1422MB	codegen passes [15]
time: 0.493; rss: 1422MB	llvm function passes [33]
time: 0.160; rss: 1424MB	llvm module passes [35]
time: 0.387; rss: 1424MB	llvm function passes [29]
time: 0.188; rss: 1419MB	llvm module passes [20]
time: 0.067; rss: 1421MB	llvm module passes [33]
time: 0.069; rss: 1424MB	llvm module passes [29]
time: 0.753; rss: 1424MB	llvm function passes [46]
time: 0.832; rss: 1434MB	codegen passes [6]
time: 0.288; rss: 1442MB	llvm module passes [28]
time: 0.588; rss: 1450MB	llvm function passes [32]
time: 0.862; rss: 1440MB	codegen passes [40]
time: 0.533; rss: 1478MB	llvm module passes [46]
time: 0.339; rss: 1465MB	llvm module passes [32]
time: 1.350; rss: 1478MB	codegen passes [5]
time: 1.146; rss: 1469MB	codegen passes [37]
time: 1.573; rss: 1471MB	codegen passes [42]
time: 0.915; rss: 1501MB	codegen passes [21]
time: 1.623; rss: 1449MB	codegen passes [3]
time: 1.549; rss: 1461MB	codegen passes [4]
time: 1.756; rss: 1468MB	codegen passes [31]
time: 1.936; rss: 1458MB	codegen passes [0]
time: 1.651; rss: 1436MB	codegen passes [23]
time: 1.746; rss: 1436MB	codegen passes [47]
time: 1.908; rss: 1451MB	codegen passes [43]
time: 2.117; rss: 1482MB	codegen passes [34]
time: 1.952; rss: 1481MB	codegen passes [20]
time: 2.130; rss: 1493MB	codegen passes [2]
time: 2.502; rss: 1496MB	codegen passes [39]
time: 2.204; rss: 1497MB	codegen passes [30]
time: 2.571; rss: 1503MB	codegen passes [36]
time: 2.658; rss: 1494MB	codegen passes [27]
time: 3.075; rss: 1571MB	codegen passes [24]
time: 3.437; rss: 1620MB	codegen passes [45]
time: 3.067; rss: 1679MB	codegen passes [28]
time: 3.798; rss: 1665MB	codegen passes [26]
time: 3.920; rss: 1643MB	codegen passes [41]
time: 4.497; rss: 1677MB	codegen passes [1]
time: 4.028; rss: 1626MB	codegen passes [38]
time: 3.945; rss: 1602MB	codegen passes [29]
time: 4.500; rss: 1576MB	codegen passes [25]
time: 4.312; rss: 1566MB	codegen passes [32]
time: 4.441; rss: 1520MB	codegen passes [33]
time: 5.148; rss: 1490MB	codegen passes [44]
time: 4.733; rss: 1466MB	codegen passes [7]
time: 5.170; rss: 1389MB	codegen passes [35]
time: 4.977; rss: 1320MB	codegen passes [46]
time: 7.607; rss: 1319MB	LLVM passes
time: 0.000; rss: 1319MB	serialize work products
time: 1.064; rss: 291MB	linking
done
